#
# There is insufficient memory for the Java Runtime Environment to continue.
# Native memory allocation (malloc) failed to allocate 1446176 bytes for Chunk::new
# Possible reasons:
#   The system is out of physical RAM or swap space
#   The process is running with CompressedOops enabled, and the Java Heap may be blocking the growth of the native heap
# Possible solutions:
#   Reduce memory load on the system
#   Increase physical memory or swap space
#   Check if swap backing store is full
#   Decrease Java heap size (-Xmx/-Xms)
#   Decrease number of Java threads
#   Decrease Java thread stack sizes (-Xss)
#   Set larger code cache with -XX:ReservedCodeCacheSize=
#   JVM is running with Unscaled Compressed Oops mode in which the Java heap is
#     placed in the first 4GB address space. The Java Heap base address is the
#     maximum limit for the native heap growth. Please use -XX:HeapBaseMinAddress
#     to set the Java Heap base and to place the Java Heap above 4GB virtual address.
# This output file may be truncated or incomplete.
#
#  Out of Memory Error (arena.cpp:184), pid=14060, tid=14604
#
# JRE version: Java(TM) SE Runtime Environment (18.0.1.1+2) (build 18.0.1.1+2-6)
# Java VM: Java HotSpot(TM) 64-Bit Server VM (18.0.1.1+2-6, mixed mode, sharing, tiered, compressed oops, compressed class ptrs, g1 gc, windows-amd64)
# No core dump will be written. Minidumps are not enabled by default on client versions of Windows
#

---------------  S U M M A R Y ------------

Command Line: --add-opens=java.base/java.util=ALL-UNNAMED --add-opens=java.base/java.lang=ALL-UNNAMED --add-opens=java.base/java.lang.invoke=ALL-UNNAMED --add-opens=java.base/java.util=ALL-UNNAMED --add-opens=java.prefs/java.util.prefs=ALL-UNNAMED --add-opens=java.prefs/java.util.prefs=ALL-UNNAMED --add-opens=java.base/java.nio.charset=ALL-UNNAMED --add-opens=java.base/java.net=ALL-UNNAMED --add-opens=java.base/java.util.concurrent.atomic=ALL-UNNAMED -Xmx2048m -Dfile.encoding=UTF-8 -Duser.country=US -Duser.language=en -Duser.variant org.gradle.launcher.daemon.bootstrap.GradleDaemon 7.3.3

Host: Intel(R) Core(TM) i5-10300H CPU @ 2.50GHz, 8 cores, 7G,  Windows 11 , 64 bit Build 22000 (10.0.22000.708)
Time: Fri Jul 29 21:55:20 2022 Iran Daylight Time elapsed time: 9.335434 seconds (0d 0h 0m 9s)

---------------  T H R E A D  ---------------

Current thread (0x000001f26dc71710):  JavaThread "C2 CompilerThread0" daemon [_thread_in_native, id=14604, stack(0x000000b764000000,0x000000b764100000)]


Current CompileTask:
C2:   9335 11688       4       com.android.ide.common.blame.MergingLogPersistUtil$$Lambda$1344/0x0000000801807368::accept (12 bytes)

Stack: [0x000000b764000000,0x000000b764100000]
Native frames: (J=compiled Java code, j=interpreted, Vv=VM code, C=native code)
V  [jvm.dll+0x69887a]
V  [jvm.dll+0x7f38bd]
V  [jvm.dll+0x7f51ce]
V  [jvm.dll+0x7f5883]
V  [jvm.dll+0x25ca3f]
V  [jvm.dll+0xb8c2f]
V  [jvm.dll+0xb8fa5]
V  [jvm.dll+0x2c794f]
V  [jvm.dll+0x5a05b0]
V  [jvm.dll+0x238398]
V  [jvm.dll+0x2319c5]
V  [jvm.dll+0x22eeeb]
V  [jvm.dll+0x1b9cfc]
V  [jvm.dll+0x23e8ca]
V  [jvm.dll+0x23cbb5]
V  [jvm.dll+0x7a5fb1]
V  [jvm.dll+0x7a03ea]
V  [jvm.dll+0x697725]
C  [ucrtbase.dll+0x26c0c]
C  [KERNEL32.DLL+0x154e0]
C  [ntdll.dll+0x485b]


---------------  P R O C E S S  ---------------

Threads class SMR info:
_java_thread_list=0x000001f2778552b0, length=136, elements={
0x000001f24fa23970, 0x000001f26dc51510, 0x000001f26dc54090, 0x000001f26dc6c100,
0x000001f26dc6d9c0, 0x000001f26dc6e270, 0x000001f26dc6eb20, 0x000001f26dc71710,
0x000001f26dc80530, 0x000001f26dc8d220, 0x000001f2720aa8e0, 0x000001f2720adbe0,
0x000001f2720f3f00, 0x000001f273b85050, 0x000001f2735a2950, 0x000001f273744080,
0x000001f273676920, 0x000001f273591550, 0x000001f272c783a0, 0x000001f273596bc0,
0x000001f272bafa00, 0x000001f2738c0550, 0x000001f2738c0a20, 0x000001f2738c0080,
0x000001f2738c0ef0, 0x000001f2738c3570, 0x000001f2738c2bd0, 0x000001f2738c1890,
0x000001f2738c30a0, 0x000001f2738c1d60, 0x000001f2738c2230, 0x000001f2738c3a40,
0x000001f276dd0310, 0x000001f276dcf970, 0x000001f276dcfe40, 0x000001f276dd07e0,
0x000001f276dd3330, 0x000001f276dd3800, 0x000001f276dd1180, 0x000001f276dd1b20,
0x000001f276dd1ff0, 0x000001f276dcd7c0, 0x000001f276dd24c0, 0x000001f276dce630,
0x000001f276dd3cd0, 0x000001f276dd41a0, 0x000001f276dcc950, 0x000001f276dcce20,
0x000001f276dcd2f0, 0x000001f276dcdc90, 0x000001f276dcefd0, 0x000001f276dcf4a0,
0x000001f275943b80, 0x000001f2759431e0, 0x000001f275942840, 0x000001f275941030,
0x000001f275942d10, 0x000001f27593f820, 0x000001f27593ccd0, 0x000001f27593e010,
0x000001f27593e9b0, 0x000001f27593e4e0, 0x000001f275940b60, 0x000001f27593fcf0,
0x000001f2759401c0, 0x000001f275940690, 0x000001f275941500, 0x000001f2759436b0,
0x000001f27593f350, 0x000001f27593ee80, 0x000001f2759419d0, 0x000001f27593d1a0,
0x000001f275941ea0, 0x000001f275942370, 0x000001f275944050, 0x000001f27593db40,
0x000001f27593c800, 0x000001f27593d670, 0x000001f2746726f0, 0x000001f2746713b0,
0x000001f274671880, 0x000001f27466d050, 0x000001f27466d520, 0x000001f27466f200,
0x000001f27466b370, 0x000001f274670540, 0x000001f27466cb80, 0x000001f27466bd10,
0x000001f27466e390, 0x000001f274671d50, 0x000001f274670ee0, 0x000001f27466aea0,
0x000001f27466f6d0, 0x000001f274670a10, 0x000001f27466d9f0, 0x000001f27466fba0,
0x000001f274672220, 0x000001f27466b840, 0x000001f27466dec0, 0x000001f27466c1e0,
0x000001f27466c6b0, 0x000001f27466e860, 0x000001f274670070, 0x000001f27466ed30,
0x000001f2776a27e0, 0x000001f2776a3650, 0x000001f27769f7c0, 0x000001f2776a2cb0,
0x000001f2776a4e60, 0x000001f2776a3180, 0x000001f2776a0b00, 0x000001f27769fc90,
0x000001f2776a5800, 0x000001f2776a1970, 0x000001f2776a0fd0, 0x000001f27769ee20,
0x000001f2776a1e40, 0x000001f2776a44c0, 0x000001f2776a3b20, 0x000001f2776a3ff0,
0x000001f2776a4990, 0x000001f2776a5330, 0x000001f2776a5cd0, 0x000001f2776a61a0,
0x000001f27769f2f0, 0x000001f278614610, 0x000001f278615e20, 0x000001f278617160,
0x000001f278611ac0, 0x000001f278610780, 0x000001f278616c90, 0x000001f278610c50,
0x000001f278617630, 0x000001f278612930, 0x000001f2786132d0, 0x000001f2786115f0
}

Java Threads: ( => current thread )
  0x000001f24fa23970 JavaThread "main" [_thread_blocked, id=12300, stack(0x000000b763300000,0x000000b763400000)]
  0x000001f26dc51510 JavaThread "Reference Handler" daemon [_thread_blocked, id=15872, stack(0x000000b763a00000,0x000000b763b00000)]
  0x000001f26dc54090 JavaThread "Finalizer" daemon [_thread_blocked, id=6728, stack(0x000000b763b00000,0x000000b763c00000)]
  0x000001f26dc6c100 JavaThread "Signal Dispatcher" daemon [_thread_blocked, id=7608, stack(0x000000b763c00000,0x000000b763d00000)]
  0x000001f26dc6d9c0 JavaThread "Attach Listener" daemon [_thread_blocked, id=5816, stack(0x000000b763d00000,0x000000b763e00000)]
  0x000001f26dc6e270 JavaThread "Service Thread" daemon [_thread_blocked, id=10352, stack(0x000000b763e00000,0x000000b763f00000)]
  0x000001f26dc6eb20 JavaThread "Monitor Deflation Thread" daemon [_thread_blocked, id=5000, stack(0x000000b763f00000,0x000000b764000000)]
=>0x000001f26dc71710 JavaThread "C2 CompilerThread0" daemon [_thread_in_native, id=14604, stack(0x000000b764000000,0x000000b764100000)]
  0x000001f26dc80530 JavaThread "C1 CompilerThread0" daemon [_thread_blocked, id=9648, stack(0x000000b764100000,0x000000b764200000)]
  0x000001f26dc8d220 JavaThread "Sweeper thread" daemon [_thread_blocked, id=16028, stack(0x000000b764200000,0x000000b764300000)]
  0x000001f2720aa8e0 JavaThread "Common-Cleaner" daemon [_thread_blocked, id=11988, stack(0x000000b764300000,0x000000b764400000)]
  0x000001f2720adbe0 JavaThread "Notification Thread" daemon [_thread_blocked, id=6932, stack(0x000000b764400000,0x000000b764500000)]
  0x000001f2720f3f00 JavaThread "C2 CompilerThread1" daemon [_thread_in_native, id=14476, stack(0x000000b764600000,0x000000b764700000)]
  0x000001f273b85050 JavaThread "Daemon health stats" [_thread_blocked, id=11408, stack(0x000000b764b00000,0x000000b764c00000)]
  0x000001f2735a2950 JavaThread "Incoming local TCP Connector on port 59241" [_thread_in_native, id=11228, stack(0x000000b764c00000,0x000000b764d00000)]
  0x000001f273744080 JavaThread "Daemon periodic checks" [_thread_blocked, id=15460, stack(0x000000b764d00000,0x000000b764e00000)]
  0x000001f273676920 JavaThread "Daemon" [_thread_blocked, id=15668, stack(0x000000b764e00000,0x000000b764f00000)]
  0x000001f273591550 JavaThread "Handler for socket connection from /127.0.0.1:59241 to /127.0.0.1:59242" [_thread_in_native, id=5408, stack(0x000000b764f00000,0x000000b765000000)]
  0x000001f272c783a0 JavaThread "Cancel handler" [_thread_blocked, id=3140, stack(0x000000b765000000,0x000000b765100000)]
  0x000001f273596bc0 JavaThread "Daemon worker" [_thread_blocked, id=7340, stack(0x000000b765100000,0x000000b765200000)]
  0x000001f272bafa00 JavaThread "Asynchronous log dispatcher for DefaultDaemonConnection: socket connection from /127.0.0.1:59241 to /127.0.0.1:59242" [_thread_blocked, id=15076, stack(0x000000b765200000,0x000000b765300000)]
  0x000001f2738c0550 JavaThread "Stdin handler" [_thread_blocked, id=12596, stack(0x000000b765300000,0x000000b765400000)]
  0x000001f2738c0a20 JavaThread "Daemon client event forwarder" [_thread_blocked, id=14892, stack(0x000000b765400000,0x000000b765500000)]
  0x000001f2738c0080 JavaThread "Cache worker for journal cache (C:\Program Files\Java\jre1.8.0_333\caches\journal-1)" [_thread_blocked, id=15148, stack(0x000000b765500000,0x000000b765600000)]
  0x000001f2738c0ef0 JavaThread "File lock request listener" [_thread_in_native, id=15692, stack(0x000000b765600000,0x000000b765700000)]
  0x000001f2738c3570 JavaThread "Cache worker for file hash cache (C:\Program Files\Java\jre1.8.0_333\caches\7.3.3\fileHashes)" [_thread_blocked, id=11896, stack(0x000000b765700000,0x000000b765800000)]
  0x000001f2738c2bd0 JavaThread "Cache worker for file hash cache (D:\BatteryManager\.gradle\7.3.3\fileHashes)" [_thread_blocked, id=15040, stack(0x000000b765800000,0x000000b765900000)]
  0x000001f2738c1890 JavaThread "File watcher server" daemon [_thread_in_native, id=15996, stack(0x000000b765d00000,0x000000b765e00000)]
  0x000001f2738c30a0 JavaThread "File watcher consumer" daemon [_thread_blocked, id=7896, stack(0x000000b765e00000,0x000000b765f00000)]
  0x000001f2738c1d60 JavaThread "Cache worker for checksums cache (D:\BatteryManager\.gradle\7.3.3\checksums)" [_thread_blocked, id=6376, stack(0x000000b765f00000,0x000000b766000000)]
  0x000001f2738c2230 JavaThread "Cache worker for cache directory md-supplier (C:\Program Files\Java\jre1.8.0_333\caches\7.3.3\md-supplier)" [_thread_blocked, id=15868, stack(0x000000b766000000,0x000000b766100000)]
  0x000001f2738c3a40 JavaThread "Cache worker for cache directory md-rule (C:\Program Files\Java\jre1.8.0_333\caches\7.3.3\md-rule)" [_thread_blocked, id=6072, stack(0x000000b766200000,0x000000b766300000)]
  0x000001f276dd0310 JavaThread "Cache worker for execution history cache (C:\Program Files\Java\jre1.8.0_333\caches\7.3.3\executionHistory)" [_thread_blocked, id=9904, stack(0x000000b766300000,0x000000b766400000)]
  0x000001f276dcf970 JavaThread "jar transforms" [_thread_blocked, id=5948, stack(0x000000b766400000,0x000000b766500000)]
  0x000001f276dcfe40 JavaThread "Cache worker for file content cache (C:\Program Files\Java\jre1.8.0_333\caches\7.3.3\fileContent)" [_thread_blocked, id=952, stack(0x000000b766500000,0x000000b766600000)]
  0x000001f276dd07e0 JavaThread "jar transforms Thread 2" [_thread_blocked, id=5248, stack(0x000000b766600000,0x000000b766700000)]
  0x000001f276dd3330 JavaThread "Cache worker for dependencies-accessors (D:\BatteryManager\.gradle\7.3.3\dependencies-accessors)" [_thread_blocked, id=16220, stack(0x000000b766700000,0x000000b766800000)]
  0x000001f276dd3800 JavaThread "jar transforms Thread 3" [_thread_blocked, id=2332, stack(0x000000b766800000,0x000000b766900000)]
  0x000001f276dd1180 JavaThread "Cache worker for Build Output Cleanup Cache (D:\BatteryManager\.gradle\buildOutputCleanup)" [_thread_blocked, id=1120, stack(0x000000b766900000,0x000000b766a00000)]
  0x000001f276dd1b20 JavaThread "Unconstrained build operations" [_thread_blocked, id=2456, stack(0x000000b766a00000,0x000000b766b00000)]
  0x000001f276dd1ff0 JavaThread "Unconstrained build operations Thread 2" [_thread_blocked, id=16304, stack(0x000000b766b00000,0x000000b766c00000)]
  0x000001f276dcd7c0 JavaThread "Unconstrained build operations Thread 3" [_thread_blocked, id=16280, stack(0x000000b766c00000,0x000000b766d00000)]
  0x000001f276dd24c0 JavaThread "Unconstrained build operations Thread 4" [_thread_blocked, id=15888, stack(0x000000b766d00000,0x000000b766e00000)]
  0x000001f276dce630 JavaThread "Unconstrained build operations Thread 5" [_thread_blocked, id=1820, stack(0x000000b766e00000,0x000000b766f00000)]
  0x000001f276dd3cd0 JavaThread "Unconstrained build operations Thread 6" [_thread_blocked, id=7300, stack(0x000000b766f00000,0x000000b767000000)]
  0x000001f276dd41a0 JavaThread "Unconstrained build operations Thread 7" [_thread_blocked, id=12292, stack(0x000000b767000000,0x000000b767100000)]
  0x000001f276dcc950 JavaThread "Unconstrained build operations Thread 8" [_thread_blocked, id=5072, stack(0x000000b767100000,0x000000b767200000)]
  0x000001f276dcce20 JavaThread "Unconstrained build operations Thread 9" [_thread_blocked, id=8836, stack(0x000000b767200000,0x000000b767300000)]
  0x000001f276dcd2f0 JavaThread "Unconstrained build operations Thread 10" [_thread_blocked, id=16312, stack(0x000000b767300000,0x000000b767400000)]
  0x000001f276dcdc90 JavaThread "Unconstrained build operations Thread 11" [_thread_blocked, id=1044, stack(0x000000b767400000,0x000000b767500000)]
  0x000001f276dcefd0 JavaThread "Unconstrained build operations Thread 12" [_thread_blocked, id=16316, stack(0x000000b767500000,0x000000b767600000)]
  0x000001f276dcf4a0 JavaThread "Unconstrained build operations Thread 13" [_thread_blocked, id=7908, stack(0x000000b767600000,0x000000b767700000)]
  0x000001f275943b80 JavaThread "Unconstrained build operations Thread 14" [_thread_blocked, id=8500, stack(0x000000b767700000,0x000000b767800000)]
  0x000001f2759431e0 JavaThread "Unconstrained build operations Thread 15" [_thread_blocked, id=15276, stack(0x000000b767800000,0x000000b767900000)]
  0x000001f275942840 JavaThread "Unconstrained build operations Thread 16" [_thread_blocked, id=14880, stack(0x000000b767900000,0x000000b767a00000)]
  0x000001f275941030 JavaThread "Unconstrained build operations Thread 17" [_thread_blocked, id=1612, stack(0x000000b767a00000,0x000000b767b00000)]
  0x000001f275942d10 JavaThread "Unconstrained build operations Thread 18" [_thread_blocked, id=3820, stack(0x000000b767b00000,0x000000b767c00000)]
  0x000001f27593f820 JavaThread "Unconstrained build operations Thread 19" [_thread_blocked, id=5476, stack(0x000000b767c00000,0x000000b767d00000)]
  0x000001f27593ccd0 JavaThread "Unconstrained build operations Thread 20" [_thread_blocked, id=13500, stack(0x000000b767d00000,0x000000b767e00000)]
  0x000001f27593e010 JavaThread "Unconstrained build operations Thread 21" [_thread_blocked, id=15588, stack(0x000000b767e00000,0x000000b767f00000)]
  0x000001f27593e9b0 JavaThread "Unconstrained build operations Thread 22" [_thread_blocked, id=16204, stack(0x000000b767f00000,0x000000b768000000)]
  0x000001f27593e4e0 JavaThread "Unconstrained build operations Thread 23" [_thread_blocked, id=4428, stack(0x000000b768000000,0x000000b768100000)]
  0x000001f275940b60 JavaThread "Unconstrained build operations Thread 24" [_thread_blocked, id=2408, stack(0x000000b768100000,0x000000b768200000)]
  0x000001f27593fcf0 JavaThread "Unconstrained build operations Thread 25" [_thread_blocked, id=15132, stack(0x000000b768200000,0x000000b768300000)]
  0x000001f2759401c0 JavaThread "Unconstrained build operations Thread 26" [_thread_blocked, id=15196, stack(0x000000b768300000,0x000000b768400000)]
  0x000001f275940690 JavaThread "Unconstrained build operations Thread 27" [_thread_blocked, id=1284, stack(0x000000b768400000,0x000000b768500000)]
  0x000001f275941500 JavaThread "Unconstrained build operations Thread 28" [_thread_blocked, id=15612, stack(0x000000b768500000,0x000000b768600000)]
  0x000001f2759436b0 JavaThread "Unconstrained build operations Thread 29" [_thread_blocked, id=8700, stack(0x000000b768600000,0x000000b768700000)]
  0x000001f27593f350 JavaThread "Unconstrained build operations Thread 30" [_thread_blocked, id=10136, stack(0x000000b768700000,0x000000b768800000)]
  0x000001f27593ee80 JavaThread "Unconstrained build operations Thread 31" [_thread_blocked, id=1940, stack(0x000000b768800000,0x000000b768900000)]
  0x000001f2759419d0 JavaThread "Unconstrained build operations Thread 32" [_thread_blocked, id=16348, stack(0x000000b768900000,0x000000b768a00000)]
  0x000001f27593d1a0 JavaThread "Unconstrained build operations Thread 33" [_thread_blocked, id=10840, stack(0x000000b768a00000,0x000000b768b00000)]
  0x000001f275941ea0 JavaThread "Unconstrained build operations Thread 34" [_thread_blocked, id=9428, stack(0x000000b768b00000,0x000000b768c00000)]
  0x000001f275942370 JavaThread "Unconstrained build operations Thread 35" [_thread_blocked, id=14072, stack(0x000000b768c00000,0x000000b768d00000)]
  0x000001f275944050 JavaThread "Unconstrained build operations Thread 36" [_thread_blocked, id=14568, stack(0x000000b768d00000,0x000000b768e00000)]
  0x000001f27593db40 JavaThread "Unconstrained build operations Thread 37" [_thread_blocked, id=7560, stack(0x000000b768e00000,0x000000b768f00000)]
  0x000001f27593c800 JavaThread "Unconstrained build operations Thread 38" [_thread_blocked, id=15384, stack(0x000000b768f00000,0x000000b769000000)]
  0x000001f27593d670 JavaThread "Unconstrained build operations Thread 39" [_thread_blocked, id=13152, stack(0x000000b769000000,0x000000b769100000)]
  0x000001f2746726f0 JavaThread "Unconstrained build operations Thread 40" [_thread_blocked, id=16248, stack(0x000000b769100000,0x000000b769200000)]
  0x000001f2746713b0 JavaThread "Unconstrained build operations Thread 41" [_thread_blocked, id=3332, stack(0x000000b769200000,0x000000b769300000)]
  0x000001f274671880 JavaThread "Unconstrained build operations Thread 42" [_thread_blocked, id=9748, stack(0x000000b769300000,0x000000b769400000)]
  0x000001f27466d050 JavaThread "Unconstrained build operations Thread 43" [_thread_blocked, id=1744, stack(0x000000b769400000,0x000000b769500000)]
  0x000001f27466d520 JavaThread "Unconstrained build operations Thread 44" [_thread_blocked, id=9488, stack(0x000000b769500000,0x000000b769600000)]
  0x000001f27466f200 JavaThread "Unconstrained build operations Thread 45" [_thread_blocked, id=2528, stack(0x000000b769600000,0x000000b769700000)]
  0x000001f27466b370 JavaThread "Unconstrained build operations Thread 46" [_thread_blocked, id=6888, stack(0x000000b769700000,0x000000b769800000)]
  0x000001f274670540 JavaThread "Unconstrained build operations Thread 47" [_thread_blocked, id=7040, stack(0x000000b769800000,0x000000b769900000)]
  0x000001f27466cb80 JavaThread "Unconstrained build operations Thread 48" [_thread_blocked, id=3084, stack(0x000000b769900000,0x000000b769a00000)]
  0x000001f27466bd10 JavaThread "Unconstrained build operations Thread 49" [_thread_blocked, id=13488, stack(0x000000b769a00000,0x000000b769b00000)]
  0x000001f27466e390 JavaThread "Unconstrained build operations Thread 50" [_thread_blocked, id=15712, stack(0x000000b769b00000,0x000000b769c00000)]
  0x000001f274671d50 JavaThread "Unconstrained build operations Thread 51" [_thread_blocked, id=16040, stack(0x000000b769c00000,0x000000b769d00000)]
  0x000001f274670ee0 JavaThread "Unconstrained build operations Thread 52" [_thread_blocked, id=2900, stack(0x000000b769d00000,0x000000b769e00000)]
  0x000001f27466aea0 JavaThread "Unconstrained build operations Thread 53" [_thread_blocked, id=13380, stack(0x000000b769e00000,0x000000b769f00000)]
  0x000001f27466f6d0 JavaThread "Unconstrained build operations Thread 54" [_thread_blocked, id=7772, stack(0x000000b769f00000,0x000000b76a000000)]
  0x000001f274670a10 JavaThread "Unconstrained build operations Thread 55" [_thread_blocked, id=14792, stack(0x000000b76a000000,0x000000b76a100000)]
  0x000001f27466d9f0 JavaThread "Unconstrained build operations Thread 56" [_thread_blocked, id=15424, stack(0x000000b76a100000,0x000000b76a200000)]
  0x000001f27466fba0 JavaThread "Unconstrained build operations Thread 57" [_thread_blocked, id=15760, stack(0x000000b76a200000,0x000000b76a300000)]
  0x000001f274672220 JavaThread "Unconstrained build operations Thread 58" [_thread_blocked, id=14664, stack(0x000000b76a300000,0x000000b76a400000)]
  0x000001f27466b840 JavaThread "Unconstrained build operations Thread 59" [_thread_blocked, id=6284, stack(0x000000b76a400000,0x000000b76a500000)]
  0x000001f27466dec0 JavaThread "Unconstrained build operations Thread 60" [_thread_blocked, id=4760, stack(0x000000b76a500000,0x000000b76a600000)]
  0x000001f27466c1e0 JavaThread "Unconstrained build operations Thread 61" [_thread_blocked, id=5292, stack(0x000000b76a600000,0x000000b76a700000)]
  0x000001f27466c6b0 JavaThread "Unconstrained build operations Thread 62" [_thread_blocked, id=16380, stack(0x000000b76a700000,0x000000b76a800000)]
  0x000001f27466e860 JavaThread "Unconstrained build operations Thread 63" [_thread_blocked, id=5052, stack(0x000000b76a800000,0x000000b76a900000)]
  0x000001f274670070 JavaThread "Unconstrained build operations Thread 64" [_thread_blocked, id=8984, stack(0x000000b76a900000,0x000000b76aa00000)]
  0x000001f27466ed30 JavaThread "Unconstrained build operations Thread 65" [_thread_blocked, id=14808, stack(0x000000b76aa00000,0x000000b76ab00000)]
  0x000001f2776a27e0 JavaThread "Unconstrained build operations Thread 66" [_thread_blocked, id=2756, stack(0x000000b76ab00000,0x000000b76ac00000)]
  0x000001f2776a3650 JavaThread "Unconstrained build operations Thread 67" [_thread_blocked, id=4728, stack(0x000000b76ac00000,0x000000b76ad00000)]
  0x000001f27769f7c0 JavaThread "Unconstrained build operations Thread 68" [_thread_blocked, id=1676, stack(0x000000b76ad00000,0x000000b76ae00000)]
  0x000001f2776a2cb0 JavaThread "Unconstrained build operations Thread 69" [_thread_blocked, id=15568, stack(0x000000b76ae00000,0x000000b76af00000)]
  0x000001f2776a4e60 JavaThread "Unconstrained build operations Thread 70" [_thread_blocked, id=12712, stack(0x000000b76af00000,0x000000b76b000000)]
  0x000001f2776a3180 JavaThread "Unconstrained build operations Thread 71" [_thread_blocked, id=1000, stack(0x000000b76b000000,0x000000b76b100000)]
  0x000001f2776a0b00 JavaThread "Unconstrained build operations Thread 72" [_thread_blocked, id=6528, stack(0x000000b76b100000,0x000000b76b200000)]
  0x000001f27769fc90 JavaThread "Unconstrained build operations Thread 73" [_thread_blocked, id=7420, stack(0x000000b76b200000,0x000000b76b300000)]
  0x000001f2776a5800 JavaThread "Unconstrained build operations Thread 74" [_thread_blocked, id=16292, stack(0x000000b76b300000,0x000000b76b400000)]
  0x000001f2776a1970 JavaThread "Unconstrained build operations Thread 75" [_thread_blocked, id=16288, stack(0x000000b76b400000,0x000000b76b500000)]
  0x000001f2776a0fd0 JavaThread "Unconstrained build operations Thread 76" [_thread_blocked, id=15944, stack(0x000000b76b500000,0x000000b76b600000)]
  0x000001f27769ee20 JavaThread "Unconstrained build operations Thread 77" [_thread_blocked, id=6020, stack(0x000000b76b600000,0x000000b76b700000)]
  0x000001f2776a1e40 JavaThread "Unconstrained build operations Thread 78" [_thread_blocked, id=15608, stack(0x000000b76b700000,0x000000b76b800000)]
  0x000001f2776a44c0 JavaThread "Unconstrained build operations Thread 79" [_thread_blocked, id=11660, stack(0x000000b76b800000,0x000000b76b900000)]
  0x000001f2776a3b20 JavaThread "Unconstrained build operations Thread 80" [_thread_blocked, id=8564, stack(0x000000b76b900000,0x000000b76ba00000)]
  0x000001f2776a3ff0 JavaThread "jar transforms Thread 4" [_thread_blocked, id=15656, stack(0x000000b76ba00000,0x000000b76bb00000)]
  0x000001f2776a4990 JavaThread "jar transforms Thread 5" [_thread_blocked, id=2144, stack(0x000000b76bb00000,0x000000b76bc00000)]
  0x000001f2776a5330 JavaThread "jar transforms Thread 6" [_thread_blocked, id=16132, stack(0x000000b76bc00000,0x000000b76bd00000)]
  0x000001f2776a5cd0 JavaThread "jar transforms Thread 7" [_thread_blocked, id=12980, stack(0x000000b76bd00000,0x000000b76be00000)]
  0x000001f2776a61a0 JavaThread "jar transforms Thread 8" [_thread_blocked, id=14652, stack(0x000000b76be00000,0x000000b76bf00000)]
  0x000001f27769f2f0 JavaThread "Memory manager" [_thread_blocked, id=13684, stack(0x000000b76bf00000,0x000000b76c000000)]
  0x000001f278614610 JavaThread "build event listener" [_thread_blocked, id=9300, stack(0x000000b765c00000,0x000000b765d00000)]
  0x000001f278615e20 JavaThread "pool-3-thread-1" [_thread_blocked, id=7852, stack(0x000000b76c000000,0x000000b76c100000)]
  0x000001f278617160 JavaThread "build event listener" [_thread_blocked, id=14804, stack(0x000000b76c100000,0x000000b76c200000)]
  0x000001f278611ac0 JavaThread "Execution worker for ':'" [_thread_blocked, id=15176, stack(0x000000b76c200000,0x000000b76c300000)]
  0x000001f278610780 JavaThread "Execution worker for ':' Thread 2" [_thread_blocked, id=3388, stack(0x000000b76c300000,0x000000b76c400000)]
  0x000001f278616c90 JavaThread "Execution worker for ':' Thread 3" [_thread_blocked, id=5244, stack(0x000000b76c400000,0x000000b76c500000)]
  0x000001f278610c50 JavaThread "Execution worker for ':' Thread 4" [_thread_blocked, id=15072, stack(0x000000b76c500000,0x000000b76c600000)]
  0x000001f278617630 JavaThread "Execution worker for ':' Thread 5" [_thread_in_Java, id=15092, stack(0x000000b76c600000,0x000000b76c700000)]
  0x000001f278612930 JavaThread "Execution worker for ':' Thread 6" [_thread_blocked, id=15708, stack(0x000000b76c700000,0x000000b76c800000)]
  0x000001f2786132d0 JavaThread "Execution worker for ':' Thread 7" [_thread_blocked, id=15840, stack(0x000000b76c800000,0x000000b76c900000)]
  0x000001f2786115f0 JavaThread "Cache worker for execution history cache (D:\BatteryManager\.gradle\7.3.3\executionHistory)" [_thread_blocked, id=11516, stack(0x000000b76c900000,0x000000b76ca00000)]

Other Threads:
  0x000001f24faa2ae0 VMThread "VM Thread" [stack: 0x000000b763900000,0x000000b763a00000] [id=15408]
  0x000001f2720b0ad0 WatcherThread "VM Periodic Task Thread" [stack: 0x000000b764500000,0x000000b764600000] [id=16352]
  0x000001f24fa86900 WorkerThread "GC Thread#0" [stack: 0x000000b763400000,0x000000b763500000] [id=6740]
  0x000001f272bbd2f0 WorkerThread "GC Thread#1" [stack: 0x000000b764700000,0x000000b764800000] [id=10924]
  0x000001f272bbd590 WorkerThread "GC Thread#2" [stack: 0x000000b764800000,0x000000b764900000] [id=6900]
  0x000001f272c3ec40 WorkerThread "GC Thread#3" [stack: 0x000000b764900000,0x000000b764a00000] [id=15128]
  0x000001f27319dec0 WorkerThread "GC Thread#4" [stack: 0x000000b764a00000,0x000000b764b00000] [id=12480]
  0x000001f273ad4cd0 WorkerThread "GC Thread#5" [stack: 0x000000b765900000,0x000000b765a00000] [id=5872]
  0x000001f273ad6710 WorkerThread "GC Thread#6" [stack: 0x000000b765a00000,0x000000b765b00000] [id=15592]
  0x000001f273ad5750 WorkerThread "GC Thread#7" [stack: 0x000000b765b00000,0x000000b765c00000] [id=15748]
  0x000001f24fa97640 ConcurrentGCThread "G1 Main Marker" [stack: 0x000000b763500000,0x000000b763600000] [id=2196]
  0x000001f24fa985e0 WorkerThread "G1 Conc#0" [stack: 0x000000b763600000,0x000000b763700000] [id=1172]
  0x000001f273ad5210 WorkerThread "G1 Conc#1" [stack: 0x000000b766100000,0x000000b766200000] [id=10132]
  0x000001f24fae6730 ConcurrentGCThread "G1 Refine#0" [stack: 0x000000b763700000,0x000000b763800000] [id=6004]
  0x000001f2769e9760 ConcurrentGCThread "G1 Refine#1" [stack: 0x000000b76ca00000,0x000000b76cb00000] [id=7644]
  0x000001f2769e80e0 ConcurrentGCThread "G1 Refine#2" [stack: 0x000000b76cb00000,0x000000b76cc00000] [id=16236]
  0x000001f2769e83b0 ConcurrentGCThread "G1 Refine#3" [stack: 0x000000b76cc00000,0x000000b76cd00000] [id=9548]
  0x000001f24fae6f50 ConcurrentGCThread "G1 Service" [stack: 0x000000b763800000,0x000000b763900000] [id=15912]

Threads with active compile tasks:
C2 CompilerThread0     9356 11688       4       com.android.ide.common.blame.MergingLogPersistUtil$$Lambda$1344/0x0000000801807368::accept (12 bytes)
C2 CompilerThread1     9356 11750       4       com.android.ide.common.resources.NodeUtils::updateNamespace (161 bytes)

VM state: not at safepoint (normal execution)

VM Mutex/Monitor currently owned by a thread: None

Heap address: 0x0000000080000000, size: 2048 MB, Compressed Oops mode: 32-bit

CDS archive(s) mapped at: [0x0000000800000000-0x0000000800ba0000-0x0000000800ba0000), size 12189696, SharedBaseAddress: 0x0000000800000000, ArchiveRelocationMode: 0.
Compressed class space mapped at: 0x0000000800c00000-0x0000000840c00000, reserved size: 1073741824
Narrow klass base: 0x0000000800000000, Narrow klass shift: 0, Narrow klass range: 0x100000000

GC Precious Log:
 CardTable entry size: 512
 Card Set container configuration: InlinePtr #cards 5 size 8 Array Of Cards #cards 12 size 40 Howl #buckets 4 coarsen threshold 1843 Howl Bitmap #cards 512 size 80 coarsen threshold 460 Card regions per heap region 1 cards per card region 2048
 CPUs: 8 total, 8 available
 Memory: 8023M
 Large Page Support: Disabled
 NUMA Support: Disabled
 Compressed Oops: Enabled (32-bit)
 Heap Region Size: 1M
 Heap Min Capacity: 8M
 Heap Initial Capacity: 126M
 Heap Max Capacity: 2G
 Pre-touch: Disabled
 Parallel Workers: 8
 Concurrent Workers: 2
 Concurrent Refinement Workers: 8
 Periodic GC: Disabled

Heap:
 garbage-first heap   total 230400K, used 115356K [0x0000000080000000, 0x0000000100000000)
  region size 1024K, 17 young (17408K), 11 survivors (11264K)
 Metaspace       used 84031K, committed 85824K, reserved 1179648K
  class space    used 11353K, committed 12288K, reserved 1048576K

Heap Regions: E=young(eden), S=young(survivor), O=old, HS=humongous(starts), HC=humongous(continues), CS=collection set, F=free, OA=open archive, CA=closed archive, TAMS=top-at-mark-start (previous, next)
|   0|0x0000000080000000, 0x0000000080100000, 0x0000000080100000|100%| O|  |TAMS 0x0000000080100000, 0x0000000080000000| Untracked 
|   1|0x0000000080100000, 0x0000000080200000, 0x0000000080200000|100%| O|  |TAMS 0x0000000080200000, 0x0000000080100000| Untracked 
|   2|0x0000000080200000, 0x0000000080300000, 0x0000000080300000|100%| O|  |TAMS 0x0000000080300000, 0x0000000080200000| Untracked 
|   3|0x0000000080300000, 0x0000000080400000, 0x0000000080400000|100%|HS|  |TAMS 0x0000000080400000, 0x0000000080300000| Complete 
|   4|0x0000000080400000, 0x0000000080500000, 0x0000000080500000|100%|HC|  |TAMS 0x0000000080500000, 0x0000000080400000| Complete 
|   5|0x0000000080500000, 0x0000000080600000, 0x0000000080600000|100%|HC|  |TAMS 0x0000000080600000, 0x0000000080500000| Complete 
|   6|0x0000000080600000, 0x0000000080700000, 0x0000000080700000|100%| O|  |TAMS 0x0000000080700000, 0x0000000080600000| Untracked 
|   7|0x0000000080700000, 0x0000000080800000, 0x0000000080800000|100%| O|  |TAMS 0x0000000080800000, 0x0000000080700000| Untracked 
|   8|0x0000000080800000, 0x0000000080900000, 0x0000000080900000|100%| O|  |TAMS 0x0000000080900000, 0x0000000080800000| Untracked 
|   9|0x0000000080900000, 0x0000000080a00000, 0x0000000080a00000|100%| O|  |TAMS 0x0000000080a00000, 0x0000000080900000| Untracked 
|  10|0x0000000080a00000, 0x0000000080b00000, 0x0000000080b00000|100%| O|  |TAMS 0x0000000080b00000, 0x0000000080a00000| Untracked 
|  11|0x0000000080b00000, 0x0000000080c00000, 0x0000000080c00000|100%| O|  |TAMS 0x0000000080c00000, 0x0000000080b00000| Untracked 
|  12|0x0000000080c00000, 0x0000000080d00000, 0x0000000080d00000|100%| O|  |TAMS 0x0000000080d00000, 0x0000000080c00000| Untracked 
|  13|0x0000000080d00000, 0x0000000080e00000, 0x0000000080e00000|100%| O|  |TAMS 0x0000000080e00000, 0x0000000080d00000| Untracked 
|  14|0x0000000080e00000, 0x0000000080f00000, 0x0000000080f00000|100%| O|  |TAMS 0x0000000080f00000, 0x0000000080e00000| Untracked 
|  15|0x0000000080f00000, 0x0000000081000000, 0x0000000081000000|100%| O|  |TAMS 0x0000000081000000, 0x0000000080f00000| Untracked 
|  16|0x0000000081000000, 0x0000000081100000, 0x0000000081100000|100%| O|  |TAMS 0x0000000081100000, 0x0000000081000000| Untracked 
|  17|0x0000000081100000, 0x0000000081200000, 0x0000000081200000|100%| O|  |TAMS 0x0000000081200000, 0x0000000081100000| Untracked 
|  18|0x0000000081200000, 0x0000000081300000, 0x0000000081300000|100%| O|  |TAMS 0x0000000081300000, 0x0000000081200000| Untracked 
|  19|0x0000000081300000, 0x0000000081400000, 0x0000000081400000|100%|HS|  |TAMS 0x0000000081300000, 0x0000000081300000| Complete 
|  20|0x0000000081400000, 0x0000000081500000, 0x0000000081500000|100%| O|  |TAMS 0x0000000081500000, 0x0000000081400000| Untracked 
|  21|0x0000000081500000, 0x0000000081600000, 0x0000000081600000|100%| O|  |TAMS 0x0000000081600000, 0x0000000081500000| Untracked 
|  22|0x0000000081600000, 0x0000000081700000, 0x0000000081700000|100%| O|  |TAMS 0x0000000081700000, 0x0000000081600000| Untracked 
|  23|0x0000000081700000, 0x0000000081800000, 0x0000000081800000|100%| O|  |TAMS 0x0000000081800000, 0x0000000081700000| Untracked 
|  24|0x0000000081800000, 0x0000000081900000, 0x0000000081900000|100%| O|  |TAMS 0x0000000081900000, 0x0000000081800000| Untracked 
|  25|0x0000000081900000, 0x0000000081a00000, 0x0000000081a00000|100%| O|  |TAMS 0x0000000081a00000, 0x0000000081900000| Untracked 
|  26|0x0000000081a00000, 0x0000000081b00000, 0x0000000081b00000|100%| O|  |TAMS 0x0000000081b00000, 0x0000000081a00000| Untracked 
|  27|0x0000000081b00000, 0x0000000081c00000, 0x0000000081c00000|100%| O|  |TAMS 0x0000000081c00000, 0x0000000081b00000| Untracked 
|  28|0x0000000081c00000, 0x0000000081d00000, 0x0000000081d00000|100%| O|  |TAMS 0x0000000081d00000, 0x0000000081c00000| Untracked 
|  29|0x0000000081d00000, 0x0000000081e00000, 0x0000000081e00000|100%|HS|  |TAMS 0x0000000081e00000, 0x0000000081d00000| Complete 
|  30|0x0000000081e00000, 0x0000000081f00000, 0x0000000081f00000|100%|HS|  |TAMS 0x0000000081f00000, 0x0000000081e00000| Complete 
|  31|0x0000000081f00000, 0x0000000082000000, 0x0000000082000000|100%|HS|  |TAMS 0x0000000082000000, 0x0000000081f00000| Complete 
|  32|0x0000000082000000, 0x0000000082100000, 0x0000000082100000|100%| O|  |TAMS 0x0000000082100000, 0x0000000082000000| Untracked 
|  33|0x0000000082100000, 0x0000000082200000, 0x0000000082200000|100%| O|  |TAMS 0x0000000082200000, 0x0000000082100000| Untracked 
|  34|0x0000000082200000, 0x0000000082300000, 0x0000000082300000|100%|HS|  |TAMS 0x0000000082300000, 0x0000000082200000| Complete 
|  35|0x0000000082300000, 0x0000000082400000, 0x0000000082400000|100%|HC|  |TAMS 0x0000000082400000, 0x0000000082300000| Complete 
|  36|0x0000000082400000, 0x0000000082500000, 0x0000000082500000|100%|HC|  |TAMS 0x0000000082500000, 0x0000000082400000| Complete 
|  37|0x0000000082500000, 0x0000000082600000, 0x0000000082600000|100%|HS|  |TAMS 0x0000000082600000, 0x0000000082500000| Complete 
|  38|0x0000000082600000, 0x0000000082700000, 0x0000000082700000|100%|HC|  |TAMS 0x0000000082700000, 0x0000000082600000| Complete 
|  39|0x0000000082700000, 0x0000000082800000, 0x0000000082800000|100%| O|  |TAMS 0x0000000082800000, 0x0000000082700000| Untracked 
|  40|0x0000000082800000, 0x0000000082900000, 0x0000000082900000|100%| O|  |TAMS 0x0000000082900000, 0x0000000082800000| Untracked 
|  41|0x0000000082900000, 0x0000000082a00000, 0x0000000082a00000|100%| O|  |TAMS 0x0000000082a00000, 0x0000000082900000| Untracked 
|  42|0x0000000082a00000, 0x0000000082b00000, 0x0000000082b00000|100%| O|  |TAMS 0x0000000082b00000, 0x0000000082a00000| Untracked 
|  43|0x0000000082b00000, 0x0000000082c00000, 0x0000000082c00000|100%| O|  |TAMS 0x0000000082c00000, 0x0000000082b00000| Untracked 
|  44|0x0000000082c00000, 0x0000000082d00000, 0x0000000082d00000|100%| O|  |TAMS 0x0000000082d00000, 0x0000000082c00000| Untracked 
|  45|0x0000000082d00000, 0x0000000082e00000, 0x0000000082e00000|100%| O|  |TAMS 0x0000000082e00000, 0x0000000082d00000| Untracked 
|  46|0x0000000082e00000, 0x0000000082f00000, 0x0000000082f00000|100%| O|  |TAMS 0x0000000082f00000, 0x0000000082e00000| Untracked 
|  47|0x0000000082f00000, 0x0000000083000000, 0x0000000083000000|100%| O|  |TAMS 0x0000000083000000, 0x0000000082f00000| Untracked 
|  48|0x0000000083000000, 0x0000000083100000, 0x0000000083100000|100%| O|  |TAMS 0x0000000083100000, 0x0000000083000000| Untracked 
|  49|0x0000000083100000, 0x0000000083200000, 0x0000000083200000|100%| O|  |TAMS 0x0000000083200000, 0x0000000083100000| Untracked 
|  50|0x0000000083200000, 0x0000000083300000, 0x0000000083300000|100%| O|  |TAMS 0x0000000083300000, 0x0000000083200000| Untracked 
|  51|0x0000000083300000, 0x0000000083400000, 0x0000000083400000|100%| O|  |TAMS 0x0000000083400000, 0x0000000083300000| Untracked 
|  52|0x0000000083400000, 0x0000000083500000, 0x0000000083500000|100%| O|  |TAMS 0x0000000083500000, 0x0000000083400000| Untracked 
|  53|0x0000000083500000, 0x0000000083600000, 0x0000000083600000|100%| O|  |TAMS 0x0000000083600000, 0x0000000083500000| Untracked 
|  54|0x0000000083600000, 0x0000000083700000, 0x0000000083700000|100%| O|  |TAMS 0x0000000083700000, 0x0000000083600000| Untracked 
|  55|0x0000000083700000, 0x0000000083800000, 0x0000000083800000|100%| O|  |TAMS 0x0000000083800000, 0x0000000083700000| Untracked 
|  56|0x0000000083800000, 0x0000000083900000, 0x0000000083900000|100%| O|  |TAMS 0x0000000083900000, 0x0000000083800000| Untracked 
|  57|0x0000000083900000, 0x0000000083a00000, 0x0000000083a00000|100%| O|  |TAMS 0x0000000083a00000, 0x0000000083900000| Untracked 
|  58|0x0000000083a00000, 0x0000000083b00000, 0x0000000083b00000|100%| O|  |TAMS 0x0000000083b00000, 0x0000000083a00000| Untracked 
|  59|0x0000000083b00000, 0x0000000083c00000, 0x0000000083c00000|100%| O|  |TAMS 0x0000000083c00000, 0x0000000083b00000| Untracked 
|  60|0x0000000083c00000, 0x0000000083d00000, 0x0000000083d00000|100%| O|  |TAMS 0x0000000083d00000, 0x0000000083c00000| Untracked 
|  61|0x0000000083d00000, 0x0000000083e00000, 0x0000000083e00000|100%| O|  |TAMS 0x0000000083e00000, 0x0000000083d00000| Untracked 
|  62|0x0000000083e00000, 0x0000000083f00000, 0x0000000083f00000|100%| O|  |TAMS 0x0000000083f00000, 0x0000000083e00000| Untracked 
|  63|0x0000000083f00000, 0x0000000084000000, 0x0000000084000000|100%| O|  |TAMS 0x0000000084000000, 0x0000000083f00000| Untracked 
|  64|0x0000000084000000, 0x0000000084100000, 0x0000000084100000|100%| O|  |TAMS 0x0000000084100000, 0x0000000084000000| Untracked 
|  65|0x0000000084100000, 0x0000000084200000, 0x0000000084200000|100%| O|  |TAMS 0x0000000084200000, 0x0000000084100000| Untracked 
|  66|0x0000000084200000, 0x0000000084300000, 0x0000000084300000|100%| O|  |TAMS 0x0000000084300000, 0x0000000084200000| Untracked 
|  67|0x0000000084300000, 0x0000000084400000, 0x0000000084400000|100%| O|  |TAMS 0x0000000084307a00, 0x0000000084300000| Untracked 
|  68|0x0000000084400000, 0x0000000084500000, 0x0000000084500000|100%| O|  |TAMS 0x0000000084400000, 0x0000000084400000| Untracked 
|  69|0x0000000084500000, 0x0000000084600000, 0x0000000084600000|100%| O|  |TAMS 0x0000000084500000, 0x0000000084500000| Untracked 
|  70|0x0000000084600000, 0x0000000084700000, 0x0000000084700000|100%| O|  |TAMS 0x0000000084600000, 0x0000000084600000| Untracked 
|  71|0x0000000084700000, 0x0000000084800000, 0x0000000084800000|100%| O|  |TAMS 0x0000000084700000, 0x0000000084700000| Untracked 
|  72|0x0000000084800000, 0x0000000084900000, 0x0000000084900000|100%| O|  |TAMS 0x0000000084800000, 0x0000000084800000| Untracked 
|  73|0x0000000084900000, 0x0000000084a00000, 0x0000000084a00000|100%| O|  |TAMS 0x0000000084900000, 0x0000000084900000| Untracked 
|  74|0x0000000084a00000, 0x0000000084b00000, 0x0000000084b00000|100%| O|  |TAMS 0x0000000084a00000, 0x0000000084a00000| Untracked 
|  75|0x0000000084b00000, 0x0000000084c00000, 0x0000000084c00000|100%| O|  |TAMS 0x0000000084b00000, 0x0000000084b00000| Untracked 
|  76|0x0000000084c00000, 0x0000000084d00000, 0x0000000084d00000|100%| O|  |TAMS 0x0000000084c00000, 0x0000000084c00000| Untracked 
|  77|0x0000000084d00000, 0x0000000084e00000, 0x0000000084e00000|100%| O|  |TAMS 0x0000000084d00000, 0x0000000084d00000| Untracked 
|  78|0x0000000084e00000, 0x0000000084e00000, 0x0000000084f00000|  0%| F|  |TAMS 0x0000000084e00000, 0x0000000084e00000| Untracked 
|  79|0x0000000084f00000, 0x0000000085000000, 0x0000000085000000|100%|HS|  |TAMS 0x0000000084f00000, 0x0000000084f00000| Complete 
|  80|0x0000000085000000, 0x0000000085100000, 0x0000000085100000|100%|HS|  |TAMS 0x0000000085000000, 0x0000000085000000| Complete 
|  81|0x0000000085100000, 0x0000000085200000, 0x0000000085200000|100%|HC|  |TAMS 0x0000000085100000, 0x0000000085100000| Complete 
|  82|0x0000000085200000, 0x0000000085200000, 0x0000000085300000|  0%| F|  |TAMS 0x0000000085200000, 0x0000000085200000| Untracked 
|  83|0x0000000085300000, 0x0000000085300000, 0x0000000085400000|  0%| F|  |TAMS 0x0000000085300000, 0x0000000085300000| Untracked 
|  84|0x0000000085400000, 0x0000000085400000, 0x0000000085500000|  0%| F|  |TAMS 0x0000000085400000, 0x0000000085400000| Untracked 
|  85|0x0000000085500000, 0x0000000085500000, 0x0000000085600000|  0%| F|  |TAMS 0x0000000085500000, 0x0000000085500000| Untracked 
|  86|0x0000000085600000, 0x0000000085600000, 0x0000000085700000|  0%| F|  |TAMS 0x0000000085600000, 0x0000000085600000| Untracked 
|  87|0x0000000085700000, 0x0000000085700000, 0x0000000085800000|  0%| F|  |TAMS 0x0000000085700000, 0x0000000085700000| Untracked 
|  88|0x0000000085800000, 0x0000000085900000, 0x0000000085900000|100%| O|  |TAMS 0x0000000085800000, 0x0000000085800000| Untracked 
|  89|0x0000000085900000, 0x0000000085a00000, 0x0000000085a00000|100%| O|  |TAMS 0x0000000085900000, 0x0000000085900000| Untracked 
|  90|0x0000000085a00000, 0x0000000085b00000, 0x0000000085b00000|100%| O|  |TAMS 0x0000000085a00000, 0x0000000085a00000| Untracked 
|  91|0x0000000085b00000, 0x0000000085c00000, 0x0000000085c00000|100%| O|  |TAMS 0x0000000085b00000, 0x0000000085b00000| Untracked 
|  92|0x0000000085c00000, 0x0000000085d00000, 0x0000000085d00000|100%| O|  |TAMS 0x0000000085c00000, 0x0000000085c00000| Untracked 
|  93|0x0000000085d00000, 0x0000000085e00000, 0x0000000085e00000|100%| O|  |TAMS 0x0000000085d00000, 0x0000000085d00000| Untracked 
|  94|0x0000000085e00000, 0x0000000085f00000, 0x0000000085f00000|100%| O|  |TAMS 0x0000000085e00000, 0x0000000085e00000| Untracked 
|  95|0x0000000085f00000, 0x0000000086000000, 0x0000000086000000|100%| O|  |TAMS 0x0000000085f00000, 0x0000000085f00000| Untracked 
|  96|0x0000000086000000, 0x0000000086100000, 0x0000000086100000|100%| O|  |TAMS 0x0000000086000000, 0x0000000086000000| Untracked 
|  97|0x0000000086100000, 0x0000000086200000, 0x0000000086200000|100%| O|  |TAMS 0x0000000086100000, 0x0000000086100000| Untracked 
|  98|0x0000000086200000, 0x0000000086300000, 0x0000000086300000|100%| O|  |TAMS 0x0000000086200000, 0x0000000086200000| Untracked 
|  99|0x0000000086300000, 0x0000000086400000, 0x0000000086400000|100%| O|  |TAMS 0x0000000086300000, 0x0000000086300000| Untracked 
| 100|0x0000000086400000, 0x0000000086500000, 0x0000000086500000|100%| O|  |TAMS 0x0000000086400000, 0x0000000086400000| Untracked 
| 101|0x0000000086500000, 0x0000000086600000, 0x0000000086600000|100%| O|  |TAMS 0x0000000086500000, 0x0000000086500000| Untracked 
| 102|0x0000000086600000, 0x0000000086700000, 0x0000000086700000|100%| O|  |TAMS 0x0000000086600000, 0x0000000086600000| Untracked 
| 103|0x0000000086700000, 0x0000000086800000, 0x0000000086800000|100%| O|  |TAMS 0x0000000086700000, 0x0000000086700000| Untracked 
| 104|0x0000000086800000, 0x00000000868a7000, 0x0000000086900000| 65%| O|  |TAMS 0x0000000086800000, 0x0000000086800000| Untracked 
| 105|0x0000000086900000, 0x0000000086900000, 0x0000000086a00000|  0%| F|  |TAMS 0x0000000086900000, 0x0000000086900000| Untracked 
| 106|0x0000000086a00000, 0x0000000086a00000, 0x0000000086b00000|  0%| F|  |TAMS 0x0000000086a00000, 0x0000000086a00000| Untracked 
| 107|0x0000000086b00000, 0x0000000086b00000, 0x0000000086c00000|  0%| F|  |TAMS 0x0000000086b00000, 0x0000000086b00000| Untracked 
| 108|0x0000000086c00000, 0x0000000086c00000, 0x0000000086d00000|  0%| F|  |TAMS 0x0000000086c00000, 0x0000000086c00000| Untracked 
| 109|0x0000000086d00000, 0x0000000086d00000, 0x0000000086e00000|  0%| F|  |TAMS 0x0000000086d00000, 0x0000000086d00000| Untracked 
| 110|0x0000000086e00000, 0x0000000086e00000, 0x0000000086f00000|  0%| F|  |TAMS 0x0000000086e00000, 0x0000000086e00000| Untracked 
| 111|0x0000000086f00000, 0x0000000086f00000, 0x0000000087000000|  0%| F|  |TAMS 0x0000000086f00000, 0x0000000086f00000| Untracked 
| 112|0x0000000087000000, 0x0000000087000000, 0x0000000087100000|  0%| F|  |TAMS 0x0000000087000000, 0x0000000087000000| Untracked 
| 113|0x0000000087100000, 0x0000000087100000, 0x0000000087200000|  0%| F|  |TAMS 0x0000000087100000, 0x0000000087100000| Untracked 
| 114|0x0000000087200000, 0x0000000087200000, 0x0000000087300000|  0%| F|  |TAMS 0x0000000087200000, 0x0000000087200000| Untracked 
| 115|0x0000000087300000, 0x0000000087300000, 0x0000000087400000|  0%| F|  |TAMS 0x0000000087300000, 0x0000000087300000| Untracked 
| 116|0x0000000087400000, 0x0000000087400000, 0x0000000087500000|  0%| F|  |TAMS 0x0000000087400000, 0x0000000087400000| Untracked 
| 117|0x0000000087500000, 0x0000000087500000, 0x0000000087600000|  0%| F|  |TAMS 0x0000000087500000, 0x0000000087500000| Untracked 
| 118|0x0000000087600000, 0x0000000087600000, 0x0000000087700000|  0%| F|  |TAMS 0x0000000087600000, 0x0000000087600000| Untracked 
| 119|0x0000000087700000, 0x0000000087700000, 0x0000000087800000|  0%| F|  |TAMS 0x0000000087700000, 0x0000000087700000| Untracked 
| 120|0x0000000087800000, 0x0000000087800000, 0x0000000087900000|  0%| F|  |TAMS 0x0000000087800000, 0x0000000087800000| Untracked 
| 121|0x0000000087900000, 0x0000000087900000, 0x0000000087a00000|  0%| F|  |TAMS 0x0000000087900000, 0x0000000087900000| Untracked 
| 122|0x0000000087a00000, 0x0000000087a00000, 0x0000000087b00000|  0%| F|  |TAMS 0x0000000087a00000, 0x0000000087a00000| Untracked 
| 123|0x0000000087b00000, 0x0000000087b00000, 0x0000000087c00000|  0%| F|  |TAMS 0x0000000087b00000, 0x0000000087b00000| Untracked 
| 124|0x0000000087c00000, 0x0000000087c00000, 0x0000000087d00000|  0%| F|  |TAMS 0x0000000087c00000, 0x0000000087c00000| Untracked 
| 125|0x0000000087d00000, 0x0000000087d00000, 0x0000000087e00000|  0%| F|  |TAMS 0x0000000087d00000, 0x0000000087d00000| Untracked 
| 126|0x0000000087e00000, 0x0000000087e00000, 0x0000000087f00000|  0%| F|  |TAMS 0x0000000087e00000, 0x0000000087e00000| Untracked 
| 127|0x0000000087f00000, 0x0000000087f00000, 0x0000000088000000|  0%| F|  |TAMS 0x0000000087f00000, 0x0000000087f00000| Untracked 
| 128|0x0000000088000000, 0x0000000088100000, 0x0000000088100000|100%| S|CS|TAMS 0x0000000088000000, 0x0000000088000000| Complete 
| 129|0x0000000088100000, 0x0000000088200000, 0x0000000088200000|100%| E|CS|TAMS 0x0000000088100000, 0x0000000088100000| Complete 
| 130|0x0000000088200000, 0x0000000088300000, 0x0000000088300000|100%| E|CS|TAMS 0x0000000088200000, 0x0000000088200000| Complete 
| 131|0x0000000088300000, 0x0000000088400000, 0x0000000088400000|100%| E|CS|TAMS 0x0000000088300000, 0x0000000088300000| Complete 
| 132|0x0000000088400000, 0x0000000088500000, 0x0000000088500000|100%| E|CS|TAMS 0x0000000088400000, 0x0000000088400000| Complete 
| 133|0x0000000088500000, 0x0000000088600000, 0x0000000088600000|100%| E|CS|TAMS 0x0000000088500000, 0x0000000088600000| Complete 
| 134|0x0000000088600000, 0x0000000088700000, 0x0000000088700000|100%| E|CS|TAMS 0x0000000088600000, 0x0000000088700000| Complete 
| 135|0x0000000088700000, 0x0000000088800000, 0x0000000088800000|100%| E|CS|TAMS 0x0000000088700000, 0x0000000088800000| Complete 
| 136|0x0000000088800000, 0x0000000088900000, 0x0000000088900000|100%| E|CS|TAMS 0x0000000088800000, 0x0000000088900000| Complete 
| 137|0x0000000088900000, 0x0000000088a00000, 0x0000000088a00000|100%| E|CS|TAMS 0x0000000088900000, 0x0000000088a00000| Complete 
| 138|0x0000000088a00000, 0x0000000088a00000, 0x0000000088b00000|  0%| F|  |TAMS 0x0000000088a00000, 0x0000000088a00000| Untracked 
| 139|0x0000000088b00000, 0x0000000088b00000, 0x0000000088c00000|  0%| F|  |TAMS 0x0000000088b00000, 0x0000000088b00000| Untracked 
| 140|0x0000000088c00000, 0x0000000088c00000, 0x0000000088d00000|  0%| F|  |TAMS 0x0000000088c00000, 0x0000000088c00000| Untracked 
| 141|0x0000000088d00000, 0x0000000088d00000, 0x0000000088e00000|  0%| F|  |TAMS 0x0000000088d00000, 0x0000000088d00000| Untracked 
| 142|0x0000000088e00000, 0x0000000088e00000, 0x0000000088f00000|  0%| F|  |TAMS 0x0000000088e00000, 0x0000000088e00000| Untracked 
| 143|0x0000000088f00000, 0x0000000088f00000, 0x0000000089000000|  0%| F|  |TAMS 0x0000000088f00000, 0x0000000088f00000| Untracked 
| 144|0x0000000089000000, 0x0000000089000000, 0x0000000089100000|  0%| F|  |TAMS 0x0000000089000000, 0x0000000089000000| Untracked 
| 145|0x0000000089100000, 0x0000000089100000, 0x0000000089200000|  0%| F|  |TAMS 0x0000000089100000, 0x0000000089100000| Untracked 
| 146|0x0000000089200000, 0x0000000089200000, 0x0000000089300000|  0%| F|  |TAMS 0x0000000089200000, 0x0000000089200000| Untracked 
| 147|0x0000000089300000, 0x0000000089400000, 0x0000000089400000|100%| E|CS|TAMS 0x0000000089300000, 0x0000000089400000| Complete 
| 148|0x0000000089400000, 0x0000000089400000, 0x0000000089500000|  0%| F|  |TAMS 0x0000000089400000, 0x0000000089400000| Untracked 
| 149|0x0000000089500000, 0x0000000089500000, 0x0000000089600000|  0%| F|  |TAMS 0x0000000089500000, 0x0000000089500000| Untracked 
| 150|0x0000000089600000, 0x0000000089600000, 0x0000000089700000|  0%| F|  |TAMS 0x0000000089600000, 0x0000000089600000| Untracked 
| 151|0x0000000089700000, 0x0000000089700000, 0x0000000089800000|  0%| F|  |TAMS 0x0000000089700000, 0x0000000089700000| Untracked 
| 152|0x0000000089800000, 0x0000000089800000, 0x0000000089900000|  0%| F|  |TAMS 0x0000000089800000, 0x0000000089800000| Untracked 
| 153|0x0000000089900000, 0x0000000089900000, 0x0000000089a00000|  0%| F|  |TAMS 0x0000000089900000, 0x0000000089900000| Untracked 
| 154|0x0000000089a00000, 0x0000000089a00000, 0x0000000089b00000|  0%| F|  |TAMS 0x0000000089a00000, 0x0000000089a00000| Untracked 
| 155|0x0000000089b00000, 0x0000000089b00000, 0x0000000089c00000|  0%| F|  |TAMS 0x0000000089b00000, 0x0000000089b00000| Untracked 
| 156|0x0000000089c00000, 0x0000000089c00000, 0x0000000089d00000|  0%| F|  |TAMS 0x0000000089c00000, 0x0000000089c00000| Untracked 
| 157|0x0000000089d00000, 0x0000000089d00000, 0x0000000089e00000|  0%| F|  |TAMS 0x0000000089d00000, 0x0000000089d00000| Untracked 
| 158|0x0000000089e00000, 0x0000000089e00000, 0x0000000089f00000|  0%| F|  |TAMS 0x0000000089e00000, 0x0000000089e00000| Untracked 
| 159|0x0000000089f00000, 0x0000000089f00000, 0x000000008a000000|  0%| F|  |TAMS 0x0000000089f00000, 0x0000000089f00000| Untracked 
| 160|0x000000008a000000, 0x000000008a000000, 0x000000008a100000|  0%| F|  |TAMS 0x000000008a000000, 0x000000008a000000| Untracked 
| 161|0x000000008a100000, 0x000000008a100000, 0x000000008a200000|  0%| F|  |TAMS 0x000000008a100000, 0x000000008a100000| Untracked 
| 162|0x000000008a200000, 0x000000008a200000, 0x000000008a300000|  0%| F|  |TAMS 0x000000008a200000, 0x000000008a200000| Untracked 
| 163|0x000000008a300000, 0x000000008a300000, 0x000000008a400000|  0%| F|  |TAMS 0x000000008a300000, 0x000000008a300000| Untracked 
| 164|0x000000008a400000, 0x000000008a400000, 0x000000008a500000|  0%| F|  |TAMS 0x000000008a400000, 0x000000008a400000| Untracked 
| 165|0x000000008a500000, 0x000000008a500000, 0x000000008a600000|  0%| F|  |TAMS 0x000000008a500000, 0x000000008a500000| Untracked 
| 166|0x000000008a600000, 0x000000008a600000, 0x000000008a700000|  0%| F|  |TAMS 0x000000008a600000, 0x000000008a600000| Untracked 
| 167|0x000000008a700000, 0x000000008a700000, 0x000000008a800000|  0%| F|  |TAMS 0x000000008a700000, 0x000000008a700000| Untracked 
| 168|0x000000008a800000, 0x000000008a800000, 0x000000008a900000|  0%| F|  |TAMS 0x000000008a800000, 0x000000008a800000| Untracked 
| 169|0x000000008a900000, 0x000000008a900000, 0x000000008aa00000|  0%| F|  |TAMS 0x000000008a900000, 0x000000008a900000| Untracked 
| 170|0x000000008aa00000, 0x000000008aa00000, 0x000000008ab00000|  0%| F|  |TAMS 0x000000008aa00000, 0x000000008aa00000| Untracked 
| 171|0x000000008ab00000, 0x000000008ab00000, 0x000000008ac00000|  0%| F|  |TAMS 0x000000008ab00000, 0x000000008ab00000| Untracked 
| 172|0x000000008ac00000, 0x000000008ac00000, 0x000000008ad00000|  0%| F|  |TAMS 0x000000008ac00000, 0x000000008ac00000| Untracked 
| 173|0x000000008ad00000, 0x000000008ad00000, 0x000000008ae00000|  0%| F|  |TAMS 0x000000008ad00000, 0x000000008ad00000| Untracked 
| 174|0x000000008ae00000, 0x000000008ae00000, 0x000000008af00000|  0%| F|  |TAMS 0x000000008ae00000, 0x000000008ae00000| Untracked 
| 175|0x000000008af00000, 0x000000008af00000, 0x000000008b000000|  0%| F|  |TAMS 0x000000008af00000, 0x000000008af00000| Untracked 
| 176|0x000000008b000000, 0x000000008b000000, 0x000000008b100000|  0%| F|  |TAMS 0x000000008b000000, 0x000000008b000000| Untracked 
| 177|0x000000008b100000, 0x000000008b100000, 0x000000008b200000|  0%| F|  |TAMS 0x000000008b100000, 0x000000008b100000| Untracked 
| 178|0x000000008b200000, 0x000000008b200000, 0x000000008b300000|  0%| F|  |TAMS 0x000000008b200000, 0x000000008b200000| Untracked 
| 179|0x000000008b300000, 0x000000008b300000, 0x000000008b400000|  0%| F|  |TAMS 0x000000008b300000, 0x000000008b300000| Untracked 
| 180|0x000000008b400000, 0x000000008b400000, 0x000000008b500000|  0%| F|  |TAMS 0x000000008b400000, 0x000000008b400000| Untracked 
| 181|0x000000008b500000, 0x000000008b500000, 0x000000008b600000|  0%| F|  |TAMS 0x000000008b500000, 0x000000008b500000| Untracked 
| 182|0x000000008b600000, 0x000000008b600000, 0x000000008b700000|  0%| F|  |TAMS 0x000000008b600000, 0x000000008b600000| Untracked 
| 183|0x000000008b700000, 0x000000008b700000, 0x000000008b800000|  0%| F|  |TAMS 0x000000008b700000, 0x000000008b700000| Untracked 
| 184|0x000000008b800000, 0x000000008b800000, 0x000000008b900000|  0%| F|  |TAMS 0x000000008b800000, 0x000000008b800000| Untracked 
| 185|0x000000008b900000, 0x000000008b900000, 0x000000008ba00000|  0%| F|  |TAMS 0x000000008b900000, 0x000000008b900000| Untracked 
| 186|0x000000008ba00000, 0x000000008ba00000, 0x000000008bb00000|  0%| F|  |TAMS 0x000000008ba00000, 0x000000008ba00000| Untracked 
| 187|0x000000008bb00000, 0x000000008bb00000, 0x000000008bc00000|  0%| F|  |TAMS 0x000000008bb00000, 0x000000008bb00000| Untracked 
| 188|0x000000008bc00000, 0x000000008bc00000, 0x000000008bd00000|  0%| F|  |TAMS 0x000000008bc00000, 0x000000008bc00000| Untracked 
| 189|0x000000008bd00000, 0x000000008bd00000, 0x000000008be00000|  0%| F|  |TAMS 0x000000008bd00000, 0x000000008bd00000| Untracked 
| 190|0x000000008be00000, 0x000000008be00000, 0x000000008bf00000|  0%| F|  |TAMS 0x000000008be00000, 0x000000008be00000| Untracked 
| 191|0x000000008bf00000, 0x000000008bf00000, 0x000000008c000000|  0%| F|  |TAMS 0x000000008bf00000, 0x000000008bf00000| Untracked 
| 192|0x000000008c000000, 0x000000008c000000, 0x000000008c100000|  0%| F|  |TAMS 0x000000008c000000, 0x000000008c000000| Untracked 
| 193|0x000000008c100000, 0x000000008c100000, 0x000000008c200000|  0%| F|  |TAMS 0x000000008c100000, 0x000000008c100000| Untracked 
| 194|0x000000008c200000, 0x000000008c200000, 0x000000008c300000|  0%| F|  |TAMS 0x000000008c200000, 0x000000008c200000| Untracked 
| 195|0x000000008c300000, 0x000000008c300000, 0x000000008c400000|  0%| F|  |TAMS 0x000000008c300000, 0x000000008c300000| Untracked 
| 196|0x000000008c400000, 0x000000008c400000, 0x000000008c500000|  0%| F|  |TAMS 0x000000008c400000, 0x000000008c400000| Untracked 
| 197|0x000000008c500000, 0x000000008c500000, 0x000000008c600000|  0%| F|  |TAMS 0x000000008c500000, 0x000000008c500000| Untracked 
| 198|0x000000008c600000, 0x000000008c600000, 0x000000008c700000|  0%| F|  |TAMS 0x000000008c600000, 0x000000008c600000| Untracked 
| 199|0x000000008c700000, 0x000000008c700000, 0x000000008c800000|  0%| F|  |TAMS 0x000000008c700000, 0x000000008c700000| Untracked 
| 200|0x000000008c800000, 0x000000008c800000, 0x000000008c900000|  0%| F|  |TAMS 0x000000008c800000, 0x000000008c800000| Untracked 
| 201|0x000000008c900000, 0x000000008c900000, 0x000000008ca00000|  0%| F|  |TAMS 0x000000008c900000, 0x000000008c900000| Untracked 
| 202|0x000000008ca00000, 0x000000008ca00000, 0x000000008cb00000|  0%| F|  |TAMS 0x000000008ca00000, 0x000000008ca00000| Untracked 
| 203|0x000000008cb00000, 0x000000008cb00000, 0x000000008cc00000|  0%| F|  |TAMS 0x000000008cb00000, 0x000000008cb00000| Untracked 
| 204|0x000000008cc00000, 0x000000008cc00000, 0x000000008cd00000|  0%| F|  |TAMS 0x000000008cc00000, 0x000000008cc00000| Untracked 
| 205|0x000000008cd00000, 0x000000008cd00000, 0x000000008ce00000|  0%| F|  |TAMS 0x000000008cd00000, 0x000000008cd00000| Untracked 
| 206|0x000000008ce00000, 0x000000008ce00000, 0x000000008cf00000|  0%| F|  |TAMS 0x000000008ce00000, 0x000000008ce00000| Untracked 
| 207|0x000000008cf00000, 0x000000008cf00000, 0x000000008d000000|  0%| F|  |TAMS 0x000000008cf00000, 0x000000008cf00000| Untracked 
| 208|0x000000008d000000, 0x000000008d000000, 0x000000008d100000|  0%| F|  |TAMS 0x000000008d000000, 0x000000008d000000| Untracked 
| 209|0x000000008d100000, 0x000000008d100000, 0x000000008d200000|  0%| F|  |TAMS 0x000000008d100000, 0x000000008d100000| Untracked 
| 210|0x000000008d200000, 0x000000008d200000, 0x000000008d300000|  0%| F|  |TAMS 0x000000008d200000, 0x000000008d200000| Untracked 
| 211|0x000000008d300000, 0x000000008d300000, 0x000000008d400000|  0%| F|  |TAMS 0x000000008d300000, 0x000000008d300000| Untracked 
| 212|0x000000008d400000, 0x000000008d400000, 0x000000008d500000|  0%| F|  |TAMS 0x000000008d400000, 0x000000008d400000| Untracked 
| 213|0x000000008d500000, 0x000000008d5b9d00, 0x000000008d600000| 72%| S|CS|TAMS 0x000000008d500000, 0x000000008d500000| Complete 
| 214|0x000000008d600000, 0x000000008d700000, 0x000000008d700000|100%| S|CS|TAMS 0x000000008d600000, 0x000000008d600000| Complete 
| 215|0x000000008d700000, 0x000000008d800000, 0x000000008d800000|100%| S|CS|TAMS 0x000000008d700000, 0x000000008d700000| Complete 
| 216|0x000000008d800000, 0x000000008d900000, 0x000000008d900000|100%| S|CS|TAMS 0x000000008d800000, 0x000000008d800000| Complete 
| 217|0x000000008d900000, 0x000000008da00000, 0x000000008da00000|100%| S|CS|TAMS 0x000000008d900000, 0x000000008d900000| Complete 
| 218|0x000000008da00000, 0x000000008da00000, 0x000000008db00000|  0%| F|  |TAMS 0x000000008da00000, 0x000000008da00000| Untracked 
| 219|0x000000008db00000, 0x000000008db00000, 0x000000008dc00000|  0%| F|  |TAMS 0x000000008db00000, 0x000000008db00000| Untracked 
| 220|0x000000008dc00000, 0x000000008dc00000, 0x000000008dd00000|  0%| F|  |TAMS 0x000000008dc00000, 0x000000008dc00000| Untracked 
| 221|0x000000008dd00000, 0x000000008dd00000, 0x000000008de00000|  0%| F|  |TAMS 0x000000008dd00000, 0x000000008dd00000| Untracked 
| 222|0x000000008de00000, 0x000000008de00000, 0x000000008df00000|  0%| F|  |TAMS 0x000000008de00000, 0x000000008de00000| Untracked 
| 223|0x000000008df00000, 0x000000008df00000, 0x000000008e000000|  0%| F|  |TAMS 0x000000008df00000, 0x000000008df00000| Untracked 
| 224|0x000000008e000000, 0x000000008e080a60, 0x000000008e100000| 50%| E|  |TAMS 0x000000008e000000, 0x000000008e000000| Complete 

Card table byte_map: [0x000001f266a90000,0x000001f266e90000] _byte_map_base: 0x000001f266690000

Marking Bits (Prev, Next): (CMBitMap*) 0x000001f24fa86d10, (CMBitMap*) 0x000001f24fa86d50
 Prev Bits: [0x000001f267290000, 0x000001f269290000)
 Next Bits: [0x000001f269290000, 0x000001f26b290000)

Polling page: 0x000001f24f1f0000

Metaspace:

Usage:
  Non-class:     70.97 MB used.
      Class:     11.09 MB used.
       Both:     82.06 MB used.

Virtual space:
  Non-class space:      128.00 MB reserved,      71.81 MB ( 56%) committed,  2 nodes.
      Class space:        1.00 GB reserved,      12.00 MB (  1%) committed,  1 nodes.
             Both:        1.12 GB reserved,      83.81 MB (  7%) committed. 

Chunk freelists:
   Non-Class:  3.55 MB
       Class:  3.95 MB
        Both:  7.50 MB

MaxMetaspaceSize: unlimited
CompressedClassSpaceSize: 1.00 GB
Initial GC threshold: 21.00 MB
Current GC threshold: 127.00 MB
CDS: on
MetaspaceReclaimPolicy: balanced
 - commit_granule_bytes: 65536.
 - commit_granule_words: 8192.
 - virtual_space_node_default_size: 8388608.
 - enlarge_chunks_in_place: 1.
 - new_chunks_are_fully_committed: 0.
 - uncommit_free_chunks: 1.
 - use_allocation_guard: 0.


Internal statistics:

num_allocs_failed_limit: 6.
num_arena_births: 3304.
num_arena_deaths: 0.
num_vsnodes_births: 3.
num_vsnodes_deaths: 0.
num_space_committed: 1341.
num_space_uncommitted: 0.
num_chunks_returned_to_freelist: 6.
num_chunks_taken_from_freelist: 6999.
num_chunk_merges: 6.
num_chunk_splits: 4603.
num_chunks_enlarged: 2962.
num_inconsistent_stats: 0.

CodeHeap 'non-profiled nmethods': size=120000Kb used=5716Kb max_used=5716Kb free=114283Kb
 bounds [0x000001f25ee30000, 0x000001f25f3d0000, 0x000001f266360000]
CodeHeap 'profiled nmethods': size=120000Kb used=19831Kb max_used=19831Kb free=100168Kb
 bounds [0x000001f257900000, 0x000001f258c60000, 0x000001f25ee30000]
CodeHeap 'non-nmethods': size=5760Kb used=2396Kb max_used=2474Kb free=3363Kb
 bounds [0x000001f257360000, 0x000001f2575f0000, 0x000001f257900000]
 total_blobs=11091 nmethods=10173 adapters=830
 compilation: enabled
              stopped_count=0, restarted_count=0
 full_count=0

Compilation events (20 events):
Event: 9.294 Thread 0x000001f26dc80530 nmethod 11773 0x000001f258c4e090 code [0x000001f258c4e240, 0x000001f258c4e508]
Event: 9.301 Thread 0x000001f26dc80530 11777       2       com.android.ide.common.resources.DataFile::hasNotRemovedItems (48 bytes)
Event: 9.301 Thread 0x000001f26dc80530 nmethod 11777 0x000001f258c4e690 code [0x000001f258c4e860, 0x000001f258c4eaf8]
Event: 9.301 Thread 0x000001f26dc80530 11778       2       com.android.ide.common.resources.DataSet::createFileElement (81 bytes)
Event: 9.302 Thread 0x000001f26dc80530 nmethod 11778 0x000001f258c4ec90 code [0x000001f258c4eea0, 0x000001f258c4f208]
Event: 9.302 Thread 0x000001f26dc80530 11779       2       com.android.ide.common.resources.ResourceFile::addExtraAttributes (33 bytes)
Event: 9.302 Thread 0x000001f26dc80530 nmethod 11779 0x000001f258c4f490 code [0x000001f258c4f640, 0x000001f258c4f828]
Event: 9.322 Thread 0x000001f26dc80530 11783       2       java.util.HashMap$Values::iterator (12 bytes)
Event: 9.322 Thread 0x000001f26dc80530 nmethod 11783 0x000001f258c4f990 code [0x000001f258c4fb20, 0x000001f258c4fca8]
Event: 9.322 Thread 0x000001f26dc80530 11784       2       java.util.HashMap$ValueIterator::<init> (6 bytes)
Event: 9.323 Thread 0x000001f26dc80530 nmethod 11784 0x000001f258c4fd90 code [0x000001f258c4ff20, 0x000001f258c50048]
Event: 9.323 Thread 0x000001f26dc80530 11785       2       com.google.common.base.Joiner::join (11 bytes)
Event: 9.323 Thread 0x000001f26dc80530 nmethod 11785 0x000001f258c50110 code [0x000001f258c502e0, 0x000001f258c505c8]
Event: 9.323 Thread 0x000001f26dc80530 11786       2       com.google.common.base.Joiner::join (16 bytes)
Event: 9.323 Thread 0x000001f26dc80530 nmethod 11786 0x000001f258c50790 code [0x000001f258c50980, 0x000001f258c50cc8]
Event: 9.330 Thread 0x000001f26dc80530 11788       3       com.android.utils.XmlUtils::toXmlAttributeValue (89 bytes)
Event: 9.331 Thread 0x000001f26dc80530 nmethod 11788 0x000001f258c50e90 code [0x000001f258c51140, 0x000001f258c51fb8]
Event: 9.331 Thread 0x000001f26dc80530 11789       2       com.android.utils.XmlUtils::append (645 bytes)
Event: 9.333 Thread 0x000001f26dc80530 nmethod 11789 0x000001f258c52590 code [0x000001f258c52b00, 0x000001f258c53ec8]
Event: 9.333 Thread 0x000001f26dc80530 11791 %     3       com.android.utils.XmlUtils::append @ 480 (645 bytes)

GC Heap History (20 events):
Event: 5.167 GC heap before
{Heap before GC invocations=20 (full 0):
 garbage-first heap   total 107520K, used 86827K [0x0000000080000000, 0x0000000100000000)
  region size 1024K, 29 young (29696K), 3 survivors (3072K)
 Metaspace       used 60330K, committed 61952K, reserved 1114112K
  class space    used 8050K, committed 8896K, reserved 1048576K
}
Event: 5.171 GC heap after
{Heap after GC invocations=21 (full 0):
 garbage-first heap   total 129024K, used 62963K [0x0000000080000000, 0x0000000100000000)
  region size 1024K, 4 young (4096K), 4 survivors (4096K)
 Metaspace       used 60330K, committed 61952K, reserved 1114112K
  class space    used 8050K, committed 8896K, reserved 1048576K
}
Event: 5.612 GC heap before
{Heap before GC invocations=22 (full 0):
 garbage-first heap   total 129024K, used 102899K [0x0000000080000000, 0x0000000100000000)
  region size 1024K, 43 young (44032K), 4 survivors (4096K)
 Metaspace       used 65086K, committed 66752K, reserved 1114112K
  class space    used 8840K, committed 9728K, reserved 1048576K
}
Event: 5.618 GC heap after
{Heap after GC invocations=23 (full 0):
 garbage-first heap   total 129024K, used 66312K [0x0000000080000000, 0x0000000100000000)
  region size 1024K, 6 young (6144K), 6 survivors (6144K)
 Metaspace       used 65086K, committed 66752K, reserved 1114112K
  class space    used 8840K, committed 9728K, reserved 1048576K
}
Event: 5.633 GC heap before
{Heap before GC invocations=23 (full 0):
 garbage-first heap   total 129024K, used 67336K [0x0000000080000000, 0x0000000100000000)
  region size 1024K, 7 young (7168K), 6 survivors (6144K)
 Metaspace       used 65221K, committed 66880K, reserved 1114112K
  class space    used 8869K, committed 9728K, reserved 1048576K
}
Event: 5.637 GC heap after
{Heap after GC invocations=24 (full 0):
 garbage-first heap   total 129024K, used 66939K [0x0000000080000000, 0x0000000100000000)
  region size 1024K, 1 young (1024K), 1 survivors (1024K)
 Metaspace       used 65221K, committed 66880K, reserved 1114112K
  class space    used 8869K, committed 9728K, reserved 1048576K
}
Event: 6.021 GC heap before
{Heap before GC invocations=24 (full 0):
 garbage-first heap   total 129024K, used 103803K [0x0000000080000000, 0x0000000100000000)
  region size 1024K, 37 young (37888K), 1 survivors (1024K)
 Metaspace       used 68665K, committed 70400K, reserved 1114112K
  class space    used 9343K, committed 10240K, reserved 1048576K
}
Event: 6.024 GC heap after
{Heap after GC invocations=25 (full 0):
 garbage-first heap   total 129024K, used 68692K [0x0000000080000000, 0x0000000100000000)
  region size 1024K, 3 young (3072K), 3 survivors (3072K)
 Metaspace       used 68665K, committed 70400K, reserved 1114112K
  class space    used 9343K, committed 10240K, reserved 1048576K
}
Event: 6.350 GC heap before
{Heap before GC invocations=26 (full 0):
 garbage-first heap   total 129024K, used 104532K [0x0000000080000000, 0x0000000100000000)
  region size 1024K, 38 young (38912K), 3 survivors (3072K)
 Metaspace       used 72133K, committed 73792K, reserved 1114112K
  class space    used 9859K, committed 10752K, reserved 1048576K
}
Event: 6.355 GC heap after
{Heap after GC invocations=27 (full 0):
 garbage-first heap   total 129024K, used 71264K [0x0000000080000000, 0x0000000100000000)
  region size 1024K, 3 young (3072K), 3 survivors (3072K)
 Metaspace       used 72133K, committed 73792K, reserved 1114112K
  class space    used 9859K, committed 10752K, reserved 1048576K
}
Event: 6.647 GC heap before
{Heap before GC invocations=27 (full 0):
 garbage-first heap   total 129024K, used 104032K [0x0000000080000000, 0x0000000100000000)
  region size 1024K, 36 young (36864K), 3 survivors (3072K)
 Metaspace       used 75804K, committed 77568K, reserved 1179648K
  class space    used 10291K, committed 11200K, reserved 1048576K
}
Event: 6.651 GC heap after
{Heap after GC invocations=28 (full 0):
 garbage-first heap   total 129024K, used 75258K [0x0000000080000000, 0x0000000100000000)
  region size 1024K, 5 young (5120K), 5 survivors (5120K)
 Metaspace       used 75804K, committed 77568K, reserved 1179648K
  class space    used 10291K, committed 11200K, reserved 1048576K
}
Event: 6.956 GC heap before
{Heap before GC invocations=29 (full 0):
 garbage-first heap   total 135168K, used 104954K [0x0000000080000000, 0x0000000100000000)
  region size 1024K, 34 young (34816K), 5 survivors (5120K)
 Metaspace       used 78709K, committed 80512K, reserved 1179648K
  class space    used 10715K, committed 11648K, reserved 1048576K
}
Event: 6.962 GC heap after
{Heap after GC invocations=30 (full 0):
 garbage-first heap   total 135168K, used 79249K [0x0000000080000000, 0x0000000100000000)
  region size 1024K, 5 young (5120K), 5 survivors (5120K)
 Metaspace       used 78709K, committed 80512K, reserved 1179648K
  class space    used 10715K, committed 11648K, reserved 1048576K
}
Event: 6.968 GC heap before
{Heap before GC invocations=30 (full 0):
 garbage-first heap   total 135168K, used 80273K [0x0000000080000000, 0x0000000100000000)
  region size 1024K, 6 young (6144K), 5 survivors (5120K)
 Metaspace       used 78804K, committed 80576K, reserved 1179648K
  class space    used 10746K, committed 11648K, reserved 1048576K
}
Event: 6.973 GC heap after
{Heap after GC invocations=31 (full 0):
 garbage-first heap   total 230400K, used 79622K [0x0000000080000000, 0x0000000100000000)
  region size 1024K, 1 young (1024K), 1 survivors (1024K)
 Metaspace       used 78804K, committed 80576K, reserved 1179648K
  class space    used 10746K, committed 11648K, reserved 1048576K
}
Event: 8.117 GC heap before
{Heap before GC invocations=31 (full 0):
 garbage-first heap   total 230400K, used 158470K [0x0000000080000000, 0x0000000100000000)
  region size 1024K, 79 young (80896K), 1 survivors (1024K)
 Metaspace       used 81125K, committed 82944K, reserved 1179648K
  class space    used 11032K, committed 11968K, reserved 1048576K
}
Event: 8.125 GC heap after
{Heap after GC invocations=32 (full 0):
 garbage-first heap   total 230400K, used 87999K [0x0000000080000000, 0x0000000100000000)
  region size 1024K, 9 young (9216K), 9 survivors (9216K)
 Metaspace       used 81125K, committed 82944K, reserved 1179648K
  class space    used 11032K, committed 11968K, reserved 1048576K
}
Event: 9.251 GC heap before
{Heap before GC invocations=32 (full 0):
 garbage-first heap   total 230400K, used 177087K [0x0000000080000000, 0x0000000100000000)
  region size 1024K, 86 young (88064K), 9 survivors (9216K)
 Metaspace       used 84019K, committed 85824K, reserved 1179648K
  class space    used 11353K, committed 12288K, reserved 1048576K
}
Event: 9.267 GC heap after
{Heap after GC invocations=33 (full 0):
 garbage-first heap   total 230400K, used 108188K [0x0000000080000000, 0x0000000100000000)
  region size 1024K, 11 young (11264K), 11 survivors (11264K)
 Metaspace       used 84019K, committed 85824K, reserved 1179648K
  class space    used 11353K, committed 12288K, reserved 1048576K
}

Deoptimization events (20 events):
Event: 9.272 Thread 0x000001f278617630 Uncommon trap: trap_request=0xffffffde fr.pc=0x000001f25f365784 relative=0x00000000000001e4
Event: 9.272 Thread 0x000001f278617630 Uncommon trap: reason=class_check action=maybe_recompile pc=0x000001f25f365784 method=org.apache.xerces.dom.ElementImpl.getAttributes()Lorg/w3c/dom/NamedNodeMap; @ 8 c2
Event: 9.273 Thread 0x000001f278617630 DEOPT PACKING pc=0x000001f25f365784 sp=0x000000b76c6fa8b0
Event: 9.273 Thread 0x000001f278617630 DEOPT UNPACKING pc=0x000001f2573b23a3 sp=0x000000b76c6fa868 mode 2
Event: 9.273 Thread 0x000001f278617630 Uncommon trap: trap_request=0xffffffde fr.pc=0x000001f25f365784 relative=0x00000000000001e4
Event: 9.273 Thread 0x000001f278617630 Uncommon trap: reason=class_check action=maybe_recompile pc=0x000001f25f365784 method=org.apache.xerces.dom.ElementImpl.getAttributes()Lorg/w3c/dom/NamedNodeMap; @ 8 c2
Event: 9.273 Thread 0x000001f278617630 DEOPT PACKING pc=0x000001f25f365784 sp=0x000000b76c6fa8b0
Event: 9.273 Thread 0x000001f278617630 DEOPT UNPACKING pc=0x000001f2573b23a3 sp=0x000000b76c6fa868 mode 2
Event: 9.273 Thread 0x000001f278617630 Uncommon trap: trap_request=0xffffffde fr.pc=0x000001f25f365784 relative=0x00000000000001e4
Event: 9.273 Thread 0x000001f278617630 Uncommon trap: reason=class_check action=maybe_recompile pc=0x000001f25f365784 method=org.apache.xerces.dom.ElementImpl.getAttributes()Lorg/w3c/dom/NamedNodeMap; @ 8 c2
Event: 9.273 Thread 0x000001f278617630 DEOPT PACKING pc=0x000001f25f365784 sp=0x000000b76c6fa8b0
Event: 9.273 Thread 0x000001f278617630 DEOPT UNPACKING pc=0x000001f2573b23a3 sp=0x000000b76c6fa868 mode 2
Event: 9.330 Thread 0x000001f278617630 Uncommon trap: trap_request=0xffffff45 fr.pc=0x000001f25f397dd8 relative=0x00000000000035b8
Event: 9.330 Thread 0x000001f278617630 Uncommon trap: reason=unstable_if action=reinterpret pc=0x000001f25f397dd8 method=com.android.utils.XmlUtils.toXmlAttributeValue(Ljava/lang/String;)Ljava/lang/String; @ 33 c2
Event: 9.330 Thread 0x000001f278617630 DEOPT PACKING pc=0x000001f25f397dd8 sp=0x000000b76c6fa8c0
Event: 9.330 Thread 0x000001f278617630 DEOPT UNPACKING pc=0x000001f2573b23a3 sp=0x000000b76c6fa7f8 mode 2
Event: 9.330 Thread 0x000001f278617630 Uncommon trap: trap_request=0xffffff45 fr.pc=0x000001f25f3624a0 relative=0x0000000000000400
Event: 9.330 Thread 0x000001f278617630 Uncommon trap: reason=unstable_if action=reinterpret pc=0x000001f25f3624a0 method=com.android.utils.XmlUtils.toXmlAttributeValue(Ljava/lang/String;)Ljava/lang/String; @ 33 c2
Event: 9.330 Thread 0x000001f278617630 DEOPT PACKING pc=0x000001f25f3624a0 sp=0x000000b76c6fa860
Event: 9.330 Thread 0x000001f278617630 DEOPT UNPACKING pc=0x000001f2573b23a3 sp=0x000000b76c6fa7e8 mode 2

Classes loaded (20 events):
Event: 9.005 Loading class jdk/internal/misc/ExtendedMapMode
Event: 9.005 Loading class jdk/internal/misc/ExtendedMapMode done
Event: 9.006 Loading class sun/nio/ch/FileChannelImpl$DefaultUnmapper
Event: 9.006 Loading class sun/nio/ch/FileChannelImpl$Unmapper
Event: 9.006 Loading class jdk/internal/access/foreign/UnmapperProxy
Event: 9.006 Loading class jdk/internal/access/foreign/UnmapperProxy done
Event: 9.006 Loading class sun/nio/ch/FileChannelImpl$Unmapper done
Event: 9.006 Loading class sun/nio/ch/FileChannelImpl$DefaultUnmapper done
Event: 9.006 Loading class sun/nio/ch/Util$4
Event: 9.007 Loading class sun/nio/ch/Util$4 done
Event: 9.012 Loading class java/util/EmptyStackException
Event: 9.012 Loading class java/util/EmptyStackException done
Event: 9.015 Loading class java/io/InvalidClassException
Event: 9.015 Loading class java/io/InvalidClassException done
Event: 9.233 Loading class javax/xml/transform/stream/StreamResult
Event: 9.233 Loading class javax/xml/transform/stream/StreamResult done
Event: 9.233 Loading class javax/xml/transform/sax/SAXResult
Event: 9.233 Loading class javax/xml/transform/sax/SAXResult done
Event: 9.233 Loading class javax/xml/transform/dom/DOMResult
Event: 9.233 Loading class javax/xml/transform/dom/DOMResult done

Classes unloaded (0 events):
No events

Classes redefined (0 events):
No events

Internal exceptions (20 events):
Event: 6.919 Thread 0x000001f278617630 Exception <a 'java/lang/NoSuchMethodError'{0x0000000086d1d8b8}: 'void java.lang.invoke.DirectMethodHandle$Holder.invokeStatic(java.lang.Object, java.lang.Object, java.lang.Object, java.lang.Object, int, java.lang.Object, java.lang.Object)'> (0x0000000086d1d8b8) 
thrown [s\open\src\hotspot\share\interpreter\linkResolver.cpp, line 766]
Event: 6.942 Thread 0x000001f27593d670 Exception <a 'java/lang/NoSuchMethodError'{0x0000000086984820}: 'java.lang.Object java.lang.invoke.DirectMethodHandle$Holder.invokeSpecialIFC(java.lang.Object, java.lang.Object, java.lang.Object)'> (0x0000000086984820) 
thrown [s\open\src\hotspot\share\interpreter\linkResolver.cpp, line 766]
Event: 6.942 Thread 0x000001f2759436b0 Exception <a 'java/lang/NoSuchMethodError'{0x000000008697aae0}: 'java.lang.Object java.lang.invoke.DirectMethodHandle$Holder.invokeSpecialIFC(java.lang.Object, java.lang.Object, java.lang.Object)'> (0x000000008697aae0) 
thrown [s\open\src\hotspot\share\interpreter\linkResolver.cpp, line 766]
Event: 6.942 Thread 0x000001f27466cb80 Exception <a 'java/lang/NoSuchMethodError'{0x0000000086992378}: 'java.lang.Object java.lang.invoke.DirectMethodHandle$Holder.invokeSpecialIFC(java.lang.Object, java.lang.Object, java.lang.Object)'> (0x0000000086992378) 
thrown [s\open\src\hotspot\share\interpreter\linkResolver.cpp, line 766]
Event: 6.942 Thread 0x000001f27769f7c0 Exception <a 'java/lang/NoSuchMethodError'{0x00000000869b0308}: 'java.lang.Object java.lang.invoke.DirectMethodHandle$Holder.invokeSpecialIFC(java.lang.Object, java.lang.Object, java.lang.Object)'> (0x00000000869b0308) 
thrown [s\open\src\hotspot\share\interpreter\linkResolver.cpp, line 766]
Event: 6.942 Thread 0x000001f274670ee0 Exception <a 'java/lang/NoSuchMethodError'{0x000000008699bbb0}: 'java.lang.Object java.lang.invoke.DirectMethodHandle$Holder.invokeSpecialIFC(java.lang.Object, java.lang.Object, java.lang.Object)'> (0x000000008699bbb0) 
thrown [s\open\src\hotspot\share\interpreter\linkResolver.cpp, line 766]
Event: 6.942 Thread 0x000001f278617630 Exception <a 'java/lang/NoSuchMethodError'{0x0000000086ac43f8}: 'java.lang.Object java.lang.invoke.DirectMethodHandle$Holder.invokeSpecialIFC(java.lang.Object, java.lang.Object, java.lang.Object)'> (0x0000000086ac43f8) 
thrown [s\open\src\hotspot\share\interpreter\linkResolver.cpp, line 766]
Event: 6.942 Thread 0x000001f27593f350 Exception <a 'java/lang/NoSuchMethodError'{0x0000000086987a90}: 'java.lang.Object java.lang.invoke.DirectMethodHandle$Holder.invokeSpecialIFC(java.lang.Object, java.lang.Object, java.lang.Object)'> (0x0000000086987a90) 
thrown [s\open\src\hotspot\share\interpreter\linkResolver.cpp, line 766]
Event: 6.942 Thread 0x000001f27593db40 Exception <a 'java/lang/NoSuchMethodError'{0x00000000869a5dd0}: 'java.lang.Object java.lang.invoke.DirectMethodHandle$Holder.invokeSpecialIFC(java.lang.Object, java.lang.Object, java.lang.Object)'> (0x00000000869a5dd0) 
thrown [s\open\src\hotspot\share\interpreter\linkResolver.cpp, line 766]
Event: 6.979 Thread 0x000001f27593d670 Exception <a 'java/lang/NoSuchMethodError'{0x000000008e070b70}: 'int java.lang.invoke.DirectMethodHandle$Holder.invokeStaticInit(java.lang.Object, java.lang.Object, java.lang.Object, java.lang.Object, java.lang.Object)'> (0x000000008e070b70) 
thrown [s\open\src\hotspot\share\interpreter\linkResolver.cpp, line 766]
Event: 7.018 Thread 0x000001f275940b60 Implicit null exception at 0x000001f25f2c5588 to 0x000001f25f2c5714
Event: 7.171 Thread 0x000001f276dd3cd0 Implicit null exception at 0x000001f25f0d16c0 to 0x000001f25f0d2128
Event: 7.171 Thread 0x000001f276dcc950 Implicit null exception at 0x000001f25f0d16c0 to 0x000001f25f0d2128
Event: 7.171 Thread 0x000001f276dd3cd0 Implicit null exception at 0x000001f25f0d16c0 to 0x000001f25f0d2128
Event: 7.171 Thread 0x000001f276dcc950 Implicit null exception at 0x000001f25f0d16c0 to 0x000001f25f0d2128
Event: 7.199 Thread 0x000001f2759401c0 Implicit null exception at 0x000001f25f130340 to 0x000001f25f130bf8
Event: 7.361 Thread 0x000001f278617630 Exception <a 'java/lang/NoSuchMethodError'{0x000000008a76c7d0}: 'void java.lang.invoke.DirectMethodHandle$Holder.invokeVirtual(java.lang.Object, java.lang.Object)'> (0x000000008a76c7d0) 
thrown [s\open\src\hotspot\share\interpreter\linkResolver.cpp, line 766]
Event: 9.007 Thread 0x000001f278617630 Exception <a 'java/lang/NoSuchMethodError'{0x000000008a6d8a98}: 'long java.lang.invoke.DirectMethodHandle$Holder.invokeStatic(java.lang.Object, java.lang.Object, int)'> (0x000000008a6d8a98) 
thrown [s\open\src\hotspot\share\interpreter\linkResolver.cpp, line 766]
Event: 9.007 Thread 0x000001f278617630 Exception <a 'java/lang/NoSuchMethodError'{0x000000008a6e7858}: 'java.lang.Object java.lang.invoke.DelegatingMethodHandle$Holder.reinvoke_L(java.lang.Object, int, long, java.lang.Object, java.lang.Object, int, java.lang.Object)'> (0x000000008a6e7858) 
thrown [s\open\src\hotspot\share\interpreter\linkResolver.cpp, line 766]
Event: 9.235 Thread 0x000001f278617630 Exception <a 'java/lang/NoSuchMethodError'{0x0000000089445dc8}: 'int java.lang.invoke.Invokers$Holder.invokeExact_MT(java.lang.Object, java.lang.Object, java.lang.Object)'> (0x0000000089445dc8) 
thrown [s\open\src\hotspot\share\interpreter\linkResolver.cpp, line 766]

VM Operations (20 events):
Event: 7.595 Executing VM operation: HandshakeAllThreads
Event: 7.595 Executing VM operation: HandshakeAllThreads done
Event: 8.042 Executing VM operation: ICBufferFull
Event: 8.042 Executing VM operation: ICBufferFull done
Event: 8.117 Executing VM operation: G1CollectForAllocation
Event: 8.125 Executing VM operation: G1CollectForAllocation done
Event: 8.680 Executing VM operation: HandshakeAllThreads
Event: 8.680 Executing VM operation: HandshakeAllThreads done
Event: 8.761 Executing VM operation: ICBufferFull
Event: 8.761 Executing VM operation: ICBufferFull done
Event: 8.964 Executing VM operation: HandshakeAllThreads
Event: 8.964 Executing VM operation: HandshakeAllThreads done
Event: 9.052 Executing VM operation: ICBufferFull
Event: 9.053 Executing VM operation: ICBufferFull done
Event: 9.179 Executing VM operation: HandshakeAllThreads
Event: 9.179 Executing VM operation: HandshakeAllThreads done
Event: 9.192 Executing VM operation: ICBufferFull
Event: 9.192 Executing VM operation: ICBufferFull done
Event: 9.251 Executing VM operation: G1CollectForAllocation
Event: 9.268 Executing VM operation: G1CollectForAllocation done

Events (20 events):
Event: 7.169 Thread 0x000001f26dc8d220 flushing nmethod 0x000001f258899d10
Event: 7.169 Thread 0x000001f26dc8d220 flushing nmethod 0x000001f25889b810
Event: 7.169 Thread 0x000001f26dc8d220 flushing nmethod 0x000001f2588a3f10
Event: 7.169 Thread 0x000001f26dc8d220 flushing nmethod 0x000001f2588a5490
Event: 7.169 Thread 0x000001f26dc8d220 flushing nmethod 0x000001f2588a6110
Event: 7.169 Thread 0x000001f26dc8d220 flushing nmethod 0x000001f2588b0090
Event: 7.169 Thread 0x000001f26dc8d220 flushing nmethod 0x000001f25892be90
Event: 7.170 Thread 0x000001f26dc8d220 flushing nmethod 0x000001f258a04f10
Event: 7.170 Thread 0x000001f26dc8d220 flushing nmethod 0x000001f258a0ee10
Event: 7.170 Thread 0x000001f26dc8d220 flushing nmethod 0x000001f258a31310
Event: 9.181 Thread 0x000001f26dc8d220 flushing nmethod 0x000001f257a86b90
Event: 9.181 Thread 0x000001f26dc8d220 flushing nmethod 0x000001f257a88310
Event: 9.182 Thread 0x000001f26dc8d220 flushing nmethod 0x000001f257bd6b90
Event: 9.183 Thread 0x000001f26dc8d220 flushing nmethod 0x000001f257ed2210
Event: 9.184 Thread 0x000001f26dc8d220 flushing nmethod 0x000001f258306810
Event: 9.184 Thread 0x000001f26dc8d220 flushing nmethod 0x000001f258307710
Event: 9.186 Thread 0x000001f26dc8d220 flushing nmethod 0x000001f258932810
Event: 9.187 Thread 0x000001f26dc8d220 flushing nmethod 0x000001f258a14a90
Event: 9.187 Thread 0x000001f26dc8d220 flushing nmethod 0x000001f258a16690
Event: 9.187 Thread 0x000001f26dc8d220 flushing nmethod 0x000001f258a18210


Dynamic libraries:
0x00007ff7607d0000 - 0x00007ff7607e0000 	C:\Program Files\Java\jdk-18.0.1.1\bin\java.exe
0x00007fffee900000 - 0x00007fffeeb09000 	C:\WINDOWS\SYSTEM32\ntdll.dll
0x00007fffedde0000 - 0x00007fffede9d000 	C:\WINDOWS\System32\KERNEL32.DLL
0x00007fffebe80000 - 0x00007fffec1f9000 	C:\WINDOWS\System32\KERNELBASE.dll
0x00007fffec5d0000 - 0x00007fffec6e1000 	C:\WINDOWS\System32\ucrtbase.dll
0x00007fffd5df0000 - 0x00007fffd5e08000 	C:\Program Files\Java\jdk-18.0.1.1\bin\jli.dll
0x00007fffd5070000 - 0x00007fffd508a000 	C:\Program Files\Java\jdk-18.0.1.1\bin\VCRUNTIME140.dll
0x00007fffedf10000 - 0x00007fffedfbe000 	C:\WINDOWS\System32\ADVAPI32.dll
0x00007fffecb80000 - 0x00007fffecc23000 	C:\WINDOWS\System32\msvcrt.dll
0x00007fffee680000 - 0x00007fffee71e000 	C:\WINDOWS\System32\sechost.dll
0x00007fffee040000 - 0x00007fffee160000 	C:\WINDOWS\System32\RPCRT4.dll
0x00007fffec950000 - 0x00007fffecafc000 	C:\WINDOWS\System32\USER32.dll
0x00007fffc41e0000 - 0x00007fffc4485000 	C:\WINDOWS\WinSxS\amd64_microsoft.windows.common-controls_6595b64144ccf1df_6.0.22000.120_none_9d947278b86cc467\COMCTL32.dll
0x00007fffebe50000 - 0x00007fffebe76000 	C:\WINDOWS\System32\win32u.dll
0x00007fffecc60000 - 0x00007fffecc89000 	C:\WINDOWS\System32\GDI32.dll
0x00007fffec340000 - 0x00007fffec452000 	C:\WINDOWS\System32\gdi32full.dll
0x00007fffec6f0000 - 0x00007fffec78d000 	C:\WINDOWS\System32\msvcp_win.dll
0x00007fffe6640000 - 0x00007fffe664a000 	C:\WINDOWS\SYSTEM32\VERSION.dll
0x00007fffee640000 - 0x00007fffee671000 	C:\WINDOWS\System32\IMM32.DLL
0x00007fffd88e0000 - 0x00007fffd88ec000 	C:\Program Files\Java\jdk-18.0.1.1\bin\vcruntime140_1.dll
0x00007fffd4fe0000 - 0x00007fffd506d000 	C:\Program Files\Java\jdk-18.0.1.1\bin\msvcp140.dll
0x00007fff4ee70000 - 0x00007fff4fa80000 	C:\Program Files\Java\jdk-18.0.1.1\bin\server\jvm.dll
0x00007fffecca0000 - 0x00007fffecca8000 	C:\WINDOWS\System32\PSAPI.DLL
0x00007fffe73c0000 - 0x00007fffe73c9000 	C:\WINDOWS\SYSTEM32\WSOCK32.dll
0x00007fffe6aa0000 - 0x00007fffe6ad3000 	C:\WINDOWS\SYSTEM32\WINMM.dll
0x00007fffee160000 - 0x00007fffee1cf000 	C:\WINDOWS\System32\WS2_32.dll
0x00007fffeafd0000 - 0x00007fffeafe8000 	C:\WINDOWS\SYSTEM32\kernel.appcore.dll
0x00007fffd88c0000 - 0x00007fffd88ca000 	C:\Program Files\Java\jdk-18.0.1.1\bin\jimage.dll
0x00007fffe9920000 - 0x00007fffe9b41000 	C:\WINDOWS\SYSTEM32\DBGHELP.DLL
0x00007fffdf790000 - 0x00007fffdf7c1000 	C:\WINDOWS\SYSTEM32\dbgcore.DLL
0x00007fffec2c0000 - 0x00007fffec33f000 	C:\WINDOWS\System32\bcryptPrimitives.dll
0x00007fffd4fb0000 - 0x00007fffd4fd5000 	C:\Program Files\Java\jdk-18.0.1.1\bin\java.dll
0x00007fffd1760000 - 0x00007fffd1836000 	C:\Program Files\Java\jdk-18.0.1.1\bin\jsvml.dll
0x00007fffed0c0000 - 0x00007fffed878000 	C:\WINDOWS\System32\SHELL32.dll
0x00007fffe9f60000 - 0x00007fffea7c7000 	C:\WINDOWS\SYSTEM32\windows.storage.dll
0x00007fffed8e0000 - 0x00007fffedc59000 	C:\WINDOWS\System32\combase.dll
0x00007fffe9df0000 - 0x00007fffe9f56000 	C:\WINDOWS\SYSTEM32\wintypes.dll
0x00007fffedcf0000 - 0x00007fffeddda000 	C:\WINDOWS\System32\SHCORE.dll
0x00007fffedeb0000 - 0x00007fffedf0d000 	C:\WINDOWS\System32\shlwapi.dll
0x00007fffebd10000 - 0x00007fffebd31000 	C:\WINDOWS\SYSTEM32\profapi.dll
0x00007fffd1740000 - 0x00007fffd1753000 	C:\Program Files\Java\jdk-18.0.1.1\bin\net.dll
0x00007fffe6280000 - 0x00007fffe638c000 	C:\WINDOWS\SYSTEM32\WINHTTP.dll
0x00007fffeb400000 - 0x00007fffeb467000 	C:\WINDOWS\system32\mswsock.dll
0x00007fffd1720000 - 0x00007fffd1736000 	C:\Program Files\Java\jdk-18.0.1.1\bin\nio.dll
0x00007fffd1700000 - 0x00007fffd1718000 	C:\Program Files\Java\jdk-18.0.1.1\bin\zip.dll
0x00007fffd8410000 - 0x00007fffd8420000 	C:\Program Files\Java\jdk-18.0.1.1\bin\verify.dll
0x00007fffd88f0000 - 0x00007fffd8917000 	C:\Program Files\Java\jre1.8.0_333\native\e1d6ef7f7dcc3fd88c89a11ec53ec762bb8ba0a96d01ffa2cd45eb1d1d8dd5c5\windows-amd64\native-platform.dll
0x00007fffd18c0000 - 0x00007fffd1a04000 	C:\Program Files\Java\jre1.8.0_333\native\5664cfc778a61ccfe75a443a1ab52a65af34e5dc3c78e0209fed803814484fcb\windows-amd64\native-platform-file-events.dll
0x00007fffe87a0000 - 0x00007fffe87a9000 	C:\Program Files\Java\jdk-18.0.1.1\bin\management.dll
0x00007fffe8790000 - 0x00007fffe879b000 	C:\Program Files\Java\jdk-18.0.1.1\bin\management_ext.dll
0x00007fffeb640000 - 0x00007fffeb658000 	C:\WINDOWS\SYSTEM32\CRYPTSP.dll
0x00007fffeaf30000 - 0x00007fffeaf65000 	C:\WINDOWS\system32\rsaenh.dll
0x00007fffeb4f0000 - 0x00007fffeb519000 	C:\WINDOWS\SYSTEM32\USERENV.dll
0x00007fffeb7c0000 - 0x00007fffeb7e7000 	C:\WINDOWS\SYSTEM32\bcrypt.dll
0x00007fffeb660000 - 0x00007fffeb66c000 	C:\WINDOWS\SYSTEM32\CRYPTBASE.dll
0x00007fffeab00000 - 0x00007fffeab2d000 	C:\WINDOWS\SYSTEM32\IPHLPAPI.DLL
0x00007fffecc90000 - 0x00007fffecc99000 	C:\WINDOWS\System32\NSI.dll
0x00007fffe6600000 - 0x00007fffe6619000 	C:\WINDOWS\SYSTEM32\dhcpcsvc6.DLL
0x00007fffe6810000 - 0x00007fffe682e000 	C:\WINDOWS\SYSTEM32\dhcpcsvc.DLL
0x00007fffeab70000 - 0x00007fffeac58000 	C:\WINDOWS\SYSTEM32\DNSAPI.dll

dbghelp: loaded successfully - version: 4.0.5 - missing functions: none
symbol engine: initialized successfully - sym options: 0x614 - pdb path: .;C:\Program Files\Java\jdk-18.0.1.1\bin;C:\WINDOWS\SYSTEM32;C:\WINDOWS\WinSxS\amd64_microsoft.windows.common-controls_6595b64144ccf1df_6.0.22000.120_none_9d947278b86cc467;C:\Program Files\Java\jdk-18.0.1.1\bin\server;C:\Program Files\Java\jre1.8.0_333\native\e1d6ef7f7dcc3fd88c89a11ec53ec762bb8ba0a96d01ffa2cd45eb1d1d8dd5c5\windows-amd64;C:\Program Files\Java\jre1.8.0_333\native\5664cfc778a61ccfe75a443a1ab52a65af34e5dc3c78e0209fed803814484fcb\windows-amd64

VM Arguments:
jvm_args: --add-opens=java.base/java.util=ALL-UNNAMED --add-opens=java.base/java.lang=ALL-UNNAMED --add-opens=java.base/java.lang.invoke=ALL-UNNAMED --add-opens=java.base/java.util=ALL-UNNAMED --add-opens=java.prefs/java.util.prefs=ALL-UNNAMED --add-opens=java.prefs/java.util.prefs=ALL-UNNAMED --add-opens=java.base/java.nio.charset=ALL-UNNAMED --add-opens=java.base/java.net=ALL-UNNAMED --add-opens=java.base/java.util.concurrent.atomic=ALL-UNNAMED -Xmx2048m -Dfile.encoding=UTF-8 -Duser.country=US -Duser.language=en -Duser.variant 
java_command: org.gradle.launcher.daemon.bootstrap.GradleDaemon 7.3.3
java_class_path (initial): C:\Program Files\Java\jre1.8.0_333\wrapper\dists\gradle-7.3.3-bin\6a41zxkdtcxs8rphpq6y0069z\gradle-7.3.3\lib\gradle-launcher-7.3.3.jar
Launcher Type: SUN_STANDARD

[Global flags]
     intx CICompilerCount                          = 4                                         {product} {ergonomic}
     uint ConcGCThreads                            = 2                                         {product} {ergonomic}
     uint G1ConcRefinementThreads                  = 8                                         {product} {ergonomic}
   size_t G1HeapRegionSize                         = 1048576                                   {product} {ergonomic}
    uintx GCDrainStackTargetSize                   = 64                                        {product} {ergonomic}
   size_t InitialHeapSize                          = 132120576                                 {product} {ergonomic}
   size_t MarkStackSize                            = 4194304                                   {product} {ergonomic}
   size_t MaxHeapSize                              = 2147483648                                {product} {command line}
   size_t MaxNewSize                               = 1287651328                                {product} {ergonomic}
   size_t MinHeapDeltaBytes                        = 1048576                                   {product} {ergonomic}
   size_t MinHeapSize                              = 8388608                                   {product} {ergonomic}
    uintx NonNMethodCodeHeapSize                   = 5839372                                {pd product} {ergonomic}
    uintx NonProfiledCodeHeapSize                  = 122909434                              {pd product} {ergonomic}
    uintx ProfiledCodeHeapSize                     = 122909434                              {pd product} {ergonomic}
    uintx ReservedCodeCacheSize                    = 251658240                              {pd product} {ergonomic}
     bool SegmentedCodeCache                       = true                                      {product} {ergonomic}
   size_t SoftMaxHeapSize                          = 2147483648                             {manageable} {ergonomic}
     bool UseCompressedClassPointers               = true                           {product lp64_product} {ergonomic}
     bool UseCompressedOops                        = true                           {product lp64_product} {ergonomic}
     bool UseG1GC                                  = true                                      {product} {ergonomic}
     bool UseLargePagesIndividualAllocation        = false                                  {pd product} {ergonomic}

Logging:
Log output configuration:
 #0: stdout all=warning uptime,level,tags foldmultilines=false
 #1: stderr all=off uptime,level,tags foldmultilines=false

Environment Variables:
JAVA_HOME=C:\Program Files\Java\jdk-18.0.1.1
PATH=C:\Program Files\Common Files\Oracle\Java\javapath;C:\Windows\system32;C:\Windows;C:\Windows\System32\Wbem;C:\Windows\System32\WindowsPowerShell\v1.0\;C:\Windows\System32\OpenSSH\;C:\Program Files (x86)\NVIDIA Corporation\PhysX\Common;C:\Program Files\NVIDIA Corporation\NVIDIA NvDLISR;F:\Git\cmd;C:\WINDOWS\system32;C:\WINDOWS;C:\WINDOWS\System32\Wbem;C:\WINDOWS\System32\WindowsPowerShell\v1.0\;C:\WINDOWS\System32\OpenSSH\;C:\Program Files\Java\jdk-18.0.1.1\bin;C:\Program Files\Java\jdk-18.0.1.1\bin;D:\flutter\bin;C:\Program Files\JetBrains\IntelliJ IDEA Community Edition 2021.3.2\bin;;C:\Users\NoteBook TANDIS\AppData\Local\Microsoft\WindowsApps;dart-sdk;;C:\Users\NoteBook TANDIS\AppData\Local\Programs\Microsoft VS Code\bin
USERNAME=NoteBook TANDIS
OS=Windows_NT
PROCESSOR_IDENTIFIER=Intel64 Family 6 Model 165 Stepping 2, GenuineIntel



---------------  S Y S T E M  ---------------

OS:
 Windows 11 , 64 bit Build 22000 (10.0.22000.708)
OS uptime: 0 days 0:33 hours

CPU: total 8 (initial active 8) (4 cores per cpu, 2 threads per core) family 6 model 165 stepping 2 microcode 0xea, cx8, cmov, fxsr, ht, mmx, 3dnowpref, sse, sse2, sse3, ssse3, sse4.1, sse4.2, popcnt, lzcnt, tsc, tscinvbit, avx, avx2, aes, erms, clmul, bmi1, bmi2, adx, fma, vzeroupper, clflush, clflushopt

Memory: 4k page, system-wide physical 8023M (361M free)
TotalPageFile size 11023M (AvailPageFile size 6M)
current process WorkingSet (physical memory assigned to process): 485M, peak: 487M
current process commit charge ("private bytes"): 530M, peak: 532M

vm_info: Java HotSpot(TM) 64-Bit Server VM (18.0.1.1+2-6) for windows-amd64 JRE (18.0.1.1+2-6), built on Apr 25 2022 21:53:15 by "mach5one" with MS VC++ 16.8 / 16.9 (VS2019)

END.
