#
# There is insufficient memory for the Java Runtime Environment to continue.
# Native memory allocation (malloc) failed to allocate 32744 bytes for Chunk::new
# Possible reasons:
#   The system is out of physical RAM or swap space
#   The process is running with CompressedOops enabled, and the Java Heap may be blocking the growth of the native heap
# Possible solutions:
#   Reduce memory load on the system
#   Increase physical memory or swap space
#   Check if swap backing store is full
#   Decrease Java heap size (-Xmx/-Xms)
#   Decrease number of Java threads
#   Decrease Java thread stack sizes (-Xss)
#   Set larger code cache with -XX:ReservedCodeCacheSize=
#   JVM is running with Unscaled Compressed Oops mode in which the Java heap is
#     placed in the first 4GB address space. The Java Heap base address is the
#     maximum limit for the native heap growth. Please use -XX:HeapBaseMinAddress
#     to set the Java Heap base and to place the Java Heap above 4GB virtual address.
# This output file may be truncated or incomplete.
#
#  Out of Memory Error (arena.cpp:184), pid=6076, tid=2564
#
# JRE version: Java(TM) SE Runtime Environment (18.0.1.1+2) (build 18.0.1.1+2-6)
# Java VM: Java HotSpot(TM) 64-Bit Server VM (18.0.1.1+2-6, mixed mode, sharing, tiered, compressed oops, compressed class ptrs, g1 gc, windows-amd64)
# No core dump will be written. Minidumps are not enabled by default on client versions of Windows
#

---------------  S U M M A R Y ------------

Command Line: --add-opens=java.base/java.util=ALL-UNNAMED --add-opens=java.base/java.lang=ALL-UNNAMED --add-opens=java.base/java.lang.invoke=ALL-UNNAMED --add-opens=java.base/java.util=ALL-UNNAMED --add-opens=java.prefs/java.util.prefs=ALL-UNNAMED --add-opens=java.prefs/java.util.prefs=ALL-UNNAMED --add-opens=java.base/java.nio.charset=ALL-UNNAMED --add-opens=java.base/java.net=ALL-UNNAMED --add-opens=java.base/java.util.concurrent.atomic=ALL-UNNAMED -Xmx2048m -Dfile.encoding=UTF-8 -Duser.country=US -Duser.language=en -Duser.variant org.gradle.launcher.daemon.bootstrap.GradleDaemon 7.3.3

Host: Intel(R) Core(TM) i5-10300H CPU @ 2.50GHz, 8 cores, 7G,  Windows 11 , 64 bit Build 22000 (10.0.22000.708)
Time: Mon Jul 11 12:27:25 2022 Iran Daylight Time elapsed time: 6.177225 seconds (0d 0h 0m 6s)

---------------  T H R E A D  ---------------

Current thread (0x00000270217a3030):  JavaThread "C1 CompilerThread0" daemon [_thread_in_native, id=2564, stack(0x000000994ec00000,0x000000994ed00000)]


Current CompileTask:
C1:   6177 7375       3       org.objectweb.asm.ClassReader::readCode (5109 bytes)

Stack: [0x000000994ec00000,0x000000994ed00000]
Native frames: (J=compiled Java code, j=interpreted, Vv=VM code, C=native code)
V  [jvm.dll+0x69887a]
V  [jvm.dll+0x7f38bd]
V  [jvm.dll+0x7f51ce]
V  [jvm.dll+0x7f5883]
V  [jvm.dll+0x25ca3f]
V  [jvm.dll+0xb8c2f]
V  [jvm.dll+0xb8fa5]
V  [jvm.dll+0x160f7c]
V  [jvm.dll+0x172245]
V  [jvm.dll+0x1601f0]
V  [jvm.dll+0x148d67]
V  [jvm.dll+0x1486cf]
V  [jvm.dll+0x148926]
V  [jvm.dll+0x147d9a]
V  [jvm.dll+0x149a81]
V  [jvm.dll+0x23e8ca]
V  [jvm.dll+0x23cbb5]
V  [jvm.dll+0x7a5fb1]
V  [jvm.dll+0x7a03ea]
V  [jvm.dll+0x697725]
C  [ucrtbase.dll+0x26c0c]
C  [KERNEL32.DLL+0x154e0]
C  [ntdll.dll+0x485b]


---------------  P R O C E S S  ---------------

Threads class SMR info:
_java_thread_list=0x000002702a338040, length=126, elements={
0x0000027003842410, 0x0000027021777660, 0x00000270217786d0, 0x0000027021791050,
0x0000027021792910, 0x00000270217932b0, 0x0000027021794460, 0x0000027021795130,
0x00000270217a3030, 0x00000270217c7140, 0x0000027025df7b80, 0x0000027025dfac90,
0x0000027025f24d50, 0x0000027026158090, 0x0000027027140760, 0x000002702760dc90,
0x000002702760c550, 0x0000027026ac3a60, 0x0000027027588c70, 0x00000270278ce8a0,
0x0000027026d91530, 0x0000027026c0e180, 0x00000270277835f0, 0x0000027027782780,
0x0000027027783120, 0x0000027027783ac0, 0x0000027027782c50, 0x00000270277852d0,
0x0000027027783f90, 0x00000270277822b0, 0x0000027027784460, 0x0000027027785c70,
0x00000270277857a0, 0x000002702a4feca0, 0x000002702a504810, 0x000002702a502b30,
0x000002702a503000, 0x000002702a4fe7d0, 0x000002702a5034d0, 0x000002702a501cc0,
0x000002702a500e50, 0x000002702a5039a0, 0x000002702a5051b0, 0x000002702a4fde30,
0x000002702a4fe300, 0x000002702a4ffb10, 0x000002702a503e70, 0x000002702a4fffe0,
0x000002702a501320, 0x000002702a5004b0, 0x000002702a500980, 0x0000027027784930,
0x000002702bdce0c0, 0x000002702bdc76e0, 0x000002702bdc8a20, 0x000002702bdc8550,
0x000002702bdcc8b0, 0x000002702bdc8ef0, 0x000002702bdcabd0, 0x000002702bdc6870,
0x000002702bdc93c0, 0x000002702bdc9890, 0x000002702bdc7210, 0x000002702bdcd250,
0x000002702bdcbf10, 0x000002702bdc7bb0, 0x000002702bdc8080, 0x000002702bdcd720,
0x000002702bdca700, 0x000002702bdca230, 0x000002702bdccd80, 0x000002702bdc9d60,
0x000002702bdcb0a0, 0x000002702bdcb570, 0x000002702bdcc3e0, 0x000002702bdcdbf0,
0x000002702bdcba40, 0x000002702bdc6d40, 0x0000027029a00eb0, 0x00000270299fae70,
0x00000270299fb340, 0x00000270299fe360, 0x00000270299fcb50, 0x00000270299fb810,
0x00000270299fc1b0, 0x00000270299ffb70, 0x00000270299fe830, 0x0000027029a01380,
0x00000270299fed00, 0x00000270299fa4d0, 0x00000270299ff1d0, 0x00000270299fd020,
0x00000270299ff6a0, 0x0000027029a01850, 0x0000027029a00040, 0x00000270299fbce0,
0x00000270299fa000, 0x0000027029a00510, 0x00000270299fc680, 0x0000027029a009e0,
0x00000270299fd4f0, 0x00000270299fa9a0, 0x00000270299fd9c0, 0x00000270299fde90,
0x000002702a876090, 0x000002702a878240, 0x000002702a876560, 0x000002702a8743b0,
0x000002702a874880, 0x000002702a87a3f0, 0x000002702a877d70, 0x000002702a874d50,
0x000002702a879a50, 0x000002702a875220, 0x000002702a8773d0, 0x000002702a873540,
0x000002702a875bc0, 0x000002702a878710, 0x000002702a879580, 0x000002702a87a8c0,
0x000002702a873a10, 0x000002702a879f20, 0x000002702a873ee0, 0x000002702a878be0,
0x000002702a876a30, 0x000002702a876f00
}

Java Threads: ( => current thread )
  0x0000027003842410 JavaThread "main" [_thread_blocked, id=2500, stack(0x000000994de00000,0x000000994df00000)]
  0x0000027021777660 JavaThread "Reference Handler" daemon [_thread_blocked, id=2016, stack(0x000000994e500000,0x000000994e600000)]
  0x00000270217786d0 JavaThread "Finalizer" daemon [_thread_blocked, id=8392, stack(0x000000994e600000,0x000000994e700000)]
  0x0000027021791050 JavaThread "Signal Dispatcher" daemon [_thread_blocked, id=14472, stack(0x000000994e700000,0x000000994e800000)]
  0x0000027021792910 JavaThread "Attach Listener" daemon [_thread_blocked, id=6832, stack(0x000000994e800000,0x000000994e900000)]
  0x00000270217932b0 JavaThread "Service Thread" daemon [_thread_blocked, id=15424, stack(0x000000994e900000,0x000000994ea00000)]
  0x0000027021794460 JavaThread "Monitor Deflation Thread" daemon [_thread_blocked, id=8652, stack(0x000000994ea00000,0x000000994eb00000)]
  0x0000027021795130 JavaThread "C2 CompilerThread0" daemon [_thread_in_native, id=6628, stack(0x000000994eb00000,0x000000994ec00000)]
=>0x00000270217a3030 JavaThread "C1 CompilerThread0" daemon [_thread_in_native, id=2564, stack(0x000000994ec00000,0x000000994ed00000)]
  0x00000270217c7140 JavaThread "Sweeper thread" daemon [_thread_blocked, id=11184, stack(0x000000994ed00000,0x000000994ee00000)]
  0x0000027025df7b80 JavaThread "Common-Cleaner" daemon [_thread_blocked, id=16500, stack(0x000000994ee00000,0x000000994ef00000)]
  0x0000027025dfac90 JavaThread "Notification Thread" daemon [_thread_blocked, id=7768, stack(0x000000994ef00000,0x000000994f000000)]
  0x0000027025f24d50 JavaThread "C2 CompilerThread1" daemon [_thread_in_native, id=10912, stack(0x000000994f100000,0x000000994f200000)]
  0x0000027026158090 JavaThread "C2 CompilerThread2" daemon [_thread_in_native, id=8808, stack(0x000000994f200000,0x000000994f300000)]
  0x0000027027140760 JavaThread "Daemon health stats" [_thread_blocked, id=16752, stack(0x000000994f700000,0x000000994f800000)]
  0x000002702760dc90 JavaThread "Incoming local TCP Connector on port 60116" [_thread_in_native, id=17020, stack(0x000000994f800000,0x000000994f900000)]
  0x000002702760c550 JavaThread "Daemon periodic checks" [_thread_blocked, id=8200, stack(0x000000994f900000,0x000000994fa00000)]
  0x0000027026ac3a60 JavaThread "Daemon" [_thread_blocked, id=13376, stack(0x000000994fa00000,0x000000994fb00000)]
  0x0000027027588c70 JavaThread "Handler for socket connection from /127.0.0.1:60116 to /127.0.0.1:60117" [_thread_in_native, id=15940, stack(0x000000994fb00000,0x000000994fc00000)]
  0x00000270278ce8a0 JavaThread "Cancel handler" [_thread_blocked, id=4268, stack(0x000000994fc00000,0x000000994fd00000)]
  0x0000027026d91530 JavaThread "Daemon worker" [_thread_in_Java, id=3464, stack(0x000000994fd00000,0x000000994fe00000)]
  0x0000027026c0e180 JavaThread "Asynchronous log dispatcher for DefaultDaemonConnection: socket connection from /127.0.0.1:60116 to /127.0.0.1:60117" [_thread_blocked, id=13652, stack(0x000000994fe00000,0x000000994ff00000)]
  0x00000270277835f0 JavaThread "Stdin handler" [_thread_blocked, id=1952, stack(0x000000994ff00000,0x0000009950000000)]
  0x0000027027782780 JavaThread "Daemon client event forwarder" [_thread_blocked, id=8888, stack(0x0000009950000000,0x0000009950100000)]
  0x0000027027783120 JavaThread "Cache worker for journal cache (C:\Program Files\Java\jre1.8.0_333\caches\journal-1)" [_thread_blocked, id=6760, stack(0x0000009950100000,0x0000009950200000)]
  0x0000027027783ac0 JavaThread "File lock request listener" [_thread_in_native, id=464, stack(0x0000009950200000,0x0000009950300000)]
  0x0000027027782c50 JavaThread "Cache worker for file hash cache (C:\Program Files\Java\jre1.8.0_333\caches\7.3.3\fileHashes)" [_thread_blocked, id=4544, stack(0x0000009950300000,0x0000009950400000)]
  0x00000270277852d0 JavaThread "Cache worker for file hash cache (D:\BatteryManager\.gradle\7.3.3\fileHashes)" [_thread_blocked, id=13412, stack(0x0000009950400000,0x0000009950500000)]
  0x0000027027783f90 JavaThread "File watcher server" daemon [_thread_in_native, id=16944, stack(0x0000009950800000,0x0000009950900000)]
  0x00000270277822b0 JavaThread "File watcher consumer" daemon [_thread_blocked, id=11132, stack(0x0000009950900000,0x0000009950a00000)]
  0x0000027027784460 JavaThread "jar transforms" [_thread_blocked, id=14672, stack(0x0000009950a00000,0x0000009950b00000)]
  0x0000027027785c70 JavaThread "jar transforms Thread 2" [_thread_blocked, id=16620, stack(0x0000009950b00000,0x0000009950c00000)]
  0x00000270277857a0 JavaThread "jar transforms Thread 3" [_thread_blocked, id=12300, stack(0x0000009950c00000,0x0000009950d00000)]
  0x000002702a4feca0 JavaThread "jar transforms Thread 4" [_thread_blocked, id=1976, stack(0x0000009950d00000,0x0000009950e00000)]
  0x000002702a504810 JavaThread "jar transforms Thread 5" [_thread_blocked, id=7008, stack(0x0000009950e00000,0x0000009950f00000)]
  0x000002702a502b30 JavaThread "jar transforms Thread 6" [_thread_blocked, id=10936, stack(0x0000009950f00000,0x0000009951000000)]
  0x000002702a503000 JavaThread "jar transforms Thread 7" [_thread_blocked, id=15180, stack(0x0000009951000000,0x0000009951100000)]
  0x000002702a4fe7d0 JavaThread "jar transforms Thread 8" [_thread_blocked, id=12992, stack(0x0000009951100000,0x0000009951200000)]
  0x000002702a5034d0 JavaThread "Cache worker for checksums cache (D:\BatteryManager\.gradle\7.3.3\checksums)" [_thread_blocked, id=12972, stack(0x0000009951300000,0x0000009951400000)]
  0x000002702a501cc0 JavaThread "Cache worker for cache directory md-supplier (C:\Program Files\Java\jre1.8.0_333\caches\7.3.3\md-supplier)" [_thread_blocked, id=2772, stack(0x0000009951400000,0x0000009951500000)]
  0x000002702a500e50 JavaThread "Cache worker for cache directory md-rule (C:\Program Files\Java\jre1.8.0_333\caches\7.3.3\md-rule)" [_thread_blocked, id=12140, stack(0x0000009951500000,0x0000009951600000)]
  0x000002702a5039a0 JavaThread "Cache worker for execution history cache (C:\Program Files\Java\jre1.8.0_333\caches\7.3.3\executionHistory)" [_thread_blocked, id=13956, stack(0x0000009951600000,0x0000009951700000)]
  0x000002702a5051b0 JavaThread "Cache worker for file content cache (C:\Program Files\Java\jre1.8.0_333\caches\7.3.3\fileContent)" [_thread_blocked, id=1728, stack(0x0000009951700000,0x0000009951800000)]
  0x000002702a4fde30 JavaThread "Cache worker for dependencies-accessors (D:\BatteryManager\.gradle\7.3.3\dependencies-accessors)" [_thread_blocked, id=16900, stack(0x0000009951800000,0x0000009951900000)]
  0x000002702a4fe300 JavaThread "Cache worker for Build Output Cleanup Cache (D:\BatteryManager\.gradle\buildOutputCleanup)" [_thread_blocked, id=3824, stack(0x0000009951900000,0x0000009951a00000)]
  0x000002702a4ffb10 JavaThread "Unconstrained build operations" [_thread_blocked, id=15772, stack(0x0000009951a00000,0x0000009951b00000)]
  0x000002702a503e70 JavaThread "Unconstrained build operations Thread 2" [_thread_blocked, id=11664, stack(0x0000009951b00000,0x0000009951c00000)]
  0x000002702a4fffe0 JavaThread "Unconstrained build operations Thread 3" [_thread_blocked, id=12840, stack(0x0000009951c00000,0x0000009951d00000)]
  0x000002702a501320 JavaThread "Unconstrained build operations Thread 4" [_thread_blocked, id=8868, stack(0x0000009951d00000,0x0000009951e00000)]
  0x000002702a5004b0 JavaThread "Unconstrained build operations Thread 5" [_thread_blocked, id=10268, stack(0x0000009951e00000,0x0000009951f00000)]
  0x000002702a500980 JavaThread "Unconstrained build operations Thread 6" [_thread_blocked, id=15552, stack(0x0000009951f00000,0x0000009952000000)]
  0x0000027027784930 JavaThread "Unconstrained build operations Thread 7" [_thread_blocked, id=7736, stack(0x0000009952000000,0x0000009952100000)]
  0x000002702bdce0c0 JavaThread "Unconstrained build operations Thread 8" [_thread_blocked, id=13728, stack(0x0000009952100000,0x0000009952200000)]
  0x000002702bdc76e0 JavaThread "Unconstrained build operations Thread 9" [_thread_blocked, id=8556, stack(0x0000009952200000,0x0000009952300000)]
  0x000002702bdc8a20 JavaThread "Unconstrained build operations Thread 10" [_thread_blocked, id=15948, stack(0x0000009952300000,0x0000009952400000)]
  0x000002702bdc8550 JavaThread "Unconstrained build operations Thread 11" [_thread_blocked, id=10344, stack(0x0000009952400000,0x0000009952500000)]
  0x000002702bdcc8b0 JavaThread "Unconstrained build operations Thread 12" [_thread_blocked, id=14896, stack(0x0000009952500000,0x0000009952600000)]
  0x000002702bdc8ef0 JavaThread "Unconstrained build operations Thread 13" [_thread_blocked, id=3792, stack(0x0000009952600000,0x0000009952700000)]
  0x000002702bdcabd0 JavaThread "Unconstrained build operations Thread 14" [_thread_blocked, id=15352, stack(0x0000009952700000,0x0000009952800000)]
  0x000002702bdc6870 JavaThread "Unconstrained build operations Thread 15" [_thread_blocked, id=11472, stack(0x0000009952800000,0x0000009952900000)]
  0x000002702bdc93c0 JavaThread "Unconstrained build operations Thread 16" [_thread_blocked, id=7216, stack(0x0000009952900000,0x0000009952a00000)]
  0x000002702bdc9890 JavaThread "Unconstrained build operations Thread 17" [_thread_blocked, id=8316, stack(0x0000009952a00000,0x0000009952b00000)]
  0x000002702bdc7210 JavaThread "Unconstrained build operations Thread 18" [_thread_blocked, id=1520, stack(0x0000009952b00000,0x0000009952c00000)]
  0x000002702bdcd250 JavaThread "Unconstrained build operations Thread 19" [_thread_blocked, id=3300, stack(0x0000009952c00000,0x0000009952d00000)]
  0x000002702bdcbf10 JavaThread "Unconstrained build operations Thread 20" [_thread_blocked, id=6072, stack(0x0000009952d00000,0x0000009952e00000)]
  0x000002702bdc7bb0 JavaThread "Unconstrained build operations Thread 21" [_thread_blocked, id=12824, stack(0x0000009952e00000,0x0000009952f00000)]
  0x000002702bdc8080 JavaThread "Unconstrained build operations Thread 22" [_thread_blocked, id=7896, stack(0x0000009952f00000,0x0000009953000000)]
  0x000002702bdcd720 JavaThread "Unconstrained build operations Thread 23" [_thread_blocked, id=17152, stack(0x0000009953000000,0x0000009953100000)]
  0x000002702bdca700 JavaThread "Unconstrained build operations Thread 24" [_thread_blocked, id=16948, stack(0x0000009953100000,0x0000009953200000)]
  0x000002702bdca230 JavaThread "Unconstrained build operations Thread 25" [_thread_blocked, id=11492, stack(0x0000009953200000,0x0000009953300000)]
  0x000002702bdccd80 JavaThread "Unconstrained build operations Thread 26" [_thread_blocked, id=15796, stack(0x0000009953300000,0x0000009953400000)]
  0x000002702bdc9d60 JavaThread "Unconstrained build operations Thread 27" [_thread_blocked, id=12600, stack(0x0000009953400000,0x0000009953500000)]
  0x000002702bdcb0a0 JavaThread "Unconstrained build operations Thread 28" [_thread_blocked, id=12976, stack(0x0000009953500000,0x0000009953600000)]
  0x000002702bdcb570 JavaThread "Unconstrained build operations Thread 29" [_thread_blocked, id=15764, stack(0x0000009953600000,0x0000009953700000)]
  0x000002702bdcc3e0 JavaThread "Unconstrained build operations Thread 30" [_thread_blocked, id=13212, stack(0x0000009953700000,0x0000009953800000)]
  0x000002702bdcdbf0 JavaThread "Unconstrained build operations Thread 31" [_thread_blocked, id=12484, stack(0x0000009953800000,0x0000009953900000)]
  0x000002702bdcba40 JavaThread "Unconstrained build operations Thread 32" [_thread_blocked, id=8224, stack(0x0000009953900000,0x0000009953a00000)]
  0x000002702bdc6d40 JavaThread "Unconstrained build operations Thread 33" [_thread_blocked, id=7660, stack(0x0000009953a00000,0x0000009953b00000)]
  0x0000027029a00eb0 JavaThread "Unconstrained build operations Thread 34" [_thread_blocked, id=13108, stack(0x0000009953b00000,0x0000009953c00000)]
  0x00000270299fae70 JavaThread "Unconstrained build operations Thread 35" [_thread_blocked, id=9524, stack(0x0000009953c00000,0x0000009953d00000)]
  0x00000270299fb340 JavaThread "Unconstrained build operations Thread 36" [_thread_blocked, id=5544, stack(0x0000009953d00000,0x0000009953e00000)]
  0x00000270299fe360 JavaThread "Unconstrained build operations Thread 37" [_thread_blocked, id=2292, stack(0x0000009953e00000,0x0000009953f00000)]
  0x00000270299fcb50 JavaThread "Unconstrained build operations Thread 38" [_thread_blocked, id=15408, stack(0x0000009953f00000,0x0000009954000000)]
  0x00000270299fb810 JavaThread "Unconstrained build operations Thread 39" [_thread_blocked, id=9540, stack(0x0000009954000000,0x0000009954100000)]
  0x00000270299fc1b0 JavaThread "Unconstrained build operations Thread 40" [_thread_blocked, id=3168, stack(0x0000009954100000,0x0000009954200000)]
  0x00000270299ffb70 JavaThread "Unconstrained build operations Thread 41" [_thread_blocked, id=16756, stack(0x0000009954200000,0x0000009954300000)]
  0x00000270299fe830 JavaThread "Unconstrained build operations Thread 42" [_thread_blocked, id=4892, stack(0x0000009954300000,0x0000009954400000)]
  0x0000027029a01380 JavaThread "Unconstrained build operations Thread 43" [_thread_blocked, id=10136, stack(0x0000009954400000,0x0000009954500000)]
  0x00000270299fed00 JavaThread "Unconstrained build operations Thread 44" [_thread_blocked, id=4912, stack(0x0000009954500000,0x0000009954600000)]
  0x00000270299fa4d0 JavaThread "Unconstrained build operations Thread 45" [_thread_blocked, id=1768, stack(0x0000009954600000,0x0000009954700000)]
  0x00000270299ff1d0 JavaThread "Unconstrained build operations Thread 46" [_thread_blocked, id=1580, stack(0x0000009954700000,0x0000009954800000)]
  0x00000270299fd020 JavaThread "Unconstrained build operations Thread 47" [_thread_blocked, id=4752, stack(0x0000009954800000,0x0000009954900000)]
  0x00000270299ff6a0 JavaThread "Unconstrained build operations Thread 48" [_thread_blocked, id=5552, stack(0x0000009954900000,0x0000009954a00000)]
  0x0000027029a01850 JavaThread "Unconstrained build operations Thread 49" [_thread_blocked, id=13176, stack(0x0000009954a00000,0x0000009954b00000)]
  0x0000027029a00040 JavaThread "Unconstrained build operations Thread 50" [_thread_blocked, id=13408, stack(0x0000009954b00000,0x0000009954c00000)]
  0x00000270299fbce0 JavaThread "Unconstrained build operations Thread 51" [_thread_blocked, id=3188, stack(0x0000009954c00000,0x0000009954d00000)]
  0x00000270299fa000 JavaThread "Unconstrained build operations Thread 52" [_thread_blocked, id=16788, stack(0x0000009954d00000,0x0000009954e00000)]
  0x0000027029a00510 JavaThread "Unconstrained build operations Thread 53" [_thread_blocked, id=16548, stack(0x0000009954e00000,0x0000009954f00000)]
  0x00000270299fc680 JavaThread "Unconstrained build operations Thread 54" [_thread_blocked, id=8076, stack(0x0000009954f00000,0x0000009955000000)]
  0x0000027029a009e0 JavaThread "Unconstrained build operations Thread 55" [_thread_blocked, id=16860, stack(0x0000009955000000,0x0000009955100000)]
  0x00000270299fd4f0 JavaThread "Unconstrained build operations Thread 56" [_thread_blocked, id=13828, stack(0x0000009955100000,0x0000009955200000)]
  0x00000270299fa9a0 JavaThread "Unconstrained build operations Thread 57" [_thread_blocked, id=16180, stack(0x0000009955200000,0x0000009955300000)]
  0x00000270299fd9c0 JavaThread "Unconstrained build operations Thread 58" [_thread_blocked, id=14952, stack(0x0000009955300000,0x0000009955400000)]
  0x00000270299fde90 JavaThread "Unconstrained build operations Thread 59" [_thread_blocked, id=5332, stack(0x0000009955400000,0x0000009955500000)]
  0x000002702a876090 JavaThread "Unconstrained build operations Thread 60" [_thread_blocked, id=6080, stack(0x0000009955500000,0x0000009955600000)]
  0x000002702a878240 JavaThread "Unconstrained build operations Thread 61" [_thread_blocked, id=10400, stack(0x0000009955600000,0x0000009955700000)]
  0x000002702a876560 JavaThread "Unconstrained build operations Thread 62" [_thread_blocked, id=2700, stack(0x0000009955700000,0x0000009955800000)]
  0x000002702a8743b0 JavaThread "Unconstrained build operations Thread 63" [_thread_blocked, id=14024, stack(0x0000009955800000,0x0000009955900000)]
  0x000002702a874880 JavaThread "Unconstrained build operations Thread 64" [_thread_blocked, id=16128, stack(0x0000009955900000,0x0000009955a00000)]
  0x000002702a87a3f0 JavaThread "Unconstrained build operations Thread 65" [_thread_blocked, id=16300, stack(0x0000009955a00000,0x0000009955b00000)]
  0x000002702a877d70 JavaThread "Unconstrained build operations Thread 66" [_thread_blocked, id=13592, stack(0x0000009955b00000,0x0000009955c00000)]
  0x000002702a874d50 JavaThread "Unconstrained build operations Thread 67" [_thread_blocked, id=16556, stack(0x0000009955c00000,0x0000009955d00000)]
  0x000002702a879a50 JavaThread "Unconstrained build operations Thread 68" [_thread_blocked, id=11072, stack(0x0000009955d00000,0x0000009955e00000)]
  0x000002702a875220 JavaThread "Unconstrained build operations Thread 69" [_thread_blocked, id=5508, stack(0x0000009955e00000,0x0000009955f00000)]
  0x000002702a8773d0 JavaThread "Unconstrained build operations Thread 70" [_thread_blocked, id=16588, stack(0x0000009955f00000,0x0000009956000000)]
  0x000002702a873540 JavaThread "Unconstrained build operations Thread 71" [_thread_blocked, id=9416, stack(0x0000009956000000,0x0000009956100000)]
  0x000002702a875bc0 JavaThread "Unconstrained build operations Thread 72" [_thread_blocked, id=2208, stack(0x0000009956100000,0x0000009956200000)]
  0x000002702a878710 JavaThread "Unconstrained build operations Thread 73" [_thread_blocked, id=11556, stack(0x0000009956200000,0x0000009956300000)]
  0x000002702a879580 JavaThread "Unconstrained build operations Thread 74" [_thread_blocked, id=2904, stack(0x0000009956300000,0x0000009956400000)]
  0x000002702a87a8c0 JavaThread "Unconstrained build operations Thread 75" [_thread_blocked, id=15924, stack(0x0000009956400000,0x0000009956500000)]
  0x000002702a873a10 JavaThread "Unconstrained build operations Thread 76" [_thread_blocked, id=11076, stack(0x0000009956500000,0x0000009956600000)]
  0x000002702a879f20 JavaThread "Unconstrained build operations Thread 77" [_thread_blocked, id=4136, stack(0x0000009956600000,0x0000009956700000)]
  0x000002702a873ee0 JavaThread "Unconstrained build operations Thread 78" [_thread_blocked, id=10888, stack(0x0000009956700000,0x0000009956800000)]
  0x000002702a878be0 JavaThread "Unconstrained build operations Thread 79" [_thread_blocked, id=14656, stack(0x0000009956800000,0x0000009956900000)]
  0x000002702a876a30 JavaThread "Unconstrained build operations Thread 80" [_thread_blocked, id=14752, stack(0x0000009956900000,0x0000009956a00000)]
  0x000002702a876f00 JavaThread "Memory manager" [_thread_blocked, id=3248, stack(0x0000009956a00000,0x0000009956b00000)]

Other Threads:
  0x0000027021772870 VMThread "VM Thread" [stack: 0x000000994e400000,0x000000994e500000] [id=6092]
  0x0000027025dff980 WatcherThread "VM Periodic Task Thread" [stack: 0x000000994f000000,0x000000994f100000] [id=10576]
  0x00000270038a4790 WorkerThread "GC Thread#0" [stack: 0x000000994df00000,0x000000994e000000] [id=15996]
  0x00000270268b0650 WorkerThread "GC Thread#1" [stack: 0x000000994f300000,0x000000994f400000] [id=12956]
  0x00000270268b08f0 WorkerThread "GC Thread#2" [stack: 0x000000994f400000,0x000000994f500000] [id=14308]
  0x000002702688d8f0 WorkerThread "GC Thread#3" [stack: 0x000000994f500000,0x000000994f600000] [id=13352]
  0x0000027027593f30 WorkerThread "GC Thread#4" [stack: 0x000000994f600000,0x000000994f700000] [id=13684]
  0x0000027026b34100 WorkerThread "GC Thread#5" [stack: 0x0000009950500000,0x0000009950600000] [id=12504]
  0x0000027026b35600 WorkerThread "GC Thread#6" [stack: 0x0000009950600000,0x0000009950700000] [id=17024]
  0x0000027026b34e20 WorkerThread "GC Thread#7" [stack: 0x0000009950700000,0x0000009950800000] [id=12480]
  0x00000270038b66d0 ConcurrentGCThread "G1 Main Marker" [stack: 0x000000994e000000,0x000000994e100000] [id=452]
  0x00000270038b7860 WorkerThread "G1 Conc#0" [stack: 0x000000994e100000,0x000000994e200000] [id=9928]
  0x0000027026b35360 WorkerThread "G1 Conc#1" [stack: 0x0000009951200000,0x0000009951300000] [id=16448]
  0x00000270038f57a0 ConcurrentGCThread "G1 Refine#0" [stack: 0x000000994e200000,0x000000994e300000] [id=3332]
  0x00000270038f60b0 ConcurrentGCThread "G1 Service" [stack: 0x000000994e300000,0x000000994e400000] [id=9244]

Threads with active compile tasks:
C2 CompilerThread0     6202 7208       4       sun.reflect.generics.parser.SignatureParser::parsePackageNameAndSimpleClassTypeSignature (119 bytes)
C1 CompilerThread0     6202 7375       3       org.objectweb.asm.ClassReader::readCode (5109 bytes)
C2 CompilerThread1     6202 7373   !   4       sun.net.www.ParseUtil::decode (317 bytes)
C2 CompilerThread2     6202 7320 %     4       org.gradle.internal.instantiation.generator.AbstractClassGenerator::inspectType @ 107 (560 bytes)

VM state: not at safepoint (normal execution)

VM Mutex/Monitor currently owned by a thread: None

Heap address: 0x0000000080000000, size: 2048 MB, Compressed Oops mode: 32-bit

CDS archive(s) mapped at: [0x0000000800000000-0x0000000800ba0000-0x0000000800ba0000), size 12189696, SharedBaseAddress: 0x0000000800000000, ArchiveRelocationMode: 0.
Compressed class space mapped at: 0x0000000800c00000-0x0000000840c00000, reserved size: 1073741824
Narrow klass base: 0x0000000800000000, Narrow klass shift: 0, Narrow klass range: 0x100000000

GC Precious Log:
 CardTable entry size: 512
 Card Set container configuration: InlinePtr #cards 5 size 8 Array Of Cards #cards 12 size 40 Howl #buckets 4 coarsen threshold 1843 Howl Bitmap #cards 512 size 80 coarsen threshold 460 Card regions per heap region 1 cards per card region 2048
 CPUs: 8 total, 8 available
 Memory: 8023M
 Large Page Support: Disabled
 NUMA Support: Disabled
 Compressed Oops: Enabled (32-bit)
 Heap Region Size: 1M
 Heap Min Capacity: 8M
 Heap Initial Capacity: 126M
 Heap Max Capacity: 2G
 Pre-touch: Disabled
 Parallel Workers: 8
 Concurrent Workers: 2
 Concurrent Refinement Workers: 8
 Periodic GC: Disabled

Heap:
 garbage-first heap   total 159744K, used 87347K [0x0000000080000000, 0x0000000100000000)
  region size 1024K, 4 young (4096K), 2 survivors (2048K)
 Metaspace       used 59429K, committed 61120K, reserved 1114112K
  class space    used 7968K, committed 8832K, reserved 1048576K

Heap Regions: E=young(eden), S=young(survivor), O=old, HS=humongous(starts), HC=humongous(continues), CS=collection set, F=free, OA=open archive, CA=closed archive, TAMS=top-at-mark-start (previous, next)
|   0|0x0000000080000000, 0x0000000080100000, 0x0000000080100000|100%| O|  |TAMS 0x0000000080100000, 0x0000000080100000| Untracked 
|   1|0x0000000080100000, 0x0000000080200000, 0x0000000080200000|100%| O|  |TAMS 0x0000000080200000, 0x0000000080200000| Untracked 
|   2|0x0000000080200000, 0x0000000080300000, 0x0000000080300000|100%| O|  |TAMS 0x0000000080300000, 0x0000000080300000| Untracked 
|   3|0x0000000080300000, 0x0000000080400000, 0x0000000080400000|100%|HS|  |TAMS 0x0000000080400000, 0x0000000080400000| Complete 
|   4|0x0000000080400000, 0x0000000080500000, 0x0000000080500000|100%|HC|  |TAMS 0x0000000080500000, 0x0000000080500000| Complete 
|   5|0x0000000080500000, 0x0000000080600000, 0x0000000080600000|100%|HC|  |TAMS 0x0000000080600000, 0x0000000080600000| Complete 
|   6|0x0000000080600000, 0x0000000080700000, 0x0000000080700000|100%| O|  |TAMS 0x0000000080700000, 0x0000000080700000| Untracked 
|   7|0x0000000080700000, 0x0000000080800000, 0x0000000080800000|100%| O|  |TAMS 0x0000000080800000, 0x0000000080800000| Untracked 
|   8|0x0000000080800000, 0x0000000080900000, 0x0000000080900000|100%| O|  |TAMS 0x0000000080900000, 0x0000000080900000| Untracked 
|   9|0x0000000080900000, 0x0000000080a00000, 0x0000000080a00000|100%| O|  |TAMS 0x0000000080a00000, 0x0000000080a00000| Untracked 
|  10|0x0000000080a00000, 0x0000000080b00000, 0x0000000080b00000|100%|HS|  |TAMS 0x0000000080b00000, 0x0000000080b00000| Complete 
|  11|0x0000000080b00000, 0x0000000080c00000, 0x0000000080c00000|100%|HC|  |TAMS 0x0000000080c00000, 0x0000000080c00000| Complete 
|  12|0x0000000080c00000, 0x0000000080d00000, 0x0000000080d00000|100%|HS|  |TAMS 0x0000000080d00000, 0x0000000080d00000| Complete 
|  13|0x0000000080d00000, 0x0000000080e00000, 0x0000000080e00000|100%|HC|  |TAMS 0x0000000080e00000, 0x0000000080e00000| Complete 
|  14|0x0000000080e00000, 0x0000000080f00000, 0x0000000080f00000|100%|HC|  |TAMS 0x0000000080f00000, 0x0000000080f00000| Complete 
|  15|0x0000000080f00000, 0x0000000081000000, 0x0000000081000000|100%|HS|  |TAMS 0x0000000081000000, 0x0000000081000000| Complete 
|  16|0x0000000081000000, 0x0000000081100000, 0x0000000081100000|100%|HS|  |TAMS 0x0000000081100000, 0x0000000081100000| Complete 
|  17|0x0000000081100000, 0x0000000081200000, 0x0000000081200000|100%|HC|  |TAMS 0x0000000081200000, 0x0000000081200000| Complete 
|  18|0x0000000081200000, 0x0000000081300000, 0x0000000081300000|100%|HC|  |TAMS 0x0000000081300000, 0x0000000081300000| Complete 
|  19|0x0000000081300000, 0x0000000081400000, 0x0000000081400000|100%|HC|  |TAMS 0x0000000081400000, 0x0000000081400000| Complete 
|  20|0x0000000081400000, 0x0000000081500000, 0x0000000081500000|100%| O|  |TAMS 0x0000000081500000, 0x0000000081500000| Untracked 
|  21|0x0000000081500000, 0x0000000081600000, 0x0000000081600000|100%| O|  |TAMS 0x0000000081600000, 0x0000000081600000| Untracked 
|  22|0x0000000081600000, 0x0000000081700000, 0x0000000081700000|100%| O|  |TAMS 0x0000000081700000, 0x0000000081700000| Untracked 
|  23|0x0000000081700000, 0x0000000081800000, 0x0000000081800000|100%| O|  |TAMS 0x0000000081800000, 0x0000000081800000| Untracked 
|  24|0x0000000081800000, 0x0000000081900000, 0x0000000081900000|100%| O|  |TAMS 0x0000000081900000, 0x0000000081900000| Untracked 
|  25|0x0000000081900000, 0x0000000081a00000, 0x0000000081a00000|100%| O|  |TAMS 0x0000000081a00000, 0x0000000081a00000| Untracked 
|  26|0x0000000081a00000, 0x0000000081b00000, 0x0000000081b00000|100%| O|  |TAMS 0x0000000081b00000, 0x0000000081b00000| Untracked 
|  27|0x0000000081b00000, 0x0000000081c00000, 0x0000000081c00000|100%| O|  |TAMS 0x0000000081c00000, 0x0000000081c00000| Untracked 
|  28|0x0000000081c00000, 0x0000000081d00000, 0x0000000081d00000|100%|HS|  |TAMS 0x0000000081d00000, 0x0000000081d00000| Complete 
|  29|0x0000000081d00000, 0x0000000081e00000, 0x0000000081e00000|100%| O|  |TAMS 0x0000000081e00000, 0x0000000081e00000| Untracked 
|  30|0x0000000081e00000, 0x0000000081f00000, 0x0000000081f00000|100%| O|  |TAMS 0x0000000081f00000, 0x0000000081f00000| Untracked 
|  31|0x0000000081f00000, 0x0000000082000000, 0x0000000082000000|100%| O|  |TAMS 0x0000000082000000, 0x0000000082000000| Untracked 
|  32|0x0000000082000000, 0x0000000082100000, 0x0000000082100000|100%| O|  |TAMS 0x0000000082100000, 0x0000000082100000| Untracked 
|  33|0x0000000082100000, 0x0000000082200000, 0x0000000082200000|100%| O|  |TAMS 0x0000000082200000, 0x0000000082200000| Untracked 
|  34|0x0000000082200000, 0x0000000082300000, 0x0000000082300000|100%| O|  |TAMS 0x0000000082300000, 0x0000000082300000| Untracked 
|  35|0x0000000082300000, 0x0000000082400000, 0x0000000082400000|100%| O|  |TAMS 0x0000000082400000, 0x0000000082400000| Untracked 
|  36|0x0000000082400000, 0x0000000082500000, 0x0000000082500000|100%| O|  |TAMS 0x0000000082500000, 0x0000000082500000| Untracked 
|  37|0x0000000082500000, 0x0000000082600000, 0x0000000082600000|100%| O|  |TAMS 0x0000000082600000, 0x0000000082600000| Untracked 
|  38|0x0000000082600000, 0x0000000082700000, 0x0000000082700000|100%| O|  |TAMS 0x0000000082700000, 0x0000000082700000| Untracked 
|  39|0x0000000082700000, 0x0000000082800000, 0x0000000082800000|100%| O|  |TAMS 0x0000000082800000, 0x0000000082800000| Untracked 
|  40|0x0000000082800000, 0x0000000082900000, 0x0000000082900000|100%|HS|  |TAMS 0x0000000082900000, 0x0000000082900000| Complete 
|  41|0x0000000082900000, 0x0000000082a00000, 0x0000000082a00000|100%|HC|  |TAMS 0x0000000082a00000, 0x0000000082a00000| Complete 
|  42|0x0000000082a00000, 0x0000000082b00000, 0x0000000082b00000|100%|HC|  |TAMS 0x0000000082b00000, 0x0000000082b00000| Complete 
|  43|0x0000000082b00000, 0x0000000082c00000, 0x0000000082c00000|100%| O|  |TAMS 0x0000000082c00000, 0x0000000082c00000| Untracked 
|  44|0x0000000082c00000, 0x0000000082d00000, 0x0000000082d00000|100%| O|  |TAMS 0x0000000082d00000, 0x0000000082d00000| Untracked 
|  45|0x0000000082d00000, 0x0000000082e00000, 0x0000000082e00000|100%| O|  |TAMS 0x0000000082e00000, 0x0000000082e00000| Untracked 
|  46|0x0000000082e00000, 0x0000000082f00000, 0x0000000082f00000|100%| O|  |TAMS 0x0000000082f00000, 0x0000000082f00000| Untracked 
|  47|0x0000000082f00000, 0x0000000083000000, 0x0000000083000000|100%|HS|  |TAMS 0x0000000083000000, 0x0000000083000000| Complete 
|  48|0x0000000083000000, 0x0000000083100000, 0x0000000083100000|100%|HC|  |TAMS 0x0000000083100000, 0x0000000083100000| Complete 
|  49|0x0000000083100000, 0x0000000083200000, 0x0000000083200000|100%|HC|  |TAMS 0x0000000083200000, 0x0000000083200000| Complete 
|  50|0x0000000083200000, 0x0000000083300000, 0x0000000083300000|100%|HC|  |TAMS 0x0000000083300000, 0x0000000083300000| Complete 
|  51|0x0000000083300000, 0x0000000083400000, 0x0000000083400000|100%| O|  |TAMS 0x0000000083400000, 0x0000000083400000| Untracked 
|  52|0x0000000083400000, 0x0000000083500000, 0x0000000083500000|100%| O|  |TAMS 0x0000000083500000, 0x0000000083500000| Untracked 
|  53|0x0000000083500000, 0x0000000083600000, 0x0000000083600000|100%| O|  |TAMS 0x0000000083600000, 0x0000000083600000| Untracked 
|  54|0x0000000083600000, 0x0000000083700000, 0x0000000083700000|100%| O|  |TAMS 0x0000000083700000, 0x0000000083700000| Untracked 
|  55|0x0000000083700000, 0x0000000083800000, 0x0000000083800000|100%| O|  |TAMS 0x0000000083800000, 0x0000000083800000| Untracked 
|  56|0x0000000083800000, 0x0000000083900000, 0x0000000083900000|100%| O|  |TAMS 0x0000000083900000, 0x0000000083900000| Untracked 
|  57|0x0000000083900000, 0x0000000083a00000, 0x0000000083a00000|100%| O|  |TAMS 0x0000000083a00000, 0x0000000083a00000| Untracked 
|  58|0x0000000083a00000, 0x0000000083b00000, 0x0000000083b00000|100%| O|  |TAMS 0x0000000083b00000, 0x0000000083b00000| Untracked 
|  59|0x0000000083b00000, 0x0000000083c00000, 0x0000000083c00000|100%|HS|  |TAMS 0x0000000083c00000, 0x0000000083c00000| Complete 
|  60|0x0000000083c00000, 0x0000000083d00000, 0x0000000083d00000|100%|HS|  |TAMS 0x0000000083d00000, 0x0000000083d00000| Complete 
|  61|0x0000000083d00000, 0x0000000083e00000, 0x0000000083e00000|100%|HS|  |TAMS 0x0000000083e00000, 0x0000000083e00000| Complete 
|  62|0x0000000083e00000, 0x0000000083f00000, 0x0000000083f00000|100%|HS|  |TAMS 0x0000000083f00000, 0x0000000083f00000| Complete 
|  63|0x0000000083f00000, 0x0000000084000000, 0x0000000084000000|100%|HC|  |TAMS 0x0000000084000000, 0x0000000084000000| Complete 
|  64|0x0000000084000000, 0x0000000084100000, 0x0000000084100000|100%|HC|  |TAMS 0x0000000084100000, 0x0000000084100000| Complete 
|  65|0x0000000084100000, 0x0000000084200000, 0x0000000084200000|100%| O|  |TAMS 0x0000000084200000, 0x0000000084200000| Untracked 
|  66|0x0000000084200000, 0x0000000084300000, 0x0000000084300000|100%| O|  |TAMS 0x0000000084300000, 0x0000000084300000| Untracked 
|  67|0x0000000084300000, 0x0000000084400000, 0x0000000084400000|100%|HS|  |TAMS 0x0000000084400000, 0x0000000084400000| Complete 
|  68|0x0000000084400000, 0x0000000084500000, 0x0000000084500000|100%|HC|  |TAMS 0x0000000084500000, 0x0000000084500000| Complete 
|  69|0x0000000084500000, 0x0000000084600000, 0x0000000084600000|100%| O|  |TAMS 0x0000000084600000, 0x0000000084600000| Untracked 
|  70|0x0000000084600000, 0x0000000084700000, 0x0000000084700000|100%| O|  |TAMS 0x0000000084700000, 0x0000000084700000| Untracked 
|  71|0x0000000084700000, 0x0000000084800000, 0x0000000084800000|100%| O|  |TAMS 0x0000000084800000, 0x0000000084800000| Untracked 
|  72|0x0000000084800000, 0x0000000084900000, 0x0000000084900000|100%| O|  |TAMS 0x0000000084900000, 0x0000000084900000| Untracked 
|  73|0x0000000084900000, 0x0000000084a00000, 0x0000000084a00000|100%| O|  |TAMS 0x0000000084a00000, 0x0000000084a00000| Untracked 
|  74|0x0000000084a00000, 0x0000000084b00000, 0x0000000084b00000|100%| O|  |TAMS 0x0000000084b00000, 0x0000000084b00000| Untracked 
|  75|0x0000000084b00000, 0x0000000084c00000, 0x0000000084c00000|100%| O|  |TAMS 0x0000000084bc3600, 0x0000000084c00000| Untracked 
|  76|0x0000000084c00000, 0x0000000084d00000, 0x0000000084d00000|100%| O|  |TAMS 0x0000000084c00000, 0x0000000084d00000| Untracked 
|  77|0x0000000084d00000, 0x0000000084e00000, 0x0000000084e00000|100%| O|  |TAMS 0x0000000084d00000, 0x0000000084d14e00| Untracked 
|  78|0x0000000084e00000, 0x0000000084f00000, 0x0000000084f00000|100%| O|  |TAMS 0x0000000084e00000, 0x0000000084e00000| Untracked 
|  79|0x0000000084f00000, 0x0000000085000000, 0x0000000085000000|100%| O|  |TAMS 0x0000000084f00000, 0x0000000084f00000| Untracked 
|  80|0x0000000085000000, 0x0000000085100000, 0x0000000085100000|100%| O|  |TAMS 0x0000000085000000, 0x0000000085000000| Untracked 
|  81|0x0000000085100000, 0x0000000085200000, 0x0000000085200000|100%| O|  |TAMS 0x0000000085100000, 0x0000000085100000| Untracked 
|  82|0x0000000085200000, 0x0000000085217600, 0x0000000085300000|  9%| O|  |TAMS 0x0000000085200000, 0x0000000085200000| Untracked 
|  83|0x0000000085300000, 0x0000000085400000, 0x0000000085400000|100%|HS|  |TAMS 0x0000000085300000, 0x0000000085300000| Complete 
|  84|0x0000000085400000, 0x0000000085400000, 0x0000000085500000|  0%| F|  |TAMS 0x0000000085400000, 0x0000000085400000| Untracked 
|  85|0x0000000085500000, 0x0000000085500000, 0x0000000085600000|  0%| F|  |TAMS 0x0000000085500000, 0x0000000085500000| Untracked 
|  86|0x0000000085600000, 0x0000000085600000, 0x0000000085700000|  0%| F|  |TAMS 0x0000000085600000, 0x0000000085600000| Untracked 
|  87|0x0000000085700000, 0x0000000085700000, 0x0000000085800000|  0%| F|  |TAMS 0x0000000085700000, 0x0000000085700000| Untracked 
|  88|0x0000000085800000, 0x0000000085800000, 0x0000000085900000|  0%| F|  |TAMS 0x0000000085800000, 0x0000000085800000| Untracked 
|  89|0x0000000085900000, 0x0000000085900000, 0x0000000085a00000|  0%| F|  |TAMS 0x0000000085900000, 0x0000000085900000| Untracked 
|  90|0x0000000085a00000, 0x0000000085a00000, 0x0000000085b00000|  0%| F|  |TAMS 0x0000000085a00000, 0x0000000085a00000| Untracked 
|  91|0x0000000085b00000, 0x0000000085b00000, 0x0000000085c00000|  0%| F|  |TAMS 0x0000000085b00000, 0x0000000085b00000| Untracked 
|  92|0x0000000085c00000, 0x0000000085c00000, 0x0000000085d00000|  0%| F|  |TAMS 0x0000000085c00000, 0x0000000085c00000| Untracked 
|  93|0x0000000085d00000, 0x0000000085d00000, 0x0000000085e00000|  0%| F|  |TAMS 0x0000000085d00000, 0x0000000085d00000| Untracked 
|  94|0x0000000085e00000, 0x0000000085e00000, 0x0000000085f00000|  0%| F|  |TAMS 0x0000000085e00000, 0x0000000085e00000| Untracked 
|  95|0x0000000085f00000, 0x0000000085f00000, 0x0000000086000000|  0%| F|  |TAMS 0x0000000085f00000, 0x0000000085f00000| Untracked 
|  96|0x0000000086000000, 0x0000000086000000, 0x0000000086100000|  0%| F|  |TAMS 0x0000000086000000, 0x0000000086000000| Untracked 
|  97|0x0000000086100000, 0x0000000086100000, 0x0000000086200000|  0%| F|  |TAMS 0x0000000086100000, 0x0000000086100000| Untracked 
|  98|0x0000000086200000, 0x0000000086200000, 0x0000000086300000|  0%| F|  |TAMS 0x0000000086200000, 0x0000000086200000| Untracked 
|  99|0x0000000086300000, 0x0000000086300000, 0x0000000086400000|  0%| F|  |TAMS 0x0000000086300000, 0x0000000086300000| Untracked 
| 100|0x0000000086400000, 0x0000000086400000, 0x0000000086500000|  0%| F|  |TAMS 0x0000000086400000, 0x0000000086400000| Untracked 
| 101|0x0000000086500000, 0x0000000086500000, 0x0000000086600000|  0%| F|  |TAMS 0x0000000086500000, 0x0000000086500000| Untracked 
| 102|0x0000000086600000, 0x0000000086600000, 0x0000000086700000|  0%| F|  |TAMS 0x0000000086600000, 0x0000000086600000| Untracked 
| 103|0x0000000086700000, 0x0000000086700000, 0x0000000086800000|  0%| F|  |TAMS 0x0000000086700000, 0x0000000086700000| Untracked 
| 104|0x0000000086800000, 0x0000000086800000, 0x0000000086900000|  0%| F|  |TAMS 0x0000000086800000, 0x0000000086800000| Untracked 
| 105|0x0000000086900000, 0x0000000086900000, 0x0000000086a00000|  0%| F|  |TAMS 0x0000000086900000, 0x0000000086900000| Untracked 
| 106|0x0000000086a00000, 0x0000000086a00000, 0x0000000086b00000|  0%| F|  |TAMS 0x0000000086a00000, 0x0000000086a00000| Untracked 
| 107|0x0000000086b00000, 0x0000000086b00000, 0x0000000086c00000|  0%| F|  |TAMS 0x0000000086b00000, 0x0000000086b00000| Untracked 
| 108|0x0000000086c00000, 0x0000000086c00000, 0x0000000086d00000|  0%| F|  |TAMS 0x0000000086c00000, 0x0000000086c00000| Untracked 
| 109|0x0000000086d00000, 0x0000000086d00000, 0x0000000086e00000|  0%| F|  |TAMS 0x0000000086d00000, 0x0000000086d00000| Untracked 
| 110|0x0000000086e00000, 0x0000000086e00000, 0x0000000086f00000|  0%| F|  |TAMS 0x0000000086e00000, 0x0000000086e00000| Untracked 
| 111|0x0000000086f00000, 0x0000000086f00000, 0x0000000087000000|  0%| F|  |TAMS 0x0000000086f00000, 0x0000000086f00000| Untracked 
| 112|0x0000000087000000, 0x0000000087000000, 0x0000000087100000|  0%| F|  |TAMS 0x0000000087000000, 0x0000000087000000| Untracked 
| 113|0x0000000087100000, 0x0000000087100000, 0x0000000087200000|  0%| F|  |TAMS 0x0000000087100000, 0x0000000087100000| Untracked 
| 114|0x0000000087200000, 0x0000000087200000, 0x0000000087300000|  0%| F|  |TAMS 0x0000000087200000, 0x0000000087200000| Untracked 
| 115|0x0000000087300000, 0x0000000087300000, 0x0000000087400000|  0%| F|  |TAMS 0x0000000087300000, 0x0000000087300000| Untracked 
| 116|0x0000000087400000, 0x0000000087400000, 0x0000000087500000|  0%| F|  |TAMS 0x0000000087400000, 0x0000000087400000| Untracked 
| 117|0x0000000087500000, 0x0000000087500000, 0x0000000087600000|  0%| F|  |TAMS 0x0000000087500000, 0x0000000087500000| Untracked 
| 118|0x0000000087600000, 0x0000000087600000, 0x0000000087700000|  0%| F|  |TAMS 0x0000000087600000, 0x0000000087600000| Untracked 
| 119|0x0000000087700000, 0x0000000087700000, 0x0000000087800000|  0%| F|  |TAMS 0x0000000087700000, 0x0000000087700000| Untracked 
| 120|0x0000000087800000, 0x0000000087800000, 0x0000000087900000|  0%| F|  |TAMS 0x0000000087800000, 0x0000000087800000| Untracked 
| 121|0x0000000087900000, 0x0000000087900000, 0x0000000087a00000|  0%| F|  |TAMS 0x0000000087900000, 0x0000000087900000| Untracked 
| 122|0x0000000087a00000, 0x0000000087a00000, 0x0000000087b00000|  0%| F|  |TAMS 0x0000000087a00000, 0x0000000087a00000| Untracked 
| 123|0x0000000087b00000, 0x0000000087b00000, 0x0000000087c00000|  0%| F|  |TAMS 0x0000000087b00000, 0x0000000087b00000| Untracked 
| 124|0x0000000087c00000, 0x0000000087c00000, 0x0000000087d00000|  0%| F|  |TAMS 0x0000000087c00000, 0x0000000087c00000| Untracked 
| 125|0x0000000087d00000, 0x0000000087d00000, 0x0000000087e00000|  0%| F|  |TAMS 0x0000000087d00000, 0x0000000087d00000| Untracked 
| 126|0x0000000087e00000, 0x0000000087e00000, 0x0000000087f00000|  0%| F|  |TAMS 0x0000000087e00000, 0x0000000087e00000| Untracked 
| 127|0x0000000087f00000, 0x0000000087f00000, 0x0000000088000000|  0%| F|  |TAMS 0x0000000087f00000, 0x0000000087f00000| Untracked 
| 128|0x0000000088000000, 0x0000000088000000, 0x0000000088100000|  0%| F|  |TAMS 0x0000000088000000, 0x0000000088000000| Untracked 
| 129|0x0000000088100000, 0x0000000088100000, 0x0000000088200000|  0%| F|  |TAMS 0x0000000088100000, 0x0000000088100000| Untracked 
| 130|0x0000000088200000, 0x0000000088200000, 0x0000000088300000|  0%| F|  |TAMS 0x0000000088200000, 0x0000000088200000| Untracked 
| 131|0x0000000088300000, 0x0000000088300000, 0x0000000088400000|  0%| F|  |TAMS 0x0000000088300000, 0x0000000088300000| Untracked 
| 132|0x0000000088400000, 0x0000000088400000, 0x0000000088500000|  0%| F|  |TAMS 0x0000000088400000, 0x0000000088400000| Untracked 
| 133|0x0000000088500000, 0x0000000088500000, 0x0000000088600000|  0%| F|  |TAMS 0x0000000088500000, 0x0000000088500000| Untracked 
| 134|0x0000000088600000, 0x0000000088600000, 0x0000000088700000|  0%| F|  |TAMS 0x0000000088600000, 0x0000000088600000| Untracked 
| 135|0x0000000088700000, 0x0000000088700000, 0x0000000088800000|  0%| F|  |TAMS 0x0000000088700000, 0x0000000088700000| Untracked 
| 136|0x0000000088800000, 0x0000000088800000, 0x0000000088900000|  0%| F|  |TAMS 0x0000000088800000, 0x0000000088800000| Untracked 
| 137|0x0000000088900000, 0x0000000088900000, 0x0000000088a00000|  0%| F|  |TAMS 0x0000000088900000, 0x0000000088900000| Untracked 
| 138|0x0000000088a00000, 0x0000000088a00000, 0x0000000088b00000|  0%| F|  |TAMS 0x0000000088a00000, 0x0000000088a00000| Untracked 
| 139|0x0000000088b00000, 0x0000000088b00000, 0x0000000088c00000|  0%| F|  |TAMS 0x0000000088b00000, 0x0000000088b00000| Untracked 
| 140|0x0000000088c00000, 0x0000000088c00000, 0x0000000088d00000|  0%| F|  |TAMS 0x0000000088c00000, 0x0000000088c00000| Untracked 
| 141|0x0000000088d00000, 0x0000000088d00000, 0x0000000088e00000|  0%| F|  |TAMS 0x0000000088d00000, 0x0000000088d00000| Untracked 
| 142|0x0000000088e00000, 0x0000000088e00000, 0x0000000088f00000|  0%| F|  |TAMS 0x0000000088e00000, 0x0000000088e00000| Untracked 
| 143|0x0000000088f00000, 0x0000000088f00000, 0x0000000089000000|  0%| F|  |TAMS 0x0000000088f00000, 0x0000000088f00000| Untracked 
| 144|0x0000000089000000, 0x00000000890356e0, 0x0000000089100000| 20%| S|CS|TAMS 0x0000000089000000, 0x0000000089000000| Complete 
| 145|0x0000000089100000, 0x0000000089200000, 0x0000000089200000|100%| S|CS|TAMS 0x0000000089100000, 0x0000000089100000| Complete 
| 146|0x0000000089200000, 0x0000000089200000, 0x0000000089300000|  0%| F|  |TAMS 0x0000000089200000, 0x0000000089200000| Untracked 
| 147|0x0000000089300000, 0x0000000089300000, 0x0000000089400000|  0%| F|  |TAMS 0x0000000089300000, 0x0000000089300000| Untracked 
| 148|0x0000000089400000, 0x0000000089400000, 0x0000000089500000|  0%| F|  |TAMS 0x0000000089400000, 0x0000000089400000| Untracked 
| 149|0x0000000089500000, 0x0000000089500000, 0x0000000089600000|  0%| F|  |TAMS 0x0000000089500000, 0x0000000089500000| Untracked 
| 150|0x0000000089600000, 0x0000000089600000, 0x0000000089700000|  0%| F|  |TAMS 0x0000000089600000, 0x0000000089600000| Untracked 
| 151|0x0000000089700000, 0x0000000089700000, 0x0000000089800000|  0%| F|  |TAMS 0x0000000089700000, 0x0000000089700000| Untracked 
| 152|0x0000000089800000, 0x0000000089800000, 0x0000000089900000|  0%| F|  |TAMS 0x0000000089800000, 0x0000000089800000| Untracked 
| 153|0x0000000089900000, 0x0000000089900000, 0x0000000089a00000|  0%| F|  |TAMS 0x0000000089900000, 0x0000000089900000| Untracked 
| 154|0x0000000089a00000, 0x0000000089a80800, 0x0000000089b00000| 50%| E|  |TAMS 0x0000000089a00000, 0x0000000089a00000| Complete 
| 155|0x0000000089b00000, 0x0000000089c00000, 0x0000000089c00000|100%| E|CS|TAMS 0x0000000089b00000, 0x0000000089b00000| Complete 

Card table byte_map: [0x000002701a8b0000,0x000002701acb0000] _byte_map_base: 0x000002701a4b0000

Marking Bits (Prev, Next): (CMBitMap*) 0x00000270038a5da0, (CMBitMap*) 0x00000270038a5de0
 Prev Bits: [0x000002701b0b0000, 0x000002701d0b0000)
 Next Bits: [0x000002701d0b0000, 0x000002701f0b0000)

Polling page: 0x00000270017a0000

Metaspace:

Usage:
  Non-class:     50.26 MB used.
      Class:      7.78 MB used.
       Both:     58.04 MB used.

Virtual space:
  Non-class space:       64.00 MB reserved,      51.06 MB ( 80%) committed,  1 nodes.
      Class space:        1.00 GB reserved,       8.62 MB ( <1%) committed,  1 nodes.
             Both:        1.06 GB reserved,      59.69 MB (  5%) committed. 

Chunk freelists:
   Non-Class:  74.00 KB
       Class:  3.19 MB
        Both:  3.26 MB

MaxMetaspaceSize: unlimited
CompressedClassSpaceSize: 1.00 GB
Initial GC threshold: 21.00 MB
Current GC threshold: 98.69 MB
CDS: on
MetaspaceReclaimPolicy: balanced
 - commit_granule_bytes: 65536.
 - commit_granule_words: 8192.
 - virtual_space_node_default_size: 8388608.
 - enlarge_chunks_in_place: 1.
 - new_chunks_are_fully_committed: 0.
 - uncommit_free_chunks: 1.
 - use_allocation_guard: 0.


Internal statistics:

num_allocs_failed_limit: 6.
num_arena_births: 2910.
num_arena_deaths: 0.
num_vsnodes_births: 2.
num_vsnodes_deaths: 0.
num_space_committed: 955.
num_space_uncommitted: 0.
num_chunks_returned_to_freelist: 6.
num_chunks_taken_from_freelist: 5539.
num_chunk_merges: 6.
num_chunk_splits: 3660.
num_chunks_enlarged: 2284.
num_inconsistent_stats: 0.

CodeHeap 'non-profiled nmethods': size=120000Kb used=3623Kb max_used=3623Kb free=116376Kb
 bounds [0x0000027012c50000, 0x0000027012fe0000, 0x000002701a180000]
CodeHeap 'profiled nmethods': size=120000Kb used=12702Kb max_used=12702Kb free=107298Kb
 bounds [0x000002700b720000, 0x000002700c390000, 0x0000027012c50000]
CodeHeap 'non-nmethods': size=5760Kb used=2365Kb max_used=2403Kb free=3394Kb
 bounds [0x000002700b180000, 0x000002700b3f0000, 0x000002700b720000]
 total_blobs=7463 nmethods=6585 adapters=790
 compilation: enabled
              stopped_count=0, restarted_count=0
 full_count=0

Compilation events (20 events):
Event: 6.143 Thread 0x00000270217a3030 7365       3       org.gradle.internal.reflect.PropertyAccessorType::isIsGetterName (23 bytes)
Event: 6.143 Thread 0x00000270217a3030 nmethod 7365 0x000002700c382d90 code [0x000002700c382f60, 0x000002700c383288]
Event: 6.143 Thread 0x0000027025f24d50 7366       4       org.objectweb.asm.Type::getTypeInternal (199 bytes)
Event: 6.144 Thread 0x00000270217a3030 7367       3       org.gradle.internal.instantiation.generator.AsmBackedClassGenerator$ClassBuilderImpl::addSetter (50 bytes)
Event: 6.144 Thread 0x00000270217a3030 nmethod 7367 0x000002700c383410 code [0x000002700c383600, 0x000002700c383b78]
Event: 6.144 Thread 0x00000270217a3030 7369       3       org.gradle.internal.instantiation.generator.AsmBackedClassGenerator$ClassBuilderImpl::addSetMethod (146 bytes)
Event: 6.144 Thread 0x00000270217a3030 nmethod 7369 0x000002700c383d10 code [0x000002700c384000, 0x000002700c3850a8]
Event: 6.146 Thread 0x0000027025f24d50 nmethod 7366 0x0000027012fd9390 code [0x0000027012fd9540, 0x0000027012fd9808]
Event: 6.146 Thread 0x0000027025f24d50 7368       4       java.util.HashSet::<init> (16 bytes)
Event: 6.147 Thread 0x0000027025f24d50 nmethod 7368 0x0000027012fd9a10 code [0x0000027012fd9ba0, 0x0000027012fd9d58]
Event: 6.147 Thread 0x00000270217a3030 7370   !   3       jdk.proxy1.$Proxy16::annotationType (29 bytes)
Event: 6.148 Thread 0x00000270217a3030 nmethod 7370 0x000002700c385610 code [0x000002700c3857e0, 0x000002700c385bd8]
Event: 6.149 Thread 0x00000270217a3030 7371       3       org.gradle.api.internal.provider.DefaultProperty::calculateValueFrom (10 bytes)
Event: 6.149 Thread 0x00000270217a3030 nmethod 7371 0x000002700c385d90 code [0x000002700c385f40, 0x000002700c386308]
Event: 6.149 Thread 0x00000270217a3030 7372       3       org.gradle.api.internal.provider.DefaultProperty::calculateValueFrom (8 bytes)
Event: 6.149 Thread 0x00000270217a3030 nmethod 7372 0x000002700c386410 code [0x000002700c3865c0, 0x000002700c3867a8]
Event: 6.152 Thread 0x0000027025f24d50 7373   !   4       sun.net.www.ParseUtil::decode (317 bytes)
Event: 6.153 Thread 0x00000270217a3030 7374       3       java.util.Properties::load0 (249 bytes)
Event: 6.153 Thread 0x00000270217a3030 nmethod 7374 0x000002700c386890 code [0x000002700c386ac0, 0x000002700c3874e8]
Event: 6.154 Thread 0x00000270217a3030 7375       3       org.objectweb.asm.ClassReader::readCode (5109 bytes)

GC Heap History (20 events):
Event: 3.159 GC heap before
{Heap before GC invocations=6 (full 0):
 garbage-first heap   total 122880K, used 40370K [0x0000000080000000, 0x0000000100000000)
  region size 1024K, 6 young (6144K), 5 survivors (5120K)
 Metaspace       used 31105K, committed 32192K, reserved 1114112K
  class space    used 4440K, committed 4992K, reserved 1048576K
}
Event: 3.162 GC heap after
{Heap after GC invocations=7 (full 0):
 garbage-first heap   total 122880K, used 39774K [0x0000000080000000, 0x0000000100000000)
  region size 1024K, 1 young (1024K), 1 survivors (1024K)
 Metaspace       used 31105K, committed 32192K, reserved 1114112K
  class space    used 4440K, committed 4992K, reserved 1048576K
}
Event: 3.589 GC heap before
{Heap before GC invocations=7 (full 0):
 garbage-first heap   total 122880K, used 82782K [0x0000000080000000, 0x0000000100000000)
  region size 1024K, 42 young (43008K), 1 survivors (1024K)
 Metaspace       used 34919K, committed 36160K, reserved 1114112K
  class space    used 4861K, committed 5504K, reserved 1048576K
}
Event: 3.592 GC heap after
{Heap after GC invocations=8 (full 0):
 garbage-first heap   total 122880K, used 43030K [0x0000000080000000, 0x0000000100000000)
  region size 1024K, 4 young (4096K), 4 survivors (4096K)
 Metaspace       used 34919K, committed 36160K, reserved 1114112K
  class space    used 4861K, committed 5504K, reserved 1048576K
}
Event: 4.079 GC heap before
{Heap before GC invocations=9 (full 0):
 garbage-first heap   total 122880K, used 96278K [0x0000000080000000, 0x0000000100000000)
  region size 1024K, 51 young (52224K), 4 survivors (4096K)
 Metaspace       used 39023K, committed 40448K, reserved 1114112K
  class space    used 5352K, committed 6080K, reserved 1048576K
}
Event: 4.084 GC heap after
{Heap after GC invocations=10 (full 0):
 garbage-first heap   total 122880K, used 51833K [0x0000000080000000, 0x0000000100000000)
  region size 1024K, 6 young (6144K), 6 survivors (6144K)
 Metaspace       used 39023K, committed 40448K, reserved 1114112K
  class space    used 5352K, committed 6080K, reserved 1048576K
}
Event: 4.655 GC heap before
{Heap before GC invocations=10 (full 0):
 garbage-first heap   total 122880K, used 97913K [0x0000000080000000, 0x0000000100000000)
  region size 1024K, 47 young (48128K), 6 survivors (6144K)
 Metaspace       used 43217K, committed 44736K, reserved 1114112K
  class space    used 6006K, committed 6784K, reserved 1048576K
}
Event: 4.660 GC heap after
{Heap after GC invocations=11 (full 0):
 garbage-first heap   total 122880K, used 61135K [0x0000000080000000, 0x0000000100000000)
  region size 1024K, 5 young (5120K), 5 survivors (5120K)
 Metaspace       used 43217K, committed 44736K, reserved 1114112K
  class space    used 6006K, committed 6784K, reserved 1048576K
}
Event: 4.882 GC heap before
{Heap before GC invocations=11 (full 0):
 garbage-first heap   total 122880K, used 86735K [0x0000000080000000, 0x0000000100000000)
  region size 1024K, 31 young (31744K), 5 survivors (5120K)
 Metaspace       used 43983K, committed 45504K, reserved 1114112K
  class space    used 6097K, committed 6848K, reserved 1048576K
}
Event: 4.887 GC heap after
{Heap after GC invocations=12 (full 0):
 garbage-first heap   total 122880K, used 61869K [0x0000000080000000, 0x0000000100000000)
  region size 1024K, 2 young (2048K), 2 survivors (2048K)
 Metaspace       used 43983K, committed 45504K, reserved 1114112K
  class space    used 6097K, committed 6848K, reserved 1048576K
}
Event: 4.935 GC heap before
{Heap before GC invocations=13 (full 0):
 garbage-first heap   total 122880K, used 74157K [0x0000000080000000, 0x0000000100000000)
  region size 1024K, 10 young (10240K), 2 survivors (2048K)
 Metaspace       used 44000K, committed 45504K, reserved 1114112K
  class space    used 6098K, committed 6848K, reserved 1048576K
}
Event: 4.938 GC heap after
{Heap after GC invocations=14 (full 0):
 garbage-first heap   total 122880K, used 73728K [0x0000000080000000, 0x0000000100000000)
  region size 1024K, 5 young (5120K), 5 survivors (5120K)
 Metaspace       used 44000K, committed 45504K, reserved 1114112K
  class space    used 6098K, committed 6848K, reserved 1048576K
}
Event: 5.107 GC heap before
{Heap before GC invocations=15 (full 0):
 garbage-first heap   total 133120K, used 92160K [0x0000000080000000, 0x0000000100000000)
  region size 1024K, 22 young (22528K), 5 survivors (5120K)
 Metaspace       used 45928K, committed 47424K, reserved 1114112K
  class space    used 6349K, committed 7104K, reserved 1048576K
}
Event: 5.110 GC heap after
{Heap after GC invocations=16 (full 0):
 garbage-first heap   total 133120K, used 77582K [0x0000000080000000, 0x0000000100000000)
  region size 1024K, 2 young (2048K), 2 survivors (2048K)
 Metaspace       used 45928K, committed 47424K, reserved 1114112K
  class space    used 6349K, committed 7104K, reserved 1048576K
}
Event: 5.381 GC heap before
{Heap before GC invocations=16 (full 0):
 garbage-first heap   total 133120K, used 97038K [0x0000000080000000, 0x0000000100000000)
  region size 1024K, 22 young (22528K), 2 survivors (2048K)
 Metaspace       used 49262K, committed 50880K, reserved 1114112K
  class space    used 6798K, committed 7616K, reserved 1048576K
}
Event: 5.383 GC heap after
{Heap after GC invocations=17 (full 0):
 garbage-first heap   total 159744K, used 78729K [0x0000000080000000, 0x0000000100000000)
  region size 1024K, 2 young (2048K), 2 survivors (2048K)
 Metaspace       used 49262K, committed 50880K, reserved 1114112K
  class space    used 6798K, committed 7616K, reserved 1048576K
}
Event: 5.745 GC heap before
{Heap before GC invocations=18 (full 0):
 garbage-first heap   total 159744K, used 110473K [0x0000000080000000, 0x0000000100000000)
  region size 1024K, 33 young (33792K), 2 survivors (2048K)
 Metaspace       used 54698K, committed 56448K, reserved 1114112K
  class space    used 7437K, committed 8320K, reserved 1048576K
}
Event: 5.749 GC heap after
{Heap after GC invocations=19 (full 0):
 garbage-first heap   total 159744K, used 80346K [0x0000000080000000, 0x0000000100000000)
  region size 1024K, 3 young (3072K), 3 survivors (3072K)
 Metaspace       used 54698K, committed 56448K, reserved 1114112K
  class space    used 7437K, committed 8320K, reserved 1048576K
}
Event: 6.061 GC heap before
{Heap before GC invocations=19 (full 0):
 garbage-first heap   total 159744K, used 114138K [0x0000000080000000, 0x0000000100000000)
  region size 1024K, 37 young (37888K), 3 survivors (3072K)
 Metaspace       used 58414K, committed 60160K, reserved 1114112K
  class space    used 7860K, committed 8768K, reserved 1048576K
}
Event: 6.066 GC heap after
{Heap after GC invocations=20 (full 0):
 garbage-first heap   total 159744K, used 84051K [0x0000000080000000, 0x0000000100000000)
  region size 1024K, 5 young (5120K), 5 survivors (5120K)
 Metaspace       used 58414K, committed 60160K, reserved 1114112K
  class space    used 7860K, committed 8768K, reserved 1048576K
}

Deoptimization events (20 events):
Event: 5.998 Thread 0x0000027026d91530 Uncommon trap: trap_request=0xffffff45 fr.pc=0x0000027012cece68 relative=0x00000000000019c8
Event: 5.998 Thread 0x0000027026d91530 Uncommon trap: reason=unstable_if action=reinterpret pc=0x0000027012cece68 method=java.util.HashMap.putVal(ILjava/lang/Object;Ljava/lang/Object;ZZ)Ljava/lang/Object; @ 94 c2
Event: 5.998 Thread 0x0000027026d91530 DEOPT PACKING pc=0x0000027012cece68 sp=0x000000994fdf7010
Event: 5.998 Thread 0x0000027026d91530 DEOPT UNPACKING pc=0x000002700b1d23a3 sp=0x000000994fdf6ee0 mode 2
Event: 6.141 Thread 0x0000027026d91530 Uncommon trap: trap_request=0xffffff45 fr.pc=0x0000027012f554a4 relative=0x0000000000000364
Event: 6.141 Thread 0x0000027026d91530 Uncommon trap: reason=unstable_if action=reinterpret pc=0x0000027012f554a4 method=org.gradle.internal.reflect.PropertyAccessorType.of(Ljava/lang/reflect/Method;)Lorg/gradle/internal/reflect/PropertyAccessorType; @ 56 c2
Event: 6.141 Thread 0x0000027026d91530 DEOPT PACKING pc=0x0000027012f554a4 sp=0x000000994fdf7280
Event: 6.141 Thread 0x0000027026d91530 DEOPT UNPACKING pc=0x000002700b1d23a3 sp=0x000000994fdf7240 mode 2
Event: 6.154 Thread 0x0000027026d91530 Uncommon trap: trap_request=0xffffff45 fr.pc=0x0000027012fc7d3c relative=0x000000000000013c
Event: 6.154 Thread 0x0000027026d91530 Uncommon trap: reason=unstable_if action=reinterpret pc=0x0000027012fc7d3c method=org.objectweb.asm.ByteVector.putByteArray([BII)Lorg/objectweb/asm/ByteVector; @ 20 c2
Event: 6.154 Thread 0x0000027026d91530 DEOPT PACKING pc=0x0000027012fc7d3c sp=0x000000994fdf6310
Event: 6.154 Thread 0x0000027026d91530 DEOPT UNPACKING pc=0x000002700b1d23a3 sp=0x000000994fdf62e0 mode 2
Event: 6.154 Thread 0x0000027026d91530 Uncommon trap: trap_request=0xffffff45 fr.pc=0x0000027012f7b870 relative=0x0000000000000b30
Event: 6.154 Thread 0x0000027026d91530 Uncommon trap: reason=unstable_if action=reinterpret pc=0x0000027012f7b870 method=org.objectweb.asm.Label.resolve([BI)Z @ 80 c2
Event: 6.154 Thread 0x0000027026d91530 DEOPT PACKING pc=0x0000027012f7b870 sp=0x000000994fdf6330
Event: 6.154 Thread 0x0000027026d91530 DEOPT UNPACKING pc=0x000002700b1d23a3 sp=0x000000994fdf6250 mode 2
Event: 6.154 Thread 0x0000027026d91530 Uncommon trap: trap_request=0xffffff45 fr.pc=0x0000027012f2a720 relative=0x0000000000000200
Event: 6.154 Thread 0x0000027026d91530 Uncommon trap: reason=unstable_if action=reinterpret pc=0x0000027012f2a720 method=org.objectweb.asm.Label.resolve([BI)Z @ 80 c2
Event: 6.154 Thread 0x0000027026d91530 DEOPT PACKING pc=0x0000027012f2a720 sp=0x000000994fdf62c0
Event: 6.154 Thread 0x0000027026d91530 DEOPT UNPACKING pc=0x000002700b1d23a3 sp=0x000000994fdf6240 mode 2

Classes loaded (20 events):
Event: 5.803 Loading class sun/security/util/Length
Event: 5.803 Loading class sun/security/util/Length done
Event: 5.803 Loading class javax/crypto/SecretKey
Event: 5.803 Loading class javax/crypto/SecretKey done
Event: 5.803 Loading class java/util/Base64
Event: 5.804 Loading class java/util/Base64 done
Event: 5.804 Loading class java/util/Base64$Decoder
Event: 5.804 Loading class java/util/Base64$Decoder done
Event: 5.804 Loading class java/util/Base64$Encoder
Event: 5.804 Loading class java/util/Base64$Encoder done
Event: 5.805 Loading class java/util/jar/JarVerifier$VerifierStream
Event: 5.805 Loading class java/util/jar/JarVerifier$VerifierStream done
Event: 5.805 Loading class sun/security/util/ManifestEntryVerifier$SunProviderHolder
Event: 5.805 Loading class sun/security/util/ManifestEntryVerifier$SunProviderHolder done
Event: 6.029 Loading class java/security/KeyStore
Event: 6.029 Loading class java/security/KeyStore done
Event: 6.029 Loading class java/security/KeyStore$1
Event: 6.029 Loading class java/security/KeyStore$1 done
Event: 6.140 Loading class sun/reflect/annotation/AnnotationInvocationHandler$1
Event: 6.140 Loading class sun/reflect/annotation/AnnotationInvocationHandler$1 done

Classes unloaded (0 events):
No events

Classes redefined (0 events):
No events

Internal exceptions (20 events):
Event: 5.195 Thread 0x0000027026d91530 Exception <a 'java/lang/NoSuchMethodError'{0x0000000087a9edd8}: 'void java.lang.invoke.Invokers$Holder.invokeExact_MT(java.lang.Object, java.lang.Object, int, java.lang.Object)'> (0x0000000087a9edd8) 
thrown [s\open\src\hotspot\share\interpreter\linkResolver.cpp, line 766]
Event: 5.374 Thread 0x0000027026d91530 Exception <a 'java/lang/NoSuchMethodError'{0x0000000086d576f8}: 'int java.lang.invoke.DirectMethodHandle$Holder.invokeInterface(java.lang.Object, java.lang.Object, java.lang.Object, java.lang.Object)'> (0x0000000086d576f8) 
thrown [s\open\src\hotspot\share\interpreter\linkResolver.cpp, line 766]
Event: 5.642 Thread 0x0000027026d91530 Exception <a 'java/lang/NoSuchMethodError'{0x000000008834d0d0}: 'java.lang.Object java.lang.invoke.DirectMethodHandle$Holder.newInvokeSpecial(java.lang.Object, java.lang.Object, java.lang.Object, java.lang.Object, java.lang.Object, java.lang.Object, java.lang.Object, java.lang.Object, java.lang.Object, java.lang.Object, java.lang.Object, java.lang.Object, java.lang.Object, java.lang.Object, java.lang.Object)'> (0x000000008834d0d0) 
thrown [s\open\src\hotspot\share\interpreter\linkResolver.cpp, line 766]
Event: 5.662 Thread 0x0000027026d91530 Exception <a 'java/lang/IncompatibleClassChangeError'{0x0000000088258fa8}: Found class java.lang.Object, but interface was expected> (0x0000000088258fa8) 
thrown [s\open\src\hotspot\share\interpreter\linkResolver.cpp, line 833]
Event: 5.698 Thread 0x0000027026d91530 Implicit null exception at 0x0000027012ee33d4 to 0x0000027012ee358c
Event: 5.698 Thread 0x0000027026d91530 Implicit null exception at 0x0000027012ed8fc9 to 0x0000027012edab88
Event: 5.699 Thread 0x0000027026d91530 Exception <a 'java/lang/IncompatibleClassChangeError'{0x00000000881b7558}: Found class java.lang.Object, but interface was expected> (0x00000000881b7558) 
thrown [s\open\src\hotspot\share\interpreter\linkResolver.cpp, line 833]
Event: 5.699 Thread 0x0000027026d91530 Exception <a 'java/lang/NoSuchMethodError'{0x00000000881b9550}: 'long java.lang.invoke.DelegatingMethodHandle$Holder.reinvoke_L(java.lang.Object, java.lang.Object)'> (0x00000000881b9550) 
thrown [s\open\src\hotspot\share\interpreter\linkResolver.cpp, line 766]
Event: 5.699 Thread 0x0000027026d91530 Exception <a 'java/lang/IncompatibleClassChangeError'{0x00000000881c5220}: Found class java.lang.Object, but interface was expected> (0x00000000881c5220) 
thrown [s\open\src\hotspot\share\interpreter\linkResolver.cpp, line 833]
Event: 5.782 Thread 0x0000027026d91530 Implicit null exception at 0x0000027012e73f0c to 0x0000027012e74042
Event: 5.849 Thread 0x0000027026d91530 Exception <a 'sun/nio/fs/WindowsException'{0x00000000891ddcc0}> (0x00000000891ddcc0) 
thrown [s\open\src\hotspot\share\prims\jni.cpp, line 516]
Event: 6.048 Thread 0x0000027026d91530 Exception <a 'java/lang/ClassNotFoundException'{0x0000000087859c18}: org/gradle/api/plugins/internal/DefaultBasePluginConventionBeanInfo> (0x0000000087859c18) 
thrown [s\open\src\hotspot\share\classfile\systemDictionary.cpp, line 255]
Event: 6.049 Thread 0x0000027026d91530 Exception <a 'java/lang/ClassNotFoundException'{0x000000008786ef88}: org/gradle/api/plugins/BasePluginConventionBeanInfo> (0x000000008786ef88) 
thrown [s\open\src\hotspot\share\classfile\systemDictionary.cpp, line 255]
Event: 6.049 Thread 0x0000027026d91530 Exception <a 'java/lang/ClassNotFoundException'{0x0000000087883d08}: org/gradle/api/plugins/BasePluginConventionCustomizer> (0x0000000087883d08) 
thrown [s\open\src\hotspot\share\classfile\systemDictionary.cpp, line 255]
Event: 6.051 Thread 0x0000027026d91530 Exception <a 'java/lang/ClassNotFoundException'{0x00000000878a29e8}: org/gradle/api/plugins/internal/DefaultBasePluginConventionCustomizer> (0x00000000878a29e8) 
thrown [s\open\src\hotspot\share\classfile\systemDictionary.cpp, line 255]
Event: 6.053 Thread 0x0000027026d91530 Exception <a 'java/lang/ClassNotFoundException'{0x00000000878eb218}: org/gradle/api/plugins/internal/DefaultJavaPluginConventionBeanInfo> (0x00000000878eb218) 
thrown [s\open\src\hotspot\share\classfile\systemDictionary.cpp, line 255]
Event: 6.054 Thread 0x0000027026d91530 Exception <a 'java/lang/ClassNotFoundException'{0x0000000087700a90}: org/gradle/api/plugins/JavaPluginConventionBeanInfo> (0x0000000087700a90) 
thrown [s\open\src\hotspot\share\classfile\systemDictionary.cpp, line 255]
Event: 6.054 Thread 0x0000027026d91530 Exception <a 'java/lang/ClassNotFoundException'{0x00000000877155d0}: org/gradle/api/plugins/JavaPluginConventionCustomizer> (0x00000000877155d0) 
thrown [s\open\src\hotspot\share\classfile\systemDictionary.cpp, line 255]
Event: 6.055 Thread 0x0000027026d91530 Exception <a 'java/lang/ClassNotFoundException'{0x000000008773df50}: org/gradle/api/plugins/internal/DefaultJavaPluginConventionCustomizer> (0x000000008773df50) 
thrown [s\open\src\hotspot\share\classfile\systemDictionary.cpp, line 255]
Event: 6.154 Thread 0x0000027026d91530 Implicit null exception at 0x0000027012fc7c49 to 0x0000027012fc7d1c

VM Operations (20 events):
Event: 5.745 Executing VM operation: G1CollectForAllocation
Event: 5.749 Executing VM operation: G1CollectForAllocation done
Event: 5.756 Executing VM operation: HandshakeAllThreads
Event: 5.756 Executing VM operation: HandshakeAllThreads done
Event: 5.760 Executing VM operation: HandshakeAllThreads
Event: 5.760 Executing VM operation: HandshakeAllThreads done
Event: 5.786 Executing VM operation: HandshakeAllThreads
Event: 5.786 Executing VM operation: HandshakeAllThreads done
Event: 5.787 Executing VM operation: HandshakeAllThreads
Event: 5.787 Executing VM operation: HandshakeAllThreads done
Event: 5.934 Executing VM operation: HandshakeAllThreads
Event: 5.935 Executing VM operation: HandshakeAllThreads done
Event: 5.987 Executing VM operation: ICBufferFull
Event: 5.987 Executing VM operation: ICBufferFull done
Event: 6.061 Executing VM operation: G1CollectForAllocation
Event: 6.066 Executing VM operation: G1CollectForAllocation done
Event: 6.113 Executing VM operation: G1Concurrent
Event: 6.117 Executing VM operation: G1Concurrent done
Event: 6.133 Executing VM operation: G1Concurrent
Event: 6.133 Executing VM operation: G1Concurrent done

Events (20 events):
Event: 4.746 Thread 0x000002702a874880 Thread added: 0x000002702a874880
Event: 4.746 Thread 0x000002702a87a3f0 Thread added: 0x000002702a87a3f0
Event: 4.746 Thread 0x000002702a877d70 Thread added: 0x000002702a877d70
Event: 4.747 Thread 0x000002702a874d50 Thread added: 0x000002702a874d50
Event: 4.747 Thread 0x000002702a879a50 Thread added: 0x000002702a879a50
Event: 4.748 Thread 0x000002702a875220 Thread added: 0x000002702a875220
Event: 4.748 Thread 0x000002702a8773d0 Thread added: 0x000002702a8773d0
Event: 4.748 Thread 0x000002702a873540 Thread added: 0x000002702a873540
Event: 4.748 Thread 0x000002702a875bc0 Thread added: 0x000002702a875bc0
Event: 4.748 Thread 0x000002702a878710 Thread added: 0x000002702a878710
Event: 4.749 Thread 0x000002702a879580 Thread added: 0x000002702a879580
Event: 4.749 Thread 0x000002702a87a8c0 Thread added: 0x000002702a87a8c0
Event: 4.749 Thread 0x000002702a873a10 Thread added: 0x000002702a873a10
Event: 4.749 Thread 0x000002702a879f20 Thread added: 0x000002702a879f20
Event: 4.749 Thread 0x000002702a873ee0 Thread added: 0x000002702a873ee0
Event: 4.749 Thread 0x000002702a878be0 Thread added: 0x000002702a878be0
Event: 4.749 Thread 0x000002702a876a30 Thread added: 0x000002702a876a30
Event: 5.701 Thread 0x000002702a876f00 Thread added: 0x000002702a876f00
Event: 5.936 Thread 0x00000270217c7140 flushing nmethod 0x000002700b856b10
Event: 5.938 Thread 0x00000270217c7140 flushing nmethod 0x000002700bbfab10


Dynamic libraries:
0x00007ff6de1f0000 - 0x00007ff6de200000 	C:\Program Files\Java\jdk-18.0.1.1\bin\java.exe
0x00007ff9074c0000 - 0x00007ff9076c9000 	C:\WINDOWS\SYSTEM32\ntdll.dll
0x00007ff9058e0000 - 0x00007ff90599d000 	C:\WINDOWS\System32\KERNEL32.DLL
0x00007ff904c60000 - 0x00007ff904fd9000 	C:\WINDOWS\System32\KERNELBASE.dll
0x00007ff904b40000 - 0x00007ff904c51000 	C:\WINDOWS\System32\ucrtbase.dll
0x00007ff8e00f0000 - 0x00007ff8e0108000 	C:\Program Files\Java\jdk-18.0.1.1\bin\jli.dll
0x00007ff8e0110000 - 0x00007ff8e012a000 	C:\Program Files\Java\jdk-18.0.1.1\bin\VCRUNTIME140.dll
0x00007ff9059a0000 - 0x00007ff905a4e000 	C:\WINDOWS\System32\ADVAPI32.dll
0x00007ff905a50000 - 0x00007ff905af3000 	C:\WINDOWS\System32\msvcrt.dll
0x00007ff9069b0000 - 0x00007ff906a4e000 	C:\WINDOWS\System32\sechost.dll
0x00007ff905bf0000 - 0x00007ff905d10000 	C:\WINDOWS\System32\RPCRT4.dll
0x00007ff9070a0000 - 0x00007ff90724c000 	C:\WINDOWS\System32\USER32.dll
0x00007ff9049a0000 - 0x00007ff9049c6000 	C:\WINDOWS\System32\win32u.dll
0x00007ff8dc600000 - 0x00007ff8dc8a5000 	C:\WINDOWS\WinSxS\amd64_microsoft.windows.common-controls_6595b64144ccf1df_6.0.22000.120_none_9d947278b86cc467\COMCTL32.dll
0x00007ff907340000 - 0x00007ff907369000 	C:\WINDOWS\System32\GDI32.dll
0x00007ff9051b0000 - 0x00007ff9052c2000 	C:\WINDOWS\System32\gdi32full.dll
0x00007ff905050000 - 0x00007ff9050ed000 	C:\WINDOWS\System32\msvcp_win.dll
0x00007ff8ff2c0000 - 0x00007ff8ff2ca000 	C:\WINDOWS\SYSTEM32\VERSION.dll
0x00007ff907370000 - 0x00007ff9073a1000 	C:\WINDOWS\System32\IMM32.DLL
0x00007ff900ea0000 - 0x00007ff900eac000 	C:\Program Files\Java\jdk-18.0.1.1\bin\vcruntime140_1.dll
0x00007ff8ce880000 - 0x00007ff8ce90d000 	C:\Program Files\Java\jdk-18.0.1.1\bin\msvcp140.dll
0x00007ff887c10000 - 0x00007ff888820000 	C:\Program Files\Java\jdk-18.0.1.1\bin\server\jvm.dll
0x00007ff907330000 - 0x00007ff907338000 	C:\WINDOWS\System32\PSAPI.DLL
0x00007ff8bec00000 - 0x00007ff8bec09000 	C:\WINDOWS\SYSTEM32\WSOCK32.dll
0x00007ff8ff360000 - 0x00007ff8ff393000 	C:\WINDOWS\SYSTEM32\WINMM.dll
0x00007ff906a50000 - 0x00007ff906abf000 	C:\WINDOWS\System32\WS2_32.dll
0x00007ff903b90000 - 0x00007ff903ba8000 	C:\WINDOWS\SYSTEM32\kernel.appcore.dll
0x00007ff900e10000 - 0x00007ff900e1a000 	C:\Program Files\Java\jdk-18.0.1.1\bin\jimage.dll
0x00007ff9024f0000 - 0x00007ff902711000 	C:\WINDOWS\SYSTEM32\DBGHELP.DLL
0x00007ff8fa780000 - 0x00007ff8fa7b1000 	C:\WINDOWS\SYSTEM32\dbgcore.DLL
0x00007ff9052d0000 - 0x00007ff90534f000 	C:\WINDOWS\System32\bcryptPrimitives.dll
0x00007ff8e0050000 - 0x00007ff8e0075000 	C:\Program Files\Java\jdk-18.0.1.1\bin\java.dll
0x00007ff8b8bb0000 - 0x00007ff8b8c86000 	C:\Program Files\Java\jdk-18.0.1.1\bin\jsvml.dll
0x00007ff905ed0000 - 0x00007ff906688000 	C:\WINDOWS\System32\SHELL32.dll
0x00007ff902b20000 - 0x00007ff903388000 	C:\WINDOWS\SYSTEM32\windows.storage.dll
0x00007ff905560000 - 0x00007ff9058d9000 	C:\WINDOWS\System32\combase.dll
0x00007ff9029b0000 - 0x00007ff902b16000 	C:\WINDOWS\SYSTEM32\wintypes.dll
0x00007ff9068c0000 - 0x00007ff9069aa000 	C:\WINDOWS\System32\SHCORE.dll
0x00007ff905490000 - 0x00007ff9054ed000 	C:\WINDOWS\System32\shlwapi.dll
0x00007ff9048d0000 - 0x00007ff9048f1000 	C:\WINDOWS\SYSTEM32\profapi.dll
0x00007ff8e0090000 - 0x00007ff8e00a3000 	C:\Program Files\Java\jdk-18.0.1.1\bin\net.dll
0x00007ff8ff160000 - 0x00007ff8ff26c000 	C:\WINDOWS\SYSTEM32\WINHTTP.dll
0x00007ff903fc0000 - 0x00007ff904027000 	C:\WINDOWS\system32\mswsock.dll
0x00007ff8e0030000 - 0x00007ff8e0046000 	C:\Program Files\Java\jdk-18.0.1.1\bin\nio.dll
0x00007ff8dc030000 - 0x00007ff8dc048000 	C:\Program Files\Java\jdk-18.0.1.1\bin\zip.dll
0x00007ff900e20000 - 0x00007ff900e30000 	C:\Program Files\Java\jdk-18.0.1.1\bin\verify.dll
0x00007ff8ce790000 - 0x00007ff8ce7b7000 	C:\Program Files\Java\jre1.8.0_333\native\e1d6ef7f7dcc3fd88c89a11ec53ec762bb8ba0a96d01ffa2cd45eb1d1d8dd5c5\windows-amd64\native-platform.dll
0x00007ff8b8d20000 - 0x00007ff8b8e64000 	C:\Program Files\Java\jre1.8.0_333\native\5664cfc778a61ccfe75a443a1ab52a65af34e5dc3c78e0209fed803814484fcb\windows-amd64\native-platform-file-events.dll
0x00007ff900e40000 - 0x00007ff900e49000 	C:\Program Files\Java\jdk-18.0.1.1\bin\management.dll
0x00007ff900e30000 - 0x00007ff900e3b000 	C:\Program Files\Java\jdk-18.0.1.1\bin\management_ext.dll
0x00007ff904200000 - 0x00007ff904218000 	C:\WINDOWS\SYSTEM32\CRYPTSP.dll
0x00007ff903af0000 - 0x00007ff903b25000 	C:\WINDOWS\system32\rsaenh.dll
0x00007ff9040b0000 - 0x00007ff9040d9000 	C:\WINDOWS\SYSTEM32\USERENV.dll
0x00007ff904380000 - 0x00007ff9043a7000 	C:\WINDOWS\SYSTEM32\bcrypt.dll
0x00007ff904220000 - 0x00007ff90422c000 	C:\WINDOWS\SYSTEM32\CRYPTBASE.dll
0x00007ff9036c0000 - 0x00007ff9036ed000 	C:\WINDOWS\SYSTEM32\IPHLPAPI.DLL
0x00007ff906710000 - 0x00007ff906719000 	C:\WINDOWS\System32\NSI.dll
0x00007ff8ff2e0000 - 0x00007ff8ff2f9000 	C:\WINDOWS\SYSTEM32\dhcpcsvc6.DLL
0x00007ff8ff4a0000 - 0x00007ff8ff4be000 	C:\WINDOWS\SYSTEM32\dhcpcsvc.DLL
0x00007ff9036f0000 - 0x00007ff9037d8000 	C:\WINDOWS\SYSTEM32\DNSAPI.dll

dbghelp: loaded successfully - version: 4.0.5 - missing functions: none
symbol engine: initialized successfully - sym options: 0x614 - pdb path: .;C:\Program Files\Java\jdk-18.0.1.1\bin;C:\WINDOWS\SYSTEM32;C:\WINDOWS\WinSxS\amd64_microsoft.windows.common-controls_6595b64144ccf1df_6.0.22000.120_none_9d947278b86cc467;C:\Program Files\Java\jdk-18.0.1.1\bin\server;C:\Program Files\Java\jre1.8.0_333\native\e1d6ef7f7dcc3fd88c89a11ec53ec762bb8ba0a96d01ffa2cd45eb1d1d8dd5c5\windows-amd64;C:\Program Files\Java\jre1.8.0_333\native\5664cfc778a61ccfe75a443a1ab52a65af34e5dc3c78e0209fed803814484fcb\windows-amd64

VM Arguments:
jvm_args: --add-opens=java.base/java.util=ALL-UNNAMED --add-opens=java.base/java.lang=ALL-UNNAMED --add-opens=java.base/java.lang.invoke=ALL-UNNAMED --add-opens=java.base/java.util=ALL-UNNAMED --add-opens=java.prefs/java.util.prefs=ALL-UNNAMED --add-opens=java.prefs/java.util.prefs=ALL-UNNAMED --add-opens=java.base/java.nio.charset=ALL-UNNAMED --add-opens=java.base/java.net=ALL-UNNAMED --add-opens=java.base/java.util.concurrent.atomic=ALL-UNNAMED -Xmx2048m -Dfile.encoding=UTF-8 -Duser.country=US -Duser.language=en -Duser.variant 
java_command: org.gradle.launcher.daemon.bootstrap.GradleDaemon 7.3.3
java_class_path (initial): C:\Program Files\Java\jre1.8.0_333\wrapper\dists\gradle-7.3.3-bin\6a41zxkdtcxs8rphpq6y0069z\gradle-7.3.3\lib\gradle-launcher-7.3.3.jar
Launcher Type: SUN_STANDARD

[Global flags]
     intx CICompilerCount                          = 4                                         {product} {ergonomic}
     uint ConcGCThreads                            = 2                                         {product} {ergonomic}
     uint G1ConcRefinementThreads                  = 8                                         {product} {ergonomic}
   size_t G1HeapRegionSize                         = 1048576                                   {product} {ergonomic}
    uintx GCDrainStackTargetSize                   = 64                                        {product} {ergonomic}
   size_t InitialHeapSize                          = 132120576                                 {product} {ergonomic}
   size_t MarkStackSize                            = 4194304                                   {product} {ergonomic}
   size_t MaxHeapSize                              = 2147483648                                {product} {command line}
   size_t MaxNewSize                               = 1287651328                                {product} {ergonomic}
   size_t MinHeapDeltaBytes                        = 1048576                                   {product} {ergonomic}
   size_t MinHeapSize                              = 8388608                                   {product} {ergonomic}
    uintx NonNMethodCodeHeapSize                   = 5839372                                {pd product} {ergonomic}
    uintx NonProfiledCodeHeapSize                  = 122909434                              {pd product} {ergonomic}
    uintx ProfiledCodeHeapSize                     = 122909434                              {pd product} {ergonomic}
    uintx ReservedCodeCacheSize                    = 251658240                              {pd product} {ergonomic}
     bool SegmentedCodeCache                       = true                                      {product} {ergonomic}
   size_t SoftMaxHeapSize                          = 2147483648                             {manageable} {ergonomic}
     bool UseCompressedClassPointers               = true                           {product lp64_product} {ergonomic}
     bool UseCompressedOops                        = true                           {product lp64_product} {ergonomic}
     bool UseG1GC                                  = true                                      {product} {ergonomic}
     bool UseLargePagesIndividualAllocation        = false                                  {pd product} {ergonomic}

Logging:
Log output configuration:
 #0: stdout all=warning uptime,level,tags foldmultilines=false
 #1: stderr all=off uptime,level,tags foldmultilines=false

Environment Variables:
JAVA_HOME=C:\Program Files\Java\jdk-18.0.1.1
PATH=C:\Program Files\Common Files\Oracle\Java\javapath;C:\Windows\system32;C:\Windows;C:\Windows\System32\Wbem;C:\Windows\System32\WindowsPowerShell\v1.0\;C:\Windows\System32\OpenSSH\;C:\Program Files (x86)\NVIDIA Corporation\PhysX\Common;C:\Program Files\NVIDIA Corporation\NVIDIA NvDLISR;F:\Git\cmd;C:\WINDOWS\system32;C:\WINDOWS;C:\WINDOWS\System32\Wbem;C:\WINDOWS\System32\WindowsPowerShell\v1.0\;C:\WINDOWS\System32\OpenSSH\;C:\Program Files\Java\jdk-18.0.1.1\bin;C:\Program Files\Java\jdk-18.0.1.1\bin;D:\flutter\bin;C:\Program Files\JetBrains\IntelliJ IDEA Community Edition 2021.3.2\bin;;C:\Users\NoteBook TANDIS\AppData\Local\Microsoft\WindowsApps;dart-sdk;;C:\Users\NoteBook TANDIS\AppData\Local\Programs\Microsoft VS Code\bin
USERNAME=NoteBook TANDIS
OS=Windows_NT
PROCESSOR_IDENTIFIER=Intel64 Family 6 Model 165 Stepping 2, GenuineIntel



---------------  S Y S T E M  ---------------

OS:
 Windows 11 , 64 bit Build 22000 (10.0.22000.708)
OS uptime: 0 days 1:58 hours

CPU: total 8 (initial active 8) (4 cores per cpu, 2 threads per core) family 6 model 165 stepping 2 microcode 0xea, cx8, cmov, fxsr, ht, mmx, 3dnowpref, sse, sse2, sse3, ssse3, sse4.1, sse4.2, popcnt, lzcnt, tsc, tscinvbit, avx, avx2, aes, erms, clmul, bmi1, bmi2, adx, fma, vzeroupper, clflush, clflushopt

Memory: 4k page, system-wide physical 8023M (462M free)
TotalPageFile size 11023M (AvailPageFile size 5M)
current process WorkingSet (physical memory assigned to process): 368M, peak: 368M
current process commit charge ("private bytes"): 412M, peak: 412M

vm_info: Java HotSpot(TM) 64-Bit Server VM (18.0.1.1+2-6) for windows-amd64 JRE (18.0.1.1+2-6), built on Apr 25 2022 21:53:15 by "mach5one" with MS VC++ 16.8 / 16.9 (VS2019)

END.
