#
# There is insufficient memory for the Java Runtime Environment to continue.
# Native memory allocation (mmap) failed to map 143654912 bytes for G1 virtual space
# Possible reasons:
#   The system is out of physical RAM or swap space
#   The process is running with CompressedOops enabled, and the Java Heap may be blocking the growth of the native heap
# Possible solutions:
#   Reduce memory load on the system
#   Increase physical memory or swap space
#   Check if swap backing store is full
#   Decrease Java heap size (-Xmx/-Xms)
#   Decrease number of Java threads
#   Decrease Java thread stack sizes (-Xss)
#   Set larger code cache with -XX:ReservedCodeCacheSize=
#   JVM is running with Unscaled Compressed Oops mode in which the Java heap is
#     placed in the first 4GB address space. The Java Heap base address is the
#     maximum limit for the native heap growth. Please use -XX:HeapBaseMinAddress
#     to set the Java Heap base and to place the Java Heap above 4GB virtual address.
# This output file may be truncated or incomplete.
#
#  Out of Memory Error (os_windows.cpp:3530), pid=2436, tid=5204
#
# JRE version: Java(TM) SE Runtime Environment (18.0.1.1+2) (build 18.0.1.1+2-6)
# Java VM: Java HotSpot(TM) 64-Bit Server VM (18.0.1.1+2-6, mixed mode, sharing, tiered, compressed oops, compressed class ptrs, g1 gc, windows-amd64)
# No core dump will be written. Minidumps are not enabled by default on client versions of Windows
#

---------------  S U M M A R Y ------------

Command Line: --add-opens=java.base/java.util=ALL-UNNAMED --add-opens=java.base/java.lang=ALL-UNNAMED --add-opens=java.base/java.lang.invoke=ALL-UNNAMED --add-opens=java.base/java.util=ALL-UNNAMED --add-opens=java.prefs/java.util.prefs=ALL-UNNAMED --add-opens=java.prefs/java.util.prefs=ALL-UNNAMED --add-opens=java.base/java.nio.charset=ALL-UNNAMED --add-opens=java.base/java.net=ALL-UNNAMED --add-opens=java.base/java.util.concurrent.atomic=ALL-UNNAMED -Xmx2048m -Dfile.encoding=UTF-8 -Duser.country=US -Duser.language=en -Duser.variant org.gradle.launcher.daemon.bootstrap.GradleDaemon 7.3.3

Host: Intel(R) Core(TM) i5-10300H CPU @ 2.50GHz, 8 cores, 7G,  Windows 11 , 64 bit Build 22000 (10.0.22000.708)
Time: Mon Jul 11 12:12:19 2022 Iran Daylight Time elapsed time: 6.373967 seconds (0d 0h 0m 6s)

---------------  T H R E A D  ---------------

Current thread (0x0000017dfed56ce0):  VMThread "VM Thread" [stack: 0x00000009b7d00000,0x00000009b7e00000] [id=5204]

Stack: [0x00000009b7d00000,0x00000009b7e00000]
Native frames: (J=compiled Java code, j=interpreted, Vv=VM code, C=native code)
V  [jvm.dll+0x69887a]
V  [jvm.dll+0x7f38bd]
V  [jvm.dll+0x7f51ce]
V  [jvm.dll+0x7f5883]
V  [jvm.dll+0x25ca3f]
V  [jvm.dll+0x6957c9]
V  [jvm.dll+0x68a2fa]
V  [jvm.dll+0x321efb]
V  [jvm.dll+0x3298d6]
V  [jvm.dll+0x37e47e]
V  [jvm.dll+0x37e6af]
V  [jvm.dll+0x2f9c7a]
V  [jvm.dll+0x2f9d27]
V  [jvm.dll+0x33e262]
V  [jvm.dll+0x33c804]
V  [jvm.dll+0x2f9450]
V  [jvm.dll+0x33bddb]
V  [jvm.dll+0x7fa66b]
V  [jvm.dll+0x7fb404]
V  [jvm.dll+0x7fb93c]
V  [jvm.dll+0x7fbd94]
V  [jvm.dll+0x7fbe57]
V  [jvm.dll+0x7a03ea]
V  [jvm.dll+0x697725]
C  [ucrtbase.dll+0x26c0c]
C  [KERNEL32.DLL+0x154e0]
C  [ntdll.dll+0x485b]

VM_Operation (0x00000009c07fa9d0): G1CollectForAllocation, mode: safepoint, requested by thread 0x0000017da47facc0


---------------  P R O C E S S  ---------------

Threads class SMR info:
_java_thread_list=0x0000017da249e220, length=137, elements={
0x0000017dfb371690, 0x0000017dfed5a6b0, 0x0000017dfed5d320, 0x0000017dfed76660,
0x0000017dfed76f10, 0x0000017dfed778b0, 0x0000017dfed78250, 0x0000017dfed7af30,
0x0000017dfed8d680, 0x0000017dfed9aba0, 0x0000017d9ecd8f10, 0x0000017d9ecdb3e0,
0x0000017d9ed35850, 0x0000017d9fdd32f0, 0x0000017da03fe800, 0x0000017da064a6e0,
0x0000017da076d620, 0x0000017da060a740, 0x0000017da060c350, 0x0000017d9f943430,
0x0000017d9f9438f0, 0x0000017d9f8d0e50, 0x0000017d9f8ceca0, 0x0000017d9f8d0980,
0x0000017d9f8d17f0, 0x0000017d9f8cf170, 0x0000017d9f8ce7d0, 0x0000017d9f8cfb10,
0x0000017d9f8d1320, 0x0000017d9f8d1cc0, 0x0000017d9f8cffe0, 0x0000017d9f8d2190,
0x0000017da15f4d40, 0x0000017da15f3ed0, 0x0000017da15f56e0, 0x0000017da15f6550,
0x0000017da49f4820, 0x0000017da49f3010, 0x0000017da49f21a0, 0x0000017da49efb20,
0x0000017da49f4350, 0x0000017da49f1800, 0x0000017da49ecfd0, 0x0000017da49f0990,
0x0000017da49f39b0, 0x0000017da49f34e0, 0x0000017da49f2670, 0x0000017da49f2b40,
0x0000017da49ed4a0, 0x0000017da49ed970, 0x0000017da49ede40, 0x0000017da49eecb0,
0x0000017da49ee7e0, 0x0000017da49ef180, 0x0000017da49f0e60, 0x0000017da49ef650,
0x0000017da49efff0, 0x0000017da49f04c0, 0x0000017da3458c60, 0x0000017da3456110,
0x0000017da3453f60, 0x0000017da3458790, 0x0000017da34565e0, 0x0000017da3455c40,
0x0000017da3459600, 0x0000017da3454dd0, 0x0000017da3456ab0, 0x0000017da3456f80,
0x0000017da3457920, 0x0000017da3455770, 0x0000017da3454900, 0x0000017da3457450,
0x0000017da34552a0, 0x0000017da34535c0, 0x0000017da3453a90, 0x0000017da3457df0,
0x0000017da3454430, 0x0000017da34582c0, 0x0000017da3459130, 0x0000017da3459ad0,
0x0000017da3459fa0, 0x0000017da345a470, 0x0000017da345a940, 0x0000017da34530f0,
0x0000017da2aead40, 0x0000017da2ae9ed0, 0x0000017da2aed890, 0x0000017da2ae9a00,
0x0000017da2aea3a0, 0x0000017da2aebbb0, 0x0000017da2ae9530, 0x0000017da2aedd60,
0x0000017da2aef570, 0x0000017da2aea870, 0x0000017da2aee700, 0x0000017da2aecef0,
0x0000017da2af08b0, 0x0000017da2aec080, 0x0000017da2aeb210, 0x0000017da2aed3c0,
0x0000017da2aefa40, 0x0000017da2aee230, 0x0000017da2aeebd0, 0x0000017da2aef0a0,
0x0000017da2aeff10, 0x0000017da2aeb6e0, 0x0000017da2aec550, 0x0000017da2af03e0,
0x0000017da2ae9060, 0x0000017da2aeca20, 0x0000017da0ddbb90, 0x0000017da0ddc060,
0x0000017da0dd9510, 0x0000017da0dd86a0, 0x0000017da0ddad20, 0x0000017da0dd6020,
0x0000017da0dd7d00, 0x0000017da0dd64f0, 0x0000017da0dd5680, 0x0000017da0dd69c0,
0x0000017da0dd5b50, 0x0000017da0ddb6c0, 0x0000017da0ddb1f0, 0x0000017da0dd81d0,
0x0000017da0dd7360, 0x0000017da0ddc530, 0x0000017da47f7300, 0x0000017da47f4c80,
0x0000017da47f8b10, 0x0000017da47facc0, 0x0000017da47f77d0, 0x0000017da47f6e30,
0x0000017da47f9980, 0x0000017da47f7ca0, 0x0000017da47f5fc0, 0x0000017da47fa320,
0x0000017da47fb190
}

Java Threads: ( => current thread )
  0x0000017dfb371690 JavaThread "main" [_thread_blocked, id=12584, stack(0x00000009b7700000,0x00000009b7800000)]
  0x0000017dfed5a6b0 JavaThread "Reference Handler" daemon [_thread_blocked, id=11552, stack(0x00000009b7e00000,0x00000009b7f00000)]
  0x0000017dfed5d320 JavaThread "Finalizer" daemon [_thread_blocked, id=464, stack(0x00000009b7f00000,0x00000009b8000000)]
  0x0000017dfed76660 JavaThread "Signal Dispatcher" daemon [_thread_blocked, id=17076, stack(0x00000009b8000000,0x00000009b8100000)]
  0x0000017dfed76f10 JavaThread "Attach Listener" daemon [_thread_blocked, id=11000, stack(0x00000009b8100000,0x00000009b8200000)]
  0x0000017dfed778b0 JavaThread "Service Thread" daemon [_thread_blocked, id=8724, stack(0x00000009b8200000,0x00000009b8300000)]
  0x0000017dfed78250 JavaThread "Monitor Deflation Thread" daemon [_thread_blocked, id=13792, stack(0x00000009b8300000,0x00000009b8400000)]
  0x0000017dfed7af30 JavaThread "C2 CompilerThread0" daemon [_thread_blocked, id=16780, stack(0x00000009b8400000,0x00000009b8500000)]
  0x0000017dfed8d680 JavaThread "C1 CompilerThread0" daemon [_thread_blocked, id=1420, stack(0x00000009b8500000,0x00000009b8600000)]
  0x0000017dfed9aba0 JavaThread "Sweeper thread" daemon [_thread_blocked, id=15708, stack(0x00000009b8600000,0x00000009b8700000)]
  0x0000017d9ecd8f10 JavaThread "Common-Cleaner" daemon [_thread_blocked, id=16908, stack(0x00000009b8700000,0x00000009b8800000)]
  0x0000017d9ecdb3e0 JavaThread "Notification Thread" daemon [_thread_blocked, id=7660, stack(0x00000009b8800000,0x00000009b8900000)]
  0x0000017d9ed35850 JavaThread "C2 CompilerThread1" daemon [_thread_blocked, id=4160, stack(0x00000009b8a00000,0x00000009b8b00000)]
  0x0000017d9fdd32f0 JavaThread "C2 CompilerThread2" daemon [_thread_blocked, id=13440, stack(0x00000009b8f00000,0x00000009b9000000)]
  0x0000017da03fe800 JavaThread "Daemon health stats" [_thread_blocked, id=9912, stack(0x00000009b9000000,0x00000009b9100000)]
  0x0000017da064a6e0 JavaThread "Incoming local TCP Connector on port 59873" [_thread_in_native, id=16140, stack(0x00000009b9100000,0x00000009b9200000)]
  0x0000017da076d620 JavaThread "Daemon periodic checks" [_thread_blocked, id=13720, stack(0x00000009b9200000,0x00000009b9300000)]
  0x0000017da060a740 JavaThread "Daemon" [_thread_blocked, id=13604, stack(0x00000009b9300000,0x00000009b9400000)]
  0x0000017da060c350 JavaThread "Handler for socket connection from /127.0.0.1:59873 to /127.0.0.1:59874" [_thread_in_native, id=16944, stack(0x00000009b9400000,0x00000009b9500000)]
  0x0000017d9f943430 JavaThread "Cancel handler" [_thread_blocked, id=13688, stack(0x00000009b9500000,0x00000009b9600000)]
  0x0000017d9f9438f0 JavaThread "Daemon worker" [_thread_blocked, id=7388, stack(0x00000009b9600000,0x00000009b9700000)]
  0x0000017d9f8d0e50 JavaThread "Asynchronous log dispatcher for DefaultDaemonConnection: socket connection from /127.0.0.1:59873 to /127.0.0.1:59874" [_thread_blocked, id=16460, stack(0x00000009b9700000,0x00000009b9800000)]
  0x0000017d9f8ceca0 JavaThread "Stdin handler" [_thread_blocked, id=13292, stack(0x00000009b9800000,0x00000009b9900000)]
  0x0000017d9f8d0980 JavaThread "Daemon client event forwarder" [_thread_blocked, id=3000, stack(0x00000009b9900000,0x00000009b9a00000)]
  0x0000017d9f8d17f0 JavaThread "Cache worker for journal cache (C:\Program Files\Java\jre1.8.0_333\caches\journal-1)" [_thread_blocked, id=12836, stack(0x00000009b9a00000,0x00000009b9b00000)]
  0x0000017d9f8cf170 JavaThread "File lock request listener" [_thread_in_native, id=7268, stack(0x00000009b9b00000,0x00000009b9c00000)]
  0x0000017d9f8ce7d0 JavaThread "Cache worker for file hash cache (C:\Program Files\Java\jre1.8.0_333\caches\7.3.3\fileHashes)" [_thread_blocked, id=3908, stack(0x00000009b9c00000,0x00000009b9d00000)]
  0x0000017d9f8cfb10 JavaThread "Cache worker for file hash cache (D:\BatteryManager\.gradle\7.3.3\fileHashes)" [_thread_blocked, id=9848, stack(0x00000009b9d00000,0x00000009b9e00000)]
  0x0000017d9f8d1320 JavaThread "File watcher server" daemon [_thread_blocked, id=10284, stack(0x00000009ba100000,0x00000009ba200000)]
  0x0000017d9f8d1cc0 JavaThread "File watcher consumer" daemon [_thread_blocked, id=312, stack(0x00000009ba200000,0x00000009ba300000)]
  0x0000017d9f8cffe0 JavaThread "Cache worker for checksums cache (D:\BatteryManager\.gradle\7.3.3\checksums)" [_thread_blocked, id=10812, stack(0x00000009ba300000,0x00000009ba400000)]
  0x0000017d9f8d2190 JavaThread "Cache worker for cache directory md-supplier (C:\Program Files\Java\jre1.8.0_333\caches\7.3.3\md-supplier)" [_thread_blocked, id=10628, stack(0x00000009ba400000,0x00000009ba500000)]
  0x0000017da15f4d40 JavaThread "Cache worker for cache directory md-rule (C:\Program Files\Java\jre1.8.0_333\caches\7.3.3\md-rule)" [_thread_blocked, id=16684, stack(0x00000009ba600000,0x00000009ba700000)]
  0x0000017da15f3ed0 JavaThread "Cache worker for execution history cache (C:\Program Files\Java\jre1.8.0_333\caches\7.3.3\executionHistory)" [_thread_blocked, id=13716, stack(0x00000009ba700000,0x00000009ba800000)]
  0x0000017da15f56e0 JavaThread "jar transforms" [_thread_blocked, id=10456, stack(0x00000009ba800000,0x00000009ba900000)]
  0x0000017da15f6550 JavaThread "Cache worker for file content cache (C:\Program Files\Java\jre1.8.0_333\caches\7.3.3\fileContent)" [_thread_blocked, id=16412, stack(0x00000009ba900000,0x00000009baa00000)]
  0x0000017da49f4820 JavaThread "jar transforms Thread 2" [_thread_blocked, id=15116, stack(0x00000009baa00000,0x00000009bab00000)]
  0x0000017da49f3010 JavaThread "Cache worker for dependencies-accessors (D:\BatteryManager\.gradle\7.3.3\dependencies-accessors)" [_thread_blocked, id=15812, stack(0x00000009bab00000,0x00000009bac00000)]
  0x0000017da49f21a0 JavaThread "jar transforms Thread 3" [_thread_blocked, id=10412, stack(0x00000009bac00000,0x00000009bad00000)]
  0x0000017da49efb20 JavaThread "Cache worker for Build Output Cleanup Cache (D:\BatteryManager\.gradle\buildOutputCleanup)" [_thread_blocked, id=14264, stack(0x00000009bad00000,0x00000009bae00000)]
  0x0000017da49f4350 JavaThread "Unconstrained build operations" [_thread_blocked, id=12668, stack(0x00000009bae00000,0x00000009baf00000)]
  0x0000017da49f1800 JavaThread "Unconstrained build operations Thread 2" [_thread_blocked, id=5680, stack(0x00000009baf00000,0x00000009bb000000)]
  0x0000017da49ecfd0 JavaThread "Unconstrained build operations Thread 3" [_thread_blocked, id=4480, stack(0x00000009bb000000,0x00000009bb100000)]
  0x0000017da49f0990 JavaThread "Unconstrained build operations Thread 4" [_thread_blocked, id=16764, stack(0x00000009bb100000,0x00000009bb200000)]
  0x0000017da49f39b0 JavaThread "Unconstrained build operations Thread 5" [_thread_blocked, id=17304, stack(0x00000009bb200000,0x00000009bb300000)]
  0x0000017da49f34e0 JavaThread "Unconstrained build operations Thread 6" [_thread_blocked, id=4436, stack(0x00000009bb300000,0x00000009bb400000)]
  0x0000017da49f2670 JavaThread "Unconstrained build operations Thread 7" [_thread_blocked, id=12604, stack(0x00000009bb400000,0x00000009bb500000)]
  0x0000017da49f2b40 JavaThread "Unconstrained build operations Thread 8" [_thread_blocked, id=3344, stack(0x00000009bb500000,0x00000009bb600000)]
  0x0000017da49ed4a0 JavaThread "Unconstrained build operations Thread 9" [_thread_blocked, id=13224, stack(0x00000009bb600000,0x00000009bb700000)]
  0x0000017da49ed970 JavaThread "Unconstrained build operations Thread 10" [_thread_blocked, id=13568, stack(0x00000009bb700000,0x00000009bb800000)]
  0x0000017da49ede40 JavaThread "Unconstrained build operations Thread 11" [_thread_blocked, id=1952, stack(0x00000009bb800000,0x00000009bb900000)]
  0x0000017da49eecb0 JavaThread "Unconstrained build operations Thread 12" [_thread_blocked, id=7056, stack(0x00000009bb900000,0x00000009bba00000)]
  0x0000017da49ee7e0 JavaThread "Unconstrained build operations Thread 13" [_thread_blocked, id=12172, stack(0x00000009bba00000,0x00000009bbb00000)]
  0x0000017da49ef180 JavaThread "Unconstrained build operations Thread 14" [_thread_blocked, id=3180, stack(0x00000009bbb00000,0x00000009bbc00000)]
  0x0000017da49f0e60 JavaThread "Unconstrained build operations Thread 15" [_thread_blocked, id=11216, stack(0x00000009bbc00000,0x00000009bbd00000)]
  0x0000017da49ef650 JavaThread "Unconstrained build operations Thread 16" [_thread_blocked, id=11384, stack(0x00000009bbd00000,0x00000009bbe00000)]
  0x0000017da49efff0 JavaThread "Unconstrained build operations Thread 17" [_thread_blocked, id=12128, stack(0x00000009bbe00000,0x00000009bbf00000)]
  0x0000017da49f04c0 JavaThread "Unconstrained build operations Thread 18" [_thread_blocked, id=4904, stack(0x00000009bbf00000,0x00000009bc000000)]
  0x0000017da3458c60 JavaThread "Unconstrained build operations Thread 19" [_thread_blocked, id=11376, stack(0x00000009bc000000,0x00000009bc100000)]
  0x0000017da3456110 JavaThread "Unconstrained build operations Thread 20" [_thread_blocked, id=8708, stack(0x00000009bc100000,0x00000009bc200000)]
  0x0000017da3453f60 JavaThread "Unconstrained build operations Thread 21" [_thread_blocked, id=1380, stack(0x00000009bc200000,0x00000009bc300000)]
  0x0000017da3458790 JavaThread "Unconstrained build operations Thread 22" [_thread_blocked, id=14032, stack(0x00000009bc300000,0x00000009bc400000)]
  0x0000017da34565e0 JavaThread "Unconstrained build operations Thread 23" [_thread_blocked, id=8208, stack(0x00000009bc400000,0x00000009bc500000)]
  0x0000017da3455c40 JavaThread "Unconstrained build operations Thread 24" [_thread_blocked, id=3824, stack(0x00000009bc500000,0x00000009bc600000)]
  0x0000017da3459600 JavaThread "Unconstrained build operations Thread 25" [_thread_blocked, id=1288, stack(0x00000009bc600000,0x00000009bc700000)]
  0x0000017da3454dd0 JavaThread "Unconstrained build operations Thread 26" [_thread_blocked, id=17356, stack(0x00000009bc700000,0x00000009bc800000)]
  0x0000017da3456ab0 JavaThread "Unconstrained build operations Thread 27" [_thread_blocked, id=5028, stack(0x00000009bc800000,0x00000009bc900000)]
  0x0000017da3456f80 JavaThread "Unconstrained build operations Thread 28" [_thread_blocked, id=820, stack(0x00000009bc900000,0x00000009bca00000)]
  0x0000017da3457920 JavaThread "Unconstrained build operations Thread 29" [_thread_blocked, id=8872, stack(0x00000009bca00000,0x00000009bcb00000)]
  0x0000017da3455770 JavaThread "Unconstrained build operations Thread 30" [_thread_blocked, id=15724, stack(0x00000009bcb00000,0x00000009bcc00000)]
  0x0000017da3454900 JavaThread "Unconstrained build operations Thread 31" [_thread_blocked, id=13932, stack(0x00000009bcc00000,0x00000009bcd00000)]
  0x0000017da3457450 JavaThread "Unconstrained build operations Thread 32" [_thread_blocked, id=2852, stack(0x00000009bcd00000,0x00000009bce00000)]
  0x0000017da34552a0 JavaThread "Unconstrained build operations Thread 33" [_thread_blocked, id=7460, stack(0x00000009bce00000,0x00000009bcf00000)]
  0x0000017da34535c0 JavaThread "Unconstrained build operations Thread 34" [_thread_blocked, id=1224, stack(0x00000009bcf00000,0x00000009bd000000)]
  0x0000017da3453a90 JavaThread "Unconstrained build operations Thread 35" [_thread_blocked, id=9988, stack(0x00000009bd000000,0x00000009bd100000)]
  0x0000017da3457df0 JavaThread "Unconstrained build operations Thread 36" [_thread_blocked, id=2096, stack(0x00000009bd100000,0x00000009bd200000)]
  0x0000017da3454430 JavaThread "Unconstrained build operations Thread 37" [_thread_blocked, id=13088, stack(0x00000009bd200000,0x00000009bd300000)]
  0x0000017da34582c0 JavaThread "Unconstrained build operations Thread 38" [_thread_blocked, id=16500, stack(0x00000009bd300000,0x00000009bd400000)]
  0x0000017da3459130 JavaThread "Unconstrained build operations Thread 39" [_thread_blocked, id=16252, stack(0x00000009bd400000,0x00000009bd500000)]
  0x0000017da3459ad0 JavaThread "Unconstrained build operations Thread 40" [_thread_blocked, id=5312, stack(0x00000009bd500000,0x00000009bd600000)]
  0x0000017da3459fa0 JavaThread "Unconstrained build operations Thread 41" [_thread_blocked, id=8644, stack(0x00000009bd600000,0x00000009bd700000)]
  0x0000017da345a470 JavaThread "Unconstrained build operations Thread 42" [_thread_blocked, id=13760, stack(0x00000009bd700000,0x00000009bd800000)]
  0x0000017da345a940 JavaThread "Unconstrained build operations Thread 43" [_thread_blocked, id=15000, stack(0x00000009bd800000,0x00000009bd900000)]
  0x0000017da34530f0 JavaThread "Unconstrained build operations Thread 44" [_thread_blocked, id=14200, stack(0x00000009bd900000,0x00000009bda00000)]
  0x0000017da2aead40 JavaThread "Unconstrained build operations Thread 45" [_thread_blocked, id=308, stack(0x00000009bda00000,0x00000009bdb00000)]
  0x0000017da2ae9ed0 JavaThread "Unconstrained build operations Thread 46" [_thread_blocked, id=5772, stack(0x00000009bdb00000,0x00000009bdc00000)]
  0x0000017da2aed890 JavaThread "Unconstrained build operations Thread 47" [_thread_blocked, id=8, stack(0x00000009bdc00000,0x00000009bdd00000)]
  0x0000017da2ae9a00 JavaThread "Unconstrained build operations Thread 48" [_thread_blocked, id=10976, stack(0x00000009bdd00000,0x00000009bde00000)]
  0x0000017da2aea3a0 JavaThread "Unconstrained build operations Thread 49" [_thread_blocked, id=13488, stack(0x00000009bde00000,0x00000009bdf00000)]
  0x0000017da2aebbb0 JavaThread "Unconstrained build operations Thread 50" [_thread_blocked, id=7864, stack(0x00000009bdf00000,0x00000009be000000)]
  0x0000017da2ae9530 JavaThread "Unconstrained build operations Thread 51" [_thread_blocked, id=3712, stack(0x00000009be000000,0x00000009be100000)]
  0x0000017da2aedd60 JavaThread "Unconstrained build operations Thread 52" [_thread_blocked, id=17144, stack(0x00000009be100000,0x00000009be200000)]
  0x0000017da2aef570 JavaThread "Unconstrained build operations Thread 53" [_thread_blocked, id=5400, stack(0x00000009be200000,0x00000009be300000)]
  0x0000017da2aea870 JavaThread "Unconstrained build operations Thread 54" [_thread_blocked, id=10936, stack(0x00000009be300000,0x00000009be400000)]
  0x0000017da2aee700 JavaThread "Unconstrained build operations Thread 55" [_thread_blocked, id=13352, stack(0x00000009be400000,0x00000009be500000)]
  0x0000017da2aecef0 JavaThread "Unconstrained build operations Thread 56" [_thread_blocked, id=13280, stack(0x00000009be500000,0x00000009be600000)]
  0x0000017da2af08b0 JavaThread "Unconstrained build operations Thread 57" [_thread_blocked, id=14780, stack(0x00000009be600000,0x00000009be700000)]
  0x0000017da2aec080 JavaThread "Unconstrained build operations Thread 58" [_thread_blocked, id=16448, stack(0x00000009be700000,0x00000009be800000)]
  0x0000017da2aeb210 JavaThread "Unconstrained build operations Thread 59" [_thread_blocked, id=13964, stack(0x00000009be800000,0x00000009be900000)]
  0x0000017da2aed3c0 JavaThread "Unconstrained build operations Thread 60" [_thread_blocked, id=1044, stack(0x00000009be900000,0x00000009bea00000)]
  0x0000017da2aefa40 JavaThread "Unconstrained build operations Thread 61" [_thread_blocked, id=2288, stack(0x00000009bea00000,0x00000009beb00000)]
  0x0000017da2aee230 JavaThread "Unconstrained build operations Thread 62" [_thread_blocked, id=13232, stack(0x00000009beb00000,0x00000009bec00000)]
  0x0000017da2aeebd0 JavaThread "Unconstrained build operations Thread 63" [_thread_blocked, id=6012, stack(0x00000009bec00000,0x00000009bed00000)]
  0x0000017da2aef0a0 JavaThread "Unconstrained build operations Thread 64" [_thread_blocked, id=15796, stack(0x00000009bed00000,0x00000009bee00000)]
  0x0000017da2aeff10 JavaThread "Unconstrained build operations Thread 65" [_thread_blocked, id=10532, stack(0x00000009bee00000,0x00000009bef00000)]
  0x0000017da2aeb6e0 JavaThread "Unconstrained build operations Thread 66" [_thread_blocked, id=10620, stack(0x00000009bef00000,0x00000009bf000000)]
  0x0000017da2aec550 JavaThread "Unconstrained build operations Thread 67" [_thread_blocked, id=11112, stack(0x00000009bf000000,0x00000009bf100000)]
  0x0000017da2af03e0 JavaThread "Unconstrained build operations Thread 68" [_thread_blocked, id=9644, stack(0x00000009bf100000,0x00000009bf200000)]
  0x0000017da2ae9060 JavaThread "Unconstrained build operations Thread 69" [_thread_blocked, id=16620, stack(0x00000009bf200000,0x00000009bf300000)]
  0x0000017da2aeca20 JavaThread "Unconstrained build operations Thread 70" [_thread_blocked, id=16556, stack(0x00000009bf300000,0x00000009bf400000)]
  0x0000017da0ddbb90 JavaThread "Unconstrained build operations Thread 71" [_thread_blocked, id=12216, stack(0x00000009bf400000,0x00000009bf500000)]
  0x0000017da0ddc060 JavaThread "Unconstrained build operations Thread 72" [_thread_blocked, id=12652, stack(0x00000009bf500000,0x00000009bf600000)]
  0x0000017da0dd9510 JavaThread "Unconstrained build operations Thread 73" [_thread_blocked, id=12832, stack(0x00000009bf600000,0x00000009bf700000)]
  0x0000017da0dd86a0 JavaThread "Unconstrained build operations Thread 74" [_thread_blocked, id=13904, stack(0x00000009bf700000,0x00000009bf800000)]
  0x0000017da0ddad20 JavaThread "Unconstrained build operations Thread 75" [_thread_blocked, id=13244, stack(0x00000009bf800000,0x00000009bf900000)]
  0x0000017da0dd6020 JavaThread "Unconstrained build operations Thread 76" [_thread_blocked, id=8892, stack(0x00000009bf900000,0x00000009bfa00000)]
  0x0000017da0dd7d00 JavaThread "Unconstrained build operations Thread 77" [_thread_blocked, id=6380, stack(0x00000009bfa00000,0x00000009bfb00000)]
  0x0000017da0dd64f0 JavaThread "Unconstrained build operations Thread 78" [_thread_blocked, id=8444, stack(0x00000009bfb00000,0x00000009bfc00000)]
  0x0000017da0dd5680 JavaThread "Unconstrained build operations Thread 79" [_thread_blocked, id=13212, stack(0x00000009bfc00000,0x00000009bfd00000)]
  0x0000017da0dd69c0 JavaThread "Unconstrained build operations Thread 80" [_thread_blocked, id=6908, stack(0x00000009bfd00000,0x00000009bfe00000)]
  0x0000017da0dd5b50 JavaThread "jar transforms Thread 4" [_thread_blocked, id=4496, stack(0x00000009bfe00000,0x00000009bff00000)]
  0x0000017da0ddb6c0 JavaThread "jar transforms Thread 5" [_thread_blocked, id=6928, stack(0x00000009bff00000,0x00000009c0000000)]
  0x0000017da0ddb1f0 JavaThread "jar transforms Thread 6" [_thread_blocked, id=5300, stack(0x00000009c0000000,0x00000009c0100000)]
  0x0000017da0dd81d0 JavaThread "jar transforms Thread 7" [_thread_blocked, id=10740, stack(0x00000009c0100000,0x00000009c0200000)]
  0x0000017da0dd7360 JavaThread "jar transforms Thread 8" [_thread_blocked, id=17328, stack(0x00000009c0200000,0x00000009c0300000)]
  0x0000017da0ddc530 JavaThread "Memory manager" [_thread_blocked, id=8652, stack(0x00000009c0300000,0x00000009c0400000)]
  0x0000017da47f7300 JavaThread "build event listener" [_thread_blocked, id=2188, stack(0x00000009c0400000,0x00000009c0500000)]
  0x0000017da47f4c80 JavaThread "pool-3-thread-1" [_thread_blocked, id=3168, stack(0x00000009c0500000,0x00000009c0600000)]
  0x0000017da47f8b10 JavaThread "build event listener" [_thread_blocked, id=5404, stack(0x00000009c0600000,0x00000009c0700000)]
  0x0000017da47facc0 JavaThread "Execution worker for ':'" [_thread_blocked, id=3896, stack(0x00000009c0700000,0x00000009c0800000)]
  0x0000017da47f77d0 JavaThread "Execution worker for ':' Thread 2" [_thread_blocked, id=1756, stack(0x00000009c0800000,0x00000009c0900000)]
  0x0000017da47f6e30 JavaThread "Execution worker for ':' Thread 3" [_thread_blocked, id=5064, stack(0x00000009c0900000,0x00000009c0a00000)]
  0x0000017da47f9980 JavaThread "Execution worker for ':' Thread 4" [_thread_blocked, id=12816, stack(0x00000009c0a00000,0x00000009c0b00000)]
  0x0000017da47f7ca0 JavaThread "Execution worker for ':' Thread 5" [_thread_blocked, id=11008, stack(0x00000009c0b00000,0x00000009c0c00000)]
  0x0000017da47f5fc0 JavaThread "Execution worker for ':' Thread 6" [_thread_blocked, id=9864, stack(0x00000009c0c00000,0x00000009c0d00000)]
  0x0000017da47fa320 JavaThread "Execution worker for ':' Thread 7" [_thread_blocked, id=3852, stack(0x00000009c0d00000,0x00000009c0e00000)]
  0x0000017da47fb190 JavaThread "Cache worker for execution history cache (D:\BatteryManager\.gradle\7.3.3\executionHistory)" [_thread_blocked, id=14044, stack(0x00000009c0e00000,0x00000009c0f00000)]

Other Threads:
=>0x0000017dfed56ce0 VMThread "VM Thread" [stack: 0x00000009b7d00000,0x00000009b7e00000] [id=5204]
  0x0000017d9ecdbd70 WatcherThread "VM Periodic Task Thread" [stack: 0x00000009b8900000,0x00000009b8a00000] [id=3904]
  0x0000017dfb3d4890 WorkerThread "GC Thread#0" [stack: 0x00000009b7800000,0x00000009b7900000] [id=15972]
  0x0000017d9f7fdfd0 WorkerThread "GC Thread#1" [stack: 0x00000009b8b00000,0x00000009b8c00000] [id=7296]
  0x0000017d9f2ccd10 WorkerThread "GC Thread#2" [stack: 0x00000009b8c00000,0x00000009b8d00000] [id=14060]
  0x0000017d9f071d10 WorkerThread "GC Thread#3" [stack: 0x00000009b8d00000,0x00000009b8e00000] [id=1780]
  0x0000017da05707b0 WorkerThread "GC Thread#4" [stack: 0x00000009b8e00000,0x00000009b8f00000] [id=2412]
  0x0000017da2a945c0 WorkerThread "GC Thread#5" [stack: 0x00000009b9e00000,0x00000009b9f00000] [id=15704]
  0x0000017da074aa20 WorkerThread "GC Thread#6" [stack: 0x00000009b9f00000,0x00000009ba000000] [id=1504]
  0x0000017da3860e60 WorkerThread "GC Thread#7" [stack: 0x00000009ba000000,0x00000009ba100000] [id=1588]
  0x0000017dfb3e67d0 ConcurrentGCThread "G1 Main Marker" [stack: 0x00000009b7900000,0x00000009b7a00000] [id=14468]
  0x0000017dfb3e7960 WorkerThread "G1 Conc#0" [stack: 0x00000009b7a00000,0x00000009b7b00000] [id=13828]
  0x0000017da493c2c0 WorkerThread "G1 Conc#1" [stack: 0x00000009ba500000,0x00000009ba600000] [id=11712]
  0x0000017dfec12980 ConcurrentGCThread "G1 Refine#0" [stack: 0x00000009b7b00000,0x00000009b7c00000] [id=6856]
  0x0000017da5c9f1a0 ConcurrentGCThread "G1 Refine#1" [stack: 0x00000009c0f00000,0x00000009c1000000] [id=17164]
  0x0000017da5ca0550 ConcurrentGCThread "G1 Refine#2" [stack: 0x00000009c1000000,0x00000009c1100000] [id=12156]
  0x0000017da5c9f740 ConcurrentGCThread "G1 Refine#3" [stack: 0x00000009c1100000,0x00000009c1200000] [id=16508]
  0x0000017dfec131a0 ConcurrentGCThread "G1 Service" [stack: 0x00000009b7c00000,0x00000009b7d00000] [id=9700]

Threads with active compile tasks:
C1 CompilerThread0     6390 9347       3       org.gradle.api.internal.artifacts.ivyservice.resolveengine.artifact.ResolvedArtifactsGraphVisitor::getArtifacts (197 bytes)
C2 CompilerThread1     6390 9355       4       java.util.LinkedList::node (65 bytes)
C2 CompilerThread2     6390 9310   !   4       org.gradle.api.internal.attributes.DefaultImmutableAttributesFactory::doConcatIsolatable (128 bytes)

VM state: at safepoint (normal execution)

VM Mutex/Monitor currently owned by a thread:  ([mutex/lock_event])
[0x0000017dfb36c5f0] Threads_lock - owner thread: 0x0000017dfed56ce0
[0x0000017dfb36ce60] Heap_lock - owner thread: 0x0000017da47facc0

Heap address: 0x0000000080000000, size: 2048 MB, Compressed Oops mode: 32-bit

CDS archive(s) mapped at: [0x0000000800000000-0x0000000800ba0000-0x0000000800ba0000), size 12189696, SharedBaseAddress: 0x0000000800000000, ArchiveRelocationMode: 0.
Compressed class space mapped at: 0x0000000800c00000-0x0000000840c00000, reserved size: 1073741824
Narrow klass base: 0x0000000800000000, Narrow klass shift: 0, Narrow klass range: 0x100000000

GC Precious Log:
 CardTable entry size: 512
 Card Set container configuration: InlinePtr #cards 5 size 8 Array Of Cards #cards 12 size 40 Howl #buckets 4 coarsen threshold 1843 Howl Bitmap #cards 512 size 80 coarsen threshold 460 Card regions per heap region 1 cards per card region 2048
 CPUs: 8 total, 8 available
 Memory: 8023M
 Large Page Support: Disabled
 NUMA Support: Disabled
 Compressed Oops: Enabled (32-bit)
 Heap Region Size: 1M
 Heap Min Capacity: 8M
 Heap Initial Capacity: 126M
 Heap Max Capacity: 2G
 Pre-touch: Disabled
 Parallel Workers: 8
 Concurrent Workers: 2
 Concurrent Refinement Workers: 8
 Periodic GC: Disabled

Heap:
 garbage-first heap   total 140288K, used 77992K [0x0000000080000000, 0x0000000100000000)
  region size 1024K, 1 young (1024K), 1 survivors (1024K)
 Metaspace       used 78051K, committed 79744K, reserved 1179648K
  class space    used 10579K, committed 11456K, reserved 1048576K

Heap Regions: E=young(eden), S=young(survivor), O=old, HS=humongous(starts), HC=humongous(continues), CS=collection set, F=free, OA=open archive, CA=closed archive, TAMS=top-at-mark-start (previous, next)
|   0|0x0000000080000000, 0x0000000080100000, 0x0000000080100000|100%| O|  |TAMS 0x0000000080100000, 0x0000000080000000| Untracked 
|   1|0x0000000080100000, 0x0000000080200000, 0x0000000080200000|100%| O|  |TAMS 0x0000000080200000, 0x0000000080100000| Untracked 
|   2|0x0000000080200000, 0x0000000080300000, 0x0000000080300000|100%| O|  |TAMS 0x0000000080300000, 0x0000000080200000| Untracked 
|   3|0x0000000080300000, 0x0000000080400000, 0x0000000080400000|100%|HS|  |TAMS 0x0000000080400000, 0x0000000080300000| Complete 
|   4|0x0000000080400000, 0x0000000080500000, 0x0000000080500000|100%|HC|  |TAMS 0x0000000080500000, 0x0000000080400000| Complete 
|   5|0x0000000080500000, 0x0000000080600000, 0x0000000080600000|100%|HC|  |TAMS 0x0000000080600000, 0x0000000080500000| Complete 
|   6|0x0000000080600000, 0x0000000080700000, 0x0000000080700000|100%| O|  |TAMS 0x0000000080700000, 0x0000000080600000| Untracked 
|   7|0x0000000080700000, 0x0000000080800000, 0x0000000080800000|100%| O|  |TAMS 0x0000000080800000, 0x0000000080700000| Untracked 
|   8|0x0000000080800000, 0x0000000080900000, 0x0000000080900000|100%| O|  |TAMS 0x0000000080900000, 0x0000000080800000| Untracked 
|   9|0x0000000080900000, 0x0000000080a00000, 0x0000000080a00000|100%| O|  |TAMS 0x0000000080a00000, 0x0000000080900000| Untracked 
|  10|0x0000000080a00000, 0x0000000080b00000, 0x0000000080b00000|100%| O|  |TAMS 0x0000000080b00000, 0x0000000080a00000| Untracked 
|  11|0x0000000080b00000, 0x0000000080c00000, 0x0000000080c00000|100%| O|  |TAMS 0x0000000080c00000, 0x0000000080b00000| Untracked 
|  12|0x0000000080c00000, 0x0000000080d00000, 0x0000000080d00000|100%| O|  |TAMS 0x0000000080d00000, 0x0000000080c00000| Untracked 
|  13|0x0000000080d00000, 0x0000000080e00000, 0x0000000080e00000|100%| O|  |TAMS 0x0000000080e00000, 0x0000000080d00000| Untracked 
|  14|0x0000000080e00000, 0x0000000080f00000, 0x0000000080f00000|100%| O|  |TAMS 0x0000000080f00000, 0x0000000080e00000| Untracked 
|  15|0x0000000080f00000, 0x0000000081000000, 0x0000000081000000|100%| O|  |TAMS 0x0000000081000000, 0x0000000080f00000| Untracked 
|  16|0x0000000081000000, 0x0000000081100000, 0x0000000081100000|100%| O|  |TAMS 0x0000000081100000, 0x0000000081000000| Untracked 
|  17|0x0000000081100000, 0x0000000081200000, 0x0000000081200000|100%| O|  |TAMS 0x0000000081200000, 0x0000000081100000| Untracked 
|  18|0x0000000081200000, 0x0000000081300000, 0x0000000081300000|100%| O|  |TAMS 0x0000000081300000, 0x0000000081200000| Untracked 
|  19|0x0000000081300000, 0x0000000081400000, 0x0000000081400000|100%| O|  |TAMS 0x0000000081400000, 0x0000000081300000| Untracked 
|  20|0x0000000081400000, 0x0000000081500000, 0x0000000081500000|100%| O|  |TAMS 0x0000000081500000, 0x0000000081400000| Untracked 
|  21|0x0000000081500000, 0x0000000081600000, 0x0000000081600000|100%| O|  |TAMS 0x0000000081600000, 0x0000000081500000| Untracked 
|  22|0x0000000081600000, 0x0000000081700000, 0x0000000081700000|100%| O|  |TAMS 0x0000000081700000, 0x0000000081600000| Untracked 
|  23|0x0000000081700000, 0x0000000081800000, 0x0000000081800000|100%| O|  |TAMS 0x0000000081800000, 0x0000000081700000| Untracked 
|  24|0x0000000081800000, 0x0000000081900000, 0x0000000081900000|100%| O|  |TAMS 0x0000000081900000, 0x0000000081800000| Untracked 
|  25|0x0000000081900000, 0x0000000081a00000, 0x0000000081a00000|100%| O|  |TAMS 0x0000000081a00000, 0x0000000081900000| Untracked 
|  26|0x0000000081a00000, 0x0000000081b00000, 0x0000000081b00000|100%| O|  |TAMS 0x0000000081b00000, 0x0000000081a00000| Untracked 
|  27|0x0000000081b00000, 0x0000000081c00000, 0x0000000081c00000|100%| O|  |TAMS 0x0000000081c00000, 0x0000000081b00000| Untracked 
|  28|0x0000000081c00000, 0x0000000081d00000, 0x0000000081d00000|100%| O|  |TAMS 0x0000000081d00000, 0x0000000081c00000| Untracked 
|  29|0x0000000081d00000, 0x0000000081e00000, 0x0000000081e00000|100%|HS|  |TAMS 0x0000000081e00000, 0x0000000081d00000| Complete 
|  30|0x0000000081e00000, 0x0000000081f00000, 0x0000000081f00000|100%|HS|  |TAMS 0x0000000081f00000, 0x0000000081e00000| Complete 
|  31|0x0000000081f00000, 0x0000000082000000, 0x0000000082000000|100%|HS|  |TAMS 0x0000000082000000, 0x0000000081f00000| Complete 
|  32|0x0000000082000000, 0x0000000082100000, 0x0000000082100000|100%| O|  |TAMS 0x0000000082100000, 0x0000000082000000| Untracked 
|  33|0x0000000082100000, 0x0000000082200000, 0x0000000082200000|100%| O|  |TAMS 0x0000000082200000, 0x0000000082100000| Untracked 
|  34|0x0000000082200000, 0x0000000082300000, 0x0000000082300000|100%| O|  |TAMS 0x0000000082300000, 0x0000000082200000| Untracked 
|  35|0x0000000082300000, 0x0000000082400000, 0x0000000082400000|100%| O|  |TAMS 0x0000000082400000, 0x0000000082300000| Untracked 
|  36|0x0000000082400000, 0x0000000082500000, 0x0000000082500000|100%|HS|  |TAMS 0x0000000082500000, 0x0000000082400000| Complete 
|  37|0x0000000082500000, 0x0000000082600000, 0x0000000082600000|100%|HC|  |TAMS 0x0000000082600000, 0x0000000082500000| Complete 
|  38|0x0000000082600000, 0x0000000082700000, 0x0000000082700000|100%|HC|  |TAMS 0x0000000082700000, 0x0000000082600000| Complete 
|  39|0x0000000082700000, 0x0000000082800000, 0x0000000082800000|100%| O|  |TAMS 0x0000000082800000, 0x0000000082700000| Untracked 
|  40|0x0000000082800000, 0x0000000082900000, 0x0000000082900000|100%| O|  |TAMS 0x0000000082900000, 0x0000000082800000| Untracked 
|  41|0x0000000082900000, 0x0000000082a00000, 0x0000000082a00000|100%|HS|  |TAMS 0x0000000082a00000, 0x0000000082900000| Complete 
|  42|0x0000000082a00000, 0x0000000082b00000, 0x0000000082b00000|100%|HC|  |TAMS 0x0000000082b00000, 0x0000000082a00000| Complete 
|  43|0x0000000082b00000, 0x0000000082c00000, 0x0000000082c00000|100%| O|  |TAMS 0x0000000082c00000, 0x0000000082b00000| Untracked 
|  44|0x0000000082c00000, 0x0000000082d00000, 0x0000000082d00000|100%| O|  |TAMS 0x0000000082d00000, 0x0000000082c00000| Untracked 
|  45|0x0000000082d00000, 0x0000000082e00000, 0x0000000082e00000|100%| O|  |TAMS 0x0000000082e00000, 0x0000000082d00000| Untracked 
|  46|0x0000000082e00000, 0x0000000082f00000, 0x0000000082f00000|100%| O|  |TAMS 0x0000000082f00000, 0x0000000082e00000| Untracked 
|  47|0x0000000082f00000, 0x0000000083000000, 0x0000000083000000|100%| O|  |TAMS 0x0000000083000000, 0x0000000082f00000| Untracked 
|  48|0x0000000083000000, 0x0000000083100000, 0x0000000083100000|100%| O|  |TAMS 0x0000000083100000, 0x0000000083000000| Untracked 
|  49|0x0000000083100000, 0x0000000083200000, 0x0000000083200000|100%| O|  |TAMS 0x0000000083200000, 0x0000000083100000| Untracked 
|  50|0x0000000083200000, 0x0000000083200000, 0x0000000083300000|  0%| F|  |TAMS 0x0000000083200000, 0x0000000083200000| Untracked 
|  51|0x0000000083300000, 0x0000000083400000, 0x0000000083400000|100%| O|  |TAMS 0x0000000083400000, 0x0000000083300000| Untracked 
|  52|0x0000000083400000, 0x0000000083500000, 0x0000000083500000|100%| O|  |TAMS 0x0000000083500000, 0x0000000083400000| Untracked 
|  53|0x0000000083500000, 0x0000000083600000, 0x0000000083600000|100%| O|  |TAMS 0x0000000083600000, 0x0000000083500000| Untracked 
|  54|0x0000000083600000, 0x0000000083700000, 0x0000000083700000|100%| O|  |TAMS 0x0000000083700000, 0x0000000083600000| Untracked 
|  55|0x0000000083700000, 0x0000000083800000, 0x0000000083800000|100%| O|  |TAMS 0x0000000083800000, 0x0000000083700000| Untracked 
|  56|0x0000000083800000, 0x0000000083900000, 0x0000000083900000|100%| O|  |TAMS 0x0000000083900000, 0x0000000083800000| Untracked 
|  57|0x0000000083900000, 0x0000000083a00000, 0x0000000083a00000|100%| O|  |TAMS 0x0000000083a00000, 0x0000000083900000| Untracked 
|  58|0x0000000083a00000, 0x0000000083b00000, 0x0000000083b00000|100%| O|  |TAMS 0x0000000083b00000, 0x0000000083a00000| Untracked 
|  59|0x0000000083b00000, 0x0000000083c00000, 0x0000000083c00000|100%| O|  |TAMS 0x0000000083c00000, 0x0000000083b00000| Untracked 
|  60|0x0000000083c00000, 0x0000000083d00000, 0x0000000083d00000|100%| O|  |TAMS 0x0000000083d00000, 0x0000000083c00000| Untracked 
|  61|0x0000000083d00000, 0x0000000083e00000, 0x0000000083e00000|100%| O|  |TAMS 0x0000000083e00000, 0x0000000083d00000| Untracked 
|  62|0x0000000083e00000, 0x0000000083f00000, 0x0000000083f00000|100%| O|  |TAMS 0x0000000083f00000, 0x0000000083e00000| Untracked 
|  63|0x0000000083f00000, 0x0000000084000000, 0x0000000084000000|100%| O|  |TAMS 0x0000000083fae400, 0x0000000083f00000| Untracked 
|  64|0x0000000084000000, 0x0000000084100000, 0x0000000084100000|100%| O|  |TAMS 0x0000000084000000, 0x0000000084000000| Untracked 
|  65|0x0000000084100000, 0x0000000084200000, 0x0000000084200000|100%| O|  |TAMS 0x0000000084100000, 0x0000000084100000| Untracked 
|  66|0x0000000084200000, 0x0000000084300000, 0x0000000084300000|100%| O|  |TAMS 0x0000000084200000, 0x0000000084200000| Untracked 
|  67|0x0000000084300000, 0x0000000084400000, 0x0000000084400000|100%| O|  |TAMS 0x0000000084300000, 0x0000000084300000| Untracked 
|  68|0x0000000084400000, 0x0000000084500000, 0x0000000084500000|100%| O|  |TAMS 0x0000000084400000, 0x0000000084400000| Untracked 
|  69|0x0000000084500000, 0x0000000084600000, 0x0000000084600000|100%| O|  |TAMS 0x0000000084500000, 0x0000000084500000| Untracked 
|  70|0x0000000084600000, 0x0000000084700000, 0x0000000084700000|100%| O|  |TAMS 0x0000000084600000, 0x0000000084600000| Untracked 
|  71|0x0000000084700000, 0x0000000084800000, 0x0000000084800000|100%| O|  |TAMS 0x0000000084700000, 0x0000000084700000| Untracked 
|  72|0x0000000084800000, 0x0000000084900000, 0x0000000084900000|100%| O|  |TAMS 0x0000000084800000, 0x0000000084800000| Untracked 
|  73|0x0000000084900000, 0x0000000084a00000, 0x0000000084a00000|100%| O|  |TAMS 0x0000000084900000, 0x0000000084900000| Untracked 
|  74|0x0000000084a00000, 0x0000000084b00000, 0x0000000084b00000|100%| O|  |TAMS 0x0000000084a00000, 0x0000000084a00000| Untracked 
|  75|0x0000000084b00000, 0x0000000084c00000, 0x0000000084c00000|100%| O|  |TAMS 0x0000000084b00000, 0x0000000084b00000| Untracked 
|  76|0x0000000084c00000, 0x0000000084c2a000, 0x0000000084d00000| 16%| O|  |TAMS 0x0000000084c00000, 0x0000000084c00000| Untracked 
|  77|0x0000000084d00000, 0x0000000084d00000, 0x0000000084e00000|  0%| F|  |TAMS 0x0000000084d00000, 0x0000000084d00000| Untracked 
|  78|0x0000000084e00000, 0x0000000084e00000, 0x0000000084f00000|  0%| F|  |TAMS 0x0000000084e00000, 0x0000000084e00000| Untracked 
|  79|0x0000000084f00000, 0x0000000084f00000, 0x0000000085000000|  0%| F|  |TAMS 0x0000000084f00000, 0x0000000084f00000| Untracked 
|  80|0x0000000085000000, 0x0000000085000000, 0x0000000085100000|  0%| F|  |TAMS 0x0000000085000000, 0x0000000085000000| Untracked 
|  81|0x0000000085100000, 0x0000000085100000, 0x0000000085200000|  0%| F|  |TAMS 0x0000000085100000, 0x0000000085100000| Untracked 
|  82|0x0000000085200000, 0x0000000085200000, 0x0000000085300000|  0%| F|  |TAMS 0x0000000085200000, 0x0000000085200000| Untracked 
|  83|0x0000000085300000, 0x0000000085300000, 0x0000000085400000|  0%| F|  |TAMS 0x0000000085300000, 0x0000000085300000| Untracked 
|  84|0x0000000085400000, 0x0000000085400000, 0x0000000085500000|  0%| F|  |TAMS 0x0000000085400000, 0x0000000085400000| Untracked 
|  85|0x0000000085500000, 0x0000000085500000, 0x0000000085600000|  0%| F|  |TAMS 0x0000000085500000, 0x0000000085500000| Untracked 
|  86|0x0000000085600000, 0x0000000085600000, 0x0000000085700000|  0%| F|  |TAMS 0x0000000085600000, 0x0000000085600000| Untracked 
|  87|0x0000000085700000, 0x0000000085700000, 0x0000000085800000|  0%| F|  |TAMS 0x0000000085700000, 0x0000000085700000| Untracked 
|  88|0x0000000085800000, 0x0000000085800000, 0x0000000085900000|  0%| F|  |TAMS 0x0000000085800000, 0x0000000085800000| Untracked 
|  89|0x0000000085900000, 0x0000000085900000, 0x0000000085a00000|  0%| F|  |TAMS 0x0000000085900000, 0x0000000085900000| Untracked 
|  90|0x0000000085a00000, 0x0000000085a00000, 0x0000000085b00000|  0%| F|  |TAMS 0x0000000085a00000, 0x0000000085a00000| Untracked 
|  91|0x0000000085b00000, 0x0000000085b00000, 0x0000000085c00000|  0%| F|  |TAMS 0x0000000085b00000, 0x0000000085b00000| Untracked 
|  92|0x0000000085c00000, 0x0000000085c00000, 0x0000000085d00000|  0%| F|  |TAMS 0x0000000085c00000, 0x0000000085c00000| Untracked 
|  93|0x0000000085d00000, 0x0000000085d00000, 0x0000000085e00000|  0%| F|  |TAMS 0x0000000085d00000, 0x0000000085d00000| Untracked 
|  94|0x0000000085e00000, 0x0000000085e00000, 0x0000000085f00000|  0%| F|  |TAMS 0x0000000085e00000, 0x0000000085e00000| Untracked 
|  95|0x0000000085f00000, 0x0000000085f00000, 0x0000000086000000|  0%| F|  |TAMS 0x0000000085f00000, 0x0000000085f00000| Untracked 
|  96|0x0000000086000000, 0x0000000086000000, 0x0000000086100000|  0%| F|  |TAMS 0x0000000086000000, 0x0000000086000000| Untracked 
|  97|0x0000000086100000, 0x0000000086100000, 0x0000000086200000|  0%| F|  |TAMS 0x0000000086100000, 0x0000000086100000| Untracked 
|  98|0x0000000086200000, 0x0000000086200000, 0x0000000086300000|  0%| F|  |TAMS 0x0000000086200000, 0x0000000086200000| Untracked 
|  99|0x0000000086300000, 0x0000000086300000, 0x0000000086400000|  0%| F|  |TAMS 0x0000000086300000, 0x0000000086300000| Untracked 
| 100|0x0000000086400000, 0x0000000086400000, 0x0000000086500000|  0%| F|  |TAMS 0x0000000086400000, 0x0000000086400000| Untracked 
| 101|0x0000000086500000, 0x0000000086500000, 0x0000000086600000|  0%| F|  |TAMS 0x0000000086500000, 0x0000000086500000| Untracked 
| 102|0x0000000086600000, 0x0000000086600000, 0x0000000086700000|  0%| F|  |TAMS 0x0000000086600000, 0x0000000086600000| Untracked 
| 103|0x0000000086700000, 0x0000000086700000, 0x0000000086800000|  0%| F|  |TAMS 0x0000000086700000, 0x0000000086700000| Untracked 
| 104|0x0000000086800000, 0x0000000086800000, 0x0000000086900000|  0%| F|  |TAMS 0x0000000086800000, 0x0000000086800000| Untracked 
| 105|0x0000000086900000, 0x0000000086900000, 0x0000000086a00000|  0%| F|  |TAMS 0x0000000086900000, 0x0000000086900000| Untracked 
| 106|0x0000000086a00000, 0x0000000086a00000, 0x0000000086b00000|  0%| F|  |TAMS 0x0000000086a00000, 0x0000000086a00000| Untracked 
| 107|0x0000000086b00000, 0x0000000086b00000, 0x0000000086c00000|  0%| F|  |TAMS 0x0000000086b00000, 0x0000000086b00000| Untracked 
| 108|0x0000000086c00000, 0x0000000086c00000, 0x0000000086d00000|  0%| F|  |TAMS 0x0000000086c00000, 0x0000000086c00000| Untracked 
| 109|0x0000000086d00000, 0x0000000086d00000, 0x0000000086e00000|  0%| F|  |TAMS 0x0000000086d00000, 0x0000000086d00000| Untracked 
| 110|0x0000000086e00000, 0x0000000086e00000, 0x0000000086f00000|  0%| F|  |TAMS 0x0000000086e00000, 0x0000000086e00000| Untracked 
| 111|0x0000000086f00000, 0x0000000086f00000, 0x0000000087000000|  0%| F|  |TAMS 0x0000000086f00000, 0x0000000086f00000| Untracked 
| 112|0x0000000087000000, 0x0000000087000000, 0x0000000087100000|  0%| F|  |TAMS 0x0000000087000000, 0x0000000087000000| Untracked 
| 113|0x0000000087100000, 0x0000000087100000, 0x0000000087200000|  0%| F|  |TAMS 0x0000000087100000, 0x0000000087100000| Untracked 
| 114|0x0000000087200000, 0x0000000087200000, 0x0000000087300000|  0%| F|  |TAMS 0x0000000087200000, 0x0000000087200000| Untracked 
| 115|0x0000000087300000, 0x0000000087300000, 0x0000000087400000|  0%| F|  |TAMS 0x0000000087300000, 0x0000000087300000| Untracked 
| 116|0x0000000087400000, 0x0000000087400000, 0x0000000087500000|  0%| F|  |TAMS 0x0000000087400000, 0x0000000087400000| Untracked 
| 117|0x0000000087500000, 0x0000000087500000, 0x0000000087600000|  0%| F|  |TAMS 0x0000000087500000, 0x0000000087500000| Untracked 
| 118|0x0000000087600000, 0x0000000087600000, 0x0000000087700000|  0%| F|  |TAMS 0x0000000087600000, 0x0000000087600000| Untracked 
| 119|0x0000000087700000, 0x0000000087700000, 0x0000000087800000|  0%| F|  |TAMS 0x0000000087700000, 0x0000000087700000| Untracked 
| 120|0x0000000087800000, 0x0000000087800000, 0x0000000087900000|  0%| F|  |TAMS 0x0000000087800000, 0x0000000087800000| Untracked 
| 121|0x0000000087900000, 0x0000000087900000, 0x0000000087a00000|  0%| F|  |TAMS 0x0000000087900000, 0x0000000087900000| Untracked 
| 122|0x0000000087a00000, 0x0000000087a00000, 0x0000000087b00000|  0%| F|  |TAMS 0x0000000087a00000, 0x0000000087a00000| Untracked 
| 123|0x0000000087b00000, 0x0000000087b00000, 0x0000000087c00000|  0%| F|  |TAMS 0x0000000087b00000, 0x0000000087b00000| Untracked 
| 124|0x0000000087c00000, 0x0000000087c00000, 0x0000000087d00000|  0%| F|  |TAMS 0x0000000087c00000, 0x0000000087c00000| Untracked 
| 125|0x0000000087d00000, 0x0000000087d00000, 0x0000000087e00000|  0%| F|  |TAMS 0x0000000087d00000, 0x0000000087d00000| Untracked 
| 126|0x0000000087e00000, 0x0000000087e00000, 0x0000000087f00000|  0%| F|  |TAMS 0x0000000087e00000, 0x0000000087e00000| Untracked 
| 127|0x0000000087f00000, 0x0000000087f00000, 0x0000000088000000|  0%| F|  |TAMS 0x0000000087f00000, 0x0000000087f00000| Untracked 
| 128|0x0000000088000000, 0x0000000088000000, 0x0000000088100000|  0%| F|  |TAMS 0x0000000088000000, 0x0000000088000000| Untracked 
| 129|0x0000000088100000, 0x0000000088100000, 0x0000000088200000|  0%| F|  |TAMS 0x0000000088100000, 0x0000000088100000| Untracked 
| 130|0x0000000088200000, 0x0000000088200000, 0x0000000088300000|  0%| F|  |TAMS 0x0000000088200000, 0x0000000088200000| Untracked 
| 131|0x0000000088300000, 0x0000000088300000, 0x0000000088400000|  0%| F|  |TAMS 0x0000000088300000, 0x0000000088300000| Untracked 
| 132|0x0000000088400000, 0x0000000088400000, 0x0000000088500000|  0%| F|  |TAMS 0x0000000088400000, 0x0000000088400000| Untracked 
| 133|0x0000000088500000, 0x0000000088500000, 0x0000000088600000|  0%| F|  |TAMS 0x0000000088500000, 0x0000000088500000| Untracked 
| 134|0x0000000088600000, 0x0000000088600000, 0x0000000088700000|  0%| F|  |TAMS 0x0000000088600000, 0x0000000088600000| Untracked 
| 135|0x0000000088700000, 0x0000000088800000, 0x0000000088800000|100%| S|CS|TAMS 0x0000000088700000, 0x0000000088700000| Complete 
| 136|0x0000000088800000, 0x0000000088800000, 0x0000000088900000|  0%| F|  |TAMS 0x0000000088800000, 0x0000000088800000| Untracked 

Card table byte_map: [0x0000017dfbb70000,0x0000017dfbf70000] _byte_map_base: 0x0000017dfb770000

Marking Bits (Prev, Next): (CMBitMap*) 0x0000017dfb3d5ea0, (CMBitMap*) 0x0000017dfb3d5ee0
 Prev Bits: [0x0000017dfc370000, 0x0000017dfe370000)
 Next Bits: [0x0000017d96870000, 0x0000017d98870000)

Polling page: 0x0000017dfab40000

Metaspace:

Usage:
  Non-class:     65.89 MB used.
      Class:     10.33 MB used.
       Both:     76.22 MB used.

Virtual space:
  Non-class space:      128.00 MB reserved,      66.69 MB ( 52%) committed,  2 nodes.
      Class space:        1.00 GB reserved,      11.19 MB (  1%) committed,  1 nodes.
             Both:        1.12 GB reserved,      77.88 MB (  7%) committed. 

Chunk freelists:
   Non-Class:  528.00 KB
       Class:  835.00 KB
        Both:  1.33 MB

MaxMetaspaceSize: unlimited
CompressedClassSpaceSize: 1.00 GB
Initial GC threshold: 21.00 MB
Current GC threshold: 123.88 MB
CDS: on
MetaspaceReclaimPolicy: balanced
 - commit_granule_bytes: 65536.
 - commit_granule_words: 8192.
 - virtual_space_node_default_size: 8388608.
 - enlarge_chunks_in_place: 1.
 - new_chunks_are_fully_committed: 0.
 - uncommit_free_chunks: 1.
 - use_allocation_guard: 0.


Internal statistics:

num_allocs_failed_limit: 6.
num_arena_births: 3194.
num_arena_deaths: 0.
num_vsnodes_births: 3.
num_vsnodes_deaths: 0.
num_space_committed: 1246.
num_space_uncommitted: 0.
num_chunks_returned_to_freelist: 6.
num_chunks_taken_from_freelist: 6621.
num_chunk_merges: 6.
num_chunk_splits: 4398.
num_chunks_enlarged: 2822.
num_inconsistent_stats: 0.

CodeHeap 'non-profiled nmethods': size=120000Kb used=4475Kb max_used=5002Kb free=115524Kb
 bounds [0x0000017d8f340000, 0x0000017d8f830000, 0x0000017d96870000]
CodeHeap 'profiled nmethods': size=120000Kb used=14332Kb max_used=16191Kb free=105667Kb
 bounds [0x0000017d87e10000, 0x0000017d88de0000, 0x0000017d8f340000]
CodeHeap 'non-nmethods': size=5760Kb used=2383Kb max_used=2455Kb free=3376Kb
 bounds [0x0000017d87870000, 0x0000017d87b00000, 0x0000017d87e10000]
 total_blobs=8716 nmethods=7815 adapters=813
 compilation: enabled
              stopped_count=0, restarted_count=0
 full_count=0

Compilation events (20 events):
Event: 6.366 Thread 0x0000017dfed8d680 nmethod 9338 0x0000017d8f686110 code [0x0000017d8f6862a0, 0x0000017d8f686378]
Event: 6.366 Thread 0x0000017dfed8d680 9339       1       org.gradle.api.internal.artifacts.ivyservice.resolveengine.excludes.simple.DefaultExcludeNothing::excludesArtifact (2 bytes)
Event: 6.366 Thread 0x0000017dfed8d680 nmethod 9339 0x0000017d8f685c90 code [0x0000017d8f685e20, 0x0000017d8f685ef8]
Event: 6.366 Thread 0x0000017dfed8d680 9341       1       org.gradle.internal.component.external.model.UrlBackedArtifactMetadata::getId (5 bytes)
Event: 6.366 Thread 0x0000017dfed8d680 nmethod 9341 0x0000017d8f3cae90 code [0x0000017d8f3cb020, 0x0000017d8f3cb0f8]
Event: 6.366 Thread 0x0000017dfed8d680 9342       3       org.gradle.internal.resolve.result.DefaultBuildableTypedResolveResult::assertHasResult (18 bytes)
Event: 6.367 Thread 0x0000017dfed8d680 nmethod 9342 0x0000017d8866dd90 code [0x0000017d8866df40, 0x0000017d8866e2e8]
Event: 6.367 Thread 0x0000017dfed8d680 9343       3       org.gradle.internal.component.local.model.ComponentFileArtifactIdentifier::hashCode (16 bytes)
Event: 6.367 Thread 0x0000017dfed8d680 nmethod 9343 0x0000017d88b99090 code [0x0000017d88b99240, 0x0000017d88b994f8]
Event: 6.367 Thread 0x0000017dfed8d680 9344       3       org.gradle.internal.component.external.model.DefaultModuleComponentArtifactMetadata::getName (8 bytes)
Event: 6.368 Thread 0x0000017dfed8d680 nmethod 9344 0x0000017d87f47510 code [0x0000017d87f476a0, 0x0000017d87f477d8]
Event: 6.368 Thread 0x0000017dfed8d680 9345       3       org.gradle.internal.model.CalculatedValueContainerFactory::create (18 bytes)
Event: 6.368 Thread 0x0000017dfed8d680 nmethod 9345 0x0000017d88ab6290 code [0x0000017d88ab6440, 0x0000017d88ab65e8]
Event: 6.368 Thread 0x0000017dfed8d680 9346       3       org.gradle.api.internal.artifacts.ivyservice.resolveengine.artifact.DefaultResolvedArtifactsBuilder::collectArtifacts (52 bytes)
Event: 6.368 Thread 0x0000017dfed8d680 nmethod 9346 0x0000017d88688f90 code [0x0000017d88689140, 0x0000017d88689438]
Event: 6.368 Thread 0x0000017dfed8d680 9350       3       org.gradle.api.internal.artifacts.ivyservice.resolveengine.graph.CompositeDependencyArtifactsVisitor::visitArtifacts (49 bytes)
Event: 6.368 Thread 0x0000017dfed7af30 nmethod 9329 0x0000017d8f386110 code [0x0000017d8f3862a0, 0x0000017d8f386a78]
Event: 6.368 Thread 0x0000017d9ed35850 9355       4       java.util.LinkedList::node (65 bytes)
Event: 6.368 Thread 0x0000017dfed8d680 nmethod 9350 0x0000017d8830c090 code [0x0000017d8830c280, 0x0000017d8830c898]
Event: 6.368 Thread 0x0000017dfed8d680 9347       3       org.gradle.api.internal.artifacts.ivyservice.resolveengine.artifact.ResolvedArtifactsGraphVisitor::getArtifacts (197 bytes)

GC Heap History (20 events):
Event: 4.047 GC heap after
{Heap after GC invocations=18 (full 0):
 garbage-first heap   total 104448K, used 53413K [0x0000000080000000, 0x0000000100000000)
  region size 1024K, 1 young (1024K), 1 survivors (1024K)
 Metaspace       used 50451K, committed 51904K, reserved 1114112K
  class space    used 6807K, committed 7552K, reserved 1048576K
}
Event: 4.295 GC heap before
{Heap before GC invocations=18 (full 0):
 garbage-first heap   total 104448K, used 79013K [0x0000000080000000, 0x0000000100000000)
  region size 1024K, 27 young (27648K), 1 survivors (1024K)
 Metaspace       used 54683K, committed 56320K, reserved 1114112K
  class space    used 7334K, committed 8192K, reserved 1048576K
}
Event: 4.298 GC heap after
{Heap after GC invocations=19 (full 0):
 garbage-first heap   total 104448K, used 56540K [0x0000000080000000, 0x0000000100000000)
  region size 1024K, 4 young (4096K), 4 survivors (4096K)
 Metaspace       used 54683K, committed 56320K, reserved 1114112K
  class space    used 7334K, committed 8192K, reserved 1048576K
}
Event: 4.509 GC heap before
{Heap before GC invocations=20 (full 0):
 garbage-first heap   total 104448K, used 80092K [0x0000000080000000, 0x0000000100000000)
  region size 1024K, 28 young (28672K), 4 survivors (4096K)
 Metaspace       used 56852K, committed 58496K, reserved 1114112K
  class space    used 7596K, committed 8448K, reserved 1048576K
}
Event: 4.511 GC heap after
{Heap after GC invocations=21 (full 0):
 garbage-first heap   total 104448K, used 58448K [0x0000000080000000, 0x0000000100000000)
  region size 1024K, 2 young (2048K), 2 survivors (2048K)
 Metaspace       used 56852K, committed 58496K, reserved 1114112K
  class space    used 7596K, committed 8448K, reserved 1048576K
}
Event: 4.545 GC heap before
{Heap before GC invocations=21 (full 0):
 garbage-first heap   total 104448K, used 61520K [0x0000000080000000, 0x0000000100000000)
  region size 1024K, 5 young (5120K), 2 survivors (2048K)
 Metaspace       used 57173K, committed 58752K, reserved 1114112K
  class space    used 7623K, committed 8448K, reserved 1048576K
}
Event: 4.547 GC heap after
{Heap after GC invocations=22 (full 0):
 garbage-first heap   total 104448K, used 58607K [0x0000000080000000, 0x0000000100000000)
  region size 1024K, 1 young (1024K), 1 survivors (1024K)
 Metaspace       used 57173K, committed 58752K, reserved 1114112K
  class space    used 7623K, committed 8448K, reserved 1048576K
}
Event: 4.550 GC heap before
{Heap before GC invocations=22 (full 0):
 garbage-first heap   total 104448K, used 58607K [0x0000000080000000, 0x0000000100000000)
  region size 1024K, 2 young (2048K), 1 survivors (1024K)
 Metaspace       used 57173K, committed 58752K, reserved 1114112K
  class space    used 7623K, committed 8448K, reserved 1048576K
}
Event: 4.551 GC heap after
{Heap after GC invocations=23 (full 0):
 garbage-first heap   total 140288K, used 58619K [0x0000000080000000, 0x0000000100000000)
  region size 1024K, 1 young (1024K), 1 survivors (1024K)
 Metaspace       used 57173K, committed 58752K, reserved 1114112K
  class space    used 7623K, committed 8448K, reserved 1048576K
}
Event: 4.899 GC heap before
{Heap before GC invocations=23 (full 0):
 garbage-first heap   total 140288K, used 103675K [0x0000000080000000, 0x0000000100000000)
  region size 1024K, 44 young (45056K), 1 survivors (1024K)
 Metaspace       used 60230K, committed 61888K, reserved 1114112K
  class space    used 8018K, committed 8832K, reserved 1048576K
}
Event: 4.903 GC heap after
{Heap after GC invocations=24 (full 0):
 garbage-first heap   total 140288K, used 61824K [0x0000000080000000, 0x0000000100000000)
  region size 1024K, 4 young (4096K), 4 survivors (4096K)
 Metaspace       used 60230K, committed 61888K, reserved 1114112K
  class space    used 8018K, committed 8832K, reserved 1048576K
}
Event: 5.258 GC heap before
{Heap before GC invocations=24 (full 0):
 garbage-first heap   total 140288K, used 105856K [0x0000000080000000, 0x0000000100000000)
  region size 1024K, 47 young (48128K), 4 survivors (4096K)
 Metaspace       used 64783K, committed 66496K, reserved 1114112K
  class space    used 8770K, committed 9664K, reserved 1048576K
}
Event: 5.262 GC heap after
{Heap after GC invocations=25 (full 0):
 garbage-first heap   total 140288K, used 65219K [0x0000000080000000, 0x0000000100000000)
  region size 1024K, 4 young (4096K), 4 survivors (4096K)
 Metaspace       used 64783K, committed 66496K, reserved 1114112K
  class space    used 8770K, committed 9664K, reserved 1048576K
}
Event: 5.642 GC heap before
{Heap before GC invocations=25 (full 0):
 garbage-first heap   total 140288K, used 108227K [0x0000000080000000, 0x0000000100000000)
  region size 1024K, 46 young (47104K), 4 survivors (4096K)
 Metaspace       used 68699K, committed 70464K, reserved 1114112K
  class space    used 9330K, committed 10240K, reserved 1048576K
}
Event: 5.648 GC heap after
{Heap after GC invocations=26 (full 0):
 garbage-first heap   total 140288K, used 68586K [0x0000000080000000, 0x0000000100000000)
  region size 1024K, 4 young (4096K), 4 survivors (4096K)
 Metaspace       used 68699K, committed 70464K, reserved 1114112K
  class space    used 9330K, committed 10240K, reserved 1048576K
}
Event: 5.998 GC heap before
{Heap before GC invocations=26 (full 0):
 garbage-first heap   total 140288K, used 110570K [0x0000000080000000, 0x0000000100000000)
  region size 1024K, 45 young (46080K), 4 survivors (4096K)
 Metaspace       used 74119K, committed 75904K, reserved 1114112K
  class space    used 10074K, committed 11008K, reserved 1048576K
}
Event: 6.003 GC heap after
{Heap after GC invocations=27 (full 0):
 garbage-first heap   total 140288K, used 71290K [0x0000000080000000, 0x0000000100000000)
  region size 1024K, 6 young (6144K), 6 survivors (6144K)
 Metaspace       used 74119K, committed 75904K, reserved 1114112K
  class space    used 10074K, committed 11008K, reserved 1048576K
}
Event: 6.346 GC heap before
{Heap before GC invocations=28 (full 0):
 garbage-first heap   total 140288K, used 111226K [0x0000000080000000, 0x0000000100000000)
  region size 1024K, 46 young (47104K), 6 survivors (6144K)
 Metaspace       used 78007K, committed 79744K, reserved 1179648K
  class space    used 10578K, committed 11456K, reserved 1048576K
}
Event: 6.353 GC heap after
{Heap after GC invocations=29 (full 0):
 garbage-first heap   total 140288K, used 76952K [0x0000000080000000, 0x0000000100000000)
  region size 1024K, 6 young (6144K), 6 survivors (6144K)
 Metaspace       used 78007K, committed 79744K, reserved 1179648K
  class space    used 10578K, committed 11456K, reserved 1048576K
}
Event: 6.368 GC heap before
{Heap before GC invocations=29 (full 0):
 garbage-first heap   total 140288K, used 77976K [0x0000000080000000, 0x0000000100000000)
  region size 1024K, 7 young (7168K), 6 survivors (6144K)
 Metaspace       used 78051K, committed 79744K, reserved 1179648K
  class space    used 10579K, committed 11456K, reserved 1048576K
}

Deoptimization events (20 events):
Event: 6.320 Thread 0x0000017da47facc0 Uncommon trap: trap_request=0xffffff45 fr.pc=0x0000017d8f65d5e8 relative=0x0000000000000728
Event: 6.320 Thread 0x0000017da47facc0 Uncommon trap: reason=unstable_if action=reinterpret pc=0x0000017d8f65d5e8 method=java.lang.ThreadLocal$ThreadLocalMap.set(Ljava/lang/ThreadLocal;Ljava/lang/Object;)V @ 125 c2
Event: 6.320 Thread 0x0000017da47facc0 DEOPT PACKING pc=0x0000017d8f65d5e8 sp=0x00000009c07fb2a0
Event: 6.320 Thread 0x0000017da47facc0 DEOPT UNPACKING pc=0x0000017d878c23a3 sp=0x00000009c07fb250 mode 2
Event: 6.328 Thread 0x0000017da47facc0 Uncommon trap: trap_request=0xffffffc6 fr.pc=0x0000017d8f7e1724 relative=0x00000000000002e4
Event: 6.328 Thread 0x0000017da47facc0 Uncommon trap: reason=bimorphic_or_optimized_type_check action=maybe_recompile pc=0x0000017d8f7e1724 method=java.util.Comparator.lambda$comparing$77a9974f$1(Ljava/util/function/Function;Ljava/lang/Object;Ljava/lang/Object;)I @ 17 c2
Event: 6.328 Thread 0x0000017da47facc0 DEOPT PACKING pc=0x0000017d8f7e1724 sp=0x00000009c07fadc0
Event: 6.328 Thread 0x0000017da47facc0 DEOPT UNPACKING pc=0x0000017d878c23a3 sp=0x00000009c07face8 mode 2
Event: 6.328 Thread 0x0000017da47facc0 Uncommon trap: trap_request=0xffffffc6 fr.pc=0x0000017d8f7e1724 relative=0x00000000000002e4
Event: 6.328 Thread 0x0000017da47facc0 Uncommon trap: reason=bimorphic_or_optimized_type_check action=maybe_recompile pc=0x0000017d8f7e1724 method=java.util.Comparator.lambda$comparing$77a9974f$1(Ljava/util/function/Function;Ljava/lang/Object;Ljava/lang/Object;)I @ 17 c2
Event: 6.328 Thread 0x0000017da47facc0 DEOPT PACKING pc=0x0000017d8f7e1724 sp=0x00000009c07fadc0
Event: 6.328 Thread 0x0000017da47facc0 DEOPT UNPACKING pc=0x0000017d878c23a3 sp=0x00000009c07face8 mode 2
Event: 6.328 Thread 0x0000017da47facc0 Uncommon trap: trap_request=0xffffffc6 fr.pc=0x0000017d8f7e1724 relative=0x00000000000002e4
Event: 6.328 Thread 0x0000017da47facc0 Uncommon trap: reason=bimorphic_or_optimized_type_check action=maybe_recompile pc=0x0000017d8f7e1724 method=java.util.Comparator.lambda$comparing$77a9974f$1(Ljava/util/function/Function;Ljava/lang/Object;Ljava/lang/Object;)I @ 17 c2
Event: 6.328 Thread 0x0000017da47facc0 DEOPT PACKING pc=0x0000017d8f7e1724 sp=0x00000009c07faeb0
Event: 6.328 Thread 0x0000017da47facc0 DEOPT UNPACKING pc=0x0000017d878c23a3 sp=0x00000009c07fadd8 mode 2
Event: 6.328 Thread 0x0000017da47facc0 Uncommon trap: trap_request=0xffffffc6 fr.pc=0x0000017d8f7e1724 relative=0x00000000000002e4
Event: 6.328 Thread 0x0000017da47facc0 Uncommon trap: reason=bimorphic_or_optimized_type_check action=maybe_recompile pc=0x0000017d8f7e1724 method=java.util.Comparator.lambda$comparing$77a9974f$1(Ljava/util/function/Function;Ljava/lang/Object;Ljava/lang/Object;)I @ 17 c2
Event: 6.328 Thread 0x0000017da47facc0 DEOPT PACKING pc=0x0000017d8f7e1724 sp=0x00000009c07fb010
Event: 6.328 Thread 0x0000017da47facc0 DEOPT UNPACKING pc=0x0000017d878c23a3 sp=0x00000009c07faf38 mode 2

Classes loaded (20 events):
Event: 6.248 Loading class java/util/TreeMap$TreeMapSpliterator done
Event: 6.248 Loading class java/util/TreeMap$KeySpliterator done
Event: 6.270 Loading class java/io/ObjectStreamClass$ExceptionInfo
Event: 6.270 Loading class java/io/ObjectStreamClass$ExceptionInfo done
Event: 6.273 Loading class java/time/Instant$1
Event: 6.273 Loading class java/time/Instant$1 done
Event: 6.290 Loading class java/util/stream/ReduceOps$6
Event: 6.290 Loading class java/util/stream/ReduceOps$6 done
Event: 6.290 Loading class java/util/stream/ReduceOps$5ReducingSink
Event: 6.290 Loading class java/util/stream/ReduceOps$5ReducingSink done
Event: 6.299 Loading class com/sun/org/apache/xerces/internal/util/URI
Event: 6.300 Loading class com/sun/org/apache/xerces/internal/util/URI done
Event: 6.300 Loading class java/net/HttpURLConnection
Event: 6.300 Loading class java/net/HttpURLConnection done
Event: 6.300 Loading class sun/net/ProgressMonitor
Event: 6.300 Loading class sun/net/ProgressMonitor done
Event: 6.300 Loading class sun/net/DefaultProgressMeteringPolicy
Event: 6.300 Loading class sun/net/ProgressMeteringPolicy
Event: 6.300 Loading class sun/net/ProgressMeteringPolicy done
Event: 6.300 Loading class sun/net/DefaultProgressMeteringPolicy done

Classes unloaded (0 events):
No events

Classes redefined (0 events):
No events

Internal exceptions (20 events):
Event: 6.155 Thread 0x0000017d9f9438f0 Implicit null exception at 0x0000017d8f7645f7 to 0x0000017d8f764f6c
Event: 6.156 Thread 0x0000017d9f9438f0 Implicit null exception at 0x0000017d8f7645f7 to 0x0000017d8f764f6c
Event: 6.200 Thread 0x0000017d9f9438f0 Exception <a 'java/lang/NoSuchMethodError'{0x0000000087092ca0}: static Lcom/android/build/gradle/internal/profile/ProjectData;.<clinit>()V> (0x0000000087092ca0) 
thrown [s\open\src\hotspot\share\prims\jni.cpp, line 1104]
Event: 6.204 Thread 0x0000017d9f9438f0 Exception <a 'java/lang/NoSuchMethodError'{0x00000000870d96e8}: static Lcom/android/build/gradle/internal/profile/TaskMetadata;.<clinit>()V> (0x00000000870d96e8) 
thrown [s\open\src\hotspot\share\prims\jni.cpp, line 1104]
Event: 6.224 Thread 0x0000017d9f9438f0 Exception <a 'sun/nio/fs/WindowsException'{0x0000000086d1b1c0}> (0x0000000086d1b1c0) 
thrown [s\open\src\hotspot\share\prims\jni.cpp, line 516]
Event: 6.250 Thread 0x0000017d9f8d0980 Exception <a 'java/lang/NoSuchMethodError'{0x000000008696f858}: static Lorg/gradle/internal/build/event/types/DefaultTaskStartedProgressEvent;.<clinit>()V> (0x000000008696f858) 
thrown [s\open\src\hotspot\share\prims\jni.cpp, line 1104]
Event: 6.250 Thread 0x0000017d9f8d0980 Exception <a 'java/lang/NoSuchMethodError'{0x000000008697b968}: static Lorg/gradle/internal/build/event/types/DefaultTaskDescriptor;.<clinit>()V> (0x000000008697b968) 
thrown [s\open\src\hotspot\share\prims\jni.cpp, line 1104]
Event: 6.253 Thread 0x0000017d9f8d0980 Exception <a 'java/lang/NoSuchMethodError'{0x00000000869cc1c8}: static Lorg/gradle/internal/build/event/types/DefaultTaskFinishedProgressEvent;.<clinit>()V> (0x00000000869cc1c8) 
thrown [s\open\src\hotspot\share\prims\jni.cpp, line 1104]
Event: 6.254 Thread 0x0000017d9f8d0980 Exception <a 'java/lang/NoSuchMethodError'{0x00000000869df220}: static Lorg/gradle/internal/build/event/types/DefaultTaskSuccessResult;.<clinit>()V> (0x00000000869df220) 
thrown [s\open\src\hotspot\share\prims\jni.cpp, line 1104]
Event: 6.254 Thread 0x0000017d9f8d0980 Exception <a 'java/lang/NoSuchMethodError'{0x00000000869e0910}: static Lorg/gradle/internal/build/event/types/AbstractTaskResult;.<clinit>()V> (0x00000000869e0910) 
thrown [s\open\src\hotspot\share\prims\jni.cpp, line 1104]
Event: 6.265 Thread 0x0000017da47f7300 Exception <a 'java/lang/NoSuchMethodError'{0x00000000878962f8}: static Lcom/android/ide/common/attribution/AndroidGradlePluginAttributionData$BuildInfo;.<clinit>()V> (0x00000000878962f8) 
thrown [s\open\src\hotspot\share\prims\jni.cpp, line 1104]
Event: 6.267 Thread 0x0000017da47f7300 Exception <a 'java/lang/NoSuchMethodError'{0x00000000878ab2c8}: static Lcom/android/ide/common/attribution/AndroidGradlePluginAttributionData$JavaInfo;.<clinit>()V> (0x00000000878ab2c8) 
thrown [s\open\src\hotspot\share\prims\jni.cpp, line 1104]
Event: 6.268 Thread 0x0000017da47f77d0 Exception <a 'java/lang/IncompatibleClassChangeError'{0x00000000868ada50}: Found class java.lang.Object, but interface was expected> (0x00000000868ada50) 
thrown [s\open\src\hotspot\share\interpreter\linkResolver.cpp, line 833]
Event: 6.270 Thread 0x0000017da47f7300 Exception <a 'java/lang/NoSuchMethodError'{0x0000000086719e18}: static [Ljava/lang/String;.<clinit>()V> (0x0000000086719e18) 
thrown [s\open\src\hotspot\share\prims\jni.cpp, line 1104]
Event: 6.278 Thread 0x0000017d9f8d0980 Exception <a 'java/lang/NoSuchMethodError'{0x000000008663d818}: static Lorg/gradle/internal/build/event/types/DefaultTaskSkippedResult;.<clinit>()V> (0x000000008663d818) 
thrown [s\open\src\hotspot\share\prims\jni.cpp, line 1104]
Event: 6.279 Thread 0x0000017da47facc0 Exception <a 'java/lang/NoSuchMethodError'{0x0000000086dfa650}: 'java.lang.Object java.lang.invoke.DirectMethodHandle$Holder.invokeInterface(java.lang.Object, java.lang.Object, int)'> (0x0000000086dfa650) 
thrown [s\open\src\hotspot\share\interpreter\linkResolver.cpp, line 766]
Event: 6.279 Thread 0x0000017da47facc0 Exception <a 'java/lang/NoSuchMethodError'{0x000000008664a300}: 'void java.lang.invoke.DirectMethodHandle$Holder.invokeStatic(java.lang.Object, java.lang.Object, java.lang.Object, int)'> (0x000000008664a300) 
thrown [s\open\src\hotspot\share\interpreter\linkResolver.cpp, line 766]
Event: 6.294 Thread 0x0000017da47facc0 Implicit null exception at 0x0000017d8f649b57 to 0x0000017d8f649d00
Event: 6.297 Thread 0x0000017da47facc0 Exception <a 'java/lang/IncompatibleClassChangeError'{0x000000008654fe08}: Found class java.lang.Object, but interface was expected> (0x000000008654fe08) 
thrown [s\open\src\hotspot\share\interpreter\linkResolver.cpp, line 833]
Event: 6.311 Thread 0x0000017da47facc0 Exception <a 'java/lang/NoSuchMethodError'{0x00000000864f8380}: 'int java.lang.invoke.DirectMethodHandle$Holder.invokeStaticInit(java.lang.Object, java.lang.Object, java.lang.Object, java.lang.Object, java.lang.Object)'> (0x00000000864f8380) 
thrown [s\open\src\hotspot\share\interpreter\linkResolver.cpp, line 766]

VM Operations (20 events):
Event: 6.202 Executing VM operation: HandshakeAllThreads done
Event: 6.238 Executing VM operation: ICBufferFull
Event: 6.238 Executing VM operation: ICBufferFull done
Event: 6.252 Executing VM operation: HandshakeAllThreads
Event: 6.252 Executing VM operation: HandshakeAllThreads done
Event: 6.252 Executing VM operation: HandshakeAllThreads
Event: 6.252 Executing VM operation: HandshakeAllThreads done
Event: 6.261 Executing VM operation: HandshakeAllThreads
Event: 6.261 Executing VM operation: HandshakeAllThreads done
Event: 6.268 Executing VM operation: HandshakeAllThreads
Event: 6.268 Executing VM operation: HandshakeAllThreads done
Event: 6.268 Executing VM operation: HandshakeAllThreads
Event: 6.268 Executing VM operation: HandshakeAllThreads done
Event: 6.270 Executing VM operation: HandshakeAllThreads
Event: 6.270 Executing VM operation: HandshakeAllThreads done
Event: 6.280 Executing VM operation: HandshakeAllThreads
Event: 6.280 Executing VM operation: HandshakeAllThreads done
Event: 6.346 Executing VM operation: G1CollectForAllocation
Event: 6.353 Executing VM operation: G1CollectForAllocation done
Event: 6.368 Executing VM operation: G1CollectForAllocation

Events (20 events):
Event: 6.289 Thread 0x0000017dfed9aba0 flushing nmethod 0x0000017d88b99090
Event: 6.289 Thread 0x0000017dfed9aba0 flushing nmethod 0x0000017d88bad790
Event: 6.289 Thread 0x0000017dfed9aba0 flushing nmethod 0x0000017d88baf310
Event: 6.289 Thread 0x0000017dfed9aba0 flushing nmethod 0x0000017d88bb0690
Event: 6.289 Thread 0x0000017dfed9aba0 flushing nmethod 0x0000017d88bb0b90
Event: 6.289 Thread 0x0000017dfed9aba0 flushing nmethod 0x0000017d88be9290
Event: 6.289 Thread 0x0000017dfed9aba0 flushing nmethod 0x0000017d88bf2590
Event: 6.289 Thread 0x0000017dfed9aba0 flushing nmethod 0x0000017d88c03710
Event: 6.289 Thread 0x0000017dfed9aba0 flushing nmethod 0x0000017d88c4a090
Event: 6.289 Thread 0x0000017dfed9aba0 flushing nmethod 0x0000017d88c4a510
Event: 6.289 Thread 0x0000017dfed9aba0 flushing nmethod 0x0000017d88c4ac90
Event: 6.289 Thread 0x0000017dfed9aba0 flushing nmethod 0x0000017d88c8fd90
Event: 6.289 Thread 0x0000017dfed9aba0 flushing nmethod 0x0000017d88c90390
Event: 6.289 Thread 0x0000017dfed9aba0 flushing nmethod 0x0000017d88d69190
Event: 6.289 Thread 0x0000017dfed9aba0 flushing nmethod 0x0000017d88d6a610
Event: 6.289 Thread 0x0000017dfed9aba0 flushing nmethod 0x0000017d88d6d390
Event: 6.289 Thread 0x0000017dfed9aba0 flushing nmethod 0x0000017d88d73d90
Event: 6.289 Thread 0x0000017dfed9aba0 flushing nmethod 0x0000017d88d74b10
Event: 6.289 Thread 0x0000017dfed9aba0 flushing nmethod 0x0000017d88d75490
Event: 6.289 Thread 0x0000017dfed9aba0 flushing nmethod 0x0000017d88d7f810


Dynamic libraries:
0x00007ff6de1f0000 - 0x00007ff6de200000 	C:\Program Files\Java\jdk-18.0.1.1\bin\java.exe
0x00007ff9074c0000 - 0x00007ff9076c9000 	C:\WINDOWS\SYSTEM32\ntdll.dll
0x00007ff9058e0000 - 0x00007ff90599d000 	C:\WINDOWS\System32\KERNEL32.DLL
0x00007ff904c60000 - 0x00007ff904fd9000 	C:\WINDOWS\System32\KERNELBASE.dll
0x00007ff904b40000 - 0x00007ff904c51000 	C:\WINDOWS\System32\ucrtbase.dll
0x00007ff8e0110000 - 0x00007ff8e012a000 	C:\Program Files\Java\jdk-18.0.1.1\bin\VCRUNTIME140.dll
0x00007ff8e00f0000 - 0x00007ff8e0108000 	C:\Program Files\Java\jdk-18.0.1.1\bin\jli.dll
0x00007ff9059a0000 - 0x00007ff905a4e000 	C:\WINDOWS\System32\ADVAPI32.dll
0x00007ff905a50000 - 0x00007ff905af3000 	C:\WINDOWS\System32\msvcrt.dll
0x00007ff9069b0000 - 0x00007ff906a4e000 	C:\WINDOWS\System32\sechost.dll
0x00007ff905bf0000 - 0x00007ff905d10000 	C:\WINDOWS\System32\RPCRT4.dll
0x00007ff9070a0000 - 0x00007ff90724c000 	C:\WINDOWS\System32\USER32.dll
0x00007ff9049a0000 - 0x00007ff9049c6000 	C:\WINDOWS\System32\win32u.dll
0x00007ff8dc600000 - 0x00007ff8dc8a5000 	C:\WINDOWS\WinSxS\amd64_microsoft.windows.common-controls_6595b64144ccf1df_6.0.22000.120_none_9d947278b86cc467\COMCTL32.dll
0x00007ff907340000 - 0x00007ff907369000 	C:\WINDOWS\System32\GDI32.dll
0x00007ff9051b0000 - 0x00007ff9052c2000 	C:\WINDOWS\System32\gdi32full.dll
0x00007ff905050000 - 0x00007ff9050ed000 	C:\WINDOWS\System32\msvcp_win.dll
0x00007ff8ff2c0000 - 0x00007ff8ff2ca000 	C:\WINDOWS\SYSTEM32\VERSION.dll
0x00007ff907370000 - 0x00007ff9073a1000 	C:\WINDOWS\System32\IMM32.DLL
0x00007ff900ea0000 - 0x00007ff900eac000 	C:\Program Files\Java\jdk-18.0.1.1\bin\vcruntime140_1.dll
0x00007ff8ce880000 - 0x00007ff8ce90d000 	C:\Program Files\Java\jdk-18.0.1.1\bin\msvcp140.dll
0x00007ff887c10000 - 0x00007ff888820000 	C:\Program Files\Java\jdk-18.0.1.1\bin\server\jvm.dll
0x00007ff907330000 - 0x00007ff907338000 	C:\WINDOWS\System32\PSAPI.DLL
0x00007ff8bec00000 - 0x00007ff8bec09000 	C:\WINDOWS\SYSTEM32\WSOCK32.dll
0x00007ff8ff360000 - 0x00007ff8ff393000 	C:\WINDOWS\SYSTEM32\WINMM.dll
0x00007ff906a50000 - 0x00007ff906abf000 	C:\WINDOWS\System32\WS2_32.dll
0x00007ff903b90000 - 0x00007ff903ba8000 	C:\WINDOWS\SYSTEM32\kernel.appcore.dll
0x00007ff900e10000 - 0x00007ff900e1a000 	C:\Program Files\Java\jdk-18.0.1.1\bin\jimage.dll
0x00007ff9024f0000 - 0x00007ff902711000 	C:\WINDOWS\SYSTEM32\DBGHELP.DLL
0x00007ff8fa780000 - 0x00007ff8fa7b1000 	C:\WINDOWS\SYSTEM32\dbgcore.DLL
0x00007ff9052d0000 - 0x00007ff90534f000 	C:\WINDOWS\System32\bcryptPrimitives.dll
0x00007ff8e0050000 - 0x00007ff8e0075000 	C:\Program Files\Java\jdk-18.0.1.1\bin\java.dll
0x00007ff8b8bb0000 - 0x00007ff8b8c86000 	C:\Program Files\Java\jdk-18.0.1.1\bin\jsvml.dll
0x00007ff905ed0000 - 0x00007ff906688000 	C:\WINDOWS\System32\SHELL32.dll
0x00007ff902b20000 - 0x00007ff903388000 	C:\WINDOWS\SYSTEM32\windows.storage.dll
0x00007ff905560000 - 0x00007ff9058d9000 	C:\WINDOWS\System32\combase.dll
0x00007ff9029b0000 - 0x00007ff902b16000 	C:\WINDOWS\SYSTEM32\wintypes.dll
0x00007ff9068c0000 - 0x00007ff9069aa000 	C:\WINDOWS\System32\SHCORE.dll
0x00007ff905490000 - 0x00007ff9054ed000 	C:\WINDOWS\System32\shlwapi.dll
0x00007ff9048d0000 - 0x00007ff9048f1000 	C:\WINDOWS\SYSTEM32\profapi.dll
0x00007ff8e0090000 - 0x00007ff8e00a3000 	C:\Program Files\Java\jdk-18.0.1.1\bin\net.dll
0x00007ff8ff160000 - 0x00007ff8ff26c000 	C:\WINDOWS\SYSTEM32\WINHTTP.dll
0x00007ff903fc0000 - 0x00007ff904027000 	C:\WINDOWS\system32\mswsock.dll
0x00007ff8e0030000 - 0x00007ff8e0046000 	C:\Program Files\Java\jdk-18.0.1.1\bin\nio.dll
0x00007ff8dc030000 - 0x00007ff8dc048000 	C:\Program Files\Java\jdk-18.0.1.1\bin\zip.dll
0x00007ff900e20000 - 0x00007ff900e30000 	C:\Program Files\Java\jdk-18.0.1.1\bin\verify.dll
0x00007ff8ce790000 - 0x00007ff8ce7b7000 	C:\Program Files\Java\jre1.8.0_333\native\e1d6ef7f7dcc3fd88c89a11ec53ec762bb8ba0a96d01ffa2cd45eb1d1d8dd5c5\windows-amd64\native-platform.dll
0x00007ff8b8c90000 - 0x00007ff8b8dd4000 	C:\Program Files\Java\jre1.8.0_333\native\5664cfc778a61ccfe75a443a1ab52a65af34e5dc3c78e0209fed803814484fcb\windows-amd64\native-platform-file-events.dll
0x00007ff900e40000 - 0x00007ff900e49000 	C:\Program Files\Java\jdk-18.0.1.1\bin\management.dll
0x00007ff900e30000 - 0x00007ff900e3b000 	C:\Program Files\Java\jdk-18.0.1.1\bin\management_ext.dll
0x00007ff904200000 - 0x00007ff904218000 	C:\WINDOWS\SYSTEM32\CRYPTSP.dll
0x00007ff903af0000 - 0x00007ff903b25000 	C:\WINDOWS\system32\rsaenh.dll
0x00007ff9040b0000 - 0x00007ff9040d9000 	C:\WINDOWS\SYSTEM32\USERENV.dll
0x00007ff904380000 - 0x00007ff9043a7000 	C:\WINDOWS\SYSTEM32\bcrypt.dll
0x00007ff904220000 - 0x00007ff90422c000 	C:\WINDOWS\SYSTEM32\CRYPTBASE.dll
0x00007ff9036c0000 - 0x00007ff9036ed000 	C:\WINDOWS\SYSTEM32\IPHLPAPI.DLL
0x00007ff906710000 - 0x00007ff906719000 	C:\WINDOWS\System32\NSI.dll
0x00007ff8ff2e0000 - 0x00007ff8ff2f9000 	C:\WINDOWS\SYSTEM32\dhcpcsvc6.DLL
0x00007ff8ff4a0000 - 0x00007ff8ff4be000 	C:\WINDOWS\SYSTEM32\dhcpcsvc.DLL
0x00007ff9036f0000 - 0x00007ff9037d8000 	C:\WINDOWS\SYSTEM32\DNSAPI.dll

dbghelp: loaded successfully - version: 4.0.5 - missing functions: none
symbol engine: initialized successfully - sym options: 0x614 - pdb path: .;C:\Program Files\Java\jdk-18.0.1.1\bin;C:\WINDOWS\SYSTEM32;C:\WINDOWS\WinSxS\amd64_microsoft.windows.common-controls_6595b64144ccf1df_6.0.22000.120_none_9d947278b86cc467;C:\Program Files\Java\jdk-18.0.1.1\bin\server;C:\Program Files\Java\jre1.8.0_333\native\e1d6ef7f7dcc3fd88c89a11ec53ec762bb8ba0a96d01ffa2cd45eb1d1d8dd5c5\windows-amd64;C:\Program Files\Java\jre1.8.0_333\native\5664cfc778a61ccfe75a443a1ab52a65af34e5dc3c78e0209fed803814484fcb\windows-amd64

VM Arguments:
jvm_args: --add-opens=java.base/java.util=ALL-UNNAMED --add-opens=java.base/java.lang=ALL-UNNAMED --add-opens=java.base/java.lang.invoke=ALL-UNNAMED --add-opens=java.base/java.util=ALL-UNNAMED --add-opens=java.prefs/java.util.prefs=ALL-UNNAMED --add-opens=java.prefs/java.util.prefs=ALL-UNNAMED --add-opens=java.base/java.nio.charset=ALL-UNNAMED --add-opens=java.base/java.net=ALL-UNNAMED --add-opens=java.base/java.util.concurrent.atomic=ALL-UNNAMED -Xmx2048m -Dfile.encoding=UTF-8 -Duser.country=US -Duser.language=en -Duser.variant 
java_command: org.gradle.launcher.daemon.bootstrap.GradleDaemon 7.3.3
java_class_path (initial): C:\Program Files\Java\jre1.8.0_333\wrapper\dists\gradle-7.3.3-bin\6a41zxkdtcxs8rphpq6y0069z\gradle-7.3.3\lib\gradle-launcher-7.3.3.jar
Launcher Type: SUN_STANDARD

[Global flags]
     intx CICompilerCount                          = 4                                         {product} {ergonomic}
     uint ConcGCThreads                            = 2                                         {product} {ergonomic}
     uint G1ConcRefinementThreads                  = 8                                         {product} {ergonomic}
   size_t G1HeapRegionSize                         = 1048576                                   {product} {ergonomic}
    uintx GCDrainStackTargetSize                   = 64                                        {product} {ergonomic}
   size_t InitialHeapSize                          = 132120576                                 {product} {ergonomic}
   size_t MarkStackSize                            = 4194304                                   {product} {ergonomic}
   size_t MaxHeapSize                              = 2147483648                                {product} {command line}
   size_t MaxNewSize                               = 1287651328                                {product} {ergonomic}
   size_t MinHeapDeltaBytes                        = 1048576                                   {product} {ergonomic}
   size_t MinHeapSize                              = 8388608                                   {product} {ergonomic}
    uintx NonNMethodCodeHeapSize                   = 5839372                                {pd product} {ergonomic}
    uintx NonProfiledCodeHeapSize                  = 122909434                              {pd product} {ergonomic}
    uintx ProfiledCodeHeapSize                     = 122909434                              {pd product} {ergonomic}
    uintx ReservedCodeCacheSize                    = 251658240                              {pd product} {ergonomic}
     bool SegmentedCodeCache                       = true                                      {product} {ergonomic}
   size_t SoftMaxHeapSize                          = 2147483648                             {manageable} {ergonomic}
     bool UseCompressedClassPointers               = true                           {product lp64_product} {ergonomic}
     bool UseCompressedOops                        = true                           {product lp64_product} {ergonomic}
     bool UseG1GC                                  = true                                      {product} {ergonomic}
     bool UseLargePagesIndividualAllocation        = false                                  {pd product} {ergonomic}

Logging:
Log output configuration:
 #0: stdout all=warning uptime,level,tags foldmultilines=false
 #1: stderr all=off uptime,level,tags foldmultilines=false

Environment Variables:
JAVA_HOME=C:\Program Files\Java\jdk-18.0.1.1
PATH=C:\Program Files\Common Files\Oracle\Java\javapath;C:\Windows\system32;C:\Windows;C:\Windows\System32\Wbem;C:\Windows\System32\WindowsPowerShell\v1.0\;C:\Windows\System32\OpenSSH\;C:\Program Files (x86)\NVIDIA Corporation\PhysX\Common;C:\Program Files\NVIDIA Corporation\NVIDIA NvDLISR;F:\Git\cmd;C:\WINDOWS\system32;C:\WINDOWS;C:\WINDOWS\System32\Wbem;C:\WINDOWS\System32\WindowsPowerShell\v1.0\;C:\WINDOWS\System32\OpenSSH\;C:\Program Files\Java\jdk-18.0.1.1\bin;C:\Program Files\Java\jdk-18.0.1.1\bin;D:\flutter\bin;C:\Program Files\JetBrains\IntelliJ IDEA Community Edition 2021.3.2\bin;;C:\Users\NoteBook TANDIS\AppData\Local\Microsoft\WindowsApps;dart-sdk;;C:\Users\NoteBook TANDIS\AppData\Local\Programs\Microsoft VS Code\bin
USERNAME=NoteBook TANDIS
OS=Windows_NT
PROCESSOR_IDENTIFIER=Intel64 Family 6 Model 165 Stepping 2, GenuineIntel



---------------  S Y S T E M  ---------------

OS:
 Windows 11 , 64 bit Build 22000 (10.0.22000.708)
OS uptime: 0 days 1:42 hours

CPU: total 8 (initial active 8) (4 cores per cpu, 2 threads per core) family 6 model 165 stepping 2 microcode 0xea, cx8, cmov, fxsr, ht, mmx, 3dnowpref, sse, sse2, sse3, ssse3, sse4.1, sse4.2, popcnt, lzcnt, tsc, tscinvbit, avx, avx2, aes, erms, clmul, bmi1, bmi2, adx, fma, vzeroupper, clflush, clflushopt

Memory: 4k page, system-wide physical 8023M (518M free)
TotalPageFile size 11023M (AvailPageFile size 127M)
current process WorkingSet (physical memory assigned to process): 374M, peak: 374M
current process commit charge ("private bytes"): 416M, peak: 553M

vm_info: Java HotSpot(TM) 64-Bit Server VM (18.0.1.1+2-6) for windows-amd64 JRE (18.0.1.1+2-6), built on Apr 25 2022 21:53:15 by "mach5one" with MS VC++ 16.8 / 16.9 (VS2019)

END.
