#
# There is insufficient memory for the Java Runtime Environment to continue.
# Native memory allocation (mmap) failed to map 97517568 bytes for G1 virtual space
# Possible reasons:
#   The system is out of physical RAM or swap space
#   The process is running with CompressedOops enabled, and the Java Heap may be blocking the growth of the native heap
# Possible solutions:
#   Reduce memory load on the system
#   Increase physical memory or swap space
#   Check if swap backing store is full
#   Decrease Java heap size (-Xmx/-Xms)
#   Decrease number of Java threads
#   Decrease Java thread stack sizes (-Xss)
#   Set larger code cache with -XX:ReservedCodeCacheSize=
#   JVM is running with Unscaled Compressed Oops mode in which the Java heap is
#     placed in the first 4GB address space. The Java Heap base address is the
#     maximum limit for the native heap growth. Please use -XX:HeapBaseMinAddress
#     to set the Java Heap base and to place the Java Heap above 4GB virtual address.
# This output file may be truncated or incomplete.
#
#  Out of Memory Error (os_windows.cpp:3530), pid=9400, tid=8668
#
# JRE version: Java(TM) SE Runtime Environment (18.0.1.1+2) (build 18.0.1.1+2-6)
# Java VM: Java HotSpot(TM) 64-Bit Server VM (18.0.1.1+2-6, mixed mode, sharing, tiered, compressed oops, compressed class ptrs, g1 gc, windows-amd64)
# No core dump will be written. Minidumps are not enabled by default on client versions of Windows
#

---------------  S U M M A R Y ------------

Command Line: --add-opens=java.base/java.util=ALL-UNNAMED --add-opens=java.base/java.lang=ALL-UNNAMED --add-opens=java.base/java.lang.invoke=ALL-UNNAMED --add-opens=java.base/java.util=ALL-UNNAMED --add-opens=java.prefs/java.util.prefs=ALL-UNNAMED --add-opens=java.prefs/java.util.prefs=ALL-UNNAMED --add-opens=java.base/java.nio.charset=ALL-UNNAMED --add-opens=java.base/java.net=ALL-UNNAMED --add-opens=java.base/java.util.concurrent.atomic=ALL-UNNAMED -Xmx2048m -Dfile.encoding=UTF-8 -Duser.country=US -Duser.language=en -Duser.variant org.gradle.launcher.daemon.bootstrap.GradleDaemon 7.3.3

Host: Intel(R) Core(TM) i5-10300H CPU @ 2.50GHz, 8 cores, 7G,  Windows 11 , 64 bit Build 22000 (10.0.22000.708)
Time: Mon Jul 11 12:25:42 2022 Iran Daylight Time elapsed time: 7.594146 seconds (0d 0h 0m 7s)

---------------  T H R E A D  ---------------

Current thread (0x000001cbf448bb20):  VMThread "VM Thread" [stack: 0x000000998bc00000,0x000000998bd00000] [id=8668]

Stack: [0x000000998bc00000,0x000000998bd00000]
Native frames: (J=compiled Java code, j=interpreted, Vv=VM code, C=native code)
V  [jvm.dll+0x69887a]
V  [jvm.dll+0x7f38bd]
V  [jvm.dll+0x7f51ce]
V  [jvm.dll+0x7f5883]
V  [jvm.dll+0x25ca3f]
V  [jvm.dll+0x6957c9]
V  [jvm.dll+0x68a2fa]
V  [jvm.dll+0x321efb]
V  [jvm.dll+0x3298d6]
V  [jvm.dll+0x37e47e]
V  [jvm.dll+0x37e6af]
V  [jvm.dll+0x2f9c7a]
V  [jvm.dll+0x2f9d27]
V  [jvm.dll+0x33e262]
V  [jvm.dll+0x33c804]
V  [jvm.dll+0x2f9450]
V  [jvm.dll+0x33c0fd]
V  [jvm.dll+0x7fa66b]
V  [jvm.dll+0x7fb404]
V  [jvm.dll+0x7fb93c]
V  [jvm.dll+0x7fbd94]
V  [jvm.dll+0x7fbe57]
V  [jvm.dll+0x7a03ea]
V  [jvm.dll+0x697725]
C  [ucrtbase.dll+0x26c0c]
C  [KERNEL32.DLL+0x154e0]
C  [ntdll.dll+0x485b]

VM_Operation (0x000000998d4f4a90): G1TryInitiateConcMark, mode: safepoint, requested by thread 0x000001cbf9bffc80


---------------  P R O C E S S  ---------------

Threads class SMR info:
_java_thread_list=0x000001cbfc0df220, length=125, elements={
0x000001cbd62335d0, 0x000001cbf448f2b0, 0x000001cbf448ff10, 0x000001cbf44acd30,
0x000001cbf44ad5e0, 0x000001cbf44adf80, 0x000001cbf44ae920, 0x000001cbf44b5b10,
0x000001cbf44de510, 0x000001cbf44e1e20, 0x000001cbf88f71a0, 0x000001cbf88f9c90,
0x000001cbf89fe390, 0x000001cbfa49abf0, 0x000001cbf9e562b0, 0x000001cbfa416030,
0x000001cbf93fb960, 0x000001cbf96320b0, 0x000001cbf9e84520, 0x000001cbf9bffc80,
0x000001cbf9e4bc40, 0x000001cbf9e4c5e0, 0x000001cbf9e4c110, 0x000001cbf9e495c0,
0x000001cbf9e4add0, 0x000001cbf9e48c20, 0x000001cbf9e4b770, 0x000001cbf9e49a90,
0x000001cbf9e49f60, 0x000001cbf9e4a430, 0x000001cbf9e4a900, 0x000001cbf9e490f0,
0x000001cbfb0cb5c0, 0x000001cbfb0cfdf0, 0x000001cbfb0cc900, 0x000001cbfb0ceab0,
0x000001cbfb0cac20, 0x000001cbfb0d02c0, 0x000001cbfb0cd770, 0x000001cbfb0d0790,
0x000001cbfb0ccdd0, 0x000001cbfb0cba90, 0x000001cbfb0cbf60, 0x000001cbfb0cc430,
0x000001cbfb0cdc40, 0x000001cbfb0ce110, 0x000001cbfb0ce5e0, 0x000001cbf936a360,
0x000001cbf936b1d0, 0x000001cbf9368b50, 0x000001cbf936ad00, 0x000001cbf9369e90,
0x000001cbf9369020, 0x000001cbf936dd20, 0x000001cbf93694f0, 0x000001cbf93681b0,
0x000001cbf9366e70, 0x000001cbf936d380, 0x000001cbf936d850, 0x000001cbf936e1f0,
0x000001cbf93699c0, 0x000001cbf936a830, 0x000001cbf936b6a0, 0x000001cbf936ceb0,
0x000001cbf9367810, 0x000001cbf936e6c0, 0x000001cbf936bb70, 0x000001cbf9368680,
0x000001cbf936c040, 0x000001cbf9367340, 0x000001cbf936c510, 0x000001cbf9367ce0,
0x000001cbf936c9e0, 0x000001cbfa912db0, 0x000001cbfa90e0b0, 0x000001cbfa90e580,
0x000001cbfa911f40, 0x000001cbfa910260, 0x000001cbfa90f8c0, 0x000001cbfa912410,
0x000001cbfa913c20, 0x000001cbfa911a70, 0x000001cbfa913280, 0x000001cbfa90f3f0,
0x000001cbfa913750, 0x000001cbfa9128e0, 0x000001cbfa910730, 0x000001cbfa910c00,
0x000001cbfa90fd90, 0x000001cbfa9145c0, 0x000001cbfa90ea50, 0x000001cbfa915430,
0x000001cbfa9140f0, 0x000001cbfa90ef20, 0x000001cbfa914a90, 0x000001cbfa9110d0,
0x000001cbfa914f60, 0x000001cbfa9115a0, 0x000001cbfa915900, 0x000001cbf9821410,
0x000001cbf9820f40, 0x000001cbf98218e0, 0x000001cbf981e8c0, 0x000001cbf98200d0,
0x000001cbf9821db0, 0x000001cbf9822750, 0x000001cbf981c710, 0x000001cbf9822280,
0x000001cbf981d0b0, 0x000001cbf9822c20, 0x000001cbf98230f0, 0x000001cbf981d580,
0x000001cbf981da50, 0x000001cbf981cbe0, 0x000001cbf9823f60, 0x000001cbf981ed90,
0x000001cbf981df20, 0x000001cbf98235c0, 0x000001cbf9823a90, 0x000001cbf981e3f0,
0x000001cbf981f260, 0x000001cbf981f730, 0x000001cbf981fc00, 0x000001cbf98205a0,
0x000001cbfadf3ec0
}

Java Threads: ( => current thread )
  0x000001cbd62335d0 JavaThread "main" [_thread_blocked, id=532, stack(0x000000998b600000,0x000000998b700000)]
  0x000001cbf448f2b0 JavaThread "Reference Handler" daemon [_thread_blocked, id=3256, stack(0x000000998bd00000,0x000000998be00000)]
  0x000001cbf448ff10 JavaThread "Finalizer" daemon [_thread_blocked, id=1360, stack(0x000000998be00000,0x000000998bf00000)]
  0x000001cbf44acd30 JavaThread "Signal Dispatcher" daemon [_thread_blocked, id=12764, stack(0x000000998bf00000,0x000000998c000000)]
  0x000001cbf44ad5e0 JavaThread "Attach Listener" daemon [_thread_blocked, id=2288, stack(0x000000998c000000,0x000000998c100000)]
  0x000001cbf44adf80 JavaThread "Service Thread" daemon [_thread_blocked, id=11864, stack(0x000000998c100000,0x000000998c200000)]
  0x000001cbf44ae920 JavaThread "Monitor Deflation Thread" daemon [_thread_blocked, id=12960, stack(0x000000998c200000,0x000000998c300000)]
  0x000001cbf44b5b10 JavaThread "C2 CompilerThread0" daemon [_thread_blocked, id=12092, stack(0x000000998c300000,0x000000998c400000)]
  0x000001cbf44de510 JavaThread "C1 CompilerThread0" daemon [_thread_blocked, id=2116, stack(0x000000998c400000,0x000000998c500000)]
  0x000001cbf44e1e20 JavaThread "Sweeper thread" daemon [_thread_blocked, id=11112, stack(0x000000998c500000,0x000000998c600000)]
  0x000001cbf88f71a0 JavaThread "Common-Cleaner" daemon [_thread_blocked, id=8264, stack(0x000000998c600000,0x000000998c700000)]
  0x000001cbf88f9c90 JavaThread "Notification Thread" daemon [_thread_blocked, id=10628, stack(0x000000998c700000,0x000000998c800000)]
  0x000001cbf89fe390 JavaThread "C2 CompilerThread1" daemon [_thread_blocked, id=16452, stack(0x000000998c900000,0x000000998ca00000)]
  0x000001cbfa49abf0 JavaThread "Daemon health stats" [_thread_blocked, id=4080, stack(0x000000998ce00000,0x000000998cf00000)]
  0x000001cbf9e562b0 JavaThread "Incoming local TCP Connector on port 60068" [_thread_in_native, id=12512, stack(0x000000998cf00000,0x000000998d000000)]
  0x000001cbfa416030 JavaThread "Daemon periodic checks" [_thread_blocked, id=9728, stack(0x000000998d000000,0x000000998d100000)]
  0x000001cbf93fb960 JavaThread "Daemon" [_thread_blocked, id=17052, stack(0x000000998d100000,0x000000998d200000)]
  0x000001cbf96320b0 JavaThread "Handler for socket connection from /127.0.0.1:60068 to /127.0.0.1:60069" [_thread_in_native, id=8448, stack(0x000000998d200000,0x000000998d300000)]
  0x000001cbf9e84520 JavaThread "Cancel handler" [_thread_blocked, id=12416, stack(0x000000998d300000,0x000000998d400000)]
  0x000001cbf9bffc80 JavaThread "Daemon worker" [_thread_blocked, id=10132, stack(0x000000998d400000,0x000000998d500000)]
  0x000001cbf9e4bc40 JavaThread "Asynchronous log dispatcher for DefaultDaemonConnection: socket connection from /127.0.0.1:60068 to /127.0.0.1:60069" [_thread_blocked, id=13904, stack(0x000000998d500000,0x000000998d600000)]
  0x000001cbf9e4c5e0 JavaThread "Stdin handler" [_thread_blocked, id=788, stack(0x000000998d600000,0x000000998d700000)]
  0x000001cbf9e4c110 JavaThread "Daemon client event forwarder" [_thread_blocked, id=7028, stack(0x000000998d700000,0x000000998d800000)]
  0x000001cbf9e495c0 JavaThread "Cache worker for journal cache (C:\Program Files\Java\jre1.8.0_333\caches\journal-1)" [_thread_blocked, id=13080, stack(0x000000998d800000,0x000000998d900000)]
  0x000001cbf9e4add0 JavaThread "File lock request listener" [_thread_in_native, id=16084, stack(0x000000998d900000,0x000000998da00000)]
  0x000001cbf9e48c20 JavaThread "Cache worker for file hash cache (C:\Program Files\Java\jre1.8.0_333\caches\7.3.3\fileHashes)" [_thread_blocked, id=1140, stack(0x000000998da00000,0x000000998db00000)]
  0x000001cbf9e4b770 JavaThread "Cache worker for file hash cache (D:\BatteryManager\.gradle\7.3.3\fileHashes)" [_thread_blocked, id=13528, stack(0x000000998db00000,0x000000998dc00000)]
  0x000001cbf9e49a90 JavaThread "File watcher server" daemon [_thread_in_native, id=3472, stack(0x000000998df00000,0x000000998e000000)]
  0x000001cbf9e49f60 JavaThread "File watcher consumer" daemon [_thread_blocked, id=13800, stack(0x000000998e000000,0x000000998e100000)]
  0x000001cbf9e4a430 JavaThread "jar transforms" [_thread_blocked, id=9848, stack(0x000000998e100000,0x000000998e200000)]
  0x000001cbf9e4a900 JavaThread "jar transforms Thread 2" [_thread_blocked, id=14856, stack(0x000000998e200000,0x000000998e300000)]
  0x000001cbf9e490f0 JavaThread "jar transforms Thread 3" [_thread_blocked, id=15324, stack(0x000000998e300000,0x000000998e400000)]
  0x000001cbfb0cb5c0 JavaThread "jar transforms Thread 4" [_thread_blocked, id=11656, stack(0x000000998e400000,0x000000998e500000)]
  0x000001cbfb0cfdf0 JavaThread "jar transforms Thread 5" [_thread_blocked, id=15632, stack(0x000000998e500000,0x000000998e600000)]
  0x000001cbfb0cc900 JavaThread "jar transforms Thread 6" [_thread_blocked, id=16828, stack(0x000000998e600000,0x000000998e700000)]
  0x000001cbfb0ceab0 JavaThread "jar transforms Thread 7" [_thread_blocked, id=14264, stack(0x000000998e700000,0x000000998e800000)]
  0x000001cbfb0cac20 JavaThread "jar transforms Thread 8" [_thread_blocked, id=15432, stack(0x000000998e800000,0x000000998e900000)]
  0x000001cbfb0d02c0 JavaThread "Cache worker for checksums cache (D:\BatteryManager\.gradle\7.3.3\checksums)" [_thread_blocked, id=1760, stack(0x000000998ea00000,0x000000998eb00000)]
  0x000001cbfb0cd770 JavaThread "Cache worker for cache directory md-supplier (C:\Program Files\Java\jre1.8.0_333\caches\7.3.3\md-supplier)" [_thread_blocked, id=7668, stack(0x000000998eb00000,0x000000998ec00000)]
  0x000001cbfb0d0790 JavaThread "Cache worker for cache directory md-rule (C:\Program Files\Java\jre1.8.0_333\caches\7.3.3\md-rule)" [_thread_blocked, id=3020, stack(0x000000998ec00000,0x000000998ed00000)]
  0x000001cbfb0ccdd0 JavaThread "Cache worker for execution history cache (C:\Program Files\Java\jre1.8.0_333\caches\7.3.3\executionHistory)" [_thread_blocked, id=12708, stack(0x000000998ed00000,0x000000998ee00000)]
  0x000001cbfb0cba90 JavaThread "Cache worker for file content cache (C:\Program Files\Java\jre1.8.0_333\caches\7.3.3\fileContent)" [_thread_blocked, id=10512, stack(0x000000998ee00000,0x000000998ef00000)]
  0x000001cbfb0cbf60 JavaThread "Cache worker for dependencies-accessors (D:\BatteryManager\.gradle\7.3.3\dependencies-accessors)" [_thread_blocked, id=4164, stack(0x000000998ef00000,0x000000998f000000)]
  0x000001cbfb0cc430 JavaThread "Cache worker for Build Output Cleanup Cache (D:\BatteryManager\.gradle\buildOutputCleanup)" [_thread_blocked, id=11108, stack(0x000000998f000000,0x000000998f100000)]
  0x000001cbfb0cdc40 JavaThread "Unconstrained build operations" [_thread_blocked, id=3092, stack(0x000000998f100000,0x000000998f200000)]
  0x000001cbfb0ce110 JavaThread "Unconstrained build operations Thread 2" [_thread_blocked, id=12188, stack(0x000000998f200000,0x000000998f300000)]
  0x000001cbfb0ce5e0 JavaThread "Unconstrained build operations Thread 3" [_thread_blocked, id=1940, stack(0x000000998f300000,0x000000998f400000)]
  0x000001cbf936a360 JavaThread "Unconstrained build operations Thread 4" [_thread_blocked, id=2196, stack(0x000000998f400000,0x000000998f500000)]
  0x000001cbf936b1d0 JavaThread "Unconstrained build operations Thread 5" [_thread_blocked, id=12528, stack(0x000000998f500000,0x000000998f600000)]
  0x000001cbf9368b50 JavaThread "Unconstrained build operations Thread 6" [_thread_blocked, id=2252, stack(0x000000998f600000,0x000000998f700000)]
  0x000001cbf936ad00 JavaThread "Unconstrained build operations Thread 7" [_thread_blocked, id=7224, stack(0x000000998f700000,0x000000998f800000)]
  0x000001cbf9369e90 JavaThread "Unconstrained build operations Thread 8" [_thread_blocked, id=17304, stack(0x000000998f800000,0x000000998f900000)]
  0x000001cbf9369020 JavaThread "Unconstrained build operations Thread 9" [_thread_blocked, id=7816, stack(0x000000998f900000,0x000000998fa00000)]
  0x000001cbf936dd20 JavaThread "Unconstrained build operations Thread 10" [_thread_blocked, id=11016, stack(0x000000998fa00000,0x000000998fb00000)]
  0x000001cbf93694f0 JavaThread "Unconstrained build operations Thread 11" [_thread_blocked, id=12868, stack(0x000000998fb00000,0x000000998fc00000)]
  0x000001cbf93681b0 JavaThread "Unconstrained build operations Thread 12" [_thread_blocked, id=6148, stack(0x000000998fc00000,0x000000998fd00000)]
  0x000001cbf9366e70 JavaThread "Unconstrained build operations Thread 13" [_thread_blocked, id=4156, stack(0x000000998fd00000,0x000000998fe00000)]
  0x000001cbf936d380 JavaThread "Unconstrained build operations Thread 14" [_thread_blocked, id=10264, stack(0x000000998fe00000,0x000000998ff00000)]
  0x000001cbf936d850 JavaThread "Unconstrained build operations Thread 15" [_thread_blocked, id=10708, stack(0x000000998ff00000,0x0000009990000000)]
  0x000001cbf936e1f0 JavaThread "Unconstrained build operations Thread 16" [_thread_blocked, id=1268, stack(0x0000009990000000,0x0000009990100000)]
  0x000001cbf93699c0 JavaThread "Unconstrained build operations Thread 17" [_thread_blocked, id=10532, stack(0x0000009990100000,0x0000009990200000)]
  0x000001cbf936a830 JavaThread "Unconstrained build operations Thread 18" [_thread_blocked, id=12524, stack(0x0000009990200000,0x0000009990300000)]
  0x000001cbf936b6a0 JavaThread "Unconstrained build operations Thread 19" [_thread_blocked, id=16396, stack(0x0000009990300000,0x0000009990400000)]
  0x000001cbf936ceb0 JavaThread "Unconstrained build operations Thread 20" [_thread_blocked, id=4808, stack(0x0000009990400000,0x0000009990500000)]
  0x000001cbf9367810 JavaThread "Unconstrained build operations Thread 21" [_thread_blocked, id=3904, stack(0x0000009990500000,0x0000009990600000)]
  0x000001cbf936e6c0 JavaThread "Unconstrained build operations Thread 22" [_thread_blocked, id=9972, stack(0x0000009990600000,0x0000009990700000)]
  0x000001cbf936bb70 JavaThread "Unconstrained build operations Thread 23" [_thread_blocked, id=10976, stack(0x0000009990700000,0x0000009990800000)]
  0x000001cbf9368680 JavaThread "Unconstrained build operations Thread 24" [_thread_blocked, id=15292, stack(0x0000009990800000,0x0000009990900000)]
  0x000001cbf936c040 JavaThread "Unconstrained build operations Thread 25" [_thread_blocked, id=16772, stack(0x0000009990900000,0x0000009990a00000)]
  0x000001cbf9367340 JavaThread "Unconstrained build operations Thread 26" [_thread_blocked, id=15980, stack(0x0000009990a00000,0x0000009990b00000)]
  0x000001cbf936c510 JavaThread "Unconstrained build operations Thread 27" [_thread_blocked, id=4132, stack(0x0000009990b00000,0x0000009990c00000)]
  0x000001cbf9367ce0 JavaThread "Unconstrained build operations Thread 28" [_thread_blocked, id=14664, stack(0x0000009990c00000,0x0000009990d00000)]
  0x000001cbf936c9e0 JavaThread "Unconstrained build operations Thread 29" [_thread_blocked, id=12104, stack(0x0000009990d00000,0x0000009990e00000)]
  0x000001cbfa912db0 JavaThread "Unconstrained build operations Thread 30" [_thread_blocked, id=16304, stack(0x0000009990e00000,0x0000009990f00000)]
  0x000001cbfa90e0b0 JavaThread "Unconstrained build operations Thread 31" [_thread_blocked, id=944, stack(0x0000009990f00000,0x0000009991000000)]
  0x000001cbfa90e580 JavaThread "Unconstrained build operations Thread 32" [_thread_blocked, id=2148, stack(0x0000009991000000,0x0000009991100000)]
  0x000001cbfa911f40 JavaThread "Unconstrained build operations Thread 33" [_thread_blocked, id=4592, stack(0x0000009991100000,0x0000009991200000)]
  0x000001cbfa910260 JavaThread "Unconstrained build operations Thread 34" [_thread_blocked, id=11260, stack(0x0000009991200000,0x0000009991300000)]
  0x000001cbfa90f8c0 JavaThread "Unconstrained build operations Thread 35" [_thread_blocked, id=12964, stack(0x0000009991300000,0x0000009991400000)]
  0x000001cbfa912410 JavaThread "Unconstrained build operations Thread 36" [_thread_blocked, id=10336, stack(0x0000009991400000,0x0000009991500000)]
  0x000001cbfa913c20 JavaThread "Unconstrained build operations Thread 37" [_thread_blocked, id=15812, stack(0x0000009991500000,0x0000009991600000)]
  0x000001cbfa911a70 JavaThread "Unconstrained build operations Thread 38" [_thread_blocked, id=4272, stack(0x0000009991600000,0x0000009991700000)]
  0x000001cbfa913280 JavaThread "Unconstrained build operations Thread 39" [_thread_blocked, id=9996, stack(0x0000009991700000,0x0000009991800000)]
  0x000001cbfa90f3f0 JavaThread "Unconstrained build operations Thread 40" [_thread_blocked, id=3180, stack(0x0000009991800000,0x0000009991900000)]
  0x000001cbfa913750 JavaThread "Unconstrained build operations Thread 41" [_thread_blocked, id=8336, stack(0x0000009991900000,0x0000009991a00000)]
  0x000001cbfa9128e0 JavaThread "Unconstrained build operations Thread 42" [_thread_blocked, id=7244, stack(0x0000009991a00000,0x0000009991b00000)]
  0x000001cbfa910730 JavaThread "Unconstrained build operations Thread 43" [_thread_blocked, id=6056, stack(0x0000009991b00000,0x0000009991c00000)]
  0x000001cbfa910c00 JavaThread "Unconstrained build operations Thread 44" [_thread_blocked, id=10872, stack(0x0000009991c00000,0x0000009991d00000)]
  0x000001cbfa90fd90 JavaThread "Unconstrained build operations Thread 45" [_thread_blocked, id=10224, stack(0x0000009991d00000,0x0000009991e00000)]
  0x000001cbfa9145c0 JavaThread "Unconstrained build operations Thread 46" [_thread_blocked, id=2328, stack(0x0000009991e00000,0x0000009991f00000)]
  0x000001cbfa90ea50 JavaThread "Unconstrained build operations Thread 47" [_thread_blocked, id=10060, stack(0x0000009991f00000,0x0000009992000000)]
  0x000001cbfa915430 JavaThread "Unconstrained build operations Thread 48" [_thread_blocked, id=8384, stack(0x0000009992000000,0x0000009992100000)]
  0x000001cbfa9140f0 JavaThread "Unconstrained build operations Thread 49" [_thread_blocked, id=2704, stack(0x0000009992100000,0x0000009992200000)]
  0x000001cbfa90ef20 JavaThread "Unconstrained build operations Thread 50" [_thread_blocked, id=14900, stack(0x0000009992200000,0x0000009992300000)]
  0x000001cbfa914a90 JavaThread "Unconstrained build operations Thread 51" [_thread_blocked, id=7256, stack(0x0000009992300000,0x0000009992400000)]
  0x000001cbfa9110d0 JavaThread "Unconstrained build operations Thread 52" [_thread_blocked, id=5416, stack(0x0000009992400000,0x0000009992500000)]
  0x000001cbfa914f60 JavaThread "Unconstrained build operations Thread 53" [_thread_blocked, id=2284, stack(0x0000009992500000,0x0000009992600000)]
  0x000001cbfa9115a0 JavaThread "Unconstrained build operations Thread 54" [_thread_blocked, id=13076, stack(0x0000009992600000,0x0000009992700000)]
  0x000001cbfa915900 JavaThread "Unconstrained build operations Thread 55" [_thread_blocked, id=9428, stack(0x0000009992700000,0x0000009992800000)]
  0x000001cbf9821410 JavaThread "Unconstrained build operations Thread 56" [_thread_blocked, id=13552, stack(0x0000009992800000,0x0000009992900000)]
  0x000001cbf9820f40 JavaThread "Unconstrained build operations Thread 57" [_thread_blocked, id=5512, stack(0x0000009992900000,0x0000009992a00000)]
  0x000001cbf98218e0 JavaThread "Unconstrained build operations Thread 58" [_thread_blocked, id=8716, stack(0x0000009992a00000,0x0000009992b00000)]
  0x000001cbf981e8c0 JavaThread "Unconstrained build operations Thread 59" [_thread_blocked, id=16280, stack(0x0000009992b00000,0x0000009992c00000)]
  0x000001cbf98200d0 JavaThread "Unconstrained build operations Thread 60" [_thread_blocked, id=12396, stack(0x0000009992c00000,0x0000009992d00000)]
  0x000001cbf9821db0 JavaThread "Unconstrained build operations Thread 61" [_thread_blocked, id=9464, stack(0x0000009992d00000,0x0000009992e00000)]
  0x000001cbf9822750 JavaThread "Unconstrained build operations Thread 62" [_thread_blocked, id=10288, stack(0x0000009992e00000,0x0000009992f00000)]
  0x000001cbf981c710 JavaThread "Unconstrained build operations Thread 63" [_thread_blocked, id=6276, stack(0x0000009992f00000,0x0000009993000000)]
  0x000001cbf9822280 JavaThread "Unconstrained build operations Thread 64" [_thread_blocked, id=1384, stack(0x0000009993000000,0x0000009993100000)]
  0x000001cbf981d0b0 JavaThread "Unconstrained build operations Thread 65" [_thread_blocked, id=6860, stack(0x0000009993100000,0x0000009993200000)]
  0x000001cbf9822c20 JavaThread "Unconstrained build operations Thread 66" [_thread_blocked, id=10916, stack(0x0000009993200000,0x0000009993300000)]
  0x000001cbf98230f0 JavaThread "Unconstrained build operations Thread 67" [_thread_blocked, id=14224, stack(0x0000009993300000,0x0000009993400000)]
  0x000001cbf981d580 JavaThread "Unconstrained build operations Thread 68" [_thread_blocked, id=10208, stack(0x0000009993400000,0x0000009993500000)]
  0x000001cbf981da50 JavaThread "Unconstrained build operations Thread 69" [_thread_blocked, id=15580, stack(0x0000009993500000,0x0000009993600000)]
  0x000001cbf981cbe0 JavaThread "Unconstrained build operations Thread 70" [_thread_blocked, id=14592, stack(0x0000009993600000,0x0000009993700000)]
  0x000001cbf9823f60 JavaThread "Unconstrained build operations Thread 71" [_thread_blocked, id=10376, stack(0x0000009993700000,0x0000009993800000)]
  0x000001cbf981ed90 JavaThread "Unconstrained build operations Thread 72" [_thread_blocked, id=2656, stack(0x0000009993800000,0x0000009993900000)]
  0x000001cbf981df20 JavaThread "Unconstrained build operations Thread 73" [_thread_blocked, id=8500, stack(0x0000009993900000,0x0000009993a00000)]
  0x000001cbf98235c0 JavaThread "Unconstrained build operations Thread 74" [_thread_blocked, id=14008, stack(0x0000009993a00000,0x0000009993b00000)]
  0x000001cbf9823a90 JavaThread "Unconstrained build operations Thread 75" [_thread_blocked, id=8124, stack(0x0000009993b00000,0x0000009993c00000)]
  0x000001cbf981e3f0 JavaThread "Unconstrained build operations Thread 76" [_thread_blocked, id=12584, stack(0x0000009993c00000,0x0000009993d00000)]
  0x000001cbf981f260 JavaThread "Unconstrained build operations Thread 77" [_thread_blocked, id=17096, stack(0x0000009993d00000,0x0000009993e00000)]
  0x000001cbf981f730 JavaThread "Unconstrained build operations Thread 78" [_thread_blocked, id=16284, stack(0x0000009993e00000,0x0000009993f00000)]
  0x000001cbf981fc00 JavaThread "Unconstrained build operations Thread 79" [_thread_blocked, id=12912, stack(0x0000009993f00000,0x0000009994000000)]
  0x000001cbf98205a0 JavaThread "Unconstrained build operations Thread 80" [_thread_blocked, id=4168, stack(0x0000009994000000,0x0000009994100000)]
  0x000001cbfadf3ec0 JavaThread "Memory manager" [_thread_blocked, id=8212, stack(0x0000009994100000,0x0000009994200000)]

Other Threads:
=>0x000001cbf448bb20 VMThread "VM Thread" [stack: 0x000000998bc00000,0x000000998bd00000] [id=8668]
  0x000001cbf88fa620 WatcherThread "VM Periodic Task Thread" [stack: 0x000000998c800000,0x000000998c900000] [id=17300]
  0x000001cbd6295030 WorkerThread "GC Thread#0" [stack: 0x000000998b700000,0x000000998b800000] [id=10324]
  0x000001cbf9207f40 WorkerThread "GC Thread#1" [stack: 0x000000998ca00000,0x000000998cb00000] [id=1004]
  0x000001cbf920d620 WorkerThread "GC Thread#2" [stack: 0x000000998cb00000,0x000000998cc00000] [id=13152]
  0x000001cbf941d990 WorkerThread "GC Thread#3" [stack: 0x000000998cc00000,0x000000998cd00000] [id=11420]
  0x000001cbf98269c0 WorkerThread "GC Thread#4" [stack: 0x000000998cd00000,0x000000998ce00000] [id=10304]
  0x000001cbfa2aa7b0 WorkerThread "GC Thread#5" [stack: 0x000000998dc00000,0x000000998dd00000] [id=16716]
  0x000001cbfa2ab230 WorkerThread "GC Thread#6" [stack: 0x000000998dd00000,0x000000998de00000] [id=13132]
  0x000001cbfa2aaa50 WorkerThread "GC Thread#7" [stack: 0x000000998de00000,0x000000998df00000] [id=8468]
  0x000001cbd62a6f70 ConcurrentGCThread "G1 Main Marker" [stack: 0x000000998b800000,0x000000998b900000] [id=16648]
  0x000001cbd62a8100 WorkerThread "G1 Conc#0" [stack: 0x000000998b900000,0x000000998ba00000] [id=10908]
  0x000001cbfa2ac1f0 WorkerThread "G1 Conc#1" [stack: 0x000000998e900000,0x000000998ea00000] [id=760]
  0x000001cbf43475b0 ConcurrentGCThread "G1 Refine#0" [stack: 0x000000998ba00000,0x000000998bb00000] [id=10740]
  0x000001cbf4347ec0 ConcurrentGCThread "G1 Service" [stack: 0x000000998bb00000,0x000000998bc00000] [id=6972]

Threads with active compile tasks:
C2 CompilerThread0     7621 7380       4       java.lang.ThreadLocal::set (30 bytes)
C1 CompilerThread0     7621 7426   !   3       java.nio.charset.CharsetDecoder::decode (275 bytes)
C2 CompilerThread1     7621 7321 %     4       org.gradle.internal.instantiation.generator.AbstractClassGenerator::inspectType @ 250 (560 bytes)

VM state: at safepoint (normal execution)

VM Mutex/Monitor currently owned by a thread:  ([mutex/lock_event])
[0x000001cbd622e530] Threads_lock - owner thread: 0x000001cbf448bb20
[0x000001cbd622e770] Heap_lock - owner thread: 0x000001cbf9bffc80

Heap address: 0x0000000080000000, size: 2048 MB, Compressed Oops mode: 32-bit

CDS archive(s) mapped at: [0x0000000800000000-0x0000000800ba0000-0x0000000800ba0000), size 12189696, SharedBaseAddress: 0x0000000800000000, ArchiveRelocationMode: 0.
Compressed class space mapped at: 0x0000000800c00000-0x0000000840c00000, reserved size: 1073741824
Narrow klass base: 0x0000000800000000, Narrow klass shift: 0, Narrow klass range: 0x100000000

GC Precious Log:
 CardTable entry size: 512
 Card Set container configuration: InlinePtr #cards 5 size 8 Array Of Cards #cards 12 size 40 Howl #buckets 4 coarsen threshold 1843 Howl Bitmap #cards 512 size 80 coarsen threshold 460 Card regions per heap region 1 cards per card region 2048
 CPUs: 8 total, 8 available
 Memory: 8023M
 Large Page Support: Disabled
 NUMA Support: Disabled
 Compressed Oops: Enabled (32-bit)
 Heap Region Size: 1M
 Heap Min Capacity: 8M
 Heap Initial Capacity: 126M
 Heap Max Capacity: 2G
 Pre-touch: Disabled
 Parallel Workers: 8
 Concurrent Workers: 2
 Concurrent Refinement Workers: 8
 Periodic GC: Disabled

Heap:
 garbage-first heap   total 147456K, used 85496K [0x0000000080000000, 0x0000000100000000)
  region size 1024K, 3 young (3072K), 3 survivors (3072K)
 Metaspace       used 59486K, committed 61184K, reserved 1114112K
  class space    used 7975K, committed 8832K, reserved 1048576K

Heap Regions: E=young(eden), S=young(survivor), O=old, HS=humongous(starts), HC=humongous(continues), CS=collection set, F=free, OA=open archive, CA=closed archive, TAMS=top-at-mark-start (previous, next)
|   0|0x0000000080000000, 0x0000000080100000, 0x0000000080100000|100%|HS|  |TAMS 0x0000000080100000, 0x0000000080100000| Complete 
|   1|0x0000000080100000, 0x0000000080200000, 0x0000000080200000|100%| O|  |TAMS 0x0000000080200000, 0x0000000080200000| Untracked 
|   2|0x0000000080200000, 0x0000000080300000, 0x0000000080300000|100%| O|  |TAMS 0x0000000080300000, 0x0000000080300000| Untracked 
|   3|0x0000000080300000, 0x0000000080400000, 0x0000000080400000|100%|HS|  |TAMS 0x0000000080400000, 0x0000000080400000| Complete 
|   4|0x0000000080400000, 0x0000000080500000, 0x0000000080500000|100%|HC|  |TAMS 0x0000000080500000, 0x0000000080500000| Complete 
|   5|0x0000000080500000, 0x0000000080600000, 0x0000000080600000|100%|HC|  |TAMS 0x0000000080600000, 0x0000000080600000| Complete 
|   6|0x0000000080600000, 0x0000000080700000, 0x0000000080700000|100%| O|  |TAMS 0x0000000080700000, 0x0000000080700000| Untracked 
|   7|0x0000000080700000, 0x0000000080800000, 0x0000000080800000|100%| O|  |TAMS 0x0000000080800000, 0x0000000080800000| Untracked 
|   8|0x0000000080800000, 0x0000000080900000, 0x0000000080900000|100%| O|  |TAMS 0x0000000080900000, 0x0000000080900000| Untracked 
|   9|0x0000000080900000, 0x0000000080a00000, 0x0000000080a00000|100%| O|  |TAMS 0x0000000080a00000, 0x0000000080a00000| Untracked 
|  10|0x0000000080a00000, 0x0000000080b00000, 0x0000000080b00000|100%| O|  |TAMS 0x0000000080b00000, 0x0000000080b00000| Untracked 
|  11|0x0000000080b00000, 0x0000000080c00000, 0x0000000080c00000|100%|HS|  |TAMS 0x0000000080c00000, 0x0000000080c00000| Complete 
|  12|0x0000000080c00000, 0x0000000080d00000, 0x0000000080d00000|100%|HC|  |TAMS 0x0000000080d00000, 0x0000000080d00000| Complete 
|  13|0x0000000080d00000, 0x0000000080e00000, 0x0000000080e00000|100%|HS|  |TAMS 0x0000000080e00000, 0x0000000080e00000| Complete 
|  14|0x0000000080e00000, 0x0000000080f00000, 0x0000000080f00000|100%|HC|  |TAMS 0x0000000080f00000, 0x0000000080f00000| Complete 
|  15|0x0000000080f00000, 0x0000000081000000, 0x0000000081000000|100%|HC|  |TAMS 0x0000000081000000, 0x0000000081000000| Complete 
|  16|0x0000000081000000, 0x0000000081100000, 0x0000000081100000|100%|HS|  |TAMS 0x0000000081100000, 0x0000000081100000| Complete 
|  17|0x0000000081100000, 0x0000000081200000, 0x0000000081200000|100%|HC|  |TAMS 0x0000000081200000, 0x0000000081200000| Complete 
|  18|0x0000000081200000, 0x0000000081300000, 0x0000000081300000|100%|HC|  |TAMS 0x0000000081300000, 0x0000000081300000| Complete 
|  19|0x0000000081300000, 0x0000000081400000, 0x0000000081400000|100%|HC|  |TAMS 0x0000000081400000, 0x0000000081400000| Complete 
|  20|0x0000000081400000, 0x0000000081500000, 0x0000000081500000|100%| O|  |TAMS 0x0000000081500000, 0x0000000081500000| Untracked 
|  21|0x0000000081500000, 0x0000000081600000, 0x0000000081600000|100%| O|  |TAMS 0x0000000081600000, 0x0000000081600000| Untracked 
|  22|0x0000000081600000, 0x0000000081700000, 0x0000000081700000|100%| O|  |TAMS 0x0000000081700000, 0x0000000081700000| Untracked 
|  23|0x0000000081700000, 0x0000000081800000, 0x0000000081800000|100%| O|  |TAMS 0x0000000081800000, 0x0000000081800000| Untracked 
|  24|0x0000000081800000, 0x0000000081900000, 0x0000000081900000|100%| O|  |TAMS 0x0000000081900000, 0x0000000081900000| Untracked 
|  25|0x0000000081900000, 0x0000000081a00000, 0x0000000081a00000|100%| O|  |TAMS 0x0000000081a00000, 0x0000000081a00000| Untracked 
|  26|0x0000000081a00000, 0x0000000081b00000, 0x0000000081b00000|100%| O|  |TAMS 0x0000000081b00000, 0x0000000081b00000| Untracked 
|  27|0x0000000081b00000, 0x0000000081c00000, 0x0000000081c00000|100%| O|  |TAMS 0x0000000081c00000, 0x0000000081c00000| Untracked 
|  28|0x0000000081c00000, 0x0000000081cd6c00, 0x0000000081d00000| 83%| O|  |TAMS 0x0000000081cd6c00, 0x0000000081cd6c00| Untracked 
|  29|0x0000000081d00000, 0x0000000081e00000, 0x0000000081e00000|100%| O|  |TAMS 0x0000000081e00000, 0x0000000081e00000| Untracked 
|  30|0x0000000081e00000, 0x0000000081f00000, 0x0000000081f00000|100%| O|  |TAMS 0x0000000081f00000, 0x0000000081f00000| Untracked 
|  31|0x0000000081f00000, 0x0000000082000000, 0x0000000082000000|100%| O|  |TAMS 0x0000000082000000, 0x0000000082000000| Untracked 
|  32|0x0000000082000000, 0x0000000082100000, 0x0000000082100000|100%| O|  |TAMS 0x0000000082100000, 0x0000000082100000| Untracked 
|  33|0x0000000082100000, 0x0000000082200000, 0x0000000082200000|100%| O|  |TAMS 0x0000000082200000, 0x0000000082200000| Untracked 
|  34|0x0000000082200000, 0x0000000082300000, 0x0000000082300000|100%| O|  |TAMS 0x0000000082300000, 0x0000000082300000| Untracked 
|  35|0x0000000082300000, 0x0000000082400000, 0x0000000082400000|100%|HS|  |TAMS 0x0000000082400000, 0x0000000082400000| Complete 
|  36|0x0000000082400000, 0x0000000082500000, 0x0000000082500000|100%| O|  |TAMS 0x0000000082500000, 0x0000000082500000| Untracked 
|  37|0x0000000082500000, 0x0000000082600000, 0x0000000082600000|100%| O|  |TAMS 0x0000000082600000, 0x0000000082600000| Untracked 
|  38|0x0000000082600000, 0x0000000082700000, 0x0000000082700000|100%| O|  |TAMS 0x0000000082700000, 0x0000000082700000| Untracked 
|  39|0x0000000082700000, 0x0000000082800000, 0x0000000082800000|100%| O|  |TAMS 0x0000000082800000, 0x0000000082800000| Untracked 
|  40|0x0000000082800000, 0x0000000082900000, 0x0000000082900000|100%| O|  |TAMS 0x0000000082900000, 0x0000000082900000| Untracked 
|  41|0x0000000082900000, 0x0000000082900000, 0x0000000082a00000|  0%| F|  |TAMS 0x0000000082900000, 0x0000000082900000| Untracked 
|  42|0x0000000082a00000, 0x0000000082b00000, 0x0000000082b00000|100%|HS|  |TAMS 0x0000000082b00000, 0x0000000082b00000| Complete 
|  43|0x0000000082b00000, 0x0000000082c00000, 0x0000000082c00000|100%|HC|  |TAMS 0x0000000082c00000, 0x0000000082c00000| Complete 
|  44|0x0000000082c00000, 0x0000000082d00000, 0x0000000082d00000|100%|HC|  |TAMS 0x0000000082d00000, 0x0000000082d00000| Complete 
|  45|0x0000000082d00000, 0x0000000082e00000, 0x0000000082e00000|100%| O|  |TAMS 0x0000000082e00000, 0x0000000082e00000| Untracked 
|  46|0x0000000082e00000, 0x0000000082f00000, 0x0000000082f00000|100%| O|  |TAMS 0x0000000082f00000, 0x0000000082f00000| Untracked 
|  47|0x0000000082f00000, 0x0000000083000000, 0x0000000083000000|100%| O|  |TAMS 0x0000000083000000, 0x0000000083000000| Untracked 
|  48|0x0000000083000000, 0x0000000083100000, 0x0000000083100000|100%|HS|  |TAMS 0x0000000083100000, 0x0000000083100000| Complete 
|  49|0x0000000083100000, 0x0000000083200000, 0x0000000083200000|100%|HC|  |TAMS 0x0000000083200000, 0x0000000083200000| Complete 
|  50|0x0000000083200000, 0x0000000083300000, 0x0000000083300000|100%|HC|  |TAMS 0x0000000083300000, 0x0000000083300000| Complete 
|  51|0x0000000083300000, 0x0000000083400000, 0x0000000083400000|100%|HC|  |TAMS 0x0000000083400000, 0x0000000083400000| Complete 
|  52|0x0000000083400000, 0x0000000083500000, 0x0000000083500000|100%| O|  |TAMS 0x0000000083500000, 0x0000000083500000| Untracked 
|  53|0x0000000083500000, 0x0000000083600000, 0x0000000083600000|100%| O|  |TAMS 0x0000000083600000, 0x0000000083600000| Untracked 
|  54|0x0000000083600000, 0x0000000083700000, 0x0000000083700000|100%| O|  |TAMS 0x0000000083700000, 0x0000000083700000| Untracked 
|  55|0x0000000083700000, 0x0000000083800000, 0x0000000083800000|100%| O|  |TAMS 0x0000000083800000, 0x0000000083800000| Untracked 
|  56|0x0000000083800000, 0x0000000083900000, 0x0000000083900000|100%|HS|  |TAMS 0x0000000083900000, 0x0000000083900000| Complete 
|  57|0x0000000083900000, 0x0000000083a00000, 0x0000000083a00000|100%|HS|  |TAMS 0x0000000083a00000, 0x0000000083a00000| Complete 
|  58|0x0000000083a00000, 0x0000000083b00000, 0x0000000083b00000|100%|HS|  |TAMS 0x0000000083b00000, 0x0000000083b00000| Complete 
|  59|0x0000000083b00000, 0x0000000083c00000, 0x0000000083c00000|100%|HS|  |TAMS 0x0000000083c00000, 0x0000000083c00000| Complete 
|  60|0x0000000083c00000, 0x0000000083d00000, 0x0000000083d00000|100%|HC|  |TAMS 0x0000000083d00000, 0x0000000083d00000| Complete 
|  61|0x0000000083d00000, 0x0000000083e00000, 0x0000000083e00000|100%|HC|  |TAMS 0x0000000083e00000, 0x0000000083e00000| Complete 
|  62|0x0000000083e00000, 0x0000000083f00000, 0x0000000083f00000|100%|HS|  |TAMS 0x0000000083f00000, 0x0000000083f00000| Complete 
|  63|0x0000000083f00000, 0x0000000084000000, 0x0000000084000000|100%|HC|  |TAMS 0x0000000084000000, 0x0000000084000000| Complete 
|  64|0x0000000084000000, 0x0000000084100000, 0x0000000084100000|100%| O|  |TAMS 0x0000000084100000, 0x0000000084100000| Untracked 
|  65|0x0000000084100000, 0x0000000084200000, 0x0000000084200000|100%| O|  |TAMS 0x0000000084200000, 0x0000000084200000| Untracked 
|  66|0x0000000084200000, 0x0000000084300000, 0x0000000084300000|100%| O|  |TAMS 0x0000000084300000, 0x0000000084300000| Untracked 
|  67|0x0000000084300000, 0x0000000084400000, 0x0000000084400000|100%| O|  |TAMS 0x0000000084400000, 0x0000000084400000| Untracked 
|  68|0x0000000084400000, 0x0000000084500000, 0x0000000084500000|100%| O|  |TAMS 0x0000000084500000, 0x0000000084500000| Untracked 
|  69|0x0000000084500000, 0x0000000084600000, 0x0000000084600000|100%| O|  |TAMS 0x0000000084552200, 0x0000000084600000| Untracked 
|  70|0x0000000084600000, 0x0000000084700000, 0x0000000084700000|100%| O|  |TAMS 0x0000000084600000, 0x0000000084700000| Untracked 
|  71|0x0000000084700000, 0x0000000084800000, 0x0000000084800000|100%| O|  |TAMS 0x0000000084700000, 0x0000000084800000| Untracked 
|  72|0x0000000084800000, 0x0000000084900000, 0x0000000084900000|100%| O|  |TAMS 0x0000000084800000, 0x0000000084900000| Untracked 
|  73|0x0000000084900000, 0x0000000084a00000, 0x0000000084a00000|100%| O|  |TAMS 0x0000000084900000, 0x0000000084a00000| Untracked 
|  74|0x0000000084a00000, 0x0000000084b00000, 0x0000000084b00000|100%| O|  |TAMS 0x0000000084a00000, 0x0000000084b00000| Untracked 
|  75|0x0000000084b00000, 0x0000000084c00000, 0x0000000084c00000|100%| O|  |TAMS 0x0000000084b00000, 0x0000000084c00000| Untracked 
|  76|0x0000000084c00000, 0x0000000084d00000, 0x0000000084d00000|100%| O|  |TAMS 0x0000000084c00000, 0x0000000084d00000| Untracked 
|  77|0x0000000084d00000, 0x0000000084e00000, 0x0000000084e00000|100%| O|  |TAMS 0x0000000084d00000, 0x0000000084e00000| Untracked 
|  78|0x0000000084e00000, 0x0000000084f00000, 0x0000000084f00000|100%| O|  |TAMS 0x0000000084e00000, 0x0000000084f00000| Untracked 
|  79|0x0000000084f00000, 0x0000000085000000, 0x0000000085000000|100%| O|  |TAMS 0x0000000084f00000, 0x0000000085000000| Untracked 
|  80|0x0000000085000000, 0x0000000085100000, 0x0000000085100000|100%| O|  |TAMS 0x0000000085000000, 0x0000000085100000| Untracked 
|  81|0x0000000085100000, 0x0000000085200000, 0x0000000085200000|100%| O|  |TAMS 0x0000000085100000, 0x0000000085200000| Untracked 
|  82|0x0000000085200000, 0x000000008528b600, 0x0000000085300000| 54%| O|  |TAMS 0x0000000085200000, 0x000000008528b600| Untracked 
|  83|0x0000000085300000, 0x0000000085300000, 0x0000000085400000|  0%| F|  |TAMS 0x0000000085300000, 0x0000000085300000| Untracked 
|  84|0x0000000085400000, 0x0000000085400000, 0x0000000085500000|  0%| F|  |TAMS 0x0000000085400000, 0x0000000085400000| Untracked 
|  85|0x0000000085500000, 0x0000000085500000, 0x0000000085600000|  0%| F|  |TAMS 0x0000000085500000, 0x0000000085500000| Untracked 
|  86|0x0000000085600000, 0x0000000085600000, 0x0000000085700000|  0%| F|  |TAMS 0x0000000085600000, 0x0000000085600000| Untracked 
|  87|0x0000000085700000, 0x0000000085700000, 0x0000000085800000|  0%| F|  |TAMS 0x0000000085700000, 0x0000000085700000| Untracked 
|  88|0x0000000085800000, 0x0000000085800000, 0x0000000085900000|  0%| F|  |TAMS 0x0000000085800000, 0x0000000085800000| Untracked 
|  89|0x0000000085900000, 0x0000000085900000, 0x0000000085a00000|  0%| F|  |TAMS 0x0000000085900000, 0x0000000085900000| Untracked 
|  90|0x0000000085a00000, 0x0000000085a00000, 0x0000000085b00000|  0%| F|  |TAMS 0x0000000085a00000, 0x0000000085a00000| Untracked 
|  91|0x0000000085b00000, 0x0000000085b00000, 0x0000000085c00000|  0%| F|  |TAMS 0x0000000085b00000, 0x0000000085b00000| Untracked 
|  92|0x0000000085c00000, 0x0000000085c00000, 0x0000000085d00000|  0%| F|  |TAMS 0x0000000085c00000, 0x0000000085c00000| Untracked 
|  93|0x0000000085d00000, 0x0000000085d00000, 0x0000000085e00000|  0%| F|  |TAMS 0x0000000085d00000, 0x0000000085d00000| Untracked 
|  94|0x0000000085e00000, 0x0000000085e00000, 0x0000000085f00000|  0%| F|  |TAMS 0x0000000085e00000, 0x0000000085e00000| Untracked 
|  95|0x0000000085f00000, 0x0000000085f00000, 0x0000000086000000|  0%| F|  |TAMS 0x0000000085f00000, 0x0000000085f00000| Untracked 
|  96|0x0000000086000000, 0x0000000086000000, 0x0000000086100000|  0%| F|  |TAMS 0x0000000086000000, 0x0000000086000000| Untracked 
|  97|0x0000000086100000, 0x0000000086100000, 0x0000000086200000|  0%| F|  |TAMS 0x0000000086100000, 0x0000000086100000| Untracked 
|  98|0x0000000086200000, 0x0000000086200000, 0x0000000086300000|  0%| F|  |TAMS 0x0000000086200000, 0x0000000086200000| Untracked 
|  99|0x0000000086300000, 0x0000000086300000, 0x0000000086400000|  0%| F|  |TAMS 0x0000000086300000, 0x0000000086300000| Untracked 
| 100|0x0000000086400000, 0x0000000086400000, 0x0000000086500000|  0%| F|  |TAMS 0x0000000086400000, 0x0000000086400000| Untracked 
| 101|0x0000000086500000, 0x0000000086500000, 0x0000000086600000|  0%| F|  |TAMS 0x0000000086500000, 0x0000000086500000| Untracked 
| 102|0x0000000086600000, 0x0000000086600000, 0x0000000086700000|  0%| F|  |TAMS 0x0000000086600000, 0x0000000086600000| Untracked 
| 103|0x0000000086700000, 0x0000000086700000, 0x0000000086800000|  0%| F|  |TAMS 0x0000000086700000, 0x0000000086700000| Untracked 
| 104|0x0000000086800000, 0x0000000086800000, 0x0000000086900000|  0%| F|  |TAMS 0x0000000086800000, 0x0000000086800000| Untracked 
| 105|0x0000000086900000, 0x0000000086900000, 0x0000000086a00000|  0%| F|  |TAMS 0x0000000086900000, 0x0000000086900000| Untracked 
| 106|0x0000000086a00000, 0x0000000086a00000, 0x0000000086b00000|  0%| F|  |TAMS 0x0000000086a00000, 0x0000000086a00000| Untracked 
| 107|0x0000000086b00000, 0x0000000086b00000, 0x0000000086c00000|  0%| F|  |TAMS 0x0000000086b00000, 0x0000000086b00000| Untracked 
| 108|0x0000000086c00000, 0x0000000086c00000, 0x0000000086d00000|  0%| F|  |TAMS 0x0000000086c00000, 0x0000000086c00000| Untracked 
| 109|0x0000000086d00000, 0x0000000086d00000, 0x0000000086e00000|  0%| F|  |TAMS 0x0000000086d00000, 0x0000000086d00000| Untracked 
| 110|0x0000000086e00000, 0x0000000086e00000, 0x0000000086f00000|  0%| F|  |TAMS 0x0000000086e00000, 0x0000000086e00000| Untracked 
| 111|0x0000000086f00000, 0x0000000086f00000, 0x0000000087000000|  0%| F|  |TAMS 0x0000000086f00000, 0x0000000086f00000| Untracked 
| 112|0x0000000087000000, 0x0000000087000000, 0x0000000087100000|  0%| F|  |TAMS 0x0000000087000000, 0x0000000087000000| Untracked 
| 113|0x0000000087100000, 0x0000000087100000, 0x0000000087200000|  0%| F|  |TAMS 0x0000000087100000, 0x0000000087100000| Untracked 
| 114|0x0000000087200000, 0x0000000087200000, 0x0000000087300000|  0%| F|  |TAMS 0x0000000087200000, 0x0000000087200000| Untracked 
| 115|0x0000000087300000, 0x0000000087300000, 0x0000000087400000|  0%| F|  |TAMS 0x0000000087300000, 0x0000000087300000| Untracked 
| 116|0x0000000087400000, 0x000000008741bfa0, 0x0000000087500000| 10%| S|CS|TAMS 0x0000000087400000, 0x0000000087400000| Complete 
| 117|0x0000000087500000, 0x0000000087600000, 0x0000000087600000|100%| S|CS|TAMS 0x0000000087500000, 0x0000000087500000| Complete 
| 118|0x0000000087600000, 0x0000000087700000, 0x0000000087700000|100%| S|CS|TAMS 0x0000000087600000, 0x0000000087600000| Complete 
| 119|0x0000000087700000, 0x0000000087700000, 0x0000000087800000|  0%| F|  |TAMS 0x0000000087700000, 0x0000000087700000| Untracked 
| 120|0x0000000087800000, 0x0000000087800000, 0x0000000087900000|  0%| F|  |TAMS 0x0000000087800000, 0x0000000087800000| Untracked 
| 121|0x0000000087900000, 0x0000000087900000, 0x0000000087a00000|  0%| F|  |TAMS 0x0000000087900000, 0x0000000087900000| Untracked 
| 122|0x0000000087a00000, 0x0000000087a00000, 0x0000000087b00000|  0%| F|  |TAMS 0x0000000087a00000, 0x0000000087a00000| Untracked 
| 123|0x0000000087b00000, 0x0000000087b00000, 0x0000000087c00000|  0%| F|  |TAMS 0x0000000087b00000, 0x0000000087b00000| Untracked 
| 124|0x0000000087c00000, 0x0000000087c00000, 0x0000000087d00000|  0%| F|  |TAMS 0x0000000087c00000, 0x0000000087c00000| Untracked 
| 125|0x0000000087d00000, 0x0000000087d00000, 0x0000000087e00000|  0%| F|  |TAMS 0x0000000087d00000, 0x0000000087d00000| Untracked 
| 126|0x0000000087e00000, 0x0000000087e00000, 0x0000000087f00000|  0%| F|  |TAMS 0x0000000087e00000, 0x0000000087e00000| Untracked 
| 127|0x0000000087f00000, 0x0000000087f00000, 0x0000000088000000|  0%| F|  |TAMS 0x0000000087f00000, 0x0000000087f00000| Untracked 
| 128|0x0000000088000000, 0x0000000088000000, 0x0000000088100000|  0%| F|  |TAMS 0x0000000088000000, 0x0000000088000000| Untracked 
| 129|0x0000000088100000, 0x0000000088100000, 0x0000000088200000|  0%| F|  |TAMS 0x0000000088100000, 0x0000000088100000| Untracked 
| 130|0x0000000088200000, 0x0000000088200000, 0x0000000088300000|  0%| F|  |TAMS 0x0000000088200000, 0x0000000088200000| Untracked 
| 131|0x0000000088300000, 0x0000000088300000, 0x0000000088400000|  0%| F|  |TAMS 0x0000000088300000, 0x0000000088300000| Untracked 
| 132|0x0000000088400000, 0x0000000088400000, 0x0000000088500000|  0%| F|  |TAMS 0x0000000088400000, 0x0000000088400000| Untracked 
| 133|0x0000000088500000, 0x0000000088500000, 0x0000000088600000|  0%| F|  |TAMS 0x0000000088500000, 0x0000000088500000| Untracked 
| 134|0x0000000088600000, 0x0000000088600000, 0x0000000088700000|  0%| F|  |TAMS 0x0000000088600000, 0x0000000088600000| Untracked 
| 135|0x0000000088700000, 0x0000000088700000, 0x0000000088800000|  0%| F|  |TAMS 0x0000000088700000, 0x0000000088700000| Untracked 
| 136|0x0000000088800000, 0x0000000088800000, 0x0000000088900000|  0%| F|  |TAMS 0x0000000088800000, 0x0000000088800000| Untracked 
| 137|0x0000000088900000, 0x0000000088900000, 0x0000000088a00000|  0%| F|  |TAMS 0x0000000088900000, 0x0000000088900000| Untracked 
| 138|0x0000000088a00000, 0x0000000088a00000, 0x0000000088b00000|  0%| F|  |TAMS 0x0000000088a00000, 0x0000000088a00000| Untracked 
| 139|0x0000000088b00000, 0x0000000088b00000, 0x0000000088c00000|  0%| F|  |TAMS 0x0000000088b00000, 0x0000000088b00000| Untracked 
| 140|0x0000000088c00000, 0x0000000088c00000, 0x0000000088d00000|  0%| F|  |TAMS 0x0000000088c00000, 0x0000000088c00000| Untracked 
| 141|0x0000000088d00000, 0x0000000088d00000, 0x0000000088e00000|  0%| F|  |TAMS 0x0000000088d00000, 0x0000000088d00000| Untracked 
| 142|0x0000000088e00000, 0x0000000088e00000, 0x0000000088f00000|  0%| F|  |TAMS 0x0000000088e00000, 0x0000000088e00000| Untracked 
| 143|0x0000000088f00000, 0x0000000088f00000, 0x0000000089000000|  0%| F|  |TAMS 0x0000000088f00000, 0x0000000088f00000| Untracked 

Card table byte_map: [0x000001cbed2a0000,0x000001cbed6a0000] _byte_map_base: 0x000001cbecea0000

Marking Bits (Prev, Next): (CMBitMap*) 0x000001cbd6296680, (CMBitMap*) 0x000001cbd6296640
 Prev Bits: [0x000001cbefaa0000, 0x000001cbf1aa0000)
 Next Bits: [0x000001cbedaa0000, 0x000001cbefaa0000)

Polling page: 0x000001cbd5a00000

Metaspace:

Usage:
  Non-class:     50.30 MB used.
      Class:      7.79 MB used.
       Both:     58.09 MB used.

Virtual space:
  Non-class space:       64.00 MB reserved,      51.12 MB ( 80%) committed,  1 nodes.
      Class space:        1.00 GB reserved,       8.62 MB ( <1%) committed,  1 nodes.
             Both:        1.06 GB reserved,      59.75 MB (  5%) committed. 

Chunk freelists:
   Non-Class:  80.00 KB
       Class:  3.20 MB
        Both:  3.28 MB

MaxMetaspaceSize: unlimited
CompressedClassSpaceSize: 1.00 GB
Initial GC threshold: 21.00 MB
Current GC threshold: 87.81 MB
CDS: on
MetaspaceReclaimPolicy: balanced
 - commit_granule_bytes: 65536.
 - commit_granule_words: 8192.
 - virtual_space_node_default_size: 8388608.
 - enlarge_chunks_in_place: 1.
 - new_chunks_are_fully_committed: 0.
 - uncommit_free_chunks: 1.
 - use_allocation_guard: 0.


Internal statistics:

num_allocs_failed_limit: 6.
num_arena_births: 2960.
num_arena_deaths: 0.
num_vsnodes_births: 2.
num_vsnodes_deaths: 0.
num_space_committed: 956.
num_space_uncommitted: 0.
num_chunks_returned_to_freelist: 6.
num_chunks_taken_from_freelist: 5620.
num_chunk_merges: 6.
num_chunk_splits: 3699.
num_chunks_enlarged: 2292.
num_inconsistent_stats: 0.

CodeHeap 'non-profiled nmethods': size=120000Kb used=3349Kb max_used=3349Kb free=116650Kb
 bounds [0x000001cbe5640000, 0x000001cbe5990000, 0x000001cbecb70000]
CodeHeap 'profiled nmethods': size=120000Kb used=12856Kb max_used=12856Kb free=107143Kb
 bounds [0x000001cbde110000, 0x000001cbdeda0000, 0x000001cbe5640000]
CodeHeap 'non-nmethods': size=5760Kb used=2365Kb max_used=2425Kb free=3394Kb
 bounds [0x000001cbddb70000, 0x000001cbddde0000, 0x000001cbde110000]
 total_blobs=7453 nmethods=6576 adapters=789
 compilation: enabled
              stopped_count=0, restarted_count=0
 full_count=0

Compilation events (20 events):
Event: 7.563 Thread 0x000001cbf44de510 nmethod 7418 0x000001cbded9d510 code [0x000001cbded9d6a0, 0x000001cbded9d858]
Event: 7.563 Thread 0x000001cbf44de510 7419       3       org.gradle.tooling.internal.provider.runner.PluginApplicationTracker::finished (1 bytes)
Event: 7.563 Thread 0x000001cbf44de510 nmethod 7419 0x000001cbded9d910 code [0x000001cbded9daa0, 0x000001cbded9dbb8]
Event: 7.563 Thread 0x000001cbf44de510 7420       3       org.gradle.tooling.internal.provider.runner.TaskOriginTracker::finished (1 bytes)
Event: 7.563 Thread 0x000001cbf44de510 nmethod 7420 0x000001cbded9dc90 code [0x000001cbded9de20, 0x000001cbded9df38]
Event: 7.563 Thread 0x000001cbf44de510 7421       3       org.gradle.tooling.internal.provider.runner.TaskOperationMapper$PostProcessors::finished (43 bytes)
Event: 7.564 Thread 0x000001cbf44de510 nmethod 7421 0x000001cbded9e010 code [0x000001cbded9e200, 0x000001cbded9e7b8]
Event: 7.564 Thread 0x000001cbf44de510 7422       3       org.gradle.tooling.internal.provider.runner.ToolingApiBuildEventListenerFactory$1::finished (1 bytes)
Event: 7.564 Thread 0x000001cbf44de510 nmethod 7422 0x000001cbded9e990 code [0x000001cbded9eb20, 0x000001cbded9ec38]
Event: 7.564 Thread 0x000001cbf44de510 7423       3       org.gradle.tooling.internal.provider.runner.PluginApplicationTracker::discardState (15 bytes)
Event: 7.564 Thread 0x000001cbf44de510 nmethod 7423 0x000001cbded9ed10 code [0x000001cbded9eec0, 0x000001cbded9f0c8]
Event: 7.564 Thread 0x000001cbf44de510 7424       3       org.gradle.api.internal.DefaultNamedDomainObjectCollection$UnfilteredIndex::getPending (14 bytes)
Event: 7.564 Thread 0x000001cbf44de510 nmethod 7424 0x000001cbded9f190 code [0x000001cbded9f340, 0x000001cbded9f628]
Event: 7.564 Thread 0x000001cbf44de510 7425       3       org.gradle.internal.Describables::of (10 bytes)
Event: 7.565 Thread 0x000001cbf44de510 nmethod 7425 0x000001cbded9f710 code [0x000001cbded9f8c0, 0x000001cbded9fc38]
Event: 7.579 Thread 0x000001cbf44b5b10 nmethod 7339 0x000001cbe5980d10 code [0x000001cbe5981060, 0x000001cbe5983380]
Event: 7.579 Thread 0x000001cbf44b5b10 7349       4       java.lang.ThreadLocal$ThreadLocalMap::set (133 bytes)
Event: 7.588 Thread 0x000001cbf44de510 7426   !   3       java.nio.charset.CharsetDecoder::decode (275 bytes)
Event: 7.589 Thread 0x000001cbf44b5b10 nmethod 7349 0x000001cbe5984c10 code [0x000001cbe5984dc0, 0x000001cbe59854c8]
Event: 7.589 Thread 0x000001cbf44b5b10 7380       4       java.lang.ThreadLocal::set (30 bytes)

GC Heap History (20 events):
Event: 2.261 GC heap after
{Heap after GC invocations=3 (full 0):
 garbage-first heap   total 129024K, used 19365K [0x0000000080000000, 0x0000000100000000)
  region size 1024K, 9 young (9216K), 9 survivors (9216K)
 Metaspace       used 17192K, committed 17728K, reserved 1114112K
  class space    used 2434K, committed 2688K, reserved 1048576K
}
Event: 3.016 GC heap before
{Heap before GC invocations=3 (full 0):
 garbage-first heap   total 129024K, used 57253K [0x0000000080000000, 0x0000000100000000)
  region size 1024K, 38 young (38912K), 9 survivors (9216K)
 Metaspace       used 20784K, committed 21504K, reserved 1114112K
  class space    used 3044K, committed 3456K, reserved 1048576K
}
Event: 3.025 GC heap after
{Heap after GC invocations=4 (full 0):
 garbage-first heap   total 129024K, used 34915K [0x0000000080000000, 0x0000000100000000)
  region size 1024K, 6 young (6144K), 6 survivors (6144K)
 Metaspace       used 20784K, committed 21504K, reserved 1114112K
  class space    used 3044K, committed 3456K, reserved 1048576K
}
Event: 4.390 GC heap before
{Heap before GC invocations=5 (full 0):
 garbage-first heap   total 122880K, used 92259K [0x0000000080000000, 0x0000000100000000)
  region size 1024K, 62 young (63488K), 6 survivors (6144K)
 Metaspace       used 30786K, committed 31872K, reserved 1114112K
  class space    used 4428K, committed 4992K, reserved 1048576K
}
Event: 4.395 GC heap after
{Heap after GC invocations=6 (full 0):
 garbage-first heap   total 122880K, used 39474K [0x0000000080000000, 0x0000000100000000)
  region size 1024K, 5 young (5120K), 5 survivors (5120K)
 Metaspace       used 30786K, committed 31872K, reserved 1114112K
  class space    used 4428K, committed 4992K, reserved 1048576K
}
Event: 4.750 GC heap before
{Heap before GC invocations=6 (full 0):
 garbage-first heap   total 122880K, used 82482K [0x0000000080000000, 0x0000000100000000)
  region size 1024K, 46 young (47104K), 5 survivors (5120K)
 Metaspace       used 34759K, committed 35968K, reserved 1114112K
  class space    used 4824K, committed 5440K, reserved 1048576K
}
Event: 4.755 GC heap after
{Heap after GC invocations=7 (full 0):
 garbage-first heap   total 122880K, used 44115K [0x0000000080000000, 0x0000000100000000)
  region size 1024K, 5 young (5120K), 5 survivors (5120K)
 Metaspace       used 34759K, committed 35968K, reserved 1114112K
  class space    used 4824K, committed 5440K, reserved 1048576K
}
Event: 5.275 GC heap before
{Heap before GC invocations=8 (full 0):
 garbage-first heap   total 122880K, used 98387K [0x0000000080000000, 0x0000000100000000)
  region size 1024K, 54 young (55296K), 5 survivors (5120K)
 Metaspace       used 39052K, committed 40448K, reserved 1114112K
  class space    used 5356K, committed 6080K, reserved 1048576K
}
Event: 5.281 GC heap after
{Heap after GC invocations=9 (full 0):
 garbage-first heap   total 122880K, used 52984K [0x0000000080000000, 0x0000000100000000)
  region size 1024K, 6 young (6144K), 6 survivors (6144K)
 Metaspace       used 39052K, committed 40448K, reserved 1114112K
  class space    used 5356K, committed 6080K, reserved 1048576K
}
Event: 5.794 GC heap before
{Heap before GC invocations=9 (full 0):
 garbage-first heap   total 122880K, used 98040K [0x0000000080000000, 0x0000000100000000)
  region size 1024K, 46 young (47104K), 6 survivors (6144K)
 Metaspace       used 43243K, committed 44736K, reserved 1114112K
  class space    used 6013K, committed 6784K, reserved 1048576K
}
Event: 5.800 GC heap after
{Heap after GC invocations=10 (full 0):
 garbage-first heap   total 147456K, used 62119K [0x0000000080000000, 0x0000000100000000)
  region size 1024K, 5 young (5120K), 5 survivors (5120K)
 Metaspace       used 43243K, committed 44736K, reserved 1114112K
  class space    used 6013K, committed 6784K, reserved 1048576K
}
Event: 6.206 GC heap before
{Heap before GC invocations=10 (full 0):
 garbage-first heap   total 147456K, used 120487K [0x0000000080000000, 0x0000000100000000)
  region size 1024K, 55 young (56320K), 5 survivors (5120K)
 Metaspace       used 45873K, committed 47360K, reserved 1114112K
  class space    used 6342K, committed 7104K, reserved 1048576K
}
Event: 6.213 GC heap after
{Heap after GC invocations=11 (full 0):
 garbage-first heap   total 147456K, used 77987K [0x0000000080000000, 0x0000000100000000)
  region size 1024K, 7 young (7168K), 7 survivors (7168K)
 Metaspace       used 45873K, committed 47360K, reserved 1114112K
  class space    used 6342K, committed 7104K, reserved 1048576K
}
Event: 6.591 GC heap before
{Heap before GC invocations=11 (full 0):
 garbage-first heap   total 147456K, used 113827K [0x0000000080000000, 0x0000000100000000)
  region size 1024K, 42 young (43008K), 7 survivors (7168K)
 Metaspace       used 52008K, committed 53632K, reserved 1114112K
  class space    used 7052K, committed 7872K, reserved 1048576K
}
Event: 6.596 GC heap after
{Heap after GC invocations=12 (full 0):
 garbage-first heap   total 147456K, used 80079K [0x0000000080000000, 0x0000000100000000)
  region size 1024K, 2 young (2048K), 2 survivors (2048K)
 Metaspace       used 52008K, committed 53632K, reserved 1114112K
  class space    used 7052K, committed 7872K, reserved 1048576K
}
Event: 7.047 GC heap before
{Heap before GC invocations=13 (full 0):
 garbage-first heap   total 147456K, used 114895K [0x0000000080000000, 0x0000000100000000)
  region size 1024K, 37 young (37888K), 2 survivors (2048K)
 Metaspace       used 57174K, committed 58880K, reserved 1114112K
  class space    used 7719K, committed 8576K, reserved 1048576K
}
Event: 7.051 GC heap after
{Heap after GC invocations=14 (full 0):
 garbage-first heap   total 147456K, used 83790K [0x0000000080000000, 0x0000000100000000)
  region size 1024K, 5 young (5120K), 5 survivors (5120K)
 Metaspace       used 57174K, committed 58880K, reserved 1114112K
  class space    used 7719K, committed 8576K, reserved 1048576K
}
Event: 7.067 GC heap before
{Heap before GC invocations=14 (full 0):
 garbage-first heap   total 147456K, used 85838K [0x0000000080000000, 0x0000000100000000)
  region size 1024K, 7 young (7168K), 5 survivors (5120K)
 Metaspace       used 57404K, committed 59136K, reserved 1114112K
  class space    used 7748K, committed 8640K, reserved 1048576K
}
Event: 7.071 GC heap after
{Heap after GC invocations=15 (full 0):
 garbage-first heap   total 147456K, used 84149K [0x0000000080000000, 0x0000000100000000)
  region size 1024K, 1 young (1024K), 1 survivors (1024K)
 Metaspace       used 57404K, committed 59136K, reserved 1114112K
  class space    used 7748K, committed 8640K, reserved 1048576K
}
Event: 7.589 GC heap before
{Heap before GC invocations=15 (full 0):
 garbage-first heap   total 147456K, used 107701K [0x0000000080000000, 0x0000000100000000)
  region size 1024K, 25 young (25600K), 1 survivors (1024K)
 Metaspace       used 59486K, committed 61184K, reserved 1114112K
  class space    used 7975K, committed 8832K, reserved 1048576K
}

Deoptimization events (20 events):
Event: 7.197 Thread 0x000001cbf9bffc80 DEOPT PACKING pc=0x000001cbe56ceac8 sp=0x000000998d4f6e10
Event: 7.197 Thread 0x000001cbf9bffc80 DEOPT UNPACKING pc=0x000001cbddbc23a3 sp=0x000000998d4f6ce0 mode 2
Event: 7.261 Thread 0x000001cbf9bffc80 DEOPT PACKING pc=0x000001cbde6069d0 sp=0x000000998d4f6360
Event: 7.261 Thread 0x000001cbf9bffc80 DEOPT UNPACKING pc=0x000001cbddbc2b43 sp=0x000000998d4f5840 mode 0
Event: 7.429 Thread 0x000001cbf9bffc80 Uncommon trap: trap_request=0xffffff45 fr.pc=0x000001cbe58f96a4 relative=0x0000000000000364
Event: 7.429 Thread 0x000001cbf9bffc80 Uncommon trap: reason=unstable_if action=reinterpret pc=0x000001cbe58f96a4 method=org.gradle.internal.reflect.PropertyAccessorType.of(Ljava/lang/reflect/Method;)Lorg/gradle/internal/reflect/PropertyAccessorType; @ 56 c2
Event: 7.429 Thread 0x000001cbf9bffc80 DEOPT PACKING pc=0x000001cbe58f96a4 sp=0x000000998d4f7080
Event: 7.429 Thread 0x000001cbf9bffc80 DEOPT UNPACKING pc=0x000001cbddbc23a3 sp=0x000000998d4f7040 mode 2
Event: 7.458 Thread 0x000001cbf9bffc80 Uncommon trap: trap_request=0xffffff45 fr.pc=0x000001cbe5961f3c relative=0x000000000000013c
Event: 7.458 Thread 0x000001cbf9bffc80 Uncommon trap: reason=unstable_if action=reinterpret pc=0x000001cbe5961f3c method=org.objectweb.asm.ByteVector.putByteArray([BII)Lorg/objectweb/asm/ByteVector; @ 20 c2
Event: 7.458 Thread 0x000001cbf9bffc80 DEOPT PACKING pc=0x000001cbe5961f3c sp=0x000000998d4f6110
Event: 7.458 Thread 0x000001cbf9bffc80 DEOPT UNPACKING pc=0x000001cbddbc23a3 sp=0x000000998d4f60e0 mode 2
Event: 7.458 Thread 0x000001cbf9bffc80 Uncommon trap: trap_request=0xffffff45 fr.pc=0x000001cbe5920d0c relative=0x0000000000000b4c
Event: 7.458 Thread 0x000001cbf9bffc80 Uncommon trap: reason=unstable_if action=reinterpret pc=0x000001cbe5920d0c method=org.objectweb.asm.Label.resolve([BI)Z @ 80 c2
Event: 7.458 Thread 0x000001cbf9bffc80 DEOPT PACKING pc=0x000001cbe5920d0c sp=0x000000998d4f6130
Event: 7.458 Thread 0x000001cbf9bffc80 DEOPT UNPACKING pc=0x000001cbddbc23a3 sp=0x000000998d4f6050 mode 2
Event: 7.458 Thread 0x000001cbf9bffc80 Uncommon trap: trap_request=0xffffff45 fr.pc=0x000001cbe58fa020 relative=0x0000000000000200
Event: 7.458 Thread 0x000001cbf9bffc80 Uncommon trap: reason=unstable_if action=reinterpret pc=0x000001cbe58fa020 method=org.objectweb.asm.Label.resolve([BI)Z @ 80 c2
Event: 7.458 Thread 0x000001cbf9bffc80 DEOPT PACKING pc=0x000001cbe58fa020 sp=0x000000998d4f60c0
Event: 7.458 Thread 0x000001cbf9bffc80 DEOPT UNPACKING pc=0x000001cbddbc23a3 sp=0x000000998d4f6040 mode 2

Classes loaded (20 events):
Event: 6.920 Loading class sun/security/util/Length
Event: 6.920 Loading class sun/security/util/Length done
Event: 6.920 Loading class javax/crypto/SecretKey
Event: 6.920 Loading class javax/crypto/SecretKey done
Event: 6.921 Loading class java/util/Base64
Event: 6.921 Loading class java/util/Base64 done
Event: 6.921 Loading class java/util/Base64$Decoder
Event: 6.921 Loading class java/util/Base64$Decoder done
Event: 6.921 Loading class java/util/Base64$Encoder
Event: 6.921 Loading class java/util/Base64$Encoder done
Event: 6.922 Loading class java/util/jar/JarVerifier$VerifierStream
Event: 6.922 Loading class java/util/jar/JarVerifier$VerifierStream done
Event: 6.922 Loading class sun/security/util/ManifestEntryVerifier$SunProviderHolder
Event: 6.922 Loading class sun/security/util/ManifestEntryVerifier$SunProviderHolder done
Event: 7.245 Loading class java/security/KeyStore
Event: 7.245 Loading class java/security/KeyStore done
Event: 7.245 Loading class java/security/KeyStore$1
Event: 7.245 Loading class java/security/KeyStore$1 done
Event: 7.425 Loading class sun/reflect/annotation/AnnotationInvocationHandler$1
Event: 7.425 Loading class sun/reflect/annotation/AnnotationInvocationHandler$1 done

Classes unloaded (0 events):
No events

Classes redefined (0 events):
No events

Internal exceptions (20 events):
Event: 6.319 Thread 0x000001cbf9bffc80 Exception <a 'java/lang/NoSuchMethodError'{0x0000000088762d38}: 'void java.lang.invoke.DelegatingMethodHandle$Holder.reinvoke_L(java.lang.Object, java.lang.Object, int)'> (0x0000000088762d38) 
thrown [s\open\src\hotspot\share\interpreter\linkResolver.cpp, line 766]
Event: 6.319 Thread 0x000001cbf9bffc80 Exception <a 'java/lang/NoSuchMethodError'{0x000000008876ac30}: 'void java.lang.invoke.Invokers$Holder.invokeExact_MT(java.lang.Object, java.lang.Object, int, java.lang.Object)'> (0x000000008876ac30) 
thrown [s\open\src\hotspot\share\interpreter\linkResolver.cpp, line 766]
Event: 6.464 Thread 0x000001cbf9bffc80 Exception <a 'java/lang/NoSuchMethodError'{0x0000000087b1c9f0}: 'int java.lang.invoke.DirectMethodHandle$Holder.invokeInterface(java.lang.Object, java.lang.Object, java.lang.Object, java.lang.Object)'> (0x0000000087b1c9f0) 
thrown [s\open\src\hotspot\share\interpreter\linkResolver.cpp, line 766]
Event: 6.740 Thread 0x000001cbf9bffc80 Exception <a 'java/lang/NoSuchMethodError'{0x000000008853bfb0}: 'java.lang.Object java.lang.invoke.DirectMethodHandle$Holder.newInvokeSpecial(java.lang.Object, java.lang.Object, java.lang.Object, java.lang.Object, java.lang.Object, java.lang.Object, java.lang.Object, java.lang.Object, java.lang.Object, java.lang.Object, java.lang.Object, java.lang.Object, java.lang.Object, java.lang.Object, java.lang.Object)'> (0x000000008853bfb0) 
thrown [s\open\src\hotspot\share\interpreter\linkResolver.cpp, line 766]
Event: 6.762 Thread 0x000001cbf9bffc80 Exception <a 'java/lang/IncompatibleClassChangeError'{0x0000000088448340}: Found class java.lang.Object, but interface was expected> (0x0000000088448340) 
thrown [s\open\src\hotspot\share\interpreter\linkResolver.cpp, line 833]
Event: 6.805 Thread 0x000001cbf9bffc80 Implicit null exception at 0x000001cbe587c149 to 0x000001cbe587dd28
Event: 6.806 Thread 0x000001cbf9bffc80 Exception <a 'java/lang/IncompatibleClassChangeError'{0x00000000883a6478}: Found class java.lang.Object, but interface was expected> (0x00000000883a6478) 
thrown [s\open\src\hotspot\share\interpreter\linkResolver.cpp, line 833]
Event: 6.807 Thread 0x000001cbf9bffc80 Exception <a 'java/lang/NoSuchMethodError'{0x00000000883a8470}: 'long java.lang.invoke.DelegatingMethodHandle$Holder.reinvoke_L(java.lang.Object, java.lang.Object)'> (0x00000000883a8470) 
thrown [s\open\src\hotspot\share\interpreter\linkResolver.cpp, line 766]
Event: 6.807 Thread 0x000001cbf9bffc80 Exception <a 'java/lang/IncompatibleClassChangeError'{0x00000000883b41e8}: Found class java.lang.Object, but interface was expected> (0x00000000883b41e8) 
thrown [s\open\src\hotspot\share\interpreter\linkResolver.cpp, line 833]
Event: 6.896 Thread 0x000001cbf9bffc80 Implicit null exception at 0x000001cbe582c20c to 0x000001cbe582c342
Event: 6.984 Thread 0x000001cbf9bffc80 Exception <a 'sun/nio/fs/WindowsException'{0x00000000874a1ce0}> (0x00000000874a1ce0) 
thrown [s\open\src\hotspot\share\prims\jni.cpp, line 516]
Event: 7.292 Thread 0x000001cbf9bffc80 Exception <a 'java/lang/ClassNotFoundException'{0x000000008822a208}: org/gradle/api/plugins/internal/DefaultBasePluginConventionBeanInfo> (0x000000008822a208) 
thrown [s\open\src\hotspot\share\classfile\systemDictionary.cpp, line 255]
Event: 7.294 Thread 0x000001cbf9bffc80 Exception <a 'java/lang/ClassNotFoundException'{0x000000008823f8b8}: org/gradle/api/plugins/BasePluginConventionBeanInfo> (0x000000008823f8b8) 
thrown [s\open\src\hotspot\share\classfile\systemDictionary.cpp, line 255]
Event: 7.295 Thread 0x000001cbf9bffc80 Exception <a 'java/lang/ClassNotFoundException'{0x00000000882543f8}: org/gradle/api/plugins/BasePluginConventionCustomizer> (0x00000000882543f8) 
thrown [s\open\src\hotspot\share\classfile\systemDictionary.cpp, line 255]
Event: 7.297 Thread 0x000001cbf9bffc80 Exception <a 'java/lang/ClassNotFoundException'{0x00000000882735c8}: org/gradle/api/plugins/internal/DefaultBasePluginConventionCustomizer> (0x00000000882735c8) 
thrown [s\open\src\hotspot\share\classfile\systemDictionary.cpp, line 255]
Event: 7.302 Thread 0x000001cbf9bffc80 Exception <a 'java/lang/ClassNotFoundException'{0x00000000882bc2c0}: org/gradle/api/plugins/internal/DefaultJavaPluginConventionBeanInfo> (0x00000000882bc2c0) 
thrown [s\open\src\hotspot\share\classfile\systemDictionary.cpp, line 255]
Event: 7.304 Thread 0x000001cbf9bffc80 Exception <a 'java/lang/ClassNotFoundException'{0x00000000882d18a0}: org/gradle/api/plugins/JavaPluginConventionBeanInfo> (0x00000000882d18a0) 
thrown [s\open\src\hotspot\share\classfile\systemDictionary.cpp, line 255]
Event: 7.306 Thread 0x000001cbf9bffc80 Exception <a 'java/lang/ClassNotFoundException'{0x00000000882e6620}: org/gradle/api/plugins/JavaPluginConventionCustomizer> (0x00000000882e6620) 
thrown [s\open\src\hotspot\share\classfile\systemDictionary.cpp, line 255]
Event: 7.308 Thread 0x000001cbf9bffc80 Exception <a 'java/lang/ClassNotFoundException'{0x000000008810f4f0}: org/gradle/api/plugins/internal/DefaultJavaPluginConventionCustomizer> (0x000000008810f4f0) 
thrown [s\open\src\hotspot\share\classfile\systemDictionary.cpp, line 255]
Event: 7.458 Thread 0x000001cbf9bffc80 Implicit null exception at 0x000001cbe5961e49 to 0x000001cbe5961f1c

VM Operations (20 events):
Event: 6.464 Executing VM operation: HandshakeAllThreads done
Event: 6.590 Executing VM operation: G1CollectForAllocation
Event: 6.596 Executing VM operation: G1CollectForAllocation done
Event: 6.628 Executing VM operation: G1Concurrent
Event: 6.630 Executing VM operation: G1Concurrent done
Event: 6.648 Executing VM operation: G1Concurrent
Event: 6.648 Executing VM operation: G1Concurrent done
Event: 6.867 Executing VM operation: HandshakeAllThreads
Event: 6.867 Executing VM operation: HandshakeAllThreads done
Event: 6.870 Executing VM operation: HandshakeAllThreads
Event: 6.870 Executing VM operation: HandshakeAllThreads done
Event: 6.899 Executing VM operation: HandshakeAllThreads
Event: 6.899 Executing VM operation: HandshakeAllThreads done
Event: 6.900 Executing VM operation: HandshakeAllThreads
Event: 6.900 Executing VM operation: HandshakeAllThreads done
Event: 7.047 Executing VM operation: G1CollectForAllocation
Event: 7.051 Executing VM operation: G1CollectForAllocation done
Event: 7.067 Executing VM operation: G1CollectForAllocation
Event: 7.071 Executing VM operation: G1CollectForAllocation done
Event: 7.589 Executing VM operation: G1TryInitiateConcMark

Events (20 events):
Event: 5.885 Thread 0x000001cbf9822750 Thread added: 0x000001cbf9822750
Event: 5.885 Thread 0x000001cbf981c710 Thread added: 0x000001cbf981c710
Event: 5.885 Thread 0x000001cbf9822280 Thread added: 0x000001cbf9822280
Event: 5.885 Thread 0x000001cbf981d0b0 Thread added: 0x000001cbf981d0b0
Event: 5.885 Thread 0x000001cbf9822c20 Thread added: 0x000001cbf9822c20
Event: 5.886 Thread 0x000001cbf98230f0 Thread added: 0x000001cbf98230f0
Event: 5.886 Thread 0x000001cbf981d580 Thread added: 0x000001cbf981d580
Event: 5.886 Thread 0x000001cbf981da50 Thread added: 0x000001cbf981da50
Event: 5.886 Thread 0x000001cbf981cbe0 Thread added: 0x000001cbf981cbe0
Event: 5.886 Thread 0x000001cbf9823f60 Thread added: 0x000001cbf9823f60
Event: 5.887 Thread 0x000001cbf981ed90 Thread added: 0x000001cbf981ed90
Event: 5.887 Thread 0x000001cbf981df20 Thread added: 0x000001cbf981df20
Event: 5.887 Thread 0x000001cbf98235c0 Thread added: 0x000001cbf98235c0
Event: 5.887 Thread 0x000001cbf9823a90 Thread added: 0x000001cbf9823a90
Event: 5.887 Thread 0x000001cbf981e3f0 Thread added: 0x000001cbf981e3f0
Event: 5.887 Thread 0x000001cbf981f260 Thread added: 0x000001cbf981f260
Event: 5.887 Thread 0x000001cbf981f730 Thread added: 0x000001cbf981f730
Event: 5.887 Thread 0x000001cbf981fc00 Thread added: 0x000001cbf981fc00
Event: 5.887 Thread 0x000001cbf98205a0 Thread added: 0x000001cbf98205a0
Event: 6.809 Thread 0x000001cbfadf3ec0 Thread added: 0x000001cbfadf3ec0


Dynamic libraries:
0x00007ff6de1f0000 - 0x00007ff6de200000 	C:\Program Files\Java\jdk-18.0.1.1\bin\java.exe
0x00007ff9074c0000 - 0x00007ff9076c9000 	C:\WINDOWS\SYSTEM32\ntdll.dll
0x00007ff9058e0000 - 0x00007ff90599d000 	C:\WINDOWS\System32\KERNEL32.DLL
0x00007ff904c60000 - 0x00007ff904fd9000 	C:\WINDOWS\System32\KERNELBASE.dll
0x00007ff904b40000 - 0x00007ff904c51000 	C:\WINDOWS\System32\ucrtbase.dll
0x00007ff8e0110000 - 0x00007ff8e012a000 	C:\Program Files\Java\jdk-18.0.1.1\bin\VCRUNTIME140.dll
0x00007ff8e00f0000 - 0x00007ff8e0108000 	C:\Program Files\Java\jdk-18.0.1.1\bin\jli.dll
0x00007ff9059a0000 - 0x00007ff905a4e000 	C:\WINDOWS\System32\ADVAPI32.dll
0x00007ff905a50000 - 0x00007ff905af3000 	C:\WINDOWS\System32\msvcrt.dll
0x00007ff9069b0000 - 0x00007ff906a4e000 	C:\WINDOWS\System32\sechost.dll
0x00007ff905bf0000 - 0x00007ff905d10000 	C:\WINDOWS\System32\RPCRT4.dll
0x00007ff9070a0000 - 0x00007ff90724c000 	C:\WINDOWS\System32\USER32.dll
0x00007ff9049a0000 - 0x00007ff9049c6000 	C:\WINDOWS\System32\win32u.dll
0x00007ff8dc600000 - 0x00007ff8dc8a5000 	C:\WINDOWS\WinSxS\amd64_microsoft.windows.common-controls_6595b64144ccf1df_6.0.22000.120_none_9d947278b86cc467\COMCTL32.dll
0x00007ff907340000 - 0x00007ff907369000 	C:\WINDOWS\System32\GDI32.dll
0x00007ff9051b0000 - 0x00007ff9052c2000 	C:\WINDOWS\System32\gdi32full.dll
0x00007ff905050000 - 0x00007ff9050ed000 	C:\WINDOWS\System32\msvcp_win.dll
0x00007ff8ff2c0000 - 0x00007ff8ff2ca000 	C:\WINDOWS\SYSTEM32\VERSION.dll
0x00007ff907370000 - 0x00007ff9073a1000 	C:\WINDOWS\System32\IMM32.DLL
0x00007ff900ea0000 - 0x00007ff900eac000 	C:\Program Files\Java\jdk-18.0.1.1\bin\vcruntime140_1.dll
0x00007ff8ce880000 - 0x00007ff8ce90d000 	C:\Program Files\Java\jdk-18.0.1.1\bin\msvcp140.dll
0x00007ff887c10000 - 0x00007ff888820000 	C:\Program Files\Java\jdk-18.0.1.1\bin\server\jvm.dll
0x00007ff907330000 - 0x00007ff907338000 	C:\WINDOWS\System32\PSAPI.DLL
0x00007ff8ff360000 - 0x00007ff8ff393000 	C:\WINDOWS\SYSTEM32\WINMM.dll
0x00007ff8bec00000 - 0x00007ff8bec09000 	C:\WINDOWS\SYSTEM32\WSOCK32.dll
0x00007ff906a50000 - 0x00007ff906abf000 	C:\WINDOWS\System32\WS2_32.dll
0x00007ff903b90000 - 0x00007ff903ba8000 	C:\WINDOWS\SYSTEM32\kernel.appcore.dll
0x00007ff900e10000 - 0x00007ff900e1a000 	C:\Program Files\Java\jdk-18.0.1.1\bin\jimage.dll
0x00007ff9024f0000 - 0x00007ff902711000 	C:\WINDOWS\SYSTEM32\DBGHELP.DLL
0x00007ff8fa780000 - 0x00007ff8fa7b1000 	C:\WINDOWS\SYSTEM32\dbgcore.DLL
0x00007ff9052d0000 - 0x00007ff90534f000 	C:\WINDOWS\System32\bcryptPrimitives.dll
0x00007ff8e0050000 - 0x00007ff8e0075000 	C:\Program Files\Java\jdk-18.0.1.1\bin\java.dll
0x00007ff8b8bb0000 - 0x00007ff8b8c86000 	C:\Program Files\Java\jdk-18.0.1.1\bin\jsvml.dll
0x00007ff905ed0000 - 0x00007ff906688000 	C:\WINDOWS\System32\SHELL32.dll
0x00007ff902b20000 - 0x00007ff903388000 	C:\WINDOWS\SYSTEM32\windows.storage.dll
0x00007ff905560000 - 0x00007ff9058d9000 	C:\WINDOWS\System32\combase.dll
0x00007ff9029b0000 - 0x00007ff902b16000 	C:\WINDOWS\SYSTEM32\wintypes.dll
0x00007ff9068c0000 - 0x00007ff9069aa000 	C:\WINDOWS\System32\SHCORE.dll
0x00007ff905490000 - 0x00007ff9054ed000 	C:\WINDOWS\System32\shlwapi.dll
0x00007ff9048d0000 - 0x00007ff9048f1000 	C:\WINDOWS\SYSTEM32\profapi.dll
0x00007ff8e0090000 - 0x00007ff8e00a3000 	C:\Program Files\Java\jdk-18.0.1.1\bin\net.dll
0x00007ff8ff160000 - 0x00007ff8ff26c000 	C:\WINDOWS\SYSTEM32\WINHTTP.dll
0x00007ff903fc0000 - 0x00007ff904027000 	C:\WINDOWS\system32\mswsock.dll
0x00007ff8e0030000 - 0x00007ff8e0046000 	C:\Program Files\Java\jdk-18.0.1.1\bin\nio.dll
0x00007ff8dc030000 - 0x00007ff8dc048000 	C:\Program Files\Java\jdk-18.0.1.1\bin\zip.dll
0x00007ff900e20000 - 0x00007ff900e30000 	C:\Program Files\Java\jdk-18.0.1.1\bin\verify.dll
0x00007ff8ce790000 - 0x00007ff8ce7b7000 	C:\Program Files\Java\jre1.8.0_333\native\e1d6ef7f7dcc3fd88c89a11ec53ec762bb8ba0a96d01ffa2cd45eb1d1d8dd5c5\windows-amd64\native-platform.dll
0x00007ff8b8d20000 - 0x00007ff8b8e64000 	C:\Program Files\Java\jre1.8.0_333\native\5664cfc778a61ccfe75a443a1ab52a65af34e5dc3c78e0209fed803814484fcb\windows-amd64\native-platform-file-events.dll
0x00007ff900e40000 - 0x00007ff900e49000 	C:\Program Files\Java\jdk-18.0.1.1\bin\management.dll
0x00007ff900e30000 - 0x00007ff900e3b000 	C:\Program Files\Java\jdk-18.0.1.1\bin\management_ext.dll
0x00007ff904200000 - 0x00007ff904218000 	C:\WINDOWS\SYSTEM32\CRYPTSP.dll
0x00007ff903af0000 - 0x00007ff903b25000 	C:\WINDOWS\system32\rsaenh.dll
0x00007ff9040b0000 - 0x00007ff9040d9000 	C:\WINDOWS\SYSTEM32\USERENV.dll
0x00007ff904380000 - 0x00007ff9043a7000 	C:\WINDOWS\SYSTEM32\bcrypt.dll
0x00007ff904220000 - 0x00007ff90422c000 	C:\WINDOWS\SYSTEM32\CRYPTBASE.dll
0x00007ff9036c0000 - 0x00007ff9036ed000 	C:\WINDOWS\SYSTEM32\IPHLPAPI.DLL
0x00007ff906710000 - 0x00007ff906719000 	C:\WINDOWS\System32\NSI.dll
0x00007ff8ff2e0000 - 0x00007ff8ff2f9000 	C:\WINDOWS\SYSTEM32\dhcpcsvc6.DLL
0x00007ff8ff4a0000 - 0x00007ff8ff4be000 	C:\WINDOWS\SYSTEM32\dhcpcsvc.DLL
0x00007ff9036f0000 - 0x00007ff9037d8000 	C:\WINDOWS\SYSTEM32\DNSAPI.dll

dbghelp: loaded successfully - version: 4.0.5 - missing functions: none
symbol engine: initialized successfully - sym options: 0x614 - pdb path: .;C:\Program Files\Java\jdk-18.0.1.1\bin;C:\WINDOWS\SYSTEM32;C:\WINDOWS\WinSxS\amd64_microsoft.windows.common-controls_6595b64144ccf1df_6.0.22000.120_none_9d947278b86cc467;C:\Program Files\Java\jdk-18.0.1.1\bin\server;C:\Program Files\Java\jre1.8.0_333\native\e1d6ef7f7dcc3fd88c89a11ec53ec762bb8ba0a96d01ffa2cd45eb1d1d8dd5c5\windows-amd64;C:\Program Files\Java\jre1.8.0_333\native\5664cfc778a61ccfe75a443a1ab52a65af34e5dc3c78e0209fed803814484fcb\windows-amd64

VM Arguments:
jvm_args: --add-opens=java.base/java.util=ALL-UNNAMED --add-opens=java.base/java.lang=ALL-UNNAMED --add-opens=java.base/java.lang.invoke=ALL-UNNAMED --add-opens=java.base/java.util=ALL-UNNAMED --add-opens=java.prefs/java.util.prefs=ALL-UNNAMED --add-opens=java.prefs/java.util.prefs=ALL-UNNAMED --add-opens=java.base/java.nio.charset=ALL-UNNAMED --add-opens=java.base/java.net=ALL-UNNAMED --add-opens=java.base/java.util.concurrent.atomic=ALL-UNNAMED -Xmx2048m -Dfile.encoding=UTF-8 -Duser.country=US -Duser.language=en -Duser.variant 
java_command: org.gradle.launcher.daemon.bootstrap.GradleDaemon 7.3.3
java_class_path (initial): C:\Program Files\Java\jre1.8.0_333\wrapper\dists\gradle-7.3.3-bin\6a41zxkdtcxs8rphpq6y0069z\gradle-7.3.3\lib\gradle-launcher-7.3.3.jar
Launcher Type: SUN_STANDARD

[Global flags]
     intx CICompilerCount                          = 4                                         {product} {ergonomic}
     uint ConcGCThreads                            = 2                                         {product} {ergonomic}
     uint G1ConcRefinementThreads                  = 8                                         {product} {ergonomic}
   size_t G1HeapRegionSize                         = 1048576                                   {product} {ergonomic}
    uintx GCDrainStackTargetSize                   = 64                                        {product} {ergonomic}
   size_t InitialHeapSize                          = 132120576                                 {product} {ergonomic}
   size_t MarkStackSize                            = 4194304                                   {product} {ergonomic}
   size_t MaxHeapSize                              = 2147483648                                {product} {command line}
   size_t MaxNewSize                               = 1287651328                                {product} {ergonomic}
   size_t MinHeapDeltaBytes                        = 1048576                                   {product} {ergonomic}
   size_t MinHeapSize                              = 8388608                                   {product} {ergonomic}
    uintx NonNMethodCodeHeapSize                   = 5839372                                {pd product} {ergonomic}
    uintx NonProfiledCodeHeapSize                  = 122909434                              {pd product} {ergonomic}
    uintx ProfiledCodeHeapSize                     = 122909434                              {pd product} {ergonomic}
    uintx ReservedCodeCacheSize                    = 251658240                              {pd product} {ergonomic}
     bool SegmentedCodeCache                       = true                                      {product} {ergonomic}
   size_t SoftMaxHeapSize                          = 2147483648                             {manageable} {ergonomic}
     bool UseCompressedClassPointers               = true                           {product lp64_product} {ergonomic}
     bool UseCompressedOops                        = true                           {product lp64_product} {ergonomic}
     bool UseG1GC                                  = true                                      {product} {ergonomic}
     bool UseLargePagesIndividualAllocation        = false                                  {pd product} {ergonomic}

Logging:
Log output configuration:
 #0: stdout all=warning uptime,level,tags foldmultilines=false
 #1: stderr all=off uptime,level,tags foldmultilines=false

Environment Variables:
JAVA_HOME=C:\Program Files\Java\jdk-18.0.1.1
PATH=C:\Program Files\Common Files\Oracle\Java\javapath;C:\Windows\system32;C:\Windows;C:\Windows\System32\Wbem;C:\Windows\System32\WindowsPowerShell\v1.0\;C:\Windows\System32\OpenSSH\;C:\Program Files (x86)\NVIDIA Corporation\PhysX\Common;C:\Program Files\NVIDIA Corporation\NVIDIA NvDLISR;F:\Git\cmd;C:\WINDOWS\system32;C:\WINDOWS;C:\WINDOWS\System32\Wbem;C:\WINDOWS\System32\WindowsPowerShell\v1.0\;C:\WINDOWS\System32\OpenSSH\;C:\Program Files\Java\jdk-18.0.1.1\bin;C:\Program Files\Java\jdk-18.0.1.1\bin;D:\flutter\bin;C:\Program Files\JetBrains\IntelliJ IDEA Community Edition 2021.3.2\bin;;C:\Users\NoteBook TANDIS\AppData\Local\Microsoft\WindowsApps;dart-sdk;;C:\Users\NoteBook TANDIS\AppData\Local\Programs\Microsoft VS Code\bin
USERNAME=NoteBook TANDIS
OS=Windows_NT
PROCESSOR_IDENTIFIER=Intel64 Family 6 Model 165 Stepping 2, GenuineIntel



---------------  S Y S T E M  ---------------

OS:
 Windows 11 , 64 bit Build 22000 (10.0.22000.708)
OS uptime: 0 days 1:56 hours

CPU: total 8 (initial active 8) (4 cores per cpu, 2 threads per core) family 6 model 165 stepping 2 microcode 0xea, cx8, cmov, fxsr, ht, mmx, 3dnowpref, sse, sse2, sse3, ssse3, sse4.1, sse4.2, popcnt, lzcnt, tsc, tscinvbit, avx, avx2, aes, erms, clmul, bmi1, bmi2, adx, fma, vzeroupper, clflush, clflushopt

Memory: 4k page, system-wide physical 8023M (458M free)
TotalPageFile size 11023M (AvailPageFile size 33M)
current process WorkingSet (physical memory assigned to process): 339M, peak: 340M
current process commit charge ("private bytes"): 386M, peak: 480M

vm_info: Java HotSpot(TM) 64-Bit Server VM (18.0.1.1+2-6) for windows-amd64 JRE (18.0.1.1+2-6), built on Apr 25 2022 21:53:15 by "mach5one" with MS VC++ 16.8 / 16.9 (VS2019)

END.
