#
# There is insufficient memory for the Java Runtime Environment to continue.
# Native memory allocation (mmap) failed to map 130023424 bytes for G1 virtual space
# Possible reasons:
#   The system is out of physical RAM or swap space
#   The process is running with CompressedOops enabled, and the Java Heap may be blocking the growth of the native heap
# Possible solutions:
#   Reduce memory load on the system
#   Increase physical memory or swap space
#   Check if swap backing store is full
#   Decrease Java heap size (-Xmx/-Xms)
#   Decrease number of Java threads
#   Decrease Java thread stack sizes (-Xss)
#   Set larger code cache with -XX:ReservedCodeCacheSize=
#   JVM is running with Unscaled Compressed Oops mode in which the Java heap is
#     placed in the first 4GB address space. The Java Heap base address is the
#     maximum limit for the native heap growth. Please use -XX:HeapBaseMinAddress
#     to set the Java Heap base and to place the Java Heap above 4GB virtual address.
# This output file may be truncated or incomplete.
#
#  Out of Memory Error (os_windows.cpp:3530), pid=15988, tid=6360
#
# JRE version: Java(TM) SE Runtime Environment (18.0.1.1+2) (build 18.0.1.1+2-6)
# Java VM: Java HotSpot(TM) 64-Bit Server VM (18.0.1.1+2-6, mixed mode, sharing, tiered, compressed oops, compressed class ptrs, g1 gc, windows-amd64)
# No core dump will be written. Minidumps are not enabled by default on client versions of Windows
#

---------------  S U M M A R Y ------------

Command Line: --add-opens=java.base/java.util=ALL-UNNAMED --add-opens=java.base/java.lang=ALL-UNNAMED --add-opens=java.base/java.lang.invoke=ALL-UNNAMED --add-opens=java.base/java.util=ALL-UNNAMED --add-opens=java.prefs/java.util.prefs=ALL-UNNAMED --add-opens=java.prefs/java.util.prefs=ALL-UNNAMED --add-opens=java.base/java.nio.charset=ALL-UNNAMED --add-opens=java.base/java.net=ALL-UNNAMED --add-opens=java.base/java.util.concurrent.atomic=ALL-UNNAMED -Xmx2048m -Dfile.encoding=UTF-8 -Duser.country=US -Duser.language=en -Duser.variant org.gradle.launcher.daemon.bootstrap.GradleDaemon 7.3.3

Host: Intel(R) Core(TM) i5-10300H CPU @ 2.50GHz, 8 cores, 7G,  Windows 11 , 64 bit Build 22000 (10.0.22000.708)
Time: Fri Jul 29 21:55:48 2022 Iran Daylight Time elapsed time: 7.080045 seconds (0d 0h 0m 7s)

---------------  T H R E A D  ---------------

Current thread (0x000002882ac0c540):  VMThread "VM Thread" [stack: 0x000000d1ad400000,0x000000d1ad500000] [id=6360]

Stack: [0x000000d1ad400000,0x000000d1ad500000]
Native frames: (J=compiled Java code, j=interpreted, Vv=VM code, C=native code)
V  [jvm.dll+0x69887a]
V  [jvm.dll+0x7f38bd]
V  [jvm.dll+0x7f51ce]
V  [jvm.dll+0x7f5883]
V  [jvm.dll+0x25ca3f]
V  [jvm.dll+0x6957c9]
V  [jvm.dll+0x68a2fa]
V  [jvm.dll+0x321efb]
V  [jvm.dll+0x3298d6]
V  [jvm.dll+0x37e47e]
V  [jvm.dll+0x37e6af]
V  [jvm.dll+0x2f9c7a]
V  [jvm.dll+0x2f9d27]
V  [jvm.dll+0x33e262]
V  [jvm.dll+0x33c804]
V  [jvm.dll+0x2f9450]
V  [jvm.dll+0x33bddb]
V  [jvm.dll+0x7fa66b]
V  [jvm.dll+0x7fb404]
V  [jvm.dll+0x7fb93c]
V  [jvm.dll+0x7fbd94]
V  [jvm.dll+0x7fbe57]
V  [jvm.dll+0x7a03ea]
V  [jvm.dll+0x697725]
C  [ucrtbase.dll+0x26c0c]
C  [KERNEL32.DLL+0x154e0]
C  [ntdll.dll+0x485b]

VM_Operation (0x000000d1aedf9970): G1CollectForAllocation, mode: safepoint, requested by thread 0x000002884dcaf250


---------------  P R O C E S S  ---------------

Threads class SMR info:
_java_thread_list=0x0000028853e41ab0, length=127, elements={
0x0000028828a8b750, 0x0000028848dbabd0, 0x0000028848dbb570, 0x0000028848dd62d0,
0x0000028848dd6b80, 0x0000028848dd7f50, 0x0000028848dd9110, 0x0000028848de1750,
0x0000028848ddf680, 0x0000028848e15560, 0x000002884d0c9520, 0x000002884d0ca010,
0x000002884d11a280, 0x000002884d3fd510, 0x000002884dce5c20, 0x000002884ed4f5b0,
0x000002884ebaa720, 0x000002884e6edcc0, 0x000002884ea829e0, 0x000002884dcaed90,
0x000002884dcaf250, 0x000002884dd27e50, 0x000002884ec983f0, 0x000002884dd22be0,
0x000002884dd243f0, 0x000002884dd213d0, 0x000002884dd23580, 0x000002884dd22710,
0x000002884dd23f20, 0x000002884dd248c0, 0x000002884dd24d90, 0x000002884dd218a0,
0x000002884dd22240, 0x0000028850a4a780, 0x0000028850a4ac50, 0x0000028850a4bf90,
0x0000028850a4d2d0, 0x0000028850a51630, 0x0000028850a4d7a0, 0x0000028850a4e140,
0x0000028850a4c460, 0x0000028850a4eae0, 0x0000028850a4b5f0, 0x0000028850a4c930,
0x0000028850a4f480, 0x0000028850a4f950, 0x0000028850a502f0, 0x0000028850a507c0,
0x000002884dd230b0, 0x000002884f5ddd20, 0x000002884f5dceb0, 0x000002884f5dfed0,
0x000002884f5dc9e0, 0x000002884f5e16e0, 0x000002884f5e0870, 0x000002884f5de1f0,
0x000002884f5e3890, 0x000002884f5df530, 0x000002884f5e1bb0, 0x000002884f5e2080,
0x000002884f5e3d60, 0x000002884f5e4230, 0x000002884f5e0d40, 0x000002884f5dd380,
0x000002884f5dd850, 0x000002884f5de6c0, 0x000002884f5deb90, 0x000002884f5e1210,
0x000002884f5dfa00, 0x000002884f5e2550, 0x000002884f5e03a0, 0x000002884f5df060,
0x000002884f5e2a20, 0x000002884f5e2ef0, 0x000002884f5e33c0, 0x0000028853112ea0,
0x0000028853117ba0, 0x0000028853112030, 0x00000288531129d0, 0x0000028853110cf0,
0x0000028853115050, 0x00000288531176d0, 0x0000028853113370, 0x0000028853112500,
0x0000028853118540, 0x0000028853117200, 0x0000028853113d10, 0x0000028853113840,
0x00000288531141e0, 0x00000288531146b0, 0x00000288531111c0, 0x0000028853114b80,
0x0000028853111690, 0x0000028853116860, 0x0000028853115520, 0x00000288531159f0,
0x0000028853115ec0, 0x0000028853116390, 0x0000028853116d30, 0x0000028853118070,
0x0000028853111b60, 0x00000288512f1de0, 0x00000288512ef760, 0x00000288512edf50,
0x00000288512f3120, 0x00000288512f1440, 0x00000288512efc30, 0x00000288512f2c50,
0x00000288512f3ac0, 0x00000288512ec270, 0x00000288512f22b0, 0x00000288512f2780,
0x00000288512f35f0, 0x00000288512ec740, 0x00000288512ecc10, 0x00000288512ed5b0,
0x00000288512ee420, 0x00000288512f0100, 0x00000288512f05d0, 0x00000288512ed0e0,
0x00000288512ee8f0, 0x00000288512f0aa0, 0x00000288512eda80, 0x00000288512f0f70,
0x00000288512eedc0, 0x0000028853667ef0, 0x0000028853665d40
}

Java Threads: ( => current thread )
  0x0000028828a8b750 JavaThread "main" [_thread_blocked, id=16176, stack(0x000000d1ace00000,0x000000d1acf00000)]
  0x0000028848dbabd0 JavaThread "Reference Handler" daemon [_thread_blocked, id=16296, stack(0x000000d1ad500000,0x000000d1ad600000)]
  0x0000028848dbb570 JavaThread "Finalizer" daemon [_thread_blocked, id=15780, stack(0x000000d1ad600000,0x000000d1ad700000)]
  0x0000028848dd62d0 JavaThread "Signal Dispatcher" daemon [_thread_blocked, id=7440, stack(0x000000d1ad700000,0x000000d1ad800000)]
  0x0000028848dd6b80 JavaThread "Attach Listener" daemon [_thread_blocked, id=11444, stack(0x000000d1ad800000,0x000000d1ad900000)]
  0x0000028848dd7f50 JavaThread "Service Thread" daemon [_thread_blocked, id=13504, stack(0x000000d1ad900000,0x000000d1ada00000)]
  0x0000028848dd9110 JavaThread "Monitor Deflation Thread" daemon [_thread_blocked, id=14564, stack(0x000000d1ada00000,0x000000d1adb00000)]
  0x0000028848de1750 JavaThread "C2 CompilerThread0" daemon [_thread_in_native, id=16060, stack(0x000000d1adb00000,0x000000d1adc00000)]
  0x0000028848ddf680 JavaThread "C1 CompilerThread0" daemon [_thread_blocked, id=4536, stack(0x000000d1adc00000,0x000000d1add00000)]
  0x0000028848e15560 JavaThread "Sweeper thread" daemon [_thread_blocked, id=11192, stack(0x000000d1add00000,0x000000d1ade00000)]
  0x000002884d0c9520 JavaThread "Common-Cleaner" daemon [_thread_blocked, id=8720, stack(0x000000d1ade00000,0x000000d1adf00000)]
  0x000002884d0ca010 JavaThread "Notification Thread" daemon [_thread_blocked, id=6280, stack(0x000000d1adf00000,0x000000d1ae000000)]
  0x000002884d11a280 JavaThread "C2 CompilerThread1" daemon [_thread_in_native, id=13824, stack(0x000000d1ae100000,0x000000d1ae200000)]
  0x000002884d3fd510 JavaThread "C2 CompilerThread2" daemon [_thread_blocked, id=15788, stack(0x000000d1ae200000,0x000000d1ae300000)]
  0x000002884dce5c20 JavaThread "Daemon health stats" [_thread_blocked, id=14268, stack(0x000000d1ae700000,0x000000d1ae800000)]
  0x000002884ed4f5b0 JavaThread "Incoming local TCP Connector on port 59277" [_thread_in_native, id=3116, stack(0x000000d1ae800000,0x000000d1ae900000)]
  0x000002884ebaa720 JavaThread "Daemon periodic checks" [_thread_blocked, id=15248, stack(0x000000d1ae900000,0x000000d1aea00000)]
  0x000002884e6edcc0 JavaThread "Daemon" [_thread_blocked, id=11856, stack(0x000000d1aea00000,0x000000d1aeb00000)]
  0x000002884ea829e0 JavaThread "Handler for socket connection from /127.0.0.1:59277 to /127.0.0.1:59278" [_thread_in_native, id=8880, stack(0x000000d1aeb00000,0x000000d1aec00000)]
  0x000002884dcaed90 JavaThread "Cancel handler" [_thread_blocked, id=15864, stack(0x000000d1aec00000,0x000000d1aed00000)]
  0x000002884dcaf250 JavaThread "Daemon worker" [_thread_blocked, id=15052, stack(0x000000d1aed00000,0x000000d1aee00000)]
  0x000002884dd27e50 JavaThread "Asynchronous log dispatcher for DefaultDaemonConnection: socket connection from /127.0.0.1:59277 to /127.0.0.1:59278" [_thread_blocked, id=15812, stack(0x000000d1aee00000,0x000000d1aef00000)]
  0x000002884ec983f0 JavaThread "Stdin handler" [_thread_blocked, id=15332, stack(0x000000d1aef00000,0x000000d1af000000)]
  0x000002884dd22be0 JavaThread "Daemon client event forwarder" [_thread_blocked, id=10308, stack(0x000000d1af000000,0x000000d1af100000)]
  0x000002884dd243f0 JavaThread "Cache worker for journal cache (C:\Program Files\Java\jre1.8.0_333\caches\journal-1)" [_thread_blocked, id=15552, stack(0x000000d1af100000,0x000000d1af200000)]
  0x000002884dd213d0 JavaThread "File lock request listener" [_thread_in_native, id=7780, stack(0x000000d1af200000,0x000000d1af300000)]
  0x000002884dd23580 JavaThread "Cache worker for file hash cache (C:\Program Files\Java\jre1.8.0_333\caches\7.3.3\fileHashes)" [_thread_blocked, id=13160, stack(0x000000d1af300000,0x000000d1af400000)]
  0x000002884dd22710 JavaThread "Cache worker for file hash cache (D:\BatteryManager\.gradle\7.3.3\fileHashes)" [_thread_blocked, id=15576, stack(0x000000d1af400000,0x000000d1af500000)]
  0x000002884dd23f20 JavaThread "File watcher server" daemon [_thread_in_native, id=8480, stack(0x000000d1af800000,0x000000d1af900000)]
  0x000002884dd248c0 JavaThread "File watcher consumer" daemon [_thread_blocked, id=2108, stack(0x000000d1af900000,0x000000d1afa00000)]
  0x000002884dd24d90 JavaThread "Cache worker for checksums cache (D:\BatteryManager\.gradle\7.3.3\checksums)" [_thread_blocked, id=9152, stack(0x000000d1afa00000,0x000000d1afb00000)]
  0x000002884dd218a0 JavaThread "Cache worker for cache directory md-supplier (C:\Program Files\Java\jre1.8.0_333\caches\7.3.3\md-supplier)" [_thread_blocked, id=14200, stack(0x000000d1afb00000,0x000000d1afc00000)]
  0x000002884dd22240 JavaThread "Cache worker for cache directory md-rule (C:\Program Files\Java\jre1.8.0_333\caches\7.3.3\md-rule)" [_thread_blocked, id=15188, stack(0x000000d1afd00000,0x000000d1afe00000)]
  0x0000028850a4a780 JavaThread "Cache worker for execution history cache (C:\Program Files\Java\jre1.8.0_333\caches\7.3.3\executionHistory)" [_thread_blocked, id=13280, stack(0x000000d1afe00000,0x000000d1aff00000)]
  0x0000028850a4ac50 JavaThread "jar transforms" [_thread_blocked, id=3152, stack(0x000000d1aff00000,0x000000d1b0000000)]
  0x0000028850a4bf90 JavaThread "Cache worker for file content cache (C:\Program Files\Java\jre1.8.0_333\caches\7.3.3\fileContent)" [_thread_blocked, id=15676, stack(0x000000d1b0000000,0x000000d1b0100000)]
  0x0000028850a4d2d0 JavaThread "jar transforms Thread 2" [_thread_blocked, id=10376, stack(0x000000d1b0100000,0x000000d1b0200000)]
  0x0000028850a51630 JavaThread "Cache worker for dependencies-accessors (D:\BatteryManager\.gradle\7.3.3\dependencies-accessors)" [_thread_blocked, id=5372, stack(0x000000d1b0200000,0x000000d1b0300000)]
  0x0000028850a4d7a0 JavaThread "jar transforms Thread 3" [_thread_blocked, id=14768, stack(0x000000d1b0300000,0x000000d1b0400000)]
  0x0000028850a4e140 JavaThread "Cache worker for Build Output Cleanup Cache (D:\BatteryManager\.gradle\buildOutputCleanup)" [_thread_blocked, id=3144, stack(0x000000d1b0400000,0x000000d1b0500000)]
  0x0000028850a4c460 JavaThread "Unconstrained build operations" [_thread_blocked, id=13932, stack(0x000000d1b0500000,0x000000d1b0600000)]
  0x0000028850a4eae0 JavaThread "Unconstrained build operations Thread 2" [_thread_blocked, id=15396, stack(0x000000d1b0600000,0x000000d1b0700000)]
  0x0000028850a4b5f0 JavaThread "Unconstrained build operations Thread 3" [_thread_blocked, id=13860, stack(0x000000d1b0700000,0x000000d1b0800000)]
  0x0000028850a4c930 JavaThread "Unconstrained build operations Thread 4" [_thread_blocked, id=4352, stack(0x000000d1b0800000,0x000000d1b0900000)]
  0x0000028850a4f480 JavaThread "Unconstrained build operations Thread 5" [_thread_blocked, id=5064, stack(0x000000d1b0900000,0x000000d1b0a00000)]
  0x0000028850a4f950 JavaThread "Unconstrained build operations Thread 6" [_thread_blocked, id=15768, stack(0x000000d1b0a00000,0x000000d1b0b00000)]
  0x0000028850a502f0 JavaThread "Unconstrained build operations Thread 7" [_thread_blocked, id=16264, stack(0x000000d1b0b00000,0x000000d1b0c00000)]
  0x0000028850a507c0 JavaThread "Unconstrained build operations Thread 8" [_thread_blocked, id=3800, stack(0x000000d1b0c00000,0x000000d1b0d00000)]
  0x000002884dd230b0 JavaThread "Unconstrained build operations Thread 9" [_thread_blocked, id=4404, stack(0x000000d1b0d00000,0x000000d1b0e00000)]
  0x000002884f5ddd20 JavaThread "Unconstrained build operations Thread 10" [_thread_blocked, id=7200, stack(0x000000d1b0e00000,0x000000d1b0f00000)]
  0x000002884f5dceb0 JavaThread "Unconstrained build operations Thread 11" [_thread_blocked, id=14444, stack(0x000000d1b0f00000,0x000000d1b1000000)]
  0x000002884f5dfed0 JavaThread "Unconstrained build operations Thread 12" [_thread_blocked, id=7448, stack(0x000000d1b1000000,0x000000d1b1100000)]
  0x000002884f5dc9e0 JavaThread "Unconstrained build operations Thread 13" [_thread_blocked, id=11852, stack(0x000000d1b1100000,0x000000d1b1200000)]
  0x000002884f5e16e0 JavaThread "Unconstrained build operations Thread 14" [_thread_blocked, id=13916, stack(0x000000d1b1200000,0x000000d1b1300000)]
  0x000002884f5e0870 JavaThread "Unconstrained build operations Thread 15" [_thread_blocked, id=11496, stack(0x000000d1b1300000,0x000000d1b1400000)]
  0x000002884f5de1f0 JavaThread "Unconstrained build operations Thread 16" [_thread_blocked, id=9588, stack(0x000000d1b1400000,0x000000d1b1500000)]
  0x000002884f5e3890 JavaThread "Unconstrained build operations Thread 17" [_thread_blocked, id=16324, stack(0x000000d1b1500000,0x000000d1b1600000)]
  0x000002884f5df530 JavaThread "Unconstrained build operations Thread 18" [_thread_blocked, id=9400, stack(0x000000d1b1600000,0x000000d1b1700000)]
  0x000002884f5e1bb0 JavaThread "Unconstrained build operations Thread 19" [_thread_blocked, id=9208, stack(0x000000d1b1700000,0x000000d1b1800000)]
  0x000002884f5e2080 JavaThread "Unconstrained build operations Thread 20" [_thread_blocked, id=15068, stack(0x000000d1b1800000,0x000000d1b1900000)]
  0x000002884f5e3d60 JavaThread "Unconstrained build operations Thread 21" [_thread_blocked, id=15716, stack(0x000000d1b1900000,0x000000d1b1a00000)]
  0x000002884f5e4230 JavaThread "Unconstrained build operations Thread 22" [_thread_blocked, id=16232, stack(0x000000d1b1a00000,0x000000d1b1b00000)]
  0x000002884f5e0d40 JavaThread "Unconstrained build operations Thread 23" [_thread_blocked, id=3448, stack(0x000000d1b1b00000,0x000000d1b1c00000)]
  0x000002884f5dd380 JavaThread "Unconstrained build operations Thread 24" [_thread_blocked, id=15504, stack(0x000000d1b1c00000,0x000000d1b1d00000)]
  0x000002884f5dd850 JavaThread "Unconstrained build operations Thread 25" [_thread_blocked, id=4472, stack(0x000000d1b1d00000,0x000000d1b1e00000)]
  0x000002884f5de6c0 JavaThread "Unconstrained build operations Thread 26" [_thread_blocked, id=5588, stack(0x000000d1b1e00000,0x000000d1b1f00000)]
  0x000002884f5deb90 JavaThread "Unconstrained build operations Thread 27" [_thread_blocked, id=3896, stack(0x000000d1b1f00000,0x000000d1b2000000)]
  0x000002884f5e1210 JavaThread "Unconstrained build operations Thread 28" [_thread_blocked, id=1292, stack(0x000000d1b2000000,0x000000d1b2100000)]
  0x000002884f5dfa00 JavaThread "Unconstrained build operations Thread 29" [_thread_blocked, id=14964, stack(0x000000d1b2100000,0x000000d1b2200000)]
  0x000002884f5e2550 JavaThread "Unconstrained build operations Thread 30" [_thread_blocked, id=12240, stack(0x000000d1b2200000,0x000000d1b2300000)]
  0x000002884f5e03a0 JavaThread "Unconstrained build operations Thread 31" [_thread_blocked, id=1824, stack(0x000000d1b2300000,0x000000d1b2400000)]
  0x000002884f5df060 JavaThread "Unconstrained build operations Thread 32" [_thread_blocked, id=7948, stack(0x000000d1b2400000,0x000000d1b2500000)]
  0x000002884f5e2a20 JavaThread "Unconstrained build operations Thread 33" [_thread_blocked, id=9432, stack(0x000000d1b2500000,0x000000d1b2600000)]
  0x000002884f5e2ef0 JavaThread "Unconstrained build operations Thread 34" [_thread_blocked, id=2428, stack(0x000000d1b2600000,0x000000d1b2700000)]
  0x000002884f5e33c0 JavaThread "Unconstrained build operations Thread 35" [_thread_blocked, id=15512, stack(0x000000d1b2700000,0x000000d1b2800000)]
  0x0000028853112ea0 JavaThread "Unconstrained build operations Thread 36" [_thread_blocked, id=16300, stack(0x000000d1b2800000,0x000000d1b2900000)]
  0x0000028853117ba0 JavaThread "Unconstrained build operations Thread 37" [_thread_blocked, id=7728, stack(0x000000d1b2900000,0x000000d1b2a00000)]
  0x0000028853112030 JavaThread "Unconstrained build operations Thread 38" [_thread_blocked, id=14192, stack(0x000000d1b2a00000,0x000000d1b2b00000)]
  0x00000288531129d0 JavaThread "Unconstrained build operations Thread 39" [_thread_blocked, id=9952, stack(0x000000d1b2b00000,0x000000d1b2c00000)]
  0x0000028853110cf0 JavaThread "Unconstrained build operations Thread 40" [_thread_blocked, id=8212, stack(0x000000d1b2c00000,0x000000d1b2d00000)]
  0x0000028853115050 JavaThread "Unconstrained build operations Thread 41" [_thread_blocked, id=2508, stack(0x000000d1b2d00000,0x000000d1b2e00000)]
  0x00000288531176d0 JavaThread "Unconstrained build operations Thread 42" [_thread_blocked, id=16260, stack(0x000000d1b2e00000,0x000000d1b2f00000)]
  0x0000028853113370 JavaThread "Unconstrained build operations Thread 43" [_thread_blocked, id=13732, stack(0x000000d1b2f00000,0x000000d1b3000000)]
  0x0000028853112500 JavaThread "Unconstrained build operations Thread 44" [_thread_blocked, id=14928, stack(0x000000d1b3000000,0x000000d1b3100000)]
  0x0000028853118540 JavaThread "Unconstrained build operations Thread 45" [_thread_blocked, id=11704, stack(0x000000d1b3100000,0x000000d1b3200000)]
  0x0000028853117200 JavaThread "Unconstrained build operations Thread 46" [_thread_blocked, id=7836, stack(0x000000d1b3200000,0x000000d1b3300000)]
  0x0000028853113d10 JavaThread "Unconstrained build operations Thread 47" [_thread_blocked, id=10916, stack(0x000000d1b3300000,0x000000d1b3400000)]
  0x0000028853113840 JavaThread "Unconstrained build operations Thread 48" [_thread_blocked, id=14784, stack(0x000000d1b3400000,0x000000d1b3500000)]
  0x00000288531141e0 JavaThread "Unconstrained build operations Thread 49" [_thread_blocked, id=10912, stack(0x000000d1b3500000,0x000000d1b3600000)]
  0x00000288531146b0 JavaThread "Unconstrained build operations Thread 50" [_thread_blocked, id=8780, stack(0x000000d1b3600000,0x000000d1b3700000)]
  0x00000288531111c0 JavaThread "Unconstrained build operations Thread 51" [_thread_blocked, id=11240, stack(0x000000d1b3700000,0x000000d1b3800000)]
  0x0000028853114b80 JavaThread "Unconstrained build operations Thread 52" [_thread_blocked, id=16188, stack(0x000000d1b3800000,0x000000d1b3900000)]
  0x0000028853111690 JavaThread "Unconstrained build operations Thread 53" [_thread_blocked, id=10300, stack(0x000000d1b3900000,0x000000d1b3a00000)]
  0x0000028853116860 JavaThread "Unconstrained build operations Thread 54" [_thread_blocked, id=3956, stack(0x000000d1b3a00000,0x000000d1b3b00000)]
  0x0000028853115520 JavaThread "Unconstrained build operations Thread 55" [_thread_blocked, id=11432, stack(0x000000d1b3b00000,0x000000d1b3c00000)]
  0x00000288531159f0 JavaThread "Unconstrained build operations Thread 56" [_thread_blocked, id=7720, stack(0x000000d1b3c00000,0x000000d1b3d00000)]
  0x0000028853115ec0 JavaThread "Unconstrained build operations Thread 57" [_thread_blocked, id=11732, stack(0x000000d1b3d00000,0x000000d1b3e00000)]
  0x0000028853116390 JavaThread "Unconstrained build operations Thread 58" [_thread_blocked, id=7328, stack(0x000000d1b3e00000,0x000000d1b3f00000)]
  0x0000028853116d30 JavaThread "Unconstrained build operations Thread 59" [_thread_blocked, id=11252, stack(0x000000d1b3f00000,0x000000d1b4000000)]
  0x0000028853118070 JavaThread "Unconstrained build operations Thread 60" [_thread_blocked, id=14440, stack(0x000000d1b4000000,0x000000d1b4100000)]
  0x0000028853111b60 JavaThread "Unconstrained build operations Thread 61" [_thread_blocked, id=11448, stack(0x000000d1b4100000,0x000000d1b4200000)]
  0x00000288512f1de0 JavaThread "Unconstrained build operations Thread 62" [_thread_blocked, id=2296, stack(0x000000d1b4200000,0x000000d1b4300000)]
  0x00000288512ef760 JavaThread "Unconstrained build operations Thread 63" [_thread_blocked, id=12592, stack(0x000000d1b4300000,0x000000d1b4400000)]
  0x00000288512edf50 JavaThread "Unconstrained build operations Thread 64" [_thread_blocked, id=968, stack(0x000000d1b4400000,0x000000d1b4500000)]
  0x00000288512f3120 JavaThread "Unconstrained build operations Thread 65" [_thread_blocked, id=14396, stack(0x000000d1b4500000,0x000000d1b4600000)]
  0x00000288512f1440 JavaThread "Unconstrained build operations Thread 66" [_thread_blocked, id=13568, stack(0x000000d1b4600000,0x000000d1b4700000)]
  0x00000288512efc30 JavaThread "Unconstrained build operations Thread 67" [_thread_blocked, id=13996, stack(0x000000d1b4700000,0x000000d1b4800000)]
  0x00000288512f2c50 JavaThread "Unconstrained build operations Thread 68" [_thread_blocked, id=3836, stack(0x000000d1b4800000,0x000000d1b4900000)]
  0x00000288512f3ac0 JavaThread "Unconstrained build operations Thread 69" [_thread_blocked, id=3976, stack(0x000000d1b4900000,0x000000d1b4a00000)]
  0x00000288512ec270 JavaThread "Unconstrained build operations Thread 70" [_thread_blocked, id=10464, stack(0x000000d1b4a00000,0x000000d1b4b00000)]
  0x00000288512f22b0 JavaThread "Unconstrained build operations Thread 71" [_thread_blocked, id=15880, stack(0x000000d1b4b00000,0x000000d1b4c00000)]
  0x00000288512f2780 JavaThread "Unconstrained build operations Thread 72" [_thread_blocked, id=15904, stack(0x000000d1b4c00000,0x000000d1b4d00000)]
  0x00000288512f35f0 JavaThread "Unconstrained build operations Thread 73" [_thread_blocked, id=5056, stack(0x000000d1b4d00000,0x000000d1b4e00000)]
  0x00000288512ec740 JavaThread "Unconstrained build operations Thread 74" [_thread_blocked, id=12848, stack(0x000000d1b4e00000,0x000000d1b4f00000)]
  0x00000288512ecc10 JavaThread "Unconstrained build operations Thread 75" [_thread_blocked, id=14136, stack(0x000000d1b4f00000,0x000000d1b5000000)]
  0x00000288512ed5b0 JavaThread "Unconstrained build operations Thread 76" [_thread_blocked, id=7980, stack(0x000000d1b5000000,0x000000d1b5100000)]
  0x00000288512ee420 JavaThread "Unconstrained build operations Thread 77" [_thread_blocked, id=13044, stack(0x000000d1b5100000,0x000000d1b5200000)]
  0x00000288512f0100 JavaThread "Unconstrained build operations Thread 78" [_thread_blocked, id=14020, stack(0x000000d1b5200000,0x000000d1b5300000)]
  0x00000288512f05d0 JavaThread "Unconstrained build operations Thread 79" [_thread_blocked, id=2468, stack(0x000000d1b5300000,0x000000d1b5400000)]
  0x00000288512ed0e0 JavaThread "Unconstrained build operations Thread 80" [_thread_blocked, id=3248, stack(0x000000d1b5400000,0x000000d1b5500000)]
  0x00000288512ee8f0 JavaThread "jar transforms Thread 4" [_thread_blocked, id=16016, stack(0x000000d1b5500000,0x000000d1b5600000)]
  0x00000288512f0aa0 JavaThread "jar transforms Thread 5" [_thread_blocked, id=1712, stack(0x000000d1b5600000,0x000000d1b5700000)]
  0x00000288512eda80 JavaThread "jar transforms Thread 6" [_thread_blocked, id=15372, stack(0x000000d1b5700000,0x000000d1b5800000)]
  0x00000288512f0f70 JavaThread "jar transforms Thread 7" [_thread_blocked, id=15492, stack(0x000000d1b5800000,0x000000d1b5900000)]
  0x00000288512eedc0 JavaThread "jar transforms Thread 8" [_thread_blocked, id=10184, stack(0x000000d1b5900000,0x000000d1b5a00000)]
  0x0000028853667ef0 JavaThread "Memory manager" [_thread_blocked, id=7508, stack(0x000000d1b5a00000,0x000000d1b5b00000)]
  0x0000028853665d40 JavaThread "build event listener" [_thread_blocked, id=1804, stack(0x000000d1b5b00000,0x000000d1b5c00000)]

Other Threads:
=>0x000002882ac0c540 VMThread "VM Thread" [stack: 0x000000d1ad400000,0x000000d1ad500000] [id=6360]
  0x000002884d0ca8e0 WatcherThread "VM Periodic Task Thread" [stack: 0x000000d1ae000000,0x000000d1ae100000] [id=3392]
  0x000002882abea330 WorkerThread "GC Thread#0" [stack: 0x000000d1acf00000,0x000000d1ad000000] [id=15804]
  0x000002884db04d50 WorkerThread "GC Thread#1" [stack: 0x000000d1ae300000,0x000000d1ae400000] [id=12876]
  0x000002884dc0cf20 WorkerThread "GC Thread#2" [stack: 0x000000d1ae400000,0x000000d1ae500000] [id=2364]
  0x000002884db20900 WorkerThread "GC Thread#3" [stack: 0x000000d1ae500000,0x000000d1ae600000] [id=4208]
  0x000002884de861f0 WorkerThread "GC Thread#4" [stack: 0x000000d1ae600000,0x000000d1ae700000] [id=2472]
  0x000002884d4f1790 WorkerThread "GC Thread#5" [stack: 0x000000d1af500000,0x000000d1af600000] [id=9080]
  0x0000028850ec9760 WorkerThread "GC Thread#6" [stack: 0x000000d1af600000,0x000000d1af700000] [id=12040]
  0x000002884f9a25b0 WorkerThread "GC Thread#7" [stack: 0x000000d1af700000,0x000000d1af800000] [id=15100]
  0x000002882abfc110 ConcurrentGCThread "G1 Main Marker" [stack: 0x000000d1ad000000,0x000000d1ad100000] [id=10720]
  0x000002882abfd140 WorkerThread "G1 Conc#0" [stack: 0x000000d1ad100000,0x000000d1ad200000] [id=6164]
  0x0000028852c36980 WorkerThread "G1 Conc#1" [stack: 0x000000d1afc00000,0x000000d1afd00000] [id=3288]
  0x0000028848c72090 ConcurrentGCThread "G1 Refine#0" [stack: 0x000000d1ad200000,0x000000d1ad300000] [id=9492]
  0x0000028848c72840 ConcurrentGCThread "G1 Service" [stack: 0x000000d1ad300000,0x000000d1ad400000] [id=308]

Threads with active compile tasks:
C2 CompilerThread0     7103 8925       4       org.gradle.internal.reflect.JavaPropertyReflectionUtil::resolveMethodReturnType (44 bytes)
C1 CompilerThread0     7103 9077       3       com.google.protobuf.Descriptors$DescriptorPool::findSymbol (156 bytes)
C2 CompilerThread1     7103 8924       4       org.gradle.internal.instantiation.generator.AbstractClassGenerator$ClassMetadata::resolveTypeVariables (19 bytes)
C2 CompilerThread2     7103 9080       4       java.util.concurrent.ConcurrentHashMap$ValueIterator::next (34 bytes)

VM state: at safepoint (normal execution)

VM Mutex/Monitor currently owned by a thread:  ([mutex/lock_event])
[0x000002882ab8af80] Threads_lock - owner thread: 0x000002882ac0c540
[0x000002882ab8b250] Heap_lock - owner thread: 0x000002884dcaf250

Heap address: 0x0000000080000000, size: 2048 MB, Compressed Oops mode: 32-bit

CDS archive(s) mapped at: [0x0000000800000000-0x0000000800ba0000-0x0000000800ba0000), size 12189696, SharedBaseAddress: 0x0000000800000000, ArchiveRelocationMode: 0.
Compressed class space mapped at: 0x0000000800c00000-0x0000000840c00000, reserved size: 1073741824
Narrow klass base: 0x0000000800000000, Narrow klass shift: 0, Narrow klass range: 0x100000000

GC Precious Log:
 CardTable entry size: 512
 Card Set container configuration: InlinePtr #cards 5 size 8 Array Of Cards #cards 12 size 40 Howl #buckets 4 coarsen threshold 1843 Howl Bitmap #cards 512 size 80 coarsen threshold 460 Card regions per heap region 1 cards per card region 2048
 CPUs: 8 total, 8 available
 Memory: 8023M
 Large Page Support: Disabled
 NUMA Support: Disabled
 Compressed Oops: Enabled (32-bit)
 Heap Region Size: 1M
 Heap Min Capacity: 8M
 Heap Initial Capacity: 126M
 Heap Max Capacity: 2G
 Pre-touch: Disabled
 Parallel Workers: 8
 Concurrent Workers: 2
 Concurrent Refinement Workers: 8
 Periodic GC: Disabled

Heap:
 garbage-first heap   total 129024K, used 76361K [0x0000000080000000, 0x0000000100000000)
  region size 1024K, 5 young (5120K), 5 survivors (5120K)
 Metaspace       used 75872K, committed 77632K, reserved 1179648K
  class space    used 10285K, committed 11200K, reserved 1048576K

Heap Regions: E=young(eden), S=young(survivor), O=old, HS=humongous(starts), HC=humongous(continues), CS=collection set, F=free, OA=open archive, CA=closed archive, TAMS=top-at-mark-start (previous, next)
|   0|0x0000000080000000, 0x0000000080100000, 0x0000000080100000|100%| O|  |TAMS 0x0000000080100000, 0x0000000080100000| Untracked 
|   1|0x0000000080100000, 0x0000000080200000, 0x0000000080200000|100%| O|  |TAMS 0x0000000080200000, 0x0000000080200000| Untracked 
|   2|0x0000000080200000, 0x0000000080300000, 0x0000000080300000|100%| O|  |TAMS 0x0000000080300000, 0x0000000080300000| Untracked 
|   3|0x0000000080300000, 0x0000000080400000, 0x0000000080400000|100%|HS|  |TAMS 0x0000000080400000, 0x0000000080400000| Complete 
|   4|0x0000000080400000, 0x0000000080500000, 0x0000000080500000|100%|HC|  |TAMS 0x0000000080500000, 0x0000000080500000| Complete 
|   5|0x0000000080500000, 0x0000000080600000, 0x0000000080600000|100%|HC|  |TAMS 0x0000000080600000, 0x0000000080600000| Complete 
|   6|0x0000000080600000, 0x0000000080700000, 0x0000000080700000|100%| O|  |TAMS 0x0000000080700000, 0x0000000080700000| Untracked 
|   7|0x0000000080700000, 0x0000000080800000, 0x0000000080800000|100%| O|  |TAMS 0x0000000080800000, 0x0000000080800000| Untracked 
|   8|0x0000000080800000, 0x0000000080900000, 0x0000000080900000|100%| O|  |TAMS 0x0000000080900000, 0x0000000080900000| Untracked 
|   9|0x0000000080900000, 0x0000000080a00000, 0x0000000080a00000|100%| O|  |TAMS 0x0000000080a00000, 0x0000000080a00000| Untracked 
|  10|0x0000000080a00000, 0x0000000080b00000, 0x0000000080b00000|100%| O|  |TAMS 0x0000000080b00000, 0x0000000080b00000| Untracked 
|  11|0x0000000080b00000, 0x0000000080c00000, 0x0000000080c00000|100%| O|  |TAMS 0x0000000080c00000, 0x0000000080c00000| Untracked 
|  12|0x0000000080c00000, 0x0000000080d00000, 0x0000000080d00000|100%| O|  |TAMS 0x0000000080d00000, 0x0000000080d00000| Untracked 
|  13|0x0000000080d00000, 0x0000000080e00000, 0x0000000080e00000|100%| O|  |TAMS 0x0000000080e00000, 0x0000000080e00000| Untracked 
|  14|0x0000000080e00000, 0x0000000080f00000, 0x0000000080f00000|100%| O|  |TAMS 0x0000000080f00000, 0x0000000080f00000| Untracked 
|  15|0x0000000080f00000, 0x0000000081000000, 0x0000000081000000|100%| O|  |TAMS 0x0000000081000000, 0x0000000081000000| Untracked 
|  16|0x0000000081000000, 0x0000000081100000, 0x0000000081100000|100%| O|  |TAMS 0x0000000081100000, 0x0000000081100000| Untracked 
|  17|0x0000000081100000, 0x0000000081200000, 0x0000000081200000|100%| O|  |TAMS 0x0000000081200000, 0x0000000081200000| Untracked 
|  18|0x0000000081200000, 0x00000000812b3400, 0x0000000081300000| 70%| O|  |TAMS 0x00000000812b3400, 0x00000000812b3400| Untracked 
|  19|0x0000000081300000, 0x0000000081300000, 0x0000000081400000|  0%| F|  |TAMS 0x0000000081300000, 0x0000000081300000| Untracked 
|  20|0x0000000081400000, 0x0000000081500000, 0x0000000081500000|100%| O|  |TAMS 0x0000000081500000, 0x0000000081500000| Untracked 
|  21|0x0000000081500000, 0x0000000081600000, 0x0000000081600000|100%| O|  |TAMS 0x0000000081600000, 0x0000000081600000| Untracked 
|  22|0x0000000081600000, 0x0000000081700000, 0x0000000081700000|100%| O|  |TAMS 0x0000000081700000, 0x0000000081700000| Untracked 
|  23|0x0000000081700000, 0x0000000081800000, 0x0000000081800000|100%| O|  |TAMS 0x0000000081800000, 0x0000000081800000| Untracked 
|  24|0x0000000081800000, 0x0000000081900000, 0x0000000081900000|100%| O|  |TAMS 0x0000000081900000, 0x0000000081900000| Untracked 
|  25|0x0000000081900000, 0x0000000081a00000, 0x0000000081a00000|100%|HS|  |TAMS 0x0000000081a00000, 0x0000000081a00000| Complete 
|  26|0x0000000081a00000, 0x0000000081b00000, 0x0000000081b00000|100%| O|  |TAMS 0x0000000081b00000, 0x0000000081b00000| Untracked 
|  27|0x0000000081b00000, 0x0000000081c00000, 0x0000000081c00000|100%| O|  |TAMS 0x0000000081c00000, 0x0000000081c00000| Untracked 
|  28|0x0000000081c00000, 0x0000000081d00000, 0x0000000081d00000|100%| O|  |TAMS 0x0000000081d00000, 0x0000000081d00000| Untracked 
|  29|0x0000000081d00000, 0x0000000081e00000, 0x0000000081e00000|100%|HS|  |TAMS 0x0000000081e00000, 0x0000000081e00000| Complete 
|  30|0x0000000081e00000, 0x0000000081f00000, 0x0000000081f00000|100%|HS|  |TAMS 0x0000000081f00000, 0x0000000081f00000| Complete 
|  31|0x0000000081f00000, 0x0000000082000000, 0x0000000082000000|100%| O|  |TAMS 0x0000000082000000, 0x0000000082000000| Untracked 
|  32|0x0000000082000000, 0x0000000082100000, 0x0000000082100000|100%| O|  |TAMS 0x0000000082100000, 0x0000000082100000| Untracked 
|  33|0x0000000082100000, 0x0000000082200000, 0x0000000082200000|100%| O|  |TAMS 0x0000000082200000, 0x0000000082200000| Untracked 
|  34|0x0000000082200000, 0x0000000082300000, 0x0000000082300000|100%| O|  |TAMS 0x0000000082300000, 0x0000000082300000| Untracked 
|  35|0x0000000082300000, 0x0000000082400000, 0x0000000082400000|100%| O|  |TAMS 0x0000000082400000, 0x0000000082400000| Untracked 
|  36|0x0000000082400000, 0x0000000082500000, 0x0000000082500000|100%| O|  |TAMS 0x0000000082500000, 0x0000000082500000| Untracked 
|  37|0x0000000082500000, 0x0000000082600000, 0x0000000082600000|100%|HS|  |TAMS 0x0000000082600000, 0x0000000082600000| Complete 
|  38|0x0000000082600000, 0x0000000082700000, 0x0000000082700000|100%|HC|  |TAMS 0x0000000082700000, 0x0000000082700000| Complete 
|  39|0x0000000082700000, 0x0000000082800000, 0x0000000082800000|100%|HC|  |TAMS 0x0000000082800000, 0x0000000082800000| Complete 
|  40|0x0000000082800000, 0x0000000082900000, 0x0000000082900000|100%|HS|  |TAMS 0x0000000082900000, 0x0000000082900000| Complete 
|  41|0x0000000082900000, 0x0000000082a00000, 0x0000000082a00000|100%|HC|  |TAMS 0x0000000082a00000, 0x0000000082a00000| Complete 
|  42|0x0000000082a00000, 0x0000000082b00000, 0x0000000082b00000|100%| O|  |TAMS 0x0000000082b00000, 0x0000000082b00000| Untracked 
|  43|0x0000000082b00000, 0x0000000082c00000, 0x0000000082c00000|100%| O|  |TAMS 0x0000000082c00000, 0x0000000082c00000| Untracked 
|  44|0x0000000082c00000, 0x0000000082d00000, 0x0000000082d00000|100%| O|  |TAMS 0x0000000082d00000, 0x0000000082d00000| Untracked 
|  45|0x0000000082d00000, 0x0000000082e00000, 0x0000000082e00000|100%| O|  |TAMS 0x0000000082e00000, 0x0000000082e00000| Untracked 
|  46|0x0000000082e00000, 0x0000000082f00000, 0x0000000082f00000|100%| O|  |TAMS 0x0000000082f00000, 0x0000000082f00000| Untracked 
|  47|0x0000000082f00000, 0x0000000083000000, 0x0000000083000000|100%| O|  |TAMS 0x0000000083000000, 0x0000000083000000| Untracked 
|  48|0x0000000083000000, 0x0000000083100000, 0x0000000083100000|100%| O|  |TAMS 0x0000000083100000, 0x0000000083100000| Untracked 
|  49|0x0000000083100000, 0x0000000083200000, 0x0000000083200000|100%| O|  |TAMS 0x0000000083200000, 0x0000000083200000| Untracked 
|  50|0x0000000083200000, 0x0000000083300000, 0x0000000083300000|100%| O|  |TAMS 0x0000000083300000, 0x0000000083300000| Untracked 
|  51|0x0000000083300000, 0x0000000083400000, 0x0000000083400000|100%| O|  |TAMS 0x0000000083400000, 0x0000000083400000| Untracked 
|  52|0x0000000083400000, 0x0000000083500000, 0x0000000083500000|100%| O|  |TAMS 0x0000000083500000, 0x0000000083500000| Untracked 
|  53|0x0000000083500000, 0x0000000083600000, 0x0000000083600000|100%| O|  |TAMS 0x0000000083600000, 0x0000000083600000| Untracked 
|  54|0x0000000083600000, 0x0000000083700000, 0x0000000083700000|100%| O|  |TAMS 0x0000000083700000, 0x0000000083700000| Untracked 
|  55|0x0000000083700000, 0x0000000083800000, 0x0000000083800000|100%| O|  |TAMS 0x0000000083800000, 0x0000000083800000| Untracked 
|  56|0x0000000083800000, 0x0000000083900000, 0x0000000083900000|100%| O|  |TAMS 0x0000000083900000, 0x0000000083900000| Untracked 
|  57|0x0000000083900000, 0x0000000083a00000, 0x0000000083a00000|100%| O|  |TAMS 0x0000000083a00000, 0x0000000083a00000| Untracked 
|  58|0x0000000083a00000, 0x0000000083b00000, 0x0000000083b00000|100%| O|  |TAMS 0x0000000083b00000, 0x0000000083b00000| Untracked 
|  59|0x0000000083b00000, 0x0000000083c00000, 0x0000000083c00000|100%| O|  |TAMS 0x0000000083c00000, 0x0000000083c00000| Untracked 
|  60|0x0000000083c00000, 0x0000000083d00000, 0x0000000083d00000|100%| O|  |TAMS 0x0000000083d00000, 0x0000000083d00000| Untracked 
|  61|0x0000000083d00000, 0x0000000083e00000, 0x0000000083e00000|100%| O|  |TAMS 0x0000000083e00000, 0x0000000083e00000| Untracked 
|  62|0x0000000083e00000, 0x0000000083f00000, 0x0000000083f00000|100%| O|  |TAMS 0x0000000083f00000, 0x0000000083f00000| Untracked 
|  63|0x0000000083f00000, 0x0000000084000000, 0x0000000084000000|100%| O|  |TAMS 0x0000000084000000, 0x0000000084000000| Untracked 
|  64|0x0000000084000000, 0x0000000084100000, 0x0000000084100000|100%| O|  |TAMS 0x0000000084000000, 0x0000000084100000| Untracked 
|  65|0x0000000084100000, 0x0000000084200000, 0x0000000084200000|100%| O|  |TAMS 0x0000000084100000, 0x0000000084200000| Untracked 
|  66|0x0000000084200000, 0x0000000084300000, 0x0000000084300000|100%| O|  |TAMS 0x0000000084200000, 0x0000000084300000| Untracked 
|  67|0x0000000084300000, 0x0000000084400000, 0x0000000084400000|100%| O|  |TAMS 0x0000000084300000, 0x0000000084400000| Untracked 
|  68|0x0000000084400000, 0x0000000084500000, 0x0000000084500000|100%| O|  |TAMS 0x0000000084400000, 0x0000000084500000| Untracked 
|  69|0x0000000084500000, 0x0000000084600000, 0x0000000084600000|100%| O|  |TAMS 0x0000000084500000, 0x0000000084600000| Untracked 
|  70|0x0000000084600000, 0x0000000084700000, 0x0000000084700000|100%| O|  |TAMS 0x0000000084600000, 0x0000000084700000| Untracked 
|  71|0x0000000084700000, 0x000000008470a400, 0x0000000084800000|  4%| O|  |TAMS 0x0000000084700000, 0x000000008470a400| Untracked 
|  72|0x0000000084800000, 0x0000000084800000, 0x0000000084900000|  0%| F|  |TAMS 0x0000000084800000, 0x0000000084800000| Untracked 
|  73|0x0000000084900000, 0x0000000084900000, 0x0000000084a00000|  0%| F|  |TAMS 0x0000000084900000, 0x0000000084900000| Untracked 
|  74|0x0000000084a00000, 0x0000000084a00000, 0x0000000084b00000|  0%| F|  |TAMS 0x0000000084a00000, 0x0000000084a00000| Untracked 
|  75|0x0000000084b00000, 0x0000000084b00000, 0x0000000084c00000|  0%| F|  |TAMS 0x0000000084b00000, 0x0000000084b00000| Untracked 
|  76|0x0000000084c00000, 0x0000000084c00000, 0x0000000084d00000|  0%| F|  |TAMS 0x0000000084c00000, 0x0000000084c00000| Untracked 
|  77|0x0000000084d00000, 0x0000000084d00000, 0x0000000084e00000|  0%| F|  |TAMS 0x0000000084d00000, 0x0000000084d00000| Untracked 
|  78|0x0000000084e00000, 0x0000000084e00000, 0x0000000084f00000|  0%| F|  |TAMS 0x0000000084e00000, 0x0000000084e00000| Untracked 
|  79|0x0000000084f00000, 0x0000000084f00000, 0x0000000085000000|  0%| F|  |TAMS 0x0000000084f00000, 0x0000000084f00000| Untracked 
|  80|0x0000000085000000, 0x0000000085000000, 0x0000000085100000|  0%| F|  |TAMS 0x0000000085000000, 0x0000000085000000| Untracked 
|  81|0x0000000085100000, 0x0000000085100000, 0x0000000085200000|  0%| F|  |TAMS 0x0000000085100000, 0x0000000085100000| Untracked 
|  82|0x0000000085200000, 0x0000000085200000, 0x0000000085300000|  0%| F|  |TAMS 0x0000000085200000, 0x0000000085200000| Untracked 
|  83|0x0000000085300000, 0x0000000085300000, 0x0000000085400000|  0%| F|  |TAMS 0x0000000085300000, 0x0000000085300000| Untracked 
|  84|0x0000000085400000, 0x0000000085400000, 0x0000000085500000|  0%| F|  |TAMS 0x0000000085400000, 0x0000000085400000| Untracked 
|  85|0x0000000085500000, 0x0000000085500000, 0x0000000085600000|  0%| F|  |TAMS 0x0000000085500000, 0x0000000085500000| Untracked 
|  86|0x0000000085600000, 0x0000000085600000, 0x0000000085700000|  0%| F|  |TAMS 0x0000000085600000, 0x0000000085600000| Untracked 
|  87|0x0000000085700000, 0x00000000857d4e70, 0x0000000085800000| 83%| S|CS|TAMS 0x0000000085700000, 0x0000000085700000| Complete 
|  88|0x0000000085800000, 0x0000000085900000, 0x0000000085900000|100%| S|CS|TAMS 0x0000000085800000, 0x0000000085800000| Complete 
|  89|0x0000000085900000, 0x0000000085a00000, 0x0000000085a00000|100%| S|CS|TAMS 0x0000000085900000, 0x0000000085900000| Complete 
|  90|0x0000000085a00000, 0x0000000085b00000, 0x0000000085b00000|100%| S|CS|TAMS 0x0000000085a00000, 0x0000000085a00000| Complete 
|  91|0x0000000085b00000, 0x0000000085c00000, 0x0000000085c00000|100%| S|CS|TAMS 0x0000000085b00000, 0x0000000085b00000| Complete 
|  92|0x0000000085c00000, 0x0000000085c00000, 0x0000000085d00000|  0%| F|  |TAMS 0x0000000085c00000, 0x0000000085c00000| Untracked 
|  93|0x0000000085d00000, 0x0000000085d00000, 0x0000000085e00000|  0%| F|  |TAMS 0x0000000085d00000, 0x0000000085d00000| Untracked 
|  94|0x0000000085e00000, 0x0000000085e00000, 0x0000000085f00000|  0%| F|  |TAMS 0x0000000085e00000, 0x0000000085e00000| Untracked 
|  95|0x0000000085f00000, 0x0000000085f00000, 0x0000000086000000|  0%| F|  |TAMS 0x0000000085f00000, 0x0000000085f00000| Untracked 
|  96|0x0000000086000000, 0x0000000086000000, 0x0000000086100000|  0%| F|  |TAMS 0x0000000086000000, 0x0000000086000000| Untracked 
|  97|0x0000000086100000, 0x0000000086100000, 0x0000000086200000|  0%| F|  |TAMS 0x0000000086100000, 0x0000000086100000| Untracked 
|  98|0x0000000086200000, 0x0000000086200000, 0x0000000086300000|  0%| F|  |TAMS 0x0000000086200000, 0x0000000086200000| Untracked 
|  99|0x0000000086300000, 0x0000000086300000, 0x0000000086400000|  0%| F|  |TAMS 0x0000000086300000, 0x0000000086300000| Untracked 
| 100|0x0000000086400000, 0x0000000086400000, 0x0000000086500000|  0%| F|  |TAMS 0x0000000086400000, 0x0000000086400000| Untracked 
| 101|0x0000000086500000, 0x0000000086500000, 0x0000000086600000|  0%| F|  |TAMS 0x0000000086500000, 0x0000000086500000| Untracked 
| 102|0x0000000086600000, 0x0000000086600000, 0x0000000086700000|  0%| F|  |TAMS 0x0000000086600000, 0x0000000086600000| Untracked 
| 103|0x0000000086700000, 0x0000000086700000, 0x0000000086800000|  0%| F|  |TAMS 0x0000000086700000, 0x0000000086700000| Untracked 
| 104|0x0000000086800000, 0x0000000086800000, 0x0000000086900000|  0%| F|  |TAMS 0x0000000086800000, 0x0000000086800000| Untracked 
| 105|0x0000000086900000, 0x0000000086900000, 0x0000000086a00000|  0%| F|  |TAMS 0x0000000086900000, 0x0000000086900000| Untracked 
| 106|0x0000000086a00000, 0x0000000086a00000, 0x0000000086b00000|  0%| F|  |TAMS 0x0000000086a00000, 0x0000000086a00000| Untracked 
| 107|0x0000000086b00000, 0x0000000086b00000, 0x0000000086c00000|  0%| F|  |TAMS 0x0000000086b00000, 0x0000000086b00000| Untracked 
| 108|0x0000000086c00000, 0x0000000086c00000, 0x0000000086d00000|  0%| F|  |TAMS 0x0000000086c00000, 0x0000000086c00000| Untracked 
| 109|0x0000000086d00000, 0x0000000086d00000, 0x0000000086e00000|  0%| F|  |TAMS 0x0000000086d00000, 0x0000000086d00000| Untracked 
| 110|0x0000000086e00000, 0x0000000086e00000, 0x0000000086f00000|  0%| F|  |TAMS 0x0000000086e00000, 0x0000000086e00000| Untracked 
| 111|0x0000000086f00000, 0x0000000086f00000, 0x0000000087000000|  0%| F|  |TAMS 0x0000000086f00000, 0x0000000086f00000| Untracked 
| 112|0x0000000087000000, 0x0000000087000000, 0x0000000087100000|  0%| F|  |TAMS 0x0000000087000000, 0x0000000087000000| Untracked 
| 113|0x0000000087100000, 0x0000000087100000, 0x0000000087200000|  0%| F|  |TAMS 0x0000000087100000, 0x0000000087100000| Untracked 
| 114|0x0000000087200000, 0x0000000087200000, 0x0000000087300000|  0%| F|  |TAMS 0x0000000087200000, 0x0000000087200000| Untracked 
| 115|0x0000000087300000, 0x0000000087300000, 0x0000000087400000|  0%| F|  |TAMS 0x0000000087300000, 0x0000000087300000| Untracked 
| 116|0x0000000087400000, 0x0000000087400000, 0x0000000087500000|  0%| F|  |TAMS 0x0000000087400000, 0x0000000087400000| Untracked 
| 117|0x0000000087500000, 0x0000000087500000, 0x0000000087600000|  0%| F|  |TAMS 0x0000000087500000, 0x0000000087500000| Untracked 
| 118|0x0000000087600000, 0x0000000087600000, 0x0000000087700000|  0%| F|  |TAMS 0x0000000087600000, 0x0000000087600000| Untracked 
| 119|0x0000000087700000, 0x0000000087700000, 0x0000000087800000|  0%| F|  |TAMS 0x0000000087700000, 0x0000000087700000| Untracked 
| 120|0x0000000087800000, 0x0000000087800000, 0x0000000087900000|  0%| F|  |TAMS 0x0000000087800000, 0x0000000087800000| Untracked 
| 121|0x0000000087900000, 0x0000000087900000, 0x0000000087a00000|  0%| F|  |TAMS 0x0000000087900000, 0x0000000087900000| Untracked 
| 122|0x0000000087a00000, 0x0000000087a00000, 0x0000000087b00000|  0%| F|  |TAMS 0x0000000087a00000, 0x0000000087a00000| Untracked 
| 123|0x0000000087b00000, 0x0000000087b00000, 0x0000000087c00000|  0%| F|  |TAMS 0x0000000087b00000, 0x0000000087b00000| Untracked 
| 124|0x0000000087c00000, 0x0000000087c00000, 0x0000000087d00000|  0%| F|  |TAMS 0x0000000087c00000, 0x0000000087c00000| Untracked 
| 125|0x0000000087d00000, 0x0000000087d00000, 0x0000000087e00000|  0%| F|  |TAMS 0x0000000087d00000, 0x0000000087d00000| Untracked 

Card table byte_map: [0x0000028841bf0000,0x0000028841ff0000] _byte_map_base: 0x00000288417f0000

Marking Bits (Prev, Next): (CMBitMap*) 0x000002882abeb820, (CMBitMap*) 0x000002882abeb7e0
 Prev Bits: [0x00000288443f0000, 0x00000288463f0000)
 Next Bits: [0x00000288423f0000, 0x00000288443f0000)

Polling page: 0x0000028828ad0000

Metaspace:

Usage:
  Non-class:     64.05 MB used.
      Class:     10.04 MB used.
       Both:     74.09 MB used.

Virtual space:
  Non-class space:      128.00 MB reserved,      64.88 MB ( 51%) committed,  2 nodes.
      Class space:        1.00 GB reserved,      10.94 MB (  1%) committed,  1 nodes.
             Both:        1.12 GB reserved,      75.81 MB (  7%) committed. 

Chunk freelists:
   Non-Class:  2.72 MB
       Class:  1.11 MB
        Both:  3.83 MB

MaxMetaspaceSize: unlimited
CompressedClassSpaceSize: 1.00 GB
Initial GC threshold: 21.00 MB
Current GC threshold: 115.94 MB
CDS: on
MetaspaceReclaimPolicy: balanced
 - commit_granule_bytes: 65536.
 - commit_granule_words: 8192.
 - virtual_space_node_default_size: 8388608.
 - enlarge_chunks_in_place: 1.
 - new_chunks_are_fully_committed: 0.
 - uncommit_free_chunks: 1.
 - use_allocation_guard: 0.


Internal statistics:

num_allocs_failed_limit: 6.
num_arena_births: 3110.
num_arena_deaths: 0.
num_vsnodes_births: 3.
num_vsnodes_deaths: 0.
num_space_committed: 1213.
num_space_uncommitted: 0.
num_chunks_returned_to_freelist: 6.
num_chunks_taken_from_freelist: 6366.
num_chunk_merges: 6.
num_chunk_splits: 4251.
num_chunks_enlarged: 2779.
num_inconsistent_stats: 0.

CodeHeap 'non-profiled nmethods': size=120000Kb used=4868Kb max_used=4868Kb free=115131Kb
 bounds [0x0000028839f90000, 0x000002883a460000, 0x00000288414c0000]
CodeHeap 'profiled nmethods': size=120000Kb used=16411Kb max_used=16411Kb free=103588Kb
 bounds [0x0000028832a60000, 0x0000028833a70000, 0x0000028839f90000]
CodeHeap 'non-nmethods': size=5760Kb used=2378Kb max_used=2484Kb free=3381Kb
 bounds [0x00000288324c0000, 0x0000028832740000, 0x0000028832a60000]
 total_blobs=9155 nmethods=8259 adapters=808
 compilation: enabled
              stopped_count=0, restarted_count=0
 full_count=0

Compilation events (20 events):
Event: 7.065 Thread 0x000002884d3fd510 nmethod 9010 0x000002883a450490 code [0x000002883a450600, 0x000002883a450698]
Event: 7.065 Thread 0x000002884d3fd510 9026       4       com.google.protobuf.DescriptorProtos$FieldDescriptorProto$Type::forNumber (162 bytes)
Event: 7.066 Thread 0x000002884d3fd510 nmethod 9026 0x000002883a450790 code [0x000002883a450920, 0x000002883a450ab8]
Event: 7.067 Thread 0x000002884d3fd510 9079       4       java.util.Arrays$ArrayList::get (7 bytes)
Event: 7.067 Thread 0x000002884d3fd510 nmethod 9079 0x000002883a450b90 code [0x000002883a450d00, 0x000002883a450db8]
Event: 7.070 Thread 0x000002884d3fd510 9080       4       java.util.concurrent.ConcurrentHashMap$ValueIterator::next (34 bytes)
Event: 7.071 Thread 0x0000028848ddf680 nmethod 9070 0x0000028833a56d90 code [0x0000028833a57e20, 0x0000028833a61748]
Event: 7.071 Thread 0x0000028848ddf680 9071       3       com.google.protobuf.DescriptorProtos$FieldDescriptorProto::hasTypeName (16 bytes)
Event: 7.071 Thread 0x0000028848ddf680 nmethod 9071 0x0000028833a65310 code [0x0000028833a654a0, 0x0000028833a65618]
Event: 7.071 Thread 0x0000028848ddf680 9072       3       com.google.protobuf.DescriptorProtos$FieldOptions::getDefaultInstance (4 bytes)
Event: 7.071 Thread 0x0000028848ddf680 nmethod 9072 0x0000028833a65690 code [0x0000028833a65820, 0x0000028833a65918]
Event: 7.071 Thread 0x0000028848ddf680 9075       3       com.google.protobuf.Descriptors$Descriptor::getOptions (8 bytes)
Event: 7.071 Thread 0x0000028848ddf680 nmethod 9075 0x0000028833a65990 code [0x0000028833a65b40, 0x0000028833a65d78]
Event: 7.071 Thread 0x0000028848ddf680 9076       3       com.google.protobuf.DescriptorProtos$MessageOptions::getDefaultInstance (4 bytes)
Event: 7.071 Thread 0x0000028848ddf680 nmethod 9076 0x0000028833a65e90 code [0x0000028833a66020, 0x0000028833a66118]
Event: 7.071 Thread 0x0000028848ddf680 9063       1       com.google.protobuf.Descriptors$FieldDescriptor$JavaType::access$2400 (5 bytes)
Event: 7.071 Thread 0x0000028848ddf680 nmethod 9063 0x000002883a450e90 code [0x000002883a451020, 0x000002883a4510d8]
Event: 7.071 Thread 0x0000028848ddf680 9078       3       com.google.protobuf.DescriptorProtos$FieldDescriptorProto::getTypeName (41 bytes)
Event: 7.072 Thread 0x0000028848ddf680 nmethod 9078 0x0000028833a66190 code [0x0000028833a66380, 0x0000028833a66c38]
Event: 7.072 Thread 0x0000028848ddf680 9077       3       com.google.protobuf.Descriptors$DescriptorPool::findSymbol (156 bytes)

GC Heap History (20 events):
Event: 4.658 GC heap after
{Heap after GC invocations=16 (full 0):
 garbage-first heap   total 97280K, used 54781K [0x0000000080000000, 0x0000000100000000)
  region size 1024K, 3 young (3072K), 3 survivors (3072K)
 Metaspace       used 52203K, committed 53760K, reserved 1114112K
  class space    used 7062K, committed 7872K, reserved 1048576K
}
Event: 4.880 GC heap before
{Heap before GC invocations=16 (full 0):
 garbage-first heap   total 97280K, used 77309K [0x0000000080000000, 0x0000000100000000)
  region size 1024K, 26 young (26624K), 3 survivors (3072K)
 Metaspace       used 55219K, committed 56768K, reserved 1114112K
  class space    used 7410K, committed 8192K, reserved 1048576K
}
Event: 4.884 GC heap after
{Heap after GC invocations=17 (full 0):
 garbage-first heap   total 97280K, used 57539K [0x0000000080000000, 0x0000000100000000)
  region size 1024K, 4 young (4096K), 4 survivors (4096K)
 Metaspace       used 55219K, committed 56768K, reserved 1114112K
  class space    used 7410K, committed 8192K, reserved 1048576K
}
Event: 5.139 GC heap before
{Heap before GC invocations=18 (full 0):
 garbage-first heap   total 102400K, used 79043K [0x0000000080000000, 0x0000000100000000)
  region size 1024K, 25 young (25600K), 4 survivors (4096K)
 Metaspace       used 57043K, committed 58624K, reserved 1114112K
  class space    used 7623K, committed 8448K, reserved 1048576K
}
Event: 5.144 GC heap after
{Heap after GC invocations=19 (full 0):
 garbage-first heap   total 102400K, used 59679K [0x0000000080000000, 0x0000000100000000)
  region size 1024K, 2 young (2048K), 2 survivors (2048K)
 Metaspace       used 57043K, committed 58624K, reserved 1114112K
  class space    used 7623K, committed 8448K, reserved 1048576K
}
Event: 5.171 GC heap before
{Heap before GC invocations=19 (full 0):
 garbage-first heap   total 102400K, used 60703K [0x0000000080000000, 0x0000000100000000)
  region size 1024K, 4 young (4096K), 2 survivors (2048K)
 Metaspace       used 57225K, committed 58752K, reserved 1114112K
  class space    used 7634K, committed 8448K, reserved 1048576K
}
Event: 5.173 GC heap after
{Heap after GC invocations=20 (full 0):
 garbage-first heap   total 122880K, used 59679K [0x0000000080000000, 0x0000000100000000)
  region size 1024K, 2 young (2048K), 2 survivors (2048K)
 Metaspace       used 57225K, committed 58752K, reserved 1114112K
  class space    used 7634K, committed 8448K, reserved 1048576K
}
Event: 5.539 GC heap before
{Heap before GC invocations=21 (full 0):
 garbage-first heap   total 122880K, used 96543K [0x0000000080000000, 0x0000000100000000)
  region size 1024K, 37 young (37888K), 2 survivors (2048K)
 Metaspace       used 60264K, committed 61824K, reserved 1114112K
  class space    used 8032K, committed 8832K, reserved 1048576K
}
Event: 5.543 GC heap after
{Heap after GC invocations=22 (full 0):
 garbage-first heap   total 122880K, used 62349K [0x0000000080000000, 0x0000000100000000)
  region size 1024K, 5 young (5120K), 5 survivors (5120K)
 Metaspace       used 60264K, committed 61824K, reserved 1114112K
  class space    used 8032K, committed 8832K, reserved 1048576K
}
Event: 5.790 GC heap before
{Heap before GC invocations=22 (full 0):
 garbage-first heap   total 122880K, used 97165K [0x0000000080000000, 0x0000000100000000)
  region size 1024K, 39 young (39936K), 5 survivors (5120K)
 Metaspace       used 62353K, committed 64000K, reserved 1114112K
  class space    used 8299K, committed 9152K, reserved 1048576K
}
Event: 5.795 GC heap after
{Heap after GC invocations=23 (full 0):
 garbage-first heap   total 122880K, used 65177K [0x0000000080000000, 0x0000000100000000)
  region size 1024K, 3 young (3072K), 3 survivors (3072K)
 Metaspace       used 62353K, committed 64000K, reserved 1114112K
  class space    used 8299K, committed 9152K, reserved 1048576K
}
Event: 6.121 GC heap before
{Heap before GC invocations=24 (full 0):
 garbage-first heap   total 122880K, used 98969K [0x0000000080000000, 0x0000000100000000)
  region size 1024K, 36 young (36864K), 3 survivors (3072K)
 Metaspace       used 66341K, committed 67968K, reserved 1114112K
  class space    used 9003K, committed 9856K, reserved 1048576K
}
Event: 6.125 GC heap after
{Heap after GC invocations=25 (full 0):
 garbage-first heap   total 122880K, used 67585K [0x0000000080000000, 0x0000000100000000)
  region size 1024K, 3 young (3072K), 3 survivors (3072K)
 Metaspace       used 66341K, committed 67968K, reserved 1114112K
  class space    used 9003K, committed 9856K, reserved 1048576K
}
Event: 6.429 GC heap before
{Heap before GC invocations=25 (full 0):
 garbage-first heap   total 122880K, used 99329K [0x0000000080000000, 0x0000000100000000)
  region size 1024K, 34 young (34816K), 3 survivors (3072K)
 Metaspace       used 69092K, committed 70848K, reserved 1114112K
  class space    used 9400K, committed 10304K, reserved 1048576K
}
Event: 6.433 GC heap after
{Heap after GC invocations=26 (full 0):
 garbage-first heap   total 122880K, used 69965K [0x0000000080000000, 0x0000000100000000)
  region size 1024K, 5 young (5120K), 5 survivors (5120K)
 Metaspace       used 69092K, committed 70848K, reserved 1114112K
  class space    used 9400K, committed 10304K, reserved 1048576K
}
Event: 6.743 GC heap before
{Heap before GC invocations=27 (full 0):
 garbage-first heap   total 128000K, used 100685K [0x0000000080000000, 0x0000000100000000)
  region size 1024K, 35 young (35840K), 5 survivors (5120K)
 Metaspace       used 72328K, committed 74112K, reserved 1114112K
  class space    used 9871K, committed 10816K, reserved 1048576K
}
Event: 6.748 GC heap after
{Heap after GC invocations=28 (full 0):
 garbage-first heap   total 128000K, used 72311K [0x0000000080000000, 0x0000000100000000)
  region size 1024K, 5 young (5120K), 5 survivors (5120K)
 Metaspace       used 72328K, committed 74112K, reserved 1114112K
  class space    used 9871K, committed 10816K, reserved 1048576K
}
Event: 6.755 GC heap before
{Heap before GC invocations=28 (full 0):
 garbage-first heap   total 128000K, used 73335K [0x0000000080000000, 0x0000000100000000)
  region size 1024K, 6 young (6144K), 5 survivors (5120K)
 Metaspace       used 72461K, committed 74176K, reserved 1114112K
  class space    used 9895K, committed 10816K, reserved 1048576K
}
Event: 6.759 GC heap after
{Heap after GC invocations=29 (full 0):
 garbage-first heap   total 128000K, used 72283K [0x0000000080000000, 0x0000000100000000)
  region size 1024K, 1 young (1024K), 1 survivors (1024K)
 Metaspace       used 72461K, committed 74176K, reserved 1114112K
  class space    used 9895K, committed 10816K, reserved 1048576K
}
Event: 7.072 GC heap before
{Heap before GC invocations=29 (full 0):
 garbage-first heap   total 128000K, used 104027K [0x0000000080000000, 0x0000000100000000)
  region size 1024K, 33 young (33792K), 1 survivors (1024K)
 Metaspace       used 75872K, committed 77632K, reserved 1179648K
  class space    used 10285K, committed 11200K, reserved 1048576K
}

Deoptimization events (20 events):
Event: 6.996 Thread 0x000002884dcaf250 Uncommon trap: trap_request=0xffffffd6 fr.pc=0x000002883a44302c relative=0x00000000000006ec
Event: 6.996 Thread 0x000002884dcaf250 Uncommon trap: reason=array_check action=maybe_recompile pc=0x000002883a44302c method=java.util.TimSort.binarySort([Ljava/lang/Object;IIILjava/util/Comparator;)V @ 215 c2
Event: 6.996 Thread 0x000002884dcaf250 DEOPT PACKING pc=0x000002883a44302c sp=0x000000d1aedf9ab0
Event: 6.996 Thread 0x000002884dcaf250 DEOPT UNPACKING pc=0x00000288325123a3 sp=0x000000d1aedf9a48 mode 2
Event: 6.997 Thread 0x000002884dcaf250 Uncommon trap: trap_request=0xffffffd6 fr.pc=0x000002883a44326c relative=0x000000000000092c
Event: 6.997 Thread 0x000002884dcaf250 Uncommon trap: reason=array_check action=maybe_recompile pc=0x000002883a44326c method=java.util.TimSort.binarySort([Ljava/lang/Object;IIILjava/util/Comparator;)V @ 183 c2
Event: 6.997 Thread 0x000002884dcaf250 DEOPT PACKING pc=0x000002883a44326c sp=0x000000d1aedf9ab0
Event: 6.997 Thread 0x000002884dcaf250 DEOPT UNPACKING pc=0x00000288325123a3 sp=0x000000d1aedf9a48 mode 2
Event: 7.022 Thread 0x000002884dcaf250 Uncommon trap: trap_request=0xffffffbe fr.pc=0x000002883a39dd28 relative=0x0000000000000c68
Event: 7.022 Thread 0x000002884dcaf250 Uncommon trap: reason=profile_predicate action=maybe_recompile pc=0x000002883a39dd28 method=org.gradle.tooling.internal.provider.runner.ClientBuildEventGenerator.started(Lorg/gradle/internal/operations/BuildOperationDescriptor;Lorg/gradle/internal/operati
Event: 7.022 Thread 0x000002884dcaf250 DEOPT PACKING pc=0x000002883a39dd28 sp=0x000000d1aedf9aa0
Event: 7.022 Thread 0x000002884dcaf250 DEOPT UNPACKING pc=0x00000288325123a3 sp=0x000000d1aedf9a58 mode 2
Event: 7.022 Thread 0x000002884dcaf250 Uncommon trap: trap_request=0xffffffbe fr.pc=0x000002883a39dd28 relative=0x0000000000000c68
Event: 7.022 Thread 0x000002884dcaf250 Uncommon trap: reason=profile_predicate action=maybe_recompile pc=0x000002883a39dd28 method=org.gradle.tooling.internal.provider.runner.ClientBuildEventGenerator.started(Lorg/gradle/internal/operations/BuildOperationDescriptor;Lorg/gradle/internal/operati
Event: 7.022 Thread 0x000002884dcaf250 DEOPT PACKING pc=0x000002883a39dd28 sp=0x000000d1aedf9aa0
Event: 7.022 Thread 0x000002884dcaf250 DEOPT UNPACKING pc=0x00000288325123a3 sp=0x000000d1aedf9a58 mode 2
Event: 7.022 Thread 0x000002884dcaf250 Uncommon trap: trap_request=0xffffffbe fr.pc=0x000002883a39dd28 relative=0x0000000000000c68
Event: 7.022 Thread 0x000002884dcaf250 Uncommon trap: reason=profile_predicate action=maybe_recompile pc=0x000002883a39dd28 method=org.gradle.tooling.internal.provider.runner.ClientBuildEventGenerator.started(Lorg/gradle/internal/operations/BuildOperationDescriptor;Lorg/gradle/internal/operati
Event: 7.022 Thread 0x000002884dcaf250 DEOPT PACKING pc=0x000002883a39dd28 sp=0x000000d1aedf9310
Event: 7.022 Thread 0x000002884dcaf250 DEOPT UNPACKING pc=0x00000288325123a3 sp=0x000000d1aedf92c8 mode 2

Classes loaded (20 events):
Event: 6.820 Loading class java/util/EnumMap$EntryIterator$Entry
Event: 6.820 Loading class java/util/EnumMap$EntryIterator$Entry done
Event: 6.999 Loading class java/util/TreeMap$DescendingSubMap
Event: 6.999 Loading class java/util/TreeMap$NavigableSubMap
Event: 7.000 Loading class java/util/TreeMap$NavigableSubMap done
Event: 7.000 Loading class java/util/TreeMap$DescendingSubMap done
Event: 7.000 Loading class java/util/TreeMap$NavigableSubMap$DescendingSubMapKeyIterator
Event: 7.001 Loading class java/util/TreeMap$NavigableSubMap$SubMapIterator
Event: 7.001 Loading class java/util/TreeMap$NavigableSubMap$SubMapIterator done
Event: 7.001 Loading class java/util/TreeMap$NavigableSubMap$DescendingSubMapKeyIterator done
Event: 7.002 Loading class java/util/stream/ReferencePipeline$4
Event: 7.003 Loading class java/util/stream/ReferencePipeline$4 done
Event: 7.003 Loading class java/util/function/IntBinaryOperator
Event: 7.003 Loading class java/util/function/IntBinaryOperator done
Event: 7.003 Loading class java/util/stream/ReduceOps$7
Event: 7.003 Loading class java/util/stream/ReduceOps$7 done
Event: 7.003 Loading class java/util/stream/ReduceOps$6ReducingSink
Event: 7.003 Loading class java/util/stream/ReduceOps$6ReducingSink done
Event: 7.003 Loading class java/util/stream/ReferencePipeline$4$1
Event: 7.003 Loading class java/util/stream/ReferencePipeline$4$1 done

Classes unloaded (0 events):
No events

Classes redefined (0 events):
No events

Internal exceptions (20 events):
Event: 6.149 Thread 0x000002884dcaf250 Exception <a 'java/lang/ClassNotFoundException'{0x0000000087ccb878}: com/android/build/gradle/internal/api/ReadOnlyBuildTypeCustomizer> (0x0000000087ccb878) 
thrown [s\open\src\hotspot\share\classfile\systemDictionary.cpp, line 255]
Event: 6.261 Thread 0x000002884dcaf250 Implicit null exception at 0x000002883a39d324 to 0x000002883a39dd10
Event: 6.261 Thread 0x000002884dcaf250 Implicit null exception at 0x000002883a25170f to 0x000002883a251c98
Event: 6.262 Thread 0x000002884dcaf250 Implicit null exception at 0x000002883a252494 to 0x000002883a252a28
Event: 6.365 Thread 0x000002884dcaf250 Exception <a 'java/lang/NoSuchMethodError'{0x00000000861c0828}: 'java.lang.Object java.lang.invoke.DirectMethodHandle$Holder.newInvokeSpecial(java.lang.Object, java.lang.Object, java.lang.Object, java.lang.Object, java.lang.Object, java.lang.Object, java.lang.Object, java.lang.Object, java.lang.Object, java.lang.Object, java.lang.Object, java.lang.Object, java.lang.Object, java.lang.Object)'> (0x00000000861c0828) 
thrown [s\open\src\hotspot\share\interpreter\linkResolver.cpp, line 766]
Event: 6.439 Thread 0x000002884dcaf250 Exception <a 'java/lang/NoSuchMethodError'{0x0000000087d9e9a0}: 'java.lang.Object java.lang.invoke.DirectMethodHandle$Holder.newInvokeSpecial(java.lang.Object, java.lang.Object, int)'> (0x0000000087d9e9a0) 
thrown [s\open\src\hotspot\share\interpreter\linkResolver.cpp, line 766]
Event: 6.590 Thread 0x000002884dcaf250 Exception <a 'sun/nio/fs/WindowsException'{0x0000000086f9f418}> (0x0000000086f9f418) 
thrown [s\open\src\hotspot\share\prims\jni.cpp, line 516]
Event: 6.590 Thread 0x000002884dcaf250 Exception <a 'sun/nio/fs/WindowsException'{0x0000000086f9f9e8}> (0x0000000086f9f9e8) 
thrown [s\open\src\hotspot\share\prims\jni.cpp, line 516]
Event: 6.652 Thread 0x000002884dcaf250 Exception <a 'java/lang/NullPointerException'{0x000000008688b940}> (0x000000008688b940) 
thrown [s\open\src\hotspot\share\interpreter\linkResolver.cpp, line 1440]
Event: 6.819 Thread 0x000002884dcaf250 Exception <a 'sun/nio/fs/WindowsException'{0x0000000087833f20}> (0x0000000087833f20) 
thrown [s\open\src\hotspot\share\prims\jni.cpp, line 516]
Event: 6.819 Thread 0x000002884dcaf250 Exception <a 'sun/nio/fs/WindowsException'{0x00000000878352f0}> (0x00000000878352f0) 
thrown [s\open\src\hotspot\share\prims\jni.cpp, line 516]
Event: 6.819 Thread 0x000002884dcaf250 Exception <a 'sun/nio/fs/WindowsException'{0x00000000878366f8}> (0x00000000878366f8) 
thrown [s\open\src\hotspot\share\prims\jni.cpp, line 516]
Event: 6.819 Thread 0x000002884dcaf250 Exception <a 'sun/nio/fs/WindowsException'{0x0000000087837b00}> (0x0000000087837b00) 
thrown [s\open\src\hotspot\share\prims\jni.cpp, line 516]
Event: 6.910 Thread 0x000002884dcaf250 Exception <a 'java/lang/NoSuchMethodError'{0x0000000086eb8c78}: 'java.lang.Object java.lang.invoke.DirectMethodHandle$Holder.invokeStatic(java.lang.Object, java.lang.Object, int, int)'> (0x0000000086eb8c78) 
thrown [s\open\src\hotspot\share\interpreter\linkResolver.cpp, line 766]
Event: 6.910 Thread 0x000002884dcaf250 Exception <a 'java/lang/NoSuchMethodError'{0x0000000086ec0ab8}: 'java.lang.Object java.lang.invoke.DirectMethodHandle$Holder.newInvokeSpecial(java.lang.Object, java.lang.Object, int, int)'> (0x0000000086ec0ab8) 
thrown [s\open\src\hotspot\share\interpreter\linkResolver.cpp, line 766]
Event: 6.910 Thread 0x000002884dcaf250 Exception <a 'java/lang/NoSuchMethodError'{0x0000000086ec57d8}: 'java.lang.Object java.lang.invoke.DirectMethodHandle$Holder.invokeSpecial(java.lang.Object, java.lang.Object, java.lang.Object, int, int)'> (0x0000000086ec57d8) 
thrown [s\open\src\hotspot\share\interpreter\linkResolver.cpp, line 766]
Event: 6.993 Thread 0x000002884dcaf250 Implicit null exception at 0x000002883a443890 to 0x000002883a443970
Event: 7.022 Thread 0x000002884dcaf250 Implicit null exception at 0x000002883a39d324 to 0x000002883a39dd10
Event: 7.022 Thread 0x000002884dcaf250 Implicit null exception at 0x000002883a39d324 to 0x000002883a39dd10
Event: 7.022 Thread 0x000002884dcaf250 Implicit null exception at 0x000002883a39d324 to 0x000002883a39dd10

VM Operations (20 events):
Event: 6.403 Executing VM operation: ICBufferFull done
Event: 6.429 Executing VM operation: G1CollectForAllocation
Event: 6.433 Executing VM operation: G1CollectForAllocation done
Event: 6.478 Executing VM operation: G1Concurrent
Event: 6.484 Executing VM operation: G1Concurrent done
Event: 6.508 Executing VM operation: G1Concurrent
Event: 6.508 Executing VM operation: G1Concurrent done
Event: 6.631 Executing VM operation: HandshakeAllThreads
Event: 6.631 Executing VM operation: HandshakeAllThreads done
Event: 6.743 Executing VM operation: G1CollectForAllocation
Event: 6.748 Executing VM operation: G1CollectForAllocation done
Event: 6.755 Executing VM operation: G1CollectForAllocation
Event: 6.759 Executing VM operation: G1CollectForAllocation done
Event: 6.830 Executing VM operation: HandshakeAllThreads
Event: 6.830 Executing VM operation: HandshakeAllThreads done
Event: 6.921 Executing VM operation: HandshakeAllThreads
Event: 6.921 Executing VM operation: HandshakeAllThreads done
Event: 6.991 Executing VM operation: ICBufferFull
Event: 6.991 Executing VM operation: ICBufferFull done
Event: 7.072 Executing VM operation: G1CollectForAllocation

Events (20 events):
Event: 3.660 Thread 0x00000288512f22b0 Thread added: 0x00000288512f22b0
Event: 3.661 Thread 0x00000288512f2780 Thread added: 0x00000288512f2780
Event: 3.661 Thread 0x00000288512f35f0 Thread added: 0x00000288512f35f0
Event: 3.661 Thread 0x00000288512ec740 Thread added: 0x00000288512ec740
Event: 3.661 Thread 0x00000288512ecc10 Thread added: 0x00000288512ecc10
Event: 3.662 Thread 0x00000288512ed5b0 Thread added: 0x00000288512ed5b0
Event: 3.662 Thread 0x00000288512ee420 Thread added: 0x00000288512ee420
Event: 3.664 Thread 0x00000288512f0100 Thread added: 0x00000288512f0100
Event: 3.664 Thread 0x00000288512f05d0 Thread added: 0x00000288512f05d0
Event: 3.665 Thread 0x00000288512ed0e0 Thread added: 0x00000288512ed0e0
Event: 3.736 Thread 0x00000288512ee8f0 Thread added: 0x00000288512ee8f0
Event: 3.736 Thread 0x00000288512f0aa0 Thread added: 0x00000288512f0aa0
Event: 3.736 Thread 0x00000288512eda80 Thread added: 0x00000288512eda80
Event: 3.736 Thread 0x00000288512f0f70 Thread added: 0x00000288512f0f70
Event: 3.736 Thread 0x00000288512eedc0 Thread added: 0x00000288512eedc0
Event: 4.640 Thread 0x0000028853667ef0 Thread added: 0x0000028853667ef0
Event: 5.426 Thread 0x0000028848e15560 flushing nmethod 0x0000028832c56e90
Event: 5.427 Thread 0x0000028848e15560 flushing nmethod 0x0000028832f70f90
Event: 5.428 Thread 0x0000028848e15560 flushing nmethod 0x000002883313be10
Event: 7.021 Thread 0x0000028853665d40 Thread added: 0x0000028853665d40


Dynamic libraries:
0x00007ff7607d0000 - 0x00007ff7607e0000 	C:\Program Files\Java\jdk-18.0.1.1\bin\java.exe
0x00007fffee900000 - 0x00007fffeeb09000 	C:\WINDOWS\SYSTEM32\ntdll.dll
0x00007fffedde0000 - 0x00007fffede9d000 	C:\WINDOWS\System32\KERNEL32.DLL
0x00007fffebe80000 - 0x00007fffec1f9000 	C:\WINDOWS\System32\KERNELBASE.dll
0x00007fffec5d0000 - 0x00007fffec6e1000 	C:\WINDOWS\System32\ucrtbase.dll
0x00007fffd5df0000 - 0x00007fffd5e08000 	C:\Program Files\Java\jdk-18.0.1.1\bin\jli.dll
0x00007fffd5070000 - 0x00007fffd508a000 	C:\Program Files\Java\jdk-18.0.1.1\bin\VCRUNTIME140.dll
0x00007fffedf10000 - 0x00007fffedfbe000 	C:\WINDOWS\System32\ADVAPI32.dll
0x00007fffecb80000 - 0x00007fffecc23000 	C:\WINDOWS\System32\msvcrt.dll
0x00007fffee680000 - 0x00007fffee71e000 	C:\WINDOWS\System32\sechost.dll
0x00007fffee040000 - 0x00007fffee160000 	C:\WINDOWS\System32\RPCRT4.dll
0x00007fffec950000 - 0x00007fffecafc000 	C:\WINDOWS\System32\USER32.dll
0x00007fffebe50000 - 0x00007fffebe76000 	C:\WINDOWS\System32\win32u.dll
0x00007fffc41e0000 - 0x00007fffc4485000 	C:\WINDOWS\WinSxS\amd64_microsoft.windows.common-controls_6595b64144ccf1df_6.0.22000.120_none_9d947278b86cc467\COMCTL32.dll
0x00007fffecc60000 - 0x00007fffecc89000 	C:\WINDOWS\System32\GDI32.dll
0x00007fffec340000 - 0x00007fffec452000 	C:\WINDOWS\System32\gdi32full.dll
0x00007fffec6f0000 - 0x00007fffec78d000 	C:\WINDOWS\System32\msvcp_win.dll
0x00007fffe6640000 - 0x00007fffe664a000 	C:\WINDOWS\SYSTEM32\VERSION.dll
0x00007fffee640000 - 0x00007fffee671000 	C:\WINDOWS\System32\IMM32.DLL
0x00007fffd88e0000 - 0x00007fffd88ec000 	C:\Program Files\Java\jdk-18.0.1.1\bin\vcruntime140_1.dll
0x00007fffd4fe0000 - 0x00007fffd506d000 	C:\Program Files\Java\jdk-18.0.1.1\bin\msvcp140.dll
0x00007fff4ee70000 - 0x00007fff4fa80000 	C:\Program Files\Java\jdk-18.0.1.1\bin\server\jvm.dll
0x00007fffecca0000 - 0x00007fffecca8000 	C:\WINDOWS\System32\PSAPI.DLL
0x00007fffe73c0000 - 0x00007fffe73c9000 	C:\WINDOWS\SYSTEM32\WSOCK32.dll
0x00007fffe6aa0000 - 0x00007fffe6ad3000 	C:\WINDOWS\SYSTEM32\WINMM.dll
0x00007fffee160000 - 0x00007fffee1cf000 	C:\WINDOWS\System32\WS2_32.dll
0x00007fffeafd0000 - 0x00007fffeafe8000 	C:\WINDOWS\SYSTEM32\kernel.appcore.dll
0x00007fffd88c0000 - 0x00007fffd88ca000 	C:\Program Files\Java\jdk-18.0.1.1\bin\jimage.dll
0x00007fffe9920000 - 0x00007fffe9b41000 	C:\WINDOWS\SYSTEM32\DBGHELP.DLL
0x00007fffdf790000 - 0x00007fffdf7c1000 	C:\WINDOWS\SYSTEM32\dbgcore.DLL
0x00007fffec2c0000 - 0x00007fffec33f000 	C:\WINDOWS\System32\bcryptPrimitives.dll
0x00007fffd4fb0000 - 0x00007fffd4fd5000 	C:\Program Files\Java\jdk-18.0.1.1\bin\java.dll
0x00007fffd1760000 - 0x00007fffd1836000 	C:\Program Files\Java\jdk-18.0.1.1\bin\jsvml.dll
0x00007fffed0c0000 - 0x00007fffed878000 	C:\WINDOWS\System32\SHELL32.dll
0x00007fffe9f60000 - 0x00007fffea7c7000 	C:\WINDOWS\SYSTEM32\windows.storage.dll
0x00007fffed8e0000 - 0x00007fffedc59000 	C:\WINDOWS\System32\combase.dll
0x00007fffe9df0000 - 0x00007fffe9f56000 	C:\WINDOWS\SYSTEM32\wintypes.dll
0x00007fffedcf0000 - 0x00007fffeddda000 	C:\WINDOWS\System32\SHCORE.dll
0x00007fffedeb0000 - 0x00007fffedf0d000 	C:\WINDOWS\System32\shlwapi.dll
0x00007fffebd10000 - 0x00007fffebd31000 	C:\WINDOWS\SYSTEM32\profapi.dll
0x00007fffd1740000 - 0x00007fffd1753000 	C:\Program Files\Java\jdk-18.0.1.1\bin\net.dll
0x00007fffe6280000 - 0x00007fffe638c000 	C:\WINDOWS\SYSTEM32\WINHTTP.dll
0x00007fffeb400000 - 0x00007fffeb467000 	C:\WINDOWS\system32\mswsock.dll
0x00007fffd1720000 - 0x00007fffd1736000 	C:\Program Files\Java\jdk-18.0.1.1\bin\nio.dll
0x00007fffd1700000 - 0x00007fffd1718000 	C:\Program Files\Java\jdk-18.0.1.1\bin\zip.dll
0x00007fffd8410000 - 0x00007fffd8420000 	C:\Program Files\Java\jdk-18.0.1.1\bin\verify.dll
0x00007fffd88f0000 - 0x00007fffd8917000 	C:\Program Files\Java\jre1.8.0_333\native\e1d6ef7f7dcc3fd88c89a11ec53ec762bb8ba0a96d01ffa2cd45eb1d1d8dd5c5\windows-amd64\native-platform.dll
0x00007fffcc2d0000 - 0x00007fffcc414000 	C:\Program Files\Java\jre1.8.0_333\native\5664cfc778a61ccfe75a443a1ab52a65af34e5dc3c78e0209fed803814484fcb\windows-amd64\native-platform-file-events.dll
0x00007fffe87a0000 - 0x00007fffe87a9000 	C:\Program Files\Java\jdk-18.0.1.1\bin\management.dll
0x00007fffe8790000 - 0x00007fffe879b000 	C:\Program Files\Java\jdk-18.0.1.1\bin\management_ext.dll
0x00007fffeb640000 - 0x00007fffeb658000 	C:\WINDOWS\SYSTEM32\CRYPTSP.dll
0x00007fffeaf30000 - 0x00007fffeaf65000 	C:\WINDOWS\system32\rsaenh.dll
0x00007fffeb4f0000 - 0x00007fffeb519000 	C:\WINDOWS\SYSTEM32\USERENV.dll
0x00007fffeb7c0000 - 0x00007fffeb7e7000 	C:\WINDOWS\SYSTEM32\bcrypt.dll
0x00007fffeb660000 - 0x00007fffeb66c000 	C:\WINDOWS\SYSTEM32\CRYPTBASE.dll
0x00007fffeab00000 - 0x00007fffeab2d000 	C:\WINDOWS\SYSTEM32\IPHLPAPI.DLL
0x00007fffecc90000 - 0x00007fffecc99000 	C:\WINDOWS\System32\NSI.dll
0x00007fffe6600000 - 0x00007fffe6619000 	C:\WINDOWS\SYSTEM32\dhcpcsvc6.DLL
0x00007fffe6810000 - 0x00007fffe682e000 	C:\WINDOWS\SYSTEM32\dhcpcsvc.DLL
0x00007fffeab70000 - 0x00007fffeac58000 	C:\WINDOWS\SYSTEM32\DNSAPI.dll

dbghelp: loaded successfully - version: 4.0.5 - missing functions: none
symbol engine: initialized successfully - sym options: 0x614 - pdb path: .;C:\Program Files\Java\jdk-18.0.1.1\bin;C:\WINDOWS\SYSTEM32;C:\WINDOWS\WinSxS\amd64_microsoft.windows.common-controls_6595b64144ccf1df_6.0.22000.120_none_9d947278b86cc467;C:\Program Files\Java\jdk-18.0.1.1\bin\server;C:\Program Files\Java\jre1.8.0_333\native\e1d6ef7f7dcc3fd88c89a11ec53ec762bb8ba0a96d01ffa2cd45eb1d1d8dd5c5\windows-amd64;C:\Program Files\Java\jre1.8.0_333\native\5664cfc778a61ccfe75a443a1ab52a65af34e5dc3c78e0209fed803814484fcb\windows-amd64

VM Arguments:
jvm_args: --add-opens=java.base/java.util=ALL-UNNAMED --add-opens=java.base/java.lang=ALL-UNNAMED --add-opens=java.base/java.lang.invoke=ALL-UNNAMED --add-opens=java.base/java.util=ALL-UNNAMED --add-opens=java.prefs/java.util.prefs=ALL-UNNAMED --add-opens=java.prefs/java.util.prefs=ALL-UNNAMED --add-opens=java.base/java.nio.charset=ALL-UNNAMED --add-opens=java.base/java.net=ALL-UNNAMED --add-opens=java.base/java.util.concurrent.atomic=ALL-UNNAMED -Xmx2048m -Dfile.encoding=UTF-8 -Duser.country=US -Duser.language=en -Duser.variant 
java_command: org.gradle.launcher.daemon.bootstrap.GradleDaemon 7.3.3
java_class_path (initial): C:\Program Files\Java\jre1.8.0_333\wrapper\dists\gradle-7.3.3-bin\6a41zxkdtcxs8rphpq6y0069z\gradle-7.3.3\lib\gradle-launcher-7.3.3.jar
Launcher Type: SUN_STANDARD

[Global flags]
     intx CICompilerCount                          = 4                                         {product} {ergonomic}
     uint ConcGCThreads                            = 2                                         {product} {ergonomic}
     uint G1ConcRefinementThreads                  = 8                                         {product} {ergonomic}
   size_t G1HeapRegionSize                         = 1048576                                   {product} {ergonomic}
    uintx GCDrainStackTargetSize                   = 64                                        {product} {ergonomic}
   size_t InitialHeapSize                          = 132120576                                 {product} {ergonomic}
   size_t MarkStackSize                            = 4194304                                   {product} {ergonomic}
   size_t MaxHeapSize                              = 2147483648                                {product} {command line}
   size_t MaxNewSize                               = 1287651328                                {product} {ergonomic}
   size_t MinHeapDeltaBytes                        = 1048576                                   {product} {ergonomic}
   size_t MinHeapSize                              = 8388608                                   {product} {ergonomic}
    uintx NonNMethodCodeHeapSize                   = 5839372                                {pd product} {ergonomic}
    uintx NonProfiledCodeHeapSize                  = 122909434                              {pd product} {ergonomic}
    uintx ProfiledCodeHeapSize                     = 122909434                              {pd product} {ergonomic}
    uintx ReservedCodeCacheSize                    = 251658240                              {pd product} {ergonomic}
     bool SegmentedCodeCache                       = true                                      {product} {ergonomic}
   size_t SoftMaxHeapSize                          = 2147483648                             {manageable} {ergonomic}
     bool UseCompressedClassPointers               = true                           {product lp64_product} {ergonomic}
     bool UseCompressedOops                        = true                           {product lp64_product} {ergonomic}
     bool UseG1GC                                  = true                                      {product} {ergonomic}
     bool UseLargePagesIndividualAllocation        = false                                  {pd product} {ergonomic}

Logging:
Log output configuration:
 #0: stdout all=warning uptime,level,tags foldmultilines=false
 #1: stderr all=off uptime,level,tags foldmultilines=false

Environment Variables:
JAVA_HOME=C:\Program Files\Java\jdk-18.0.1.1
PATH=C:\Program Files\Common Files\Oracle\Java\javapath;C:\Windows\system32;C:\Windows;C:\Windows\System32\Wbem;C:\Windows\System32\WindowsPowerShell\v1.0\;C:\Windows\System32\OpenSSH\;C:\Program Files (x86)\NVIDIA Corporation\PhysX\Common;C:\Program Files\NVIDIA Corporation\NVIDIA NvDLISR;F:\Git\cmd;C:\WINDOWS\system32;C:\WINDOWS;C:\WINDOWS\System32\Wbem;C:\WINDOWS\System32\WindowsPowerShell\v1.0\;C:\WINDOWS\System32\OpenSSH\;C:\Program Files\Java\jdk-18.0.1.1\bin;C:\Program Files\Java\jdk-18.0.1.1\bin;D:\flutter\bin;C:\Program Files\JetBrains\IntelliJ IDEA Community Edition 2021.3.2\bin;;C:\Users\NoteBook TANDIS\AppData\Local\Microsoft\WindowsApps;dart-sdk;;C:\Users\NoteBook TANDIS\AppData\Local\Programs\Microsoft VS Code\bin
USERNAME=NoteBook TANDIS
OS=Windows_NT
PROCESSOR_IDENTIFIER=Intel64 Family 6 Model 165 Stepping 2, GenuineIntel



---------------  S Y S T E M  ---------------

OS:
 Windows 11 , 64 bit Build 22000 (10.0.22000.708)
OS uptime: 0 days 0:34 hours

CPU: total 8 (initial active 8) (4 cores per cpu, 2 threads per core) family 6 model 165 stepping 2 microcode 0xea, cx8, cmov, fxsr, ht, mmx, 3dnowpref, sse, sse2, sse3, ssse3, sse4.1, sse4.2, popcnt, lzcnt, tsc, tscinvbit, avx, avx2, aes, erms, clmul, bmi1, bmi2, adx, fma, vzeroupper, clflush, clflushopt

Memory: 4k page, system-wide physical 8023M (395M free)
TotalPageFile size 11023M (AvailPageFile size 55M)
current process WorkingSet (physical memory assigned to process): 366M, peak: 367M
current process commit charge ("private bytes"): 410M, peak: 534M

vm_info: Java HotSpot(TM) 64-Bit Server VM (18.0.1.1+2-6) for windows-amd64 JRE (18.0.1.1+2-6), built on Apr 25 2022 21:53:15 by "mach5one" with MS VC++ 16.8 / 16.9 (VS2019)

END.
