#
# There is insufficient memory for the Java Runtime Environment to continue.
# Native memory allocation (mmap) failed to map 91226112 bytes for G1 virtual space
# Possible reasons:
#   The system is out of physical RAM or swap space
#   The process is running with CompressedOops enabled, and the Java Heap may be blocking the growth of the native heap
# Possible solutions:
#   Reduce memory load on the system
#   Increase physical memory or swap space
#   Check if swap backing store is full
#   Decrease Java heap size (-Xmx/-Xms)
#   Decrease number of Java threads
#   Decrease Java thread stack sizes (-Xss)
#   Set larger code cache with -XX:ReservedCodeCacheSize=
#   JVM is running with Unscaled Compressed Oops mode in which the Java heap is
#     placed in the first 4GB address space. The Java Heap base address is the
#     maximum limit for the native heap growth. Please use -XX:HeapBaseMinAddress
#     to set the Java Heap base and to place the Java Heap above 4GB virtual address.
# This output file may be truncated or incomplete.
#
#  Out of Memory Error (os_windows.cpp:3530), pid=16388, tid=4632
#
# JRE version: Java(TM) SE Runtime Environment (18.0.1.1+2) (build 18.0.1.1+2-6)
# Java VM: Java HotSpot(TM) 64-Bit Server VM (18.0.1.1+2-6, mixed mode, sharing, tiered, compressed oops, compressed class ptrs, g1 gc, windows-amd64)
# No core dump will be written. Minidumps are not enabled by default on client versions of Windows
#

---------------  S U M M A R Y ------------

Command Line: --add-opens=java.base/java.util=ALL-UNNAMED --add-opens=java.base/java.lang=ALL-UNNAMED --add-opens=java.base/java.lang.invoke=ALL-UNNAMED --add-opens=java.base/java.util=ALL-UNNAMED --add-opens=java.prefs/java.util.prefs=ALL-UNNAMED --add-opens=java.prefs/java.util.prefs=ALL-UNNAMED --add-opens=java.base/java.nio.charset=ALL-UNNAMED --add-opens=java.base/java.net=ALL-UNNAMED --add-opens=java.base/java.util.concurrent.atomic=ALL-UNNAMED -Xmx2048m -Dfile.encoding=UTF-8 -Duser.country=US -Duser.language=en -Duser.variant org.gradle.launcher.daemon.bootstrap.GradleDaemon 7.3.3

Host: Intel(R) Core(TM) i5-10300H CPU @ 2.50GHz, 8 cores, 7G,  Windows 11 , 64 bit Build 22000 (10.0.22000.708)
Time: Mon Jul 11 12:19:26 2022 Iran Daylight Time elapsed time: 5.166670 seconds (0d 0h 0m 5s)

---------------  T H R E A D  ---------------

Current thread (0x00000145aa319b90):  VMThread "VM Thread" [stack: 0x0000002027700000,0x0000002027800000] [id=4632]

Stack: [0x0000002027700000,0x0000002027800000]
Native frames: (J=compiled Java code, j=interpreted, Vv=VM code, C=native code)
V  [jvm.dll+0x69887a]
V  [jvm.dll+0x7f38bd]
V  [jvm.dll+0x7f51ce]
V  [jvm.dll+0x7f5883]
V  [jvm.dll+0x25ca3f]
V  [jvm.dll+0x6957c9]
V  [jvm.dll+0x68a2fa]
V  [jvm.dll+0x321efb]
V  [jvm.dll+0x3298d6]
V  [jvm.dll+0x37e47e]
V  [jvm.dll+0x37e6af]
V  [jvm.dll+0x2f9c7a]
V  [jvm.dll+0x2f9d27]
V  [jvm.dll+0x33e262]
V  [jvm.dll+0x33c804]
V  [jvm.dll+0x2f9450]
V  [jvm.dll+0x33bddb]
V  [jvm.dll+0x7fa66b]
V  [jvm.dll+0x7fb404]
V  [jvm.dll+0x7fb93c]
V  [jvm.dll+0x7fbd94]
V  [jvm.dll+0x7fbe57]
V  [jvm.dll+0x7a03ea]
V  [jvm.dll+0x697725]
C  [ucrtbase.dll+0x26c0c]
C  [KERNEL32.DLL+0x154e0]
C  [ntdll.dll+0x485b]

VM_Operation (0x0000002028ff3480): G1CollectForAllocation, mode: safepoint, requested by thread 0x00000145b074a470


---------------  P R O C E S S  ---------------

Threads class SMR info:
_java_thread_list=0x00000145af198160, length=124, elements={
0x000001458a112dc0, 0x00000145aa31d560, 0x00000145aa31e1c0, 0x00000145aa3364f0,
0x00000145aa337db0, 0x00000145aa338750, 0x00000145aa339700, 0x00000145aa33f8e0,
0x00000145aa34b210, 0x00000145aa357f00, 0x00000145ae5cca50, 0x00000145ae5cfb60,
0x00000145ae63b5e0, 0x00000145af284a50, 0x00000145aef49450, 0x00000145afeb5590,
0x00000145aeff9870, 0x00000145afe315b0, 0x00000145afce82e0, 0x00000145b074a470,
0x00000145b0591d20, 0x00000145b058fb70, 0x00000145b05926c0, 0x00000145b0591850,
0x00000145b05921f0, 0x00000145b0592b90, 0x00000145b0590040, 0x00000145b0590510,
0x00000145b05909e0, 0x00000145b0590eb0, 0x00000145b0591380, 0x00000145b074dfe0,
0x00000145b074d640, 0x00000145b07519a0, 0x00000145b0750b30, 0x00000145b074e4b0,
0x00000145b0750190, 0x00000145b074db10, 0x00000145b074e980, 0x00000145b0750660,
0x00000145b074ee50, 0x00000145b0751e70, 0x00000145b074b960, 0x00000145b074be30,
0x00000145b074cca0, 0x00000145b074d170, 0x00000145b354f490, 0x00000145b3550300,
0x00000145b354dc80, 0x00000145b354d2e0, 0x00000145b3550ca0, 0x00000145b35524b0,
0x00000145b3554190, 0x00000145b354eaf0, 0x00000145b3552e50, 0x00000145b354f960,
0x00000145b3551b10, 0x00000145b3553320, 0x00000145b3554660, 0x00000145b35507d0,
0x00000145b354efc0, 0x00000145b3551fe0, 0x00000145b35537f0, 0x00000145b3552980,
0x00000145b3554b30, 0x00000145b3551170, 0x00000145b3551640, 0x00000145b354d7b0,
0x00000145b354fe30, 0x00000145b354e150, 0x00000145b354e620, 0x00000145b35fa3a0,
0x00000145b35f6eb0, 0x00000145b35fc550, 0x00000145b35fcef0, 0x00000145b35f86c0,
0x00000145b35f6510, 0x00000145b35f9530, 0x00000145b35fbbb0, 0x00000145b35f9a00,
0x00000145b35f7380, 0x00000145b35f9ed0, 0x00000145b35f5b70, 0x00000145b35f9060,
0x00000145b35f56a0, 0x00000145b35f69e0, 0x00000145b35f81f0, 0x00000145b35fa870,
0x00000145b35f8b90, 0x00000145b35fca20, 0x00000145b35f6040, 0x00000145b35fad40,
0x00000145b35f7850, 0x00000145b35f7d20, 0x00000145b35fc080, 0x00000145b35fb210,
0x00000145b35fb6e0, 0x00000145b3632690, 0x00000145b362ecd0, 0x00000145b362c650,
0x00000145b3631820, 0x00000145b362e330, 0x00000145b362de60, 0x00000145b3631cf0,
0x00000145b3632b60, 0x00000145b36321c0, 0x00000145b362cb20, 0x00000145b3633030,
0x00000145b362f1a0, 0x00000145b362cff0, 0x00000145b362e800, 0x00000145b362b7e0,
0x00000145b362c180, 0x00000145b362f670, 0x00000145b362d4c0, 0x00000145b3631350,
0x00000145b362d990, 0x00000145b362fb40, 0x00000145b362bcb0, 0x00000145b3630010,
0x00000145b36304e0, 0x00000145b36309b0, 0x00000145b3630e80, 0x00000145b33004c0
}

Java Threads: ( => current thread )
  0x000001458a112dc0 JavaThread "main" [_thread_blocked, id=2404, stack(0x0000002027100000,0x0000002027200000)]
  0x00000145aa31d560 JavaThread "Reference Handler" daemon [_thread_blocked, id=16376, stack(0x0000002027800000,0x0000002027900000)]
  0x00000145aa31e1c0 JavaThread "Finalizer" daemon [_thread_blocked, id=16412, stack(0x0000002027900000,0x0000002027a00000)]
  0x00000145aa3364f0 JavaThread "Signal Dispatcher" daemon [_thread_blocked, id=2436, stack(0x0000002027a00000,0x0000002027b00000)]
  0x00000145aa337db0 JavaThread "Attach Listener" daemon [_thread_blocked, id=11456, stack(0x0000002027b00000,0x0000002027c00000)]
  0x00000145aa338750 JavaThread "Service Thread" daemon [_thread_blocked, id=9088, stack(0x0000002027c00000,0x0000002027d00000)]
  0x00000145aa339700 JavaThread "Monitor Deflation Thread" daemon [_thread_blocked, id=12232, stack(0x0000002027d00000,0x0000002027e00000)]
  0x00000145aa33f8e0 JavaThread "C2 CompilerThread0" daemon [_thread_blocked, id=5028, stack(0x0000002027e00000,0x0000002027f00000)]
  0x00000145aa34b210 JavaThread "C1 CompilerThread0" daemon [_thread_blocked, id=9748, stack(0x0000002027f00000,0x0000002028000000)]
  0x00000145aa357f00 JavaThread "Sweeper thread" daemon [_thread_blocked, id=13660, stack(0x0000002028000000,0x0000002028100000)]
  0x00000145ae5cca50 JavaThread "Common-Cleaner" daemon [_thread_blocked, id=16684, stack(0x0000002028100000,0x0000002028200000)]
  0x00000145ae5cfb60 JavaThread "Notification Thread" daemon [_thread_blocked, id=2088, stack(0x0000002028200000,0x0000002028300000)]
  0x00000145ae63b5e0 JavaThread "C2 CompilerThread1" daemon [_thread_blocked, id=5260, stack(0x0000002028400000,0x0000002028500000)]
  0x00000145af284a50 JavaThread "Daemon health stats" [_thread_blocked, id=9524, stack(0x0000002028a00000,0x0000002028b00000)]
  0x00000145aef49450 JavaThread "Incoming local TCP Connector on port 59916" [_thread_in_native, id=15356, stack(0x0000002028900000,0x0000002028a00000)]
  0x00000145afeb5590 JavaThread "Daemon periodic checks" [_thread_blocked, id=13136, stack(0x0000002028b00000,0x0000002028c00000)]
  0x00000145aeff9870 JavaThread "Daemon" [_thread_blocked, id=12636, stack(0x0000002028c00000,0x0000002028d00000)]
  0x00000145afe315b0 JavaThread "Handler for socket connection from /127.0.0.1:59916 to /127.0.0.1:59917" [_thread_in_native, id=10352, stack(0x0000002028d00000,0x0000002028e00000)]
  0x00000145afce82e0 JavaThread "Cancel handler" [_thread_blocked, id=16144, stack(0x0000002028e00000,0x0000002028f00000)]
  0x00000145b074a470 JavaThread "Daemon worker" [_thread_blocked, id=13560, stack(0x0000002028f00000,0x0000002029000000)]
  0x00000145b0591d20 JavaThread "Asynchronous log dispatcher for DefaultDaemonConnection: socket connection from /127.0.0.1:59916 to /127.0.0.1:59917" [_thread_blocked, id=4888, stack(0x0000002029000000,0x0000002029100000)]
  0x00000145b058fb70 JavaThread "Stdin handler" [_thread_blocked, id=12108, stack(0x0000002029100000,0x0000002029200000)]
  0x00000145b05926c0 JavaThread "Daemon client event forwarder" [_thread_blocked, id=10272, stack(0x0000002029200000,0x0000002029300000)]
  0x00000145b0591850 JavaThread "Cache worker for journal cache (C:\Program Files\Java\jre1.8.0_333\caches\journal-1)" [_thread_blocked, id=17296, stack(0x0000002029300000,0x0000002029400000)]
  0x00000145b05921f0 JavaThread "File lock request listener" [_thread_in_native, id=12812, stack(0x0000002029400000,0x0000002029500000)]
  0x00000145b0592b90 JavaThread "Cache worker for file hash cache (C:\Program Files\Java\jre1.8.0_333\caches\7.3.3\fileHashes)" [_thread_blocked, id=2440, stack(0x0000002029500000,0x0000002029600000)]
  0x00000145b0590040 JavaThread "Cache worker for file hash cache (D:\BatteryManager\.gradle\7.3.3\fileHashes)" [_thread_blocked, id=9788, stack(0x0000002029600000,0x0000002029700000)]
  0x00000145b0590510 JavaThread "File watcher server" daemon [_thread_in_native, id=11840, stack(0x0000002029a00000,0x0000002029b00000)]
  0x00000145b05909e0 JavaThread "File watcher consumer" daemon [_thread_blocked, id=2444, stack(0x0000002029b00000,0x0000002029c00000)]
  0x00000145b0590eb0 JavaThread "jar transforms" [_thread_blocked, id=12068, stack(0x0000002029c00000,0x0000002029d00000)]
  0x00000145b0591380 JavaThread "jar transforms Thread 2" [_thread_blocked, id=11064, stack(0x0000002029d00000,0x0000002029e00000)]
  0x00000145b074dfe0 JavaThread "jar transforms Thread 3" [_thread_blocked, id=2204, stack(0x0000002029e00000,0x0000002029f00000)]
  0x00000145b074d640 JavaThread "jar transforms Thread 4" [_thread_blocked, id=14724, stack(0x0000002029f00000,0x000000202a000000)]
  0x00000145b07519a0 JavaThread "jar transforms Thread 5" [_thread_blocked, id=4960, stack(0x000000202a000000,0x000000202a100000)]
  0x00000145b0750b30 JavaThread "jar transforms Thread 6" [_thread_blocked, id=16000, stack(0x000000202a100000,0x000000202a200000)]
  0x00000145b074e4b0 JavaThread "jar transforms Thread 7" [_thread_blocked, id=3692, stack(0x000000202a200000,0x000000202a300000)]
  0x00000145b0750190 JavaThread "jar transforms Thread 8" [_thread_blocked, id=4352, stack(0x000000202a300000,0x000000202a400000)]
  0x00000145b074db10 JavaThread "Cache worker for checksums cache (D:\BatteryManager\.gradle\7.3.3\checksums)" [_thread_blocked, id=8976, stack(0x000000202a500000,0x000000202a600000)]
  0x00000145b074e980 JavaThread "Cache worker for cache directory md-supplier (C:\Program Files\Java\jre1.8.0_333\caches\7.3.3\md-supplier)" [_thread_blocked, id=14064, stack(0x000000202a600000,0x000000202a700000)]
  0x00000145b0750660 JavaThread "Cache worker for cache directory md-rule (C:\Program Files\Java\jre1.8.0_333\caches\7.3.3\md-rule)" [_thread_blocked, id=15280, stack(0x000000202a700000,0x000000202a800000)]
  0x00000145b074ee50 JavaThread "Cache worker for execution history cache (C:\Program Files\Java\jre1.8.0_333\caches\7.3.3\executionHistory)" [_thread_blocked, id=5992, stack(0x000000202a800000,0x000000202a900000)]
  0x00000145b0751e70 JavaThread "Cache worker for file content cache (C:\Program Files\Java\jre1.8.0_333\caches\7.3.3\fileContent)" [_thread_blocked, id=11376, stack(0x000000202a900000,0x000000202aa00000)]
  0x00000145b074b960 JavaThread "Cache worker for dependencies-accessors (D:\BatteryManager\.gradle\7.3.3\dependencies-accessors)" [_thread_blocked, id=13604, stack(0x000000202aa00000,0x000000202ab00000)]
  0x00000145b074be30 JavaThread "Cache worker for Build Output Cleanup Cache (D:\BatteryManager\.gradle\buildOutputCleanup)" [_thread_blocked, id=5692, stack(0x000000202ab00000,0x000000202ac00000)]
  0x00000145b074cca0 JavaThread "Unconstrained build operations" [_thread_blocked, id=4920, stack(0x000000202ac00000,0x000000202ad00000)]
  0x00000145b074d170 JavaThread "Unconstrained build operations Thread 2" [_thread_blocked, id=3796, stack(0x000000202ad00000,0x000000202ae00000)]
  0x00000145b354f490 JavaThread "Unconstrained build operations Thread 3" [_thread_blocked, id=8648, stack(0x000000202ae00000,0x000000202af00000)]
  0x00000145b3550300 JavaThread "Unconstrained build operations Thread 4" [_thread_blocked, id=15672, stack(0x000000202af00000,0x000000202b000000)]
  0x00000145b354dc80 JavaThread "Unconstrained build operations Thread 5" [_thread_blocked, id=8100, stack(0x000000202b000000,0x000000202b100000)]
  0x00000145b354d2e0 JavaThread "Unconstrained build operations Thread 6" [_thread_blocked, id=17148, stack(0x000000202b100000,0x000000202b200000)]
  0x00000145b3550ca0 JavaThread "Unconstrained build operations Thread 7" [_thread_blocked, id=15344, stack(0x000000202b200000,0x000000202b300000)]
  0x00000145b35524b0 JavaThread "Unconstrained build operations Thread 8" [_thread_blocked, id=15272, stack(0x000000202b300000,0x000000202b400000)]
  0x00000145b3554190 JavaThread "Unconstrained build operations Thread 9" [_thread_blocked, id=13488, stack(0x000000202b400000,0x000000202b500000)]
  0x00000145b354eaf0 JavaThread "Unconstrained build operations Thread 10" [_thread_blocked, id=4604, stack(0x000000202b500000,0x000000202b600000)]
  0x00000145b3552e50 JavaThread "Unconstrained build operations Thread 11" [_thread_blocked, id=6164, stack(0x000000202b600000,0x000000202b700000)]
  0x00000145b354f960 JavaThread "Unconstrained build operations Thread 12" [_thread_blocked, id=12980, stack(0x000000202b700000,0x000000202b800000)]
  0x00000145b3551b10 JavaThread "Unconstrained build operations Thread 13" [_thread_blocked, id=5300, stack(0x000000202b800000,0x000000202b900000)]
  0x00000145b3553320 JavaThread "Unconstrained build operations Thread 14" [_thread_blocked, id=15888, stack(0x000000202b900000,0x000000202ba00000)]
  0x00000145b3554660 JavaThread "Unconstrained build operations Thread 15" [_thread_blocked, id=16988, stack(0x000000202ba00000,0x000000202bb00000)]
  0x00000145b35507d0 JavaThread "Unconstrained build operations Thread 16" [_thread_blocked, id=7420, stack(0x000000202bb00000,0x000000202bc00000)]
  0x00000145b354efc0 JavaThread "Unconstrained build operations Thread 17" [_thread_blocked, id=11092, stack(0x000000202bc00000,0x000000202bd00000)]
  0x00000145b3551fe0 JavaThread "Unconstrained build operations Thread 18" [_thread_blocked, id=12576, stack(0x000000202bd00000,0x000000202be00000)]
  0x00000145b35537f0 JavaThread "Unconstrained build operations Thread 19" [_thread_blocked, id=13164, stack(0x000000202be00000,0x000000202bf00000)]
  0x00000145b3552980 JavaThread "Unconstrained build operations Thread 20" [_thread_blocked, id=13972, stack(0x000000202bf00000,0x000000202c000000)]
  0x00000145b3554b30 JavaThread "Unconstrained build operations Thread 21" [_thread_blocked, id=13304, stack(0x000000202c000000,0x000000202c100000)]
  0x00000145b3551170 JavaThread "Unconstrained build operations Thread 22" [_thread_blocked, id=9664, stack(0x000000202c100000,0x000000202c200000)]
  0x00000145b3551640 JavaThread "Unconstrained build operations Thread 23" [_thread_blocked, id=9196, stack(0x000000202c200000,0x000000202c300000)]
  0x00000145b354d7b0 JavaThread "Unconstrained build operations Thread 24" [_thread_blocked, id=13932, stack(0x000000202c300000,0x000000202c400000)]
  0x00000145b354fe30 JavaThread "Unconstrained build operations Thread 25" [_thread_blocked, id=10828, stack(0x000000202c400000,0x000000202c500000)]
  0x00000145b354e150 JavaThread "Unconstrained build operations Thread 26" [_thread_blocked, id=7716, stack(0x000000202c500000,0x000000202c600000)]
  0x00000145b354e620 JavaThread "Unconstrained build operations Thread 27" [_thread_blocked, id=1692, stack(0x000000202c600000,0x000000202c700000)]
  0x00000145b35fa3a0 JavaThread "Unconstrained build operations Thread 28" [_thread_blocked, id=6796, stack(0x000000202c700000,0x000000202c800000)]
  0x00000145b35f6eb0 JavaThread "Unconstrained build operations Thread 29" [_thread_blocked, id=14564, stack(0x000000202c800000,0x000000202c900000)]
  0x00000145b35fc550 JavaThread "Unconstrained build operations Thread 30" [_thread_blocked, id=13276, stack(0x000000202c900000,0x000000202ca00000)]
  0x00000145b35fcef0 JavaThread "Unconstrained build operations Thread 31" [_thread_blocked, id=13836, stack(0x000000202ca00000,0x000000202cb00000)]
  0x00000145b35f86c0 JavaThread "Unconstrained build operations Thread 32" [_thread_blocked, id=7364, stack(0x000000202cb00000,0x000000202cc00000)]
  0x00000145b35f6510 JavaThread "Unconstrained build operations Thread 33" [_thread_blocked, id=736, stack(0x000000202cc00000,0x000000202cd00000)]
  0x00000145b35f9530 JavaThread "Unconstrained build operations Thread 34" [_thread_blocked, id=2260, stack(0x000000202cd00000,0x000000202ce00000)]
  0x00000145b35fbbb0 JavaThread "Unconstrained build operations Thread 35" [_thread_blocked, id=2568, stack(0x000000202ce00000,0x000000202cf00000)]
  0x00000145b35f9a00 JavaThread "Unconstrained build operations Thread 36" [_thread_blocked, id=8356, stack(0x000000202cf00000,0x000000202d000000)]
  0x00000145b35f7380 JavaThread "Unconstrained build operations Thread 37" [_thread_blocked, id=14988, stack(0x000000202d000000,0x000000202d100000)]
  0x00000145b35f9ed0 JavaThread "Unconstrained build operations Thread 38" [_thread_blocked, id=3636, stack(0x000000202d100000,0x000000202d200000)]
  0x00000145b35f5b70 JavaThread "Unconstrained build operations Thread 39" [_thread_blocked, id=12116, stack(0x000000202d200000,0x000000202d300000)]
  0x00000145b35f9060 JavaThread "Unconstrained build operations Thread 40" [_thread_blocked, id=6480, stack(0x000000202d300000,0x000000202d400000)]
  0x00000145b35f56a0 JavaThread "Unconstrained build operations Thread 41" [_thread_blocked, id=5088, stack(0x000000202d400000,0x000000202d500000)]
  0x00000145b35f69e0 JavaThread "Unconstrained build operations Thread 42" [_thread_blocked, id=6736, stack(0x000000202d500000,0x000000202d600000)]
  0x00000145b35f81f0 JavaThread "Unconstrained build operations Thread 43" [_thread_blocked, id=9284, stack(0x000000202d600000,0x000000202d700000)]
  0x00000145b35fa870 JavaThread "Unconstrained build operations Thread 44" [_thread_blocked, id=2280, stack(0x000000202d700000,0x000000202d800000)]
  0x00000145b35f8b90 JavaThread "Unconstrained build operations Thread 45" [_thread_blocked, id=2000, stack(0x000000202d800000,0x000000202d900000)]
  0x00000145b35fca20 JavaThread "Unconstrained build operations Thread 46" [_thread_blocked, id=16920, stack(0x000000202d900000,0x000000202da00000)]
  0x00000145b35f6040 JavaThread "Unconstrained build operations Thread 47" [_thread_blocked, id=4404, stack(0x000000202da00000,0x000000202db00000)]
  0x00000145b35fad40 JavaThread "Unconstrained build operations Thread 48" [_thread_blocked, id=2120, stack(0x000000202db00000,0x000000202dc00000)]
  0x00000145b35f7850 JavaThread "Unconstrained build operations Thread 49" [_thread_blocked, id=9944, stack(0x000000202dc00000,0x000000202dd00000)]
  0x00000145b35f7d20 JavaThread "Unconstrained build operations Thread 50" [_thread_blocked, id=7008, stack(0x000000202dd00000,0x000000202de00000)]
  0x00000145b35fc080 JavaThread "Unconstrained build operations Thread 51" [_thread_blocked, id=14740, stack(0x000000202de00000,0x000000202df00000)]
  0x00000145b35fb210 JavaThread "Unconstrained build operations Thread 52" [_thread_blocked, id=6584, stack(0x000000202df00000,0x000000202e000000)]
  0x00000145b35fb6e0 JavaThread "Unconstrained build operations Thread 53" [_thread_blocked, id=16588, stack(0x000000202e000000,0x000000202e100000)]
  0x00000145b3632690 JavaThread "Unconstrained build operations Thread 54" [_thread_blocked, id=10252, stack(0x000000202e100000,0x000000202e200000)]
  0x00000145b362ecd0 JavaThread "Unconstrained build operations Thread 55" [_thread_blocked, id=8972, stack(0x000000202e200000,0x000000202e300000)]
  0x00000145b362c650 JavaThread "Unconstrained build operations Thread 56" [_thread_blocked, id=12984, stack(0x000000202e300000,0x000000202e400000)]
  0x00000145b3631820 JavaThread "Unconstrained build operations Thread 57" [_thread_blocked, id=14436, stack(0x000000202e400000,0x000000202e500000)]
  0x00000145b362e330 JavaThread "Unconstrained build operations Thread 58" [_thread_blocked, id=10812, stack(0x000000202e500000,0x000000202e600000)]
  0x00000145b362de60 JavaThread "Unconstrained build operations Thread 59" [_thread_blocked, id=7068, stack(0x000000202e600000,0x000000202e700000)]
  0x00000145b3631cf0 JavaThread "Unconstrained build operations Thread 60" [_thread_blocked, id=15852, stack(0x000000202e700000,0x000000202e800000)]
  0x00000145b3632b60 JavaThread "Unconstrained build operations Thread 61" [_thread_blocked, id=16456, stack(0x000000202e800000,0x000000202e900000)]
  0x00000145b36321c0 JavaThread "Unconstrained build operations Thread 62" [_thread_blocked, id=7656, stack(0x000000202e900000,0x000000202ea00000)]
  0x00000145b362cb20 JavaThread "Unconstrained build operations Thread 63" [_thread_blocked, id=16580, stack(0x000000202ea00000,0x000000202eb00000)]
  0x00000145b3633030 JavaThread "Unconstrained build operations Thread 64" [_thread_blocked, id=1788, stack(0x000000202eb00000,0x000000202ec00000)]
  0x00000145b362f1a0 JavaThread "Unconstrained build operations Thread 65" [_thread_blocked, id=2132, stack(0x000000202ec00000,0x000000202ed00000)]
  0x00000145b362cff0 JavaThread "Unconstrained build operations Thread 66" [_thread_blocked, id=1540, stack(0x000000202ed00000,0x000000202ee00000)]
  0x00000145b362e800 JavaThread "Unconstrained build operations Thread 67" [_thread_blocked, id=12724, stack(0x000000202ee00000,0x000000202ef00000)]
  0x00000145b362b7e0 JavaThread "Unconstrained build operations Thread 68" [_thread_blocked, id=13228, stack(0x000000202ef00000,0x000000202f000000)]
  0x00000145b362c180 JavaThread "Unconstrained build operations Thread 69" [_thread_blocked, id=2020, stack(0x000000202f000000,0x000000202f100000)]
  0x00000145b362f670 JavaThread "Unconstrained build operations Thread 70" [_thread_blocked, id=13220, stack(0x000000202f100000,0x000000202f200000)]
  0x00000145b362d4c0 JavaThread "Unconstrained build operations Thread 71" [_thread_blocked, id=7804, stack(0x000000202f200000,0x000000202f300000)]
  0x00000145b3631350 JavaThread "Unconstrained build operations Thread 72" [_thread_blocked, id=12604, stack(0x000000202f300000,0x000000202f400000)]
  0x00000145b362d990 JavaThread "Unconstrained build operations Thread 73" [_thread_blocked, id=4980, stack(0x000000202f400000,0x000000202f500000)]
  0x00000145b362fb40 JavaThread "Unconstrained build operations Thread 74" [_thread_blocked, id=3508, stack(0x000000202f500000,0x000000202f600000)]
  0x00000145b362bcb0 JavaThread "Unconstrained build operations Thread 75" [_thread_blocked, id=7864, stack(0x000000202f600000,0x000000202f700000)]
  0x00000145b3630010 JavaThread "Unconstrained build operations Thread 76" [_thread_blocked, id=5220, stack(0x000000202f700000,0x000000202f800000)]
  0x00000145b36304e0 JavaThread "Unconstrained build operations Thread 77" [_thread_blocked, id=308, stack(0x000000202f800000,0x000000202f900000)]
  0x00000145b36309b0 JavaThread "Unconstrained build operations Thread 78" [_thread_blocked, id=5400, stack(0x000000202f900000,0x000000202fa00000)]
  0x00000145b3630e80 JavaThread "Unconstrained build operations Thread 79" [_thread_blocked, id=8708, stack(0x000000202fa00000,0x000000202fb00000)]
  0x00000145b33004c0 JavaThread "Unconstrained build operations Thread 80" [_thread_blocked, id=2180, stack(0x000000202fb00000,0x000000202fc00000)]

Other Threads:
=>0x00000145aa319b90 VMThread "VM Thread" [stack: 0x0000002027700000,0x0000002027800000] [id=4632]
  0x00000145ae5d2e60 WatcherThread "VM Periodic Task Thread" [stack: 0x0000002028300000,0x0000002028400000] [id=4264]
  0x000001458a175d40 WorkerThread "GC Thread#0" [stack: 0x0000002027200000,0x0000002027300000] [id=12380]
  0x00000145aef31300 WorkerThread "GC Thread#1" [stack: 0x0000002028500000,0x0000002028600000] [id=5396]
  0x00000145aef315a0 WorkerThread "GC Thread#2" [stack: 0x0000002028600000,0x0000002028700000] [id=16420]
  0x00000145aef7d0a0 WorkerThread "GC Thread#3" [stack: 0x0000002028700000,0x0000002028800000] [id=6888]
  0x00000145afc9e640 WorkerThread "GC Thread#4" [stack: 0x0000002028800000,0x0000002028900000] [id=8388]
  0x00000145aef7bbd0 WorkerThread "GC Thread#5" [stack: 0x0000002029700000,0x0000002029800000] [id=13728]
  0x00000145b1692e20 WorkerThread "GC Thread#6" [stack: 0x0000002029800000,0x0000002029900000] [id=16748]
  0x00000145b1097ad0 WorkerThread "GC Thread#7" [stack: 0x0000002029900000,0x0000002029a00000] [id=8956]
  0x000001458a187c80 ConcurrentGCThread "G1 Main Marker" [stack: 0x0000002027300000,0x0000002027400000] [id=14744]
  0x000001458a188e10 WorkerThread "G1 Conc#0" [stack: 0x0000002027400000,0x0000002027500000] [id=16980]
  0x00000145b1fbd3f0 WorkerThread "G1 Conc#1" [stack: 0x000000202a400000,0x000000202a500000] [id=8824]
  0x000001458a1de780 ConcurrentGCThread "G1 Refine#0" [stack: 0x0000002027500000,0x0000002027600000] [id=7320]
  0x00000145aa1d42f0 ConcurrentGCThread "G1 Service" [stack: 0x0000002027600000,0x0000002027700000] [id=16676]

Threads with active compile tasks:

VM state: at safepoint (normal execution)

VM Mutex/Monitor currently owned by a thread:  ([mutex/lock_event])
[0x000001458a10dd20] Threads_lock - owner thread: 0x00000145aa319b90
[0x000001458a10df60] Heap_lock - owner thread: 0x00000145b074a470

Heap address: 0x0000000080000000, size: 2048 MB, Compressed Oops mode: 32-bit

CDS archive(s) mapped at: [0x0000000800000000-0x0000000800ba0000-0x0000000800ba0000), size 12189696, SharedBaseAddress: 0x0000000800000000, ArchiveRelocationMode: 0.
Compressed class space mapped at: 0x0000000800c00000-0x0000000840c00000, reserved size: 1073741824
Narrow klass base: 0x0000000800000000, Narrow klass shift: 0, Narrow klass range: 0x100000000

GC Precious Log:
 CardTable entry size: 512
 Card Set container configuration: InlinePtr #cards 5 size 8 Array Of Cards #cards 12 size 40 Howl #buckets 4 coarsen threshold 1843 Howl Bitmap #cards 512 size 80 coarsen threshold 460 Card regions per heap region 1 cards per card region 2048
 CPUs: 8 total, 8 available
 Memory: 8023M
 Large Page Support: Disabled
 NUMA Support: Disabled
 Compressed Oops: Enabled (32-bit)
 Heap Region Size: 1M
 Heap Min Capacity: 8M
 Heap Initial Capacity: 126M
 Heap Max Capacity: 2G
 Pre-touch: Disabled
 Parallel Workers: 8
 Concurrent Workers: 2
 Concurrent Refinement Workers: 8
 Periodic GC: Disabled

Heap:
 garbage-first heap   total 147456K, used 80527K [0x0000000080000000, 0x0000000100000000)
  region size 1024K, 2 young (2048K), 2 survivors (2048K)
 Metaspace       used 48722K, committed 50240K, reserved 1114112K
  class space    used 6777K, committed 7552K, reserved 1048576K

Heap Regions: E=young(eden), S=young(survivor), O=old, HS=humongous(starts), HC=humongous(continues), CS=collection set, F=free, OA=open archive, CA=closed archive, TAMS=top-at-mark-start (previous, next)
|   0|0x0000000080000000, 0x0000000080100000, 0x0000000080100000|100%|HS|  |TAMS 0x0000000080100000, 0x0000000080100000| Complete 
|   1|0x0000000080100000, 0x0000000080200000, 0x0000000080200000|100%| O|  |TAMS 0x0000000080200000, 0x0000000080200000| Untracked 
|   2|0x0000000080200000, 0x0000000080300000, 0x0000000080300000|100%| O|  |TAMS 0x0000000080300000, 0x0000000080300000| Untracked 
|   3|0x0000000080300000, 0x0000000080400000, 0x0000000080400000|100%|HS|  |TAMS 0x0000000080400000, 0x0000000080400000| Complete 
|   4|0x0000000080400000, 0x0000000080500000, 0x0000000080500000|100%|HC|  |TAMS 0x0000000080500000, 0x0000000080500000| Complete 
|   5|0x0000000080500000, 0x0000000080600000, 0x0000000080600000|100%|HC|  |TAMS 0x0000000080600000, 0x0000000080600000| Complete 
|   6|0x0000000080600000, 0x0000000080700000, 0x0000000080700000|100%| O|  |TAMS 0x0000000080700000, 0x0000000080700000| Untracked 
|   7|0x0000000080700000, 0x0000000080800000, 0x0000000080800000|100%| O|  |TAMS 0x0000000080800000, 0x0000000080800000| Untracked 
|   8|0x0000000080800000, 0x0000000080900000, 0x0000000080900000|100%| O|  |TAMS 0x0000000080900000, 0x0000000080900000| Untracked 
|   9|0x0000000080900000, 0x0000000080a00000, 0x0000000080a00000|100%| O|  |TAMS 0x0000000080a00000, 0x0000000080a00000| Untracked 
|  10|0x0000000080a00000, 0x0000000080b00000, 0x0000000080b00000|100%| O|  |TAMS 0x0000000080b00000, 0x0000000080b00000| Untracked 
|  11|0x0000000080b00000, 0x0000000080c00000, 0x0000000080c00000|100%|HS|  |TAMS 0x0000000080c00000, 0x0000000080c00000| Complete 
|  12|0x0000000080c00000, 0x0000000080d00000, 0x0000000080d00000|100%|HC|  |TAMS 0x0000000080d00000, 0x0000000080d00000| Complete 
|  13|0x0000000080d00000, 0x0000000080e00000, 0x0000000080e00000|100%|HS|  |TAMS 0x0000000080e00000, 0x0000000080e00000| Complete 
|  14|0x0000000080e00000, 0x0000000080f00000, 0x0000000080f00000|100%|HC|  |TAMS 0x0000000080f00000, 0x0000000080f00000| Complete 
|  15|0x0000000080f00000, 0x0000000081000000, 0x0000000081000000|100%|HC|  |TAMS 0x0000000081000000, 0x0000000081000000| Complete 
|  16|0x0000000081000000, 0x0000000081100000, 0x0000000081100000|100%|HS|  |TAMS 0x0000000081100000, 0x0000000081100000| Complete 
|  17|0x0000000081100000, 0x0000000081200000, 0x0000000081200000|100%|HC|  |TAMS 0x0000000081200000, 0x0000000081200000| Complete 
|  18|0x0000000081200000, 0x0000000081300000, 0x0000000081300000|100%|HC|  |TAMS 0x0000000081300000, 0x0000000081300000| Complete 
|  19|0x0000000081300000, 0x0000000081400000, 0x0000000081400000|100%|HC|  |TAMS 0x0000000081400000, 0x0000000081400000| Complete 
|  20|0x0000000081400000, 0x0000000081500000, 0x0000000081500000|100%| O|  |TAMS 0x0000000081500000, 0x0000000081500000| Untracked 
|  21|0x0000000081500000, 0x0000000081600000, 0x0000000081600000|100%| O|  |TAMS 0x0000000081600000, 0x0000000081600000| Untracked 
|  22|0x0000000081600000, 0x0000000081700000, 0x0000000081700000|100%| O|  |TAMS 0x0000000081700000, 0x0000000081700000| Untracked 
|  23|0x0000000081700000, 0x0000000081800000, 0x0000000081800000|100%| O|  |TAMS 0x0000000081800000, 0x0000000081800000| Untracked 
|  24|0x0000000081800000, 0x0000000081900000, 0x0000000081900000|100%| O|  |TAMS 0x0000000081900000, 0x0000000081900000| Untracked 
|  25|0x0000000081900000, 0x0000000081a00000, 0x0000000081a00000|100%| O|  |TAMS 0x0000000081a00000, 0x0000000081a00000| Untracked 
|  26|0x0000000081a00000, 0x0000000081b00000, 0x0000000081b00000|100%| O|  |TAMS 0x0000000081b00000, 0x0000000081b00000| Untracked 
|  27|0x0000000081b00000, 0x0000000081c00000, 0x0000000081c00000|100%| O|  |TAMS 0x0000000081c00000, 0x0000000081c00000| Untracked 
|  28|0x0000000081c00000, 0x0000000081cd0e00, 0x0000000081d00000| 81%| O|  |TAMS 0x0000000081cd0e00, 0x0000000081cd0e00| Untracked 
|  29|0x0000000081d00000, 0x0000000081e00000, 0x0000000081e00000|100%| O|  |TAMS 0x0000000081e00000, 0x0000000081e00000| Untracked 
|  30|0x0000000081e00000, 0x0000000081f00000, 0x0000000081f00000|100%| O|  |TAMS 0x0000000081f00000, 0x0000000081f00000| Untracked 
|  31|0x0000000081f00000, 0x0000000082000000, 0x0000000082000000|100%| O|  |TAMS 0x0000000082000000, 0x0000000082000000| Untracked 
|  32|0x0000000082000000, 0x0000000082100000, 0x0000000082100000|100%| O|  |TAMS 0x0000000082100000, 0x0000000082100000| Untracked 
|  33|0x0000000082100000, 0x0000000082200000, 0x0000000082200000|100%| O|  |TAMS 0x0000000082200000, 0x0000000082200000| Untracked 
|  34|0x0000000082200000, 0x0000000082300000, 0x0000000082300000|100%| O|  |TAMS 0x0000000082300000, 0x0000000082300000| Untracked 
|  35|0x0000000082300000, 0x0000000082400000, 0x0000000082400000|100%|HS|  |TAMS 0x0000000082400000, 0x0000000082400000| Complete 
|  36|0x0000000082400000, 0x0000000082500000, 0x0000000082500000|100%| O|  |TAMS 0x0000000082500000, 0x0000000082500000| Untracked 
|  37|0x0000000082500000, 0x0000000082600000, 0x0000000082600000|100%| O|  |TAMS 0x0000000082600000, 0x0000000082600000| Untracked 
|  38|0x0000000082600000, 0x0000000082700000, 0x0000000082700000|100%| O|  |TAMS 0x0000000082700000, 0x0000000082700000| Untracked 
|  39|0x0000000082700000, 0x0000000082800000, 0x0000000082800000|100%| O|  |TAMS 0x0000000082800000, 0x0000000082800000| Untracked 
|  40|0x0000000082800000, 0x0000000082900000, 0x0000000082900000|100%| O|  |TAMS 0x0000000082900000, 0x0000000082900000| Untracked 
|  41|0x0000000082900000, 0x0000000082a00000, 0x0000000082a00000|100%| O|  |TAMS 0x0000000082a00000, 0x0000000082a00000| Untracked 
|  42|0x0000000082a00000, 0x0000000082b00000, 0x0000000082b00000|100%| O|  |TAMS 0x0000000082b00000, 0x0000000082b00000| Untracked 
|  43|0x0000000082b00000, 0x0000000082c00000, 0x0000000082c00000|100%|HS|  |TAMS 0x0000000082c00000, 0x0000000082c00000| Complete 
|  44|0x0000000082c00000, 0x0000000082d00000, 0x0000000082d00000|100%|HC|  |TAMS 0x0000000082d00000, 0x0000000082d00000| Complete 
|  45|0x0000000082d00000, 0x0000000082e00000, 0x0000000082e00000|100%|HC|  |TAMS 0x0000000082e00000, 0x0000000082e00000| Complete 
|  46|0x0000000082e00000, 0x0000000082f00000, 0x0000000082f00000|100%| O|  |TAMS 0x0000000082f00000, 0x0000000082f00000| Untracked 
|  47|0x0000000082f00000, 0x0000000083000000, 0x0000000083000000|100%| O|  |TAMS 0x0000000083000000, 0x0000000083000000| Untracked 
|  48|0x0000000083000000, 0x0000000083100000, 0x0000000083100000|100%|HS|  |TAMS 0x0000000083100000, 0x0000000083100000| Complete 
|  49|0x0000000083100000, 0x0000000083200000, 0x0000000083200000|100%|HC|  |TAMS 0x0000000083200000, 0x0000000083200000| Complete 
|  50|0x0000000083200000, 0x0000000083300000, 0x0000000083300000|100%|HC|  |TAMS 0x0000000083300000, 0x0000000083300000| Complete 
|  51|0x0000000083300000, 0x0000000083400000, 0x0000000083400000|100%|HC|  |TAMS 0x0000000083400000, 0x0000000083400000| Complete 
|  52|0x0000000083400000, 0x0000000083500000, 0x0000000083500000|100%| O|  |TAMS 0x0000000083500000, 0x0000000083500000| Untracked 
|  53|0x0000000083500000, 0x0000000083600000, 0x0000000083600000|100%| O|  |TAMS 0x0000000083600000, 0x0000000083600000| Untracked 
|  54|0x0000000083600000, 0x0000000083700000, 0x0000000083700000|100%| O|  |TAMS 0x0000000083700000, 0x0000000083700000| Untracked 
|  55|0x0000000083700000, 0x0000000083800000, 0x0000000083800000|100%| O|  |TAMS 0x0000000083800000, 0x0000000083800000| Untracked 
|  56|0x0000000083800000, 0x0000000083900000, 0x0000000083900000|100%| O|  |TAMS 0x0000000083900000, 0x0000000083900000| Untracked 
|  57|0x0000000083900000, 0x0000000083a00000, 0x0000000083a00000|100%| O|  |TAMS 0x0000000083a00000, 0x0000000083a00000| Untracked 
|  58|0x0000000083a00000, 0x0000000083b00000, 0x0000000083b00000|100%| O|  |TAMS 0x0000000083b00000, 0x0000000083b00000| Untracked 
|  59|0x0000000083b00000, 0x0000000083b00000, 0x0000000083c00000|  0%| F|  |TAMS 0x0000000083b00000, 0x0000000083b00000| Untracked 
|  60|0x0000000083c00000, 0x0000000083d00000, 0x0000000083d00000|100%|HS|  |TAMS 0x0000000083d00000, 0x0000000083d00000| Complete 
|  61|0x0000000083d00000, 0x0000000083e00000, 0x0000000083e00000|100%|HS|  |TAMS 0x0000000083e00000, 0x0000000083e00000| Complete 
|  62|0x0000000083e00000, 0x0000000083f00000, 0x0000000083f00000|100%|HS|  |TAMS 0x0000000083f00000, 0x0000000083f00000| Complete 
|  63|0x0000000083f00000, 0x0000000084000000, 0x0000000084000000|100%|HS|  |TAMS 0x0000000084000000, 0x0000000084000000| Complete 
|  64|0x0000000084000000, 0x0000000084100000, 0x0000000084100000|100%|HC|  |TAMS 0x0000000084100000, 0x0000000084100000| Complete 
|  65|0x0000000084100000, 0x0000000084200000, 0x0000000084200000|100%|HC|  |TAMS 0x0000000084200000, 0x0000000084200000| Complete 
|  66|0x0000000084200000, 0x0000000084300000, 0x0000000084300000|100%| O|  |TAMS 0x0000000084200000, 0x0000000084300000| Untracked 
|  67|0x0000000084300000, 0x0000000084400000, 0x0000000084400000|100%| O|  |TAMS 0x0000000084300000, 0x0000000084400000| Untracked 
|  68|0x0000000084400000, 0x0000000084500000, 0x0000000084500000|100%| O|  |TAMS 0x0000000084400000, 0x0000000084500000| Untracked 
|  69|0x0000000084500000, 0x0000000084600000, 0x0000000084600000|100%| O|  |TAMS 0x0000000084500000, 0x0000000084600000| Untracked 
|  70|0x0000000084600000, 0x0000000084700000, 0x0000000084700000|100%| O|  |TAMS 0x0000000084600000, 0x0000000084700000| Untracked 
|  71|0x0000000084700000, 0x0000000084800000, 0x0000000084800000|100%|HS|  |TAMS 0x0000000084700000, 0x0000000084800000| Complete 
|  72|0x0000000084800000, 0x0000000084900000, 0x0000000084900000|100%|HC|  |TAMS 0x0000000084800000, 0x0000000084900000| Complete 
|  73|0x0000000084900000, 0x0000000084a00000, 0x0000000084a00000|100%| O|  |TAMS 0x0000000084900000, 0x0000000084a00000| Untracked 
|  74|0x0000000084a00000, 0x0000000084b00000, 0x0000000084b00000|100%| O|  |TAMS 0x0000000084a00000, 0x0000000084b00000| Untracked 
|  75|0x0000000084b00000, 0x0000000084c00000, 0x0000000084c00000|100%| O|  |TAMS 0x0000000084b00000, 0x0000000084c00000| Untracked 
|  76|0x0000000084c00000, 0x0000000084d00000, 0x0000000084d00000|100%| O|  |TAMS 0x0000000084c00000, 0x0000000084d00000| Untracked 
|  77|0x0000000084d00000, 0x0000000084e00000, 0x0000000084e00000|100%| O|  |TAMS 0x0000000084d00000, 0x0000000084e00000| Untracked 
|  78|0x0000000084e00000, 0x0000000084e35c00, 0x0000000084f00000| 20%| O|  |TAMS 0x0000000084e00000, 0x0000000084e35c00| Untracked 
|  79|0x0000000084f00000, 0x0000000084f00000, 0x0000000085000000|  0%| F|  |TAMS 0x0000000084f00000, 0x0000000084f00000| Untracked 
|  80|0x0000000085000000, 0x0000000085000000, 0x0000000085100000|  0%| F|  |TAMS 0x0000000085000000, 0x0000000085000000| Untracked 
|  81|0x0000000085100000, 0x0000000085100000, 0x0000000085200000|  0%| F|  |TAMS 0x0000000085100000, 0x0000000085100000| Untracked 
|  82|0x0000000085200000, 0x0000000085200000, 0x0000000085300000|  0%| F|  |TAMS 0x0000000085200000, 0x0000000085200000| Untracked 
|  83|0x0000000085300000, 0x0000000085300000, 0x0000000085400000|  0%| F|  |TAMS 0x0000000085300000, 0x0000000085300000| Untracked 
|  84|0x0000000085400000, 0x0000000085400000, 0x0000000085500000|  0%| F|  |TAMS 0x0000000085400000, 0x0000000085400000| Untracked 
|  85|0x0000000085500000, 0x0000000085500000, 0x0000000085600000|  0%| F|  |TAMS 0x0000000085500000, 0x0000000085500000| Untracked 
|  86|0x0000000085600000, 0x0000000085600000, 0x0000000085700000|  0%| F|  |TAMS 0x0000000085600000, 0x0000000085600000| Untracked 
|  87|0x0000000085700000, 0x0000000085700000, 0x0000000085800000|  0%| F|  |TAMS 0x0000000085700000, 0x0000000085700000| Untracked 
|  88|0x0000000085800000, 0x0000000085800000, 0x0000000085900000|  0%| F|  |TAMS 0x0000000085800000, 0x0000000085800000| Untracked 
|  89|0x0000000085900000, 0x0000000085900000, 0x0000000085a00000|  0%| F|  |TAMS 0x0000000085900000, 0x0000000085900000| Untracked 
|  90|0x0000000085a00000, 0x0000000085a00000, 0x0000000085b00000|  0%| F|  |TAMS 0x0000000085a00000, 0x0000000085a00000| Untracked 
|  91|0x0000000085b00000, 0x0000000085b00000, 0x0000000085c00000|  0%| F|  |TAMS 0x0000000085b00000, 0x0000000085b00000| Untracked 
|  92|0x0000000085c00000, 0x0000000085c00000, 0x0000000085d00000|  0%| F|  |TAMS 0x0000000085c00000, 0x0000000085c00000| Untracked 
|  93|0x0000000085d00000, 0x0000000085d00000, 0x0000000085e00000|  0%| F|  |TAMS 0x0000000085d00000, 0x0000000085d00000| Untracked 
|  94|0x0000000085e00000, 0x0000000085e00000, 0x0000000085f00000|  0%| F|  |TAMS 0x0000000085e00000, 0x0000000085e00000| Untracked 
|  95|0x0000000085f00000, 0x0000000085f00000, 0x0000000086000000|  0%| F|  |TAMS 0x0000000085f00000, 0x0000000085f00000| Untracked 
|  96|0x0000000086000000, 0x0000000086000000, 0x0000000086100000|  0%| F|  |TAMS 0x0000000086000000, 0x0000000086000000| Untracked 
|  97|0x0000000086100000, 0x0000000086100000, 0x0000000086200000|  0%| F|  |TAMS 0x0000000086100000, 0x0000000086100000| Untracked 
|  98|0x0000000086200000, 0x0000000086200000, 0x0000000086300000|  0%| F|  |TAMS 0x0000000086200000, 0x0000000086200000| Untracked 
|  99|0x0000000086300000, 0x0000000086300000, 0x0000000086400000|  0%| F|  |TAMS 0x0000000086300000, 0x0000000086300000| Untracked 
| 100|0x0000000086400000, 0x0000000086400000, 0x0000000086500000|  0%| F|  |TAMS 0x0000000086400000, 0x0000000086400000| Untracked 
| 101|0x0000000086500000, 0x0000000086500000, 0x0000000086600000|  0%| F|  |TAMS 0x0000000086500000, 0x0000000086500000| Untracked 
| 102|0x0000000086600000, 0x0000000086600000, 0x0000000086700000|  0%| F|  |TAMS 0x0000000086600000, 0x0000000086600000| Untracked 
| 103|0x0000000086700000, 0x0000000086700000, 0x0000000086800000|  0%| F|  |TAMS 0x0000000086700000, 0x0000000086700000| Untracked 
| 104|0x0000000086800000, 0x0000000086800000, 0x0000000086900000|  0%| F|  |TAMS 0x0000000086800000, 0x0000000086800000| Untracked 
| 105|0x0000000086900000, 0x0000000086900000, 0x0000000086a00000|  0%| F|  |TAMS 0x0000000086900000, 0x0000000086900000| Untracked 
| 106|0x0000000086a00000, 0x0000000086a00000, 0x0000000086b00000|  0%| F|  |TAMS 0x0000000086a00000, 0x0000000086a00000| Untracked 
| 107|0x0000000086b00000, 0x0000000086b00000, 0x0000000086c00000|  0%| F|  |TAMS 0x0000000086b00000, 0x0000000086b00000| Untracked 
| 108|0x0000000086c00000, 0x0000000086c00000, 0x0000000086d00000|  0%| F|  |TAMS 0x0000000086c00000, 0x0000000086c00000| Untracked 
| 109|0x0000000086d00000, 0x0000000086d00000, 0x0000000086e00000|  0%| F|  |TAMS 0x0000000086d00000, 0x0000000086d00000| Untracked 
| 110|0x0000000086e00000, 0x0000000086e00000, 0x0000000086f00000|  0%| F|  |TAMS 0x0000000086e00000, 0x0000000086e00000| Untracked 
| 111|0x0000000086f00000, 0x0000000086f00000, 0x0000000087000000|  0%| F|  |TAMS 0x0000000086f00000, 0x0000000086f00000| Untracked 
| 112|0x0000000087000000, 0x0000000087000000, 0x0000000087100000|  0%| F|  |TAMS 0x0000000087000000, 0x0000000087000000| Untracked 
| 113|0x0000000087100000, 0x0000000087100000, 0x0000000087200000|  0%| F|  |TAMS 0x0000000087100000, 0x0000000087100000| Untracked 
| 114|0x0000000087200000, 0x0000000087200000, 0x0000000087300000|  0%| F|  |TAMS 0x0000000087200000, 0x0000000087200000| Untracked 
| 115|0x0000000087300000, 0x0000000087300000, 0x0000000087400000|  0%| F|  |TAMS 0x0000000087300000, 0x0000000087300000| Untracked 
| 116|0x0000000087400000, 0x0000000087400000, 0x0000000087500000|  0%| F|  |TAMS 0x0000000087400000, 0x0000000087400000| Untracked 
| 117|0x0000000087500000, 0x0000000087500000, 0x0000000087600000|  0%| F|  |TAMS 0x0000000087500000, 0x0000000087500000| Untracked 
| 118|0x0000000087600000, 0x0000000087600000, 0x0000000087700000|  0%| F|  |TAMS 0x0000000087600000, 0x0000000087600000| Untracked 
| 119|0x0000000087700000, 0x000000008779d200, 0x0000000087800000| 61%| S|CS|TAMS 0x0000000087700000, 0x0000000087700000| Complete 
| 120|0x0000000087800000, 0x0000000087900000, 0x0000000087900000|100%| S|CS|TAMS 0x0000000087800000, 0x0000000087800000| Complete 
| 121|0x0000000087900000, 0x0000000087900000, 0x0000000087a00000|  0%| F|  |TAMS 0x0000000087900000, 0x0000000087900000| Untracked 
| 122|0x0000000087a00000, 0x0000000087a00000, 0x0000000087b00000|  0%| F|  |TAMS 0x0000000087a00000, 0x0000000087a00000| Untracked 
| 123|0x0000000087b00000, 0x0000000087b00000, 0x0000000087c00000|  0%| F|  |TAMS 0x0000000087b00000, 0x0000000087b00000| Untracked 
| 124|0x0000000087c00000, 0x0000000087c00000, 0x0000000087d00000|  0%| F|  |TAMS 0x0000000087c00000, 0x0000000087c00000| Untracked 
| 125|0x0000000087d00000, 0x0000000087d00000, 0x0000000087e00000|  0%| F|  |TAMS 0x0000000087d00000, 0x0000000087d00000| Untracked 
| 126|0x0000000087e00000, 0x0000000087e00000, 0x0000000087f00000|  0%| F|  |TAMS 0x0000000087e00000, 0x0000000087e00000| Untracked 
| 127|0x0000000087f00000, 0x0000000087f00000, 0x0000000088000000|  0%| F|  |TAMS 0x0000000087f00000, 0x0000000087f00000| Untracked 
| 128|0x0000000088000000, 0x0000000088000000, 0x0000000088100000|  0%| F|  |TAMS 0x0000000088000000, 0x0000000088000000| Untracked 
| 129|0x0000000088100000, 0x0000000088100000, 0x0000000088200000|  0%| F|  |TAMS 0x0000000088100000, 0x0000000088100000| Untracked 
| 130|0x0000000088200000, 0x0000000088200000, 0x0000000088300000|  0%| F|  |TAMS 0x0000000088200000, 0x0000000088200000| Untracked 
| 131|0x0000000088300000, 0x0000000088300000, 0x0000000088400000|  0%| F|  |TAMS 0x0000000088300000, 0x0000000088300000| Untracked 
| 132|0x0000000088400000, 0x0000000088400000, 0x0000000088500000|  0%| F|  |TAMS 0x0000000088400000, 0x0000000088400000| Untracked 
| 133|0x0000000088500000, 0x0000000088500000, 0x0000000088600000|  0%| F|  |TAMS 0x0000000088500000, 0x0000000088500000| Untracked 
| 134|0x0000000088600000, 0x0000000088600000, 0x0000000088700000|  0%| F|  |TAMS 0x0000000088600000, 0x0000000088600000| Untracked 
| 135|0x0000000088700000, 0x0000000088700000, 0x0000000088800000|  0%| F|  |TAMS 0x0000000088700000, 0x0000000088700000| Untracked 
| 136|0x0000000088800000, 0x0000000088800000, 0x0000000088900000|  0%| F|  |TAMS 0x0000000088800000, 0x0000000088800000| Untracked 
| 137|0x0000000088900000, 0x0000000088900000, 0x0000000088a00000|  0%| F|  |TAMS 0x0000000088900000, 0x0000000088900000| Untracked 
| 138|0x0000000088a00000, 0x0000000088a00000, 0x0000000088b00000|  0%| F|  |TAMS 0x0000000088a00000, 0x0000000088a00000| Untracked 
| 139|0x0000000088b00000, 0x0000000088b00000, 0x0000000088c00000|  0%| F|  |TAMS 0x0000000088b00000, 0x0000000088b00000| Untracked 
| 140|0x0000000088c00000, 0x0000000088c00000, 0x0000000088d00000|  0%| F|  |TAMS 0x0000000088c00000, 0x0000000088c00000| Untracked 
| 141|0x0000000088d00000, 0x0000000088d00000, 0x0000000088e00000|  0%| F|  |TAMS 0x0000000088d00000, 0x0000000088d00000| Untracked 
| 142|0x0000000088e00000, 0x0000000088e00000, 0x0000000088f00000|  0%| F|  |TAMS 0x0000000088e00000, 0x0000000088e00000| Untracked 
| 143|0x0000000088f00000, 0x0000000088f00000, 0x0000000089000000|  0%| F|  |TAMS 0x0000000088f00000, 0x0000000088f00000| Untracked 

Card table byte_map: [0x00000145a30a0000,0x00000145a34a0000] _byte_map_base: 0x00000145a2ca0000

Marking Bits (Prev, Next): (CMBitMap*) 0x000001458a177390, (CMBitMap*) 0x000001458a177350
 Prev Bits: [0x00000145a58a0000, 0x00000145a78a0000)
 Next Bits: [0x00000145a38a0000, 0x00000145a58a0000)

Polling page: 0x000001458a1e0000

Metaspace:

Usage:
  Non-class:     40.96 MB used.
      Class:      6.62 MB used.
       Both:     47.58 MB used.

Virtual space:
  Non-class space:       64.00 MB reserved,      41.69 MB ( 65%) committed,  1 nodes.
      Class space:        1.00 GB reserved,       7.38 MB ( <1%) committed,  1 nodes.
             Both:        1.06 GB reserved,      49.06 MB (  5%) committed. 

Chunk freelists:
   Non-Class:  2.36 MB
       Class:  462.00 KB
        Both:  2.81 MB

MaxMetaspaceSize: unlimited
CompressedClassSpaceSize: 1.00 GB
Initial GC threshold: 21.00 MB
Current GC threshold: 74.06 MB
CDS: on
MetaspaceReclaimPolicy: balanced
 - commit_granule_bytes: 65536.
 - commit_granule_words: 8192.
 - virtual_space_node_default_size: 8388608.
 - enlarge_chunks_in_place: 1.
 - new_chunks_are_fully_committed: 0.
 - uncommit_free_chunks: 1.
 - use_allocation_guard: 0.


Internal statistics:

num_allocs_failed_limit: 6.
num_arena_births: 2638.
num_arena_deaths: 0.
num_vsnodes_births: 2.
num_vsnodes_deaths: 0.
num_space_committed: 785.
num_space_uncommitted: 0.
num_chunks_returned_to_freelist: 6.
num_chunks_taken_from_freelist: 4875.
num_chunk_merges: 6.
num_chunk_splits: 3183.
num_chunks_enlarged: 1963.
num_inconsistent_stats: 0.

CodeHeap 'non-profiled nmethods': size=120000Kb used=2993Kb max_used=2993Kb free=117006Kb
 bounds [0x000001459acf0000, 0x000001459afe0000, 0x00000145a2220000]
CodeHeap 'profiled nmethods': size=120000Kb used=11435Kb max_used=11435Kb free=108564Kb
 bounds [0x00000145937c0000, 0x00000145942f0000, 0x000001459acf0000]
CodeHeap 'non-nmethods': size=5760Kb used=2333Kb max_used=2398Kb free=3426Kb
 bounds [0x0000014593220000, 0x0000014593490000, 0x00000145937c0000]
 total_blobs=6933 nmethods=6092 adapters=753
 compilation: enabled
              stopped_count=0, restarted_count=0
 full_count=0

Compilation events (20 events):
Event: 5.155 Thread 0x00000145aa33f8e0 nmethod 6606 0x000001459afdb390 code [0x000001459afdb500, 0x000001459afdb598]
Event: 5.155 Thread 0x00000145aa33f8e0 6610       4       groovyjarjarantlr4.v4.runtime.atn.ATNConfigSet$ATNConfigSetIterator::hasNext (25 bytes)
Event: 5.156 Thread 0x00000145aa33f8e0 nmethod 6610 0x000001459afdb690 code [0x000001459afdb800, 0x000001459afdb8b8]
Event: 5.156 Thread 0x00000145aa33f8e0 6871       4       java.util.Collections::emptySet (4 bytes)
Event: 5.156 Thread 0x00000145aa33f8e0 nmethod 6871 0x000001459afdb990 code [0x000001459afdbb00, 0x000001459afdbb58]
Event: 5.156 Thread 0x00000145aa34b210 6916       1       org.codehaus.groovy.ast.Parameter::getType (5 bytes)
Event: 5.156 Thread 0x00000145aa34b210 nmethod 6916 0x000001459afdbc90 code [0x000001459afdbe20, 0x000001459afdbef8]
Event: 5.157 Thread 0x00000145aa34b210 6917       3       org.codehaus.groovy.ast.ClassNode::getUnresolvedSuperClass (34 bytes)
Event: 5.157 Thread 0x00000145aa34b210 nmethod 6917 0x00000145942e9b10 code [0x00000145942e9ce0, 0x00000145942e9fb8]
Event: 5.157 Thread 0x00000145aa34b210 6918       3       org.codehaus.groovy.ast.ClassNode::getInterfaces (24 bytes)
Event: 5.157 Thread 0x00000145aa34b210 nmethod 6918 0x00000145942ea090 code [0x00000145942ea240, 0x00000145942ea4b8]
Event: 5.157 Thread 0x00000145aa34b210 6919       3       org.codehaus.groovy.ast.MethodNode::isAbstract (17 bytes)
Event: 5.157 Thread 0x00000145aa34b210 nmethod 6919 0x00000145942ea590 code [0x00000145942ea720, 0x00000145942ea898]
Event: 5.157 Thread 0x00000145aa34b210 6920       3       org.codehaus.groovy.ast.ClassNode$$Lambda$714/0x0000000801333330::test (8 bytes)
Event: 5.157 Thread 0x00000145aa34b210 nmethod 6920 0x00000145942ea910 code [0x00000145942eaac0, 0x00000145942ead88]
Event: 5.157 Thread 0x00000145aa34b210 6921       1       org.codehaus.groovy.ast.expr.MethodCallExpression::getMethod (5 bytes)
Event: 5.157 Thread 0x00000145aa34b210 nmethod 6921 0x000001459afdbf90 code [0x000001459afdc120, 0x000001459afdc1f8]
Event: 5.158 Thread 0x00000145aa34b210 6922       1       org.codehaus.groovy.ast.expr.TupleExpression::getExpressions (5 bytes)
Event: 5.158 Thread 0x00000145aa34b210 nmethod 6922 0x000001459afdc290 code [0x000001459afdc420, 0x000001459afdc4f8]
Event: 5.162 Thread 0x00000145ae63b5e0 


GC Heap History (20 events):
Event: 2.333 GC heap after
{Heap after GC invocations=4 (full 0):
 garbage-first heap   total 129024K, used 34756K [0x0000000080000000, 0x0000000100000000)
  region size 1024K, 6 young (6144K), 6 survivors (6144K)
 Metaspace       used 20755K, committed 21504K, reserved 1114112K
  class space    used 3041K, committed 3456K, reserved 1048576K
}
Event: 3.041 GC heap before
{Heap before GC invocations=5 (full 0):
 garbage-first heap   total 122880K, used 92100K [0x0000000080000000, 0x0000000100000000)
  region size 1024K, 62 young (63488K), 6 survivors (6144K)
 Metaspace       used 30683K, committed 31744K, reserved 1114112K
  class space    used 4419K, committed 4992K, reserved 1048576K
}
Event: 3.047 GC heap after
{Heap after GC invocations=6 (full 0):
 garbage-first heap   total 122880K, used 39955K [0x0000000080000000, 0x0000000100000000)
  region size 1024K, 5 young (5120K), 5 survivors (5120K)
 Metaspace       used 30683K, committed 31744K, reserved 1114112K
  class space    used 4419K, committed 4992K, reserved 1048576K
}
Event: 3.402 GC heap before
{Heap before GC invocations=6 (full 0):
 garbage-first heap   total 122880K, used 83987K [0x0000000080000000, 0x0000000100000000)
  region size 1024K, 47 young (48128K), 5 survivors (5120K)
 Metaspace       used 34751K, committed 35968K, reserved 1114112K
  class space    used 4825K, committed 5440K, reserved 1048576K
}
Event: 3.408 GC heap after
{Heap after GC invocations=7 (full 0):
 garbage-first heap   total 122880K, used 44434K [0x0000000080000000, 0x0000000100000000)
  region size 1024K, 5 young (5120K), 5 survivors (5120K)
 Metaspace       used 34751K, committed 35968K, reserved 1114112K
  class space    used 4825K, committed 5440K, reserved 1048576K
}
Event: 3.900 GC heap before
{Heap before GC invocations=8 (full 0):
 garbage-first heap   total 122880K, used 97682K [0x0000000080000000, 0x0000000100000000)
  region size 1024K, 53 young (54272K), 5 survivors (5120K)
 Metaspace       used 39045K, committed 40448K, reserved 1114112K
  class space    used 5357K, committed 6080K, reserved 1048576K
}
Event: 3.905 GC heap after
{Heap after GC invocations=9 (full 0):
 garbage-first heap   total 122880K, used 53011K [0x0000000080000000, 0x0000000100000000)
  region size 1024K, 6 young (6144K), 6 survivors (6144K)
 Metaspace       used 39045K, committed 40448K, reserved 1114112K
  class space    used 5357K, committed 6080K, reserved 1048576K
}
Event: 4.367 GC heap before
{Heap before GC invocations=9 (full 0):
 garbage-first heap   total 122880K, used 98067K [0x0000000080000000, 0x0000000100000000)
  region size 1024K, 46 young (47104K), 6 survivors (6144K)
 Metaspace       used 43176K, committed 44608K, reserved 1114112K
  class space    used 6004K, committed 6720K, reserved 1048576K
}
Event: 4.373 GC heap after
{Heap after GC invocations=10 (full 0):
 garbage-first heap   total 122880K, used 61688K [0x0000000080000000, 0x0000000100000000)
  region size 1024K, 5 young (5120K), 5 survivors (5120K)
 Metaspace       used 43176K, committed 44608K, reserved 1114112K
  class space    used 6004K, committed 6720K, reserved 1048576K
}
Event: 4.600 GC heap before
{Heap before GC invocations=10 (full 0):
 garbage-first heap   total 122880K, used 87288K [0x0000000080000000, 0x0000000100000000)
  region size 1024K, 32 young (32768K), 5 survivors (5120K)
 Metaspace       used 43998K, committed 45504K, reserved 1114112K
  class space    used 6106K, committed 6848K, reserved 1048576K
}
Event: 4.605 GC heap after
{Heap after GC invocations=11 (full 0):
 garbage-first heap   total 147456K, used 63279K [0x0000000080000000, 0x0000000100000000)
  region size 1024K, 2 young (2048K), 2 survivors (2048K)
 Metaspace       used 43998K, committed 45504K, reserved 1114112K
  class space    used 6106K, committed 6848K, reserved 1048576K
}
Event: 4.648 GC heap before
{Heap before GC invocations=11 (full 0):
 garbage-first heap   total 147456K, used 70447K [0x0000000080000000, 0x0000000100000000)
  region size 1024K, 7 young (7168K), 2 survivors (2048K)
 Metaspace       used 44011K, committed 45504K, reserved 1114112K
  class space    used 6106K, committed 6848K, reserved 1048576K
}
Event: 4.651 GC heap after
{Heap after GC invocations=12 (full 0):
 garbage-first heap   total 147456K, used 69172K [0x0000000080000000, 0x0000000100000000)
  region size 1024K, 5 young (5120K), 5 survivors (5120K)
 Metaspace       used 44011K, committed 45504K, reserved 1114112K
  class space    used 6106K, committed 6848K, reserved 1048576K
}
Event: 4.679 GC heap before
{Heap before GC invocations=12 (full 0):
 garbage-first heap   total 147456K, used 75316K [0x0000000080000000, 0x0000000100000000)
  region size 1024K, 9 young (9216K), 5 survivors (5120K)
 Metaspace       used 44011K, committed 45504K, reserved 1114112K
  class space    used 6106K, committed 6848K, reserved 1048576K
}
Event: 4.682 GC heap after
{Heap after GC invocations=13 (full 0):
 garbage-first heap   total 147456K, used 74447K [0x0000000080000000, 0x0000000100000000)
  region size 1024K, 3 young (3072K), 3 survivors (3072K)
 Metaspace       used 44011K, committed 45504K, reserved 1114112K
  class space    used 6106K, committed 6848K, reserved 1048576K
}
Event: 4.908 GC heap before
{Heap before GC invocations=14 (full 0):
 garbage-first heap   total 147456K, used 97999K [0x0000000080000000, 0x0000000100000000)
  region size 1024K, 25 young (25600K), 3 survivors (3072K)
 Metaspace       used 46756K, committed 48256K, reserved 1114112K
  class space    used 6574K, committed 7360K, reserved 1048576K
}
Event: 4.910 GC heap after
{Heap after GC invocations=15 (full 0):
 garbage-first heap   total 147456K, used 79186K [0x0000000080000000, 0x0000000100000000)
  region size 1024K, 4 young (4096K), 4 survivors (4096K)
 Metaspace       used 46756K, committed 48256K, reserved 1114112K
  class space    used 6574K, committed 7360K, reserved 1048576K
}
Event: 4.926 GC heap before
{Heap before GC invocations=15 (full 0):
 garbage-first heap   total 147456K, used 82258K [0x0000000080000000, 0x0000000100000000)
  region size 1024K, 7 young (7168K), 4 survivors (4096K)
 Metaspace       used 46779K, committed 48256K, reserved 1114112K
  class space    used 6574K, committed 7360K, reserved 1048576K
}
Event: 4.928 GC heap after
{Heap after GC invocations=16 (full 0):
 garbage-first heap   total 147456K, used 79332K [0x0000000080000000, 0x0000000100000000)
  region size 1024K, 1 young (1024K), 1 survivors (1024K)
 Metaspace       used 46779K, committed 48256K, reserved 1114112K
  class space    used 6574K, committed 7360K, reserved 1048576K
}
Event: 5.162 GC heap before
{Heap before GC invocations=16 (full 0):
 garbage-first heap   total 147456K, used 100836K [0x0000000080000000, 0x0000000100000000)
  region size 1024K, 23 young (23552K), 1 survivors (1024K)
 Metaspace       used 48722K, committed 50240K, reserved 1114112K
  class space    used 6777K, committed 7552K, reserved 1048576K
}

Deoptimization events (20 events):
Event: 5.016 Thread 0x00000145b074a470 Uncommon trap: trap_request=0xffffff45 fr.pc=0x000001459aea9fa0 relative=0x00000000000007a0
Event: 5.016 Thread 0x00000145b074a470 Uncommon trap: reason=unstable_if action=reinterpret pc=0x000001459aea9fa0 method=java.io.BufferedInputStream.read([BII)I @ 56 c2
Event: 5.016 Thread 0x00000145b074a470 DEOPT PACKING pc=0x000001459aea9fa0 sp=0x0000002028ff80f0
Event: 5.016 Thread 0x00000145b074a470 DEOPT UNPACKING pc=0x00000145932723a3 sp=0x0000002028ff80c8 mode 2
Event: 5.041 Thread 0x00000145b074a470 DEOPT PACKING pc=0x000001459383b5d6 sp=0x0000002028ff7750
Event: 5.041 Thread 0x00000145b074a470 DEOPT UNPACKING pc=0x0000014593272b43 sp=0x0000002028ff6c38 mode 0
Event: 5.050 Thread 0x00000145b074a470 DEOPT PACKING pc=0x000001459429c2c3 sp=0x0000002028ff7420
Event: 5.050 Thread 0x00000145b074a470 DEOPT UNPACKING pc=0x0000014593272b43 sp=0x0000002028ff6890 mode 0
Event: 5.152 Thread 0x00000145b074a470 Uncommon trap: trap_request=0xffffff45 fr.pc=0x000001459ad49cc4 relative=0x0000000000000304
Event: 5.152 Thread 0x00000145b074a470 Uncommon trap: reason=unstable_if action=reinterpret pc=0x000001459ad49cc4 method=java.io.WinNTFileSystem.prefixLength(Ljava/lang/String;)I @ 42 c2
Event: 5.152 Thread 0x00000145b074a470 DEOPT PACKING pc=0x000001459ad49cc4 sp=0x0000002028ff7ed0
Event: 5.152 Thread 0x00000145b074a470 DEOPT UNPACKING pc=0x00000145932723a3 sp=0x0000002028ff7e48 mode 2
Event: 5.158 Thread 0x00000145b074a470 Uncommon trap: trap_request=0xffffffde fr.pc=0x000001459ad238b0 relative=0x00000000000001b0
Event: 5.158 Thread 0x00000145b074a470 Uncommon trap: reason=class_check action=maybe_recompile pc=0x000001459ad238b0 method=java.lang.String.equals(Ljava/lang/Object;)Z @ 8 c2
Event: 5.158 Thread 0x00000145b074a470 DEOPT PACKING pc=0x000001459ad238b0 sp=0x0000002028ff7d30
Event: 5.158 Thread 0x00000145b074a470 DEOPT UNPACKING pc=0x00000145932723a3 sp=0x0000002028ff7cd8 mode 2
Event: 5.158 Thread 0x00000145b074a470 Uncommon trap: trap_request=0xffffffde fr.pc=0x000001459ad238b0 relative=0x00000000000001b0
Event: 5.158 Thread 0x00000145b074a470 Uncommon trap: reason=class_check action=maybe_recompile pc=0x000001459ad238b0 method=java.lang.String.equals(Ljava/lang/Object;)Z @ 8 c2
Event: 5.158 Thread 0x00000145b074a470 DEOPT PACKING pc=0x000001459ad238b0 sp=0x0000002028ff7d30
Event: 5.158 Thread 0x00000145b074a470 DEOPT UNPACKING pc=0x00000145932723a3 sp=0x0000002028ff7cd8 mode 2

Classes loaded (20 events):
Event: 4.899 Loading class java/util/stream/ReferencePipeline$4$1
Event: 4.899 Loading class java/util/stream/ReferencePipeline$4$1 done
Event: 4.982 Loading class java/util/stream/ReduceOps$9
Event: 4.982 Loading class java/util/stream/ReduceOps$9 done
Event: 4.982 Loading class java/util/stream/ReduceOps$CountingSink$OfInt
Event: 4.982 Loading class java/util/stream/ReduceOps$CountingSink
Event: 4.982 Loading class java/util/stream/ReduceOps$CountingSink done
Event: 4.982 Loading class java/util/stream/ReduceOps$CountingSink$OfInt done
Event: 5.081 Loading class java/util/AbstractList$ListItr
Event: 5.082 Loading class java/util/AbstractList$ListItr done
Event: 5.119 Loading class java/lang/NegativeArraySizeException
Event: 5.119 Loading class java/lang/NegativeArraySizeException done
Event: 5.129 Loading class sun/reflect/generics/repository/FieldRepository
Event: 5.130 Loading class sun/reflect/generics/repository/FieldRepository done
Event: 5.152 Loading class java/security/PermissionsEnumerator
Event: 5.153 Loading class java/security/PermissionsEnumerator done
Event: 5.155 Loading class java/util/stream/ReduceOps$5
Event: 5.155 Loading class java/util/stream/ReduceOps$5 done
Event: 5.155 Loading class java/util/stream/ReduceOps$CountingSink$OfRef
Event: 5.155 Loading class java/util/stream/ReduceOps$CountingSink$OfRef done

Classes unloaded (0 events):
No events

Classes redefined (0 events):
No events

Internal exceptions (20 events):
Event: 4.171 Thread 0x00000145b074a470 Exception <a 'java/lang/ClassNotFoundException'{0x0000000085e8dbc0}: org/gradle/plugin/use/internal/PluginRequestCollector$PluginDependencySpecImplCustomizer> (0x0000000085e8dbc0) 
thrown [s\open\src\hotspot\share\classfile\systemDictionary.cpp, line 255]
Event: 4.270 Thread 0x00000145b074a470 Exception <a 'java/lang/NoSuchMethodError'{0x00000000856eb488}: 'void java.lang.invoke.DirectMethodHandle$Holder.invokeStatic(java.lang.Object, java.lang.Object, java.lang.Object, int, java.lang.Object)'> (0x00000000856eb488) 
thrown [s\open\src\hotspot\share\interpreter\linkResolver.cpp, line 766]
Event: 4.398 Thread 0x00000145b074a470 Exception <a 'java/lang/NoSuchMethodError'{0x00000000876e7b58}: 'void java.lang.invoke.DirectMethodHandle$Holder.invokeStatic(java.lang.Object, java.lang.Object, java.lang.Object, java.lang.Object, java.lang.Object, java.lang.Object)'> (0x00000000876e7b58) 
thrown [s\open\src\hotspot\share\interpreter\linkResolver.cpp, line 766]
Event: 4.466 Thread 0x00000145b3550ca0 Implicit null exception at 0x000001459af382ef to 0x000001459af3854c
Event: 4.579 Thread 0x00000145b074a470 Exception <a 'java/lang/ClassNotFoundException'{0x0000000085f74c68}: build_aumft0aipb45clacliag1tp2gBeanInfo> (0x0000000085f74c68) 
thrown [s\open\src\hotspot\share\classfile\systemDictionary.cpp, line 255]
Event: 4.579 Thread 0x00000145b074a470 Exception <a 'java/lang/ClassNotFoundException'{0x0000000085f7af08}: build_aumft0aipb45clacliag1tp2gCustomizer> (0x0000000085f7af08) 
thrown [s\open\src\hotspot\share\classfile\systemDictionary.cpp, line 255]
Event: 4.581 Thread 0x00000145b074a470 Exception <a 'java/lang/NoSuchMethodError'{0x0000000085f9e5c0}: 'java.lang.Object java.lang.invoke.DirectMethodHandle$Holder.invokeInterface(java.lang.Object, java.lang.Object, java.lang.Object, java.lang.Object, java.lang.Object)'> (0x0000000085f9e5c0) 
thrown [s\open\src\hotspot\share\interpreter\linkResolver.cpp, line 766]
Event: 4.696 Thread 0x00000145b074a470 Exception <a 'java/lang/ClassNotFoundException'{0x0000000088e38cd8}: org/gradle/api/tasks/Delete_DecoratedBeanInfo> (0x0000000088e38cd8) 
thrown [s\open\src\hotspot\share\classfile\systemDictionary.cpp, line 255]
Event: 4.696 Thread 0x00000145b074a470 Exception <a 'java/lang/ClassNotFoundException'{0x0000000088e4a148}: org/gradle/api/tasks/DeleteBeanInfo> (0x0000000088e4a148) 
thrown [s\open\src\hotspot\share\classfile\systemDictionary.cpp, line 255]
Event: 4.697 Thread 0x00000145b074a470 Exception <a 'java/lang/ClassNotFoundException'{0x0000000088e5b710}: org/gradle/api/internal/ConventionTaskBeanInfo> (0x0000000088e5b710) 
thrown [s\open\src\hotspot\share\classfile\systemDictionary.cpp, line 255]
Event: 4.697 Thread 0x00000145b074a470 Exception <a 'java/lang/ClassNotFoundException'{0x0000000088e6cb38}: org/gradle/api/DefaultTaskBeanInfo> (0x0000000088e6cb38) 
thrown [s\open\src\hotspot\share\classfile\systemDictionary.cpp, line 255]
Event: 4.698 Thread 0x00000145b074a470 Exception <a 'java/lang/ClassNotFoundException'{0x0000000088e7e0f8}: org/gradle/api/internal/AbstractTaskBeanInfo> (0x0000000088e7e0f8) 
thrown [s\open\src\hotspot\share\classfile\systemDictionary.cpp, line 255]
Event: 4.698 Thread 0x00000145b074a470 Exception <a 'java/lang/ClassNotFoundException'{0x0000000088e8f698}: org/gradle/api/internal/AbstractTaskCustomizer> (0x0000000088e8f698) 
thrown [s\open\src\hotspot\share\classfile\systemDictionary.cpp, line 255]
Event: 4.699 Thread 0x00000145b074a470 Exception <a 'java/lang/ClassNotFoundException'{0x0000000088eed328}: org/gradle/api/DefaultTaskCustomizer> (0x0000000088eed328) 
thrown [s\open\src\hotspot\share\classfile\systemDictionary.cpp, line 255]
Event: 4.701 Thread 0x00000145b074a470 Exception <a 'java/lang/ClassNotFoundException'{0x0000000088d57c20}: org/gradle/api/internal/ConventionTaskCustomizer> (0x0000000088d57c20) 
thrown [s\open\src\hotspot\share\classfile\systemDictionary.cpp, line 255]
Event: 4.702 Thread 0x00000145b074a470 Exception <a 'java/lang/ClassNotFoundException'{0x0000000088d788e0}: org/gradle/api/tasks/DeleteCustomizer> (0x0000000088d788e0) 
thrown [s\open\src\hotspot\share\classfile\systemDictionary.cpp, line 255]
Event: 4.702 Thread 0x00000145b074a470 Exception <a 'java/lang/ClassNotFoundException'{0x0000000088d9dc00}: org/gradle/api/tasks/Delete_DecoratedCustomizer> (0x0000000088d9dc00) 
thrown [s\open\src\hotspot\share\classfile\systemDictionary.cpp, line 255]
Event: 4.734 Thread 0x00000145b074a470 Exception <a 'java/lang/NoSuchMethodError'{0x0000000088a6cd08}: 'void java.lang.invoke.DirectMethodHandle$Holder.invokeVirtual(java.lang.Object, java.lang.Object)'> (0x0000000088a6cd08) 
thrown [s\open\src\hotspot\share\interpreter\linkResolver.cpp, line 766]
Event: 4.739 Thread 0x00000145b074a470 Exception <a 'java/lang/NoSuchMethodError'{0x0000000088ad7ec0}: 'void java.lang.invoke.Invokers$Holder.invokeExact_MT(java.lang.Object, java.lang.Object, java.lang.Object, java.lang.Object)'> (0x0000000088ad7ec0) 
thrown [s\open\src\hotspot\share\interpreter\linkResolver.cpp, line 766]
Event: 5.003 Thread 0x00000145b074a470 Exception <a 'java/lang/NoSuchMethodError'{0x0000000088220020}: 'void java.lang.invoke.DirectMethodHandle$Holder.invokeSpecialIFC(java.lang.Object, java.lang.Object, java.lang.Object)'> (0x0000000088220020) 
thrown [s\open\src\hotspot\share\interpreter\linkResolver.cpp, line 766]

VM Operations (20 events):
Event: 4.723 Executing VM operation: G1Concurrent done
Event: 4.851 Executing VM operation: HandshakeAllThreads
Event: 4.852 Executing VM operation: HandshakeAllThreads done
Event: 4.864 Executing VM operation: HandshakeAllThreads
Event: 4.864 Executing VM operation: HandshakeAllThreads done
Event: 4.874 Executing VM operation: ICBufferFull
Event: 4.875 Executing VM operation: ICBufferFull done
Event: 4.898 Executing VM operation: HandshakeAllThreads
Event: 4.898 Executing VM operation: HandshakeAllThreads done
Event: 4.907 Executing VM operation: G1CollectForAllocation
Event: 4.910 Executing VM operation: G1CollectForAllocation done
Event: 4.926 Executing VM operation: G1CollectForAllocation
Event: 4.929 Executing VM operation: G1CollectForAllocation done
Event: 5.033 Executing VM operation: HandshakeAllThreads
Event: 5.034 Executing VM operation: HandshakeAllThreads done
Event: 5.034 Executing VM operation: HandshakeAllThreads
Event: 5.034 Executing VM operation: HandshakeAllThreads done
Event: 5.082 Executing VM operation: HandshakeAllThreads
Event: 5.083 Executing VM operation: HandshakeAllThreads done
Event: 5.162 Executing VM operation: G1CollectForAllocation

Events (20 events):
Event: 4.466 Thread 0x00000145b3632b60 Thread added: 0x00000145b3632b60
Event: 4.466 Thread 0x00000145b36321c0 Thread added: 0x00000145b36321c0
Event: 4.466 Thread 0x00000145b362cb20 Thread added: 0x00000145b362cb20
Event: 4.466 Thread 0x00000145b3633030 Thread added: 0x00000145b3633030
Event: 4.466 Thread 0x00000145b362f1a0 Thread added: 0x00000145b362f1a0
Event: 4.466 Thread 0x00000145b362cff0 Thread added: 0x00000145b362cff0
Event: 4.467 Thread 0x00000145b362e800 Thread added: 0x00000145b362e800
Event: 4.467 Thread 0x00000145b362b7e0 Thread added: 0x00000145b362b7e0
Event: 4.467 Thread 0x00000145b362c180 Thread added: 0x00000145b362c180
Event: 4.467 Thread 0x00000145b362f670 Thread added: 0x00000145b362f670
Event: 4.467 Thread 0x00000145b362d4c0 Thread added: 0x00000145b362d4c0
Event: 4.468 Thread 0x00000145b3631350 Thread added: 0x00000145b3631350
Event: 4.468 Thread 0x00000145b362d990 Thread added: 0x00000145b362d990
Event: 4.469 Thread 0x00000145b362fb40 Thread added: 0x00000145b362fb40
Event: 4.469 Thread 0x00000145b362bcb0 Thread added: 0x00000145b362bcb0
Event: 4.469 Thread 0x00000145b3630010 Thread added: 0x00000145b3630010
Event: 4.469 Thread 0x00000145b36304e0 Thread added: 0x00000145b36304e0
Event: 4.471 Thread 0x00000145b36309b0 Thread added: 0x00000145b36309b0
Event: 4.471 Thread 0x00000145b3630e80 Thread added: 0x00000145b3630e80
Event: 4.471 Thread 0x00000145b33004c0 Thread added: 0x00000145b33004c0


Dynamic libraries:
0x00007ff6de1f0000 - 0x00007ff6de200000 	C:\Program Files\Java\jdk-18.0.1.1\bin\java.exe
0x00007ff9074c0000 - 0x00007ff9076c9000 	C:\WINDOWS\SYSTEM32\ntdll.dll
0x00007ff9058e0000 - 0x00007ff90599d000 	C:\WINDOWS\System32\KERNEL32.DLL
0x00007ff904c60000 - 0x00007ff904fd9000 	C:\WINDOWS\System32\KERNELBASE.dll
0x00007ff904b40000 - 0x00007ff904c51000 	C:\WINDOWS\System32\ucrtbase.dll
0x00007ff8e0110000 - 0x00007ff8e012a000 	C:\Program Files\Java\jdk-18.0.1.1\bin\VCRUNTIME140.dll
0x00007ff8e00f0000 - 0x00007ff8e0108000 	C:\Program Files\Java\jdk-18.0.1.1\bin\jli.dll
0x00007ff9059a0000 - 0x00007ff905a4e000 	C:\WINDOWS\System32\ADVAPI32.dll
0x00007ff905a50000 - 0x00007ff905af3000 	C:\WINDOWS\System32\msvcrt.dll
0x00007ff9069b0000 - 0x00007ff906a4e000 	C:\WINDOWS\System32\sechost.dll
0x00007ff905bf0000 - 0x00007ff905d10000 	C:\WINDOWS\System32\RPCRT4.dll
0x00007ff9070a0000 - 0x00007ff90724c000 	C:\WINDOWS\System32\USER32.dll
0x00007ff9049a0000 - 0x00007ff9049c6000 	C:\WINDOWS\System32\win32u.dll
0x00007ff8dc600000 - 0x00007ff8dc8a5000 	C:\WINDOWS\WinSxS\amd64_microsoft.windows.common-controls_6595b64144ccf1df_6.0.22000.120_none_9d947278b86cc467\COMCTL32.dll
0x00007ff907340000 - 0x00007ff907369000 	C:\WINDOWS\System32\GDI32.dll
0x00007ff9051b0000 - 0x00007ff9052c2000 	C:\WINDOWS\System32\gdi32full.dll
0x00007ff905050000 - 0x00007ff9050ed000 	C:\WINDOWS\System32\msvcp_win.dll
0x00007ff8ff2c0000 - 0x00007ff8ff2ca000 	C:\WINDOWS\SYSTEM32\VERSION.dll
0x00007ff907370000 - 0x00007ff9073a1000 	C:\WINDOWS\System32\IMM32.DLL
0x00007ff900ea0000 - 0x00007ff900eac000 	C:\Program Files\Java\jdk-18.0.1.1\bin\vcruntime140_1.dll
0x00007ff8ce880000 - 0x00007ff8ce90d000 	C:\Program Files\Java\jdk-18.0.1.1\bin\msvcp140.dll
0x00007ff887c10000 - 0x00007ff888820000 	C:\Program Files\Java\jdk-18.0.1.1\bin\server\jvm.dll
0x00007ff907330000 - 0x00007ff907338000 	C:\WINDOWS\System32\PSAPI.DLL
0x00007ff8ff360000 - 0x00007ff8ff393000 	C:\WINDOWS\SYSTEM32\WINMM.dll
0x00007ff8bec00000 - 0x00007ff8bec09000 	C:\WINDOWS\SYSTEM32\WSOCK32.dll
0x00007ff906a50000 - 0x00007ff906abf000 	C:\WINDOWS\System32\WS2_32.dll
0x00007ff903b90000 - 0x00007ff903ba8000 	C:\WINDOWS\SYSTEM32\kernel.appcore.dll
0x00007ff900e10000 - 0x00007ff900e1a000 	C:\Program Files\Java\jdk-18.0.1.1\bin\jimage.dll
0x00007ff9024f0000 - 0x00007ff902711000 	C:\WINDOWS\SYSTEM32\DBGHELP.DLL
0x00007ff8fa780000 - 0x00007ff8fa7b1000 	C:\WINDOWS\SYSTEM32\dbgcore.DLL
0x00007ff9052d0000 - 0x00007ff90534f000 	C:\WINDOWS\System32\bcryptPrimitives.dll
0x00007ff8e0050000 - 0x00007ff8e0075000 	C:\Program Files\Java\jdk-18.0.1.1\bin\java.dll
0x00007ff8b8bb0000 - 0x00007ff8b8c86000 	C:\Program Files\Java\jdk-18.0.1.1\bin\jsvml.dll
0x00007ff905ed0000 - 0x00007ff906688000 	C:\WINDOWS\System32\SHELL32.dll
0x00007ff902b20000 - 0x00007ff903388000 	C:\WINDOWS\SYSTEM32\windows.storage.dll
0x00007ff905560000 - 0x00007ff9058d9000 	C:\WINDOWS\System32\combase.dll
0x00007ff9029b0000 - 0x00007ff902b16000 	C:\WINDOWS\SYSTEM32\wintypes.dll
0x00007ff9068c0000 - 0x00007ff9069aa000 	C:\WINDOWS\System32\SHCORE.dll
0x00007ff905490000 - 0x00007ff9054ed000 	C:\WINDOWS\System32\shlwapi.dll
0x00007ff9048d0000 - 0x00007ff9048f1000 	C:\WINDOWS\SYSTEM32\profapi.dll
0x00007ff8e0090000 - 0x00007ff8e00a3000 	C:\Program Files\Java\jdk-18.0.1.1\bin\net.dll
0x00007ff8ff160000 - 0x00007ff8ff26c000 	C:\WINDOWS\SYSTEM32\WINHTTP.dll
0x00007ff903fc0000 - 0x00007ff904027000 	C:\WINDOWS\system32\mswsock.dll
0x00007ff8e0030000 - 0x00007ff8e0046000 	C:\Program Files\Java\jdk-18.0.1.1\bin\nio.dll
0x00007ff8dc030000 - 0x00007ff8dc048000 	C:\Program Files\Java\jdk-18.0.1.1\bin\zip.dll
0x00007ff900e20000 - 0x00007ff900e30000 	C:\Program Files\Java\jdk-18.0.1.1\bin\verify.dll
0x00007ff8ce790000 - 0x00007ff8ce7b7000 	C:\Program Files\Java\jre1.8.0_333\native\e1d6ef7f7dcc3fd88c89a11ec53ec762bb8ba0a96d01ffa2cd45eb1d1d8dd5c5\windows-amd64\native-platform.dll
0x00007ff8b6750000 - 0x00007ff8b6894000 	C:\Program Files\Java\jre1.8.0_333\native\5664cfc778a61ccfe75a443a1ab52a65af34e5dc3c78e0209fed803814484fcb\windows-amd64\native-platform-file-events.dll
0x00007ff900e40000 - 0x00007ff900e49000 	C:\Program Files\Java\jdk-18.0.1.1\bin\management.dll
0x00007ff900e30000 - 0x00007ff900e3b000 	C:\Program Files\Java\jdk-18.0.1.1\bin\management_ext.dll
0x00007ff904200000 - 0x00007ff904218000 	C:\WINDOWS\SYSTEM32\CRYPTSP.dll
0x00007ff903af0000 - 0x00007ff903b25000 	C:\WINDOWS\system32\rsaenh.dll
0x00007ff9040b0000 - 0x00007ff9040d9000 	C:\WINDOWS\SYSTEM32\USERENV.dll
0x00007ff904380000 - 0x00007ff9043a7000 	C:\WINDOWS\SYSTEM32\bcrypt.dll
0x00007ff904220000 - 0x00007ff90422c000 	C:\WINDOWS\SYSTEM32\CRYPTBASE.dll
0x00007ff9036c0000 - 0x00007ff9036ed000 	C:\WINDOWS\SYSTEM32\IPHLPAPI.DLL
0x00007ff906710000 - 0x00007ff906719000 	C:\WINDOWS\System32\NSI.dll
0x00007ff8ff2e0000 - 0x00007ff8ff2f9000 	C:\WINDOWS\SYSTEM32\dhcpcsvc6.DLL
0x00007ff8ff4a0000 - 0x00007ff8ff4be000 	C:\WINDOWS\SYSTEM32\dhcpcsvc.DLL
0x00007ff9036f0000 - 0x00007ff9037d8000 	C:\WINDOWS\SYSTEM32\DNSAPI.dll

dbghelp: loaded successfully - version: 4.0.5 - missing functions: none
symbol engine: initialized successfully - sym options: 0x614 - pdb path: .;C:\Program Files\Java\jdk-18.0.1.1\bin;C:\WINDOWS\SYSTEM32;C:\WINDOWS\WinSxS\amd64_microsoft.windows.common-controls_6595b64144ccf1df_6.0.22000.120_none_9d947278b86cc467;C:\Program Files\Java\jdk-18.0.1.1\bin\server;C:\Program Files\Java\jre1.8.0_333\native\e1d6ef7f7dcc3fd88c89a11ec53ec762bb8ba0a96d01ffa2cd45eb1d1d8dd5c5\windows-amd64;C:\Program Files\Java\jre1.8.0_333\native\5664cfc778a61ccfe75a443a1ab52a65af34e5dc3c78e0209fed803814484fcb\windows-amd64

VM Arguments:
jvm_args: --add-opens=java.base/java.util=ALL-UNNAMED --add-opens=java.base/java.lang=ALL-UNNAMED --add-opens=java.base/java.lang.invoke=ALL-UNNAMED --add-opens=java.base/java.util=ALL-UNNAMED --add-opens=java.prefs/java.util.prefs=ALL-UNNAMED --add-opens=java.prefs/java.util.prefs=ALL-UNNAMED --add-opens=java.base/java.nio.charset=ALL-UNNAMED --add-opens=java.base/java.net=ALL-UNNAMED --add-opens=java.base/java.util.concurrent.atomic=ALL-UNNAMED -Xmx2048m -Dfile.encoding=UTF-8 -Duser.country=US -Duser.language=en -Duser.variant 
java_command: org.gradle.launcher.daemon.bootstrap.GradleDaemon 7.3.3
java_class_path (initial): C:\Program Files\Java\jre1.8.0_333\wrapper\dists\gradle-7.3.3-bin\6a41zxkdtcxs8rphpq6y0069z\gradle-7.3.3\lib\gradle-launcher-7.3.3.jar
Launcher Type: SUN_STANDARD

[Global flags]
     intx CICompilerCount                          = 4                                         {product} {ergonomic}
     uint ConcGCThreads                            = 2                                         {product} {ergonomic}
     uint G1ConcRefinementThreads                  = 8                                         {product} {ergonomic}
   size_t G1HeapRegionSize                         = 1048576                                   {product} {ergonomic}
    uintx GCDrainStackTargetSize                   = 64                                        {product} {ergonomic}
   size_t InitialHeapSize                          = 132120576                                 {product} {ergonomic}
   size_t MarkStackSize                            = 4194304                                   {product} {ergonomic}
   size_t MaxHeapSize                              = 2147483648                                {product} {command line}
   size_t MaxNewSize                               = 1287651328                                {product} {ergonomic}
   size_t MinHeapDeltaBytes                        = 1048576                                   {product} {ergonomic}
   size_t MinHeapSize                              = 8388608                                   {product} {ergonomic}
    uintx NonNMethodCodeHeapSize                   = 5839372                                {pd product} {ergonomic}
    uintx NonProfiledCodeHeapSize                  = 122909434                              {pd product} {ergonomic}
    uintx ProfiledCodeHeapSize                     = 122909434                              {pd product} {ergonomic}
    uintx ReservedCodeCacheSize                    = 251658240                              {pd product} {ergonomic}
     bool SegmentedCodeCache                       = true                                      {product} {ergonomic}
   size_t SoftMaxHeapSize                          = 2147483648                             {manageable} {ergonomic}
     bool UseCompressedClassPointers               = true                           {product lp64_product} {ergonomic}
     bool UseCompressedOops                        = true                           {product lp64_product} {ergonomic}
     bool UseG1GC                                  = true                                      {product} {ergonomic}
     bool UseLargePagesIndividualAllocation        = false                                  {pd product} {ergonomic}

Logging:
Log output configuration:
 #0: stdout all=warning uptime,level,tags foldmultilines=false
 #1: stderr all=off uptime,level,tags foldmultilines=false

Environment Variables:
JAVA_HOME=C:\Program Files\Java\jdk-18.0.1.1
PATH=C:\Program Files\Common Files\Oracle\Java\javapath;C:\Windows\system32;C:\Windows;C:\Windows\System32\Wbem;C:\Windows\System32\WindowsPowerShell\v1.0\;C:\Windows\System32\OpenSSH\;C:\Program Files (x86)\NVIDIA Corporation\PhysX\Common;C:\Program Files\NVIDIA Corporation\NVIDIA NvDLISR;F:\Git\cmd;C:\WINDOWS\system32;C:\WINDOWS;C:\WINDOWS\System32\Wbem;C:\WINDOWS\System32\WindowsPowerShell\v1.0\;C:\WINDOWS\System32\OpenSSH\;C:\Program Files\Java\jdk-18.0.1.1\bin;C:\Program Files\Java\jdk-18.0.1.1\bin;D:\flutter\bin;C:\Program Files\JetBrains\IntelliJ IDEA Community Edition 2021.3.2\bin;;C:\Users\NoteBook TANDIS\AppData\Local\Microsoft\WindowsApps;dart-sdk;;C:\Users\NoteBook TANDIS\AppData\Local\Programs\Microsoft VS Code\bin
USERNAME=NoteBook TANDIS
OS=Windows_NT
PROCESSOR_IDENTIFIER=Intel64 Family 6 Model 165 Stepping 2, GenuineIntel



---------------  S Y S T E M  ---------------

OS:
 Windows 11 , 64 bit Build 22000 (10.0.22000.708)
OS uptime: 0 days 1:50 hours

CPU: total 8 (initial active 8) (4 cores per cpu, 2 threads per core) family 6 model 165 stepping 2 microcode 0xea, cx8, cmov, fxsr, ht, mmx, 3dnowpref, sse, sse2, sse3, ssse3, sse4.1, sse4.2, popcnt, lzcnt, tsc, tscinvbit, avx, avx2, aes, erms, clmul, bmi1, bmi2, adx, fma, vzeroupper, clflush, clflushopt

Memory: 4k page, system-wide physical 8023M (443M free)
TotalPageFile size 11023M (AvailPageFile size 76M)
current process WorkingSet (physical memory assigned to process): 319M, peak: 338M
current process commit charge ("private bytes"): 366M, peak: 453M

vm_info: Java HotSpot(TM) 64-Bit Server VM (18.0.1.1+2-6) for windows-amd64 JRE (18.0.1.1+2-6), built on Apr 25 2022 21:53:15 by "mach5one" with MS VC++ 16.8 / 16.9 (VS2019)

END.
