#
# There is insufficient memory for the Java Runtime Environment to continue.
# Native memory allocation (mmap) failed to map 138412032 bytes for G1 virtual space
# Possible reasons:
#   The system is out of physical RAM or swap space
#   The process is running with CompressedOops enabled, and the Java Heap may be blocking the growth of the native heap
# Possible solutions:
#   Reduce memory load on the system
#   Increase physical memory or swap space
#   Check if swap backing store is full
#   Decrease Java heap size (-Xmx/-Xms)
#   Decrease number of Java threads
#   Decrease Java thread stack sizes (-Xss)
#   Set larger code cache with -XX:ReservedCodeCacheSize=
#   JVM is running with Unscaled Compressed Oops mode in which the Java heap is
#     placed in the first 4GB address space. The Java Heap base address is the
#     maximum limit for the native heap growth. Please use -XX:HeapBaseMinAddress
#     to set the Java Heap base and to place the Java Heap above 4GB virtual address.
# This output file may be truncated or incomplete.
#
#  Out of Memory Error (os_windows.cpp:3530), pid=15156, tid=15940
#
# JRE version: Java(TM) SE Runtime Environment (18.0.1.1+2) (build 18.0.1.1+2-6)
# Java VM: Java HotSpot(TM) 64-Bit Server VM (18.0.1.1+2-6, mixed mode, sharing, tiered, compressed oops, compressed class ptrs, g1 gc, windows-amd64)
# No core dump will be written. Minidumps are not enabled by default on client versions of Windows
#

---------------  S U M M A R Y ------------

Command Line: --add-opens=java.base/java.util=ALL-UNNAMED --add-opens=java.base/java.lang=ALL-UNNAMED --add-opens=java.base/java.lang.invoke=ALL-UNNAMED --add-opens=java.base/java.util=ALL-UNNAMED --add-opens=java.prefs/java.util.prefs=ALL-UNNAMED --add-opens=java.prefs/java.util.prefs=ALL-UNNAMED --add-opens=java.base/java.nio.charset=ALL-UNNAMED --add-opens=java.base/java.net=ALL-UNNAMED --add-opens=java.base/java.util.concurrent.atomic=ALL-UNNAMED -Xmx2048m -Dfile.encoding=UTF-8 -Duser.country=US -Duser.language=en -Duser.variant org.gradle.launcher.daemon.bootstrap.GradleDaemon 7.3.3

Host: Intel(R) Core(TM) i5-10300H CPU @ 2.50GHz, 8 cores, 7G,  Windows 11 , 64 bit Build 22000 (10.0.22000.708)
Time: Mon Jul 11 12:25:06 2022 Iran Daylight Time elapsed time: 5.951101 seconds (0d 0h 0m 5s)

---------------  T H R E A D  ---------------

Current thread (0x000001d5291e0c60):  VMThread "VM Thread" [stack: 0x0000002866700000,0x0000002866800000] [id=15940]

Stack: [0x0000002866700000,0x0000002866800000]
Native frames: (J=compiled Java code, j=interpreted, Vv=VM code, C=native code)
V  [jvm.dll+0x69887a]
V  [jvm.dll+0x7f38bd]
V  [jvm.dll+0x7f51ce]
V  [jvm.dll+0x7f5883]
V  [jvm.dll+0x25ca3f]
V  [jvm.dll+0x6957c9]
V  [jvm.dll+0x68a2fa]
V  [jvm.dll+0x321efb]
V  [jvm.dll+0x3298d6]
V  [jvm.dll+0x37e47e]
V  [jvm.dll+0x37e6af]
V  [jvm.dll+0x2f9c7a]
V  [jvm.dll+0x2f9d27]
V  [jvm.dll+0x33e262]
V  [jvm.dll+0x33c804]
V  [jvm.dll+0x2f9450]
V  [jvm.dll+0x33c0fd]
V  [jvm.dll+0x7fa66b]
V  [jvm.dll+0x7fb404]
V  [jvm.dll+0x7fb93c]
V  [jvm.dll+0x7fbd94]
V  [jvm.dll+0x7fbe57]
V  [jvm.dll+0x7a03ea]
V  [jvm.dll+0x697725]
C  [ucrtbase.dll+0x26c0c]
C  [KERNEL32.DLL+0x154e0]
C  [ntdll.dll+0x485b]

VM_Operation (0x00000028680f4690): G1TryInitiateConcMark, mode: safepoint, requested by thread 0x000001d54c1f0d80


---------------  P R O C E S S  ---------------

Threads class SMR info:
_java_thread_list=0x000001d55245ea60, length=125, elements={
0x000001d52716af90, 0x000001d5473b5700, 0x000001d5473b6360, 0x000001d5473d2d80,
0x000001d5473d3630, 0x000001d5473d3fd0, 0x000001d5473d4970, 0x000001d5473d5c50,
0x000001d5473d6630, 0x000001d5473dd360, 0x000001d54b8b0ac0, 0x000001d54b8b3de0,
0x000001d54c0e6420, 0x000001d54c1f2a60, 0x000001d54c1f2f30, 0x000001d54c1f20c0,
0x000001d54c1f3400, 0x000001d54c1f3da0, 0x000001d54c1f2590, 0x000001d54c1f0d80,
0x000001d54c1f4270, 0x000001d54c1f1250, 0x000001d54c1f1720, 0x000001d54c1f08b0,
0x000001d54c1f1bf0, 0x000001d54d481e90, 0x000001d54d4801b0, 0x000001d54d47ab10,
0x000001d54d4819c0, 0x000001d54d47c320, 0x000001d54d47afe0, 0x000001d54d481020,
0x000001d54d47d660, 0x000001d54d47ee70, 0x000001d54d482360, 0x000001d54d47d190,
0x000001d54d47b980, 0x000001d54d47be50, 0x000001d54d47e000, 0x000001d54d480680,
0x000001d54d47fce0, 0x000001d54d4814f0, 0x000001d54fbcd3c0, 0x000001d54fbcdd60,
0x000001d54fbcca20, 0x000001d54fbce230, 0x000001d54fbcbbb0, 0x000001d54fbce700,
0x000001d54fbcebd0, 0x000001d54fbc9530, 0x000001d54fbcf0a0, 0x000001d54fbcad40,
0x000001d54fbcf570, 0x000001d54fbc9a00, 0x000001d54fbcfa40, 0x000001d54fbca3a0,
0x000001d54fbca870, 0x000001d54fbcc080, 0x000001d54fbcb210, 0x000001d54fbcb6e0,
0x000001d54c1f38d0, 0x000001d5501817e0, 0x000001d55017d480, 0x000001d550180970,
0x000001d550182ff0, 0x000001d550184800, 0x000001d55017fb00, 0x000001d55017e2f0,
0x000001d550182650, 0x000001d5501804a0, 0x000001d550180e40, 0x000001d55017de20,
0x000001d550181310, 0x000001d550184330, 0x000001d550181cb0, 0x000001d55017ffd0,
0x000001d550183e60, 0x000001d550182180, 0x000001d550182b20, 0x000001d55017cfb0,
0x000001d55017d950, 0x000001d55017e7c0, 0x000001d5501834c0, 0x000001d55017ec90,
0x000001d55017f160, 0x000001d550183990, 0x000001d55017f630, 0x000001d55024d120,
0x000001d550247a80, 0x000001d550246c10, 0x000001d55024b440, 0x000001d55024b910,
0x000001d5502470e0, 0x000001d55024a100, 0x000001d55024a5d0, 0x000001d550245da0,
0x000001d55024bde0, 0x000001d55024c2b0, 0x000001d550247f50, 0x000001d55024d5f0,
0x000001d55024c780, 0x000001d5502475b0, 0x000001d550248420, 0x000001d5502488f0,
0x000001d550246270, 0x000001d550248dc0, 0x000001d550249290, 0x000001d55024aaa0,
0x000001d550249760, 0x000001d550249c30, 0x000001d550246740, 0x000001d55024cc50,
0x000001d55024af70, 0x000001d5501ea6e0, 0x000001d5501ec3c0, 0x000001d5501efd80,
0x000001d5501eea40, 0x000001d5501eb550, 0x000001d5501f10c0, 0x000001d5501eabb0,
0x000001d5501ef3e0, 0x000001d5501eef10, 0x000001d5501ebef0, 0x000001d5501f0bf0,
0x000001d5501f0720
}

Java Threads: ( => current thread )
  0x000001d52716af90 JavaThread "main" [_thread_blocked, id=10780, stack(0x0000002866100000,0x0000002866200000)]
  0x000001d5473b5700 JavaThread "Reference Handler" daemon [_thread_blocked, id=11708, stack(0x0000002866800000,0x0000002866900000)]
  0x000001d5473b6360 JavaThread "Finalizer" daemon [_thread_blocked, id=15592, stack(0x0000002866900000,0x0000002866a00000)]
  0x000001d5473d2d80 JavaThread "Signal Dispatcher" daemon [_thread_blocked, id=16596, stack(0x0000002866a00000,0x0000002866b00000)]
  0x000001d5473d3630 JavaThread "Attach Listener" daemon [_thread_blocked, id=15520, stack(0x0000002866b00000,0x0000002866c00000)]
  0x000001d5473d3fd0 JavaThread "Service Thread" daemon [_thread_blocked, id=12420, stack(0x0000002866c00000,0x0000002866d00000)]
  0x000001d5473d4970 JavaThread "Monitor Deflation Thread" daemon [_thread_blocked, id=11140, stack(0x0000002866d00000,0x0000002866e00000)]
  0x000001d5473d5c50 JavaThread "C2 CompilerThread0" daemon [_thread_blocked, id=10832, stack(0x0000002866e00000,0x0000002866f00000)]
  0x000001d5473d6630 JavaThread "C1 CompilerThread0" daemon [_thread_blocked, id=5044, stack(0x0000002866f00000,0x0000002867000000)]
  0x000001d5473dd360 JavaThread "Sweeper thread" daemon [_thread_blocked, id=14788, stack(0x0000002867000000,0x0000002867100000)]
  0x000001d54b8b0ac0 JavaThread "Common-Cleaner" daemon [_thread_blocked, id=15900, stack(0x0000002867100000,0x0000002867200000)]
  0x000001d54b8b3de0 JavaThread "Notification Thread" daemon [_thread_blocked, id=11116, stack(0x0000002867200000,0x0000002867300000)]
  0x000001d54c0e6420 JavaThread "C2 CompilerThread1" daemon [_thread_blocked, id=3152, stack(0x0000002867400000,0x0000002867500000)]
  0x000001d54c1f2a60 JavaThread "Daemon health stats" [_thread_blocked, id=7016, stack(0x0000002867a00000,0x0000002867b00000)]
  0x000001d54c1f2f30 JavaThread "Incoming local TCP Connector on port 60006" [_thread_in_native, id=4024, stack(0x0000002867b00000,0x0000002867c00000)]
  0x000001d54c1f20c0 JavaThread "Daemon periodic checks" [_thread_blocked, id=15820, stack(0x0000002867c00000,0x0000002867d00000)]
  0x000001d54c1f3400 JavaThread "Daemon" [_thread_blocked, id=15240, stack(0x0000002867d00000,0x0000002867e00000)]
  0x000001d54c1f3da0 JavaThread "Handler for socket connection from /127.0.0.1:60006 to /127.0.0.1:60007" [_thread_in_native, id=8660, stack(0x0000002867e00000,0x0000002867f00000)]
  0x000001d54c1f2590 JavaThread "Cancel handler" [_thread_blocked, id=5404, stack(0x0000002867f00000,0x0000002868000000)]
  0x000001d54c1f0d80 JavaThread "Daemon worker" [_thread_blocked, id=15788, stack(0x0000002868000000,0x0000002868100000)]
  0x000001d54c1f4270 JavaThread "Asynchronous log dispatcher for DefaultDaemonConnection: socket connection from /127.0.0.1:60006 to /127.0.0.1:60007" [_thread_blocked, id=2096, stack(0x0000002868100000,0x0000002868200000)]
  0x000001d54c1f1250 JavaThread "Stdin handler" [_thread_blocked, id=7988, stack(0x0000002868200000,0x0000002868300000)]
  0x000001d54c1f1720 JavaThread "Daemon client event forwarder" [_thread_blocked, id=2264, stack(0x0000002868300000,0x0000002868400000)]
  0x000001d54c1f08b0 JavaThread "Cache worker for journal cache (C:\Program Files\Java\jre1.8.0_333\caches\journal-1)" [_thread_blocked, id=3392, stack(0x0000002868400000,0x0000002868500000)]
  0x000001d54c1f1bf0 JavaThread "File lock request listener" [_thread_in_native, id=11852, stack(0x0000002868500000,0x0000002868600000)]
  0x000001d54d481e90 JavaThread "Cache worker for file hash cache (C:\Program Files\Java\jre1.8.0_333\caches\7.3.3\fileHashes)" [_thread_blocked, id=13392, stack(0x0000002868600000,0x0000002868700000)]
  0x000001d54d4801b0 JavaThread "Cache worker for file hash cache (D:\BatteryManager\.gradle\7.3.3\fileHashes)" [_thread_blocked, id=10484, stack(0x0000002868700000,0x0000002868800000)]
  0x000001d54d47ab10 JavaThread "File watcher server" daemon [_thread_in_native, id=2104, stack(0x0000002868b00000,0x0000002868c00000)]
  0x000001d54d4819c0 JavaThread "File watcher consumer" daemon [_thread_blocked, id=15416, stack(0x0000002868c00000,0x0000002868d00000)]
  0x000001d54d47c320 JavaThread "jar transforms" [_thread_blocked, id=7040, stack(0x0000002868d00000,0x0000002868e00000)]
  0x000001d54d47afe0 JavaThread "jar transforms Thread 2" [_thread_blocked, id=12268, stack(0x0000002868e00000,0x0000002868f00000)]
  0x000001d54d481020 JavaThread "jar transforms Thread 3" [_thread_blocked, id=9344, stack(0x0000002868f00000,0x0000002869000000)]
  0x000001d54d47d660 JavaThread "jar transforms Thread 4" [_thread_blocked, id=13568, stack(0x0000002869000000,0x0000002869100000)]
  0x000001d54d47ee70 JavaThread "jar transforms Thread 5" [_thread_blocked, id=3884, stack(0x0000002869100000,0x0000002869200000)]
  0x000001d54d482360 JavaThread "jar transforms Thread 6" [_thread_blocked, id=3128, stack(0x0000002869200000,0x0000002869300000)]
  0x000001d54d47d190 JavaThread "jar transforms Thread 7" [_thread_blocked, id=5804, stack(0x0000002869300000,0x0000002869400000)]
  0x000001d54d47b980 JavaThread "jar transforms Thread 8" [_thread_blocked, id=8724, stack(0x0000002869400000,0x0000002869500000)]
  0x000001d54d47be50 JavaThread "Cache worker for checksums cache (D:\BatteryManager\.gradle\7.3.3\checksums)" [_thread_blocked, id=3208, stack(0x0000002869600000,0x0000002869700000)]
  0x000001d54d47e000 JavaThread "Cache worker for cache directory md-supplier (C:\Program Files\Java\jre1.8.0_333\caches\7.3.3\md-supplier)" [_thread_blocked, id=5608, stack(0x0000002869700000,0x0000002869800000)]
  0x000001d54d480680 JavaThread "Cache worker for cache directory md-rule (C:\Program Files\Java\jre1.8.0_333\caches\7.3.3\md-rule)" [_thread_blocked, id=1652, stack(0x0000002869800000,0x0000002869900000)]
  0x000001d54d47fce0 JavaThread "Cache worker for execution history cache (C:\Program Files\Java\jre1.8.0_333\caches\7.3.3\executionHistory)" [_thread_blocked, id=7304, stack(0x0000002869900000,0x0000002869a00000)]
  0x000001d54d4814f0 JavaThread "Cache worker for file content cache (C:\Program Files\Java\jre1.8.0_333\caches\7.3.3\fileContent)" [_thread_blocked, id=15780, stack(0x0000002869a00000,0x0000002869b00000)]
  0x000001d54fbcd3c0 JavaThread "Cache worker for dependencies-accessors (D:\BatteryManager\.gradle\7.3.3\dependencies-accessors)" [_thread_blocked, id=8444, stack(0x0000002869b00000,0x0000002869c00000)]
  0x000001d54fbcdd60 JavaThread "Cache worker for Build Output Cleanup Cache (D:\BatteryManager\.gradle\buildOutputCleanup)" [_thread_blocked, id=3688, stack(0x0000002869c00000,0x0000002869d00000)]
  0x000001d54fbcca20 JavaThread "Unconstrained build operations" [_thread_blocked, id=3000, stack(0x0000002869d00000,0x0000002869e00000)]
  0x000001d54fbce230 JavaThread "Unconstrained build operations Thread 2" [_thread_blocked, id=7388, stack(0x0000002869e00000,0x0000002869f00000)]
  0x000001d54fbcbbb0 JavaThread "Unconstrained build operations Thread 3" [_thread_blocked, id=8148, stack(0x0000002869f00000,0x000000286a000000)]
  0x000001d54fbce700 JavaThread "Unconstrained build operations Thread 4" [_thread_blocked, id=16812, stack(0x000000286a000000,0x000000286a100000)]
  0x000001d54fbcebd0 JavaThread "Unconstrained build operations Thread 5" [_thread_blocked, id=2416, stack(0x000000286a100000,0x000000286a200000)]
  0x000001d54fbc9530 JavaThread "Unconstrained build operations Thread 6" [_thread_blocked, id=17104, stack(0x000000286a200000,0x000000286a300000)]
  0x000001d54fbcf0a0 JavaThread "Unconstrained build operations Thread 7" [_thread_blocked, id=15564, stack(0x000000286a300000,0x000000286a400000)]
  0x000001d54fbcad40 JavaThread "Unconstrained build operations Thread 8" [_thread_blocked, id=16424, stack(0x000000286a400000,0x000000286a500000)]
  0x000001d54fbcf570 JavaThread "Unconstrained build operations Thread 9" [_thread_blocked, id=3712, stack(0x000000286a500000,0x000000286a600000)]
  0x000001d54fbc9a00 JavaThread "Unconstrained build operations Thread 10" [_thread_blocked, id=108, stack(0x000000286a600000,0x000000286a700000)]
  0x000001d54fbcfa40 JavaThread "Unconstrained build operations Thread 11" [_thread_blocked, id=1256, stack(0x000000286a700000,0x000000286a800000)]
  0x000001d54fbca3a0 JavaThread "Unconstrained build operations Thread 12" [_thread_blocked, id=15508, stack(0x000000286a800000,0x000000286a900000)]
  0x000001d54fbca870 JavaThread "Unconstrained build operations Thread 13" [_thread_blocked, id=4036, stack(0x000000286a900000,0x000000286aa00000)]
  0x000001d54fbcc080 JavaThread "Unconstrained build operations Thread 14" [_thread_blocked, id=16372, stack(0x000000286aa00000,0x000000286ab00000)]
  0x000001d54fbcb210 JavaThread "Unconstrained build operations Thread 15" [_thread_blocked, id=14080, stack(0x000000286ab00000,0x000000286ac00000)]
  0x000001d54fbcb6e0 JavaThread "Unconstrained build operations Thread 16" [_thread_blocked, id=3200, stack(0x000000286ac00000,0x000000286ad00000)]
  0x000001d54c1f38d0 JavaThread "Unconstrained build operations Thread 17" [_thread_blocked, id=9804, stack(0x000000286ad00000,0x000000286ae00000)]
  0x000001d5501817e0 JavaThread "Unconstrained build operations Thread 18" [_thread_blocked, id=1972, stack(0x000000286ae00000,0x000000286af00000)]
  0x000001d55017d480 JavaThread "Unconstrained build operations Thread 19" [_thread_blocked, id=12760, stack(0x000000286af00000,0x000000286b000000)]
  0x000001d550180970 JavaThread "Unconstrained build operations Thread 20" [_thread_blocked, id=11576, stack(0x000000286b000000,0x000000286b100000)]
  0x000001d550182ff0 JavaThread "Unconstrained build operations Thread 21" [_thread_blocked, id=15260, stack(0x000000286b100000,0x000000286b200000)]
  0x000001d550184800 JavaThread "Unconstrained build operations Thread 22" [_thread_blocked, id=17268, stack(0x000000286b200000,0x000000286b300000)]
  0x000001d55017fb00 JavaThread "Unconstrained build operations Thread 23" [_thread_blocked, id=6908, stack(0x000000286b300000,0x000000286b400000)]
  0x000001d55017e2f0 JavaThread "Unconstrained build operations Thread 24" [_thread_blocked, id=6912, stack(0x000000286b400000,0x000000286b500000)]
  0x000001d550182650 JavaThread "Unconstrained build operations Thread 25" [_thread_blocked, id=16608, stack(0x000000286b500000,0x000000286b600000)]
  0x000001d5501804a0 JavaThread "Unconstrained build operations Thread 26" [_thread_blocked, id=2060, stack(0x000000286b600000,0x000000286b700000)]
  0x000001d550180e40 JavaThread "Unconstrained build operations Thread 27" [_thread_blocked, id=15492, stack(0x000000286b700000,0x000000286b800000)]
  0x000001d55017de20 JavaThread "Unconstrained build operations Thread 28" [_thread_blocked, id=1288, stack(0x000000286b800000,0x000000286b900000)]
  0x000001d550181310 JavaThread "Unconstrained build operations Thread 29" [_thread_blocked, id=16060, stack(0x000000286b900000,0x000000286ba00000)]
  0x000001d550184330 JavaThread "Unconstrained build operations Thread 30" [_thread_blocked, id=13128, stack(0x000000286ba00000,0x000000286bb00000)]
  0x000001d550181cb0 JavaThread "Unconstrained build operations Thread 31" [_thread_blocked, id=7116, stack(0x000000286bb00000,0x000000286bc00000)]
  0x000001d55017ffd0 JavaThread "Unconstrained build operations Thread 32" [_thread_blocked, id=10332, stack(0x000000286bc00000,0x000000286bd00000)]
  0x000001d550183e60 JavaThread "Unconstrained build operations Thread 33" [_thread_blocked, id=15368, stack(0x000000286bd00000,0x000000286be00000)]
  0x000001d550182180 JavaThread "Unconstrained build operations Thread 34" [_thread_blocked, id=12172, stack(0x000000286be00000,0x000000286bf00000)]
  0x000001d550182b20 JavaThread "Unconstrained build operations Thread 35" [_thread_blocked, id=9884, stack(0x000000286bf00000,0x000000286c000000)]
  0x000001d55017cfb0 JavaThread "Unconstrained build operations Thread 36" [_thread_blocked, id=8964, stack(0x000000286c000000,0x000000286c100000)]
  0x000001d55017d950 JavaThread "Unconstrained build operations Thread 37" [_thread_blocked, id=17060, stack(0x000000286c100000,0x000000286c200000)]
  0x000001d55017e7c0 JavaThread "Unconstrained build operations Thread 38" [_thread_blocked, id=6076, stack(0x000000286c200000,0x000000286c300000)]
  0x000001d5501834c0 JavaThread "Unconstrained build operations Thread 39" [_thread_blocked, id=17388, stack(0x000000286c300000,0x000000286c400000)]
  0x000001d55017ec90 JavaThread "Unconstrained build operations Thread 40" [_thread_blocked, id=1736, stack(0x000000286c400000,0x000000286c500000)]
  0x000001d55017f160 JavaThread "Unconstrained build operations Thread 41" [_thread_blocked, id=5504, stack(0x000000286c500000,0x000000286c600000)]
  0x000001d550183990 JavaThread "Unconstrained build operations Thread 42" [_thread_blocked, id=8404, stack(0x000000286c600000,0x000000286c700000)]
  0x000001d55017f630 JavaThread "Unconstrained build operations Thread 43" [_thread_blocked, id=10228, stack(0x000000286c700000,0x000000286c800000)]
  0x000001d55024d120 JavaThread "Unconstrained build operations Thread 44" [_thread_blocked, id=11384, stack(0x000000286c800000,0x000000286c900000)]
  0x000001d550247a80 JavaThread "Unconstrained build operations Thread 45" [_thread_blocked, id=7812, stack(0x000000286c900000,0x000000286ca00000)]
  0x000001d550246c10 JavaThread "Unconstrained build operations Thread 46" [_thread_blocked, id=11644, stack(0x000000286ca00000,0x000000286cb00000)]
  0x000001d55024b440 JavaThread "Unconstrained build operations Thread 47" [_thread_blocked, id=13476, stack(0x000000286cb00000,0x000000286cc00000)]
  0x000001d55024b910 JavaThread "Unconstrained build operations Thread 48" [_thread_blocked, id=11256, stack(0x000000286cc00000,0x000000286cd00000)]
  0x000001d5502470e0 JavaThread "Unconstrained build operations Thread 49" [_thread_blocked, id=12148, stack(0x000000286cd00000,0x000000286ce00000)]
  0x000001d55024a100 JavaThread "Unconstrained build operations Thread 50" [_thread_blocked, id=9208, stack(0x000000286ce00000,0x000000286cf00000)]
  0x000001d55024a5d0 JavaThread "Unconstrained build operations Thread 51" [_thread_blocked, id=4528, stack(0x000000286cf00000,0x000000286d000000)]
  0x000001d550245da0 JavaThread "Unconstrained build operations Thread 52" [_thread_blocked, id=10308, stack(0x000000286d000000,0x000000286d100000)]
  0x000001d55024bde0 JavaThread "Unconstrained build operations Thread 53" [_thread_blocked, id=2500, stack(0x000000286d100000,0x000000286d200000)]
  0x000001d55024c2b0 JavaThread "Unconstrained build operations Thread 54" [_thread_blocked, id=15996, stack(0x000000286d200000,0x000000286d300000)]
  0x000001d550247f50 JavaThread "Unconstrained build operations Thread 55" [_thread_blocked, id=452, stack(0x000000286d300000,0x000000286d400000)]
  0x000001d55024d5f0 JavaThread "Unconstrained build operations Thread 56" [_thread_blocked, id=9928, stack(0x000000286d400000,0x000000286d500000)]
  0x000001d55024c780 JavaThread "Unconstrained build operations Thread 57" [_thread_blocked, id=3332, stack(0x000000286d500000,0x000000286d600000)]
  0x000001d5502475b0 JavaThread "Unconstrained build operations Thread 58" [_thread_blocked, id=9244, stack(0x000000286d600000,0x000000286d700000)]
  0x000001d550248420 JavaThread "Unconstrained build operations Thread 59" [_thread_blocked, id=6092, stack(0x000000286d700000,0x000000286d800000)]
  0x000001d5502488f0 JavaThread "Unconstrained build operations Thread 60" [_thread_blocked, id=2016, stack(0x000000286d800000,0x000000286d900000)]
  0x000001d550246270 JavaThread "Unconstrained build operations Thread 61" [_thread_blocked, id=8392, stack(0x000000286d900000,0x000000286da00000)]
  0x000001d550248dc0 JavaThread "Unconstrained build operations Thread 62" [_thread_blocked, id=14472, stack(0x000000286da00000,0x000000286db00000)]
  0x000001d550249290 JavaThread "Unconstrained build operations Thread 63" [_thread_blocked, id=6832, stack(0x000000286db00000,0x000000286dc00000)]
  0x000001d55024aaa0 JavaThread "Unconstrained build operations Thread 64" [_thread_blocked, id=15424, stack(0x000000286dc00000,0x000000286dd00000)]
  0x000001d550249760 JavaThread "Unconstrained build operations Thread 65" [_thread_blocked, id=8652, stack(0x000000286dd00000,0x000000286de00000)]
  0x000001d550249c30 JavaThread "Unconstrained build operations Thread 66" [_thread_blocked, id=6628, stack(0x000000286de00000,0x000000286df00000)]
  0x000001d550246740 JavaThread "Unconstrained build operations Thread 67" [_thread_blocked, id=2564, stack(0x000000286df00000,0x000000286e000000)]
  0x000001d55024cc50 JavaThread "Unconstrained build operations Thread 68" [_thread_blocked, id=11184, stack(0x000000286e000000,0x000000286e100000)]
  0x000001d55024af70 JavaThread "Unconstrained build operations Thread 69" [_thread_blocked, id=16500, stack(0x000000286e100000,0x000000286e200000)]
  0x000001d5501ea6e0 JavaThread "Unconstrained build operations Thread 70" [_thread_blocked, id=7768, stack(0x000000286e200000,0x000000286e300000)]
  0x000001d5501ec3c0 JavaThread "Unconstrained build operations Thread 71" [_thread_blocked, id=10576, stack(0x000000286e300000,0x000000286e400000)]
  0x000001d5501efd80 JavaThread "Unconstrained build operations Thread 72" [_thread_blocked, id=1928, stack(0x000000286e400000,0x000000286e500000)]
  0x000001d5501eea40 JavaThread "Unconstrained build operations Thread 73" [_thread_blocked, id=10912, stack(0x000000286e500000,0x000000286e600000)]
  0x000001d5501eb550 JavaThread "Unconstrained build operations Thread 74" [_thread_blocked, id=8808, stack(0x000000286e600000,0x000000286e700000)]
  0x000001d5501f10c0 JavaThread "Unconstrained build operations Thread 75" [_thread_blocked, id=12956, stack(0x000000286e700000,0x000000286e800000)]
  0x000001d5501eabb0 JavaThread "Unconstrained build operations Thread 76" [_thread_blocked, id=14308, stack(0x000000286e800000,0x000000286e900000)]
  0x000001d5501ef3e0 JavaThread "Unconstrained build operations Thread 77" [_thread_blocked, id=13352, stack(0x000000286e900000,0x000000286ea00000)]
  0x000001d5501eef10 JavaThread "Unconstrained build operations Thread 78" [_thread_blocked, id=13684, stack(0x000000286ea00000,0x000000286eb00000)]
  0x000001d5501ebef0 JavaThread "Unconstrained build operations Thread 79" [_thread_blocked, id=16752, stack(0x000000286eb00000,0x000000286ec00000)]
  0x000001d5501f0bf0 JavaThread "Unconstrained build operations Thread 80" [_thread_blocked, id=17020, stack(0x000000286ec00000,0x000000286ed00000)]
  0x000001d5501f0720 JavaThread "Memory manager" [_thread_blocked, id=6476, stack(0x0000002867900000,0x0000002867a00000)]

Other Threads:
=>0x000001d5291e0c60 VMThread "VM Thread" [stack: 0x0000002866700000,0x0000002866800000] [id=15940]
  0x000001d54b8b46b0 WatcherThread "VM Periodic Task Thread" [stack: 0x0000002867300000,0x0000002867400000] [id=16096]
  0x000001d5291c6dd0 WorkerThread "GC Thread#0" [stack: 0x0000002866200000,0x0000002866300000] [id=3896]
  0x000001d54c118a60 WorkerThread "GC Thread#1" [stack: 0x0000002867500000,0x0000002867600000] [id=12496]
  0x000001d54c2637b0 WorkerThread "GC Thread#2" [stack: 0x0000002867600000,0x0000002867700000] [id=16792]
  0x000001d54c284730 WorkerThread "GC Thread#3" [stack: 0x0000002867700000,0x0000002867800000] [id=10104]
  0x000001d54d220fd0 WorkerThread "GC Thread#4" [stack: 0x0000002867800000,0x0000002867900000] [id=15000]
  0x000001d54d5b1440 WorkerThread "GC Thread#5" [stack: 0x0000002868800000,0x0000002868900000] [id=8752]
  0x000001d54d5b16e0 WorkerThread "GC Thread#6" [stack: 0x0000002868900000,0x0000002868a00000] [id=11476]
  0x000001d54d5b2160 WorkerThread "GC Thread#7" [stack: 0x0000002868a00000,0x0000002868b00000] [id=13140]
  0x000001d5291d8d10 ConcurrentGCThread "G1 Main Marker" [stack: 0x0000002866300000,0x0000002866400000] [id=17252]
  0x000001d5291d9ea0 WorkerThread "G1 Conc#0" [stack: 0x0000002866400000,0x0000002866500000] [id=2880]
  0x000001d54d5b2400 WorkerThread "G1 Conc#1" [stack: 0x0000002869500000,0x0000002869600000] [id=5680]
  0x000001d52922c130 ConcurrentGCThread "G1 Refine#0" [stack: 0x0000002866500000,0x0000002866600000] [id=10412]
  0x000001d52922ca40 ConcurrentGCThread "G1 Service" [stack: 0x0000002866600000,0x0000002866700000] [id=10028]

Threads with active compile tasks:
C2 CompilerThread0     5968 7309   !   4       sun.net.www.ParseUtil::decode (317 bytes)
C1 CompilerThread0     5968 7331   !   3       java.nio.charset.CharsetDecoder::decode (275 bytes)
C2 CompilerThread1     5968 7288 %     4       org.gradle.internal.instantiation.generator.AbstractClassGenerator::inspectType @ 250 (560 bytes)

VM state: at safepoint (normal execution)

VM Mutex/Monitor currently owned by a thread:  ([mutex/lock_event])
[0x000001d529163e40] Threads_lock - owner thread: 0x000001d5291e0c60
[0x000001d529163c90] Heap_lock - owner thread: 0x000001d54c1f0d80

Heap address: 0x0000000080000000, size: 2048 MB, Compressed Oops mode: 32-bit

CDS archive(s) mapped at: [0x0000000800000000-0x0000000800ba0000-0x0000000800ba0000), size 12189696, SharedBaseAddress: 0x0000000800000000, ArchiveRelocationMode: 0.
Compressed class space mapped at: 0x0000000800c00000-0x0000000840c00000, reserved size: 1073741824
Narrow klass base: 0x0000000800000000, Narrow klass shift: 0, Narrow klass range: 0x100000000

GC Precious Log:
 CardTable entry size: 512
 Card Set container configuration: InlinePtr #cards 5 size 8 Array Of Cards #cards 12 size 40 Howl #buckets 4 coarsen threshold 1843 Howl Bitmap #cards 512 size 80 coarsen threshold 460 Card regions per heap region 1 cards per card region 2048
 CPUs: 8 total, 8 available
 Memory: 8023M
 Large Page Support: Disabled
 NUMA Support: Disabled
 Compressed Oops: Enabled (32-bit)
 Heap Region Size: 1M
 Heap Min Capacity: 8M
 Heap Initial Capacity: 126M
 Heap Max Capacity: 2G
 Pre-touch: Disabled
 Parallel Workers: 8
 Concurrent Workers: 2
 Concurrent Refinement Workers: 8
 Periodic GC: Disabled

Heap:
 garbage-first heap   total 152576K, used 85971K [0x0000000080000000, 0x0000000100000000)
  region size 1024K, 1 young (1024K), 1 survivors (1024K)
 Metaspace       used 59401K, committed 61184K, reserved 1114112K
  class space    used 7985K, committed 8896K, reserved 1048576K

Heap Regions: E=young(eden), S=young(survivor), O=old, HS=humongous(starts), HC=humongous(continues), CS=collection set, F=free, OA=open archive, CA=closed archive, TAMS=top-at-mark-start (previous, next)
|   0|0x0000000080000000, 0x0000000080100000, 0x0000000080100000|100%| O|  |TAMS 0x0000000080100000, 0x0000000080100000| Untracked 
|   1|0x0000000080100000, 0x0000000080200000, 0x0000000080200000|100%| O|  |TAMS 0x0000000080200000, 0x0000000080200000| Untracked 
|   2|0x0000000080200000, 0x0000000080300000, 0x0000000080300000|100%| O|  |TAMS 0x0000000080300000, 0x0000000080300000| Untracked 
|   3|0x0000000080300000, 0x0000000080400000, 0x0000000080400000|100%|HS|  |TAMS 0x0000000080400000, 0x0000000080400000| Complete 
|   4|0x0000000080400000, 0x0000000080500000, 0x0000000080500000|100%|HC|  |TAMS 0x0000000080500000, 0x0000000080500000| Complete 
|   5|0x0000000080500000, 0x0000000080600000, 0x0000000080600000|100%|HC|  |TAMS 0x0000000080600000, 0x0000000080600000| Complete 
|   6|0x0000000080600000, 0x0000000080700000, 0x0000000080700000|100%| O|  |TAMS 0x0000000080700000, 0x0000000080700000| Untracked 
|   7|0x0000000080700000, 0x0000000080800000, 0x0000000080800000|100%| O|  |TAMS 0x0000000080800000, 0x0000000080800000| Untracked 
|   8|0x0000000080800000, 0x0000000080900000, 0x0000000080900000|100%| O|  |TAMS 0x0000000080900000, 0x0000000080900000| Untracked 
|   9|0x0000000080900000, 0x0000000080a00000, 0x0000000080a00000|100%| O|  |TAMS 0x0000000080a00000, 0x0000000080a00000| Untracked 
|  10|0x0000000080a00000, 0x0000000080b00000, 0x0000000080b00000|100%| O|  |TAMS 0x0000000080b00000, 0x0000000080b00000| Untracked 
|  11|0x0000000080b00000, 0x0000000080c00000, 0x0000000080c00000|100%|HS|  |TAMS 0x0000000080c00000, 0x0000000080c00000| Complete 
|  12|0x0000000080c00000, 0x0000000080d00000, 0x0000000080d00000|100%|HC|  |TAMS 0x0000000080d00000, 0x0000000080d00000| Complete 
|  13|0x0000000080d00000, 0x0000000080e00000, 0x0000000080e00000|100%|HS|  |TAMS 0x0000000080e00000, 0x0000000080e00000| Complete 
|  14|0x0000000080e00000, 0x0000000080f00000, 0x0000000080f00000|100%|HC|  |TAMS 0x0000000080f00000, 0x0000000080f00000| Complete 
|  15|0x0000000080f00000, 0x0000000081000000, 0x0000000081000000|100%|HC|  |TAMS 0x0000000081000000, 0x0000000081000000| Complete 
|  16|0x0000000081000000, 0x0000000081100000, 0x0000000081100000|100%|HS|  |TAMS 0x0000000081100000, 0x0000000081100000| Complete 
|  17|0x0000000081100000, 0x0000000081200000, 0x0000000081200000|100%|HS|  |TAMS 0x0000000081200000, 0x0000000081200000| Complete 
|  18|0x0000000081200000, 0x0000000081300000, 0x0000000081300000|100%|HC|  |TAMS 0x0000000081300000, 0x0000000081300000| Complete 
|  19|0x0000000081300000, 0x0000000081400000, 0x0000000081400000|100%|HC|  |TAMS 0x0000000081400000, 0x0000000081400000| Complete 
|  20|0x0000000081400000, 0x0000000081500000, 0x0000000081500000|100%|HC|  |TAMS 0x0000000081500000, 0x0000000081500000| Complete 
|  21|0x0000000081500000, 0x0000000081600000, 0x0000000081600000|100%| O|  |TAMS 0x0000000081600000, 0x0000000081600000| Untracked 
|  22|0x0000000081600000, 0x0000000081700000, 0x0000000081700000|100%| O|  |TAMS 0x0000000081700000, 0x0000000081700000| Untracked 
|  23|0x0000000081700000, 0x0000000081800000, 0x0000000081800000|100%| O|  |TAMS 0x0000000081800000, 0x0000000081800000| Untracked 
|  24|0x0000000081800000, 0x0000000081900000, 0x0000000081900000|100%| O|  |TAMS 0x0000000081900000, 0x0000000081900000| Untracked 
|  25|0x0000000081900000, 0x0000000081a00000, 0x0000000081a00000|100%| O|  |TAMS 0x0000000081a00000, 0x0000000081a00000| Untracked 
|  26|0x0000000081a00000, 0x0000000081b00000, 0x0000000081b00000|100%| O|  |TAMS 0x0000000081b00000, 0x0000000081b00000| Untracked 
|  27|0x0000000081b00000, 0x0000000081c00000, 0x0000000081c00000|100%| O|  |TAMS 0x0000000081c00000, 0x0000000081c00000| Untracked 
|  28|0x0000000081c00000, 0x0000000081d00000, 0x0000000081d00000|100%| O|  |TAMS 0x0000000081d00000, 0x0000000081d00000| Untracked 
|  29|0x0000000081d00000, 0x0000000081e00000, 0x0000000081e00000|100%| O|  |TAMS 0x0000000081d00000, 0x0000000081e00000| Untracked 
|  30|0x0000000081e00000, 0x0000000081f00000, 0x0000000081f00000|100%| O|  |TAMS 0x0000000081f00000, 0x0000000081f00000| Untracked 
|  31|0x0000000081f00000, 0x0000000082000000, 0x0000000082000000|100%| O|  |TAMS 0x0000000082000000, 0x0000000082000000| Untracked 
|  32|0x0000000082000000, 0x0000000082100000, 0x0000000082100000|100%| O|  |TAMS 0x0000000082100000, 0x0000000082100000| Untracked 
|  33|0x0000000082100000, 0x0000000082200000, 0x0000000082200000|100%| O|  |TAMS 0x0000000082200000, 0x0000000082200000| Untracked 
|  34|0x0000000082200000, 0x0000000082300000, 0x0000000082300000|100%| O|  |TAMS 0x0000000082300000, 0x0000000082300000| Untracked 
|  35|0x0000000082300000, 0x0000000082400000, 0x0000000082400000|100%| O|  |TAMS 0x0000000082400000, 0x0000000082400000| Untracked 
|  36|0x0000000082400000, 0x0000000082500000, 0x0000000082500000|100%|HS|  |TAMS 0x0000000082500000, 0x0000000082500000| Complete 
|  37|0x0000000082500000, 0x0000000082600000, 0x0000000082600000|100%| O|  |TAMS 0x0000000082600000, 0x0000000082600000| Untracked 
|  38|0x0000000082600000, 0x0000000082700000, 0x0000000082700000|100%| O|  |TAMS 0x0000000082700000, 0x0000000082700000| Untracked 
|  39|0x0000000082700000, 0x0000000082800000, 0x0000000082800000|100%| O|  |TAMS 0x0000000082800000, 0x0000000082800000| Untracked 
|  40|0x0000000082800000, 0x0000000082900000, 0x0000000082900000|100%| O|  |TAMS 0x0000000082900000, 0x0000000082900000| Untracked 
|  41|0x0000000082900000, 0x0000000082a00000, 0x0000000082a00000|100%| O|  |TAMS 0x0000000082a00000, 0x0000000082a00000| Untracked 
|  42|0x0000000082a00000, 0x0000000082b00000, 0x0000000082b00000|100%| O|  |TAMS 0x0000000082b00000, 0x0000000082b00000| Untracked 
|  43|0x0000000082b00000, 0x0000000082c00000, 0x0000000082c00000|100%|HS|  |TAMS 0x0000000082c00000, 0x0000000082c00000| Complete 
|  44|0x0000000082c00000, 0x0000000082d00000, 0x0000000082d00000|100%|HC|  |TAMS 0x0000000082d00000, 0x0000000082d00000| Complete 
|  45|0x0000000082d00000, 0x0000000082e00000, 0x0000000082e00000|100%|HC|  |TAMS 0x0000000082e00000, 0x0000000082e00000| Complete 
|  46|0x0000000082e00000, 0x0000000082f00000, 0x0000000082f00000|100%| O|  |TAMS 0x0000000082f00000, 0x0000000082f00000| Untracked 
|  47|0x0000000082f00000, 0x0000000083000000, 0x0000000083000000|100%| O|  |TAMS 0x0000000083000000, 0x0000000083000000| Untracked 
|  48|0x0000000083000000, 0x0000000083000000, 0x0000000083100000|  0%| F|  |TAMS 0x0000000083000000, 0x0000000083000000| Untracked 
|  49|0x0000000083100000, 0x0000000083200000, 0x0000000083200000|100%|HS|  |TAMS 0x0000000083200000, 0x0000000083200000| Complete 
|  50|0x0000000083200000, 0x0000000083300000, 0x0000000083300000|100%|HC|  |TAMS 0x0000000083300000, 0x0000000083300000| Complete 
|  51|0x0000000083300000, 0x0000000083400000, 0x0000000083400000|100%|HC|  |TAMS 0x0000000083400000, 0x0000000083400000| Complete 
|  52|0x0000000083400000, 0x0000000083500000, 0x0000000083500000|100%|HC|  |TAMS 0x0000000083500000, 0x0000000083500000| Complete 
|  53|0x0000000083500000, 0x0000000083600000, 0x0000000083600000|100%| O|  |TAMS 0x0000000083600000, 0x0000000083600000| Untracked 
|  54|0x0000000083600000, 0x0000000083700000, 0x0000000083700000|100%| O|  |TAMS 0x0000000083700000, 0x0000000083700000| Untracked 
|  55|0x0000000083700000, 0x0000000083800000, 0x0000000083800000|100%| O|  |TAMS 0x0000000083800000, 0x0000000083800000| Untracked 
|  56|0x0000000083800000, 0x0000000083900000, 0x0000000083900000|100%| O|  |TAMS 0x0000000083900000, 0x0000000083900000| Untracked 
|  57|0x0000000083900000, 0x0000000083a00000, 0x0000000083a00000|100%| O|  |TAMS 0x0000000083a00000, 0x0000000083a00000| Untracked 
|  58|0x0000000083a00000, 0x0000000083b00000, 0x0000000083b00000|100%| O|  |TAMS 0x0000000083b00000, 0x0000000083b00000| Untracked 
|  59|0x0000000083b00000, 0x0000000083c00000, 0x0000000083c00000|100%| O|  |TAMS 0x0000000083c00000, 0x0000000083c00000| Untracked 
|  60|0x0000000083c00000, 0x0000000083d00000, 0x0000000083d00000|100%| O|  |TAMS 0x0000000083d00000, 0x0000000083d00000| Untracked 
|  61|0x0000000083d00000, 0x0000000083e00000, 0x0000000083e00000|100%|HS|  |TAMS 0x0000000083e00000, 0x0000000083e00000| Complete 
|  62|0x0000000083e00000, 0x0000000083f00000, 0x0000000083f00000|100%|HS|  |TAMS 0x0000000083f00000, 0x0000000083f00000| Complete 
|  63|0x0000000083f00000, 0x0000000084000000, 0x0000000084000000|100%|HS|  |TAMS 0x0000000084000000, 0x0000000084000000| Complete 
|  64|0x0000000084000000, 0x0000000084100000, 0x0000000084100000|100%|HS|  |TAMS 0x0000000084100000, 0x0000000084100000| Complete 
|  65|0x0000000084100000, 0x0000000084200000, 0x0000000084200000|100%|HC|  |TAMS 0x0000000084200000, 0x0000000084200000| Complete 
|  66|0x0000000084200000, 0x0000000084300000, 0x0000000084300000|100%|HC|  |TAMS 0x0000000084300000, 0x0000000084300000| Complete 
|  67|0x0000000084300000, 0x0000000084400000, 0x0000000084400000|100%|HS|  |TAMS 0x0000000084400000, 0x0000000084400000| Complete 
|  68|0x0000000084400000, 0x0000000084500000, 0x0000000084500000|100%|HC|  |TAMS 0x0000000084500000, 0x0000000084500000| Complete 
|  69|0x0000000084500000, 0x0000000084600000, 0x0000000084600000|100%| O|  |TAMS 0x0000000084600000, 0x0000000084600000| Untracked 
|  70|0x0000000084600000, 0x0000000084700000, 0x0000000084700000|100%| O|  |TAMS 0x0000000084700000, 0x0000000084700000| Untracked 
|  71|0x0000000084700000, 0x0000000084800000, 0x0000000084800000|100%| O|  |TAMS 0x0000000084800000, 0x0000000084800000| Untracked 
|  72|0x0000000084800000, 0x0000000084900000, 0x0000000084900000|100%| O|  |TAMS 0x0000000084900000, 0x0000000084900000| Untracked 
|  73|0x0000000084900000, 0x0000000084a00000, 0x0000000084a00000|100%| O|  |TAMS 0x0000000084a00000, 0x0000000084a00000| Untracked 
|  74|0x0000000084a00000, 0x0000000084b00000, 0x0000000084b00000|100%| O|  |TAMS 0x0000000084b00000, 0x0000000084b00000| Untracked 
|  75|0x0000000084b00000, 0x0000000084c00000, 0x0000000084c00000|100%| O|  |TAMS 0x0000000084c00000, 0x0000000084c00000| Untracked 
|  76|0x0000000084c00000, 0x0000000084d00000, 0x0000000084d00000|100%| O|  |TAMS 0x0000000084d00000, 0x0000000084d00000| Untracked 
|  77|0x0000000084d00000, 0x0000000084e00000, 0x0000000084e00000|100%| O|  |TAMS 0x0000000084e00000, 0x0000000084e00000| Untracked 
|  78|0x0000000084e00000, 0x0000000084f00000, 0x0000000084f00000|100%| O|  |TAMS 0x0000000084e79400, 0x0000000084f00000| Untracked 
|  79|0x0000000084f00000, 0x0000000085000000, 0x0000000085000000|100%| O|  |TAMS 0x0000000084f00000, 0x0000000085000000| Untracked 
|  80|0x0000000085000000, 0x0000000085100000, 0x0000000085100000|100%| O|  |TAMS 0x0000000085000000, 0x0000000085100000| Untracked 
|  81|0x0000000085100000, 0x0000000085200000, 0x0000000085200000|100%| O|  |TAMS 0x0000000085100000, 0x0000000085200000| Untracked 
|  82|0x0000000085200000, 0x0000000085300000, 0x0000000085300000|100%| O|  |TAMS 0x0000000085200000, 0x0000000085300000| Untracked 
|  83|0x0000000085300000, 0x0000000085400000, 0x0000000085400000|100%| O|  |TAMS 0x0000000085300000, 0x0000000085400000| Untracked 
|  84|0x0000000085400000, 0x000000008541ce00, 0x0000000085500000| 11%| O|  |TAMS 0x0000000085400000, 0x000000008541ce00| Untracked 
|  85|0x0000000085500000, 0x0000000085500000, 0x0000000085600000|  0%| F|  |TAMS 0x0000000085500000, 0x0000000085500000| Untracked 
|  86|0x0000000085600000, 0x0000000085600000, 0x0000000085700000|  0%| F|  |TAMS 0x0000000085600000, 0x0000000085600000| Untracked 
|  87|0x0000000085700000, 0x0000000085700000, 0x0000000085800000|  0%| F|  |TAMS 0x0000000085700000, 0x0000000085700000| Untracked 
|  88|0x0000000085800000, 0x0000000085800000, 0x0000000085900000|  0%| F|  |TAMS 0x0000000085800000, 0x0000000085800000| Untracked 
|  89|0x0000000085900000, 0x0000000085900000, 0x0000000085a00000|  0%| F|  |TAMS 0x0000000085900000, 0x0000000085900000| Untracked 
|  90|0x0000000085a00000, 0x0000000085a00000, 0x0000000085b00000|  0%| F|  |TAMS 0x0000000085a00000, 0x0000000085a00000| Untracked 
|  91|0x0000000085b00000, 0x0000000085b00000, 0x0000000085c00000|  0%| F|  |TAMS 0x0000000085b00000, 0x0000000085b00000| Untracked 
|  92|0x0000000085c00000, 0x0000000085c00000, 0x0000000085d00000|  0%| F|  |TAMS 0x0000000085c00000, 0x0000000085c00000| Untracked 
|  93|0x0000000085d00000, 0x0000000085d00000, 0x0000000085e00000|  0%| F|  |TAMS 0x0000000085d00000, 0x0000000085d00000| Untracked 
|  94|0x0000000085e00000, 0x0000000085e00000, 0x0000000085f00000|  0%| F|  |TAMS 0x0000000085e00000, 0x0000000085e00000| Untracked 
|  95|0x0000000085f00000, 0x0000000085f00000, 0x0000000086000000|  0%| F|  |TAMS 0x0000000085f00000, 0x0000000085f00000| Untracked 
|  96|0x0000000086000000, 0x0000000086000000, 0x0000000086100000|  0%| F|  |TAMS 0x0000000086000000, 0x0000000086000000| Untracked 
|  97|0x0000000086100000, 0x0000000086100000, 0x0000000086200000|  0%| F|  |TAMS 0x0000000086100000, 0x0000000086100000| Untracked 
|  98|0x0000000086200000, 0x0000000086200000, 0x0000000086300000|  0%| F|  |TAMS 0x0000000086200000, 0x0000000086200000| Untracked 
|  99|0x0000000086300000, 0x0000000086300000, 0x0000000086400000|  0%| F|  |TAMS 0x0000000086300000, 0x0000000086300000| Untracked 
| 100|0x0000000086400000, 0x0000000086400000, 0x0000000086500000|  0%| F|  |TAMS 0x0000000086400000, 0x0000000086400000| Untracked 
| 101|0x0000000086500000, 0x0000000086500000, 0x0000000086600000|  0%| F|  |TAMS 0x0000000086500000, 0x0000000086500000| Untracked 
| 102|0x0000000086600000, 0x0000000086600000, 0x0000000086700000|  0%| F|  |TAMS 0x0000000086600000, 0x0000000086600000| Untracked 
| 103|0x0000000086700000, 0x0000000086700000, 0x0000000086800000|  0%| F|  |TAMS 0x0000000086700000, 0x0000000086700000| Untracked 
| 104|0x0000000086800000, 0x0000000086800000, 0x0000000086900000|  0%| F|  |TAMS 0x0000000086800000, 0x0000000086800000| Untracked 
| 105|0x0000000086900000, 0x0000000086900000, 0x0000000086a00000|  0%| F|  |TAMS 0x0000000086900000, 0x0000000086900000| Untracked 
| 106|0x0000000086a00000, 0x0000000086a00000, 0x0000000086b00000|  0%| F|  |TAMS 0x0000000086a00000, 0x0000000086a00000| Untracked 
| 107|0x0000000086b00000, 0x0000000086b00000, 0x0000000086c00000|  0%| F|  |TAMS 0x0000000086b00000, 0x0000000086b00000| Untracked 
| 108|0x0000000086c00000, 0x0000000086c00000, 0x0000000086d00000|  0%| F|  |TAMS 0x0000000086c00000, 0x0000000086c00000| Untracked 
| 109|0x0000000086d00000, 0x0000000086d00000, 0x0000000086e00000|  0%| F|  |TAMS 0x0000000086d00000, 0x0000000086d00000| Untracked 
| 110|0x0000000086e00000, 0x0000000086e00000, 0x0000000086f00000|  0%| F|  |TAMS 0x0000000086e00000, 0x0000000086e00000| Untracked 
| 111|0x0000000086f00000, 0x0000000086f00000, 0x0000000087000000|  0%| F|  |TAMS 0x0000000086f00000, 0x0000000086f00000| Untracked 
| 112|0x0000000087000000, 0x0000000087000000, 0x0000000087100000|  0%| F|  |TAMS 0x0000000087000000, 0x0000000087000000| Untracked 
| 113|0x0000000087100000, 0x0000000087100000, 0x0000000087200000|  0%| F|  |TAMS 0x0000000087100000, 0x0000000087100000| Untracked 
| 114|0x0000000087200000, 0x0000000087200000, 0x0000000087300000|  0%| F|  |TAMS 0x0000000087200000, 0x0000000087200000| Untracked 
| 115|0x0000000087300000, 0x0000000087300000, 0x0000000087400000|  0%| F|  |TAMS 0x0000000087300000, 0x0000000087300000| Untracked 
| 116|0x0000000087400000, 0x0000000087400000, 0x0000000087500000|  0%| F|  |TAMS 0x0000000087400000, 0x0000000087400000| Untracked 
| 117|0x0000000087500000, 0x0000000087500000, 0x0000000087600000|  0%| F|  |TAMS 0x0000000087500000, 0x0000000087500000| Untracked 
| 118|0x0000000087600000, 0x0000000087600000, 0x0000000087700000|  0%| F|  |TAMS 0x0000000087600000, 0x0000000087600000| Untracked 
| 119|0x0000000087700000, 0x0000000087700000, 0x0000000087800000|  0%| F|  |TAMS 0x0000000087700000, 0x0000000087700000| Untracked 
| 120|0x0000000087800000, 0x0000000087800000, 0x0000000087900000|  0%| F|  |TAMS 0x0000000087800000, 0x0000000087800000| Untracked 
| 121|0x0000000087900000, 0x0000000087900000, 0x0000000087a00000|  0%| F|  |TAMS 0x0000000087900000, 0x0000000087900000| Untracked 
| 122|0x0000000087a00000, 0x0000000087a00000, 0x0000000087b00000|  0%| F|  |TAMS 0x0000000087a00000, 0x0000000087a00000| Untracked 
| 123|0x0000000087b00000, 0x0000000087b00000, 0x0000000087c00000|  0%| F|  |TAMS 0x0000000087b00000, 0x0000000087b00000| Untracked 
| 124|0x0000000087c00000, 0x0000000087c00000, 0x0000000087d00000|  0%| F|  |TAMS 0x0000000087c00000, 0x0000000087c00000| Untracked 
| 125|0x0000000087d00000, 0x0000000087d00000, 0x0000000087e00000|  0%| F|  |TAMS 0x0000000087d00000, 0x0000000087d00000| Untracked 
| 126|0x0000000087e00000, 0x0000000087e00000, 0x0000000087f00000|  0%| F|  |TAMS 0x0000000087e00000, 0x0000000087e00000| Untracked 
| 127|0x0000000087f00000, 0x0000000087f00000, 0x0000000088000000|  0%| F|  |TAMS 0x0000000087f00000, 0x0000000087f00000| Untracked 
| 128|0x0000000088000000, 0x0000000088000000, 0x0000000088100000|  0%| F|  |TAMS 0x0000000088000000, 0x0000000088000000| Untracked 
| 129|0x0000000088100000, 0x0000000088100000, 0x0000000088200000|  0%| F|  |TAMS 0x0000000088100000, 0x0000000088100000| Untracked 
| 130|0x0000000088200000, 0x0000000088200000, 0x0000000088300000|  0%| F|  |TAMS 0x0000000088200000, 0x0000000088200000| Untracked 
| 131|0x0000000088300000, 0x0000000088300000, 0x0000000088400000|  0%| F|  |TAMS 0x0000000088300000, 0x0000000088300000| Untracked 
| 132|0x0000000088400000, 0x0000000088400000, 0x0000000088500000|  0%| F|  |TAMS 0x0000000088400000, 0x0000000088400000| Untracked 
| 133|0x0000000088500000, 0x0000000088500000, 0x0000000088600000|  0%| F|  |TAMS 0x0000000088500000, 0x0000000088500000| Untracked 
| 134|0x0000000088600000, 0x0000000088600000, 0x0000000088700000|  0%| F|  |TAMS 0x0000000088600000, 0x0000000088600000| Untracked 
| 135|0x0000000088700000, 0x0000000088700000, 0x0000000088800000|  0%| F|  |TAMS 0x0000000088700000, 0x0000000088700000| Untracked 
| 136|0x0000000088800000, 0x0000000088800000, 0x0000000088900000|  0%| F|  |TAMS 0x0000000088800000, 0x0000000088800000| Untracked 
| 137|0x0000000088900000, 0x0000000088900000, 0x0000000088a00000|  0%| F|  |TAMS 0x0000000088900000, 0x0000000088900000| Untracked 
| 138|0x0000000088a00000, 0x0000000088a00000, 0x0000000088b00000|  0%| F|  |TAMS 0x0000000088a00000, 0x0000000088a00000| Untracked 
| 139|0x0000000088b00000, 0x0000000088b00000, 0x0000000088c00000|  0%| F|  |TAMS 0x0000000088b00000, 0x0000000088b00000| Untracked 
| 140|0x0000000088c00000, 0x0000000088c00000, 0x0000000088d00000|  0%| F|  |TAMS 0x0000000088c00000, 0x0000000088c00000| Untracked 
| 141|0x0000000088d00000, 0x0000000088d00000, 0x0000000088e00000|  0%| F|  |TAMS 0x0000000088d00000, 0x0000000088d00000| Untracked 
| 142|0x0000000088e00000, 0x0000000088ed8198, 0x0000000088f00000| 84%| S|CS|TAMS 0x0000000088e00000, 0x0000000088e00000| Complete 
| 143|0x0000000088f00000, 0x0000000088f00000, 0x0000000089000000|  0%| F|  |TAMS 0x0000000088f00000, 0x0000000088f00000| Untracked 
| 144|0x0000000089000000, 0x0000000089000000, 0x0000000089100000|  0%| F|  |TAMS 0x0000000089000000, 0x0000000089000000| Untracked 
| 145|0x0000000089100000, 0x0000000089100000, 0x0000000089200000|  0%| F|  |TAMS 0x0000000089100000, 0x0000000089100000| Untracked 
| 146|0x0000000089200000, 0x0000000089200000, 0x0000000089300000|  0%| F|  |TAMS 0x0000000089200000, 0x0000000089200000| Untracked 
| 147|0x0000000089300000, 0x0000000089300000, 0x0000000089400000|  0%| F|  |TAMS 0x0000000089300000, 0x0000000089300000| Untracked 
| 148|0x0000000089400000, 0x0000000089400000, 0x0000000089500000|  0%| F|  |TAMS 0x0000000089400000, 0x0000000089400000| Untracked 

Card table byte_map: [0x000001d5401e0000,0x000001d5405e0000] _byte_map_base: 0x000001d53fde0000

Marking Bits (Prev, Next): (CMBitMap*) 0x000001d5291c83e0, (CMBitMap*) 0x000001d5291c8420
 Prev Bits: [0x000001d5409e0000, 0x000001d5429e0000)
 Next Bits: [0x000001d5429e0000, 0x000001d5449e0000)

Polling page: 0x000001d528930000

Metaspace:

Usage:
  Non-class:     50.21 MB used.
      Class:      7.80 MB used.
       Both:     58.01 MB used.

Virtual space:
  Non-class space:       64.00 MB reserved,      51.06 MB ( 80%) committed,  1 nodes.
      Class space:        1.00 GB reserved,       8.69 MB ( <1%) committed,  1 nodes.
             Both:        1.06 GB reserved,      59.75 MB (  5%) committed. 

Chunk freelists:
   Non-Class:  162.00 KB
       Class:  3.17 MB
        Both:  3.33 MB

MaxMetaspaceSize: unlimited
CompressedClassSpaceSize: 1.00 GB
Initial GC threshold: 21.00 MB
Current GC threshold: 93.56 MB
CDS: on
MetaspaceReclaimPolicy: balanced
 - commit_granule_bytes: 65536.
 - commit_granule_words: 8192.
 - virtual_space_node_default_size: 8388608.
 - enlarge_chunks_in_place: 1.
 - new_chunks_are_fully_committed: 0.
 - uncommit_free_chunks: 1.
 - use_allocation_guard: 0.


Internal statistics:

num_allocs_failed_limit: 6.
num_arena_births: 2962.
num_arena_deaths: 0.
num_vsnodes_births: 2.
num_vsnodes_deaths: 0.
num_space_committed: 956.
num_space_uncommitted: 0.
num_chunks_returned_to_freelist: 6.
num_chunks_taken_from_freelist: 5650.
num_chunk_merges: 6.
num_chunk_splits: 3664.
num_chunks_enlarged: 2268.
num_inconsistent_stats: 0.

CodeHeap 'non-profiled nmethods': size=120000Kb used=3590Kb max_used=3590Kb free=116409Kb
 bounds [0x000001d538570000, 0x000001d538900000, 0x000001d53faa0000]
CodeHeap 'profiled nmethods': size=120000Kb used=12708Kb max_used=12708Kb free=107291Kb
 bounds [0x000001d531040000, 0x000001d531cb0000, 0x000001d538570000]
CodeHeap 'non-nmethods': size=5760Kb used=2363Kb max_used=2425Kb free=3396Kb
 bounds [0x000001d530aa0000, 0x000001d530d10000, 0x000001d531040000]
 total_blobs=7403 nmethods=6526 adapters=789
 compilation: enabled
              stopped_count=0, restarted_count=0
 full_count=0

Compilation events (20 events):
Event: 5.943 Thread 0x000001d5473d6630 nmethod 7313 0x000001d531ca8390 code [0x000001d531ca86c0, 0x000001d531ca98b8]
Event: 5.943 Thread 0x000001d5473d6630 7323       1       org.gradle.configuration.internal.UserCodeApplicationId::longValue (5 bytes)
Event: 5.943 Thread 0x000001d5473d6630 nmethod 7323 0x000001d5388f0310 code [0x000001d5388f04a0, 0x000001d5388f0578]
Event: 5.943 Thread 0x000001d5473d6630 7314       3       org.objectweb.asm.ClassReader::getTypeAnnotationBytecodeOffset (34 bytes)
Event: 5.943 Thread 0x000001d5473d6630 nmethod 7314 0x000001d531caa110 code [0x000001d531caa2e0, 0x000001d531caa5e8]
Event: 5.943 Thread 0x000001d5473d6630 7325       1       com.android.build.gradle.internal.api.DefaultAndroidSourceSet::getName (5 bytes)
Event: 5.943 Thread 0x000001d5473d6630 nmethod 7325 0x000001d5388f0610 code [0x000001d5388f07a0, 0x000001d5388f0878]
Event: 5.943 Thread 0x000001d5473d6630 7328       1       org.gradle.api.internal.DefaultCollectionCallbackActionDecorator::access$100 (5 bytes)
Event: 5.943 Thread 0x000001d5473d6630 nmethod 7328 0x000001d5388f0910 code [0x000001d5388f0aa0, 0x000001d5388f0b58]
Event: 5.943 Thread 0x000001d5473d6630 7329       1       org.gradle.api.internal.DefaultCollectionCallbackActionDecorator$BuildOperationEmittingAction::access$000 (5 bytes)
Event: 5.943 Thread 0x000001d5473d6630 nmethod 7329 0x000001d5388f0c10 code [0x000001d5388f0da0, 0x000001d5388f0e58]
Event: 5.943 Thread 0x000001d5473d6630 7324       1       org.gradle.api.internal.collections.DefaultCollectionEventRegister::getDecorator (5 bytes)
Event: 5.943 Thread 0x000001d5473d6630 nmethod 7324 0x000001d5388f0f10 code [0x000001d5388f10a0, 0x000001d5388f1178]
Event: 5.943 Thread 0x000001d5473d6630 7326       1       org.gradle.api.internal.project.DefaultProjectStateRegistry$ProjectStateImpl::getIdentityPath (5 bytes)
Event: 5.943 Thread 0x000001d5473d6630 nmethod 7326 0x000001d5388f1210 code [0x000001d5388f13a0, 0x000001d5388f1478]
Event: 5.943 Thread 0x000001d5473d6630 7330       1       org.gradle.api.internal.project.DefaultProjectStateRegistry$ProjectStateImpl::getProjectPath (5 bytes)
Event: 5.943 Thread 0x000001d5473d6630 nmethod 7330 0x000001d5388f1510 code [0x000001d5388f16a0, 0x000001d5388f1778]
Event: 5.943 Thread 0x000001d5473d6630 7315       1       org.objectweb.asm.SymbolTable::getSource (5 bytes)
Event: 5.943 Thread 0x000001d5473d6630 nmethod 7315 0x000001d5388f1810 code [0x000001d5388f19a0, 0x000001d5388f1a78]
Event: 5.948 Thread 0x000001d5473d6630 7331   !   3       java.nio.charset.CharsetDecoder::decode (275 bytes)

GC Heap History (20 events):
Event: 3.093 GC heap after
{Heap after GC invocations=6 (full 0):
 garbage-first heap   total 126976K, used 39724K [0x0000000080000000, 0x0000000100000000)
  region size 1024K, 5 young (5120K), 5 survivors (5120K)
 Metaspace       used 30770K, committed 31872K, reserved 1114112K
  class space    used 4433K, committed 4992K, reserved 1048576K
}
Event: 3.456 GC heap before
{Heap before GC invocations=6 (full 0):
 garbage-first heap   total 126976K, used 82732K [0x0000000080000000, 0x0000000100000000)
  region size 1024K, 46 young (47104K), 5 survivors (5120K)
 Metaspace       used 34732K, committed 35968K, reserved 1114112K
  class space    used 4829K, committed 5504K, reserved 1048576K
}
Event: 3.461 GC heap after
{Heap after GC invocations=7 (full 0):
 garbage-first heap   total 126976K, used 44303K [0x0000000080000000, 0x0000000100000000)
  region size 1024K, 5 young (5120K), 5 survivors (5120K)
 Metaspace       used 34732K, committed 35968K, reserved 1114112K
  class space    used 4829K, committed 5504K, reserved 1048576K
}
Event: 3.989 GC heap before
{Heap before GC invocations=8 (full 0):
 garbage-first heap   total 126976K, used 100623K [0x0000000080000000, 0x0000000100000000)
  region size 1024K, 55 young (56320K), 5 survivors (5120K)
 Metaspace       used 39075K, committed 40512K, reserved 1114112K
  class space    used 5371K, committed 6080K, reserved 1048576K
}
Event: 3.995 GC heap after
{Heap after GC invocations=9 (full 0):
 garbage-first heap   total 126976K, used 53303K [0x0000000080000000, 0x0000000100000000)
  region size 1024K, 6 young (6144K), 6 survivors (6144K)
 Metaspace       used 39075K, committed 40512K, reserved 1114112K
  class space    used 5371K, committed 6080K, reserved 1048576K
}
Event: 4.562 GC heap before
{Heap before GC invocations=9 (full 0):
 garbage-first heap   total 126976K, used 100407K [0x0000000080000000, 0x0000000100000000)
  region size 1024K, 48 young (49152K), 6 survivors (6144K)
 Metaspace       used 43362K, committed 44800K, reserved 1114112K
  class space    used 6040K, committed 6784K, reserved 1048576K
}
Event: 4.569 GC heap after
{Heap after GC invocations=10 (full 0):
 garbage-first heap   total 126976K, used 62627K [0x0000000080000000, 0x0000000100000000)
  region size 1024K, 6 young (6144K), 6 survivors (6144K)
 Metaspace       used 43362K, committed 44800K, reserved 1114112K
  class space    used 6040K, committed 6784K, reserved 1048576K
}
Event: 4.782 GC heap before
{Heap before GC invocations=10 (full 0):
 garbage-first heap   total 126976K, used 85155K [0x0000000080000000, 0x0000000100000000)
  region size 1024K, 29 young (29696K), 6 survivors (6144K)
 Metaspace       used 44009K, committed 45504K, reserved 1114112K
  class space    used 6117K, committed 6912K, reserved 1048576K
}
Event: 4.786 GC heap after
{Heap after GC invocations=11 (full 0):
 garbage-first heap   total 126976K, used 63194K [0x0000000080000000, 0x0000000100000000)
  region size 1024K, 2 young (2048K), 2 survivors (2048K)
 Metaspace       used 44009K, committed 45504K, reserved 1114112K
  class space    used 6117K, committed 6912K, reserved 1048576K
}
Event: 5.079 GC heap before
{Heap before GC invocations=12 (full 0):
 garbage-first heap   total 126976K, used 107226K [0x0000000080000000, 0x0000000100000000)
  region size 1024K, 38 young (38912K), 2 survivors (2048K)
 Metaspace       used 47838K, committed 49472K, reserved 1114112K
  class space    used 6606K, committed 7488K, reserved 1048576K
}
Event: 5.084 GC heap after
{Heap after GC invocations=13 (full 0):
 garbage-first heap   total 152576K, used 79251K [0x0000000080000000, 0x0000000100000000)
  region size 1024K, 5 young (5120K), 5 survivors (5120K)
 Metaspace       used 47838K, committed 49472K, reserved 1114112K
  class space    used 6606K, committed 7488K, reserved 1048576K
}
Event: 5.120 GC heap before
{Heap before GC invocations=13 (full 0):
 garbage-first heap   total 152576K, used 81299K [0x0000000080000000, 0x0000000100000000)
  region size 1024K, 7 young (7168K), 5 survivors (5120K)
 Metaspace       used 48246K, committed 49856K, reserved 1114112K
  class space    used 6651K, committed 7488K, reserved 1048576K
}
Event: 5.121 GC heap after
{Heap after GC invocations=14 (full 0):
 garbage-first heap   total 152576K, used 79614K [0x0000000080000000, 0x0000000100000000)
  region size 1024K, 1 young (1024K), 1 survivors (1024K)
 Metaspace       used 48246K, committed 49856K, reserved 1114112K
  class space    used 6651K, committed 7488K, reserved 1048576K
}
Event: 5.549 GC heap before
{Heap before GC invocations=14 (full 0):
 garbage-first heap   total 152576K, used 116478K [0x0000000080000000, 0x0000000100000000)
  region size 1024K, 38 young (38912K), 1 survivors (1024K)
 Metaspace       used 54725K, committed 56448K, reserved 1114112K
  class space    used 7454K, committed 8320K, reserved 1048576K
}
Event: 5.551 GC heap after
{Heap after GC invocations=15 (full 0):
 garbage-first heap   total 152576K, used 81503K [0x0000000080000000, 0x0000000100000000)
  region size 1024K, 3 young (3072K), 3 survivors (3072K)
 Metaspace       used 54725K, committed 56448K, reserved 1114112K
  class space    used 7454K, committed 8320K, reserved 1048576K
}
Event: 5.876 GC heap before
{Heap before GC invocations=16 (full 0):
 garbage-first heap   total 152576K, used 118367K [0x0000000080000000, 0x0000000100000000)
  region size 1024K, 40 young (40960K), 3 survivors (3072K)
 Metaspace       used 58690K, committed 60480K, reserved 1114112K
  class space    used 7920K, committed 8832K, reserved 1048576K
}
Event: 5.880 GC heap after
{Heap after GC invocations=17 (full 0):
 garbage-first heap   total 152576K, used 85441K [0x0000000080000000, 0x0000000100000000)
  region size 1024K, 5 young (5120K), 5 survivors (5120K)
 Metaspace       used 58690K, committed 60480K, reserved 1114112K
  class space    used 7920K, committed 8832K, reserved 1048576K
}
Event: 5.893 GC heap before
{Heap before GC invocations=17 (full 0):
 garbage-first heap   total 152576K, used 87489K [0x0000000080000000, 0x0000000100000000)
  region size 1024K, 7 young (7168K), 5 survivors (5120K)
 Metaspace       used 58919K, committed 60672K, reserved 1114112K
  class space    used 7949K, committed 8832K, reserved 1048576K
}
Event: 5.897 GC heap after
{Heap after GC invocations=18 (full 0):
 garbage-first heap   total 152576K, used 85938K [0x0000000080000000, 0x0000000100000000)
  region size 1024K, 1 young (1024K), 1 survivors (1024K)
 Metaspace       used 58919K, committed 60672K, reserved 1114112K
  class space    used 7949K, committed 8832K, reserved 1048576K
}
Event: 5.948 GC heap before
{Heap before GC invocations=18 (full 0):
 garbage-first heap   total 152576K, used 90034K [0x0000000080000000, 0x0000000100000000)
  region size 1024K, 6 young (6144K), 1 survivors (1024K)
 Metaspace       used 59401K, committed 61184K, reserved 1114112K
  class space    used 7985K, committed 8896K, reserved 1048576K
}

Deoptimization events (20 events):
Event: 5.682 Thread 0x000001d54c1f0d80 Uncommon trap: trap_request=0xffffff45 fr.pc=0x000001d53866faf8 relative=0x00000000000022b8
Event: 5.682 Thread 0x000001d54c1f0d80 Uncommon trap: reason=unstable_if action=reinterpret pc=0x000001d53866faf8 method=java.util.regex.Pattern.has(I)Z @ 6 c2
Event: 5.682 Thread 0x000001d54c1f0d80 DEOPT PACKING pc=0x000001d53866faf8 sp=0x00000028680f6350
Event: 5.682 Thread 0x000001d54c1f0d80 DEOPT UNPACKING pc=0x000001d530af23a3 sp=0x00000028680f62d0 mode 2
Event: 5.910 Thread 0x000001d54c1f0d80 Uncommon trap: trap_request=0xffffff45 fr.pc=0x000001d53886e2a4 relative=0x0000000000000364
Event: 5.910 Thread 0x000001d54c1f0d80 Uncommon trap: reason=unstable_if action=reinterpret pc=0x000001d53886e2a4 method=org.gradle.internal.reflect.PropertyAccessorType.of(Ljava/lang/reflect/Method;)Lorg/gradle/internal/reflect/PropertyAccessorType; @ 56 c2
Event: 5.910 Thread 0x000001d54c1f0d80 DEOPT PACKING pc=0x000001d53886e2a4 sp=0x00000028680f6c80
Event: 5.910 Thread 0x000001d54c1f0d80 DEOPT UNPACKING pc=0x000001d530af23a3 sp=0x00000028680f6c40 mode 2
Event: 5.920 Thread 0x000001d54c1f0d80 Uncommon trap: trap_request=0xffffff45 fr.pc=0x000001d5388e29bc relative=0x000000000000013c
Event: 5.920 Thread 0x000001d54c1f0d80 Uncommon trap: reason=unstable_if action=reinterpret pc=0x000001d5388e29bc method=org.objectweb.asm.ByteVector.putByteArray([BII)Lorg/objectweb/asm/ByteVector; @ 20 c2
Event: 5.920 Thread 0x000001d54c1f0d80 DEOPT PACKING pc=0x000001d5388e29bc sp=0x00000028680f5d80
Event: 5.920 Thread 0x000001d54c1f0d80 DEOPT UNPACKING pc=0x000001d530af23a3 sp=0x00000028680f5d50 mode 2
Event: 5.920 Thread 0x000001d54c1f0d80 Uncommon trap: trap_request=0xffffff45 fr.pc=0x000001d5388d4470 relative=0x0000000000000b30
Event: 5.920 Thread 0x000001d54c1f0d80 Uncommon trap: reason=unstable_if action=reinterpret pc=0x000001d5388d4470 method=org.objectweb.asm.Label.resolve([BI)Z @ 80 c2
Event: 5.920 Thread 0x000001d54c1f0d80 DEOPT PACKING pc=0x000001d5388d4470 sp=0x00000028680f5da0
Event: 5.920 Thread 0x000001d54c1f0d80 DEOPT UNPACKING pc=0x000001d530af23a3 sp=0x00000028680f5cc0 mode 2
Event: 5.920 Thread 0x000001d54c1f0d80 Uncommon trap: trap_request=0xffffff45 fr.pc=0x000001d5388496a0 relative=0x0000000000000200
Event: 5.921 Thread 0x000001d54c1f0d80 Uncommon trap: reason=unstable_if action=reinterpret pc=0x000001d5388496a0 method=org.objectweb.asm.Label.resolve([BI)Z @ 80 c2
Event: 5.921 Thread 0x000001d54c1f0d80 DEOPT PACKING pc=0x000001d5388496a0 sp=0x00000028680f5d30
Event: 5.921 Thread 0x000001d54c1f0d80 DEOPT UNPACKING pc=0x000001d530af23a3 sp=0x00000028680f5cb0 mode 2

Classes loaded (20 events):
Event: 5.612 Loading class sun/security/util/Length
Event: 5.612 Loading class sun/security/util/Length done
Event: 5.612 Loading class javax/crypto/SecretKey
Event: 5.612 Loading class javax/crypto/SecretKey done
Event: 5.613 Loading class java/util/Base64
Event: 5.613 Loading class java/util/Base64 done
Event: 5.613 Loading class java/util/Base64$Decoder
Event: 5.613 Loading class java/util/Base64$Decoder done
Event: 5.613 Loading class java/util/Base64$Encoder
Event: 5.613 Loading class java/util/Base64$Encoder done
Event: 5.614 Loading class java/util/jar/JarVerifier$VerifierStream
Event: 5.614 Loading class java/util/jar/JarVerifier$VerifierStream done
Event: 5.614 Loading class sun/security/util/ManifestEntryVerifier$SunProviderHolder
Event: 5.614 Loading class sun/security/util/ManifestEntryVerifier$SunProviderHolder done
Event: 5.825 Loading class java/security/KeyStore
Event: 5.825 Loading class java/security/KeyStore done
Event: 5.825 Loading class java/security/KeyStore$1
Event: 5.825 Loading class java/security/KeyStore$1 done
Event: 5.908 Loading class sun/reflect/annotation/AnnotationInvocationHandler$1
Event: 5.909 Loading class sun/reflect/annotation/AnnotationInvocationHandler$1 done

Classes unloaded (0 events):
No events

Classes redefined (0 events):
No events

Internal exceptions (20 events):
Event: 5.033 Thread 0x000001d54c1f0d80 Exception <a 'java/lang/NoSuchMethodError'{0x0000000085ac0428}: 'void java.lang.invoke.DelegatingMethodHandle$Holder.reinvoke_L(java.lang.Object, java.lang.Object, int)'> (0x0000000085ac0428) 
thrown [s\open\src\hotspot\share\interpreter\linkResolver.cpp, line 766]
Event: 5.033 Thread 0x000001d54c1f0d80 Exception <a 'java/lang/NoSuchMethodError'{0x0000000085ac8320}: 'void java.lang.invoke.Invokers$Holder.invokeExact_MT(java.lang.Object, java.lang.Object, int, java.lang.Object)'> (0x0000000085ac8320) 
thrown [s\open\src\hotspot\share\interpreter\linkResolver.cpp, line 766]
Event: 5.200 Thread 0x000001d54c1f0d80 Exception <a 'java/lang/NoSuchMethodError'{0x0000000088e82450}: 'int java.lang.invoke.DirectMethodHandle$Holder.invokeInterface(java.lang.Object, java.lang.Object, java.lang.Object, java.lang.Object)'> (0x0000000088e82450) 
thrown [s\open\src\hotspot\share\interpreter\linkResolver.cpp, line 766]
Event: 5.465 Thread 0x000001d54c1f0d80 Exception <a 'java/lang/NoSuchMethodError'{0x00000000875a6e70}: 'java.lang.Object java.lang.invoke.DirectMethodHandle$Holder.newInvokeSpecial(java.lang.Object, java.lang.Object, java.lang.Object, java.lang.Object, java.lang.Object, java.lang.Object, java.lang.Object, java.lang.Object, java.lang.Object, java.lang.Object, java.lang.Object, java.lang.Object, java.lang.Object, java.lang.Object, java.lang.Object)'> (0x00000000875a6e70) 
thrown [s\open\src\hotspot\share\interpreter\linkResolver.cpp, line 766]
Event: 5.481 Thread 0x000001d54c1f0d80 Exception <a 'java/lang/IncompatibleClassChangeError'{0x00000000874b53e8}: Found class java.lang.Object, but interface was expected> (0x00000000874b53e8) 
thrown [s\open\src\hotspot\share\interpreter\linkResolver.cpp, line 833]
Event: 5.510 Thread 0x000001d54c1f0d80 Implicit null exception at 0x000001d5387eb2e0 to 0x000001d5387eb498
Event: 5.511 Thread 0x000001d54c1f0d80 Exception <a 'java/lang/IncompatibleClassChangeError'{0x0000000087215758}: Found class java.lang.Object, but interface was expected> (0x0000000087215758) 
thrown [s\open\src\hotspot\share\interpreter\linkResolver.cpp, line 833]
Event: 5.512 Thread 0x000001d54c1f0d80 Exception <a 'java/lang/NoSuchMethodError'{0x0000000087217750}: 'long java.lang.invoke.DelegatingMethodHandle$Holder.reinvoke_L(java.lang.Object, java.lang.Object)'> (0x0000000087217750) 
thrown [s\open\src\hotspot\share\interpreter\linkResolver.cpp, line 766]
Event: 5.512 Thread 0x000001d54c1f0d80 Exception <a 'java/lang/IncompatibleClassChangeError'{0x00000000872236f8}: Found class java.lang.Object, but interface was expected> (0x00000000872236f8) 
thrown [s\open\src\hotspot\share\interpreter\linkResolver.cpp, line 833]
Event: 5.588 Thread 0x000001d54c1f0d80 Implicit null exception at 0x000001d53878828c to 0x000001d5387883c6
Event: 5.651 Thread 0x000001d54c1f0d80 Exception <a 'sun/nio/fs/WindowsException'{0x00000000889100d8}> (0x00000000889100d8) 
thrown [s\open\src\hotspot\share\prims\jni.cpp, line 516]
Event: 5.848 Thread 0x000001d54c1f0d80 Exception <a 'java/lang/ClassNotFoundException'{0x0000000087484e98}: org/gradle/api/plugins/internal/DefaultBasePluginConventionBeanInfo> (0x0000000087484e98) 
thrown [s\open\src\hotspot\share\classfile\systemDictionary.cpp, line 255]
Event: 5.848 Thread 0x000001d54c1f0d80 Exception <a 'java/lang/ClassNotFoundException'{0x000000008749a208}: org/gradle/api/plugins/BasePluginConventionBeanInfo> (0x000000008749a208) 
thrown [s\open\src\hotspot\share\classfile\systemDictionary.cpp, line 255]
Event: 5.849 Thread 0x000001d54c1f0d80 Exception <a 'java/lang/ClassNotFoundException'{0x00000000874aed48}: org/gradle/api/plugins/BasePluginConventionCustomizer> (0x00000000874aed48) 
thrown [s\open\src\hotspot\share\classfile\systemDictionary.cpp, line 255]
Event: 5.849 Thread 0x000001d54c1f0d80 Exception <a 'java/lang/ClassNotFoundException'{0x00000000874cda28}: org/gradle/api/plugins/internal/DefaultBasePluginConventionCustomizer> (0x00000000874cda28) 
thrown [s\open\src\hotspot\share\classfile\systemDictionary.cpp, line 255]
Event: 5.851 Thread 0x000001d54c1f0d80 Exception <a 'java/lang/ClassNotFoundException'{0x0000000087316700}: org/gradle/api/plugins/internal/DefaultJavaPluginConventionBeanInfo> (0x0000000087316700) 
thrown [s\open\src\hotspot\share\classfile\systemDictionary.cpp, line 255]
Event: 5.851 Thread 0x000001d54c1f0d80 Exception <a 'java/lang/ClassNotFoundException'{0x000000008732ba70}: org/gradle/api/plugins/JavaPluginConventionBeanInfo> (0x000000008732ba70) 
thrown [s\open\src\hotspot\share\classfile\systemDictionary.cpp, line 255]
Event: 5.852 Thread 0x000001d54c1f0d80 Exception <a 'java/lang/ClassNotFoundException'{0x00000000873405b0}: org/gradle/api/plugins/JavaPluginConventionCustomizer> (0x00000000873405b0) 
thrown [s\open\src\hotspot\share\classfile\systemDictionary.cpp, line 255]
Event: 5.852 Thread 0x000001d54c1f0d80 Exception <a 'java/lang/ClassNotFoundException'{0x0000000087368f30}: org/gradle/api/plugins/internal/DefaultJavaPluginConventionCustomizer> (0x0000000087368f30) 
thrown [s\open\src\hotspot\share\classfile\systemDictionary.cpp, line 255]
Event: 5.920 Thread 0x000001d54c1f0d80 Implicit null exception at 0x000001d5388e28c9 to 0x000001d5388e299c

VM Operations (20 events):
Event: 5.199 Executing VM operation: HandshakeAllThreads done
Event: 5.549 Executing VM operation: G1CollectForAllocation
Event: 5.551 Executing VM operation: G1CollectForAllocation done
Event: 5.564 Executing VM operation: HandshakeAllThreads
Event: 5.564 Executing VM operation: HandshakeAllThreads done
Event: 5.568 Executing VM operation: HandshakeAllThreads
Event: 5.568 Executing VM operation: HandshakeAllThreads done
Event: 5.592 Executing VM operation: G1Concurrent
Event: 5.594 Executing VM operation: G1Concurrent done
Event: 5.594 Executing VM operation: HandshakeAllThreads
Event: 5.595 Executing VM operation: HandshakeAllThreads done
Event: 5.596 Executing VM operation: HandshakeAllThreads
Event: 5.596 Executing VM operation: HandshakeAllThreads done
Event: 5.611 Executing VM operation: G1Concurrent
Event: 5.611 Executing VM operation: G1Concurrent done
Event: 5.876 Executing VM operation: G1CollectForAllocation
Event: 5.880 Executing VM operation: G1CollectForAllocation done
Event: 5.893 Executing VM operation: G1CollectForAllocation
Event: 5.897 Executing VM operation: G1CollectForAllocation done
Event: 5.948 Executing VM operation: G1TryInitiateConcMark

Events (20 events):
Event: 4.626 Thread 0x000001d550249290 Thread added: 0x000001d550249290
Event: 4.626 Thread 0x000001d55024aaa0 Thread added: 0x000001d55024aaa0
Event: 4.626 Thread 0x000001d550249760 Thread added: 0x000001d550249760
Event: 4.627 Thread 0x000001d550249c30 Thread added: 0x000001d550249c30
Event: 4.627 Thread 0x000001d550246740 Thread added: 0x000001d550246740
Event: 4.627 Thread 0x000001d55024cc50 Thread added: 0x000001d55024cc50
Event: 4.627 Thread 0x000001d55024af70 Thread added: 0x000001d55024af70
Event: 4.627 Thread 0x000001d5501ea6e0 Thread added: 0x000001d5501ea6e0
Event: 4.627 Thread 0x000001d5501ec3c0 Thread added: 0x000001d5501ec3c0
Event: 4.627 Thread 0x000001d5501efd80 Thread added: 0x000001d5501efd80
Event: 4.629 Thread 0x000001d5501eea40 Thread added: 0x000001d5501eea40
Event: 4.629 Thread 0x000001d5501eb550 Thread added: 0x000001d5501eb550
Event: 4.629 Thread 0x000001d5501f10c0 Thread added: 0x000001d5501f10c0
Event: 4.629 Thread 0x000001d5501eabb0 Thread added: 0x000001d5501eabb0
Event: 4.631 Thread 0x000001d5501ef3e0 Thread added: 0x000001d5501ef3e0
Event: 4.631 Thread 0x000001d5501eef10 Thread added: 0x000001d5501eef10
Event: 4.631 Thread 0x000001d5501ebef0 Thread added: 0x000001d5501ebef0
Event: 4.631 Thread 0x000001d5501f0bf0 Thread added: 0x000001d5501f0bf0
Event: 5.119 Thread 0x000001d54c3ef050 Thread exited: 0x000001d54c3ef050
Event: 5.513 Thread 0x000001d5501f0720 Thread added: 0x000001d5501f0720


Dynamic libraries:
0x00007ff6de1f0000 - 0x00007ff6de200000 	C:\Program Files\Java\jdk-18.0.1.1\bin\java.exe
0x00007ff9074c0000 - 0x00007ff9076c9000 	C:\WINDOWS\SYSTEM32\ntdll.dll
0x00007ff9058e0000 - 0x00007ff90599d000 	C:\WINDOWS\System32\KERNEL32.DLL
0x00007ff904c60000 - 0x00007ff904fd9000 	C:\WINDOWS\System32\KERNELBASE.dll
0x00007ff904b40000 - 0x00007ff904c51000 	C:\WINDOWS\System32\ucrtbase.dll
0x00007ff8e00f0000 - 0x00007ff8e0108000 	C:\Program Files\Java\jdk-18.0.1.1\bin\jli.dll
0x00007ff8e0110000 - 0x00007ff8e012a000 	C:\Program Files\Java\jdk-18.0.1.1\bin\VCRUNTIME140.dll
0x00007ff9059a0000 - 0x00007ff905a4e000 	C:\WINDOWS\System32\ADVAPI32.dll
0x00007ff905a50000 - 0x00007ff905af3000 	C:\WINDOWS\System32\msvcrt.dll
0x00007ff9069b0000 - 0x00007ff906a4e000 	C:\WINDOWS\System32\sechost.dll
0x00007ff905bf0000 - 0x00007ff905d10000 	C:\WINDOWS\System32\RPCRT4.dll
0x00007ff9070a0000 - 0x00007ff90724c000 	C:\WINDOWS\System32\USER32.dll
0x00007ff9049a0000 - 0x00007ff9049c6000 	C:\WINDOWS\System32\win32u.dll
0x00007ff8dc600000 - 0x00007ff8dc8a5000 	C:\WINDOWS\WinSxS\amd64_microsoft.windows.common-controls_6595b64144ccf1df_6.0.22000.120_none_9d947278b86cc467\COMCTL32.dll
0x00007ff907340000 - 0x00007ff907369000 	C:\WINDOWS\System32\GDI32.dll
0x00007ff9051b0000 - 0x00007ff9052c2000 	C:\WINDOWS\System32\gdi32full.dll
0x00007ff905050000 - 0x00007ff9050ed000 	C:\WINDOWS\System32\msvcp_win.dll
0x00007ff8ff2c0000 - 0x00007ff8ff2ca000 	C:\WINDOWS\SYSTEM32\VERSION.dll
0x00007ff907370000 - 0x00007ff9073a1000 	C:\WINDOWS\System32\IMM32.DLL
0x00007ff900ea0000 - 0x00007ff900eac000 	C:\Program Files\Java\jdk-18.0.1.1\bin\vcruntime140_1.dll
0x00007ff8ce880000 - 0x00007ff8ce90d000 	C:\Program Files\Java\jdk-18.0.1.1\bin\msvcp140.dll
0x00007ff887c10000 - 0x00007ff888820000 	C:\Program Files\Java\jdk-18.0.1.1\bin\server\jvm.dll
0x00007ff907330000 - 0x00007ff907338000 	C:\WINDOWS\System32\PSAPI.DLL
0x00007ff8bec00000 - 0x00007ff8bec09000 	C:\WINDOWS\SYSTEM32\WSOCK32.dll
0x00007ff8ff360000 - 0x00007ff8ff393000 	C:\WINDOWS\SYSTEM32\WINMM.dll
0x00007ff906a50000 - 0x00007ff906abf000 	C:\WINDOWS\System32\WS2_32.dll
0x00007ff903b90000 - 0x00007ff903ba8000 	C:\WINDOWS\SYSTEM32\kernel.appcore.dll
0x00007ff900e10000 - 0x00007ff900e1a000 	C:\Program Files\Java\jdk-18.0.1.1\bin\jimage.dll
0x00007ff9024f0000 - 0x00007ff902711000 	C:\WINDOWS\SYSTEM32\DBGHELP.DLL
0x00007ff8fa780000 - 0x00007ff8fa7b1000 	C:\WINDOWS\SYSTEM32\dbgcore.DLL
0x00007ff9052d0000 - 0x00007ff90534f000 	C:\WINDOWS\System32\bcryptPrimitives.dll
0x00007ff8e0050000 - 0x00007ff8e0075000 	C:\Program Files\Java\jdk-18.0.1.1\bin\java.dll
0x00007ff8b8bb0000 - 0x00007ff8b8c86000 	C:\Program Files\Java\jdk-18.0.1.1\bin\jsvml.dll
0x00007ff905ed0000 - 0x00007ff906688000 	C:\WINDOWS\System32\SHELL32.dll
0x00007ff902b20000 - 0x00007ff903388000 	C:\WINDOWS\SYSTEM32\windows.storage.dll
0x00007ff905560000 - 0x00007ff9058d9000 	C:\WINDOWS\System32\combase.dll
0x00007ff9029b0000 - 0x00007ff902b16000 	C:\WINDOWS\SYSTEM32\wintypes.dll
0x00007ff9068c0000 - 0x00007ff9069aa000 	C:\WINDOWS\System32\SHCORE.dll
0x00007ff905490000 - 0x00007ff9054ed000 	C:\WINDOWS\System32\shlwapi.dll
0x00007ff9048d0000 - 0x00007ff9048f1000 	C:\WINDOWS\SYSTEM32\profapi.dll
0x00007ff8e0090000 - 0x00007ff8e00a3000 	C:\Program Files\Java\jdk-18.0.1.1\bin\net.dll
0x00007ff8ff160000 - 0x00007ff8ff26c000 	C:\WINDOWS\SYSTEM32\WINHTTP.dll
0x00007ff903fc0000 - 0x00007ff904027000 	C:\WINDOWS\system32\mswsock.dll
0x00007ff8e0030000 - 0x00007ff8e0046000 	C:\Program Files\Java\jdk-18.0.1.1\bin\nio.dll
0x00007ff8dc030000 - 0x00007ff8dc048000 	C:\Program Files\Java\jdk-18.0.1.1\bin\zip.dll
0x00007ff900e20000 - 0x00007ff900e30000 	C:\Program Files\Java\jdk-18.0.1.1\bin\verify.dll
0x00007ff8ce790000 - 0x00007ff8ce7b7000 	C:\Program Files\Java\jre1.8.0_333\native\e1d6ef7f7dcc3fd88c89a11ec53ec762bb8ba0a96d01ffa2cd45eb1d1d8dd5c5\windows-amd64\native-platform.dll
0x00007ff8b8d20000 - 0x00007ff8b8e64000 	C:\Program Files\Java\jre1.8.0_333\native\5664cfc778a61ccfe75a443a1ab52a65af34e5dc3c78e0209fed803814484fcb\windows-amd64\native-platform-file-events.dll
0x00007ff900e40000 - 0x00007ff900e49000 	C:\Program Files\Java\jdk-18.0.1.1\bin\management.dll
0x00007ff900e30000 - 0x00007ff900e3b000 	C:\Program Files\Java\jdk-18.0.1.1\bin\management_ext.dll
0x00007ff904200000 - 0x00007ff904218000 	C:\WINDOWS\SYSTEM32\CRYPTSP.dll
0x00007ff903af0000 - 0x00007ff903b25000 	C:\WINDOWS\system32\rsaenh.dll
0x00007ff9040b0000 - 0x00007ff9040d9000 	C:\WINDOWS\SYSTEM32\USERENV.dll
0x00007ff904380000 - 0x00007ff9043a7000 	C:\WINDOWS\SYSTEM32\bcrypt.dll
0x00007ff904220000 - 0x00007ff90422c000 	C:\WINDOWS\SYSTEM32\CRYPTBASE.dll
0x00007ff9036c0000 - 0x00007ff9036ed000 	C:\WINDOWS\SYSTEM32\IPHLPAPI.DLL
0x00007ff906710000 - 0x00007ff906719000 	C:\WINDOWS\System32\NSI.dll
0x00007ff8ff2e0000 - 0x00007ff8ff2f9000 	C:\WINDOWS\SYSTEM32\dhcpcsvc6.DLL
0x00007ff8ff4a0000 - 0x00007ff8ff4be000 	C:\WINDOWS\SYSTEM32\dhcpcsvc.DLL
0x00007ff9036f0000 - 0x00007ff9037d8000 	C:\WINDOWS\SYSTEM32\DNSAPI.dll

dbghelp: loaded successfully - version: 4.0.5 - missing functions: none
symbol engine: initialized successfully - sym options: 0x614 - pdb path: .;C:\Program Files\Java\jdk-18.0.1.1\bin;C:\WINDOWS\SYSTEM32;C:\WINDOWS\WinSxS\amd64_microsoft.windows.common-controls_6595b64144ccf1df_6.0.22000.120_none_9d947278b86cc467;C:\Program Files\Java\jdk-18.0.1.1\bin\server;C:\Program Files\Java\jre1.8.0_333\native\e1d6ef7f7dcc3fd88c89a11ec53ec762bb8ba0a96d01ffa2cd45eb1d1d8dd5c5\windows-amd64;C:\Program Files\Java\jre1.8.0_333\native\5664cfc778a61ccfe75a443a1ab52a65af34e5dc3c78e0209fed803814484fcb\windows-amd64

VM Arguments:
jvm_args: --add-opens=java.base/java.util=ALL-UNNAMED --add-opens=java.base/java.lang=ALL-UNNAMED --add-opens=java.base/java.lang.invoke=ALL-UNNAMED --add-opens=java.base/java.util=ALL-UNNAMED --add-opens=java.prefs/java.util.prefs=ALL-UNNAMED --add-opens=java.prefs/java.util.prefs=ALL-UNNAMED --add-opens=java.base/java.nio.charset=ALL-UNNAMED --add-opens=java.base/java.net=ALL-UNNAMED --add-opens=java.base/java.util.concurrent.atomic=ALL-UNNAMED -Xmx2048m -Dfile.encoding=UTF-8 -Duser.country=US -Duser.language=en -Duser.variant 
java_command: org.gradle.launcher.daemon.bootstrap.GradleDaemon 7.3.3
java_class_path (initial): C:\Program Files\Java\jre1.8.0_333\wrapper\dists\gradle-7.3.3-bin\6a41zxkdtcxs8rphpq6y0069z\gradle-7.3.3\lib\gradle-launcher-7.3.3.jar
Launcher Type: SUN_STANDARD

[Global flags]
     intx CICompilerCount                          = 4                                         {product} {ergonomic}
     uint ConcGCThreads                            = 2                                         {product} {ergonomic}
     uint G1ConcRefinementThreads                  = 8                                         {product} {ergonomic}
   size_t G1HeapRegionSize                         = 1048576                                   {product} {ergonomic}
    uintx GCDrainStackTargetSize                   = 64                                        {product} {ergonomic}
   size_t InitialHeapSize                          = 132120576                                 {product} {ergonomic}
   size_t MarkStackSize                            = 4194304                                   {product} {ergonomic}
   size_t MaxHeapSize                              = 2147483648                                {product} {command line}
   size_t MaxNewSize                               = 1287651328                                {product} {ergonomic}
   size_t MinHeapDeltaBytes                        = 1048576                                   {product} {ergonomic}
   size_t MinHeapSize                              = 8388608                                   {product} {ergonomic}
    uintx NonNMethodCodeHeapSize                   = 5839372                                {pd product} {ergonomic}
    uintx NonProfiledCodeHeapSize                  = 122909434                              {pd product} {ergonomic}
    uintx ProfiledCodeHeapSize                     = 122909434                              {pd product} {ergonomic}
    uintx ReservedCodeCacheSize                    = 251658240                              {pd product} {ergonomic}
     bool SegmentedCodeCache                       = true                                      {product} {ergonomic}
   size_t SoftMaxHeapSize                          = 2147483648                             {manageable} {ergonomic}
     bool UseCompressedClassPointers               = true                           {product lp64_product} {ergonomic}
     bool UseCompressedOops                        = true                           {product lp64_product} {ergonomic}
     bool UseG1GC                                  = true                                      {product} {ergonomic}
     bool UseLargePagesIndividualAllocation        = false                                  {pd product} {ergonomic}

Logging:
Log output configuration:
 #0: stdout all=warning uptime,level,tags foldmultilines=false
 #1: stderr all=off uptime,level,tags foldmultilines=false

Environment Variables:
JAVA_HOME=C:\Program Files\Java\jdk-18.0.1.1
PATH=C:\Program Files\Common Files\Oracle\Java\javapath;C:\Windows\system32;C:\Windows;C:\Windows\System32\Wbem;C:\Windows\System32\WindowsPowerShell\v1.0\;C:\Windows\System32\OpenSSH\;C:\Program Files (x86)\NVIDIA Corporation\PhysX\Common;C:\Program Files\NVIDIA Corporation\NVIDIA NvDLISR;F:\Git\cmd;C:\WINDOWS\system32;C:\WINDOWS;C:\WINDOWS\System32\Wbem;C:\WINDOWS\System32\WindowsPowerShell\v1.0\;C:\WINDOWS\System32\OpenSSH\;C:\Program Files\Java\jdk-18.0.1.1\bin;C:\Program Files\Java\jdk-18.0.1.1\bin;D:\flutter\bin;C:\Program Files\JetBrains\IntelliJ IDEA Community Edition 2021.3.2\bin;;C:\Users\NoteBook TANDIS\AppData\Local\Microsoft\WindowsApps;dart-sdk;;C:\Users\NoteBook TANDIS\AppData\Local\Programs\Microsoft VS Code\bin
USERNAME=NoteBook TANDIS
OS=Windows_NT
PROCESSOR_IDENTIFIER=Intel64 Family 6 Model 165 Stepping 2, GenuineIntel



---------------  S Y S T E M  ---------------

OS:
 Windows 11 , 64 bit Build 22000 (10.0.22000.708)
OS uptime: 0 days 1:55 hours

CPU: total 8 (initial active 8) (4 cores per cpu, 2 threads per core) family 6 model 165 stepping 2 microcode 0xea, cx8, cmov, fxsr, ht, mmx, 3dnowpref, sse, sse2, sse3, ssse3, sse4.1, sse4.2, popcnt, lzcnt, tsc, tscinvbit, avx, avx2, aes, erms, clmul, bmi1, bmi2, adx, fma, vzeroupper, clflush, clflushopt

Memory: 4k page, system-wide physical 8023M (514M free)
TotalPageFile size 11023M (AvailPageFile size 127M)
current process WorkingSet (physical memory assigned to process): 348M, peak: 348M
current process commit charge ("private bytes"): 392M, peak: 524M

vm_info: Java HotSpot(TM) 64-Bit Server VM (18.0.1.1+2-6) for windows-amd64 JRE (18.0.1.1+2-6), built on Apr 25 2022 21:53:15 by "mach5one" with MS VC++ 16.8 / 16.9 (VS2019)

END.
