#
# There is insufficient memory for the Java Runtime Environment to continue.
# Native memory allocation (mmap) failed to map 123731968 bytes for G1 virtual space
# Possible reasons:
#   The system is out of physical RAM or swap space
#   The process is running with CompressedOops enabled, and the Java Heap may be blocking the growth of the native heap
# Possible solutions:
#   Reduce memory load on the system
#   Increase physical memory or swap space
#   Check if swap backing store is full
#   Decrease Java heap size (-Xmx/-Xms)
#   Decrease number of Java threads
#   Decrease Java thread stack sizes (-Xss)
#   Set larger code cache with -XX:ReservedCodeCacheSize=
#   JVM is running with Unscaled Compressed Oops mode in which the Java heap is
#     placed in the first 4GB address space. The Java Heap base address is the
#     maximum limit for the native heap growth. Please use -XX:HeapBaseMinAddress
#     to set the Java Heap base and to place the Java Heap above 4GB virtual address.
# This output file may be truncated or incomplete.
#
#  Out of Memory Error (os_windows.cpp:3530), pid=7864, tid=15672
#
# JRE version: Java(TM) SE Runtime Environment (18.0.1.1+2) (build 18.0.1.1+2-6)
# Java VM: Java HotSpot(TM) 64-Bit Server VM (18.0.1.1+2-6, mixed mode, sharing, tiered, compressed oops, compressed class ptrs, g1 gc, windows-amd64)
# No core dump will be written. Minidumps are not enabled by default on client versions of Windows
#

---------------  S U M M A R Y ------------

Command Line: --add-opens=java.base/java.util=ALL-UNNAMED --add-opens=java.base/java.lang=ALL-UNNAMED --add-opens=java.base/java.lang.invoke=ALL-UNNAMED --add-opens=java.base/java.util=ALL-UNNAMED --add-opens=java.prefs/java.util.prefs=ALL-UNNAMED --add-opens=java.prefs/java.util.prefs=ALL-UNNAMED --add-opens=java.base/java.nio.charset=ALL-UNNAMED --add-opens=java.base/java.net=ALL-UNNAMED --add-opens=java.base/java.util.concurrent.atomic=ALL-UNNAMED -Xmx2048m -Dfile.encoding=UTF-8 -Duser.country=US -Duser.language=en -Duser.variant org.gradle.launcher.daemon.bootstrap.GradleDaemon 7.3.3

Host: Intel(R) Core(TM) i5-10300H CPU @ 2.50GHz, 8 cores, 7G,  Windows 11 , 64 bit Build 22000 (10.0.22000.708)
Time: Mon Jul 11 12:26:35 2022 Iran Daylight Time elapsed time: 4.642012 seconds (0d 0h 0m 4s)

---------------  T H R E A D  ---------------

Current thread (0x0000024af3dfaf30):  VMThread "VM Thread" [stack: 0x000000ab0be00000,0x000000ab0bf00000] [id=15672]

Stack: [0x000000ab0be00000,0x000000ab0bf00000]
Native frames: (J=compiled Java code, j=interpreted, Vv=VM code, C=native code)
V  [jvm.dll+0x69887a]
V  [jvm.dll+0x7f38bd]
V  [jvm.dll+0x7f51ce]
V  [jvm.dll+0x7f5883]
V  [jvm.dll+0x25ca3f]
V  [jvm.dll+0x6957c9]
V  [jvm.dll+0x68a2fa]
V  [jvm.dll+0x321efb]
V  [jvm.dll+0x3298d6]
V  [jvm.dll+0x37e47e]
V  [jvm.dll+0x37e6af]
V  [jvm.dll+0x2f9c7a]
V  [jvm.dll+0x2f9d27]
V  [jvm.dll+0x33e262]
V  [jvm.dll+0x33c804]
V  [jvm.dll+0x2f9450]
V  [jvm.dll+0x33c0fd]
V  [jvm.dll+0x7fa66b]
V  [jvm.dll+0x7fb404]
V  [jvm.dll+0x7fb93c]
V  [jvm.dll+0x7fbd94]
V  [jvm.dll+0x7fbe57]
V  [jvm.dll+0x7a03ea]
V  [jvm.dll+0x697725]
C  [ucrtbase.dll+0x26c0c]
C  [KERNEL32.DLL+0x154e0]
C  [ntdll.dll+0x485b]

VM_Operation (0x000000ab0d6f63b0): G1TryInitiateConcMark, mode: safepoint, requested by thread 0x0000024a9a009c10


---------------  P R O C E S S  ---------------

Threads class SMR info:
_java_thread_list=0x0000024a9df95fd0, length=125, elements={
0x0000024af3d74530, 0x0000024afefb7cd0, 0x0000024afefb8840, 0x0000024afefd17b0,
0x0000024afefd3070, 0x0000024afefd3920, 0x0000024afefd47e0, 0x0000024afefe2db0,
0x0000024afefd8cf0, 0x0000024afefd95e0, 0x0000024aff223f80, 0x0000024aff226670,
0x0000024aff26e710, 0x0000024a99c63a40, 0x0000024a99e71360, 0x0000024a996fe660,
0x0000024a999304b0, 0x0000024a99e527f0, 0x0000024a99fffe80, 0x0000024a9a009c10,
0x0000024a99138df0, 0x0000024a991392c0, 0x0000024a99138920, 0x0000024a9913aad0,
0x0000024a99139790, 0x0000024a99139c60, 0x0000024a9bbe0290, 0x0000024a9913a600,
0x0000024a99137ab0, 0x0000024a99137110, 0x0000024a991375e0, 0x0000024a99137f80,
0x0000024a99138450, 0x0000024a9cf6b220, 0x0000024a9cf6c090, 0x0000024a9cf67860,
0x0000024a9cf6b6f0, 0x0000024a9cf69ee0, 0x0000024a9cf6ad50, 0x0000024a9cf69070,
0x0000024a9cf6bbc0, 0x0000024a9cf69540, 0x0000024a9cf6ca30, 0x0000024a9cf6a880,
0x0000024a9cf68200, 0x0000024a9cf686d0, 0x0000024a9cf6d3d0, 0x0000024a9cf66520,
0x0000024a9cf66ec0, 0x0000024a9cf67390, 0x0000024a9cf67d30, 0x0000024a9e61c070,
0x0000024a9e61ff00, 0x0000024a9e61ca10, 0x0000024a9e6203d0, 0x0000024a9e61fa30,
0x0000024a9e61cee0, 0x0000024a9e61d880, 0x0000024a9e61c540, 0x0000024a9e6208a0,
0x0000024a9e621710, 0x0000024a9e61e6f0, 0x0000024a9e621be0, 0x0000024a9e622580,
0x0000024a9e622f20, 0x0000024a9e6233f0, 0x0000024a9e61d3b0, 0x0000024a9e61dd50,
0x0000024a9e61f560, 0x0000024a9e61e220, 0x0000024a9e6238c0, 0x0000024a9e61ebc0,
0x0000024a9e61f090, 0x0000024a9e620d70, 0x0000024a9e6220b0, 0x0000024a9e621240,
0x0000024a9e622a50, 0x0000024a9af51a50, 0x0000024a9af4e560, 0x0000024a9af4ef00,
0x0000024a9af54a70, 0x0000024a9af4f3d0, 0x0000024a9af523f0, 0x0000024a9af53c00,
0x0000024a9af4e090, 0x0000024a9af53260, 0x0000024a9af54f40, 0x0000024a9af50be0,
0x0000024a9af4ea30, 0x0000024a9af50710, 0x0000024a9af4f8a0, 0x0000024a9af4fd70,
0x0000024a9af52d90, 0x0000024a9af51f20, 0x0000024a9af55410, 0x0000024a9af558e0,
0x0000024a9af50240, 0x0000024a9af53730, 0x0000024a9af510b0, 0x0000024a9af540d0,
0x0000024a9af545a0, 0x0000024a9af51580, 0x0000024a9af528c0, 0x0000024a9dc34af0,
0x0000024a9dc34fc0, 0x0000024a9dc33c80, 0x0000024a9dc32470, 0x0000024a9dc337b0,
0x0000024a9dc34150, 0x0000024a9dc35960, 0x0000024a9dc35490, 0x0000024a9dc384b0,
0x0000024a9dc37b10, 0x0000024a9dc35e30, 0x0000024a9dc39320, 0x0000024a9dc36300,
0x0000024a9dc367d0, 0x0000024a9dc37fe0, 0x0000024a9dc36ca0, 0x0000024a9dc34620,
0x0000024a9dc397f0, 0x0000024a9dc31fa0, 0x0000024a9dc37170, 0x0000024a9dc37640,
0x0000024a9dc38980
}

Java Threads: ( => current thread )
  0x0000024af3d74530 JavaThread "main" [_thread_blocked, id=3856, stack(0x000000ab0b800000,0x000000ab0b900000)]
  0x0000024afefb7cd0 JavaThread "Reference Handler" daemon [_thread_blocked, id=17144, stack(0x000000ab0bf00000,0x000000ab0c000000)]
  0x0000024afefb8840 JavaThread "Finalizer" daemon [_thread_blocked, id=792, stack(0x000000ab0c000000,0x000000ab0c100000)]
  0x0000024afefd17b0 JavaThread "Signal Dispatcher" daemon [_thread_blocked, id=12248, stack(0x000000ab0c100000,0x000000ab0c200000)]
  0x0000024afefd3070 JavaThread "Attach Listener" daemon [_thread_blocked, id=14960, stack(0x000000ab0c200000,0x000000ab0c300000)]
  0x0000024afefd3920 JavaThread "Service Thread" daemon [_thread_blocked, id=10592, stack(0x000000ab0c300000,0x000000ab0c400000)]
  0x0000024afefd47e0 JavaThread "Monitor Deflation Thread" daemon [_thread_blocked, id=4224, stack(0x000000ab0c400000,0x000000ab0c500000)]
  0x0000024afefe2db0 JavaThread "C2 CompilerThread0" daemon [_thread_blocked, id=16764, stack(0x000000ab0c500000,0x000000ab0c600000)]
  0x0000024afefd8cf0 JavaThread "C1 CompilerThread0" daemon [_thread_blocked, id=13024, stack(0x000000ab0c600000,0x000000ab0c700000)]
  0x0000024afefd95e0 JavaThread "Sweeper thread" daemon [_thread_blocked, id=5188, stack(0x000000ab0c700000,0x000000ab0c800000)]
  0x0000024aff223f80 JavaThread "Common-Cleaner" daemon [_thread_blocked, id=14784, stack(0x000000ab0c800000,0x000000ab0c900000)]
  0x0000024aff226670 JavaThread "Notification Thread" daemon [_thread_blocked, id=4756, stack(0x000000ab0c900000,0x000000ab0ca00000)]
  0x0000024aff26e710 JavaThread "C2 CompilerThread1" daemon [_thread_blocked, id=12944, stack(0x000000ab0cb00000,0x000000ab0cc00000)]
  0x0000024a99c63a40 JavaThread "Daemon health stats" [_thread_blocked, id=13968, stack(0x000000ab0d100000,0x000000ab0d200000)]
  0x0000024a99e71360 JavaThread "Incoming local TCP Connector on port 60098" [_thread_in_native, id=1624, stack(0x000000ab0cf00000,0x000000ab0d000000)]
  0x0000024a996fe660 JavaThread "Daemon periodic checks" [_thread_blocked, id=592, stack(0x000000ab0d200000,0x000000ab0d300000)]
  0x0000024a999304b0 JavaThread "Daemon" [_thread_blocked, id=16984, stack(0x000000ab0d300000,0x000000ab0d400000)]
  0x0000024a99e527f0 JavaThread "Handler for socket connection from /127.0.0.1:60098 to /127.0.0.1:60099" [_thread_in_native, id=12608, stack(0x000000ab0d400000,0x000000ab0d500000)]
  0x0000024a99fffe80 JavaThread "Cancel handler" [_thread_blocked, id=4940, stack(0x000000ab0d500000,0x000000ab0d600000)]
  0x0000024a9a009c10 JavaThread "Daemon worker" [_thread_blocked, id=5720, stack(0x000000ab0d600000,0x000000ab0d700000)]
  0x0000024a99138df0 JavaThread "Asynchronous log dispatcher for DefaultDaemonConnection: socket connection from /127.0.0.1:60098 to /127.0.0.1:60099" [_thread_blocked, id=1780, stack(0x000000ab0d700000,0x000000ab0d800000)]
  0x0000024a991392c0 JavaThread "Stdin handler" [_thread_blocked, id=13792, stack(0x000000ab0d800000,0x000000ab0d900000)]
  0x0000024a99138920 JavaThread "Daemon client event forwarder" [_thread_blocked, id=2108, stack(0x000000ab0d900000,0x000000ab0da00000)]
  0x0000024a9913aad0 JavaThread "Cache worker for journal cache (C:\Program Files\Java\jre1.8.0_333\caches\journal-1)" [_thread_blocked, id=11000, stack(0x000000ab0da00000,0x000000ab0db00000)]
  0x0000024a99139790 JavaThread "File lock request listener" [_thread_in_native, id=6508, stack(0x000000ab0db00000,0x000000ab0dc00000)]
  0x0000024a99139c60 JavaThread "Cache worker for file hash cache (C:\Program Files\Java\jre1.8.0_333\caches\7.3.3\fileHashes)" [_thread_blocked, id=7252, stack(0x000000ab0dc00000,0x000000ab0dd00000)]
  0x0000024a9bbe0290 JavaThread "C2 CompilerThread2" daemon [_thread_blocked, id=6292, stack(0x000000ab0dd00000,0x000000ab0de00000)]
  0x0000024a9913a600 JavaThread "Cache worker for file hash cache (D:\BatteryManager\.gradle\7.3.3\fileHashes)" [_thread_blocked, id=12464, stack(0x000000ab0de00000,0x000000ab0df00000)]
  0x0000024a99137ab0 JavaThread "File watcher server" daemon [_thread_in_native, id=5916, stack(0x000000ab0e200000,0x000000ab0e300000)]
  0x0000024a99137110 JavaThread "File watcher consumer" daemon [_thread_blocked, id=11612, stack(0x000000ab0e300000,0x000000ab0e400000)]
  0x0000024a991375e0 JavaThread "jar transforms" [_thread_blocked, id=9256, stack(0x000000ab0e400000,0x000000ab0e500000)]
  0x0000024a99137f80 JavaThread "jar transforms Thread 2" [_thread_blocked, id=13284, stack(0x000000ab0e500000,0x000000ab0e600000)]
  0x0000024a99138450 JavaThread "jar transforms Thread 3" [_thread_blocked, id=13320, stack(0x000000ab0e600000,0x000000ab0e700000)]
  0x0000024a9cf6b220 JavaThread "jar transforms Thread 4" [_thread_blocked, id=5880, stack(0x000000ab0e700000,0x000000ab0e800000)]
  0x0000024a9cf6c090 JavaThread "jar transforms Thread 5" [_thread_blocked, id=4596, stack(0x000000ab0e800000,0x000000ab0e900000)]
  0x0000024a9cf67860 JavaThread "jar transforms Thread 6" [_thread_blocked, id=17076, stack(0x000000ab0e900000,0x000000ab0ea00000)]
  0x0000024a9cf6b6f0 JavaThread "jar transforms Thread 7" [_thread_blocked, id=13656, stack(0x000000ab0ea00000,0x000000ab0eb00000)]
  0x0000024a9cf69ee0 JavaThread "jar transforms Thread 8" [_thread_blocked, id=1528, stack(0x000000ab0eb00000,0x000000ab0ec00000)]
  0x0000024a9cf6ad50 JavaThread "Cache worker for checksums cache (D:\BatteryManager\.gradle\7.3.3\checksums)" [_thread_blocked, id=2344, stack(0x000000ab0ed00000,0x000000ab0ee00000)]
  0x0000024a9cf69070 JavaThread "Cache worker for cache directory md-supplier (C:\Program Files\Java\jre1.8.0_333\caches\7.3.3\md-supplier)" [_thread_blocked, id=14440, stack(0x000000ab0ee00000,0x000000ab0ef00000)]
  0x0000024a9cf6bbc0 JavaThread "Cache worker for cache directory md-rule (C:\Program Files\Java\jre1.8.0_333\caches\7.3.3\md-rule)" [_thread_blocked, id=1104, stack(0x000000ab0ef00000,0x000000ab0f000000)]
  0x0000024a9cf69540 JavaThread "Cache worker for execution history cache (C:\Program Files\Java\jre1.8.0_333\caches\7.3.3\executionHistory)" [_thread_blocked, id=8056, stack(0x000000ab0f000000,0x000000ab0f100000)]
  0x0000024a9cf6ca30 JavaThread "Cache worker for file content cache (C:\Program Files\Java\jre1.8.0_333\caches\7.3.3\fileContent)" [_thread_blocked, id=8608, stack(0x000000ab0f100000,0x000000ab0f200000)]
  0x0000024a9cf6a880 JavaThread "Cache worker for dependencies-accessors (D:\BatteryManager\.gradle\7.3.3\dependencies-accessors)" [_thread_blocked, id=13032, stack(0x000000ab0f200000,0x000000ab0f300000)]
  0x0000024a9cf68200 JavaThread "Cache worker for Build Output Cleanup Cache (D:\BatteryManager\.gradle\buildOutputCleanup)" [_thread_blocked, id=16492, stack(0x000000ab0f300000,0x000000ab0f400000)]
  0x0000024a9cf686d0 JavaThread "Unconstrained build operations" [_thread_blocked, id=14492, stack(0x000000ab0f400000,0x000000ab0f500000)]
  0x0000024a9cf6d3d0 JavaThread "Unconstrained build operations Thread 2" [_thread_blocked, id=4152, stack(0x000000ab0f500000,0x000000ab0f600000)]
  0x0000024a9cf66520 JavaThread "Unconstrained build operations Thread 3" [_thread_blocked, id=14780, stack(0x000000ab0f600000,0x000000ab0f700000)]
  0x0000024a9cf66ec0 JavaThread "Unconstrained build operations Thread 4" [_thread_blocked, id=1340, stack(0x000000ab0f700000,0x000000ab0f800000)]
  0x0000024a9cf67390 JavaThread "Unconstrained build operations Thread 5" [_thread_blocked, id=1372, stack(0x000000ab0f800000,0x000000ab0f900000)]
  0x0000024a9cf67d30 JavaThread "Unconstrained build operations Thread 6" [_thread_blocked, id=12888, stack(0x000000ab0f900000,0x000000ab0fa00000)]
  0x0000024a9e61c070 JavaThread "Unconstrained build operations Thread 7" [_thread_blocked, id=9396, stack(0x000000ab0fa00000,0x000000ab0fb00000)]
  0x0000024a9e61ff00 JavaThread "Unconstrained build operations Thread 8" [_thread_blocked, id=17072, stack(0x000000ab0fb00000,0x000000ab0fc00000)]
  0x0000024a9e61ca10 JavaThread "Unconstrained build operations Thread 9" [_thread_blocked, id=13336, stack(0x000000ab0fc00000,0x000000ab0fd00000)]
  0x0000024a9e6203d0 JavaThread "Unconstrained build operations Thread 10" [_thread_blocked, id=2036, stack(0x000000ab0fd00000,0x000000ab0fe00000)]
  0x0000024a9e61fa30 JavaThread "Unconstrained build operations Thread 11" [_thread_blocked, id=14520, stack(0x000000ab0fe00000,0x000000ab0ff00000)]
  0x0000024a9e61cee0 JavaThread "Unconstrained build operations Thread 12" [_thread_blocked, id=7680, stack(0x000000ab0ff00000,0x000000ab10000000)]
  0x0000024a9e61d880 JavaThread "Unconstrained build operations Thread 13" [_thread_blocked, id=13632, stack(0x000000ab10000000,0x000000ab10100000)]
  0x0000024a9e61c540 JavaThread "Unconstrained build operations Thread 14" [_thread_blocked, id=7772, stack(0x000000ab10100000,0x000000ab10200000)]
  0x0000024a9e6208a0 JavaThread "Unconstrained build operations Thread 15" [_thread_blocked, id=3828, stack(0x000000ab10200000,0x000000ab10300000)]
  0x0000024a9e621710 JavaThread "Unconstrained build operations Thread 16" [_thread_blocked, id=2380, stack(0x000000ab10300000,0x000000ab10400000)]
  0x0000024a9e61e6f0 JavaThread "Unconstrained build operations Thread 17" [_thread_blocked, id=2708, stack(0x000000ab10400000,0x000000ab10500000)]
  0x0000024a9e621be0 JavaThread "Unconstrained build operations Thread 18" [_thread_blocked, id=13628, stack(0x000000ab10500000,0x000000ab10600000)]
  0x0000024a9e622580 JavaThread "Unconstrained build operations Thread 19" [_thread_blocked, id=11640, stack(0x000000ab10600000,0x000000ab10700000)]
  0x0000024a9e622f20 JavaThread "Unconstrained build operations Thread 20" [_thread_blocked, id=11336, stack(0x000000ab10700000,0x000000ab10800000)]
  0x0000024a9e6233f0 JavaThread "Unconstrained build operations Thread 21" [_thread_blocked, id=13464, stack(0x000000ab10800000,0x000000ab10900000)]
  0x0000024a9e61d3b0 JavaThread "Unconstrained build operations Thread 22" [_thread_blocked, id=15524, stack(0x000000ab10900000,0x000000ab10a00000)]
  0x0000024a9e61dd50 JavaThread "Unconstrained build operations Thread 23" [_thread_blocked, id=15348, stack(0x000000ab10a00000,0x000000ab10b00000)]
  0x0000024a9e61f560 JavaThread "Unconstrained build operations Thread 24" [_thread_blocked, id=1936, stack(0x000000ab10b00000,0x000000ab10c00000)]
  0x0000024a9e61e220 JavaThread "Unconstrained build operations Thread 25" [_thread_blocked, id=2604, stack(0x000000ab10c00000,0x000000ab10d00000)]
  0x0000024a9e6238c0 JavaThread "Unconstrained build operations Thread 26" [_thread_blocked, id=16868, stack(0x000000ab10d00000,0x000000ab10e00000)]
  0x0000024a9e61ebc0 JavaThread "Unconstrained build operations Thread 27" [_thread_blocked, id=13428, stack(0x000000ab10e00000,0x000000ab10f00000)]
  0x0000024a9e61f090 JavaThread "Unconstrained build operations Thread 28" [_thread_blocked, id=1044, stack(0x000000ab10f00000,0x000000ab11000000)]
  0x0000024a9e620d70 JavaThread "Unconstrained build operations Thread 29" [_thread_blocked, id=15888, stack(0x000000ab11000000,0x000000ab11100000)]
  0x0000024a9e6220b0 JavaThread "Unconstrained build operations Thread 30" [_thread_blocked, id=17236, stack(0x000000ab11100000,0x000000ab11200000)]
  0x0000024a9e621240 JavaThread "Unconstrained build operations Thread 31" [_thread_blocked, id=4624, stack(0x000000ab11200000,0x000000ab11300000)]
  0x0000024a9e622a50 JavaThread "Unconstrained build operations Thread 32" [_thread_blocked, id=8256, stack(0x000000ab11300000,0x000000ab11400000)]
  0x0000024a9af51a50 JavaThread "Unconstrained build operations Thread 33" [_thread_blocked, id=7176, stack(0x000000ab11400000,0x000000ab11500000)]
  0x0000024a9af4e560 JavaThread "Unconstrained build operations Thread 34" [_thread_blocked, id=9044, stack(0x000000ab11500000,0x000000ab11600000)]
  0x0000024a9af4ef00 JavaThread "Unconstrained build operations Thread 35" [_thread_blocked, id=3088, stack(0x000000ab11600000,0x000000ab11700000)]
  0x0000024a9af54a70 JavaThread "Unconstrained build operations Thread 36" [_thread_blocked, id=9328, stack(0x000000ab11700000,0x000000ab11800000)]
  0x0000024a9af4f3d0 JavaThread "Unconstrained build operations Thread 37" [_thread_blocked, id=10000, stack(0x000000ab11800000,0x000000ab11900000)]
  0x0000024a9af523f0 JavaThread "Unconstrained build operations Thread 38" [_thread_blocked, id=11096, stack(0x000000ab11900000,0x000000ab11a00000)]
  0x0000024a9af53c00 JavaThread "Unconstrained build operations Thread 39" [_thread_blocked, id=15964, stack(0x000000ab11a00000,0x000000ab11b00000)]
  0x0000024a9af4e090 JavaThread "Unconstrained build operations Thread 40" [_thread_blocked, id=4928, stack(0x000000ab11b00000,0x000000ab11c00000)]
  0x0000024a9af53260 JavaThread "Unconstrained build operations Thread 41" [_thread_blocked, id=4984, stack(0x000000ab11c00000,0x000000ab11d00000)]
  0x0000024a9af54f40 JavaThread "Unconstrained build operations Thread 42" [_thread_blocked, id=15708, stack(0x000000ab11d00000,0x000000ab11e00000)]
  0x0000024a9af50be0 JavaThread "Unconstrained build operations Thread 43" [_thread_blocked, id=14792, stack(0x000000ab11e00000,0x000000ab11f00000)]
  0x0000024a9af4ea30 JavaThread "Unconstrained build operations Thread 44" [_thread_blocked, id=7344, stack(0x000000ab11f00000,0x000000ab12000000)]
  0x0000024a9af50710 JavaThread "Unconstrained build operations Thread 45" [_thread_blocked, id=10564, stack(0x000000ab12000000,0x000000ab12100000)]
  0x0000024a9af4f8a0 JavaThread "Unconstrained build operations Thread 46" [_thread_blocked, id=14580, stack(0x000000ab12100000,0x000000ab12200000)]
  0x0000024a9af4fd70 JavaThread "Unconstrained build operations Thread 47" [_thread_blocked, id=4612, stack(0x000000ab12200000,0x000000ab12300000)]
  0x0000024a9af52d90 JavaThread "Unconstrained build operations Thread 48" [_thread_blocked, id=13104, stack(0x000000ab12300000,0x000000ab12400000)]
  0x0000024a9af51f20 JavaThread "Unconstrained build operations Thread 49" [_thread_blocked, id=1496, stack(0x000000ab12400000,0x000000ab12500000)]
  0x0000024a9af55410 JavaThread "Unconstrained build operations Thread 50" [_thread_blocked, id=7808, stack(0x000000ab12500000,0x000000ab12600000)]
  0x0000024a9af558e0 JavaThread "Unconstrained build operations Thread 51" [_thread_blocked, id=12192, stack(0x000000ab12600000,0x000000ab12700000)]
  0x0000024a9af50240 JavaThread "Unconstrained build operations Thread 52" [_thread_blocked, id=7868, stack(0x000000ab12700000,0x000000ab12800000)]
  0x0000024a9af53730 JavaThread "Unconstrained build operations Thread 53" [_thread_blocked, id=7064, stack(0x000000ab12800000,0x000000ab12900000)]
  0x0000024a9af510b0 JavaThread "Unconstrained build operations Thread 54" [_thread_blocked, id=2932, stack(0x000000ab12900000,0x000000ab12a00000)]
  0x0000024a9af540d0 JavaThread "Unconstrained build operations Thread 55" [_thread_blocked, id=7536, stack(0x000000ab12a00000,0x000000ab12b00000)]
  0x0000024a9af545a0 JavaThread "Unconstrained build operations Thread 56" [_thread_blocked, id=11712, stack(0x000000ab12b00000,0x000000ab12c00000)]
  0x0000024a9af51580 JavaThread "Unconstrained build operations Thread 57" [_thread_blocked, id=7236, stack(0x000000ab12c00000,0x000000ab12d00000)]
  0x0000024a9af528c0 JavaThread "Unconstrained build operations Thread 58" [_thread_blocked, id=10312, stack(0x000000ab12d00000,0x000000ab12e00000)]
  0x0000024a9dc34af0 JavaThread "Unconstrained build operations Thread 59" [_thread_blocked, id=14736, stack(0x000000ab12e00000,0x000000ab12f00000)]
  0x0000024a9dc34fc0 JavaThread "Unconstrained build operations Thread 60" [_thread_blocked, id=3892, stack(0x000000ab12f00000,0x000000ab13000000)]
  0x0000024a9dc33c80 JavaThread "Unconstrained build operations Thread 61" [_thread_blocked, id=14620, stack(0x000000ab13000000,0x000000ab13100000)]
  0x0000024a9dc32470 JavaThread "Unconstrained build operations Thread 62" [_thread_blocked, id=12828, stack(0x000000ab13100000,0x000000ab13200000)]
  0x0000024a9dc337b0 JavaThread "Unconstrained build operations Thread 63" [_thread_blocked, id=12556, stack(0x000000ab13200000,0x000000ab13300000)]
  0x0000024a9dc34150 JavaThread "Unconstrained build operations Thread 64" [_thread_blocked, id=10428, stack(0x000000ab13300000,0x000000ab13400000)]
  0x0000024a9dc35960 JavaThread "Unconstrained build operations Thread 65" [_thread_blocked, id=8160, stack(0x000000ab13400000,0x000000ab13500000)]
  0x0000024a9dc35490 JavaThread "Unconstrained build operations Thread 66" [_thread_blocked, id=8560, stack(0x000000ab13500000,0x000000ab13600000)]
  0x0000024a9dc384b0 JavaThread "Unconstrained build operations Thread 67" [_thread_blocked, id=10580, stack(0x000000ab13600000,0x000000ab13700000)]
  0x0000024a9dc37b10 JavaThread "Unconstrained build operations Thread 68" [_thread_blocked, id=11372, stack(0x000000ab13700000,0x000000ab13800000)]
  0x0000024a9dc35e30 JavaThread "Unconstrained build operations Thread 69" [_thread_blocked, id=6744, stack(0x000000ab13800000,0x000000ab13900000)]
  0x0000024a9dc39320 JavaThread "Unconstrained build operations Thread 70" [_thread_blocked, id=16040, stack(0x000000ab13900000,0x000000ab13a00000)]
  0x0000024a9dc36300 JavaThread "Unconstrained build operations Thread 71" [_thread_blocked, id=8260, stack(0x000000ab13a00000,0x000000ab13b00000)]
  0x0000024a9dc367d0 JavaThread "Unconstrained build operations Thread 72" [_thread_blocked, id=17340, stack(0x000000ab13b00000,0x000000ab13c00000)]
  0x0000024a9dc37fe0 JavaThread "Unconstrained build operations Thread 73" [_thread_blocked, id=10008, stack(0x000000ab13c00000,0x000000ab13d00000)]
  0x0000024a9dc36ca0 JavaThread "Unconstrained build operations Thread 74" [_thread_blocked, id=9700, stack(0x000000ab13d00000,0x000000ab13e00000)]
  0x0000024a9dc34620 JavaThread "Unconstrained build operations Thread 75" [_thread_blocked, id=13020, stack(0x000000ab13e00000,0x000000ab13f00000)]
  0x0000024a9dc397f0 JavaThread "Unconstrained build operations Thread 76" [_thread_blocked, id=1896, stack(0x000000ab13f00000,0x000000ab14000000)]
  0x0000024a9dc31fa0 JavaThread "Unconstrained build operations Thread 77" [_thread_blocked, id=12088, stack(0x000000ab14000000,0x000000ab14100000)]
  0x0000024a9dc37170 JavaThread "Unconstrained build operations Thread 78" [_thread_blocked, id=16876, stack(0x000000ab14100000,0x000000ab14200000)]
  0x0000024a9dc37640 JavaThread "Unconstrained build operations Thread 79" [_thread_blocked, id=4368, stack(0x000000ab14200000,0x000000ab14300000)]
  0x0000024a9dc38980 JavaThread "Unconstrained build operations Thread 80" [_thread_blocked, id=16600, stack(0x000000ab14300000,0x000000ab14400000)]

Other Threads:
=>0x0000024af3dfaf30 VMThread "VM Thread" [stack: 0x000000ab0be00000,0x000000ab0bf00000] [id=15672]
  0x0000024aff227350 WatcherThread "VM Periodic Task Thread" [stack: 0x000000ab0ca00000,0x000000ab0cb00000] [id=15932]
  0x0000024af3dd8190 WorkerThread "GC Thread#0" [stack: 0x000000ab0b900000,0x000000ab0ba00000] [id=16388]
  0x0000024affae9b00 WorkerThread "GC Thread#1" [stack: 0x000000ab0cc00000,0x000000ab0cd00000] [id=6380]
  0x0000024affb6b410 WorkerThread "GC Thread#2" [stack: 0x000000ab0cd00000,0x000000ab0ce00000] [id=10108]
  0x0000024affaa6580 WorkerThread "GC Thread#3" [stack: 0x000000ab0ce00000,0x000000ab0cf00000] [id=13112]
  0x0000024a996283f0 WorkerThread "GC Thread#4" [stack: 0x000000ab0d000000,0x000000ab0d100000] [id=14716]
  0x0000024a99e99380 WorkerThread "GC Thread#5" [stack: 0x000000ab0df00000,0x000000ab0e000000] [id=7728]
  0x0000024a9bf1a460 WorkerThread "GC Thread#6" [stack: 0x000000ab0e000000,0x000000ab0e100000] [id=1720]
  0x0000024a9bf1bc00 WorkerThread "GC Thread#7" [stack: 0x000000ab0e100000,0x000000ab0e200000] [id=2204]
  0x0000024af3de9fe0 ConcurrentGCThread "G1 Main Marker" [stack: 0x000000ab0ba00000,0x000000ab0bb00000] [id=1068]
  0x0000024af3deb080 WorkerThread "G1 Conc#0" [stack: 0x000000ab0bb00000,0x000000ab0bc00000] [id=3280]
  0x0000024a9bf1b420 WorkerThread "G1 Conc#1" [stack: 0x000000ab0ec00000,0x000000ab0ed00000] [id=3100]
  0x0000024af3e3b040 ConcurrentGCThread "G1 Refine#0" [stack: 0x000000ab0bc00000,0x000000ab0bd00000] [id=12588]
  0x0000024af3e3b860 ConcurrentGCThread "G1 Service" [stack: 0x000000ab0bd00000,0x000000ab0be00000] [id=7832]

Threads with active compile tasks:
C2 CompilerThread0     4659 5900       4       java.lang.String::split (327 bytes)
C2 CompilerThread1     4659 6338   !   4       java.net.URLClassLoader::findClass (47 bytes)
C2 CompilerThread2     4659 6324       4       org.gradle.internal.reflect.MethodSet::add (50 bytes)

VM state: at safepoint (normal execution)

VM Mutex/Monitor currently owned by a thread:  ([mutex/lock_event])
[0x0000024af3d70840] Threads_lock - owner thread: 0x0000024af3dfaf30
[0x0000024af3d6eef0] Heap_lock - owner thread: 0x0000024a9a009c10

Heap address: 0x0000000080000000, size: 2048 MB, Compressed Oops mode: 32-bit

CDS archive(s) mapped at: [0x0000000800000000-0x0000000800ba0000-0x0000000800ba0000), size 12189696, SharedBaseAddress: 0x0000000800000000, ArchiveRelocationMode: 0.
Compressed class space mapped at: 0x0000000800c00000-0x0000000840c00000, reserved size: 1073741824
Narrow klass base: 0x0000000800000000, Narrow klass shift: 0, Narrow klass range: 0x100000000

GC Precious Log:
 CardTable entry size: 512
 Card Set container configuration: InlinePtr #cards 5 size 8 Array Of Cards #cards 12 size 40 Howl #buckets 4 coarsen threshold 1843 Howl Bitmap #cards 512 size 80 coarsen threshold 460 Card regions per heap region 1 cards per card region 2048
 CPUs: 8 total, 8 available
 Memory: 8023M
 Large Page Support: Disabled
 NUMA Support: Disabled
 Compressed Oops: Enabled (32-bit)
 Heap Region Size: 1M
 Heap Min Capacity: 8M
 Heap Initial Capacity: 126M
 Heap Max Capacity: 2G
 Pre-touch: Disabled
 Parallel Workers: 8
 Concurrent Workers: 2
 Concurrent Refinement Workers: 8
 Periodic GC: Disabled

Heap:
 garbage-first heap   total 129024K, used 64049K [0x0000000080000000, 0x0000000100000000)
  region size 1024K, 3 young (3072K), 3 survivors (3072K)
 Metaspace       used 43974K, committed 45504K, reserved 1114112K
  class space    used 6111K, committed 6912K, reserved 1048576K

Heap Regions: E=young(eden), S=young(survivor), O=old, HS=humongous(starts), HC=humongous(continues), CS=collection set, F=free, OA=open archive, CA=closed archive, TAMS=top-at-mark-start (previous, next)
|   0|0x0000000080000000, 0x0000000080100000, 0x0000000080100000|100%| O|  |TAMS 0x0000000080100000, 0x0000000080100000| Untracked 
|   1|0x0000000080100000, 0x0000000080200000, 0x0000000080200000|100%| O|  |TAMS 0x0000000080200000, 0x0000000080200000| Untracked 
|   2|0x0000000080200000, 0x0000000080300000, 0x0000000080300000|100%| O|  |TAMS 0x0000000080300000, 0x0000000080300000| Untracked 
|   3|0x0000000080300000, 0x0000000080400000, 0x0000000080400000|100%|HS|  |TAMS 0x0000000080400000, 0x0000000080400000| Complete 
|   4|0x0000000080400000, 0x0000000080500000, 0x0000000080500000|100%|HC|  |TAMS 0x0000000080500000, 0x0000000080500000| Complete 
|   5|0x0000000080500000, 0x0000000080600000, 0x0000000080600000|100%|HC|  |TAMS 0x0000000080600000, 0x0000000080600000| Complete 
|   6|0x0000000080600000, 0x0000000080700000, 0x0000000080700000|100%| O|  |TAMS 0x0000000080700000, 0x0000000080700000| Untracked 
|   7|0x0000000080700000, 0x0000000080800000, 0x0000000080800000|100%| O|  |TAMS 0x0000000080800000, 0x0000000080800000| Untracked 
|   8|0x0000000080800000, 0x0000000080900000, 0x0000000080900000|100%| O|  |TAMS 0x0000000080900000, 0x0000000080900000| Untracked 
|   9|0x0000000080900000, 0x0000000080a00000, 0x0000000080a00000|100%| O|  |TAMS 0x0000000080a00000, 0x0000000080a00000| Untracked 
|  10|0x0000000080a00000, 0x0000000080b00000, 0x0000000080b00000|100%|HS|  |TAMS 0x0000000080b00000, 0x0000000080b00000| Complete 
|  11|0x0000000080b00000, 0x0000000080c00000, 0x0000000080c00000|100%|HC|  |TAMS 0x0000000080c00000, 0x0000000080c00000| Complete 
|  12|0x0000000080c00000, 0x0000000080d00000, 0x0000000080d00000|100%|HS|  |TAMS 0x0000000080d00000, 0x0000000080d00000| Complete 
|  13|0x0000000080d00000, 0x0000000080e00000, 0x0000000080e00000|100%|HC|  |TAMS 0x0000000080e00000, 0x0000000080e00000| Complete 
|  14|0x0000000080e00000, 0x0000000080f00000, 0x0000000080f00000|100%|HC|  |TAMS 0x0000000080f00000, 0x0000000080f00000| Complete 
|  15|0x0000000080f00000, 0x0000000081000000, 0x0000000081000000|100%|HS|  |TAMS 0x0000000081000000, 0x0000000081000000| Complete 
|  16|0x0000000081000000, 0x0000000081100000, 0x0000000081100000|100%|HS|  |TAMS 0x0000000081100000, 0x0000000081100000| Complete 
|  17|0x0000000081100000, 0x0000000081200000, 0x0000000081200000|100%|HC|  |TAMS 0x0000000081200000, 0x0000000081200000| Complete 
|  18|0x0000000081200000, 0x0000000081300000, 0x0000000081300000|100%|HC|  |TAMS 0x0000000081300000, 0x0000000081300000| Complete 
|  19|0x0000000081300000, 0x0000000081400000, 0x0000000081400000|100%|HC|  |TAMS 0x0000000081400000, 0x0000000081400000| Complete 
|  20|0x0000000081400000, 0x0000000081500000, 0x0000000081500000|100%| O|  |TAMS 0x0000000081500000, 0x0000000081500000| Untracked 
|  21|0x0000000081500000, 0x0000000081600000, 0x0000000081600000|100%| O|  |TAMS 0x0000000081600000, 0x0000000081600000| Untracked 
|  22|0x0000000081600000, 0x0000000081700000, 0x0000000081700000|100%| O|  |TAMS 0x0000000081700000, 0x0000000081700000| Untracked 
|  23|0x0000000081700000, 0x0000000081800000, 0x0000000081800000|100%| O|  |TAMS 0x0000000081800000, 0x0000000081800000| Untracked 
|  24|0x0000000081800000, 0x0000000081900000, 0x0000000081900000|100%| O|  |TAMS 0x0000000081900000, 0x0000000081900000| Untracked 
|  25|0x0000000081900000, 0x0000000081a00000, 0x0000000081a00000|100%| O|  |TAMS 0x0000000081a00000, 0x0000000081a00000| Untracked 
|  26|0x0000000081a00000, 0x0000000081b00000, 0x0000000081b00000|100%| O|  |TAMS 0x0000000081b00000, 0x0000000081b00000| Untracked 
|  27|0x0000000081b00000, 0x0000000081c00000, 0x0000000081c00000|100%| O|  |TAMS 0x0000000081c00000, 0x0000000081c00000| Untracked 
|  28|0x0000000081c00000, 0x0000000081d00000, 0x0000000081d00000|100%|HS|  |TAMS 0x0000000081c00000, 0x0000000081d00000| Complete 
|  29|0x0000000081d00000, 0x0000000081e00000, 0x0000000081e00000|100%| O|  |TAMS 0x0000000081e00000, 0x0000000081e00000| Untracked 
|  30|0x0000000081e00000, 0x0000000081f00000, 0x0000000081f00000|100%| O|  |TAMS 0x0000000081f00000, 0x0000000081f00000| Untracked 
|  31|0x0000000081f00000, 0x0000000082000000, 0x0000000082000000|100%| O|  |TAMS 0x0000000082000000, 0x0000000082000000| Untracked 
|  32|0x0000000082000000, 0x0000000082100000, 0x0000000082100000|100%| O|  |TAMS 0x0000000082100000, 0x0000000082100000| Untracked 
|  33|0x0000000082100000, 0x0000000082200000, 0x0000000082200000|100%| O|  |TAMS 0x0000000082200000, 0x0000000082200000| Untracked 
|  34|0x0000000082200000, 0x0000000082300000, 0x0000000082300000|100%| O|  |TAMS 0x0000000082300000, 0x0000000082300000| Untracked 
|  35|0x0000000082300000, 0x0000000082400000, 0x0000000082400000|100%| O|  |TAMS 0x0000000082400000, 0x0000000082400000| Untracked 
|  36|0x0000000082400000, 0x0000000082500000, 0x0000000082500000|100%| O|  |TAMS 0x0000000082500000, 0x0000000082500000| Untracked 
|  37|0x0000000082500000, 0x0000000082600000, 0x0000000082600000|100%| O|  |TAMS 0x0000000082600000, 0x0000000082600000| Untracked 
|  38|0x0000000082600000, 0x0000000082700000, 0x0000000082700000|100%| O|  |TAMS 0x0000000082700000, 0x0000000082700000| Untracked 
|  39|0x0000000082700000, 0x0000000082800000, 0x0000000082800000|100%| O|  |TAMS 0x000000008275fe00, 0x0000000082800000| Untracked 
|  40|0x0000000082800000, 0x0000000082900000, 0x0000000082900000|100%|HS|  |TAMS 0x0000000082800000, 0x0000000082900000| Complete 
|  41|0x0000000082900000, 0x0000000082a00000, 0x0000000082a00000|100%|HC|  |TAMS 0x0000000082900000, 0x0000000082a00000| Complete 
|  42|0x0000000082a00000, 0x0000000082b00000, 0x0000000082b00000|100%|HC|  |TAMS 0x0000000082a00000, 0x0000000082b00000| Complete 
|  43|0x0000000082b00000, 0x0000000082c00000, 0x0000000082c00000|100%| O|  |TAMS 0x0000000082b00000, 0x0000000082c00000| Untracked 
|  44|0x0000000082c00000, 0x0000000082d00000, 0x0000000082d00000|100%| O|  |TAMS 0x0000000082c00000, 0x0000000082d00000| Untracked 
|  45|0x0000000082d00000, 0x0000000082e00000, 0x0000000082e00000|100%| O|  |TAMS 0x0000000082d00000, 0x0000000082e00000| Untracked 
|  46|0x0000000082e00000, 0x0000000082f00000, 0x0000000082f00000|100%| O|  |TAMS 0x0000000082e00000, 0x0000000082f00000| Untracked 
|  47|0x0000000082f00000, 0x0000000083000000, 0x0000000083000000|100%| O|  |TAMS 0x0000000082f00000, 0x0000000083000000| Untracked 
|  48|0x0000000083000000, 0x0000000083100000, 0x0000000083100000|100%| O|  |TAMS 0x0000000083000000, 0x0000000083100000| Untracked 
|  49|0x0000000083100000, 0x0000000083200000, 0x0000000083200000|100%|HS|  |TAMS 0x0000000083100000, 0x0000000083200000| Complete 
|  50|0x0000000083200000, 0x0000000083300000, 0x0000000083300000|100%|HC|  |TAMS 0x0000000083200000, 0x0000000083300000| Complete 
|  51|0x0000000083300000, 0x0000000083400000, 0x0000000083400000|100%|HC|  |TAMS 0x0000000083300000, 0x0000000083400000| Complete 
|  52|0x0000000083400000, 0x0000000083500000, 0x0000000083500000|100%|HC|  |TAMS 0x0000000083400000, 0x0000000083500000| Complete 
|  53|0x0000000083500000, 0x0000000083600000, 0x0000000083600000|100%| O|  |TAMS 0x0000000083500000, 0x0000000083600000| Untracked 
|  54|0x0000000083600000, 0x0000000083700000, 0x0000000083700000|100%| O|  |TAMS 0x0000000083600000, 0x0000000083700000| Untracked 
|  55|0x0000000083700000, 0x0000000083800000, 0x0000000083800000|100%| O|  |TAMS 0x0000000083700000, 0x0000000083800000| Untracked 
|  56|0x0000000083800000, 0x0000000083900000, 0x0000000083900000|100%| O|  |TAMS 0x0000000083800000, 0x000000008384bc00| Untracked 
|  57|0x0000000083900000, 0x0000000083a00000, 0x0000000083a00000|100%| O|  |TAMS 0x0000000083900000, 0x0000000083900000| Untracked 
|  58|0x0000000083a00000, 0x0000000083b00000, 0x0000000083b00000|100%| O|  |TAMS 0x0000000083a00000, 0x0000000083a00000| Untracked 
|  59|0x0000000083b00000, 0x0000000083c00000, 0x0000000083c00000|100%| O|  |TAMS 0x0000000083b00000, 0x0000000083b00000| Untracked 
|  60|0x0000000083c00000, 0x0000000083c5f400, 0x0000000083d00000| 37%| O|  |TAMS 0x0000000083c00000, 0x0000000083c00000| Untracked 
|  61|0x0000000083d00000, 0x0000000083d00000, 0x0000000083e00000|  0%| F|  |TAMS 0x0000000083d00000, 0x0000000083d00000| Untracked 
|  62|0x0000000083e00000, 0x0000000083e00000, 0x0000000083f00000|  0%| F|  |TAMS 0x0000000083e00000, 0x0000000083e00000| Untracked 
|  63|0x0000000083f00000, 0x0000000083f00000, 0x0000000084000000|  0%| F|  |TAMS 0x0000000083f00000, 0x0000000083f00000| Untracked 
|  64|0x0000000084000000, 0x0000000084000000, 0x0000000084100000|  0%| F|  |TAMS 0x0000000084000000, 0x0000000084000000| Untracked 
|  65|0x0000000084100000, 0x0000000084100000, 0x0000000084200000|  0%| F|  |TAMS 0x0000000084100000, 0x0000000084100000| Untracked 
|  66|0x0000000084200000, 0x0000000084200000, 0x0000000084300000|  0%| F|  |TAMS 0x0000000084200000, 0x0000000084200000| Untracked 
|  67|0x0000000084300000, 0x0000000084300000, 0x0000000084400000|  0%| F|  |TAMS 0x0000000084300000, 0x0000000084300000| Untracked 
|  68|0x0000000084400000, 0x0000000084400000, 0x0000000084500000|  0%| F|  |TAMS 0x0000000084400000, 0x0000000084400000| Untracked 
|  69|0x0000000084500000, 0x0000000084500000, 0x0000000084600000|  0%| F|  |TAMS 0x0000000084500000, 0x0000000084500000| Untracked 
|  70|0x0000000084600000, 0x0000000084600000, 0x0000000084700000|  0%| F|  |TAMS 0x0000000084600000, 0x0000000084600000| Untracked 
|  71|0x0000000084700000, 0x0000000084700000, 0x0000000084800000|  0%| F|  |TAMS 0x0000000084700000, 0x0000000084700000| Untracked 
|  72|0x0000000084800000, 0x0000000084800000, 0x0000000084900000|  0%| F|  |TAMS 0x0000000084800000, 0x0000000084800000| Untracked 
|  73|0x0000000084900000, 0x0000000084900000, 0x0000000084a00000|  0%| F|  |TAMS 0x0000000084900000, 0x0000000084900000| Untracked 
|  74|0x0000000084a00000, 0x0000000084a00000, 0x0000000084b00000|  0%| F|  |TAMS 0x0000000084a00000, 0x0000000084a00000| Untracked 
|  75|0x0000000084b00000, 0x0000000084b00000, 0x0000000084c00000|  0%| F|  |TAMS 0x0000000084b00000, 0x0000000084b00000| Untracked 
|  76|0x0000000084c00000, 0x0000000084c00000, 0x0000000084d00000|  0%| F|  |TAMS 0x0000000084c00000, 0x0000000084c00000| Untracked 
|  77|0x0000000084d00000, 0x0000000084d00000, 0x0000000084e00000|  0%| F|  |TAMS 0x0000000084d00000, 0x0000000084d00000| Untracked 
|  78|0x0000000084e00000, 0x0000000084e00000, 0x0000000084f00000|  0%| F|  |TAMS 0x0000000084e00000, 0x0000000084e00000| Untracked 
|  79|0x0000000084f00000, 0x0000000084f00000, 0x0000000085000000|  0%| F|  |TAMS 0x0000000084f00000, 0x0000000084f00000| Untracked 
|  80|0x0000000085000000, 0x0000000085000000, 0x0000000085100000|  0%| F|  |TAMS 0x0000000085000000, 0x0000000085000000| Untracked 
|  81|0x0000000085100000, 0x0000000085100000, 0x0000000085200000|  0%| F|  |TAMS 0x0000000085100000, 0x0000000085100000| Untracked 
|  82|0x0000000085200000, 0x0000000085200000, 0x0000000085300000|  0%| F|  |TAMS 0x0000000085200000, 0x0000000085200000| Untracked 
|  83|0x0000000085300000, 0x0000000085300000, 0x0000000085400000|  0%| F|  |TAMS 0x0000000085300000, 0x0000000085300000| Untracked 
|  84|0x0000000085400000, 0x0000000085400000, 0x0000000085500000|  0%| F|  |TAMS 0x0000000085400000, 0x0000000085400000| Untracked 
|  85|0x0000000085500000, 0x0000000085500000, 0x0000000085600000|  0%| F|  |TAMS 0x0000000085500000, 0x0000000085500000| Untracked 
|  86|0x0000000085600000, 0x0000000085600000, 0x0000000085700000|  0%| F|  |TAMS 0x0000000085600000, 0x0000000085600000| Untracked 
|  87|0x0000000085700000, 0x0000000085700000, 0x0000000085800000|  0%| F|  |TAMS 0x0000000085700000, 0x0000000085700000| Untracked 
|  88|0x0000000085800000, 0x000000008582d0e0, 0x0000000085900000| 17%| S|CS|TAMS 0x0000000085800000, 0x0000000085800000| Complete 
|  89|0x0000000085900000, 0x0000000085a00000, 0x0000000085a00000|100%| S|CS|TAMS 0x0000000085900000, 0x0000000085900000| Complete 
|  90|0x0000000085a00000, 0x0000000085b00000, 0x0000000085b00000|100%| S|CS|TAMS 0x0000000085a00000, 0x0000000085a00000| Complete 
|  91|0x0000000085b00000, 0x0000000085b00000, 0x0000000085c00000|  0%| F|  |TAMS 0x0000000085b00000, 0x0000000085b00000| Untracked 
|  92|0x0000000085c00000, 0x0000000085c00000, 0x0000000085d00000|  0%| F|  |TAMS 0x0000000085c00000, 0x0000000085c00000| Untracked 
|  93|0x0000000085d00000, 0x0000000085d00000, 0x0000000085e00000|  0%| F|  |TAMS 0x0000000085d00000, 0x0000000085d00000| Untracked 
|  94|0x0000000085e00000, 0x0000000085e00000, 0x0000000085f00000|  0%| F|  |TAMS 0x0000000085e00000, 0x0000000085e00000| Untracked 
|  95|0x0000000085f00000, 0x0000000085f00000, 0x0000000086000000|  0%| F|  |TAMS 0x0000000085f00000, 0x0000000085f00000| Untracked 
|  96|0x0000000086000000, 0x0000000086000000, 0x0000000086100000|  0%| F|  |TAMS 0x0000000086000000, 0x0000000086000000| Untracked 
|  97|0x0000000086100000, 0x0000000086100000, 0x0000000086200000|  0%| F|  |TAMS 0x0000000086100000, 0x0000000086100000| Untracked 
|  98|0x0000000086200000, 0x0000000086200000, 0x0000000086300000|  0%| F|  |TAMS 0x0000000086200000, 0x0000000086200000| Untracked 
|  99|0x0000000086300000, 0x0000000086300000, 0x0000000086400000|  0%| F|  |TAMS 0x0000000086300000, 0x0000000086300000| Untracked 
| 100|0x0000000086400000, 0x0000000086400000, 0x0000000086500000|  0%| F|  |TAMS 0x0000000086400000, 0x0000000086400000| Untracked 
| 101|0x0000000086500000, 0x0000000086500000, 0x0000000086600000|  0%| F|  |TAMS 0x0000000086500000, 0x0000000086500000| Untracked 
| 102|0x0000000086600000, 0x0000000086600000, 0x0000000086700000|  0%| F|  |TAMS 0x0000000086600000, 0x0000000086600000| Untracked 
| 103|0x0000000086700000, 0x0000000086700000, 0x0000000086800000|  0%| F|  |TAMS 0x0000000086700000, 0x0000000086700000| Untracked 
| 104|0x0000000086800000, 0x0000000086800000, 0x0000000086900000|  0%| F|  |TAMS 0x0000000086800000, 0x0000000086800000| Untracked 
| 105|0x0000000086900000, 0x0000000086900000, 0x0000000086a00000|  0%| F|  |TAMS 0x0000000086900000, 0x0000000086900000| Untracked 
| 106|0x0000000086a00000, 0x0000000086a00000, 0x0000000086b00000|  0%| F|  |TAMS 0x0000000086a00000, 0x0000000086a00000| Untracked 
| 107|0x0000000086b00000, 0x0000000086b00000, 0x0000000086c00000|  0%| F|  |TAMS 0x0000000086b00000, 0x0000000086b00000| Untracked 
| 108|0x0000000086c00000, 0x0000000086c00000, 0x0000000086d00000|  0%| F|  |TAMS 0x0000000086c00000, 0x0000000086c00000| Untracked 
| 109|0x0000000086d00000, 0x0000000086d00000, 0x0000000086e00000|  0%| F|  |TAMS 0x0000000086d00000, 0x0000000086d00000| Untracked 
| 110|0x0000000086e00000, 0x0000000086e00000, 0x0000000086f00000|  0%| F|  |TAMS 0x0000000086e00000, 0x0000000086e00000| Untracked 
| 111|0x0000000086f00000, 0x0000000086f00000, 0x0000000087000000|  0%| F|  |TAMS 0x0000000086f00000, 0x0000000086f00000| Untracked 
| 112|0x0000000087000000, 0x0000000087000000, 0x0000000087100000|  0%| F|  |TAMS 0x0000000087000000, 0x0000000087000000| Untracked 
| 113|0x0000000087100000, 0x0000000087100000, 0x0000000087200000|  0%| F|  |TAMS 0x0000000087100000, 0x0000000087100000| Untracked 
| 114|0x0000000087200000, 0x0000000087200000, 0x0000000087300000|  0%| F|  |TAMS 0x0000000087200000, 0x0000000087200000| Untracked 
| 115|0x0000000087300000, 0x0000000087300000, 0x0000000087400000|  0%| F|  |TAMS 0x0000000087300000, 0x0000000087300000| Untracked 
| 116|0x0000000087400000, 0x0000000087400000, 0x0000000087500000|  0%| F|  |TAMS 0x0000000087400000, 0x0000000087400000| Untracked 
| 117|0x0000000087500000, 0x0000000087500000, 0x0000000087600000|  0%| F|  |TAMS 0x0000000087500000, 0x0000000087500000| Untracked 
| 118|0x0000000087600000, 0x0000000087600000, 0x0000000087700000|  0%| F|  |TAMS 0x0000000087600000, 0x0000000087600000| Untracked 
| 119|0x0000000087700000, 0x0000000087700000, 0x0000000087800000|  0%| F|  |TAMS 0x0000000087700000, 0x0000000087700000| Untracked 
| 120|0x0000000087800000, 0x0000000087800000, 0x0000000087900000|  0%| F|  |TAMS 0x0000000087800000, 0x0000000087800000| Untracked 
| 121|0x0000000087900000, 0x0000000087900000, 0x0000000087a00000|  0%| F|  |TAMS 0x0000000087900000, 0x0000000087900000| Untracked 
| 122|0x0000000087a00000, 0x0000000087a00000, 0x0000000087b00000|  0%| F|  |TAMS 0x0000000087a00000, 0x0000000087a00000| Untracked 
| 123|0x0000000087b00000, 0x0000000087b00000, 0x0000000087c00000|  0%| F|  |TAMS 0x0000000087b00000, 0x0000000087b00000| Untracked 
| 124|0x0000000087c00000, 0x0000000087c00000, 0x0000000087d00000|  0%| F|  |TAMS 0x0000000087c00000, 0x0000000087c00000| Untracked 
| 125|0x0000000087d00000, 0x0000000087d00000, 0x0000000087e00000|  0%| F|  |TAMS 0x0000000087d00000, 0x0000000087d00000| Untracked 

Card table byte_map: [0x0000024afdd40000,0x0000024afe140000] _byte_map_base: 0x0000024afd940000

Marking Bits (Prev, Next): (CMBitMap*) 0x0000024af3dd96b0, (CMBitMap*) 0x0000024af3dd96f0
 Prev Bits: [0x0000024a8f000000, 0x0000024a91000000)
 Next Bits: [0x0000024a91000000, 0x0000024a93000000)

Polling page: 0x0000024af3b60000

Metaspace:

Usage:
  Non-class:     36.97 MB used.
      Class:      5.97 MB used.
       Both:     42.94 MB used.

Virtual space:
  Non-class space:       64.00 MB reserved,      37.69 MB ( 59%) committed,  1 nodes.
      Class space:        1.00 GB reserved,       6.75 MB ( <1%) committed,  1 nodes.
             Both:        1.06 GB reserved,      44.44 MB (  4%) committed. 

Chunk freelists:
   Non-Class:  2.34 MB
       Class:  1.28 MB
        Both:  3.63 MB

MaxMetaspaceSize: unlimited
CompressedClassSpaceSize: 1.00 GB
Initial GC threshold: 21.00 MB
Current GC threshold: 59.00 MB
CDS: on
MetaspaceReclaimPolicy: balanced
 - commit_granule_bytes: 65536.
 - commit_granule_words: 8192.
 - virtual_space_node_default_size: 8388608.
 - enlarge_chunks_in_place: 1.
 - new_chunks_are_fully_committed: 0.
 - uncommit_free_chunks: 1.
 - use_allocation_guard: 0.


Internal statistics:

num_allocs_failed_limit: 6.
num_arena_births: 2606.
num_arena_deaths: 0.
num_vsnodes_births: 2.
num_vsnodes_deaths: 0.
num_space_committed: 711.
num_space_uncommitted: 0.
num_chunks_returned_to_freelist: 6.
num_chunks_taken_from_freelist: 4702.
num_chunk_merges: 6.
num_chunk_splits: 3037.
num_chunks_enlarged: 1817.
num_inconsistent_stats: 0.

CodeHeap 'non-profiled nmethods': size=120000Kb used=2684Kb max_used=2769Kb free=117315Kb
 bounds [0x0000024a87ad0000, 0x0000024a87d90000, 0x0000024a8f000000]
CodeHeap 'profiled nmethods': size=120000Kb used=10300Kb max_used=10300Kb free=109699Kb
 bounds [0x0000024a805a0000, 0x0000024a80fc0000, 0x0000024a87ad0000]
CodeHeap 'non-nmethods': size=5760Kb used=2322Kb max_used=2366Kb free=3438Kb
 bounds [0x0000024a80000000, 0x0000024a80270000, 0x0000024a805a0000]
 total_blobs=6368 nmethods=5543 adapters=737
 compilation: enabled
              stopped_count=0, restarted_count=0
 full_count=0

Compilation events (20 events):
Event: 4.614 Thread 0x0000024aff26e710 nmethod 6326 0x0000024a87c33190 code [0x0000024a87c33340, 0x0000024a87c33568]
Event: 4.615 Thread 0x0000024afefd8cf0 6328       3       groovy.lang.MetaClassImpl::applyStrayPropertyMethods (288 bytes)
Event: 4.616 Thread 0x0000024afefd8cf0 nmethod 6328 0x0000024a80fa9f10 code [0x0000024a80faa3c0, 0x0000024a80face38]
Event: 4.619 Thread 0x0000024afefd8cf0 6330       3       java.lang.reflect.ProxyGenerator$ProxyMethod::codeUnwrapReturnValue (172 bytes)
Event: 4.619 Thread 0x0000024aff26e710 6331       4       jdk.internal.org.objectweb.asm.MethodWriter::visitTypeInsn (116 bytes)
Event: 4.620 Thread 0x0000024afefd8cf0 nmethod 6330 0x0000024a80fadd90 code [0x0000024a80fae040, 0x0000024a80faef78]
Event: 4.622 Thread 0x0000024aff26e710 nmethod 6331 0x0000024a87c32610 code [0x0000024a87c327c0, 0x0000024a87c32b28]
Event: 4.622 Thread 0x0000024aff26e710 6332   !   4       java.util.concurrent.ConcurrentHashMap::replaceNode (437 bytes)
Event: 4.623 Thread 0x0000024afefd8cf0 6333       3       org.objectweb.asm.ByteVector::enlarge (51 bytes)
Event: 4.624 Thread 0x0000024afefd8cf0 nmethod 6333 0x0000024a80faf310 code [0x0000024a80faf4c0, 0x0000024a80faf7e8]
Event: 4.624 Thread 0x0000024afefd8cf0 6334       3       org.gradle.internal.instantiation.generator.AsmBackedClassGenerator$ClassBuilderImpl$$Lambda$145/0x0000000800e8a6c0::transform (8 bytes)
Event: 4.624 Thread 0x0000024afefd8cf0 nmethod 6334 0x0000024a80faf910 code [0x0000024a80fafac0, 0x0000024a80fafce8]
Event: 4.624 Thread 0x0000024afefd8cf0 6335       1       org.gradle.internal.instantiation.generator.AbstractClassGenerator$PropertyMetadata::access$1300 (5 bytes)
Event: 4.624 Thread 0x0000024afefd8cf0 nmethod 6335 0x0000024a87c32310 code [0x0000024a87c324a0, 0x0000024a87c32558]
Event: 4.630 Thread 0x0000024aff26e710 nmethod 6332 0x0000024a87c31310 code [0x0000024a87c314c0, 0x0000024a87c31e88]
Event: 4.630 Thread 0x0000024aff26e710 6336       4       java.util.LinkedHashMap::get (29 bytes)
Event: 4.631 Thread 0x0000024afefd8cf0 6337       3       com.google.common.collect.ImmutableSet$RegularSetBuilderImpl::ensureTableCapacity (62 bytes)
Event: 4.631 Thread 0x0000024afefd8cf0 nmethod 6337 0x0000024a80fafd90 code [0x0000024a80faff80, 0x0000024a80fb02f8]
Event: 4.634 Thread 0x0000024aff26e710 nmethod 6336 0x0000024a87c30b90 code [0x0000024a87c30d20, 0x0000024a87c31078]
Event: 4.634 Thread 0x0000024aff26e710 6338   !   4       java.net.URLClassLoader::findClass (47 bytes)

GC Heap History (19 events):
Event: 0.450 GC heap before
{Heap before GC invocations=0 (full 0):
 garbage-first heap   total 129024K, used 28672K [0x0000000080000000, 0x0000000100000000)
  region size 1024K, 23 young (23552K), 0 survivors (0K)
 Metaspace       used 3011K, committed 3200K, reserved 1114112K
  class space    used 373K, committed 448K, reserved 1048576K
}
Event: 0.453 GC heap after
{Heap after GC invocations=1 (full 0):
 garbage-first heap   total 129024K, used 8917K [0x0000000080000000, 0x0000000100000000)
  region size 1024K, 3 young (3072K), 3 survivors (3072K)
 Metaspace       used 3011K, committed 3200K, reserved 1114112K
  class space    used 373K, committed 448K, reserved 1048576K
}
Event: 0.689 GC heap before
{Heap before GC invocations=1 (full 0):
 garbage-first heap   total 129024K, used 39637K [0x0000000080000000, 0x0000000100000000)
  region size 1024K, 32 young (32768K), 3 survivors (3072K)
 Metaspace       used 3949K, committed 4160K, reserved 1114112K
  class space    used 473K, committed 576K, reserved 1048576K
}
Event: 0.694 GC heap after
{Heap after GC invocations=2 (full 0):
 garbage-first heap   total 129024K, used 13101K [0x0000000080000000, 0x0000000100000000)
  region size 1024K, 4 young (4096K), 4 survivors (4096K)
 Metaspace       used 3949K, committed 4160K, reserved 1114112K
  class space    used 473K, committed 576K, reserved 1048576K
}
Event: 1.907 GC heap before
{Heap before GC invocations=2 (full 0):
 garbage-first heap   total 129024K, used 81709K [0x0000000080000000, 0x0000000100000000)
  region size 1024K, 71 young (72704K), 4 survivors (4096K)
 Metaspace       used 17466K, committed 18048K, reserved 1114112K
  class space    used 2486K, committed 2752K, reserved 1048576K
}
Event: 1.914 GC heap after
{Heap after GC invocations=3 (full 0):
 garbage-first heap   total 129024K, used 19456K [0x0000000080000000, 0x0000000100000000)
  region size 1024K, 9 young (9216K), 9 survivors (9216K)
 Metaspace       used 17466K, committed 18048K, reserved 1114112K
  class space    used 2486K, committed 2752K, reserved 1048576K
}
Event: 2.333 GC heap before
{Heap before GC invocations=3 (full 0):
 garbage-first heap   total 129024K, used 55296K [0x0000000080000000, 0x0000000100000000)
  region size 1024K, 36 young (36864K), 9 survivors (9216K)
 Metaspace       used 20727K, committed 21504K, reserved 1114112K
  class space    used 3040K, committed 3456K, reserved 1048576K
}
Event: 2.341 GC heap after
{Heap after GC invocations=4 (full 0):
 garbage-first heap   total 129024K, used 34978K [0x0000000080000000, 0x0000000100000000)
  region size 1024K, 6 young (6144K), 6 survivors (6144K)
 Metaspace       used 20727K, committed 21504K, reserved 1114112K
  class space    used 3040K, committed 3456K, reserved 1048576K
}
Event: 3.007 GC heap before
{Heap before GC invocations=5 (full 0):
 garbage-first heap   total 122880K, used 93346K [0x0000000080000000, 0x0000000100000000)
  region size 1024K, 63 young (64512K), 6 survivors (6144K)
 Metaspace       used 31311K, committed 32448K, reserved 1114112K
  class space    used 4463K, committed 5056K, reserved 1048576K
}
Event: 3.011 GC heap after
{Heap after GC invocations=6 (full 0):
 garbage-first heap   total 122880K, used 39534K [0x0000000080000000, 0x0000000100000000)
  region size 1024K, 5 young (5120K), 5 survivors (5120K)
 Metaspace       used 31311K, committed 32448K, reserved 1114112K
  class space    used 4463K, committed 5056K, reserved 1048576K
}
Event: 3.016 GC heap before
{Heap before GC invocations=6 (full 0):
 garbage-first heap   total 122880K, used 40558K [0x0000000080000000, 0x0000000100000000)
  region size 1024K, 6 young (6144K), 5 survivors (5120K)
 Metaspace       used 31322K, committed 32448K, reserved 1114112K
  class space    used 4463K, committed 5056K, reserved 1048576K
}
Event: 3.020 GC heap after
{Heap after GC invocations=7 (full 0):
 garbage-first heap   total 122880K, used 40319K [0x0000000080000000, 0x0000000100000000)
  region size 1024K, 1 young (1024K), 1 survivors (1024K)
 Metaspace       used 31322K, committed 32448K, reserved 1114112K
  class space    used 4463K, committed 5056K, reserved 1048576K
}
Event: 3.396 GC heap before
{Heap before GC invocations=7 (full 0):
 garbage-first heap   total 122880K, used 81279K [0x0000000080000000, 0x0000000100000000)
  region size 1024K, 40 young (40960K), 1 survivors (1024K)
 Metaspace       used 34755K, committed 35968K, reserved 1114112K
  class space    used 4833K, committed 5504K, reserved 1048576K
}
Event: 3.399 GC heap after
{Heap after GC invocations=8 (full 0):
 garbage-first heap   total 122880K, used 44308K [0x0000000080000000, 0x0000000100000000)
  region size 1024K, 5 young (5120K), 5 survivors (5120K)
 Metaspace       used 34755K, committed 35968K, reserved 1114112K
  class space    used 4833K, committed 5504K, reserved 1048576K
}
Event: 3.853 GC heap before
{Heap before GC invocations=9 (full 0):
 garbage-first heap   total 122880K, used 94484K [0x0000000080000000, 0x0000000100000000)
  region size 1024K, 50 young (51200K), 5 survivors (5120K)
 Metaspace       used 38842K, committed 40192K, reserved 1114112K
  class space    used 5331K, committed 6016K, reserved 1048576K
}
Event: 3.858 GC heap after
{Heap after GC invocations=10 (full 0):
 garbage-first heap   total 122880K, used 53574K [0x0000000080000000, 0x0000000100000000)
  region size 1024K, 5 young (5120K), 5 survivors (5120K)
 Metaspace       used 38842K, committed 40192K, reserved 1114112K
  class space    used 5331K, committed 6016K, reserved 1048576K
}
Event: 4.305 GC heap before
{Heap before GC invocations=10 (full 0):
 garbage-first heap   total 122880K, used 98630K [0x0000000080000000, 0x0000000100000000)
  region size 1024K, 45 young (46080K), 5 survivors (5120K)
 Metaspace       used 43058K, committed 44544K, reserved 1114112K
  class space    used 6009K, committed 6784K, reserved 1048576K
}
Event: 4.310 GC heap after
{Heap after GC invocations=11 (full 0):
 garbage-first heap   total 122880K, used 62126K [0x0000000080000000, 0x0000000100000000)
  region size 1024K, 5 young (5120K), 5 survivors (5120K)
 Metaspace       used 43058K, committed 44544K, reserved 1114112K
  class space    used 6009K, committed 6784K, reserved 1048576K
}
Event: 4.635 GC heap before
{Heap before GC invocations=11 (full 0):
 garbage-first heap   total 122880K, used 90798K [0x0000000080000000, 0x0000000100000000)
  region size 1024K, 34 young (34816K), 5 survivors (5120K)
 Metaspace       used 43974K, committed 45504K, reserved 1114112K
  class space    used 6111K, committed 6912K, reserved 1048576K
}

Deoptimization events (20 events):
Event: 4.459 Thread 0x0000024a9e61ca10 DEOPT PACKING pc=0x0000024a87b537cc sp=0x000000ab0fcfd430
Event: 4.459 Thread 0x0000024a9e61ca10 DEOPT UNPACKING pc=0x0000024a800523a3 sp=0x000000ab0fcfd3c8 mode 2
Event: 4.501 Thread 0x0000024a9a009c10 Uncommon trap: trap_request=0xffffff45 fr.pc=0x0000024a87d4a5e4 relative=0x0000000000000404
Event: 4.501 Thread 0x0000024a9a009c10 Uncommon trap: reason=unstable_if action=reinterpret pc=0x0000024a87d4a5e4 method=org.gradle.internal.snapshot.PathUtil.equalChars(CCLorg/gradle/internal/snapshot/CaseSensitivity;)Z @ 40 c2
Event: 4.501 Thread 0x0000024a9a009c10 DEOPT PACKING pc=0x0000024a87d4a5e4 sp=0x000000ab0d6f89f0
Event: 4.501 Thread 0x0000024a9a009c10 DEOPT UNPACKING pc=0x0000024a800523a3 sp=0x000000ab0d6f8980 mode 2
Event: 4.504 Thread 0x0000024a99139c60 DEOPT PACKING pc=0x0000024a80bf14c3 sp=0x000000ab0dcfe690
Event: 4.504 Thread 0x0000024a99139c60 DEOPT UNPACKING pc=0x0000024a80052b43 sp=0x000000ab0dcfdb18 mode 0
Event: 4.545 Thread 0x0000024a9cf6c090 DEOPT PACKING pc=0x0000024a80cb387e sp=0x000000ab0e8fe3a0
Event: 4.545 Thread 0x0000024a9cf6c090 DEOPT UNPACKING pc=0x0000024a80052b43 sp=0x000000ab0e8fd900 mode 0
Event: 4.547 Thread 0x0000024a9cf69ee0 DEOPT PACKING pc=0x0000024a80cb387e sp=0x000000ab0ebfe5a0
Event: 4.547 Thread 0x0000024a9cf69ee0 DEOPT UNPACKING pc=0x0000024a80052b43 sp=0x000000ab0ebfdb00 mode 0
Event: 4.600 Thread 0x0000024a9a009c10 DEOPT PACKING pc=0x0000024a80e41959 sp=0x000000ab0d6f9500
Event: 4.600 Thread 0x0000024a9a009c10 DEOPT UNPACKING pc=0x0000024a80052b43 sp=0x000000ab0d6f8a38 mode 0
Event: 4.600 Thread 0x0000024a9a009c10 DEOPT PACKING pc=0x0000024a80aaaad6 sp=0x000000ab0d6f94b0
Event: 4.600 Thread 0x0000024a9a009c10 DEOPT UNPACKING pc=0x0000024a80052b43 sp=0x000000ab0d6f8998 mode 0
Event: 4.603 Thread 0x0000024a9a009c10 DEOPT PACKING pc=0x0000024a80e41959 sp=0x000000ab0d6f9500
Event: 4.603 Thread 0x0000024a9a009c10 DEOPT UNPACKING pc=0x0000024a80052b43 sp=0x000000ab0d6f8a38 mode 0
Event: 4.603 Thread 0x0000024a9a009c10 DEOPT PACKING pc=0x0000024a80aaaad6 sp=0x000000ab0d6f94b0
Event: 4.603 Thread 0x0000024a9a009c10 DEOPT UNPACKING pc=0x0000024a80052b43 sp=0x000000ab0d6f8998 mode 0

Classes loaded (20 events):
Event: 4.163 Loading class javax/net/ssl/TrustManager
Event: 4.163 Loading class javax/net/ssl/TrustManager done
Event: 4.163 Loading class javax/net/ssl/X509TrustManager
Event: 4.163 Loading class javax/net/ssl/X509TrustManager done
Event: 4.165 Loading class javax/net/ssl/SSLException
Event: 4.165 Loading class javax/net/ssl/SSLException done
Event: 4.165 Loading class javax/net/ssl/SSLPeerUnverifiedException
Event: 4.165 Loading class javax/net/ssl/SSLPeerUnverifiedException done
Event: 4.165 Loading class java/security/cert/CertificateParsingException
Event: 4.165 Loading class java/security/cert/CertificateException
Event: 4.165 Loading class java/security/cert/CertificateException done
Event: 4.165 Loading class java/security/cert/CertificateParsingException done
Event: 4.165 Loading class javax/naming/NamingException
Event: 4.165 Loading class javax/naming/NamingException done
Event: 4.165 Loading class javax/naming/InvalidNameException
Event: 4.165 Loading class javax/naming/InvalidNameException done
Event: 4.224 Loading class java/util/Collections$2
Event: 4.224 Loading class java/util/Collections$2 done
Event: 4.413 Loading class java/util/LinkedList$LLSpliterator
Event: 4.413 Loading class java/util/LinkedList$LLSpliterator done

Classes unloaded (0 events):
No events

Classes redefined (0 events):
No events

Internal exceptions (20 events):
Event: 4.043 Thread 0x0000024a9a009c10 Exception <a 'java/lang/NoSuchMethodError'{0x000000008637afc8}: 'java.lang.Object java.lang.invoke.DirectMethodHandle$Holder.invokeSpecial(java.lang.Object, java.lang.Object, java.lang.Object, java.lang.Object, java.lang.Object, java.lang.Object, java.lang.Object, java.lang.Object, java.lang.Object, java.lang.Object, java.lang.Object, java.lang.Object, java.lang.Object, java.lang.Object, java.lang.Object, java.lang.Object, java.lang.Object, java.lang.Object, java.lang.Object, java.lang.Object)'> (0x0000000
Event: 4.043 Thread 0x0000024a9a009c10 Exception <a 'java/lang/NoSuchMethodError'{0x00000000863814a0}: 'java.lang.Object java.lang.invoke.Invokers$Holder.invoker(java.lang.Object, java.lang.Object, java.lang.Object, java.lang.Object, java.lang.Object, java.lang.Object, java.lang.Object, java.lang.Object, java.lang.Object, java.lang.Object, java.lang.Object, java.lang.Object, java.lang.Object, java.lang.Object, java.lang.Object, java.lang.Object, java.lang.Object, java.lang.Object, java.lang.Object, java.lang.Object)'> (0x00000000863814a0) 
thro
Event: 4.043 Thread 0x0000024a9a009c10 Exception <a 'java/lang/NoSuchMethodError'{0x000000008639d200}: 'java.lang.Object java.lang.invoke.DelegatingMethodHandle$Holder.delegate(java.lang.Object, java.lang.Object, java.lang.Object, java.lang.Object, java.lang.Object, java.lang.Object, java.lang.Object, java.lang.Object, java.lang.Object, java.lang.Object, java.lang.Object, java.lang.Object, java.lang.Object, java.lang.Object, java.lang.Object, java.lang.Object, java.lang.Object, java.lang.Object, java.lang.Object, java.lang.Object)'> (0x00000000
Event: 4.121 Thread 0x0000024a9a009c10 Exception <a 'java/lang/ClassNotFoundException'{0x0000000085d7da68}: build_aumft0aipb45clacliag1tp2gBeanInfo> (0x0000000085d7da68) 
thrown [s\open\src\hotspot\share\classfile\systemDictionary.cpp, line 255]
Event: 4.121 Thread 0x0000024a9a009c10 Exception <a 'java/lang/ClassNotFoundException'{0x0000000085d97200}: org/gradle/api/internal/project/ProjectScriptBeanInfo> (0x0000000085d97200) 
thrown [s\open\src\hotspot\share\classfile\systemDictionary.cpp, line 255]
Event: 4.122 Thread 0x0000024a9a009c10 Exception <a 'java/lang/ClassNotFoundException'{0x0000000085da0010}: org/gradle/api/internal/project/ProjectScriptCustomizer> (0x0000000085da0010) 
thrown [s\open\src\hotspot\share\classfile\systemDictionary.cpp, line 255]
Event: 4.123 Thread 0x0000024a9a009c10 Exception <a 'java/lang/ClassNotFoundException'{0x0000000085db7058}: build_aumft0aipb45clacliag1tp2gCustomizer> (0x0000000085db7058) 
thrown [s\open\src\hotspot\share\classfile\systemDictionary.cpp, line 255]
Event: 4.126 Thread 0x0000024a9a009c10 Exception <a 'java/lang/NoSuchMethodError'{0x0000000085deceb8}: 'java.lang.Object java.lang.invoke.DirectMethodHandle$Holder.invokeVirtual(java.lang.Object, java.lang.Object, java.lang.Object, java.lang.Object, java.lang.Object, java.lang.Object, java.lang.Object, java.lang.Object, java.lang.Object, java.lang.Object, java.lang.Object, java.lang.Object, java.lang.Object, java.lang.Object, java.lang.Object, java.lang.Object)'> (0x0000000085deceb8) 
thrown [s\open\src\hotspot\share\interpreter\linkResolver.cp
Event: 4.126 Thread 0x0000024a9a009c10 Exception <a 'java/lang/NoSuchMethodError'{0x0000000085df2ea0}: 'java.lang.Object java.lang.invoke.DirectMethodHandle$Holder.invokeSpecial(java.lang.Object, java.lang.Object, java.lang.Object, java.lang.Object, java.lang.Object, java.lang.Object, java.lang.Object, java.lang.Object, java.lang.Object, java.lang.Object, java.lang.Object, java.lang.Object, java.lang.Object, java.lang.Object, java.lang.Object, java.lang.Object, java.lang.Object)'> (0x0000000085df2ea0) 
thrown [s\open\src\hotspot\share\interpret
Event: 4.135 Thread 0x0000024a9a009c10 Exception <a 'java/lang/ClassNotFoundException'{0x0000000085c91648}: org/gradle/plugin/use/internal/PluginRequestCollector$PluginDependenciesSpecImplBeanInfo> (0x0000000085c91648) 
thrown [s\open\src\hotspot\share\classfile\systemDictionary.cpp, line 255]
Event: 4.135 Thread 0x0000024a9a009c10 Exception <a 'java/lang/ClassNotFoundException'{0x0000000085c9fcb0}: org/gradle/plugin/use/internal/PluginRequestCollector$PluginDependenciesSpecImplCustomizer> (0x0000000085c9fcb0) 
thrown [s\open\src\hotspot\share\classfile\systemDictionary.cpp, line 255]
Event: 4.136 Thread 0x0000024a9a009c10 Exception <a 'java/lang/NoSuchMethodError'{0x0000000085cae5f8}: 'java.lang.Object java.lang.invoke.DirectMethodHandle$Holder.invokeVirtual(java.lang.Object, java.lang.Object, java.lang.Object, int)'> (0x0000000085cae5f8) 
thrown [s\open\src\hotspot\share\interpreter\linkResolver.cpp, line 766]
Event: 4.139 Thread 0x0000024a9a009c10 Exception <a 'java/lang/ClassNotFoundException'{0x0000000085ce4b78}: org/gradle/plugin/use/internal/PluginRequestCollector$PluginDependencySpecImplBeanInfo> (0x0000000085ce4b78) 
thrown [s\open\src\hotspot\share\classfile\systemDictionary.cpp, line 255]
Event: 4.140 Thread 0x0000024a9a009c10 Exception <a 'java/lang/ClassNotFoundException'{0x0000000085cf3190}: org/gradle/plugin/use/internal/PluginRequestCollector$PluginDependencySpecImplCustomizer> (0x0000000085cf3190) 
thrown [s\open\src\hotspot\share\classfile\systemDictionary.cpp, line 255]
Event: 4.242 Thread 0x0000024a9a009c10 Exception <a 'java/lang/NoSuchMethodError'{0x0000000085316030}: 'void java.lang.invoke.DirectMethodHandle$Holder.invokeStatic(java.lang.Object, java.lang.Object, java.lang.Object, int, java.lang.Object)'> (0x0000000085316030) 
thrown [s\open\src\hotspot\share\interpreter\linkResolver.cpp, line 766]
Event: 4.379 Thread 0x0000024a9a009c10 Exception <a 'java/lang/NoSuchMethodError'{0x000000008730e888}: 'void java.lang.invoke.DirectMethodHandle$Holder.invokeStatic(java.lang.Object, java.lang.Object, java.lang.Object, java.lang.Object, java.lang.Object, java.lang.Object)'> (0x000000008730e888) 
thrown [s\open\src\hotspot\share\interpreter\linkResolver.cpp, line 766]
Event: 4.459 Thread 0x0000024a9e61ca10 Implicit null exception at 0x0000024a87b5356f to 0x0000024a87b537b8
Event: 4.614 Thread 0x0000024a9a009c10 Exception <a 'java/lang/ClassNotFoundException'{0x0000000085dc8530}: build_aumft0aipb45clacliag1tp2gBeanInfo> (0x0000000085dc8530) 
thrown [s\open\src\hotspot\share\classfile\systemDictionary.cpp, line 255]
Event: 4.614 Thread 0x0000024a9a009c10 Exception <a 'java/lang/ClassNotFoundException'{0x0000000085dce7d0}: build_aumft0aipb45clacliag1tp2gCustomizer> (0x0000000085dce7d0) 
thrown [s\open\src\hotspot\share\classfile\systemDictionary.cpp, line 255]
Event: 4.617 Thread 0x0000024a9a009c10 Exception <a 'java/lang/NoSuchMethodError'{0x0000000085df1af0}: 'java.lang.Object java.lang.invoke.DirectMethodHandle$Holder.invokeInterface(java.lang.Object, java.lang.Object, java.lang.Object, java.lang.Object, java.lang.Object)'> (0x0000000085df1af0) 
thrown [s\open\src\hotspot\share\interpreter\linkResolver.cpp, line 766]

VM Operations (20 events):
Event: 3.888 Executing VM operation: HandshakeAllThreads done
Event: 3.895 Executing VM operation: HandshakeAllThreads
Event: 3.895 Executing VM operation: HandshakeAllThreads done
Event: 3.904 Executing VM operation: HandshakeAllThreads
Event: 3.904 Executing VM operation: HandshakeAllThreads done
Event: 3.961 Executing VM operation: HandshakeAllThreads
Event: 3.961 Executing VM operation: HandshakeAllThreads done
Event: 4.110 Executing VM operation: ICBufferFull
Event: 4.111 Executing VM operation: ICBufferFull done
Event: 4.305 Executing VM operation: G1CollectForAllocation
Event: 4.310 Executing VM operation: G1CollectForAllocation done
Event: 4.377 Executing VM operation: HandshakeAllThreads
Event: 4.377 Executing VM operation: HandshakeAllThreads done
Event: 4.451 Executing VM operation: ICBufferFull
Event: 4.452 Executing VM operation: ICBufferFull done
Event: 4.452 Executing VM operation: ICBufferFull
Event: 4.452 Executing VM operation: ICBufferFull done
Event: 4.611 Executing VM operation: ICBufferFull
Event: 4.611 Executing VM operation: ICBufferFull done
Event: 4.635 Executing VM operation: G1TryInitiateConcMark

Events (20 events):
Event: 4.459 Thread 0x0000024a9dc33c80 Thread added: 0x0000024a9dc33c80
Event: 4.460 Thread 0x0000024a9dc32470 Thread added: 0x0000024a9dc32470
Event: 4.460 Thread 0x0000024a9dc337b0 Thread added: 0x0000024a9dc337b0
Event: 4.460 Thread 0x0000024a9dc34150 Thread added: 0x0000024a9dc34150
Event: 4.460 Thread 0x0000024a9dc35960 Thread added: 0x0000024a9dc35960
Event: 4.460 Thread 0x0000024a9dc35490 Thread added: 0x0000024a9dc35490
Event: 4.460 Thread 0x0000024a9dc384b0 Thread added: 0x0000024a9dc384b0
Event: 4.461 Thread 0x0000024a9dc37b10 Thread added: 0x0000024a9dc37b10
Event: 4.461 Thread 0x0000024a9dc35e30 Thread added: 0x0000024a9dc35e30
Event: 4.461 Thread 0x0000024a9dc39320 Thread added: 0x0000024a9dc39320
Event: 4.461 Thread 0x0000024a9dc36300 Thread added: 0x0000024a9dc36300
Event: 4.461 Thread 0x0000024a9dc367d0 Thread added: 0x0000024a9dc367d0
Event: 4.462 Thread 0x0000024a9dc37fe0 Thread added: 0x0000024a9dc37fe0
Event: 4.462 Thread 0x0000024a9dc36ca0 Thread added: 0x0000024a9dc36ca0
Event: 4.462 Thread 0x0000024a9dc34620 Thread added: 0x0000024a9dc34620
Event: 4.462 Thread 0x0000024a9dc397f0 Thread added: 0x0000024a9dc397f0
Event: 4.463 Thread 0x0000024a9dc31fa0 Thread added: 0x0000024a9dc31fa0
Event: 4.464 Thread 0x0000024a9dc37170 Thread added: 0x0000024a9dc37170
Event: 4.464 Thread 0x0000024a9dc37640 Thread added: 0x0000024a9dc37640
Event: 4.464 Thread 0x0000024a9dc38980 Thread added: 0x0000024a9dc38980


Dynamic libraries:
0x00007ff6de1f0000 - 0x00007ff6de200000 	C:\Program Files\Java\jdk-18.0.1.1\bin\java.exe
0x00007ff9074c0000 - 0x00007ff9076c9000 	C:\WINDOWS\SYSTEM32\ntdll.dll
0x00007ff9058e0000 - 0x00007ff90599d000 	C:\WINDOWS\System32\KERNEL32.DLL
0x00007ff904c60000 - 0x00007ff904fd9000 	C:\WINDOWS\System32\KERNELBASE.dll
0x00007ff904b40000 - 0x00007ff904c51000 	C:\WINDOWS\System32\ucrtbase.dll
0x00007ff8e00f0000 - 0x00007ff8e0108000 	C:\Program Files\Java\jdk-18.0.1.1\bin\jli.dll
0x00007ff8e0110000 - 0x00007ff8e012a000 	C:\Program Files\Java\jdk-18.0.1.1\bin\VCRUNTIME140.dll
0x00007ff9059a0000 - 0x00007ff905a4e000 	C:\WINDOWS\System32\ADVAPI32.dll
0x00007ff905a50000 - 0x00007ff905af3000 	C:\WINDOWS\System32\msvcrt.dll
0x00007ff9069b0000 - 0x00007ff906a4e000 	C:\WINDOWS\System32\sechost.dll
0x00007ff905bf0000 - 0x00007ff905d10000 	C:\WINDOWS\System32\RPCRT4.dll
0x00007ff9070a0000 - 0x00007ff90724c000 	C:\WINDOWS\System32\USER32.dll
0x00007ff9049a0000 - 0x00007ff9049c6000 	C:\WINDOWS\System32\win32u.dll
0x00007ff8dc600000 - 0x00007ff8dc8a5000 	C:\WINDOWS\WinSxS\amd64_microsoft.windows.common-controls_6595b64144ccf1df_6.0.22000.120_none_9d947278b86cc467\COMCTL32.dll
0x00007ff907340000 - 0x00007ff907369000 	C:\WINDOWS\System32\GDI32.dll
0x00007ff9051b0000 - 0x00007ff9052c2000 	C:\WINDOWS\System32\gdi32full.dll
0x00007ff905050000 - 0x00007ff9050ed000 	C:\WINDOWS\System32\msvcp_win.dll
0x00007ff8ff2c0000 - 0x00007ff8ff2ca000 	C:\WINDOWS\SYSTEM32\VERSION.dll
0x00007ff907370000 - 0x00007ff9073a1000 	C:\WINDOWS\System32\IMM32.DLL
0x00007ff900ea0000 - 0x00007ff900eac000 	C:\Program Files\Java\jdk-18.0.1.1\bin\vcruntime140_1.dll
0x00007ff8ce880000 - 0x00007ff8ce90d000 	C:\Program Files\Java\jdk-18.0.1.1\bin\msvcp140.dll
0x00007ff887c10000 - 0x00007ff888820000 	C:\Program Files\Java\jdk-18.0.1.1\bin\server\jvm.dll
0x00007ff907330000 - 0x00007ff907338000 	C:\WINDOWS\System32\PSAPI.DLL
0x00007ff8bec00000 - 0x00007ff8bec09000 	C:\WINDOWS\SYSTEM32\WSOCK32.dll
0x00007ff8ff360000 - 0x00007ff8ff393000 	C:\WINDOWS\SYSTEM32\WINMM.dll
0x00007ff906a50000 - 0x00007ff906abf000 	C:\WINDOWS\System32\WS2_32.dll
0x00007ff903b90000 - 0x00007ff903ba8000 	C:\WINDOWS\SYSTEM32\kernel.appcore.dll
0x00007ff900e10000 - 0x00007ff900e1a000 	C:\Program Files\Java\jdk-18.0.1.1\bin\jimage.dll
0x00007ff9024f0000 - 0x00007ff902711000 	C:\WINDOWS\SYSTEM32\DBGHELP.DLL
0x00007ff8fa780000 - 0x00007ff8fa7b1000 	C:\WINDOWS\SYSTEM32\dbgcore.DLL
0x00007ff9052d0000 - 0x00007ff90534f000 	C:\WINDOWS\System32\bcryptPrimitives.dll
0x00007ff8e0050000 - 0x00007ff8e0075000 	C:\Program Files\Java\jdk-18.0.1.1\bin\java.dll
0x00007ff8b8bb0000 - 0x00007ff8b8c86000 	C:\Program Files\Java\jdk-18.0.1.1\bin\jsvml.dll
0x00007ff905ed0000 - 0x00007ff906688000 	C:\WINDOWS\System32\SHELL32.dll
0x00007ff902b20000 - 0x00007ff903388000 	C:\WINDOWS\SYSTEM32\windows.storage.dll
0x00007ff905560000 - 0x00007ff9058d9000 	C:\WINDOWS\System32\combase.dll
0x00007ff9029b0000 - 0x00007ff902b16000 	C:\WINDOWS\SYSTEM32\wintypes.dll
0x00007ff9068c0000 - 0x00007ff9069aa000 	C:\WINDOWS\System32\SHCORE.dll
0x00007ff905490000 - 0x00007ff9054ed000 	C:\WINDOWS\System32\shlwapi.dll
0x00007ff9048d0000 - 0x00007ff9048f1000 	C:\WINDOWS\SYSTEM32\profapi.dll
0x00007ff8e0090000 - 0x00007ff8e00a3000 	C:\Program Files\Java\jdk-18.0.1.1\bin\net.dll
0x00007ff8ff160000 - 0x00007ff8ff26c000 	C:\WINDOWS\SYSTEM32\WINHTTP.dll
0x00007ff903fc0000 - 0x00007ff904027000 	C:\WINDOWS\system32\mswsock.dll
0x00007ff8e0030000 - 0x00007ff8e0046000 	C:\Program Files\Java\jdk-18.0.1.1\bin\nio.dll
0x00007ff8dc030000 - 0x00007ff8dc048000 	C:\Program Files\Java\jdk-18.0.1.1\bin\zip.dll
0x00007ff900e20000 - 0x00007ff900e30000 	C:\Program Files\Java\jdk-18.0.1.1\bin\verify.dll
0x00007ff8ce790000 - 0x00007ff8ce7b7000 	C:\Program Files\Java\jre1.8.0_333\native\e1d6ef7f7dcc3fd88c89a11ec53ec762bb8ba0a96d01ffa2cd45eb1d1d8dd5c5\windows-amd64\native-platform.dll
0x00007ff8b8d20000 - 0x00007ff8b8e64000 	C:\Program Files\Java\jre1.8.0_333\native\5664cfc778a61ccfe75a443a1ab52a65af34e5dc3c78e0209fed803814484fcb\windows-amd64\native-platform-file-events.dll
0x00007ff900e40000 - 0x00007ff900e49000 	C:\Program Files\Java\jdk-18.0.1.1\bin\management.dll
0x00007ff900e30000 - 0x00007ff900e3b000 	C:\Program Files\Java\jdk-18.0.1.1\bin\management_ext.dll
0x00007ff904200000 - 0x00007ff904218000 	C:\WINDOWS\SYSTEM32\CRYPTSP.dll
0x00007ff903af0000 - 0x00007ff903b25000 	C:\WINDOWS\system32\rsaenh.dll
0x00007ff9040b0000 - 0x00007ff9040d9000 	C:\WINDOWS\SYSTEM32\USERENV.dll
0x00007ff904380000 - 0x00007ff9043a7000 	C:\WINDOWS\SYSTEM32\bcrypt.dll
0x00007ff904220000 - 0x00007ff90422c000 	C:\WINDOWS\SYSTEM32\CRYPTBASE.dll
0x00007ff9036c0000 - 0x00007ff9036ed000 	C:\WINDOWS\SYSTEM32\IPHLPAPI.DLL
0x00007ff906710000 - 0x00007ff906719000 	C:\WINDOWS\System32\NSI.dll
0x00007ff8ff2e0000 - 0x00007ff8ff2f9000 	C:\WINDOWS\SYSTEM32\dhcpcsvc6.DLL
0x00007ff8ff4a0000 - 0x00007ff8ff4be000 	C:\WINDOWS\SYSTEM32\dhcpcsvc.DLL
0x00007ff9036f0000 - 0x00007ff9037d8000 	C:\WINDOWS\SYSTEM32\DNSAPI.dll

dbghelp: loaded successfully - version: 4.0.5 - missing functions: none
symbol engine: initialized successfully - sym options: 0x614 - pdb path: .;C:\Program Files\Java\jdk-18.0.1.1\bin;C:\WINDOWS\SYSTEM32;C:\WINDOWS\WinSxS\amd64_microsoft.windows.common-controls_6595b64144ccf1df_6.0.22000.120_none_9d947278b86cc467;C:\Program Files\Java\jdk-18.0.1.1\bin\server;C:\Program Files\Java\jre1.8.0_333\native\e1d6ef7f7dcc3fd88c89a11ec53ec762bb8ba0a96d01ffa2cd45eb1d1d8dd5c5\windows-amd64;C:\Program Files\Java\jre1.8.0_333\native\5664cfc778a61ccfe75a443a1ab52a65af34e5dc3c78e0209fed803814484fcb\windows-amd64

VM Arguments:
jvm_args: --add-opens=java.base/java.util=ALL-UNNAMED --add-opens=java.base/java.lang=ALL-UNNAMED --add-opens=java.base/java.lang.invoke=ALL-UNNAMED --add-opens=java.base/java.util=ALL-UNNAMED --add-opens=java.prefs/java.util.prefs=ALL-UNNAMED --add-opens=java.prefs/java.util.prefs=ALL-UNNAMED --add-opens=java.base/java.nio.charset=ALL-UNNAMED --add-opens=java.base/java.net=ALL-UNNAMED --add-opens=java.base/java.util.concurrent.atomic=ALL-UNNAMED -Xmx2048m -Dfile.encoding=UTF-8 -Duser.country=US -Duser.language=en -Duser.variant 
java_command: org.gradle.launcher.daemon.bootstrap.GradleDaemon 7.3.3
java_class_path (initial): C:\Program Files\Java\jre1.8.0_333\wrapper\dists\gradle-7.3.3-bin\6a41zxkdtcxs8rphpq6y0069z\gradle-7.3.3\lib\gradle-launcher-7.3.3.jar
Launcher Type: SUN_STANDARD

[Global flags]
     intx CICompilerCount                          = 4                                         {product} {ergonomic}
     uint ConcGCThreads                            = 2                                         {product} {ergonomic}
     uint G1ConcRefinementThreads                  = 8                                         {product} {ergonomic}
   size_t G1HeapRegionSize                         = 1048576                                   {product} {ergonomic}
    uintx GCDrainStackTargetSize                   = 64                                        {product} {ergonomic}
   size_t InitialHeapSize                          = 132120576                                 {product} {ergonomic}
   size_t MarkStackSize                            = 4194304                                   {product} {ergonomic}
   size_t MaxHeapSize                              = 2147483648                                {product} {command line}
   size_t MaxNewSize                               = 1287651328                                {product} {ergonomic}
   size_t MinHeapDeltaBytes                        = 1048576                                   {product} {ergonomic}
   size_t MinHeapSize                              = 8388608                                   {product} {ergonomic}
    uintx NonNMethodCodeHeapSize                   = 5839372                                {pd product} {ergonomic}
    uintx NonProfiledCodeHeapSize                  = 122909434                              {pd product} {ergonomic}
    uintx ProfiledCodeHeapSize                     = 122909434                              {pd product} {ergonomic}
    uintx ReservedCodeCacheSize                    = 251658240                              {pd product} {ergonomic}
     bool SegmentedCodeCache                       = true                                      {product} {ergonomic}
   size_t SoftMaxHeapSize                          = 2147483648                             {manageable} {ergonomic}
     bool UseCompressedClassPointers               = true                           {product lp64_product} {ergonomic}
     bool UseCompressedOops                        = true                           {product lp64_product} {ergonomic}
     bool UseG1GC                                  = true                                      {product} {ergonomic}
     bool UseLargePagesIndividualAllocation        = false                                  {pd product} {ergonomic}

Logging:
Log output configuration:
 #0: stdout all=warning uptime,level,tags foldmultilines=false
 #1: stderr all=off uptime,level,tags foldmultilines=false

Environment Variables:
JAVA_HOME=C:\Program Files\Java\jdk-18.0.1.1
PATH=C:\Program Files\Common Files\Oracle\Java\javapath;C:\Windows\system32;C:\Windows;C:\Windows\System32\Wbem;C:\Windows\System32\WindowsPowerShell\v1.0\;C:\Windows\System32\OpenSSH\;C:\Program Files (x86)\NVIDIA Corporation\PhysX\Common;C:\Program Files\NVIDIA Corporation\NVIDIA NvDLISR;F:\Git\cmd;C:\WINDOWS\system32;C:\WINDOWS;C:\WINDOWS\System32\Wbem;C:\WINDOWS\System32\WindowsPowerShell\v1.0\;C:\WINDOWS\System32\OpenSSH\;C:\Program Files\Java\jdk-18.0.1.1\bin;C:\Program Files\Java\jdk-18.0.1.1\bin;D:\flutter\bin;C:\Program Files\JetBrains\IntelliJ IDEA Community Edition 2021.3.2\bin;;C:\Users\NoteBook TANDIS\AppData\Local\Microsoft\WindowsApps;dart-sdk;;C:\Users\NoteBook TANDIS\AppData\Local\Programs\Microsoft VS Code\bin
USERNAME=NoteBook TANDIS
OS=Windows_NT
PROCESSOR_IDENTIFIER=Intel64 Family 6 Model 165 Stepping 2, GenuineIntel



---------------  S Y S T E M  ---------------

OS:
 Windows 11 , 64 bit Build 22000 (10.0.22000.708)
OS uptime: 0 days 1:57 hours

CPU: total 8 (initial active 8) (4 cores per cpu, 2 threads per core) family 6 model 165 stepping 2 microcode 0xea, cx8, cmov, fxsr, ht, mmx, 3dnowpref, sse, sse2, sse3, ssse3, sse4.1, sse4.2, popcnt, lzcnt, tsc, tscinvbit, avx, avx2, aes, erms, clmul, bmi1, bmi2, adx, fma, vzeroupper, clflush, clflushopt

Memory: 4k page, system-wide physical 8023M (509M free)
TotalPageFile size 11023M (AvailPageFile size 52M)
current process WorkingSet (physical memory assigned to process): 312M, peak: 312M
current process commit charge ("private bytes"): 361M, peak: 479M

vm_info: Java HotSpot(TM) 64-Bit Server VM (18.0.1.1+2-6) for windows-amd64 JRE (18.0.1.1+2-6), built on Apr 25 2022 21:53:15 by "mach5one" with MS VC++ 16.8 / 16.9 (VS2019)

END.
