#
# There is insufficient memory for the Java Runtime Environment to continue.
# Native memory allocation (mmap) failed to map 127926272 bytes for G1 virtual space
# Possible reasons:
#   The system is out of physical RAM or swap space
#   The process is running with CompressedOops enabled, and the Java Heap may be blocking the growth of the native heap
# Possible solutions:
#   Reduce memory load on the system
#   Increase physical memory or swap space
#   Check if swap backing store is full
#   Decrease Java heap size (-Xmx/-Xms)
#   Decrease number of Java threads
#   Decrease Java thread stack sizes (-Xss)
#   Set larger code cache with -XX:ReservedCodeCacheSize=
#   JVM is running with Unscaled Compressed Oops mode in which the Java heap is
#     placed in the first 4GB address space. The Java Heap base address is the
#     maximum limit for the native heap growth. Please use -XX:HeapBaseMinAddress
#     to set the Java Heap base and to place the Java Heap above 4GB virtual address.
# This output file may be truncated or incomplete.
#
#  Out of Memory Error (os_windows.cpp:3530), pid=2600, tid=2260
#
# JRE version: Java(TM) SE Runtime Environment (18.0.1.1+2) (build 18.0.1.1+2-6)
# Java VM: Java HotSpot(TM) 64-Bit Server VM (18.0.1.1+2-6, mixed mode, sharing, tiered, compressed oops, compressed class ptrs, g1 gc, windows-amd64)
# No core dump will be written. Minidumps are not enabled by default on client versions of Windows
#

---------------  S U M M A R Y ------------

Command Line: --add-opens=java.base/java.util=ALL-UNNAMED --add-opens=java.base/java.lang=ALL-UNNAMED --add-opens=java.base/java.lang.invoke=ALL-UNNAMED --add-opens=java.base/java.util=ALL-UNNAMED --add-opens=java.prefs/java.util.prefs=ALL-UNNAMED --add-opens=java.prefs/java.util.prefs=ALL-UNNAMED --add-opens=java.base/java.nio.charset=ALL-UNNAMED --add-opens=java.base/java.net=ALL-UNNAMED --add-opens=java.base/java.util.concurrent.atomic=ALL-UNNAMED -Xmx2048m -Dfile.encoding=UTF-8 -Duser.country=US -Duser.language=en -Duser.variant org.gradle.launcher.daemon.bootstrap.GradleDaemon 7.3.3

Host: Intel(R) Core(TM) i5-10300H CPU @ 2.50GHz, 8 cores, 7G,  Windows 11 , 64 bit Build 22000 (10.0.22000.708)
Time: Fri Jul 29 21:54:44 2022 Iran Daylight Time elapsed time: 9.105944 seconds (0d 0h 0m 9s)

---------------  T H R E A D  ---------------

Current thread (0x00000170616a5110):  VMThread "VM Thread" [stack: 0x0000005a2da00000,0x0000005a2db00000] [id=2260]

Stack: [0x0000005a2da00000,0x0000005a2db00000]
Native frames: (J=compiled Java code, j=interpreted, Vv=VM code, C=native code)
V  [jvm.dll+0x69887a]
V  [jvm.dll+0x7f38bd]
V  [jvm.dll+0x7f51ce]
V  [jvm.dll+0x7f5883]
V  [jvm.dll+0x25ca3f]
V  [jvm.dll+0x6957c9]
V  [jvm.dll+0x68a2fa]
V  [jvm.dll+0x321efb]
V  [jvm.dll+0x3298d6]
V  [jvm.dll+0x37e47e]
V  [jvm.dll+0x37e6af]
V  [jvm.dll+0x2f9c7a]
V  [jvm.dll+0x2f9d27]
V  [jvm.dll+0x33e262]
V  [jvm.dll+0x33c804]
V  [jvm.dll+0x2f9450]
V  [jvm.dll+0x33bddb]
V  [jvm.dll+0x7fa66b]
V  [jvm.dll+0x7fb404]
V  [jvm.dll+0x7fb93c]
V  [jvm.dll+0x7fbd94]
V  [jvm.dll+0x7fbe57]
V  [jvm.dll+0x7a03ea]
V  [jvm.dll+0x697725]
C  [ucrtbase.dll+0x26c0c]
C  [KERNEL32.DLL+0x154e0]
C  [ntdll.dll+0x485b]

VM_Operation (0x0000005a367facb0): G1CollectForAllocation, mode: safepoint, requested by thread 0x000001706a61eaf0


---------------  P R O C E S S  ---------------

Threads class SMR info:
_java_thread_list=0x0000017065cdb420, length=137, elements={
0x0000017043451e20, 0x00000170616a8ae0, 0x00000170616a9740, 0x00000170616c4a90,
0x00000170616c5340, 0x00000170616c5ce0, 0x00000170616c8690, 0x00000170616d2df0,
0x00000170616dd800, 0x000001706170b910, 0x00000170659f3e60, 0x00000170659f6330,
0x0000017065ad2200, 0x00000170663da900, 0x00000170669faa20, 0x00000170674575e0,
0x000001706702a550, 0x00000170673d7da0, 0x0000017066667660, 0x00000170663d6f80,
0x00000170670b4850, 0x000001706654c380, 0x000001706753f520, 0x0000017067541ba0,
0x0000017067542ee0, 0x000001706753fec0, 0x0000017067542070, 0x00000170675a1e80,
0x00000170675416d0, 0x0000017067540d30, 0x000001706753f9f0, 0x0000017067542540,
0x0000017067541200, 0x0000017067bce830, 0x0000017067bcc680, 0x0000017067bcf1d0,
0x0000017067bcb810, 0x0000017067bccb50, 0x0000017067bcc1b0, 0x0000017067bcd020,
0x0000017067bcd4f0, 0x00000170677e3060, 0x00000170677e90a0, 0x00000170677e73c0,
0x00000170677e8230, 0x00000170677e6080, 0x00000170677e7890, 0x00000170677e7d60,
0x00000170677e6ef0, 0x00000170677e9570, 0x00000170677e56e0, 0x00000170677e8700,
0x00000170677e8bd0, 0x00000170677e9a40, 0x00000170677e9f10, 0x00000170677ea3e0,
0x00000170677ea8b0, 0x00000170677e3530, 0x00000170677e5bb0, 0x00000170677e4870,
0x00000170677e6550, 0x00000170677e3a00, 0x00000170677e3ed0, 0x00000170677e6a20,
0x00000170677e43a0, 0x00000170677e4d40, 0x00000170677e5210, 0x000001706a52ba40,
0x000001706a5293c0, 0x000001706a52bf10, 0x000001706a527bb0, 0x000001706a528080,
0x000001706a52c8b0, 0x000001706a525530, 0x000001706a5263a0, 0x000001706a52c3e0,
0x000001706a52b0a0, 0x000001706a526870, 0x000001706a528550, 0x000001706a527210,
0x000001706a526d40, 0x000001706a5276e0, 0x000001706a528a20, 0x000001706a529890,
0x000001706a528ef0, 0x000001706a529d60, 0x000001706a52b570, 0x000001706a525a00,
0x000001706a525060, 0x000001706a52a230, 0x000001706a52a700, 0x000001706a525ed0,
0x000001706a52abd0, 0x0000017067b4a6a0, 0x0000017067b4b510, 0x0000017067b4d6c0,
0x0000017067b4db90, 0x0000017067b4d1f0, 0x0000017067b4f3a0, 0x0000017067b4f870,
0x0000017067b4ab70, 0x0000017067b4ea00, 0x0000017067b4e060, 0x0000017067b484f0,
0x0000017067b4beb0, 0x0000017067b4c380, 0x0000017067b489c0, 0x0000017067b4e530,
0x0000017067b4b040, 0x0000017067b4c850, 0x0000017067b4cd20, 0x0000017067b48e90,
0x0000017067b4eed0, 0x0000017067b4b9e0, 0x0000017067b48020, 0x0000017067b49360,
0x0000017067b49830, 0x0000017067b49d00, 0x0000017067b4a1d0, 0x000001706a61dc80,
0x000001706a61d7b0, 0x000001706a617c40, 0x000001706a61b600, 0x000001706a61f490,
0x000001706a61d2e0, 0x000001706a618110, 0x000001706a619920, 0x000001706a61b130,
0x000001706a61bad0, 0x000001706a61e150, 0x000001706a61e620, 0x000001706a619df0,
0x000001706a61eaf0, 0x000001706a6185e0, 0x0000017067542a10, 0x0000017067bce360,
0x000001706c3d4500
}

Java Threads: ( => current thread )
  0x0000017043451e20 JavaThread "main" [_thread_blocked, id=12668, stack(0x0000005a2d400000,0x0000005a2d500000)]
  0x00000170616a8ae0 JavaThread "Reference Handler" daemon [_thread_blocked, id=15172, stack(0x0000005a2db00000,0x0000005a2dc00000)]
  0x00000170616a9740 JavaThread "Finalizer" daemon [_thread_blocked, id=4700, stack(0x0000005a2dc00000,0x0000005a2dd00000)]
  0x00000170616c4a90 JavaThread "Signal Dispatcher" daemon [_thread_blocked, id=4800, stack(0x0000005a2dd00000,0x0000005a2de00000)]
  0x00000170616c5340 JavaThread "Attach Listener" daemon [_thread_blocked, id=15404, stack(0x0000005a2de00000,0x0000005a2df00000)]
  0x00000170616c5ce0 JavaThread "Service Thread" daemon [_thread_blocked, id=12860, stack(0x0000005a2df00000,0x0000005a2e000000)]
  0x00000170616c8690 JavaThread "Monitor Deflation Thread" daemon [_thread_blocked, id=11424, stack(0x0000005a2e000000,0x0000005a2e100000)]
  0x00000170616d2df0 JavaThread "C2 CompilerThread0" daemon [_thread_in_native, id=12880, stack(0x0000005a2e100000,0x0000005a2e200000)]
  0x00000170616dd800 JavaThread "C1 CompilerThread0" daemon [_thread_blocked, id=15584, stack(0x0000005a2e200000,0x0000005a2e300000)]
  0x000001706170b910 JavaThread "Sweeper thread" daemon [_thread_blocked, id=13360, stack(0x0000005a2e300000,0x0000005a2e400000)]
  0x00000170659f3e60 JavaThread "Common-Cleaner" daemon [_thread_blocked, id=12420, stack(0x0000005a2e400000,0x0000005a2e500000)]
  0x00000170659f6330 JavaThread "Notification Thread" daemon [_thread_blocked, id=9036, stack(0x0000005a2e500000,0x0000005a2e600000)]
  0x0000017065ad2200 JavaThread "C2 CompilerThread1" daemon [_thread_in_native, id=15604, stack(0x0000005a2e700000,0x0000005a2e800000)]
  0x00000170663da900 JavaThread "Daemon health stats" [_thread_blocked, id=9708, stack(0x0000005a2ec00000,0x0000005a2ed00000)]
  0x00000170669faa20 JavaThread "Incoming local TCP Connector on port 59202" [_thread_in_native, id=9388, stack(0x0000005a2ed00000,0x0000005a2ee00000)]
  0x00000170674575e0 JavaThread "Daemon periodic checks" [_thread_blocked, id=7952, stack(0x0000005a2ee00000,0x0000005a2ef00000)]
  0x000001706702a550 JavaThread "Daemon" [_thread_blocked, id=7480, stack(0x0000005a2ef00000,0x0000005a2f000000)]
  0x00000170673d7da0 JavaThread "Handler for socket connection from /127.0.0.1:59202 to /127.0.0.1:59203" [_thread_in_native, id=5716, stack(0x0000005a2f000000,0x0000005a2f100000)]
  0x0000017066667660 JavaThread "Cancel handler" [_thread_blocked, id=16256, stack(0x0000005a2f100000,0x0000005a2f200000)]
  0x00000170663d6f80 JavaThread "Daemon worker" [_thread_blocked, id=7404, stack(0x0000005a2f200000,0x0000005a2f300000)]
  0x00000170670b4850 JavaThread "Asynchronous log dispatcher for DefaultDaemonConnection: socket connection from /127.0.0.1:59202 to /127.0.0.1:59203" [_thread_blocked, id=1960, stack(0x0000005a2f300000,0x0000005a2f400000)]
  0x000001706654c380 JavaThread "Stdin handler" [_thread_blocked, id=12268, stack(0x0000005a2f400000,0x0000005a2f500000)]
  0x000001706753f520 JavaThread "Daemon client event forwarder" [_thread_blocked, id=3984, stack(0x0000005a2f500000,0x0000005a2f600000)]
  0x0000017067541ba0 JavaThread "Cache worker for journal cache (C:\Program Files\Java\jre1.8.0_333\caches\journal-1)" [_thread_blocked, id=3868, stack(0x0000005a2f600000,0x0000005a2f700000)]
  0x0000017067542ee0 JavaThread "File lock request listener" [_thread_in_native, id=3024, stack(0x0000005a2f700000,0x0000005a2f800000)]
  0x000001706753fec0 JavaThread "Cache worker for file hash cache (C:\Program Files\Java\jre1.8.0_333\caches\7.3.3\fileHashes)" [_thread_blocked, id=7640, stack(0x0000005a2f800000,0x0000005a2f900000)]
  0x0000017067542070 JavaThread "Cache worker for file hash cache (D:\BatteryManager\.gradle\7.3.3\fileHashes)" [_thread_blocked, id=7540, stack(0x0000005a2f900000,0x0000005a2fa00000)]
  0x00000170675a1e80 JavaThread "C2 CompilerThread2" daemon [_thread_blocked, id=14716, stack(0x0000005a2fd00000,0x0000005a2fe00000)]
  0x00000170675416d0 JavaThread "File watcher server" daemon [_thread_blocked, id=1748, stack(0x0000005a2fe00000,0x0000005a2ff00000)]
  0x0000017067540d30 JavaThread "File watcher consumer" daemon [_thread_blocked, id=5004, stack(0x0000005a2ff00000,0x0000005a30000000)]
  0x000001706753f9f0 JavaThread "Cache worker for checksums cache (D:\BatteryManager\.gradle\7.3.3\checksums)" [_thread_blocked, id=10856, stack(0x0000005a30000000,0x0000005a30100000)]
  0x0000017067542540 JavaThread "Cache worker for cache directory md-supplier (C:\Program Files\Java\jre1.8.0_333\caches\7.3.3\md-supplier)" [_thread_blocked, id=2204, stack(0x0000005a30100000,0x0000005a30200000)]
  0x0000017067541200 JavaThread "Cache worker for cache directory md-rule (C:\Program Files\Java\jre1.8.0_333\caches\7.3.3\md-rule)" [_thread_blocked, id=8640, stack(0x0000005a30300000,0x0000005a30400000)]
  0x0000017067bce830 JavaThread "Cache worker for execution history cache (C:\Program Files\Java\jre1.8.0_333\caches\7.3.3\executionHistory)" [_thread_blocked, id=3652, stack(0x0000005a30400000,0x0000005a30500000)]
  0x0000017067bcc680 JavaThread "jar transforms" [_thread_blocked, id=16012, stack(0x0000005a30500000,0x0000005a30600000)]
  0x0000017067bcf1d0 JavaThread "Cache worker for file content cache (C:\Program Files\Java\jre1.8.0_333\caches\7.3.3\fileContent)" [_thread_blocked, id=2336, stack(0x0000005a30600000,0x0000005a30700000)]
  0x0000017067bcb810 JavaThread "jar transforms Thread 2" [_thread_blocked, id=15920, stack(0x0000005a30700000,0x0000005a30800000)]
  0x0000017067bccb50 JavaThread "Cache worker for dependencies-accessors (D:\BatteryManager\.gradle\7.3.3\dependencies-accessors)" [_thread_blocked, id=6808, stack(0x0000005a30800000,0x0000005a30900000)]
  0x0000017067bcc1b0 JavaThread "jar transforms Thread 3" [_thread_blocked, id=14164, stack(0x0000005a30900000,0x0000005a30a00000)]
  0x0000017067bcd020 JavaThread "Cache worker for Build Output Cleanup Cache (D:\BatteryManager\.gradle\buildOutputCleanup)" [_thread_blocked, id=8840, stack(0x0000005a30a00000,0x0000005a30b00000)]
  0x0000017067bcd4f0 JavaThread "Unconstrained build operations" [_thread_blocked, id=14108, stack(0x0000005a30b00000,0x0000005a30c00000)]
  0x00000170677e3060 JavaThread "Unconstrained build operations Thread 2" [_thread_blocked, id=16212, stack(0x0000005a30c00000,0x0000005a30d00000)]
  0x00000170677e90a0 JavaThread "Unconstrained build operations Thread 3" [_thread_blocked, id=10920, stack(0x0000005a30d00000,0x0000005a30e00000)]
  0x00000170677e73c0 JavaThread "Unconstrained build operations Thread 4" [_thread_blocked, id=12368, stack(0x0000005a30e00000,0x0000005a30f00000)]
  0x00000170677e8230 JavaThread "Unconstrained build operations Thread 5" [_thread_blocked, id=14156, stack(0x0000005a30f00000,0x0000005a31000000)]
  0x00000170677e6080 JavaThread "Unconstrained build operations Thread 6" [_thread_blocked, id=8300, stack(0x0000005a31000000,0x0000005a31100000)]
  0x00000170677e7890 JavaThread "Unconstrained build operations Thread 7" [_thread_blocked, id=13608, stack(0x0000005a31100000,0x0000005a31200000)]
  0x00000170677e7d60 JavaThread "Unconstrained build operations Thread 8" [_thread_blocked, id=15632, stack(0x0000005a31200000,0x0000005a31300000)]
  0x00000170677e6ef0 JavaThread "Unconstrained build operations Thread 9" [_thread_blocked, id=13144, stack(0x0000005a31300000,0x0000005a31400000)]
  0x00000170677e9570 JavaThread "Unconstrained build operations Thread 10" [_thread_blocked, id=10624, stack(0x0000005a31400000,0x0000005a31500000)]
  0x00000170677e56e0 JavaThread "Unconstrained build operations Thread 11" [_thread_blocked, id=14996, stack(0x0000005a31500000,0x0000005a31600000)]
  0x00000170677e8700 JavaThread "Unconstrained build operations Thread 12" [_thread_blocked, id=8520, stack(0x0000005a31600000,0x0000005a31700000)]
  0x00000170677e8bd0 JavaThread "Unconstrained build operations Thread 13" [_thread_blocked, id=15500, stack(0x0000005a31700000,0x0000005a31800000)]
  0x00000170677e9a40 JavaThread "Unconstrained build operations Thread 14" [_thread_blocked, id=11156, stack(0x0000005a31800000,0x0000005a31900000)]
  0x00000170677e9f10 JavaThread "Unconstrained build operations Thread 15" [_thread_blocked, id=14636, stack(0x0000005a31900000,0x0000005a31a00000)]
  0x00000170677ea3e0 JavaThread "Unconstrained build operations Thread 16" [_thread_blocked, id=5280, stack(0x0000005a31a00000,0x0000005a31b00000)]
  0x00000170677ea8b0 JavaThread "Unconstrained build operations Thread 17" [_thread_blocked, id=14032, stack(0x0000005a31b00000,0x0000005a31c00000)]
  0x00000170677e3530 JavaThread "Unconstrained build operations Thread 18" [_thread_blocked, id=15124, stack(0x0000005a31c00000,0x0000005a31d00000)]
  0x00000170677e5bb0 JavaThread "Unconstrained build operations Thread 19" [_thread_blocked, id=2272, stack(0x0000005a31d00000,0x0000005a31e00000)]
  0x00000170677e4870 JavaThread "Unconstrained build operations Thread 20" [_thread_blocked, id=4820, stack(0x0000005a31e00000,0x0000005a31f00000)]
  0x00000170677e6550 JavaThread "Unconstrained build operations Thread 21" [_thread_blocked, id=11452, stack(0x0000005a31f00000,0x0000005a32000000)]
  0x00000170677e3a00 JavaThread "Unconstrained build operations Thread 22" [_thread_blocked, id=7344, stack(0x0000005a32000000,0x0000005a32100000)]
  0x00000170677e3ed0 JavaThread "Unconstrained build operations Thread 23" [_thread_blocked, id=6028, stack(0x0000005a32100000,0x0000005a32200000)]
  0x00000170677e6a20 JavaThread "Unconstrained build operations Thread 24" [_thread_blocked, id=9240, stack(0x0000005a32200000,0x0000005a32300000)]
  0x00000170677e43a0 JavaThread "Unconstrained build operations Thread 25" [_thread_blocked, id=16276, stack(0x0000005a32300000,0x0000005a32400000)]
  0x00000170677e4d40 JavaThread "Unconstrained build operations Thread 26" [_thread_blocked, id=7124, stack(0x0000005a32400000,0x0000005a32500000)]
  0x00000170677e5210 JavaThread "Unconstrained build operations Thread 27" [_thread_blocked, id=3336, stack(0x0000005a32500000,0x0000005a32600000)]
  0x000001706a52ba40 JavaThread "Unconstrained build operations Thread 28" [_thread_blocked, id=312, stack(0x0000005a32600000,0x0000005a32700000)]
  0x000001706a5293c0 JavaThread "Unconstrained build operations Thread 29" [_thread_blocked, id=7292, stack(0x0000005a32700000,0x0000005a32800000)]
  0x000001706a52bf10 JavaThread "Unconstrained build operations Thread 30" [_thread_blocked, id=5136, stack(0x0000005a32800000,0x0000005a32900000)]
  0x000001706a527bb0 JavaThread "Unconstrained build operations Thread 31" [_thread_blocked, id=9004, stack(0x0000005a32900000,0x0000005a32a00000)]
  0x000001706a528080 JavaThread "Unconstrained build operations Thread 32" [_thread_blocked, id=4676, stack(0x0000005a32a00000,0x0000005a32b00000)]
  0x000001706a52c8b0 JavaThread "Unconstrained build operations Thread 33" [_thread_blocked, id=604, stack(0x0000005a32b00000,0x0000005a32c00000)]
  0x000001706a525530 JavaThread "Unconstrained build operations Thread 34" [_thread_blocked, id=15060, stack(0x0000005a32c00000,0x0000005a32d00000)]
  0x000001706a5263a0 JavaThread "Unconstrained build operations Thread 35" [_thread_blocked, id=4060, stack(0x0000005a32d00000,0x0000005a32e00000)]
  0x000001706a52c3e0 JavaThread "Unconstrained build operations Thread 36" [_thread_blocked, id=4556, stack(0x0000005a32e00000,0x0000005a32f00000)]
  0x000001706a52b0a0 JavaThread "Unconstrained build operations Thread 37" [_thread_blocked, id=10280, stack(0x0000005a32f00000,0x0000005a33000000)]
  0x000001706a526870 JavaThread "Unconstrained build operations Thread 38" [_thread_blocked, id=1296, stack(0x0000005a33000000,0x0000005a33100000)]
  0x000001706a528550 JavaThread "Unconstrained build operations Thread 39" [_thread_blocked, id=9672, stack(0x0000005a33100000,0x0000005a33200000)]
  0x000001706a527210 JavaThread "Unconstrained build operations Thread 40" [_thread_blocked, id=15924, stack(0x0000005a33200000,0x0000005a33300000)]
  0x000001706a526d40 JavaThread "Unconstrained build operations Thread 41" [_thread_blocked, id=7764, stack(0x0000005a33300000,0x0000005a33400000)]
  0x000001706a5276e0 JavaThread "Unconstrained build operations Thread 42" [_thread_blocked, id=16008, stack(0x0000005a33400000,0x0000005a33500000)]
  0x000001706a528a20 JavaThread "Unconstrained build operations Thread 43" [_thread_blocked, id=15832, stack(0x0000005a33500000,0x0000005a33600000)]
  0x000001706a529890 JavaThread "Unconstrained build operations Thread 44" [_thread_blocked, id=15168, stack(0x0000005a33600000,0x0000005a33700000)]
  0x000001706a528ef0 JavaThread "Unconstrained build operations Thread 45" [_thread_blocked, id=776, stack(0x0000005a33700000,0x0000005a33800000)]
  0x000001706a529d60 JavaThread "Unconstrained build operations Thread 46" [_thread_blocked, id=2448, stack(0x0000005a33800000,0x0000005a33900000)]
  0x000001706a52b570 JavaThread "Unconstrained build operations Thread 47" [_thread_blocked, id=8236, stack(0x0000005a33900000,0x0000005a33a00000)]
  0x000001706a525a00 JavaThread "Unconstrained build operations Thread 48" [_thread_blocked, id=5768, stack(0x0000005a33a00000,0x0000005a33b00000)]
  0x000001706a525060 JavaThread "Unconstrained build operations Thread 49" [_thread_blocked, id=16320, stack(0x0000005a33b00000,0x0000005a33c00000)]
  0x000001706a52a230 JavaThread "Unconstrained build operations Thread 50" [_thread_blocked, id=9408, stack(0x0000005a33c00000,0x0000005a33d00000)]
  0x000001706a52a700 JavaThread "Unconstrained build operations Thread 51" [_thread_blocked, id=15256, stack(0x0000005a33d00000,0x0000005a33e00000)]
  0x000001706a525ed0 JavaThread "Unconstrained build operations Thread 52" [_thread_blocked, id=16192, stack(0x0000005a33e00000,0x0000005a33f00000)]
  0x000001706a52abd0 JavaThread "Unconstrained build operations Thread 53" [_thread_blocked, id=14620, stack(0x0000005a33f00000,0x0000005a34000000)]
  0x0000017067b4a6a0 JavaThread "Unconstrained build operations Thread 54" [_thread_blocked, id=3216, stack(0x0000005a34000000,0x0000005a34100000)]
  0x0000017067b4b510 JavaThread "Unconstrained build operations Thread 55" [_thread_blocked, id=15216, stack(0x0000005a34100000,0x0000005a34200000)]
  0x0000017067b4d6c0 JavaThread "Unconstrained build operations Thread 56" [_thread_blocked, id=8016, stack(0x0000005a34200000,0x0000005a34300000)]
  0x0000017067b4db90 JavaThread "Unconstrained build operations Thread 57" [_thread_blocked, id=2284, stack(0x0000005a34300000,0x0000005a34400000)]
  0x0000017067b4d1f0 JavaThread "Unconstrained build operations Thread 58" [_thread_blocked, id=11820, stack(0x0000005a34400000,0x0000005a34500000)]
  0x0000017067b4f3a0 JavaThread "Unconstrained build operations Thread 59" [_thread_blocked, id=964, stack(0x0000005a34500000,0x0000005a34600000)]
  0x0000017067b4f870 JavaThread "Unconstrained build operations Thread 60" [_thread_blocked, id=11024, stack(0x0000005a34600000,0x0000005a34700000)]
  0x0000017067b4ab70 JavaThread "Unconstrained build operations Thread 61" [_thread_blocked, id=14484, stack(0x0000005a34700000,0x0000005a34800000)]
  0x0000017067b4ea00 JavaThread "Unconstrained build operations Thread 62" [_thread_blocked, id=2868, stack(0x0000005a34800000,0x0000005a34900000)]
  0x0000017067b4e060 JavaThread "Unconstrained build operations Thread 63" [_thread_blocked, id=13004, stack(0x0000005a34900000,0x0000005a34a00000)]
  0x0000017067b484f0 JavaThread "Unconstrained build operations Thread 64" [_thread_blocked, id=15340, stack(0x0000005a34a00000,0x0000005a34b00000)]
  0x0000017067b4beb0 JavaThread "Unconstrained build operations Thread 65" [_thread_blocked, id=10172, stack(0x0000005a34b00000,0x0000005a34c00000)]
  0x0000017067b4c380 JavaThread "Unconstrained build operations Thread 66" [_thread_blocked, id=14648, stack(0x0000005a34c00000,0x0000005a34d00000)]
  0x0000017067b489c0 JavaThread "Unconstrained build operations Thread 67" [_thread_blocked, id=14480, stack(0x0000005a34d00000,0x0000005a34e00000)]
  0x0000017067b4e530 JavaThread "Unconstrained build operations Thread 68" [_thread_blocked, id=13300, stack(0x0000005a34e00000,0x0000005a34f00000)]
  0x0000017067b4b040 JavaThread "Unconstrained build operations Thread 69" [_thread_blocked, id=15976, stack(0x0000005a34f00000,0x0000005a35000000)]
  0x0000017067b4c850 JavaThread "Unconstrained build operations Thread 70" [_thread_blocked, id=4824, stack(0x0000005a35000000,0x0000005a35100000)]
  0x0000017067b4cd20 JavaThread "Unconstrained build operations Thread 71" [_thread_blocked, id=4836, stack(0x0000005a35100000,0x0000005a35200000)]
  0x0000017067b48e90 JavaThread "Unconstrained build operations Thread 72" [_thread_blocked, id=15044, stack(0x0000005a35200000,0x0000005a35300000)]
  0x0000017067b4eed0 JavaThread "Unconstrained build operations Thread 73" [_thread_blocked, id=4928, stack(0x0000005a35300000,0x0000005a35400000)]
  0x0000017067b4b9e0 JavaThread "Unconstrained build operations Thread 74" [_thread_blocked, id=4924, stack(0x0000005a35400000,0x0000005a35500000)]
  0x0000017067b48020 JavaThread "Unconstrained build operations Thread 75" [_thread_blocked, id=4900, stack(0x0000005a35500000,0x0000005a35600000)]
  0x0000017067b49360 JavaThread "Unconstrained build operations Thread 76" [_thread_blocked, id=8280, stack(0x0000005a35600000,0x0000005a35700000)]
  0x0000017067b49830 JavaThread "Unconstrained build operations Thread 77" [_thread_blocked, id=4976, stack(0x0000005a35700000,0x0000005a35800000)]
  0x0000017067b49d00 JavaThread "Unconstrained build operations Thread 78" [_thread_blocked, id=4944, stack(0x0000005a35800000,0x0000005a35900000)]
  0x0000017067b4a1d0 JavaThread "Unconstrained build operations Thread 79" [_thread_blocked, id=4892, stack(0x0000005a35900000,0x0000005a35a00000)]
  0x000001706a61dc80 JavaThread "Unconstrained build operations Thread 80" [_thread_blocked, id=14288, stack(0x0000005a35a00000,0x0000005a35b00000)]
  0x000001706a61d7b0 JavaThread "jar transforms Thread 4" [_thread_blocked, id=12320, stack(0x0000005a35b00000,0x0000005a35c00000)]
  0x000001706a617c40 JavaThread "jar transforms Thread 5" [_thread_blocked, id=4188, stack(0x0000005a35c00000,0x0000005a35d00000)]
  0x000001706a61b600 JavaThread "jar transforms Thread 6" [_thread_blocked, id=13276, stack(0x0000005a35d00000,0x0000005a35e00000)]
  0x000001706a61f490 JavaThread "jar transforms Thread 7" [_thread_blocked, id=15036, stack(0x0000005a35e00000,0x0000005a35f00000)]
  0x000001706a61d2e0 JavaThread "jar transforms Thread 8" [_thread_blocked, id=14748, stack(0x0000005a35f00000,0x0000005a36000000)]
  0x000001706a618110 JavaThread "Memory manager" [_thread_blocked, id=4220, stack(0x0000005a36000000,0x0000005a36100000)]
  0x000001706a619920 JavaThread "build event listener" [_thread_blocked, id=4956, stack(0x0000005a36100000,0x0000005a36200000)]
  0x000001706a61b130 JavaThread "pool-3-thread-1" [_thread_blocked, id=2852, stack(0x0000005a36200000,0x0000005a36300000)]
  0x000001706a61bad0 JavaThread "build event listener" [_thread_blocked, id=4184, stack(0x0000005a36300000,0x0000005a36400000)]
  0x000001706a61e150 JavaThread "Execution worker for ':'" [_thread_blocked, id=14544, stack(0x0000005a36400000,0x0000005a36500000)]
  0x000001706a61e620 JavaThread "Execution worker for ':' Thread 2" [_thread_blocked, id=15112, stack(0x0000005a36500000,0x0000005a36600000)]
  0x000001706a619df0 JavaThread "Execution worker for ':' Thread 3" [_thread_blocked, id=14540, stack(0x0000005a36600000,0x0000005a36700000)]
  0x000001706a61eaf0 JavaThread "Execution worker for ':' Thread 4" [_thread_blocked, id=2300, stack(0x0000005a36700000,0x0000005a36800000)]
  0x000001706a6185e0 JavaThread "Execution worker for ':' Thread 5" [_thread_blocked, id=14588, stack(0x0000005a36800000,0x0000005a36900000)]
  0x0000017067542a10 JavaThread "Execution worker for ':' Thread 6" [_thread_blocked, id=3692, stack(0x0000005a36900000,0x0000005a36a00000)]
  0x0000017067bce360 JavaThread "Execution worker for ':' Thread 7" [_thread_blocked, id=15292, stack(0x0000005a36a00000,0x0000005a36b00000)]
  0x000001706c3d4500 JavaThread "Cache worker for execution history cache (D:\BatteryManager\.gradle\7.3.3\executionHistory)" [_thread_blocked, id=15328, stack(0x0000005a36b00000,0x0000005a36c00000)]

Other Threads:
=>0x00000170616a5110 VMThread "VM Thread" [stack: 0x0000005a2da00000,0x0000005a2db00000] [id=2260]
  0x00000170659f6c00 WatcherThread "VM Periodic Task Thread" [stack: 0x0000005a2e600000,0x0000005a2e700000] [id=5332]
  0x00000170434b5020 WorkerThread "GC Thread#0" [stack: 0x0000005a2d500000,0x0000005a2d600000] [id=11372]
  0x0000017066368030 WorkerThread "GC Thread#1" [stack: 0x0000005a2e800000,0x0000005a2e900000] [id=14044]
  0x00000170663682d0 WorkerThread "GC Thread#2" [stack: 0x0000005a2e900000,0x0000005a2ea00000] [id=10296]
  0x0000017066367870 WorkerThread "GC Thread#3" [stack: 0x0000005a2ea00000,0x0000005a2eb00000] [id=5316]
  0x0000017065a6f3d0 WorkerThread "GC Thread#4" [stack: 0x0000005a2eb00000,0x0000005a2ec00000] [id=5796]
  0x00000170683e8da0 WorkerThread "GC Thread#5" [stack: 0x0000005a2fa00000,0x0000005a2fb00000] [id=13384]
  0x0000017067f75cf0 WorkerThread "GC Thread#6" [stack: 0x0000005a2fb00000,0x0000005a2fc00000] [id=11296]
  0x0000017066d039b0 WorkerThread "GC Thread#7" [stack: 0x0000005a2fc00000,0x0000005a2fd00000] [id=12728]
  0x00000170434c6f60 ConcurrentGCThread "G1 Main Marker" [stack: 0x0000005a2d600000,0x0000005a2d700000] [id=16360]
  0x00000170434c80f0 WorkerThread "G1 Conc#0" [stack: 0x0000005a2d700000,0x0000005a2d800000] [id=2440]
  0x00000170695a40b0 WorkerThread "G1 Conc#1" [stack: 0x0000005a30200000,0x0000005a30300000] [id=7432]
  0x000001704351ead0 ConcurrentGCThread "G1 Refine#0" [stack: 0x0000005a2d800000,0x0000005a2d900000] [id=796]
  0x000001706b9e18f0 ConcurrentGCThread "G1 Refine#1" [stack: 0x0000005a36c00000,0x0000005a36d00000] [id=10336]
  0x000001706b9e0db0 ConcurrentGCThread "G1 Refine#2" [stack: 0x0000005a36d00000,0x0000005a36e00000] [id=5972]
  0x000001706b9e2430 ConcurrentGCThread "G1 Refine#3" [stack: 0x0000005a36e00000,0x0000005a36f00000] [id=5152]
  0x000001706b9e1e90 ConcurrentGCThread "G1 Refine#4" [stack: 0x0000005a36f00000,0x0000005a37000000] [id=14844]
  0x000001706b9e0810 ConcurrentGCThread "G1 Refine#5" [stack: 0x0000005a37000000,0x0000005a37100000] [id=12800]
  0x000001706155f6b0 ConcurrentGCThread "G1 Service" [stack: 0x0000005a2d900000,0x0000005a2da00000] [id=14000]

Threads with active compile tasks:
C2 CompilerThread0     9123 11133       4       com.android.ide.common.resources.NodeUtils::updateNamespace (161 bytes)
C2 CompilerThread1     9123 10853 % !   4       com.android.ide.common.resources.DataMerger::mergeData @ 247 (611 bytes)
C2 CompilerThread2     9123 11148       4       org.apache.xerces.dom.AttrImpl::getValue (176 bytes)

VM state: at safepoint (normal execution)

VM Mutex/Monitor currently owned by a thread:  ([mutex/lock_event])
[0x000001704344d170] Threads_lock - owner thread: 0x00000170616a5110
[0x000001704344db90] Heap_lock - owner thread: 0x000001706a61eaf0

Heap address: 0x0000000080000000, size: 2048 MB, Compressed Oops mode: 32-bit

CDS archive(s) mapped at: [0x0000000800000000-0x0000000800ba0000-0x0000000800ba0000), size 12189696, SharedBaseAddress: 0x0000000800000000, ArchiveRelocationMode: 0.
Compressed class space mapped at: 0x0000000800c00000-0x0000000840c00000, reserved size: 1073741824
Narrow klass base: 0x0000000800000000, Narrow klass shift: 0, Narrow klass range: 0x100000000

GC Precious Log:
 CardTable entry size: 512
 Card Set container configuration: InlinePtr #cards 5 size 8 Array Of Cards #cards 12 size 40 Howl #buckets 4 coarsen threshold 1843 Howl Bitmap #cards 512 size 80 coarsen threshold 460 Card regions per heap region 1 cards per card region 2048
 CPUs: 8 total, 8 available
 Memory: 8023M
 Large Page Support: Disabled
 NUMA Support: Disabled
 Compressed Oops: Enabled (32-bit)
 Heap Region Size: 1M
 Heap Min Capacity: 8M
 Heap Initial Capacity: 126M
 Heap Max Capacity: 2G
 Pre-touch: Disabled
 Parallel Workers: 8
 Concurrent Workers: 2
 Concurrent Refinement Workers: 8
 Periodic GC: Disabled

Heap:
 garbage-first heap   total 160768K, used 103087K [0x0000000080000000, 0x0000000100000000)
  region size 1024K, 1 young (1024K), 1 survivors (1024K)
 Metaspace       used 83397K, committed 85248K, reserved 1179648K
  class space    used 11325K, committed 12288K, reserved 1048576K

Heap Regions: E=young(eden), S=young(survivor), O=old, HS=humongous(starts), HC=humongous(continues), CS=collection set, F=free, OA=open archive, CA=closed archive, TAMS=top-at-mark-start (previous, next)
|   0|0x0000000080000000, 0x0000000080100000, 0x0000000080100000|100%| O|  |TAMS 0x0000000080100000, 0x0000000080000000| Untracked 
|   1|0x0000000080100000, 0x0000000080200000, 0x0000000080200000|100%| O|  |TAMS 0x0000000080200000, 0x0000000080100000| Untracked 
|   2|0x0000000080200000, 0x0000000080300000, 0x0000000080300000|100%| O|  |TAMS 0x0000000080300000, 0x0000000080200000| Untracked 
|   3|0x0000000080300000, 0x0000000080400000, 0x0000000080400000|100%|HS|  |TAMS 0x0000000080400000, 0x0000000080300000| Complete 
|   4|0x0000000080400000, 0x0000000080500000, 0x0000000080500000|100%|HC|  |TAMS 0x0000000080500000, 0x0000000080400000| Complete 
|   5|0x0000000080500000, 0x0000000080600000, 0x0000000080600000|100%|HC|  |TAMS 0x0000000080600000, 0x0000000080500000| Complete 
|   6|0x0000000080600000, 0x0000000080700000, 0x0000000080700000|100%| O|  |TAMS 0x0000000080700000, 0x0000000080600000| Untracked 
|   7|0x0000000080700000, 0x0000000080800000, 0x0000000080800000|100%| O|  |TAMS 0x0000000080800000, 0x0000000080700000| Untracked 
|   8|0x0000000080800000, 0x0000000080900000, 0x0000000080900000|100%| O|  |TAMS 0x0000000080900000, 0x0000000080800000| Untracked 
|   9|0x0000000080900000, 0x0000000080a00000, 0x0000000080a00000|100%| O|  |TAMS 0x0000000080a00000, 0x0000000080900000| Untracked 
|  10|0x0000000080a00000, 0x0000000080b00000, 0x0000000080b00000|100%| O|  |TAMS 0x0000000080b00000, 0x0000000080a00000| Untracked 
|  11|0x0000000080b00000, 0x0000000080c00000, 0x0000000080c00000|100%| O|  |TAMS 0x0000000080c00000, 0x0000000080b00000| Untracked 
|  12|0x0000000080c00000, 0x0000000080d00000, 0x0000000080d00000|100%| O|  |TAMS 0x0000000080d00000, 0x0000000080c00000| Untracked 
|  13|0x0000000080d00000, 0x0000000080e00000, 0x0000000080e00000|100%| O|  |TAMS 0x0000000080e00000, 0x0000000080d00000| Untracked 
|  14|0x0000000080e00000, 0x0000000080f00000, 0x0000000080f00000|100%| O|  |TAMS 0x0000000080f00000, 0x0000000080e00000| Untracked 
|  15|0x0000000080f00000, 0x0000000081000000, 0x0000000081000000|100%| O|  |TAMS 0x0000000081000000, 0x0000000080f00000| Untracked 
|  16|0x0000000081000000, 0x0000000081100000, 0x0000000081100000|100%| O|  |TAMS 0x0000000081100000, 0x0000000081000000| Untracked 
|  17|0x0000000081100000, 0x0000000081200000, 0x0000000081200000|100%| O|  |TAMS 0x0000000081200000, 0x0000000081100000| Untracked 
|  18|0x0000000081200000, 0x00000000812b7c00, 0x0000000081300000| 71%| O|  |TAMS 0x00000000812b7c00, 0x0000000081200000| Untracked 
|  19|0x0000000081300000, 0x0000000081400000, 0x0000000081400000|100%| O|  |TAMS 0x0000000081400000, 0x0000000081300000| Untracked 
|  20|0x0000000081400000, 0x0000000081500000, 0x0000000081500000|100%| O|  |TAMS 0x0000000081500000, 0x0000000081400000| Untracked 
|  21|0x0000000081500000, 0x0000000081600000, 0x0000000081600000|100%| O|  |TAMS 0x0000000081600000, 0x0000000081500000| Untracked 
|  22|0x0000000081600000, 0x0000000081700000, 0x0000000081700000|100%| O|  |TAMS 0x0000000081700000, 0x0000000081600000| Untracked 
|  23|0x0000000081700000, 0x0000000081800000, 0x0000000081800000|100%| O|  |TAMS 0x0000000081800000, 0x0000000081700000| Untracked 
|  24|0x0000000081800000, 0x0000000081900000, 0x0000000081900000|100%| O|  |TAMS 0x0000000081900000, 0x0000000081800000| Untracked 
|  25|0x0000000081900000, 0x0000000081a00000, 0x0000000081a00000|100%| O|  |TAMS 0x0000000081a00000, 0x0000000081900000| Untracked 
|  26|0x0000000081a00000, 0x0000000081b00000, 0x0000000081b00000|100%| O|  |TAMS 0x0000000081b00000, 0x0000000081a00000| Untracked 
|  27|0x0000000081b00000, 0x0000000081c00000, 0x0000000081c00000|100%|HS|  |TAMS 0x0000000081c00000, 0x0000000081b00000| Complete 
|  28|0x0000000081c00000, 0x0000000081d00000, 0x0000000081d00000|100%|HS|  |TAMS 0x0000000081d00000, 0x0000000081c00000| Complete 
|  29|0x0000000081d00000, 0x0000000081e00000, 0x0000000081e00000|100%|HS|  |TAMS 0x0000000081e00000, 0x0000000081d00000| Complete 
|  30|0x0000000081e00000, 0x0000000081f00000, 0x0000000081f00000|100%|HS|  |TAMS 0x0000000081f00000, 0x0000000081e00000| Complete 
|  31|0x0000000081f00000, 0x0000000082000000, 0x0000000082000000|100%|HC|  |TAMS 0x0000000082000000, 0x0000000081f00000| Complete 
|  32|0x0000000082000000, 0x0000000082100000, 0x0000000082100000|100%| O|  |TAMS 0x0000000082100000, 0x0000000082000000| Untracked 
|  33|0x0000000082100000, 0x0000000082200000, 0x0000000082200000|100%| O|  |TAMS 0x0000000082200000, 0x0000000082100000| Untracked 
|  34|0x0000000082200000, 0x0000000082300000, 0x0000000082300000|100%|HS|  |TAMS 0x0000000082300000, 0x0000000082200000| Complete 
|  35|0x0000000082300000, 0x0000000082400000, 0x0000000082400000|100%|HC|  |TAMS 0x0000000082400000, 0x0000000082300000| Complete 
|  36|0x0000000082400000, 0x0000000082500000, 0x0000000082500000|100%|HC|  |TAMS 0x0000000082500000, 0x0000000082400000| Complete 
|  37|0x0000000082500000, 0x0000000082600000, 0x0000000082600000|100%| O|  |TAMS 0x0000000082600000, 0x0000000082500000| Untracked 
|  38|0x0000000082600000, 0x0000000082700000, 0x0000000082700000|100%| O|  |TAMS 0x0000000082700000, 0x0000000082600000| Untracked 
|  39|0x0000000082700000, 0x0000000082800000, 0x0000000082800000|100%| O|  |TAMS 0x0000000082800000, 0x0000000082700000| Untracked 
|  40|0x0000000082800000, 0x0000000082900000, 0x0000000082900000|100%| O|  |TAMS 0x0000000082900000, 0x0000000082800000| Untracked 
|  41|0x0000000082900000, 0x0000000082a00000, 0x0000000082a00000|100%| O|  |TAMS 0x0000000082a00000, 0x0000000082900000| Untracked 
|  42|0x0000000082a00000, 0x0000000082b00000, 0x0000000082b00000|100%| O|  |TAMS 0x0000000082b00000, 0x0000000082a00000| Untracked 
|  43|0x0000000082b00000, 0x0000000082c00000, 0x0000000082c00000|100%| O|  |TAMS 0x0000000082c00000, 0x0000000082b00000| Untracked 
|  44|0x0000000082c00000, 0x0000000082d00000, 0x0000000082d00000|100%| O|  |TAMS 0x0000000082d00000, 0x0000000082c00000| Untracked 
|  45|0x0000000082d00000, 0x0000000082e00000, 0x0000000082e00000|100%| O|  |TAMS 0x0000000082e00000, 0x0000000082d00000| Untracked 
|  46|0x0000000082e00000, 0x0000000082f00000, 0x0000000082f00000|100%| O|  |TAMS 0x0000000082f00000, 0x0000000082e00000| Untracked 
|  47|0x0000000082f00000, 0x0000000083000000, 0x0000000083000000|100%| O|  |TAMS 0x0000000083000000, 0x0000000082f00000| Untracked 
|  48|0x0000000083000000, 0x0000000083100000, 0x0000000083100000|100%| O|  |TAMS 0x0000000083100000, 0x0000000083000000| Untracked 
|  49|0x0000000083100000, 0x0000000083200000, 0x0000000083200000|100%| O|  |TAMS 0x0000000083200000, 0x0000000083100000| Untracked 
|  50|0x0000000083200000, 0x0000000083300000, 0x0000000083300000|100%| O|  |TAMS 0x0000000083300000, 0x0000000083200000| Untracked 
|  51|0x0000000083300000, 0x0000000083400000, 0x0000000083400000|100%| O|  |TAMS 0x0000000083400000, 0x0000000083300000| Untracked 
|  52|0x0000000083400000, 0x0000000083500000, 0x0000000083500000|100%| O|  |TAMS 0x0000000083500000, 0x0000000083400000| Untracked 
|  53|0x0000000083500000, 0x0000000083600000, 0x0000000083600000|100%| O|  |TAMS 0x0000000083600000, 0x0000000083500000| Untracked 
|  54|0x0000000083600000, 0x0000000083700000, 0x0000000083700000|100%| O|  |TAMS 0x0000000083700000, 0x0000000083600000| Untracked 
|  55|0x0000000083700000, 0x0000000083800000, 0x0000000083800000|100%| O|  |TAMS 0x0000000083800000, 0x0000000083700000| Untracked 
|  56|0x0000000083800000, 0x0000000083900000, 0x0000000083900000|100%| O|  |TAMS 0x0000000083900000, 0x0000000083800000| Untracked 
|  57|0x0000000083900000, 0x0000000083a00000, 0x0000000083a00000|100%| O|  |TAMS 0x0000000083a00000, 0x0000000083900000| Untracked 
|  58|0x0000000083a00000, 0x0000000083b00000, 0x0000000083b00000|100%| O|  |TAMS 0x0000000083b00000, 0x0000000083a00000| Untracked 
|  59|0x0000000083b00000, 0x0000000083c00000, 0x0000000083c00000|100%| O|  |TAMS 0x0000000083c00000, 0x0000000083b00000| Untracked 
|  60|0x0000000083c00000, 0x0000000083d00000, 0x0000000083d00000|100%| O|  |TAMS 0x0000000083d00000, 0x0000000083c00000| Untracked 
|  61|0x0000000083d00000, 0x0000000083e00000, 0x0000000083e00000|100%| O|  |TAMS 0x0000000083e00000, 0x0000000083d00000| Untracked 
|  62|0x0000000083e00000, 0x0000000083f00000, 0x0000000083f00000|100%| O|  |TAMS 0x0000000083f00000, 0x0000000083e00000| Untracked 
|  63|0x0000000083f00000, 0x0000000084000000, 0x0000000084000000|100%| O|  |TAMS 0x0000000083f00000, 0x0000000083f00000| Untracked 
|  64|0x0000000084000000, 0x0000000084100000, 0x0000000084100000|100%| O|  |TAMS 0x0000000084100000, 0x0000000084000000| Untracked 
|  65|0x0000000084100000, 0x0000000084200000, 0x0000000084200000|100%| O|  |TAMS 0x0000000084200000, 0x0000000084100000| Untracked 
|  66|0x0000000084200000, 0x0000000084300000, 0x0000000084300000|100%| O|  |TAMS 0x0000000084300000, 0x0000000084200000| Untracked 
|  67|0x0000000084300000, 0x0000000084400000, 0x0000000084400000|100%| O|  |TAMS 0x0000000084400000, 0x0000000084300000| Untracked 
|  68|0x0000000084400000, 0x0000000084500000, 0x0000000084500000|100%| O|  |TAMS 0x0000000084500000, 0x0000000084400000| Untracked 
|  69|0x0000000084500000, 0x0000000084600000, 0x0000000084600000|100%| O|  |TAMS 0x0000000084600000, 0x0000000084500000| Untracked 
|  70|0x0000000084600000, 0x0000000084700000, 0x0000000084700000|100%| O|  |TAMS 0x0000000084700000, 0x0000000084600000| Untracked 
|  71|0x0000000084700000, 0x0000000084800000, 0x0000000084800000|100%| O|  |TAMS 0x0000000084800000, 0x0000000084700000| Untracked 
|  72|0x0000000084800000, 0x0000000084900000, 0x0000000084900000|100%| O|  |TAMS 0x0000000084900000, 0x0000000084800000| Untracked 
|  73|0x0000000084900000, 0x0000000084a00000, 0x0000000084a00000|100%| O|  |TAMS 0x0000000084a00000, 0x0000000084900000| Untracked 
|  74|0x0000000084a00000, 0x0000000084b00000, 0x0000000084b00000|100%| O|  |TAMS 0x0000000084b00000, 0x0000000084a00000| Untracked 
|  75|0x0000000084b00000, 0x0000000084c00000, 0x0000000084c00000|100%| O|  |TAMS 0x0000000084c00000, 0x0000000084b00000| Untracked 
|  76|0x0000000084c00000, 0x0000000084d00000, 0x0000000084d00000|100%| O|  |TAMS 0x0000000084d00000, 0x0000000084c00000| Untracked 
|  77|0x0000000084d00000, 0x0000000084e00000, 0x0000000084e00000|100%| O|  |TAMS 0x0000000084e00000, 0x0000000084d00000| Untracked 
|  78|0x0000000084e00000, 0x0000000084e00000, 0x0000000084f00000|  0%| F|  |TAMS 0x0000000084e00000, 0x0000000084e00000| Untracked 
|  79|0x0000000084f00000, 0x0000000085000000, 0x0000000085000000|100%| O|  |TAMS 0x0000000085000000, 0x0000000084f00000| Untracked 
|  80|0x0000000085000000, 0x0000000085100000, 0x0000000085100000|100%| O|  |TAMS 0x0000000085100000, 0x0000000085000000| Untracked 
|  81|0x0000000085100000, 0x0000000085200000, 0x0000000085200000|100%| O|  |TAMS 0x0000000085185e00, 0x0000000085100000| Untracked 
|  82|0x0000000085200000, 0x0000000085300000, 0x0000000085300000|100%| O|  |TAMS 0x0000000085200000, 0x0000000085200000| Untracked 
|  83|0x0000000085300000, 0x0000000085400000, 0x0000000085400000|100%| O|  |TAMS 0x0000000085300000, 0x0000000085300000| Untracked 
|  84|0x0000000085400000, 0x0000000085500000, 0x0000000085500000|100%| O|  |TAMS 0x0000000085400000, 0x0000000085400000| Untracked 
|  85|0x0000000085500000, 0x0000000085600000, 0x0000000085600000|100%| O|  |TAMS 0x0000000085500000, 0x0000000085500000| Untracked 
|  86|0x0000000085600000, 0x0000000085700000, 0x0000000085700000|100%| O|  |TAMS 0x0000000085600000, 0x0000000085600000| Untracked 
|  87|0x0000000085700000, 0x0000000085800000, 0x0000000085800000|100%| O|  |TAMS 0x0000000085700000, 0x0000000085700000| Untracked 
|  88|0x0000000085800000, 0x0000000085900000, 0x0000000085900000|100%| O|  |TAMS 0x0000000085800000, 0x0000000085800000| Untracked 
|  89|0x0000000085900000, 0x0000000085a00000, 0x0000000085a00000|100%| O|  |TAMS 0x0000000085900000, 0x0000000085900000| Untracked 
|  90|0x0000000085a00000, 0x0000000085b00000, 0x0000000085b00000|100%| O|  |TAMS 0x0000000085a00000, 0x0000000085a00000| Untracked 
|  91|0x0000000085b00000, 0x0000000085c00000, 0x0000000085c00000|100%| O|  |TAMS 0x0000000085b00000, 0x0000000085b00000| Untracked 
|  92|0x0000000085c00000, 0x0000000085d00000, 0x0000000085d00000|100%| O|  |TAMS 0x0000000085c00000, 0x0000000085c00000| Untracked 
|  93|0x0000000085d00000, 0x0000000085e00000, 0x0000000085e00000|100%| O|  |TAMS 0x0000000085d00000, 0x0000000085d00000| Untracked 
|  94|0x0000000085e00000, 0x0000000085f00000, 0x0000000085f00000|100%| O|  |TAMS 0x0000000085e00000, 0x0000000085e00000| Untracked 
|  95|0x0000000085f00000, 0x0000000086000000, 0x0000000086000000|100%| O|  |TAMS 0x0000000085f00000, 0x0000000085f00000| Untracked 
|  96|0x0000000086000000, 0x0000000086100000, 0x0000000086100000|100%| O|  |TAMS 0x0000000086000000, 0x0000000086000000| Untracked 
|  97|0x0000000086100000, 0x0000000086200000, 0x0000000086200000|100%| O|  |TAMS 0x0000000086100000, 0x0000000086100000| Untracked 
|  98|0x0000000086200000, 0x0000000086300000, 0x0000000086300000|100%| O|  |TAMS 0x0000000086200000, 0x0000000086200000| Untracked 
|  99|0x0000000086300000, 0x0000000086400000, 0x0000000086400000|100%| O|  |TAMS 0x0000000086300000, 0x0000000086300000| Untracked 
| 100|0x0000000086400000, 0x00000000864f4000, 0x0000000086500000| 95%| O|  |TAMS 0x0000000086400000, 0x0000000086400000| Untracked 
| 101|0x0000000086500000, 0x0000000086500000, 0x0000000086600000|  0%| F|  |TAMS 0x0000000086500000, 0x0000000086500000| Untracked 
| 102|0x0000000086600000, 0x0000000086600000, 0x0000000086700000|  0%| F|  |TAMS 0x0000000086600000, 0x0000000086600000| Untracked 
| 103|0x0000000086700000, 0x0000000086700000, 0x0000000086800000|  0%| F|  |TAMS 0x0000000086700000, 0x0000000086700000| Untracked 
| 104|0x0000000086800000, 0x0000000086800000, 0x0000000086900000|  0%| F|  |TAMS 0x0000000086800000, 0x0000000086800000| Untracked 
| 105|0x0000000086900000, 0x0000000086900000, 0x0000000086a00000|  0%| F|  |TAMS 0x0000000086900000, 0x0000000086900000| Untracked 
| 106|0x0000000086a00000, 0x0000000086a00000, 0x0000000086b00000|  0%| F|  |TAMS 0x0000000086a00000, 0x0000000086a00000| Untracked 
| 107|0x0000000086b00000, 0x0000000086b00000, 0x0000000086c00000|  0%| F|  |TAMS 0x0000000086b00000, 0x0000000086b00000| Untracked 
| 108|0x0000000086c00000, 0x0000000086c00000, 0x0000000086d00000|  0%| F|  |TAMS 0x0000000086c00000, 0x0000000086c00000| Untracked 
| 109|0x0000000086d00000, 0x0000000086d00000, 0x0000000086e00000|  0%| F|  |TAMS 0x0000000086d00000, 0x0000000086d00000| Untracked 
| 110|0x0000000086e00000, 0x0000000086e00000, 0x0000000086f00000|  0%| F|  |TAMS 0x0000000086e00000, 0x0000000086e00000| Untracked 
| 111|0x0000000086f00000, 0x0000000086f00000, 0x0000000087000000|  0%| F|  |TAMS 0x0000000086f00000, 0x0000000086f00000| Untracked 
| 112|0x0000000087000000, 0x0000000087000000, 0x0000000087100000|  0%| F|  |TAMS 0x0000000087000000, 0x0000000087000000| Untracked 
| 113|0x0000000087100000, 0x0000000087100000, 0x0000000087200000|  0%| F|  |TAMS 0x0000000087100000, 0x0000000087100000| Untracked 
| 114|0x0000000087200000, 0x0000000087200000, 0x0000000087300000|  0%| F|  |TAMS 0x0000000087200000, 0x0000000087200000| Untracked 
| 115|0x0000000087300000, 0x0000000087300000, 0x0000000087400000|  0%| F|  |TAMS 0x0000000087300000, 0x0000000087300000| Untracked 
| 116|0x0000000087400000, 0x0000000087400000, 0x0000000087500000|  0%| F|  |TAMS 0x0000000087400000, 0x0000000087400000| Untracked 
| 117|0x0000000087500000, 0x0000000087500000, 0x0000000087600000|  0%| F|  |TAMS 0x0000000087500000, 0x0000000087500000| Untracked 
| 118|0x0000000087600000, 0x0000000087600000, 0x0000000087700000|  0%| F|  |TAMS 0x0000000087600000, 0x0000000087600000| Untracked 
| 119|0x0000000087700000, 0x0000000087700000, 0x0000000087800000|  0%| F|  |TAMS 0x0000000087700000, 0x0000000087700000| Untracked 
| 120|0x0000000087800000, 0x0000000087800000, 0x0000000087900000|  0%| F|  |TAMS 0x0000000087800000, 0x0000000087800000| Untracked 
| 121|0x0000000087900000, 0x0000000087900000, 0x0000000087a00000|  0%| F|  |TAMS 0x0000000087900000, 0x0000000087900000| Untracked 
| 122|0x0000000087a00000, 0x0000000087a00000, 0x0000000087b00000|  0%| F|  |TAMS 0x0000000087a00000, 0x0000000087a00000| Untracked 
| 123|0x0000000087b00000, 0x0000000087b00000, 0x0000000087c00000|  0%| F|  |TAMS 0x0000000087b00000, 0x0000000087b00000| Untracked 
| 124|0x0000000087c00000, 0x0000000087c00000, 0x0000000087d00000|  0%| F|  |TAMS 0x0000000087c00000, 0x0000000087c00000| Untracked 
| 125|0x0000000087d00000, 0x0000000087d00000, 0x0000000087e00000|  0%| F|  |TAMS 0x0000000087d00000, 0x0000000087d00000| Untracked 
| 126|0x0000000087e00000, 0x0000000087e00000, 0x0000000087f00000|  0%| F|  |TAMS 0x0000000087e00000, 0x0000000087e00000| Untracked 
| 127|0x0000000087f00000, 0x0000000087f00000, 0x0000000088000000|  0%| F|  |TAMS 0x0000000087f00000, 0x0000000087f00000| Untracked 
| 128|0x0000000088000000, 0x0000000088000000, 0x0000000088100000|  0%| F|  |TAMS 0x0000000088000000, 0x0000000088000000| Untracked 
| 129|0x0000000088100000, 0x0000000088100000, 0x0000000088200000|  0%| F|  |TAMS 0x0000000088100000, 0x0000000088100000| Untracked 
| 130|0x0000000088200000, 0x0000000088200000, 0x0000000088300000|  0%| F|  |TAMS 0x0000000088200000, 0x0000000088200000| Untracked 
| 131|0x0000000088300000, 0x0000000088300000, 0x0000000088400000|  0%| F|  |TAMS 0x0000000088300000, 0x0000000088300000| Untracked 
| 132|0x0000000088400000, 0x0000000088400000, 0x0000000088500000|  0%| F|  |TAMS 0x0000000088400000, 0x0000000088400000| Untracked 
| 133|0x0000000088500000, 0x0000000088500000, 0x0000000088600000|  0%| F|  |TAMS 0x0000000088500000, 0x0000000088500000| Untracked 
| 134|0x0000000088600000, 0x0000000088600000, 0x0000000088700000|  0%| F|  |TAMS 0x0000000088600000, 0x0000000088600000| Untracked 
| 135|0x0000000088700000, 0x0000000088700000, 0x0000000088800000|  0%| F|  |TAMS 0x0000000088700000, 0x0000000088700000| Untracked 
| 136|0x0000000088800000, 0x0000000088800000, 0x0000000088900000|  0%| F|  |TAMS 0x0000000088800000, 0x0000000088800000| Untracked 
| 137|0x0000000088900000, 0x0000000088900000, 0x0000000088a00000|  0%| F|  |TAMS 0x0000000088900000, 0x0000000088900000| Untracked 
| 138|0x0000000088a00000, 0x0000000088a00000, 0x0000000088b00000|  0%| F|  |TAMS 0x0000000088a00000, 0x0000000088a00000| Untracked 
| 139|0x0000000088b00000, 0x0000000088b00000, 0x0000000088c00000|  0%| F|  |TAMS 0x0000000088b00000, 0x0000000088b00000| Untracked 
| 140|0x0000000088c00000, 0x0000000088c00000, 0x0000000088d00000|  0%| F|  |TAMS 0x0000000088c00000, 0x0000000088c00000| Untracked 
| 141|0x0000000088d00000, 0x0000000088d00000, 0x0000000088e00000|  0%| F|  |TAMS 0x0000000088d00000, 0x0000000088d00000| Untracked 
| 142|0x0000000088e00000, 0x0000000088e00000, 0x0000000088f00000|  0%| F|  |TAMS 0x0000000088e00000, 0x0000000088e00000| Untracked 
| 143|0x0000000088f00000, 0x0000000088f00000, 0x0000000089000000|  0%| F|  |TAMS 0x0000000088f00000, 0x0000000088f00000| Untracked 
| 144|0x0000000089000000, 0x0000000089000000, 0x0000000089100000|  0%| F|  |TAMS 0x0000000089000000, 0x0000000089000000| Untracked 
| 145|0x0000000089100000, 0x0000000089100000, 0x0000000089200000|  0%| F|  |TAMS 0x0000000089100000, 0x0000000089100000| Untracked 
| 146|0x0000000089200000, 0x0000000089200000, 0x0000000089300000|  0%| F|  |TAMS 0x0000000089200000, 0x0000000089200000| Untracked 
| 147|0x0000000089300000, 0x0000000089300000, 0x0000000089400000|  0%| F|  |TAMS 0x0000000089300000, 0x0000000089300000| Untracked 
| 148|0x0000000089400000, 0x0000000089400000, 0x0000000089500000|  0%| F|  |TAMS 0x0000000089400000, 0x0000000089400000| Untracked 
| 149|0x0000000089500000, 0x0000000089500000, 0x0000000089600000|  0%| F|  |TAMS 0x0000000089500000, 0x0000000089500000| Untracked 
| 150|0x0000000089600000, 0x0000000089600000, 0x0000000089700000|  0%| F|  |TAMS 0x0000000089600000, 0x0000000089600000| Untracked 
| 151|0x0000000089700000, 0x0000000089700000, 0x0000000089800000|  0%| F|  |TAMS 0x0000000089700000, 0x0000000089700000| Untracked 
| 152|0x0000000089800000, 0x0000000089800000, 0x0000000089900000|  0%| F|  |TAMS 0x0000000089800000, 0x0000000089800000| Untracked 
| 153|0x0000000089900000, 0x0000000089900000, 0x0000000089a00000|  0%| F|  |TAMS 0x0000000089900000, 0x0000000089900000| Untracked 
| 154|0x0000000089a00000, 0x0000000089a00000, 0x0000000089b00000|  0%| F|  |TAMS 0x0000000089a00000, 0x0000000089a00000| Untracked 
| 155|0x0000000089b00000, 0x0000000089c00000, 0x0000000089c00000|100%| S|CS|TAMS 0x0000000089b00000, 0x0000000089b00000| Complete 
| 156|0x0000000089c00000, 0x0000000089c00000, 0x0000000089d00000|  0%| F|  |TAMS 0x0000000089c00000, 0x0000000089c00000| Untracked 

Card table byte_map: [0x000001705a4c0000,0x000001705a8c0000] _byte_map_base: 0x000001705a0c0000

Marking Bits (Prev, Next): (CMBitMap*) 0x00000170434b6670, (CMBitMap*) 0x00000170434b6630
 Prev Bits: [0x000001705ccc0000, 0x000001705ecc0000)
 Next Bits: [0x000001705acc0000, 0x000001705ccc0000)

Polling page: 0x00000170413a0000

Metaspace:

Usage:
  Non-class:     70.38 MB used.
      Class:     11.06 MB used.
       Both:     81.44 MB used.

Virtual space:
  Non-class space:      128.00 MB reserved,      71.25 MB ( 56%) committed,  2 nodes.
      Class space:        1.00 GB reserved,      12.00 MB (  1%) committed,  1 nodes.
             Both:        1.12 GB reserved,      83.25 MB (  7%) committed. 

Chunk freelists:
   Non-Class:  17.00 KB
       Class:  3.98 MB
        Both:  4.00 MB

MaxMetaspaceSize: unlimited
CompressedClassSpaceSize: 1.00 GB
Initial GC threshold: 21.00 MB
Current GC threshold: 133.12 MB
CDS: on
MetaspaceReclaimPolicy: balanced
 - commit_granule_bytes: 65536.
 - commit_granule_words: 8192.
 - virtual_space_node_default_size: 8388608.
 - enlarge_chunks_in_place: 1.
 - new_chunks_are_fully_committed: 0.
 - uncommit_free_chunks: 1.
 - use_allocation_guard: 0.


Internal statistics:

num_allocs_failed_limit: 6.
num_arena_births: 3316.
num_arena_deaths: 14.
num_vsnodes_births: 3.
num_vsnodes_deaths: 0.
num_space_committed: 1332.
num_space_uncommitted: 0.
num_chunks_returned_to_freelist: 24.
num_chunks_taken_from_freelist: 6922.
num_chunk_merges: 13.
num_chunk_splits: 4619.
num_chunks_enlarged: 2978.
num_inconsistent_stats: 0.

CodeHeap 'non-profiled nmethods': size=120000Kb used=5621Kb max_used=5621Kb free=114378Kb
 bounds [0x0000017052860000, 0x0000017052de0000, 0x0000017059d90000]
CodeHeap 'profiled nmethods': size=120000Kb used=18225Kb max_used=18225Kb free=101774Kb
 bounds [0x000001704b330000, 0x000001704c500000, 0x0000017052860000]
CodeHeap 'non-nmethods': size=5760Kb used=2397Kb max_used=2502Kb free=3363Kb
 bounds [0x000001704ad90000, 0x000001704b010000, 0x000001704b330000]
 total_blobs=10502 nmethods=9585 adapters=829
 compilation: enabled
              stopped_count=0, restarted_count=0
 full_count=0

Compilation events (20 events):
Event: 9.068 Thread 0x00000170616d2df0 nmethod 11122 0x0000017052ddac10 code [0x0000017052ddada0, 0x0000017052ddb028]
Event: 9.068 Thread 0x00000170616d2df0 11133       4       com.android.ide.common.resources.NodeUtils::updateNamespace (161 bytes)
Event: 9.068 Thread 0x00000170616dd800 11137       2       java.util.Formatter$Conversion::isValid (358 bytes)
Event: 9.068 Thread 0x00000170616dd800 nmethod 11137 0x000001704c4fb990 code [0x000001704c4fbb20, 0x000001704c4fbc98]
Event: 9.070 Thread 0x00000170616dd800 11141       2       org.apache.xerces.util.XMLChar::isNCName (24 bytes)
Event: 9.070 Thread 0x00000170616dd800 nmethod 11141 0x000001704c4fbd10 code [0x000001704c4fbea0, 0x000001704c4fbff8]
Event: 9.070 Thread 0x00000170616dd800 11142       2       java.lang.StringBuffer::<init> (7 bytes)
Event: 9.070 Thread 0x00000170616dd800 nmethod 11142 0x000001704c4fc110 code [0x000001704c4fc2a0, 0x000001704c4fc3c8]
Event: 9.072 Thread 0x00000170616dd800 11143       2       org.apache.xerces.util.XMLChar::isValidNCName (56 bytes)
Event: 9.072 Thread 0x00000170616dd800 nmethod 11143 0x000001704c4fc490 code [0x000001704c4fc660, 0x000001704c4fcb18]
Event: 9.072 Thread 0x00000170616dd800 11144       1       org.apache.xerces.dom.CoreDocumentImpl::isXML11Version (5 bytes)
Event: 9.072 Thread 0x00000170616dd800 nmethod 11144 0x0000017052ddb190 code [0x0000017052ddb320, 0x0000017052ddb3f8]
Event: 9.074 Thread 0x00000170675a1e80 nmethod 11132 0x0000017052ddb490 code [0x0000017052ddb680, 0x0000017052ddc1d8]
Event: 9.075 Thread 0x00000170675a1e80 11145       4       org.apache.xerces.dom.DeferredDocumentImpl::getNodeObject (511 bytes)
Event: 9.090 Thread 0x00000170675a1e80 nmethod 11145 0x0000017052ddc990 code [0x0000017052ddcb40, 0x0000017052ddd0f8]
Event: 9.090 Thread 0x00000170675a1e80 11148       4       org.apache.xerces.dom.AttrImpl::getValue (176 bytes)
Event: 9.095 Thread 0x00000170616dd800 11152       2       com.android.ide.common.resources.DataFile::hasNotRemovedItems (48 bytes)
Event: 9.095 Thread 0x00000170616dd800 nmethod 11152 0x000001704c4fce90 code [0x000001704c4fd060, 0x000001704c4fd2f8]
Event: 9.095 Thread 0x00000170616dd800 11153       2       com.android.ide.common.resources.DataSet::createFileElement (81 bytes)
Event: 9.096 Thread 0x00000170616dd800 nmethod 11153 0x000001704c4fd490 code [0x000001704c4fd6a0, 0x000001704c4fda08]

GC Heap History (20 events):
Event: 5.949 GC heap after
{Heap after GC invocations=20 (full 0):
 garbage-first heap   total 118784K, used 62225K [0x0000000080000000, 0x0000000100000000)
  region size 1024K, 5 young (5120K), 5 survivors (5120K)
 Metaspace       used 60353K, committed 62016K, reserved 1114112K
  class space    used 8045K, committed 8960K, reserved 1048576K
}
Event: 6.347 GC heap before
{Heap before GC invocations=20 (full 0):
 garbage-first heap   total 118784K, used 93969K [0x0000000080000000, 0x0000000100000000)
  region size 1024K, 36 young (36864K), 5 survivors (5120K)
 Metaspace       used 61997K, committed 63680K, reserved 1114112K
  class space    used 8243K, committed 9152K, reserved 1048576K
}
Event: 6.354 GC heap after
{Heap after GC invocations=21 (full 0):
 garbage-first heap   total 118784K, used 65247K [0x0000000080000000, 0x0000000100000000)
  region size 1024K, 4 young (4096K), 4 survivors (4096K)
 Metaspace       used 61997K, committed 63680K, reserved 1114112K
  class space    used 8243K, committed 9152K, reserved 1048576K
}
Event: 6.796 GC heap before
{Heap before GC invocations=22 (full 0):
 garbage-first heap   total 118784K, used 94943K [0x0000000080000000, 0x0000000100000000)
  region size 1024K, 33 young (33792K), 4 survivors (4096K)
 Metaspace       used 65720K, committed 67392K, reserved 1114112K
  class space    used 8921K, committed 9792K, reserved 1048576K
}
Event: 6.799 GC heap after
{Heap after GC invocations=23 (full 0):
 garbage-first heap   total 143360K, used 67179K [0x0000000080000000, 0x0000000100000000)
  region size 1024K, 3 young (3072K), 3 survivors (3072K)
 Metaspace       used 65720K, committed 67392K, reserved 1114112K
  class space    used 8921K, committed 9792K, reserved 1048576K
}
Event: 7.229 GC heap before
{Heap before GC invocations=23 (full 0):
 garbage-first heap   total 143360K, used 115307K [0x0000000080000000, 0x0000000100000000)
  region size 1024K, 50 young (51200K), 3 survivors (3072K)
 Metaspace       used 69780K, committed 71552K, reserved 1114112K
  class space    used 9486K, committed 10432K, reserved 1048576K
}
Event: 7.233 GC heap after
{Heap after GC invocations=24 (full 0):
 garbage-first heap   total 143360K, used 70481K [0x0000000080000000, 0x0000000100000000)
  region size 1024K, 6 young (6144K), 6 survivors (6144K)
 Metaspace       used 69780K, committed 71552K, reserved 1114112K
  class space    used 9486K, committed 10432K, reserved 1048576K
}
Event: 7.688 GC heap before
{Heap before GC invocations=25 (full 0):
 garbage-first heap   total 143360K, used 116561K [0x0000000080000000, 0x0000000100000000)
  region size 1024K, 51 young (52224K), 6 survivors (6144K)
 Metaspace       used 75227K, committed 76992K, reserved 1179648K
  class space    used 10221K, committed 11136K, reserved 1048576K
}
Event: 7.695 GC heap after
{Heap after GC invocations=26 (full 0):
 garbage-first heap   total 143360K, used 74072K [0x0000000080000000, 0x0000000100000000)
  region size 1024K, 7 young (7168K), 7 survivors (7168K)
 Metaspace       used 75227K, committed 76992K, reserved 1179648K
  class space    used 10221K, committed 11136K, reserved 1048576K
}
Event: 8.199 GC heap before
{Heap before GC invocations=26 (full 0):
 garbage-first heap   total 143360K, used 116056K [0x0000000080000000, 0x0000000100000000)
  region size 1024K, 49 young (50176K), 7 survivors (7168K)
 Metaspace       used 79189K, committed 80960K, reserved 1179648K
  class space    used 10835K, committed 11776K, reserved 1048576K
}
Event: 8.208 GC heap after
{Heap after GC invocations=27 (full 0):
 garbage-first heap   total 143360K, used 80182K [0x0000000080000000, 0x0000000100000000)
  region size 1024K, 7 young (7168K), 7 survivors (7168K)
 Metaspace       used 79189K, committed 80960K, reserved 1179648K
  class space    used 10835K, committed 11776K, reserved 1048576K
}
Event: 8.445 GC heap before
{Heap before GC invocations=28 (full 0):
 garbage-first heap   total 160768K, used 114998K [0x0000000080000000, 0x0000000100000000)
  region size 1024K, 42 young (43008K), 7 survivors (7168K)
 Metaspace       used 79436K, committed 81216K, reserved 1179648K
  class space    used 10844K, committed 11776K, reserved 1048576K
}
Event: 8.450 GC heap after
{Heap after GC invocations=29 (full 0):
 garbage-first heap   total 160768K, used 82989K [0x0000000080000000, 0x0000000100000000)
  region size 1024K, 3 young (3072K), 3 survivors (3072K)
 Metaspace       used 79436K, committed 81216K, reserved 1179648K
  class space    used 10844K, committed 11776K, reserved 1048576K
}
Event: 8.457 GC heap before
{Heap before GC invocations=29 (full 0):
 garbage-first heap   total 160768K, used 87085K [0x0000000080000000, 0x0000000100000000)
  region size 1024K, 7 young (7168K), 3 survivors (3072K)
 Metaspace       used 79446K, committed 81280K, reserved 1179648K
  class space    used 10844K, committed 11776K, reserved 1048576K
}
Event: 8.459 GC heap after
{Heap after GC invocations=30 (full 0):
 garbage-first heap   total 160768K, used 82807K [0x0000000080000000, 0x0000000100000000)
  region size 1024K, 1 young (1024K), 1 survivors (1024K)
 Metaspace       used 79446K, committed 81280K, reserved 1179648K
  class space    used 10844K, committed 11776K, reserved 1048576K
}
Event: 8.639 GC heap before
{Heap before GC invocations=30 (full 0):
 garbage-first heap   total 160768K, used 99191K [0x0000000080000000, 0x0000000100000000)
  region size 1024K, 19 young (19456K), 1 survivors (1024K)
 Metaspace       used 80056K, committed 81792K, reserved 1179648K
  class space    used 10929K, committed 11840K, reserved 1048576K
}
Event: 8.641 GC heap after
{Heap after GC invocations=31 (full 0):
 garbage-first heap   total 160768K, used 83816K [0x0000000080000000, 0x0000000100000000)
  region size 1024K, 2 young (2048K), 2 survivors (2048K)
 Metaspace       used 80056K, committed 81792K, reserved 1179648K
  class space    used 10929K, committed 11840K, reserved 1048576K
}
Event: 9.079 GC heap before
{Heap before GC invocations=32 (full 0):
 garbage-first heap   total 160768K, used 132968K [0x0000000080000000, 0x0000000100000000)
  region size 1024K, 49 young (50176K), 2 survivors (2048K)
 Metaspace       used 83394K, committed 85248K, reserved 1179648K
  class space    used 11325K, committed 12288K, reserved 1048576K
}
Event: 9.088 GC heap after
{Heap after GC invocations=33 (full 0):
 garbage-first heap   total 160768K, used 101126K [0x0000000080000000, 0x0000000100000000)
  region size 1024K, 7 young (7168K), 7 survivors (7168K)
 Metaspace       used 83394K, committed 85248K, reserved 1179648K
  class space    used 11325K, committed 12288K, reserved 1048576K
}
Event: 9.098 GC heap before
{Heap before GC invocations=33 (full 0):
 garbage-first heap   total 160768K, used 102150K [0x0000000080000000, 0x0000000100000000)
  region size 1024K, 8 young (8192K), 7 survivors (7168K)
 Metaspace       used 83397K, committed 85248K, reserved 1179648K
  class space    used 11325K, committed 12288K, reserved 1048576K
}

Deoptimization events (20 events):
Event: 9.040 Thread 0x000001706a61eaf0 Uncommon trap: trap_request=0xffffffde fr.pc=0x0000017052d8a428 relative=0x0000000000000088
Event: 9.040 Thread 0x000001706a61eaf0 Uncommon trap: reason=class_check action=maybe_recompile pc=0x0000017052d8a428 method=org.apache.xerces.dom.NodeImpl.getOwnerDocument()Lorg/w3c/dom/Document; @ 19 c2
Event: 9.040 Thread 0x000001706a61eaf0 DEOPT PACKING pc=0x0000017052d8a428 sp=0x0000005a367fb070
Event: 9.040 Thread 0x000001706a61eaf0 DEOPT UNPACKING pc=0x000001704ade23a3 sp=0x0000005a367fb010 mode 2
Event: 9.040 Thread 0x000001706a61eaf0 Uncommon trap: trap_request=0xffffffc6 fr.pc=0x0000017052d7ba1c relative=0x00000000000005bc
Event: 9.040 Thread 0x000001706a61eaf0 Uncommon trap: reason=bimorphic_or_optimized_type_check action=maybe_recompile pc=0x0000017052d7ba1c method=org.apache.xerces.dom.NamedNodeMapImpl.findNamePoint(Ljava/lang/String;I)I @ 50 c2
Event: 9.040 Thread 0x000001706a61eaf0 DEOPT PACKING pc=0x0000017052d7ba1c sp=0x0000005a367fb040
Event: 9.040 Thread 0x000001706a61eaf0 DEOPT UNPACKING pc=0x000001704ade23a3 sp=0x0000005a367fafd8 mode 2
Event: 9.040 Thread 0x000001706a61eaf0 Uncommon trap: trap_request=0xffffffc6 fr.pc=0x0000017052d7ba1c relative=0x00000000000005bc
Event: 9.040 Thread 0x000001706a61eaf0 Uncommon trap: reason=bimorphic_or_optimized_type_check action=maybe_recompile pc=0x0000017052d7ba1c method=org.apache.xerces.dom.NamedNodeMapImpl.findNamePoint(Ljava/lang/String;I)I @ 50 c2
Event: 9.040 Thread 0x000001706a61eaf0 DEOPT PACKING pc=0x0000017052d7ba1c sp=0x0000005a367fb050
Event: 9.040 Thread 0x000001706a61eaf0 DEOPT UNPACKING pc=0x000001704ade23a3 sp=0x0000005a367fafe8 mode 2
Event: 9.041 Thread 0x000001706a61eaf0 Uncommon trap: trap_request=0xffffffc6 fr.pc=0x0000017052d7ba1c relative=0x00000000000005bc
Event: 9.041 Thread 0x000001706a61eaf0 Uncommon trap: reason=bimorphic_or_optimized_type_check action=maybe_recompile pc=0x0000017052d7ba1c method=org.apache.xerces.dom.NamedNodeMapImpl.findNamePoint(Ljava/lang/String;I)I @ 50 c2
Event: 9.041 Thread 0x000001706a61eaf0 DEOPT PACKING pc=0x0000017052d7ba1c sp=0x0000005a367fb1a0
Event: 9.041 Thread 0x000001706a61eaf0 DEOPT UNPACKING pc=0x000001704ade23a3 sp=0x0000005a367fb138 mode 2
Event: 9.041 Thread 0x000001706a61eaf0 Uncommon trap: trap_request=0xffffff45 fr.pc=0x0000017052d8b2c8 relative=0x0000000000000168
Event: 9.041 Thread 0x000001706a61eaf0 Uncommon trap: reason=unstable_if action=reinterpret pc=0x0000017052d8b2c8 method=org.apache.xerces.dom.AttrImpl.getValue()Ljava/lang/String; @ 15 c2
Event: 9.041 Thread 0x000001706a61eaf0 DEOPT PACKING pc=0x0000017052d8b2c8 sp=0x0000005a367fb090
Event: 9.041 Thread 0x000001706a61eaf0 DEOPT UNPACKING pc=0x000001704ade23a3 sp=0x0000005a367fb010 mode 2

Classes loaded (20 events):
Event: 8.965 Loading class jdk/internal/misc/ExtendedMapMode
Event: 8.965 Loading class jdk/internal/misc/ExtendedMapMode done
Event: 8.966 Loading class sun/nio/ch/FileChannelImpl$DefaultUnmapper
Event: 8.966 Loading class sun/nio/ch/FileChannelImpl$Unmapper
Event: 8.966 Loading class jdk/internal/access/foreign/UnmapperProxy
Event: 8.966 Loading class jdk/internal/access/foreign/UnmapperProxy done
Event: 8.966 Loading class sun/nio/ch/FileChannelImpl$Unmapper done
Event: 8.966 Loading class sun/nio/ch/FileChannelImpl$DefaultUnmapper done
Event: 8.966 Loading class sun/nio/ch/Util$4
Event: 8.966 Loading class sun/nio/ch/Util$4 done
Event: 8.971 Loading class java/util/EmptyStackException
Event: 8.971 Loading class java/util/EmptyStackException done
Event: 8.974 Loading class java/io/InvalidClassException
Event: 8.974 Loading class java/io/InvalidClassException done
Event: 9.034 Loading class javax/xml/transform/stream/StreamResult
Event: 9.034 Loading class javax/xml/transform/stream/StreamResult done
Event: 9.034 Loading class javax/xml/transform/sax/SAXResult
Event: 9.034 Loading class javax/xml/transform/sax/SAXResult done
Event: 9.034 Loading class javax/xml/transform/dom/DOMResult
Event: 9.034 Loading class javax/xml/transform/dom/DOMResult done

Classes unloaded (7 events):
Event: 8.683 Thread 0x00000170616a5110 Unloading class 0x0000000801781c00 'java/lang/invoke/LambdaForm$DMH+0x0000000801781c00'
Event: 8.683 Thread 0x00000170616a5110 Unloading class 0x0000000801781800 'java/lang/invoke/LambdaForm$DMH+0x0000000801781800'
Event: 8.683 Thread 0x00000170616a5110 Unloading class 0x0000000801781400 'java/lang/invoke/LambdaForm$DMH+0x0000000801781400'
Event: 8.683 Thread 0x00000170616a5110 Unloading class 0x0000000801781000 'java/lang/invoke/LambdaForm$DMH+0x0000000801781000'
Event: 8.683 Thread 0x00000170616a5110 Unloading class 0x0000000801780c00 'java/lang/invoke/LambdaForm$DMH+0x0000000801780c00'
Event: 8.683 Thread 0x00000170616a5110 Unloading class 0x0000000801780000 'java/lang/invoke/LambdaForm$DMH+0x0000000801780000'
Event: 8.683 Thread 0x00000170616a5110 Unloading class 0x0000000801780800 'java/lang/invoke/LambdaForm$DMH+0x0000000801780800'

Classes redefined (0 events):
No events

Internal exceptions (20 events):
Event: 8.018 Thread 0x000001706a61e150 Exception <a 'java/lang/NoSuchMethodError'{0x000000008774fe30}: 'java.lang.Object java.lang.invoke.DirectMethodHandle$Holder.invokeInterface(java.lang.Object, java.lang.Object, int)'> (0x000000008774fe30) 
thrown [s\open\src\hotspot\share\interpreter\linkResolver.cpp, line 766]
Event: 8.018 Thread 0x000001706a61e150 Exception <a 'java/lang/NoSuchMethodError'{0x000000008776b920}: 'void java.lang.invoke.DirectMethodHandle$Holder.invokeStatic(java.lang.Object, java.lang.Object, java.lang.Object, int)'> (0x000000008776b920) 
thrown [s\open\src\hotspot\share\interpreter\linkResolver.cpp, line 766]
Event: 8.042 Thread 0x000001706a61e150 Implicit null exception at 0x00000170529ab9d7 to 0x00000170529abb78
Event: 8.045 Thread 0x000001706a61e150 Exception <a 'java/lang/IncompatibleClassChangeError'{0x00000000876a1568}: Found class java.lang.Object, but interface was expected> (0x00000000876a1568) 
thrown [s\open\src\hotspot\share\interpreter\linkResolver.cpp, line 833]
Event: 8.137 Thread 0x000001706a61e150 Exception <a 'java/lang/NoSuchMethodError'{0x0000000086fb5740}: 'void java.lang.invoke.DirectMethodHandle$Holder.invokeStatic(java.lang.Object, java.lang.Object, java.lang.Object, java.lang.Object, int, java.lang.Object, java.lang.Object)'> (0x0000000086fb5740) 
thrown [s\open\src\hotspot\share\interpreter\linkResolver.cpp, line 766]
Event: 8.144 Thread 0x00000170677e6080 Implicit null exception at 0x0000017052a7d70d to 0x0000017052a7e0a1
Event: 8.153 Thread 0x00000170677e6080 Exception <a 'java/lang/NoSuchMethodError'{0x0000000086ae0bc0}: 'java.lang.Object java.lang.invoke.DirectMethodHandle$Holder.invokeSpecialIFC(java.lang.Object, java.lang.Object, java.lang.Object)'> (0x0000000086ae0bc0) 
thrown [s\open\src\hotspot\share\interpreter\linkResolver.cpp, line 766]
Event: 8.153 Thread 0x00000170677e8bd0 Exception <a 'java/lang/NoSuchMethodError'{0x0000000086aadd78}: 'java.lang.Object java.lang.invoke.DirectMethodHandle$Holder.invokeSpecialIFC(java.lang.Object, java.lang.Object, java.lang.Object)'> (0x0000000086aadd78) 
thrown [s\open\src\hotspot\share\interpreter\linkResolver.cpp, line 766]
Event: 8.153 Thread 0x0000017067b49830 Exception <a 'java/lang/NoSuchMethodError'{0x0000000086ac9e80}: 'java.lang.Object java.lang.invoke.DirectMethodHandle$Holder.invokeSpecialIFC(java.lang.Object, java.lang.Object, java.lang.Object)'> (0x0000000086ac9e80) 
thrown [s\open\src\hotspot\share\interpreter\linkResolver.cpp, line 766]
Event: 8.153 Thread 0x000001706a61dc80 Exception <a 'java/lang/NoSuchMethodError'{0x0000000086af01c8}: 'java.lang.Object java.lang.invoke.DirectMethodHandle$Holder.invokeSpecialIFC(java.lang.Object, java.lang.Object, java.lang.Object)'> (0x0000000086af01c8) 
thrown [s\open\src\hotspot\share\interpreter\linkResolver.cpp, line 766]
Event: 8.153 Thread 0x00000170677e90a0 Exception <a 'java/lang/NoSuchMethodError'{0x0000000086ad37b8}: 'java.lang.Object java.lang.invoke.DirectMethodHandle$Holder.invokeSpecialIFC(java.lang.Object, java.lang.Object, java.lang.Object)'> (0x0000000086ad37b8) 
thrown [s\open\src\hotspot\share\interpreter\linkResolver.cpp, line 766]
Event: 8.153 Thread 0x0000017067b4e060 Exception <a 'java/lang/NoSuchMethodError'{0x0000000086a9fcc8}: 'java.lang.Object java.lang.invoke.DirectMethodHandle$Holder.invokeSpecialIFC(java.lang.Object, java.lang.Object, java.lang.Object)'> (0x0000000086a9fcc8) 
thrown [s\open\src\hotspot\share\interpreter\linkResolver.cpp, line 766]
Event: 8.153 Thread 0x00000170677e56e0 Exception <a 'java/lang/NoSuchMethodError'{0x0000000086abd790}: 'java.lang.Object java.lang.invoke.DirectMethodHandle$Holder.invokeSpecialIFC(java.lang.Object, java.lang.Object, java.lang.Object)'> (0x0000000086abd790) 
thrown [s\open\src\hotspot\share\interpreter\linkResolver.cpp, line 766]
Event: 8.153 Thread 0x00000170677e73c0 Exception <a 'java/lang/NoSuchMethodError'{0x0000000086afeb90}: 'java.lang.Object java.lang.invoke.DirectMethodHandle$Holder.invokeSpecialIFC(java.lang.Object, java.lang.Object, java.lang.Object)'> (0x0000000086afeb90) 
thrown [s\open\src\hotspot\share\interpreter\linkResolver.cpp, line 766]
Event: 8.173 Thread 0x0000017067b49830 Exception <a 'java/lang/NoSuchMethodError'{0x000000008666fd50}: 'int java.lang.invoke.DirectMethodHandle$Holder.invokeStaticInit(java.lang.Object, java.lang.Object, java.lang.Object, java.lang.Object, java.lang.Object)'> (0x000000008666fd50) 
thrown [s\open\src\hotspot\share\interpreter\linkResolver.cpp, line 766]
Event: 8.213 Thread 0x00000170677ea8b0 Implicit null exception at 0x0000017052a2e788 to 0x0000017052a2e914
Event: 8.311 Thread 0x000001706a525060 Exception <a 'java/lang/NoSuchMethodError'{0x0000000088abf028}: 'void java.lang.invoke.DirectMethodHandle$Holder.invokeVirtual(java.lang.Object, java.lang.Object)'> (0x0000000088abf028) 
thrown [s\open\src\hotspot\share\interpreter\linkResolver.cpp, line 766]
Event: 8.966 Thread 0x000001706a61eaf0 Exception <a 'java/lang/NoSuchMethodError'{0x000000008768a770}: 'long java.lang.invoke.DirectMethodHandle$Holder.invokeStatic(java.lang.Object, java.lang.Object, int)'> (0x000000008768a770) 
thrown [s\open\src\hotspot\share\interpreter\linkResolver.cpp, line 766]
Event: 8.967 Thread 0x000001706a61eaf0 Exception <a 'java/lang/NoSuchMethodError'{0x0000000087699888}: 'java.lang.Object java.lang.invoke.DelegatingMethodHandle$Holder.reinvoke_L(java.lang.Object, int, long, java.lang.Object, java.lang.Object, int, java.lang.Object)'> (0x0000000087699888) 
thrown [s\open\src\hotspot\share\interpreter\linkResolver.cpp, line 766]
Event: 9.036 Thread 0x000001706a61eaf0 Exception <a 'java/lang/NoSuchMethodError'{0x00000000870812c0}: 'int java.lang.invoke.Invokers$Holder.invokeExact_MT(java.lang.Object, java.lang.Object, java.lang.Object)'> (0x00000000870812c0) 
thrown [s\open\src\hotspot\share\interpreter\linkResolver.cpp, line 766]

VM Operations (20 events):
Event: 8.720 Executing VM operation: G1Concurrent done
Event: 8.822 Executing VM operation: HandshakeAllThreads
Event: 8.823 Executing VM operation: HandshakeAllThreads done
Event: 8.826 Executing VM operation: HandshakeAllThreads
Event: 8.826 Executing VM operation: HandshakeAllThreads done
Event: 8.827 Executing VM operation: HandshakeAllThreads
Event: 8.827 Executing VM operation: HandshakeAllThreads done
Event: 8.877 Executing VM operation: HandshakeAllThreads
Event: 8.877 Executing VM operation: HandshakeAllThreads done
Event: 8.954 Executing VM operation: HandshakeAllThreads
Event: 8.954 Executing VM operation: HandshakeAllThreads done
Event: 8.960 Executing VM operation: ICBufferFull
Event: 8.960 Executing VM operation: ICBufferFull done
Event: 9.001 Executing VM operation: HandshakeAllThreads
Event: 9.002 Executing VM operation: HandshakeAllThreads done
Event: 9.075 Executing VM operation: ICBufferFull
Event: 9.075 Executing VM operation: ICBufferFull done
Event: 9.079 Executing VM operation: G1CollectForAllocation
Event: 9.088 Executing VM operation: G1CollectForAllocation done
Event: 9.098 Executing VM operation: G1CollectForAllocation

Events (20 events):
Event: 7.835 Thread 0x000001706170b910 flushing nmethod 0x000001704c169c90
Event: 7.835 Thread 0x000001706170b910 flushing nmethod 0x000001704c16b590
Event: 7.836 Thread 0x000001706170b910 flushing nmethod 0x000001704c1d2190
Event: 7.836 Thread 0x000001706170b910 flushing nmethod 0x000001704c1dbb10
Event: 7.836 Thread 0x000001706170b910 flushing nmethod 0x000001704c23a910
Event: 7.836 Thread 0x000001706170b910 flushing nmethod 0x000001704c23ad90
Event: 7.836 Thread 0x000001706170b910 flushing nmethod 0x000001704c23be10
Event: 7.855 Thread 0x000001706a61b130 Thread added: 0x000001706a61b130
Event: 7.855 Thread 0x000001706a61bad0 Thread added: 0x000001706a61bad0
Event: 7.860 Thread 0x000001706a61e150 Thread added: 0x000001706a61e150
Event: 7.861 Thread 0x000001706a61e620 Thread added: 0x000001706a61e620
Event: 7.861 Thread 0x000001706a619df0 Thread added: 0x000001706a619df0
Event: 7.861 Thread 0x000001706a61eaf0 Thread added: 0x000001706a61eaf0
Event: 7.861 Thread 0x000001706a6185e0 Thread added: 0x000001706a6185e0
Event: 7.861 Thread 0x0000017067542a10 Thread added: 0x0000017067542a10
Event: 7.861 Thread 0x0000017067bce360 Thread added: 0x0000017067bce360
Event: 7.871 Thread 0x000001706c3d4500 Thread added: 0x000001706c3d4500
Event: 9.004 Thread 0x000001706170b910 flushing nmethod 0x000001704b3d0d10
Event: 9.005 Thread 0x000001706170b910 flushing nmethod 0x000001704b48e190
Event: 9.011 Thread 0x000001706170b910 flushing nmethod 0x000001704c104310


Dynamic libraries:
0x00007ff7607d0000 - 0x00007ff7607e0000 	C:\Program Files\Java\jdk-18.0.1.1\bin\java.exe
0x00007fffee900000 - 0x00007fffeeb09000 	C:\WINDOWS\SYSTEM32\ntdll.dll
0x00007fffedde0000 - 0x00007fffede9d000 	C:\WINDOWS\System32\KERNEL32.DLL
0x00007fffebe80000 - 0x00007fffec1f9000 	C:\WINDOWS\System32\KERNELBASE.dll
0x00007fffec5d0000 - 0x00007fffec6e1000 	C:\WINDOWS\System32\ucrtbase.dll
0x00007fffd5df0000 - 0x00007fffd5e08000 	C:\Program Files\Java\jdk-18.0.1.1\bin\jli.dll
0x00007fffd5070000 - 0x00007fffd508a000 	C:\Program Files\Java\jdk-18.0.1.1\bin\VCRUNTIME140.dll
0x00007fffedf10000 - 0x00007fffedfbe000 	C:\WINDOWS\System32\ADVAPI32.dll
0x00007fffecb80000 - 0x00007fffecc23000 	C:\WINDOWS\System32\msvcrt.dll
0x00007fffee680000 - 0x00007fffee71e000 	C:\WINDOWS\System32\sechost.dll
0x00007fffee040000 - 0x00007fffee160000 	C:\WINDOWS\System32\RPCRT4.dll
0x00007fffec950000 - 0x00007fffecafc000 	C:\WINDOWS\System32\USER32.dll
0x00007fffc41e0000 - 0x00007fffc4485000 	C:\WINDOWS\WinSxS\amd64_microsoft.windows.common-controls_6595b64144ccf1df_6.0.22000.120_none_9d947278b86cc467\COMCTL32.dll
0x00007fffebe50000 - 0x00007fffebe76000 	C:\WINDOWS\System32\win32u.dll
0x00007fffecc60000 - 0x00007fffecc89000 	C:\WINDOWS\System32\GDI32.dll
0x00007fffec340000 - 0x00007fffec452000 	C:\WINDOWS\System32\gdi32full.dll
0x00007fffec6f0000 - 0x00007fffec78d000 	C:\WINDOWS\System32\msvcp_win.dll
0x00007fffe6640000 - 0x00007fffe664a000 	C:\WINDOWS\SYSTEM32\VERSION.dll
0x00007fffee640000 - 0x00007fffee671000 	C:\WINDOWS\System32\IMM32.DLL
0x00007fffd88e0000 - 0x00007fffd88ec000 	C:\Program Files\Java\jdk-18.0.1.1\bin\vcruntime140_1.dll
0x00007fffd4fe0000 - 0x00007fffd506d000 	C:\Program Files\Java\jdk-18.0.1.1\bin\msvcp140.dll
0x00007fff4ee70000 - 0x00007fff4fa80000 	C:\Program Files\Java\jdk-18.0.1.1\bin\server\jvm.dll
0x00007fffecca0000 - 0x00007fffecca8000 	C:\WINDOWS\System32\PSAPI.DLL
0x00007fffe73c0000 - 0x00007fffe73c9000 	C:\WINDOWS\SYSTEM32\WSOCK32.dll
0x00007fffe6aa0000 - 0x00007fffe6ad3000 	C:\WINDOWS\SYSTEM32\WINMM.dll
0x00007fffee160000 - 0x00007fffee1cf000 	C:\WINDOWS\System32\WS2_32.dll
0x00007fffeafd0000 - 0x00007fffeafe8000 	C:\WINDOWS\SYSTEM32\kernel.appcore.dll
0x00007fffd88c0000 - 0x00007fffd88ca000 	C:\Program Files\Java\jdk-18.0.1.1\bin\jimage.dll
0x00007fffe9920000 - 0x00007fffe9b41000 	C:\WINDOWS\SYSTEM32\DBGHELP.DLL
0x00007fffdf790000 - 0x00007fffdf7c1000 	C:\WINDOWS\SYSTEM32\dbgcore.DLL
0x00007fffec2c0000 - 0x00007fffec33f000 	C:\WINDOWS\System32\bcryptPrimitives.dll
0x00007fffd4fb0000 - 0x00007fffd4fd5000 	C:\Program Files\Java\jdk-18.0.1.1\bin\java.dll
0x00007fffd1760000 - 0x00007fffd1836000 	C:\Program Files\Java\jdk-18.0.1.1\bin\jsvml.dll
0x00007fffed0c0000 - 0x00007fffed878000 	C:\WINDOWS\System32\SHELL32.dll
0x00007fffe9f60000 - 0x00007fffea7c7000 	C:\WINDOWS\SYSTEM32\windows.storage.dll
0x00007fffed8e0000 - 0x00007fffedc59000 	C:\WINDOWS\System32\combase.dll
0x00007fffe9df0000 - 0x00007fffe9f56000 	C:\WINDOWS\SYSTEM32\wintypes.dll
0x00007fffedcf0000 - 0x00007fffeddda000 	C:\WINDOWS\System32\SHCORE.dll
0x00007fffedeb0000 - 0x00007fffedf0d000 	C:\WINDOWS\System32\shlwapi.dll
0x00007fffebd10000 - 0x00007fffebd31000 	C:\WINDOWS\SYSTEM32\profapi.dll
0x00007fffd1740000 - 0x00007fffd1753000 	C:\Program Files\Java\jdk-18.0.1.1\bin\net.dll
0x00007fffe6280000 - 0x00007fffe638c000 	C:\WINDOWS\SYSTEM32\WINHTTP.dll
0x00007fffeb400000 - 0x00007fffeb467000 	C:\WINDOWS\system32\mswsock.dll
0x00007fffd1720000 - 0x00007fffd1736000 	C:\Program Files\Java\jdk-18.0.1.1\bin\nio.dll
0x00007fffd1700000 - 0x00007fffd1718000 	C:\Program Files\Java\jdk-18.0.1.1\bin\zip.dll
0x00007fffd8410000 - 0x00007fffd8420000 	C:\Program Files\Java\jdk-18.0.1.1\bin\verify.dll
0x00007fffd88f0000 - 0x00007fffd8917000 	C:\Program Files\Java\jre1.8.0_333\native\e1d6ef7f7dcc3fd88c89a11ec53ec762bb8ba0a96d01ffa2cd45eb1d1d8dd5c5\windows-amd64\native-platform.dll
0x00007fffd1990000 - 0x00007fffd1ad4000 	C:\Program Files\Java\jre1.8.0_333\native\5664cfc778a61ccfe75a443a1ab52a65af34e5dc3c78e0209fed803814484fcb\windows-amd64\native-platform-file-events.dll
0x00007fffe87a0000 - 0x00007fffe87a9000 	C:\Program Files\Java\jdk-18.0.1.1\bin\management.dll
0x00007fffe8790000 - 0x00007fffe879b000 	C:\Program Files\Java\jdk-18.0.1.1\bin\management_ext.dll
0x00007fffeb640000 - 0x00007fffeb658000 	C:\WINDOWS\SYSTEM32\CRYPTSP.dll
0x00007fffeaf30000 - 0x00007fffeaf65000 	C:\WINDOWS\system32\rsaenh.dll
0x00007fffeb4f0000 - 0x00007fffeb519000 	C:\WINDOWS\SYSTEM32\USERENV.dll
0x00007fffeb7c0000 - 0x00007fffeb7e7000 	C:\WINDOWS\SYSTEM32\bcrypt.dll
0x00007fffeb660000 - 0x00007fffeb66c000 	C:\WINDOWS\SYSTEM32\CRYPTBASE.dll
0x00007fffeab00000 - 0x00007fffeab2d000 	C:\WINDOWS\SYSTEM32\IPHLPAPI.DLL
0x00007fffecc90000 - 0x00007fffecc99000 	C:\WINDOWS\System32\NSI.dll
0x00007fffe6600000 - 0x00007fffe6619000 	C:\WINDOWS\SYSTEM32\dhcpcsvc6.DLL
0x00007fffe6810000 - 0x00007fffe682e000 	C:\WINDOWS\SYSTEM32\dhcpcsvc.DLL
0x00007fffeab70000 - 0x00007fffeac58000 	C:\WINDOWS\SYSTEM32\DNSAPI.dll

dbghelp: loaded successfully - version: 4.0.5 - missing functions: none
symbol engine: initialized successfully - sym options: 0x614 - pdb path: .;C:\Program Files\Java\jdk-18.0.1.1\bin;C:\WINDOWS\SYSTEM32;C:\WINDOWS\WinSxS\amd64_microsoft.windows.common-controls_6595b64144ccf1df_6.0.22000.120_none_9d947278b86cc467;C:\Program Files\Java\jdk-18.0.1.1\bin\server;C:\Program Files\Java\jre1.8.0_333\native\e1d6ef7f7dcc3fd88c89a11ec53ec762bb8ba0a96d01ffa2cd45eb1d1d8dd5c5\windows-amd64;C:\Program Files\Java\jre1.8.0_333\native\5664cfc778a61ccfe75a443a1ab52a65af34e5dc3c78e0209fed803814484fcb\windows-amd64

VM Arguments:
jvm_args: --add-opens=java.base/java.util=ALL-UNNAMED --add-opens=java.base/java.lang=ALL-UNNAMED --add-opens=java.base/java.lang.invoke=ALL-UNNAMED --add-opens=java.base/java.util=ALL-UNNAMED --add-opens=java.prefs/java.util.prefs=ALL-UNNAMED --add-opens=java.prefs/java.util.prefs=ALL-UNNAMED --add-opens=java.base/java.nio.charset=ALL-UNNAMED --add-opens=java.base/java.net=ALL-UNNAMED --add-opens=java.base/java.util.concurrent.atomic=ALL-UNNAMED -Xmx2048m -Dfile.encoding=UTF-8 -Duser.country=US -Duser.language=en -Duser.variant 
java_command: org.gradle.launcher.daemon.bootstrap.GradleDaemon 7.3.3
java_class_path (initial): C:\Program Files\Java\jre1.8.0_333\wrapper\dists\gradle-7.3.3-bin\6a41zxkdtcxs8rphpq6y0069z\gradle-7.3.3\lib\gradle-launcher-7.3.3.jar
Launcher Type: SUN_STANDARD

[Global flags]
     intx CICompilerCount                          = 4                                         {product} {ergonomic}
     uint ConcGCThreads                            = 2                                         {product} {ergonomic}
     uint G1ConcRefinementThreads                  = 8                                         {product} {ergonomic}
   size_t G1HeapRegionSize                         = 1048576                                   {product} {ergonomic}
    uintx GCDrainStackTargetSize                   = 64                                        {product} {ergonomic}
   size_t InitialHeapSize                          = 132120576                                 {product} {ergonomic}
   size_t MarkStackSize                            = 4194304                                   {product} {ergonomic}
   size_t MaxHeapSize                              = 2147483648                                {product} {command line}
   size_t MaxNewSize                               = 1287651328                                {product} {ergonomic}
   size_t MinHeapDeltaBytes                        = 1048576                                   {product} {ergonomic}
   size_t MinHeapSize                              = 8388608                                   {product} {ergonomic}
    uintx NonNMethodCodeHeapSize                   = 5839372                                {pd product} {ergonomic}
    uintx NonProfiledCodeHeapSize                  = 122909434                              {pd product} {ergonomic}
    uintx ProfiledCodeHeapSize                     = 122909434                              {pd product} {ergonomic}
    uintx ReservedCodeCacheSize                    = 251658240                              {pd product} {ergonomic}
     bool SegmentedCodeCache                       = true                                      {product} {ergonomic}
   size_t SoftMaxHeapSize                          = 2147483648                             {manageable} {ergonomic}
     bool UseCompressedClassPointers               = true                           {product lp64_product} {ergonomic}
     bool UseCompressedOops                        = true                           {product lp64_product} {ergonomic}
     bool UseG1GC                                  = true                                      {product} {ergonomic}
     bool UseLargePagesIndividualAllocation        = false                                  {pd product} {ergonomic}

Logging:
Log output configuration:
 #0: stdout all=warning uptime,level,tags foldmultilines=false
 #1: stderr all=off uptime,level,tags foldmultilines=false

Environment Variables:
JAVA_HOME=C:\Program Files\Java\jdk-18.0.1.1
PATH=C:\Program Files\Common Files\Oracle\Java\javapath;C:\Windows\system32;C:\Windows;C:\Windows\System32\Wbem;C:\Windows\System32\WindowsPowerShell\v1.0\;C:\Windows\System32\OpenSSH\;C:\Program Files (x86)\NVIDIA Corporation\PhysX\Common;C:\Program Files\NVIDIA Corporation\NVIDIA NvDLISR;F:\Git\cmd;C:\WINDOWS\system32;C:\WINDOWS;C:\WINDOWS\System32\Wbem;C:\WINDOWS\System32\WindowsPowerShell\v1.0\;C:\WINDOWS\System32\OpenSSH\;C:\Program Files\Java\jdk-18.0.1.1\bin;C:\Program Files\Java\jdk-18.0.1.1\bin;D:\flutter\bin;C:\Program Files\JetBrains\IntelliJ IDEA Community Edition 2021.3.2\bin;;C:\Users\NoteBook TANDIS\AppData\Local\Microsoft\WindowsApps;dart-sdk;;C:\Users\NoteBook TANDIS\AppData\Local\Programs\Microsoft VS Code\bin
USERNAME=NoteBook TANDIS
OS=Windows_NT
PROCESSOR_IDENTIFIER=Intel64 Family 6 Model 165 Stepping 2, GenuineIntel



---------------  S Y S T E M  ---------------

OS:
 Windows 11 , 64 bit Build 22000 (10.0.22000.708)
OS uptime: 0 days 0:32 hours

CPU: total 8 (initial active 8) (4 cores per cpu, 2 threads per core) family 6 model 165 stepping 2 microcode 0xea, cx8, cmov, fxsr, ht, mmx, 3dnowpref, sse, sse2, sse3, ssse3, sse4.1, sse4.2, popcnt, lzcnt, tsc, tscinvbit, avx, avx2, aes, erms, clmul, bmi1, bmi2, adx, fma, vzeroupper, clflush, clflushopt

Memory: 4k page, system-wide physical 8023M (612M free)
TotalPageFile size 11023M (AvailPageFile size 61M)
current process WorkingSet (physical memory assigned to process): 420M, peak: 420M
current process commit charge ("private bytes"): 461M, peak: 583M

vm_info: Java HotSpot(TM) 64-Bit Server VM (18.0.1.1+2-6) for windows-amd64 JRE (18.0.1.1+2-6), built on Apr 25 2022 21:53:15 by "mach5one" with MS VC++ 16.8 / 16.9 (VS2019)

END.
