#
# There is insufficient memory for the Java Runtime Environment to continue.
# Native memory allocation (mmap) failed to map 183500800 bytes for G1 virtual space
# Possible reasons:
#   The system is out of physical RAM or swap space
#   The process is running with CompressedOops enabled, and the Java Heap may be blocking the growth of the native heap
# Possible solutions:
#   Reduce memory load on the system
#   Increase physical memory or swap space
#   Check if swap backing store is full
#   Decrease Java heap size (-Xmx/-Xms)
#   Decrease number of Java threads
#   Decrease Java thread stack sizes (-Xss)
#   Set larger code cache with -XX:ReservedCodeCacheSize=
#   JVM is running with Unscaled Compressed Oops mode in which the Java heap is
#     placed in the first 4GB address space. The Java Heap base address is the
#     maximum limit for the native heap growth. Please use -XX:HeapBaseMinAddress
#     to set the Java Heap base and to place the Java Heap above 4GB virtual address.
# This output file may be truncated or incomplete.
#
#  Out of Memory Error (os_windows.cpp:3530), pid=15812, tid=12124
#
# JRE version: Java(TM) SE Runtime Environment (18.0.1.1+2) (build 18.0.1.1+2-6)
# Java VM: Java HotSpot(TM) 64-Bit Server VM (18.0.1.1+2-6, mixed mode, sharing, tiered, compressed oops, compressed class ptrs, g1 gc, windows-amd64)
# No core dump will be written. Minidumps are not enabled by default on client versions of Windows
#

---------------  S U M M A R Y ------------

Command Line: --add-opens=java.base/java.util=ALL-UNNAMED --add-opens=java.base/java.lang=ALL-UNNAMED --add-opens=java.base/java.lang.invoke=ALL-UNNAMED --add-opens=java.base/java.util=ALL-UNNAMED --add-opens=java.prefs/java.util.prefs=ALL-UNNAMED --add-opens=java.prefs/java.util.prefs=ALL-UNNAMED --add-opens=java.base/java.nio.charset=ALL-UNNAMED --add-opens=java.base/java.net=ALL-UNNAMED --add-opens=java.base/java.util.concurrent.atomic=ALL-UNNAMED -Xmx2048m -Dfile.encoding=UTF-8 -Duser.country=US -Duser.language=en -Duser.variant org.gradle.launcher.daemon.bootstrap.GradleDaemon 7.3.3

Host: Intel(R) Core(TM) i5-10300H CPU @ 2.50GHz, 8 cores, 7G,  Windows 11 , 64 bit Build 22000 (10.0.22000.708)
Time: Mon Jul 11 12:23:02 2022 Iran Daylight Time elapsed time: 6.755706 seconds (0d 0h 0m 6s)

---------------  T H R E A D  ---------------

Current thread (0x000001f94897e840):  VMThread "VM Thread" [stack: 0x00000082dd700000,0x00000082dd800000] [id=12124]

Stack: [0x00000082dd700000,0x00000082dd800000]
Native frames: (J=compiled Java code, j=interpreted, Vv=VM code, C=native code)
V  [jvm.dll+0x69887a]
V  [jvm.dll+0x7f38bd]
V  [jvm.dll+0x7f51ce]
V  [jvm.dll+0x7f5883]
V  [jvm.dll+0x25ca3f]
V  [jvm.dll+0x6957c9]
V  [jvm.dll+0x68a2fa]
V  [jvm.dll+0x321efb]
V  [jvm.dll+0x3298d6]
V  [jvm.dll+0x37e47e]
V  [jvm.dll+0x37e6af]
V  [jvm.dll+0x2f9c7a]
V  [jvm.dll+0x2f9d27]
V  [jvm.dll+0x33e262]
V  [jvm.dll+0x33c804]
V  [jvm.dll+0x2f9450]
V  [jvm.dll+0x33bddb]
V  [jvm.dll+0x7fa66b]
V  [jvm.dll+0x7fb404]
V  [jvm.dll+0x7fb93c]
V  [jvm.dll+0x7fbd94]
V  [jvm.dll+0x7fbe57]
V  [jvm.dll+0x7a03ea]
V  [jvm.dll+0x697725]
C  [ucrtbase.dll+0x26c0c]
C  [KERNEL32.DLL+0x154e0]
C  [ntdll.dll+0x485b]

VM_Operation (0x00000082df0f6c60): G1CollectForAllocation, mode: safepoint, requested by thread 0x000001f94e871e60


---------------  P R O C E S S  ---------------

Threads class SMR info:
_java_thread_list=0x000001f94f752fa0, length=126, elements={
0x000001f92a723500, 0x000001f9489829b0, 0x000001f948985dc0, 0x000001f94899e890,
0x000001f9489a0150, 0x000001f9489a0af0, 0x000001f9489a1c30, 0x000001f9489a3840,
0x000001f9489b2780, 0x000001f9489a9190, 0x000001f94cccb9d0, 0x000001f94cceeaf0,
0x000001f94cd51e90, 0x000001f94cda2db0, 0x000001f94e9b1a00, 0x000001f94e6e3b50,
0x000001f94e6e09c0, 0x000001f94de59d90, 0x000001f94ebee350, 0x000001f94e847bf0,
0x000001f94e871e60, 0x000001f94e872330, 0x000001f94e873670, 0x000001f94e870ff0,
0x000001f94e870650, 0x000001f94e872cd0, 0x000001f94e870180, 0x000001f94e870b20,
0x000001f94e8714c0, 0x000001f94e871990, 0x000001f94e873b40, 0x000001f950bed7e0,
0x000001f950bee650, 0x000001f950be8610, 0x000001f950bed310, 0x000001f950be8ae0,
0x000001f950bebfd0, 0x000001f950bec970, 0x000001f950beeff0, 0x000001f950beeb20,
0x000001f950be77a0, 0x000001f950be9480, 0x000001f950beac90, 0x000001f950bece40,
0x000001f950bedcb0, 0x000001f950bee180, 0x000001f9513686d0, 0x000001f95136ad50,
0x000001f95136c560, 0x000001f95136b6f0, 0x000001f95136bbc0, 0x000001f95136dd70,
0x000001f951367d30, 0x000001f951369ee0, 0x000001f95136c090, 0x000001f95136f580,
0x000001f95136a3b0, 0x000001f951368200, 0x000001f951368ba0, 0x000001f95136ca30,
0x000001f95136ebe0, 0x000001f95136f0b0, 0x000001f95136cf00, 0x000001f951369540,
0x000001f95136d3d0, 0x000001f95136d8a0, 0x000001f951369070, 0x000001f95136e240,
0x000001f951369a10, 0x000001f95136a880, 0x000001f95136e710, 0x000001f95328e9c0,
0x000001f95328db50, 0x000001f95328ee90, 0x000001f95328e020, 0x000001f953292850,
0x000001f95328f360, 0x000001f953291040, 0x000001f953291eb0, 0x000001f953294060,
0x000001f9532931f0, 0x000001f95328f830, 0x000001f95328e4f0, 0x000001f953292d20,
0x000001f953294530, 0x000001f953292380, 0x000001f9532901d0, 0x000001f9532936c0,
0x000001f953293b90, 0x000001f95328cce0, 0x000001f953290b70, 0x000001f95328fd00,
0x000001f9532906a0, 0x000001f95328d1b0, 0x000001f953291510, 0x000001f9532919e0,
0x000001f95328d680, 0x000001f95064d3c0, 0x000001f950649530, 0x000001f950649a00,
0x000001f95064a870, 0x000001f9506503e0, 0x000001f950649ed0, 0x000001f95064d890,
0x000001f9506508b0, 0x000001f95064a3a0, 0x000001f95064fa40, 0x000001f95064ad40,
0x000001f95064b210, 0x000001f95064bbb0, 0x000001f950649060, 0x000001f95064c080,
0x000001f95064b6e0, 0x000001f95064c550, 0x000001f95064ca20, 0x000001f95064cef0,
0x000001f95064dd60, 0x000001f95064e230, 0x000001f95064ebd0, 0x000001f95064e700,
0x000001f95064f0a0, 0x000001f95064f570, 0x000001f95064ff10, 0x000001f951957020,
0x000001f951956680, 0x000001f951959b70
}

Java Threads: ( => current thread )
  0x000001f92a723500 JavaThread "main" [_thread_blocked, id=16860, stack(0x00000082dd100000,0x00000082dd200000)]
  0x000001f9489829b0 JavaThread "Reference Handler" daemon [_thread_blocked, id=16756, stack(0x00000082dd800000,0x00000082dd900000)]
  0x000001f948985dc0 JavaThread "Finalizer" daemon [_thread_blocked, id=3168, stack(0x00000082dd900000,0x00000082dda00000)]
  0x000001f94899e890 JavaThread "Signal Dispatcher" daemon [_thread_blocked, id=9540, stack(0x00000082dda00000,0x00000082ddb00000)]
  0x000001f9489a0150 JavaThread "Attach Listener" daemon [_thread_blocked, id=10400, stack(0x00000082ddb00000,0x00000082ddc00000)]
  0x000001f9489a0af0 JavaThread "Service Thread" daemon [_thread_blocked, id=6080, stack(0x00000082ddc00000,0x00000082ddd00000)]
  0x000001f9489a1c30 JavaThread "Monitor Deflation Thread" daemon [_thread_blocked, id=14024, stack(0x00000082ddd00000,0x00000082dde00000)]
  0x000001f9489a3840 JavaThread "C2 CompilerThread0" daemon [_thread_blocked, id=1580, stack(0x00000082dde00000,0x00000082ddf00000)]
  0x000001f9489b2780 JavaThread "C1 CompilerThread0" daemon [_thread_blocked, id=1768, stack(0x00000082ddf00000,0x00000082de000000)]
  0x000001f9489a9190 JavaThread "Sweeper thread" daemon [_thread_blocked, id=4912, stack(0x00000082de000000,0x00000082de100000)]
  0x000001f94cccb9d0 JavaThread "Common-Cleaner" daemon [_thread_blocked, id=16180, stack(0x00000082de100000,0x00000082de200000)]
  0x000001f94cceeaf0 JavaThread "Notification Thread" daemon [_thread_blocked, id=2700, stack(0x00000082de200000,0x00000082de300000)]
  0x000001f94cd51e90 JavaThread "C2 CompilerThread1" daemon [_thread_blocked, id=5332, stack(0x00000082de400000,0x00000082de500000)]
  0x000001f94cda2db0 JavaThread "C2 CompilerThread2" daemon [_thread_blocked, id=13828, stack(0x00000082de500000,0x00000082de600000)]
  0x000001f94e9b1a00 JavaThread "Daemon health stats" [_thread_blocked, id=8076, stack(0x00000082dea00000,0x00000082deb00000)]
  0x000001f94e6e3b50 JavaThread "Incoming local TCP Connector on port 59968" [_thread_in_native, id=2208, stack(0x00000082deb00000,0x00000082dec00000)]
  0x000001f94e6e09c0 JavaThread "Daemon periodic checks" [_thread_blocked, id=13176, stack(0x00000082dec00000,0x00000082ded00000)]
  0x000001f94de59d90 JavaThread "Daemon" [_thread_blocked, id=12968, stack(0x00000082ded00000,0x00000082dee00000)]
  0x000001f94ebee350 JavaThread "Handler for socket connection from /127.0.0.1:59968 to /127.0.0.1:59969" [_thread_in_native, id=5856, stack(0x00000082dee00000,0x00000082def00000)]
  0x000001f94e847bf0 JavaThread "Cancel handler" [_thread_blocked, id=1252, stack(0x00000082def00000,0x00000082df000000)]
  0x000001f94e871e60 JavaThread "Daemon worker" [_thread_blocked, id=11076, stack(0x00000082df000000,0x00000082df100000)]
  0x000001f94e872330 JavaThread "Asynchronous log dispatcher for DefaultDaemonConnection: socket connection from /127.0.0.1:59968 to /127.0.0.1:59969" [_thread_blocked, id=876, stack(0x00000082df100000,0x00000082df200000)]
  0x000001f94e873670 JavaThread "Stdin handler" [_thread_blocked, id=14464, stack(0x00000082df200000,0x00000082df300000)]
  0x000001f94e870ff0 JavaThread "Daemon client event forwarder" [_thread_blocked, id=13172, stack(0x00000082df300000,0x00000082df400000)]
  0x000001f94e870650 JavaThread "Cache worker for journal cache (C:\Program Files\Java\jre1.8.0_333\caches\journal-1)" [_thread_blocked, id=12264, stack(0x00000082df400000,0x00000082df500000)]
  0x000001f94e872cd0 JavaThread "File lock request listener" [_thread_in_native, id=10952, stack(0x00000082df500000,0x00000082df600000)]
  0x000001f94e870180 JavaThread "Cache worker for file hash cache (C:\Program Files\Java\jre1.8.0_333\caches\7.3.3\fileHashes)" [_thread_blocked, id=16564, stack(0x00000082df600000,0x00000082df700000)]
  0x000001f94e870b20 JavaThread "Cache worker for file hash cache (D:\BatteryManager\.gradle\7.3.3\fileHashes)" [_thread_blocked, id=14164, stack(0x00000082df700000,0x00000082df800000)]
  0x000001f94e8714c0 JavaThread "File watcher server" daemon [_thread_in_native, id=14040, stack(0x00000082dfb00000,0x00000082dfc00000)]
  0x000001f94e871990 JavaThread "File watcher consumer" daemon [_thread_blocked, id=17164, stack(0x00000082dfc00000,0x00000082dfd00000)]
  0x000001f94e873b40 JavaThread "jar transforms" [_thread_blocked, id=3480, stack(0x00000082dfd00000,0x00000082dfe00000)]
  0x000001f950bed7e0 JavaThread "jar transforms Thread 2" [_thread_blocked, id=13796, stack(0x00000082dfe00000,0x00000082dff00000)]
  0x000001f950bee650 JavaThread "jar transforms Thread 3" [_thread_blocked, id=16408, stack(0x00000082dff00000,0x00000082e0000000)]
  0x000001f950be8610 JavaThread "jar transforms Thread 4" [_thread_blocked, id=8892, stack(0x00000082e0000000,0x00000082e0100000)]
  0x000001f950bed310 JavaThread "jar transforms Thread 5" [_thread_blocked, id=828, stack(0x00000082e0100000,0x00000082e0200000)]
  0x000001f950be8ae0 JavaThread "jar transforms Thread 6" [_thread_blocked, id=16268, stack(0x00000082e0200000,0x00000082e0300000)]
  0x000001f950bebfd0 JavaThread "jar transforms Thread 7" [_thread_blocked, id=12488, stack(0x00000082e0300000,0x00000082e0400000)]
  0x000001f950bec970 JavaThread "jar transforms Thread 8" [_thread_blocked, id=14808, stack(0x00000082e0400000,0x00000082e0500000)]
  0x000001f950beeff0 JavaThread "Cache worker for checksums cache (D:\BatteryManager\.gradle\7.3.3\checksums)" [_thread_blocked, id=7776, stack(0x00000082e0600000,0x00000082e0700000)]
  0x000001f950beeb20 JavaThread "Cache worker for cache directory md-supplier (C:\Program Files\Java\jre1.8.0_333\caches\7.3.3\md-supplier)" [_thread_blocked, id=9028, stack(0x00000082e0700000,0x00000082e0800000)]
  0x000001f950be77a0 JavaThread "Cache worker for cache directory md-rule (C:\Program Files\Java\jre1.8.0_333\caches\7.3.3\md-rule)" [_thread_blocked, id=17360, stack(0x00000082e0800000,0x00000082e0900000)]
  0x000001f950be9480 JavaThread "Cache worker for execution history cache (C:\Program Files\Java\jre1.8.0_333\caches\7.3.3\executionHistory)" [_thread_blocked, id=9776, stack(0x00000082e0900000,0x00000082e0a00000)]
  0x000001f950beac90 JavaThread "Cache worker for file content cache (C:\Program Files\Java\jre1.8.0_333\caches\7.3.3\fileContent)" [_thread_blocked, id=15924, stack(0x00000082e0a00000,0x00000082e0b00000)]
  0x000001f950bece40 JavaThread "Cache worker for dependencies-accessors (D:\BatteryManager\.gradle\7.3.3\dependencies-accessors)" [_thread_blocked, id=2904, stack(0x00000082e0b00000,0x00000082e0c00000)]
  0x000001f950bedcb0 JavaThread "Cache worker for Build Output Cleanup Cache (D:\BatteryManager\.gradle\buildOutputCleanup)" [_thread_blocked, id=14752, stack(0x00000082e0c00000,0x00000082e0d00000)]
  0x000001f950bee180 JavaThread "Unconstrained build operations" [_thread_blocked, id=10888, stack(0x00000082e0d00000,0x00000082e0e00000)]
  0x000001f9513686d0 JavaThread "Unconstrained build operations Thread 2" [_thread_blocked, id=4136, stack(0x00000082e0e00000,0x00000082e0f00000)]
  0x000001f95136ad50 JavaThread "Unconstrained build operations Thread 3" [_thread_blocked, id=14656, stack(0x00000082e0f00000,0x00000082e1000000)]
  0x000001f95136c560 JavaThread "Unconstrained build operations Thread 4" [_thread_blocked, id=11560, stack(0x00000082e1000000,0x00000082e1100000)]
  0x000001f95136b6f0 JavaThread "Unconstrained build operations Thread 5" [_thread_blocked, id=11652, stack(0x00000082e1100000,0x00000082e1200000)]
  0x000001f95136bbc0 JavaThread "Unconstrained build operations Thread 6" [_thread_blocked, id=11404, stack(0x00000082e1200000,0x00000082e1300000)]
  0x000001f95136dd70 JavaThread "Unconstrained build operations Thread 7" [_thread_blocked, id=532, stack(0x00000082e1300000,0x00000082e1400000)]
  0x000001f951367d30 JavaThread "Unconstrained build operations Thread 8" [_thread_blocked, id=10324, stack(0x00000082e1400000,0x00000082e1500000)]
  0x000001f951369ee0 JavaThread "Unconstrained build operations Thread 9" [_thread_blocked, id=16648, stack(0x00000082e1500000,0x00000082e1600000)]
  0x000001f95136c090 JavaThread "Unconstrained build operations Thread 10" [_thread_blocked, id=10908, stack(0x00000082e1600000,0x00000082e1700000)]
  0x000001f95136f580 JavaThread "Unconstrained build operations Thread 11" [_thread_blocked, id=10740, stack(0x00000082e1700000,0x00000082e1800000)]
  0x000001f95136a3b0 JavaThread "Unconstrained build operations Thread 12" [_thread_blocked, id=6972, stack(0x00000082e1800000,0x00000082e1900000)]
  0x000001f951368200 JavaThread "Unconstrained build operations Thread 13" [_thread_blocked, id=8668, stack(0x00000082e1900000,0x00000082e1a00000)]
  0x000001f951368ba0 JavaThread "Unconstrained build operations Thread 14" [_thread_blocked, id=3256, stack(0x00000082e1a00000,0x00000082e1b00000)]
  0x000001f95136ca30 JavaThread "Unconstrained build operations Thread 15" [_thread_blocked, id=1360, stack(0x00000082e1b00000,0x00000082e1c00000)]
  0x000001f95136ebe0 JavaThread "Unconstrained build operations Thread 16" [_thread_blocked, id=12764, stack(0x00000082e1c00000,0x00000082e1d00000)]
  0x000001f95136f0b0 JavaThread "Unconstrained build operations Thread 17" [_thread_blocked, id=2288, stack(0x00000082e1d00000,0x00000082e1e00000)]
  0x000001f95136cf00 JavaThread "Unconstrained build operations Thread 18" [_thread_blocked, id=11864, stack(0x00000082e1e00000,0x00000082e1f00000)]
  0x000001f951369540 JavaThread "Unconstrained build operations Thread 19" [_thread_blocked, id=12960, stack(0x00000082e1f00000,0x00000082e2000000)]
  0x000001f95136d3d0 JavaThread "Unconstrained build operations Thread 20" [_thread_blocked, id=12092, stack(0x00000082e2000000,0x00000082e2100000)]
  0x000001f95136d8a0 JavaThread "Unconstrained build operations Thread 21" [_thread_blocked, id=2116, stack(0x00000082e2100000,0x00000082e2200000)]
  0x000001f951369070 JavaThread "Unconstrained build operations Thread 22" [_thread_blocked, id=11112, stack(0x00000082e2200000,0x00000082e2300000)]
  0x000001f95136e240 JavaThread "Unconstrained build operations Thread 23" [_thread_blocked, id=8264, stack(0x00000082e2300000,0x00000082e2400000)]
  0x000001f951369a10 JavaThread "Unconstrained build operations Thread 24" [_thread_blocked, id=10628, stack(0x00000082e2400000,0x00000082e2500000)]
  0x000001f95136a880 JavaThread "Unconstrained build operations Thread 25" [_thread_blocked, id=17300, stack(0x00000082e2500000,0x00000082e2600000)]
  0x000001f95136e710 JavaThread "Unconstrained build operations Thread 26" [_thread_blocked, id=16452, stack(0x00000082e2600000,0x00000082e2700000)]
  0x000001f95328e9c0 JavaThread "Unconstrained build operations Thread 27" [_thread_blocked, id=1004, stack(0x00000082e2700000,0x00000082e2800000)]
  0x000001f95328db50 JavaThread "Unconstrained build operations Thread 28" [_thread_blocked, id=13152, stack(0x00000082e2800000,0x00000082e2900000)]
  0x000001f95328ee90 JavaThread "Unconstrained build operations Thread 29" [_thread_blocked, id=11420, stack(0x00000082e2900000,0x00000082e2a00000)]
  0x000001f95328e020 JavaThread "Unconstrained build operations Thread 30" [_thread_blocked, id=10304, stack(0x00000082e2a00000,0x00000082e2b00000)]
  0x000001f953292850 JavaThread "Unconstrained build operations Thread 31" [_thread_blocked, id=4080, stack(0x00000082e2b00000,0x00000082e2c00000)]
  0x000001f95328f360 JavaThread "Unconstrained build operations Thread 32" [_thread_blocked, id=8024, stack(0x00000082e2c00000,0x00000082e2d00000)]
  0x000001f953291040 JavaThread "Unconstrained build operations Thread 33" [_thread_blocked, id=1948, stack(0x00000082e2d00000,0x00000082e2e00000)]
  0x000001f953291eb0 JavaThread "Unconstrained build operations Thread 34" [_thread_blocked, id=12512, stack(0x00000082e2e00000,0x00000082e2f00000)]
  0x000001f953294060 JavaThread "Unconstrained build operations Thread 35" [_thread_blocked, id=9728, stack(0x00000082e2f00000,0x00000082e3000000)]
  0x000001f9532931f0 JavaThread "Unconstrained build operations Thread 36" [_thread_blocked, id=17052, stack(0x00000082e3000000,0x00000082e3100000)]
  0x000001f95328f830 JavaThread "Unconstrained build operations Thread 37" [_thread_blocked, id=8448, stack(0x00000082e3100000,0x00000082e3200000)]
  0x000001f95328e4f0 JavaThread "Unconstrained build operations Thread 38" [_thread_blocked, id=12416, stack(0x00000082e3200000,0x00000082e3300000)]
  0x000001f953292d20 JavaThread "Unconstrained build operations Thread 39" [_thread_blocked, id=10132, stack(0x00000082e3300000,0x00000082e3400000)]
  0x000001f953294530 JavaThread "Unconstrained build operations Thread 40" [_thread_blocked, id=3132, stack(0x00000082e3400000,0x00000082e3500000)]
  0x000001f953292380 JavaThread "Unconstrained build operations Thread 41" [_thread_blocked, id=1912, stack(0x00000082e3500000,0x00000082e3600000)]
  0x000001f9532901d0 JavaThread "Unconstrained build operations Thread 42" [_thread_blocked, id=13904, stack(0x00000082e3600000,0x00000082e3700000)]
  0x000001f9532936c0 JavaThread "Unconstrained build operations Thread 43" [_thread_blocked, id=788, stack(0x00000082e3700000,0x00000082e3800000)]
  0x000001f953293b90 JavaThread "Unconstrained build operations Thread 44" [_thread_blocked, id=7028, stack(0x00000082e3800000,0x00000082e3900000)]
  0x000001f95328cce0 JavaThread "Unconstrained build operations Thread 45" [_thread_blocked, id=16816, stack(0x00000082e3900000,0x00000082e3a00000)]
  0x000001f953290b70 JavaThread "Unconstrained build operations Thread 46" [_thread_blocked, id=13080, stack(0x00000082e3a00000,0x00000082e3b00000)]
  0x000001f95328fd00 JavaThread "Unconstrained build operations Thread 47" [_thread_blocked, id=16084, stack(0x00000082e3b00000,0x00000082e3c00000)]
  0x000001f9532906a0 JavaThread "Unconstrained build operations Thread 48" [_thread_blocked, id=1140, stack(0x00000082e3c00000,0x00000082e3d00000)]
  0x000001f95328d1b0 JavaThread "Unconstrained build operations Thread 49" [_thread_blocked, id=13528, stack(0x00000082e3d00000,0x00000082e3e00000)]
  0x000001f953291510 JavaThread "Unconstrained build operations Thread 50" [_thread_blocked, id=16716, stack(0x00000082e3e00000,0x00000082e3f00000)]
  0x000001f9532919e0 JavaThread "Unconstrained build operations Thread 51" [_thread_blocked, id=13132, stack(0x00000082e3f00000,0x00000082e4000000)]
  0x000001f95328d680 JavaThread "Unconstrained build operations Thread 52" [_thread_blocked, id=8468, stack(0x00000082e4000000,0x00000082e4100000)]
  0x000001f95064d3c0 JavaThread "Unconstrained build operations Thread 53" [_thread_blocked, id=3472, stack(0x00000082e4100000,0x00000082e4200000)]
  0x000001f950649530 JavaThread "Unconstrained build operations Thread 54" [_thread_blocked, id=3492, stack(0x00000082e4200000,0x00000082e4300000)]
  0x000001f950649a00 JavaThread "Unconstrained build operations Thread 55" [_thread_blocked, id=13800, stack(0x00000082e4300000,0x00000082e4400000)]
  0x000001f95064a870 JavaThread "Unconstrained build operations Thread 56" [_thread_blocked, id=9848, stack(0x00000082e4400000,0x00000082e4500000)]
  0x000001f9506503e0 JavaThread "Unconstrained build operations Thread 57" [_thread_blocked, id=14856, stack(0x00000082e4500000,0x00000082e4600000)]
  0x000001f950649ed0 JavaThread "Unconstrained build operations Thread 58" [_thread_blocked, id=15324, stack(0x00000082e4600000,0x00000082e4700000)]
  0x000001f95064d890 JavaThread "Unconstrained build operations Thread 59" [_thread_blocked, id=11656, stack(0x00000082e4700000,0x00000082e4800000)]
  0x000001f9506508b0 JavaThread "Unconstrained build operations Thread 60" [_thread_blocked, id=15632, stack(0x00000082e4800000,0x00000082e4900000)]
  0x000001f95064a3a0 JavaThread "Unconstrained build operations Thread 61" [_thread_blocked, id=16828, stack(0x00000082e4900000,0x00000082e4a00000)]
  0x000001f95064fa40 JavaThread "Unconstrained build operations Thread 62" [_thread_blocked, id=14264, stack(0x00000082e4a00000,0x00000082e4b00000)]
  0x000001f95064ad40 JavaThread "Unconstrained build operations Thread 63" [_thread_blocked, id=15432, stack(0x00000082e4b00000,0x00000082e4c00000)]
  0x000001f95064b210 JavaThread "Unconstrained build operations Thread 64" [_thread_blocked, id=14060, stack(0x00000082e4c00000,0x00000082e4d00000)]
  0x000001f95064bbb0 JavaThread "Unconstrained build operations Thread 65" [_thread_blocked, id=11568, stack(0x00000082e4d00000,0x00000082e4e00000)]
  0x000001f950649060 JavaThread "Unconstrained build operations Thread 66" [_thread_blocked, id=12756, stack(0x00000082e4e00000,0x00000082e4f00000)]
  0x000001f95064c080 JavaThread "Unconstrained build operations Thread 67" [_thread_blocked, id=4372, stack(0x00000082e4f00000,0x00000082e5000000)]
  0x000001f95064b6e0 JavaThread "Unconstrained build operations Thread 68" [_thread_blocked, id=14444, stack(0x00000082e5000000,0x00000082e5100000)]
  0x000001f95064c550 JavaThread "Unconstrained build operations Thread 69" [_thread_blocked, id=784, stack(0x00000082e5100000,0x00000082e5200000)]
  0x000001f95064ca20 JavaThread "Unconstrained build operations Thread 70" [_thread_blocked, id=3880, stack(0x00000082e5200000,0x00000082e5300000)]
  0x000001f95064cef0 JavaThread "Unconstrained build operations Thread 71" [_thread_blocked, id=10328, stack(0x00000082e5300000,0x00000082e5400000)]
  0x000001f95064dd60 JavaThread "Unconstrained build operations Thread 72" [_thread_blocked, id=10752, stack(0x00000082e5400000,0x00000082e5500000)]
  0x000001f95064e230 JavaThread "Unconstrained build operations Thread 73" [_thread_blocked, id=760, stack(0x00000082e5500000,0x00000082e5600000)]
  0x000001f95064ebd0 JavaThread "Unconstrained build operations Thread 74" [_thread_blocked, id=12672, stack(0x00000082e5600000,0x00000082e5700000)]
  0x000001f95064e700 JavaThread "Unconstrained build operations Thread 75" [_thread_blocked, id=3248, stack(0x00000082e5700000,0x00000082e5800000)]
  0x000001f95064f0a0 JavaThread "Unconstrained build operations Thread 76" [_thread_blocked, id=13992, stack(0x00000082e5800000,0x00000082e5900000)]
  0x000001f95064f570 JavaThread "Unconstrained build operations Thread 77" [_thread_blocked, id=2272, stack(0x00000082e5900000,0x00000082e5a00000)]
  0x000001f95064ff10 JavaThread "Unconstrained build operations Thread 78" [_thread_blocked, id=5908, stack(0x00000082e5a00000,0x00000082e5b00000)]
  0x000001f951957020 JavaThread "Unconstrained build operations Thread 79" [_thread_blocked, id=14912, stack(0x00000082e5b00000,0x00000082e5c00000)]
  0x000001f951956680 JavaThread "Unconstrained build operations Thread 80" [_thread_blocked, id=1760, stack(0x00000082e5c00000,0x00000082e5d00000)]
  0x000001f951959b70 JavaThread "Memory manager" [_thread_blocked, id=7668, stack(0x00000082e5d00000,0x00000082e5e00000)]

Other Threads:
=>0x000001f94897e840 VMThread "VM Thread" [stack: 0x00000082dd700000,0x00000082dd800000] [id=12124]
  0x000001f94ccf3bf0 WatcherThread "VM Periodic Task Thread" [stack: 0x00000082de300000,0x00000082de400000] [id=14952]
  0x000001f92a785570 WorkerThread "GC Thread#0" [stack: 0x00000082dd200000,0x00000082dd300000] [id=16240]
  0x000001f94d7b3de0 WorkerThread "GC Thread#1" [stack: 0x00000082de600000,0x00000082de700000] [id=16548]
  0x000001f94d7b4080 WorkerThread "GC Thread#2" [stack: 0x00000082de700000,0x00000082de800000] [id=16788]
  0x000001f94d7f11b0 WorkerThread "GC Thread#3" [stack: 0x00000082de800000,0x00000082de900000] [id=3188]
  0x000001f94e6f9140 WorkerThread "GC Thread#4" [stack: 0x00000082de900000,0x00000082dea00000] [id=13408]
  0x000001f951356fc0 WorkerThread "GC Thread#5" [stack: 0x00000082df800000,0x00000082df900000] [id=8548]
  0x000001f94f6fb1f0 WorkerThread "GC Thread#6" [stack: 0x00000082df900000,0x00000082dfa00000] [id=11604]
  0x000001f9513f0260 WorkerThread "GC Thread#7" [stack: 0x00000082dfa00000,0x00000082dfb00000] [id=7336]
  0x000001f92a7973b0 ConcurrentGCThread "G1 Main Marker" [stack: 0x00000082dd300000,0x00000082dd400000] [id=12852]
  0x000001f92a798440 WorkerThread "G1 Conc#0" [stack: 0x00000082dd400000,0x00000082dd500000] [id=11072]
  0x000001f9512fc570 WorkerThread "G1 Conc#1" [stack: 0x00000082e0500000,0x00000082e0600000] [id=9400]
  0x000001f94883d160 ConcurrentGCThread "G1 Refine#0" [stack: 0x00000082dd500000,0x00000082dd600000] [id=10136]
  0x000001f94883da70 ConcurrentGCThread "G1 Service" [stack: 0x00000082dd600000,0x00000082dd700000] [id=4892]

Threads with active compile tasks:
C2 CompilerThread0     6773 7795 %     4       org.gradle.internal.instantiation.generator.AbstractClassGenerator::inspectType @ 107 (560 bytes)

VM state: at safepoint (normal execution)

VM Mutex/Monitor currently owned by a thread:  ([mutex/lock_event])
[0x000001f92a71ebb0] Threads_lock - owner thread: 0x000001f94897e840
[0x000001f92a71ecd0] Heap_lock - owner thread: 0x000001f94e871e60

Heap address: 0x0000000080000000, size: 2048 MB, Compressed Oops mode: 32-bit

CDS archive(s) mapped at: [0x0000000800000000-0x0000000800ba0000-0x0000000800ba0000), size 12189696, SharedBaseAddress: 0x0000000800000000, ArchiveRelocationMode: 0.
Compressed class space mapped at: 0x0000000800c00000-0x0000000840c00000, reserved size: 1073741824
Narrow klass base: 0x0000000800000000, Narrow klass shift: 0, Narrow klass range: 0x100000000

GC Precious Log:
 CardTable entry size: 512
 Card Set container configuration: InlinePtr #cards 5 size 8 Array Of Cards #cards 12 size 40 Howl #buckets 4 coarsen threshold 1843 Howl Bitmap #cards 512 size 80 coarsen threshold 460 Card regions per heap region 1 cards per card region 2048
 CPUs: 8 total, 8 available
 Memory: 8023M
 Large Page Support: Disabled
 NUMA Support: Disabled
 Compressed Oops: Enabled (32-bit)
 Heap Region Size: 1M
 Heap Min Capacity: 8M
 Heap Initial Capacity: 126M
 Heap Max Capacity: 2G
 Pre-touch: Disabled
 Parallel Workers: 8
 Concurrent Workers: 2
 Concurrent Refinement Workers: 8
 Periodic GC: Disabled

Heap:
 garbage-first heap   total 153600K, used 90995K [0x0000000080000000, 0x0000000100000000)
  region size 1024K, 4 young (4096K), 4 survivors (4096K)
 Metaspace       used 65284K, committed 67072K, reserved 1114112K
  class space    used 8763K, committed 9664K, reserved 1048576K

Heap Regions: E=young(eden), S=young(survivor), O=old, HS=humongous(starts), HC=humongous(continues), CS=collection set, F=free, OA=open archive, CA=closed archive, TAMS=top-at-mark-start (previous, next)
|   0|0x0000000080000000, 0x0000000080100000, 0x0000000080100000|100%|HS|  |TAMS 0x0000000080100000, 0x0000000080100000| Complete 
|   1|0x0000000080100000, 0x0000000080200000, 0x0000000080200000|100%| O|  |TAMS 0x0000000080200000, 0x0000000080200000| Untracked 
|   2|0x0000000080200000, 0x0000000080300000, 0x0000000080300000|100%| O|  |TAMS 0x0000000080300000, 0x0000000080300000| Untracked 
|   3|0x0000000080300000, 0x0000000080400000, 0x0000000080400000|100%|HS|  |TAMS 0x0000000080400000, 0x0000000080400000| Complete 
|   4|0x0000000080400000, 0x0000000080500000, 0x0000000080500000|100%|HC|  |TAMS 0x0000000080500000, 0x0000000080500000| Complete 
|   5|0x0000000080500000, 0x0000000080600000, 0x0000000080600000|100%|HC|  |TAMS 0x0000000080600000, 0x0000000080600000| Complete 
|   6|0x0000000080600000, 0x0000000080700000, 0x0000000080700000|100%| O|  |TAMS 0x0000000080700000, 0x0000000080700000| Untracked 
|   7|0x0000000080700000, 0x0000000080800000, 0x0000000080800000|100%| O|  |TAMS 0x0000000080800000, 0x0000000080800000| Untracked 
|   8|0x0000000080800000, 0x0000000080900000, 0x0000000080900000|100%| O|  |TAMS 0x0000000080900000, 0x0000000080900000| Untracked 
|   9|0x0000000080900000, 0x0000000080a00000, 0x0000000080a00000|100%| O|  |TAMS 0x0000000080a00000, 0x0000000080a00000| Untracked 
|  10|0x0000000080a00000, 0x0000000080b00000, 0x0000000080b00000|100%| O|  |TAMS 0x0000000080b00000, 0x0000000080b00000| Untracked 
|  11|0x0000000080b00000, 0x0000000080c00000, 0x0000000080c00000|100%|HS|  |TAMS 0x0000000080c00000, 0x0000000080c00000| Complete 
|  12|0x0000000080c00000, 0x0000000080d00000, 0x0000000080d00000|100%|HC|  |TAMS 0x0000000080d00000, 0x0000000080d00000| Complete 
|  13|0x0000000080d00000, 0x0000000080e00000, 0x0000000080e00000|100%|HS|  |TAMS 0x0000000080e00000, 0x0000000080e00000| Complete 
|  14|0x0000000080e00000, 0x0000000080f00000, 0x0000000080f00000|100%|HC|  |TAMS 0x0000000080f00000, 0x0000000080f00000| Complete 
|  15|0x0000000080f00000, 0x0000000081000000, 0x0000000081000000|100%|HC|  |TAMS 0x0000000081000000, 0x0000000081000000| Complete 
|  16|0x0000000081000000, 0x0000000081100000, 0x0000000081100000|100%|HS|  |TAMS 0x0000000081100000, 0x0000000081100000| Complete 
|  17|0x0000000081100000, 0x0000000081200000, 0x0000000081200000|100%|HC|  |TAMS 0x0000000081200000, 0x0000000081200000| Complete 
|  18|0x0000000081200000, 0x0000000081300000, 0x0000000081300000|100%|HC|  |TAMS 0x0000000081300000, 0x0000000081300000| Complete 
|  19|0x0000000081300000, 0x0000000081400000, 0x0000000081400000|100%|HC|  |TAMS 0x0000000081400000, 0x0000000081400000| Complete 
|  20|0x0000000081400000, 0x0000000081500000, 0x0000000081500000|100%| O|  |TAMS 0x0000000081500000, 0x0000000081500000| Untracked 
|  21|0x0000000081500000, 0x0000000081600000, 0x0000000081600000|100%| O|  |TAMS 0x0000000081600000, 0x0000000081600000| Untracked 
|  22|0x0000000081600000, 0x0000000081700000, 0x0000000081700000|100%| O|  |TAMS 0x0000000081700000, 0x0000000081700000| Untracked 
|  23|0x0000000081700000, 0x0000000081800000, 0x0000000081800000|100%| O|  |TAMS 0x0000000081800000, 0x0000000081800000| Untracked 
|  24|0x0000000081800000, 0x0000000081900000, 0x0000000081900000|100%| O|  |TAMS 0x0000000081900000, 0x0000000081900000| Untracked 
|  25|0x0000000081900000, 0x0000000081a00000, 0x0000000081a00000|100%| O|  |TAMS 0x0000000081a00000, 0x0000000081a00000| Untracked 
|  26|0x0000000081a00000, 0x0000000081b00000, 0x0000000081b00000|100%| O|  |TAMS 0x0000000081b00000, 0x0000000081b00000| Untracked 
|  27|0x0000000081b00000, 0x0000000081c00000, 0x0000000081c00000|100%| O|  |TAMS 0x0000000081c00000, 0x0000000081c00000| Untracked 
|  28|0x0000000081c00000, 0x0000000081d00000, 0x0000000081d00000|100%| O|  |TAMS 0x0000000081d00000, 0x0000000081d00000| Untracked 
|  29|0x0000000081d00000, 0x0000000081e00000, 0x0000000081e00000|100%| O|  |TAMS 0x0000000081e00000, 0x0000000081e00000| Untracked 
|  30|0x0000000081e00000, 0x0000000081f00000, 0x0000000081f00000|100%| O|  |TAMS 0x0000000081f00000, 0x0000000081f00000| Untracked 
|  31|0x0000000081f00000, 0x0000000082000000, 0x0000000082000000|100%| O|  |TAMS 0x0000000082000000, 0x0000000082000000| Untracked 
|  32|0x0000000082000000, 0x0000000082100000, 0x0000000082100000|100%| O|  |TAMS 0x0000000082100000, 0x0000000082100000| Untracked 
|  33|0x0000000082100000, 0x0000000082200000, 0x0000000082200000|100%| O|  |TAMS 0x0000000082200000, 0x0000000082200000| Untracked 
|  34|0x0000000082200000, 0x0000000082200000, 0x0000000082300000|  0%| F|  |TAMS 0x0000000082200000, 0x0000000082200000| Untracked 
|  35|0x0000000082300000, 0x0000000082400000, 0x0000000082400000|100%| O|  |TAMS 0x0000000082400000, 0x0000000082400000| Untracked 
|  36|0x0000000082400000, 0x0000000082500000, 0x0000000082500000|100%|HS|  |TAMS 0x0000000082500000, 0x0000000082500000| Complete 
|  37|0x0000000082500000, 0x0000000082600000, 0x0000000082600000|100%| O|  |TAMS 0x0000000082600000, 0x0000000082600000| Untracked 
|  38|0x0000000082600000, 0x0000000082700000, 0x0000000082700000|100%| O|  |TAMS 0x0000000082700000, 0x0000000082700000| Untracked 
|  39|0x0000000082700000, 0x0000000082800000, 0x0000000082800000|100%| O|  |TAMS 0x0000000082800000, 0x0000000082800000| Untracked 
|  40|0x0000000082800000, 0x0000000082900000, 0x0000000082900000|100%| O|  |TAMS 0x0000000082900000, 0x0000000082900000| Untracked 
|  41|0x0000000082900000, 0x0000000082a00000, 0x0000000082a00000|100%| O|  |TAMS 0x0000000082a00000, 0x0000000082a00000| Untracked 
|  42|0x0000000082a00000, 0x0000000082b00000, 0x0000000082b00000|100%| O|  |TAMS 0x0000000082b00000, 0x0000000082b00000| Untracked 
|  43|0x0000000082b00000, 0x0000000082c00000, 0x0000000082c00000|100%|HS|  |TAMS 0x0000000082c00000, 0x0000000082c00000| Complete 
|  44|0x0000000082c00000, 0x0000000082d00000, 0x0000000082d00000|100%|HC|  |TAMS 0x0000000082d00000, 0x0000000082d00000| Complete 
|  45|0x0000000082d00000, 0x0000000082e00000, 0x0000000082e00000|100%|HC|  |TAMS 0x0000000082e00000, 0x0000000082e00000| Complete 
|  46|0x0000000082e00000, 0x0000000082f00000, 0x0000000082f00000|100%| O|  |TAMS 0x0000000082f00000, 0x0000000082f00000| Untracked 
|  47|0x0000000082f00000, 0x0000000083000000, 0x0000000083000000|100%| O|  |TAMS 0x0000000083000000, 0x0000000083000000| Untracked 
|  48|0x0000000083000000, 0x0000000083100000, 0x0000000083100000|100%| O|  |TAMS 0x0000000083100000, 0x0000000083100000| Untracked 
|  49|0x0000000083100000, 0x0000000083200000, 0x0000000083200000|100%|HS|  |TAMS 0x0000000083200000, 0x0000000083200000| Complete 
|  50|0x0000000083200000, 0x0000000083300000, 0x0000000083300000|100%|HC|  |TAMS 0x0000000083300000, 0x0000000083300000| Complete 
|  51|0x0000000083300000, 0x0000000083400000, 0x0000000083400000|100%|HC|  |TAMS 0x0000000083400000, 0x0000000083400000| Complete 
|  52|0x0000000083400000, 0x0000000083500000, 0x0000000083500000|100%|HC|  |TAMS 0x0000000083500000, 0x0000000083500000| Complete 
|  53|0x0000000083500000, 0x0000000083600000, 0x0000000083600000|100%| O|  |TAMS 0x0000000083600000, 0x0000000083600000| Untracked 
|  54|0x0000000083600000, 0x0000000083700000, 0x0000000083700000|100%| O|  |TAMS 0x0000000083700000, 0x0000000083700000| Untracked 
|  55|0x0000000083700000, 0x0000000083800000, 0x0000000083800000|100%| O|  |TAMS 0x0000000083800000, 0x0000000083800000| Untracked 
|  56|0x0000000083800000, 0x0000000083900000, 0x0000000083900000|100%| O|  |TAMS 0x0000000083800000, 0x0000000083900000| Untracked 
|  57|0x0000000083900000, 0x0000000083a00000, 0x0000000083a00000|100%| O|  |TAMS 0x0000000083a00000, 0x0000000083a00000| Untracked 
|  58|0x0000000083a00000, 0x0000000083b00000, 0x0000000083b00000|100%| O|  |TAMS 0x0000000083b00000, 0x0000000083b00000| Untracked 
|  59|0x0000000083b00000, 0x0000000083c00000, 0x0000000083c00000|100%| O|  |TAMS 0x0000000083c00000, 0x0000000083c00000| Untracked 
|  60|0x0000000083c00000, 0x0000000083d00000, 0x0000000083d00000|100%| O|  |TAMS 0x0000000083d00000, 0x0000000083d00000| Untracked 
|  61|0x0000000083d00000, 0x0000000083e00000, 0x0000000083e00000|100%| O|  |TAMS 0x0000000083e00000, 0x0000000083e00000| Untracked 
|  62|0x0000000083e00000, 0x0000000083f00000, 0x0000000083f00000|100%|HS|  |TAMS 0x0000000083f00000, 0x0000000083f00000| Complete 
|  63|0x0000000083f00000, 0x0000000084000000, 0x0000000084000000|100%|HS|  |TAMS 0x0000000084000000, 0x0000000084000000| Complete 
|  64|0x0000000084000000, 0x0000000084100000, 0x0000000084100000|100%|HS|  |TAMS 0x0000000084100000, 0x0000000084100000| Complete 
|  65|0x0000000084100000, 0x0000000084200000, 0x0000000084200000|100%|HS|  |TAMS 0x0000000084200000, 0x0000000084200000| Complete 
|  66|0x0000000084200000, 0x0000000084300000, 0x0000000084300000|100%|HC|  |TAMS 0x0000000084300000, 0x0000000084300000| Complete 
|  67|0x0000000084300000, 0x0000000084400000, 0x0000000084400000|100%|HC|  |TAMS 0x0000000084400000, 0x0000000084400000| Complete 
|  68|0x0000000084400000, 0x0000000084500000, 0x0000000084500000|100%|HS|  |TAMS 0x0000000084500000, 0x0000000084500000| Complete 
|  69|0x0000000084500000, 0x0000000084600000, 0x0000000084600000|100%|HC|  |TAMS 0x0000000084600000, 0x0000000084600000| Complete 
|  70|0x0000000084600000, 0x0000000084700000, 0x0000000084700000|100%| O|  |TAMS 0x0000000084700000, 0x0000000084700000| Untracked 
|  71|0x0000000084700000, 0x0000000084800000, 0x0000000084800000|100%| O|  |TAMS 0x0000000084800000, 0x0000000084800000| Untracked 
|  72|0x0000000084800000, 0x0000000084900000, 0x0000000084900000|100%| O|  |TAMS 0x0000000084900000, 0x0000000084900000| Untracked 
|  73|0x0000000084900000, 0x0000000084a00000, 0x0000000084a00000|100%| O|  |TAMS 0x0000000084a00000, 0x0000000084a00000| Untracked 
|  74|0x0000000084a00000, 0x0000000084b00000, 0x0000000084b00000|100%| O|  |TAMS 0x0000000084b00000, 0x0000000084b00000| Untracked 
|  75|0x0000000084b00000, 0x0000000084c00000, 0x0000000084c00000|100%| O|  |TAMS 0x0000000084c00000, 0x0000000084c00000| Untracked 
|  76|0x0000000084c00000, 0x0000000084d00000, 0x0000000084d00000|100%| O|  |TAMS 0x0000000084d00000, 0x0000000084d00000| Untracked 
|  77|0x0000000084d00000, 0x0000000084e00000, 0x0000000084e00000|100%| O|  |TAMS 0x0000000084e00000, 0x0000000084e00000| Untracked 
|  78|0x0000000084e00000, 0x0000000084f00000, 0x0000000084f00000|100%| O|  |TAMS 0x0000000084f00000, 0x0000000084f00000| Untracked 
|  79|0x0000000084f00000, 0x0000000085000000, 0x0000000085000000|100%| O|  |TAMS 0x0000000085000000, 0x0000000085000000| Untracked 
|  80|0x0000000085000000, 0x0000000085100000, 0x0000000085100000|100%| O|  |TAMS 0x0000000085100000, 0x0000000085100000| Untracked 
|  81|0x0000000085100000, 0x0000000085200000, 0x0000000085200000|100%| O|  |TAMS 0x0000000085200000, 0x0000000085200000| Untracked 
|  82|0x0000000085200000, 0x0000000085300000, 0x0000000085300000|100%| O|  |TAMS 0x0000000085300000, 0x0000000085300000| Untracked 
|  83|0x0000000085300000, 0x0000000085400000, 0x0000000085400000|100%| O|  |TAMS 0x000000008539ec00, 0x0000000085400000| Untracked 
|  84|0x0000000085400000, 0x0000000085500000, 0x0000000085500000|100%| O|  |TAMS 0x0000000085400000, 0x0000000085500000| Untracked 
|  85|0x0000000085500000, 0x0000000085600000, 0x0000000085600000|100%| O|  |TAMS 0x0000000085500000, 0x0000000085600000| Untracked 
|  86|0x0000000085600000, 0x00000000856b0e00, 0x0000000085700000| 69%| O|  |TAMS 0x0000000085600000, 0x00000000856b0e00| Untracked 
|  87|0x0000000085700000, 0x0000000085700000, 0x0000000085800000|  0%| F|  |TAMS 0x0000000085700000, 0x0000000085700000| Untracked 
|  88|0x0000000085800000, 0x0000000085800000, 0x0000000085900000|  0%| F|  |TAMS 0x0000000085800000, 0x0000000085800000| Untracked 
|  89|0x0000000085900000, 0x0000000085900000, 0x0000000085a00000|  0%| F|  |TAMS 0x0000000085900000, 0x0000000085900000| Untracked 
|  90|0x0000000085a00000, 0x0000000085a00000, 0x0000000085b00000|  0%| F|  |TAMS 0x0000000085a00000, 0x0000000085a00000| Untracked 
|  91|0x0000000085b00000, 0x0000000085b00000, 0x0000000085c00000|  0%| F|  |TAMS 0x0000000085b00000, 0x0000000085b00000| Untracked 
|  92|0x0000000085c00000, 0x0000000085c00000, 0x0000000085d00000|  0%| F|  |TAMS 0x0000000085c00000, 0x0000000085c00000| Untracked 
|  93|0x0000000085d00000, 0x0000000085d00000, 0x0000000085e00000|  0%| F|  |TAMS 0x0000000085d00000, 0x0000000085d00000| Untracked 
|  94|0x0000000085e00000, 0x0000000085e00000, 0x0000000085f00000|  0%| F|  |TAMS 0x0000000085e00000, 0x0000000085e00000| Untracked 
|  95|0x0000000085f00000, 0x0000000085f00000, 0x0000000086000000|  0%| F|  |TAMS 0x0000000085f00000, 0x0000000085f00000| Untracked 
|  96|0x0000000086000000, 0x0000000086000000, 0x0000000086100000|  0%| F|  |TAMS 0x0000000086000000, 0x0000000086000000| Untracked 
|  97|0x0000000086100000, 0x0000000086100000, 0x0000000086200000|  0%| F|  |TAMS 0x0000000086100000, 0x0000000086100000| Untracked 
|  98|0x0000000086200000, 0x0000000086200000, 0x0000000086300000|  0%| F|  |TAMS 0x0000000086200000, 0x0000000086200000| Untracked 
|  99|0x0000000086300000, 0x0000000086300000, 0x0000000086400000|  0%| F|  |TAMS 0x0000000086300000, 0x0000000086300000| Untracked 
| 100|0x0000000086400000, 0x0000000086400000, 0x0000000086500000|  0%| F|  |TAMS 0x0000000086400000, 0x0000000086400000| Untracked 
| 101|0x0000000086500000, 0x0000000086500000, 0x0000000086600000|  0%| F|  |TAMS 0x0000000086500000, 0x0000000086500000| Untracked 
| 102|0x0000000086600000, 0x0000000086600000, 0x0000000086700000|  0%| F|  |TAMS 0x0000000086600000, 0x0000000086600000| Untracked 
| 103|0x0000000086700000, 0x0000000086700000, 0x0000000086800000|  0%| F|  |TAMS 0x0000000086700000, 0x0000000086700000| Untracked 
| 104|0x0000000086800000, 0x0000000086800000, 0x0000000086900000|  0%| F|  |TAMS 0x0000000086800000, 0x0000000086800000| Untracked 
| 105|0x0000000086900000, 0x0000000086900000, 0x0000000086a00000|  0%| F|  |TAMS 0x0000000086900000, 0x0000000086900000| Untracked 
| 106|0x0000000086a00000, 0x0000000086a00000, 0x0000000086b00000|  0%| F|  |TAMS 0x0000000086a00000, 0x0000000086a00000| Untracked 
| 107|0x0000000086b00000, 0x0000000086b00000, 0x0000000086c00000|  0%| F|  |TAMS 0x0000000086b00000, 0x0000000086b00000| Untracked 
| 108|0x0000000086c00000, 0x0000000086c00000, 0x0000000086d00000|  0%| F|  |TAMS 0x0000000086c00000, 0x0000000086c00000| Untracked 
| 109|0x0000000086d00000, 0x0000000086d2bec0, 0x0000000086e00000| 17%| S|CS|TAMS 0x0000000086d00000, 0x0000000086d00000| Complete 
| 110|0x0000000086e00000, 0x0000000086f00000, 0x0000000086f00000|100%| S|CS|TAMS 0x0000000086e00000, 0x0000000086e00000| Complete 
| 111|0x0000000086f00000, 0x0000000087000000, 0x0000000087000000|100%| S|CS|TAMS 0x0000000086f00000, 0x0000000086f00000| Complete 
| 112|0x0000000087000000, 0x0000000087100000, 0x0000000087100000|100%| S|CS|TAMS 0x0000000087000000, 0x0000000087000000| Complete 
| 113|0x0000000087100000, 0x0000000087100000, 0x0000000087200000|  0%| F|  |TAMS 0x0000000087100000, 0x0000000087100000| Untracked 
| 114|0x0000000087200000, 0x0000000087200000, 0x0000000087300000|  0%| F|  |TAMS 0x0000000087200000, 0x0000000087200000| Untracked 
| 115|0x0000000087300000, 0x0000000087300000, 0x0000000087400000|  0%| F|  |TAMS 0x0000000087300000, 0x0000000087300000| Untracked 
| 116|0x0000000087400000, 0x0000000087400000, 0x0000000087500000|  0%| F|  |TAMS 0x0000000087400000, 0x0000000087400000| Untracked 
| 117|0x0000000087500000, 0x0000000087500000, 0x0000000087600000|  0%| F|  |TAMS 0x0000000087500000, 0x0000000087500000| Untracked 
| 118|0x0000000087600000, 0x0000000087600000, 0x0000000087700000|  0%| F|  |TAMS 0x0000000087600000, 0x0000000087600000| Untracked 
| 119|0x0000000087700000, 0x0000000087700000, 0x0000000087800000|  0%| F|  |TAMS 0x0000000087700000, 0x0000000087700000| Untracked 
| 120|0x0000000087800000, 0x0000000087800000, 0x0000000087900000|  0%| F|  |TAMS 0x0000000087800000, 0x0000000087800000| Untracked 
| 121|0x0000000087900000, 0x0000000087900000, 0x0000000087a00000|  0%| F|  |TAMS 0x0000000087900000, 0x0000000087900000| Untracked 
| 122|0x0000000087a00000, 0x0000000087a00000, 0x0000000087b00000|  0%| F|  |TAMS 0x0000000087a00000, 0x0000000087a00000| Untracked 
| 123|0x0000000087b00000, 0x0000000087b00000, 0x0000000087c00000|  0%| F|  |TAMS 0x0000000087b00000, 0x0000000087b00000| Untracked 
| 124|0x0000000087c00000, 0x0000000087c00000, 0x0000000087d00000|  0%| F|  |TAMS 0x0000000087c00000, 0x0000000087c00000| Untracked 
| 125|0x0000000087d00000, 0x0000000087d00000, 0x0000000087e00000|  0%| F|  |TAMS 0x0000000087d00000, 0x0000000087d00000| Untracked 
| 126|0x0000000087e00000, 0x0000000087e00000, 0x0000000087f00000|  0%| F|  |TAMS 0x0000000087e00000, 0x0000000087e00000| Untracked 
| 127|0x0000000087f00000, 0x0000000087f00000, 0x0000000088000000|  0%| F|  |TAMS 0x0000000087f00000, 0x0000000087f00000| Untracked 
| 128|0x0000000088000000, 0x0000000088000000, 0x0000000088100000|  0%| F|  |TAMS 0x0000000088000000, 0x0000000088000000| Untracked 
| 129|0x0000000088100000, 0x0000000088100000, 0x0000000088200000|  0%| F|  |TAMS 0x0000000088100000, 0x0000000088100000| Untracked 
| 130|0x0000000088200000, 0x0000000088200000, 0x0000000088300000|  0%| F|  |TAMS 0x0000000088200000, 0x0000000088200000| Untracked 
| 131|0x0000000088300000, 0x0000000088300000, 0x0000000088400000|  0%| F|  |TAMS 0x0000000088300000, 0x0000000088300000| Untracked 
| 132|0x0000000088400000, 0x0000000088400000, 0x0000000088500000|  0%| F|  |TAMS 0x0000000088400000, 0x0000000088400000| Untracked 
| 133|0x0000000088500000, 0x0000000088500000, 0x0000000088600000|  0%| F|  |TAMS 0x0000000088500000, 0x0000000088500000| Untracked 
| 134|0x0000000088600000, 0x0000000088600000, 0x0000000088700000|  0%| F|  |TAMS 0x0000000088600000, 0x0000000088600000| Untracked 
| 135|0x0000000088700000, 0x0000000088700000, 0x0000000088800000|  0%| F|  |TAMS 0x0000000088700000, 0x0000000088700000| Untracked 
| 136|0x0000000088800000, 0x0000000088800000, 0x0000000088900000|  0%| F|  |TAMS 0x0000000088800000, 0x0000000088800000| Untracked 
| 137|0x0000000088900000, 0x0000000088900000, 0x0000000088a00000|  0%| F|  |TAMS 0x0000000088900000, 0x0000000088900000| Untracked 
| 138|0x0000000088a00000, 0x0000000088a00000, 0x0000000088b00000|  0%| F|  |TAMS 0x0000000088a00000, 0x0000000088a00000| Untracked 
| 139|0x0000000088b00000, 0x0000000088b00000, 0x0000000088c00000|  0%| F|  |TAMS 0x0000000088b00000, 0x0000000088b00000| Untracked 
| 140|0x0000000088c00000, 0x0000000088c00000, 0x0000000088d00000|  0%| F|  |TAMS 0x0000000088c00000, 0x0000000088c00000| Untracked 
| 141|0x0000000088d00000, 0x0000000088d00000, 0x0000000088e00000|  0%| F|  |TAMS 0x0000000088d00000, 0x0000000088d00000| Untracked 
| 142|0x0000000088e00000, 0x0000000088e00000, 0x0000000088f00000|  0%| F|  |TAMS 0x0000000088e00000, 0x0000000088e00000| Untracked 
| 143|0x0000000088f00000, 0x0000000088f00000, 0x0000000089000000|  0%| F|  |TAMS 0x0000000088f00000, 0x0000000088f00000| Untracked 
| 144|0x0000000089000000, 0x0000000089000000, 0x0000000089100000|  0%| F|  |TAMS 0x0000000089000000, 0x0000000089000000| Untracked 
| 145|0x0000000089100000, 0x0000000089100000, 0x0000000089200000|  0%| F|  |TAMS 0x0000000089100000, 0x0000000089100000| Untracked 
| 146|0x0000000089200000, 0x0000000089200000, 0x0000000089300000|  0%| F|  |TAMS 0x0000000089200000, 0x0000000089200000| Untracked 
| 147|0x0000000089300000, 0x0000000089300000, 0x0000000089400000|  0%| F|  |TAMS 0x0000000089300000, 0x0000000089300000| Untracked 
| 148|0x0000000089400000, 0x0000000089400000, 0x0000000089500000|  0%| F|  |TAMS 0x0000000089400000, 0x0000000089400000| Untracked 
| 149|0x0000000089500000, 0x0000000089500000, 0x0000000089600000|  0%| F|  |TAMS 0x0000000089500000, 0x0000000089500000| Untracked 

Card table byte_map: [0x000001f941790000,0x000001f941b90000] _byte_map_base: 0x000001f941390000

Marking Bits (Prev, Next): (CMBitMap*) 0x000001f92a786ac0, (CMBitMap*) 0x000001f92a786a80
 Prev Bits: [0x000001f943f90000, 0x000001f945f90000)
 Next Bits: [0x000001f941f90000, 0x000001f943f90000)

Polling page: 0x000001f928880000

Metaspace:

Usage:
  Non-class:     55.20 MB used.
      Class:      8.56 MB used.
       Both:     63.75 MB used.

Virtual space:
  Non-class space:       64.00 MB reserved,      56.06 MB ( 88%) committed,  1 nodes.
      Class space:        1.00 GB reserved,       9.44 MB ( <1%) committed,  1 nodes.
             Both:        1.06 GB reserved,      65.50 MB (  6%) committed. 

Chunk freelists:
   Non-Class:  3.23 MB
       Class:  2.41 MB
        Both:  5.64 MB

MaxMetaspaceSize: unlimited
CompressedClassSpaceSize: 1.00 GB
Initial GC threshold: 21.00 MB
Current GC threshold: 99.94 MB
CDS: on
MetaspaceReclaimPolicy: balanced
 - commit_granule_bytes: 65536.
 - commit_granule_words: 8192.
 - virtual_space_node_default_size: 8388608.
 - enlarge_chunks_in_place: 1.
 - new_chunks_are_fully_committed: 0.
 - uncommit_free_chunks: 1.
 - use_allocation_guard: 0.


Internal statistics:

num_allocs_failed_limit: 6.
num_arena_births: 3024.
num_arena_deaths: 0.
num_vsnodes_births: 2.
num_vsnodes_deaths: 0.
num_space_committed: 1048.
num_space_uncommitted: 0.
num_chunks_returned_to_freelist: 6.
num_chunks_taken_from_freelist: 5924.
num_chunk_merges: 6.
num_chunk_splits: 3898.
num_chunks_enlarged: 2450.
num_inconsistent_stats: 0.

CodeHeap 'non-profiled nmethods': size=120000Kb used=4173Kb max_used=4173Kb free=115826Kb
 bounds [0x000001f939b30000, 0x000001f939f50000, 0x000001f941060000]
CodeHeap 'profiled nmethods': size=120000Kb used=13930Kb max_used=13930Kb free=106070Kb
 bounds [0x000001f932600000, 0x000001f9333a0000, 0x000001f939b30000]
CodeHeap 'non-nmethods': size=5760Kb used=2371Kb max_used=2439Kb free=3388Kb
 bounds [0x000001f932060000, 0x000001f9322e0000, 0x000001f932600000]
 total_blobs=7942 nmethods=7057 adapters=797
 compilation: enabled
              stopped_count=0, restarted_count=0
 full_count=0

Compilation events (20 events):
Event: 6.722 Thread 0x000001f9489b2780 nmethod 7844 0x000001f933398590 code [0x000001f933398720, 0x000001f933398878]
Event: 6.728 Thread 0x000001f94cda2db0 nmethod 7796 0x000001f939f3ec10 code [0x000001f939f3ef20, 0x000001f939f408d8]
Event: 6.729 Thread 0x000001f9489b2780 7845       1       org.gradle.api.internal.DefaultNamedDomainObjectCollection$AbstractNamedDomainObjectProvider::getType (5 bytes)
Event: 6.729 Thread 0x000001f9489b2780 nmethod 7845 0x000001f939f41690 code [0x000001f939f41820, 0x000001f939f418f8]
Event: 6.732 Thread 0x000001f9489b2780 7846       3       org.gradle.api.internal.project.DefaultProject::getProjectPath (10 bytes)
Event: 6.732 Thread 0x000001f9489b2780 nmethod 7846 0x000001f933398910 code [0x000001f933398aa0, 0x000001f933398c18]
Event: 6.734 Thread 0x000001f9489b2780 7847       3       org.gradle.api.internal.DefaultDomainObjectCollection::withMutationDisabled (11 bytes)
Event: 6.734 Thread 0x000001f94cd51e90 7848       4       com.google.common.collect.ImmutableSet$RegularSetBuilderImpl::add (122 bytes)
Event: 6.735 Thread 0x000001f9489b2780 nmethod 7847 0x000001f933398d10 code [0x000001f933398ec0, 0x000001f933399158]
Event: 6.741 Thread 0x000001f9489b2780 7849       1       org.gradle.api.internal.project.DefaultProject::getGradle (5 bytes)
Event: 6.741 Thread 0x000001f9489b2780 nmethod 7849 0x000001f939f41990 code [0x000001f939f41b20, 0x000001f939f41bf8]
Event: 6.742 Thread 0x000001f94cda2db0 7850       4       com.google.common.collect.ImmutableSet$SetBuilderImpl::addDedupedElement (28 bytes)
Event: 6.745 Thread 0x000001f94cda2db0 nmethod 7850 0x000001f939f41c90 code [0x000001f939f41e20, 0x000001f939f42178]
Event: 6.745 Thread 0x000001f94cd51e90 nmethod 7848 0x000001f939f42310 code [0x000001f939f42500, 0x000001f939f42e68]
Event: 6.748 Thread 0x000001f9489b2780 7851       3       org.gradle.api.internal.tasks.DefaultTaskContainer_Decorated::getEventRegister (39 bytes)
Event: 6.748 Thread 0x000001f9489b2780 nmethod 7851 0x000001f933399290 code [0x000001f933399460, 0x000001f9333997f8]
Event: 6.750 Thread 0x000001f9489b2780 7852   !   3       kotlin.SynchronizedLazyImpl::getValue (97 bytes)
Event: 6.751 Thread 0x000001f9489b2780 nmethod 7852 0x000001f933399910 code [0x000001f933399b40, 0x000001f93339a3f8]
Event: 6.751 Thread 0x000001f9489b2780 7853       1       org.gradle.api.internal.provider.DefaultProperty::getType (5 bytes)
Event: 6.751 Thread 0x000001f9489b2780 nmethod 7853 0x000001f939f43490 code [0x000001f939f43620, 0x000001f939f436f8]

GC Heap History (20 events):
Event: 4.591 GC heap after
{Heap after GC invocations=10 (full 0):
 garbage-first heap   total 126976K, used 62641K [0x0000000080000000, 0x0000000100000000)
  region size 1024K, 6 young (6144K), 6 survivors (6144K)
 Metaspace       used 43433K, committed 44928K, reserved 1114112K
  class space    used 6031K, committed 6784K, reserved 1048576K
}
Event: 4.754 GC heap before
{Heap before GC invocations=10 (full 0):
 garbage-first heap   total 126976K, used 83121K [0x0000000080000000, 0x0000000100000000)
  region size 1024K, 28 young (28672K), 6 survivors (6144K)
 Metaspace       used 43988K, committed 45440K, reserved 1114112K
  class space    used 6100K, committed 6848K, reserved 1048576K
}
Event: 4.759 GC heap after
{Heap after GC invocations=11 (full 0):
 garbage-first heap   total 126976K, used 63379K [0x0000000080000000, 0x0000000100000000)
  region size 1024K, 2 young (2048K), 2 survivors (2048K)
 Metaspace       used 43988K, committed 45440K, reserved 1114112K
  class space    used 6100K, committed 6848K, reserved 1048576K
}
Event: 5.025 GC heap before
{Heap before GC invocations=12 (full 0):
 garbage-first heap   total 128000K, used 105363K [0x0000000080000000, 0x0000000100000000)
  region size 1024K, 36 young (36864K), 2 survivors (2048K)
 Metaspace       used 47468K, committed 49024K, reserved 1114112K
  class space    used 6541K, committed 7360K, reserved 1048576K
}
Event: 5.029 GC heap after
{Heap after GC invocations=13 (full 0):
 garbage-first heap   total 128000K, used 78731K [0x0000000080000000, 0x0000000100000000)
  region size 1024K, 5 young (5120K), 5 survivors (5120K)
 Metaspace       used 47468K, committed 49024K, reserved 1114112K
  class space    used 6541K, committed 7360K, reserved 1048576K
}
Event: 5.042 GC heap before
{Heap before GC invocations=13 (full 0):
 garbage-first heap   total 128000K, used 79755K [0x0000000080000000, 0x0000000100000000)
  region size 1024K, 6 young (6144K), 5 survivors (5120K)
 Metaspace       used 47641K, committed 49280K, reserved 1114112K
  class space    used 6561K, committed 7424K, reserved 1048576K
}
Event: 5.044 GC heap after
{Heap after GC invocations=14 (full 0):
 garbage-first heap   total 153600K, used 79538K [0x0000000080000000, 0x0000000100000000)
  region size 1024K, 1 young (1024K), 1 survivors (1024K)
 Metaspace       used 47641K, committed 49280K, reserved 1114112K
  class space    used 6561K, committed 7424K, reserved 1048576K
}
Event: 5.510 GC heap before
{Heap before GC invocations=14 (full 0):
 garbage-first heap   total 153600K, used 115378K [0x0000000080000000, 0x0000000100000000)
  region size 1024K, 37 young (37888K), 1 survivors (1024K)
 Metaspace       used 54185K, committed 55872K, reserved 1114112K
  class space    used 7352K, committed 8256K, reserved 1048576K
}
Event: 5.513 GC heap after
{Heap after GC invocations=15 (full 0):
 garbage-first heap   total 153600K, used 81122K [0x0000000080000000, 0x0000000100000000)
  region size 1024K, 2 young (2048K), 2 survivors (2048K)
 Metaspace       used 54185K, committed 55872K, reserved 1114112K
  class space    used 7352K, committed 8256K, reserved 1048576K
}
Event: 5.901 GC heap before
{Heap before GC invocations=16 (full 0):
 garbage-first heap   total 153600K, used 117986K [0x0000000080000000, 0x0000000100000000)
  region size 1024K, 39 young (39936K), 2 survivors (2048K)
 Metaspace       used 58367K, committed 60032K, reserved 1114112K
  class space    used 7859K, committed 8704K, reserved 1048576K
}
Event: 5.905 GC heap after
{Heap after GC invocations=17 (full 0):
 garbage-first heap   total 153600K, used 84895K [0x0000000080000000, 0x0000000100000000)
  region size 1024K, 5 young (5120K), 5 survivors (5120K)
 Metaspace       used 58367K, committed 60032K, reserved 1114112K
  class space    used 7859K, committed 8704K, reserved 1048576K
}
Event: 5.920 GC heap before
{Heap before GC invocations=17 (full 0):
 garbage-first heap   total 153600K, used 86943K [0x0000000080000000, 0x0000000100000000)
  region size 1024K, 7 young (7168K), 5 survivors (5120K)
 Metaspace       used 58448K, committed 60160K, reserved 1114112K
  class space    used 7873K, committed 8768K, reserved 1048576K
}
Event: 5.924 GC heap after
{Heap after GC invocations=18 (full 0):
 garbage-first heap   total 153600K, used 85424K [0x0000000080000000, 0x0000000100000000)
  region size 1024K, 1 young (1024K), 1 survivors (1024K)
 Metaspace       used 58448K, committed 60160K, reserved 1114112K
  class space    used 7873K, committed 8768K, reserved 1048576K
}
Event: 6.018 GC heap before
{Heap before GC invocations=18 (full 0):
 garbage-first heap   total 153600K, used 92592K [0x0000000080000000, 0x0000000100000000)
  region size 1024K, 10 young (10240K), 1 survivors (1024K)
 Metaspace       used 59379K, committed 61056K, reserved 1114112K
  class space    used 7967K, committed 8832K, reserved 1048576K
}
Event: 6.020 GC heap after
{Heap after GC invocations=19 (full 0):
 garbage-first heap   total 153600K, used 85763K [0x0000000080000000, 0x0000000100000000)
  region size 1024K, 2 young (2048K), 2 survivors (2048K)
 Metaspace       used 59379K, committed 61056K, reserved 1114112K
  class space    used 7967K, committed 8832K, reserved 1048576K
}
Event: 6.386 GC heap before
{Heap before GC invocations=20 (full 0):
 garbage-first heap   total 153600K, used 123651K [0x0000000080000000, 0x0000000100000000)
  region size 1024K, 38 young (38912K), 2 survivors (2048K)
 Metaspace       used 62440K, committed 64192K, reserved 1114112K
  class space    used 8357K, committed 9216K, reserved 1048576K
}
Event: 6.389 GC heap after
{Heap after GC invocations=21 (full 0):
 garbage-first heap   total 153600K, used 88125K [0x0000000080000000, 0x0000000100000000)
  region size 1024K, 4 young (4096K), 4 survivors (4096K)
 Metaspace       used 62440K, committed 64192K, reserved 1114112K
  class space    used 8357K, committed 9216K, reserved 1048576K
}
Event: 6.403 GC heap before
{Heap before GC invocations=21 (full 0):
 garbage-first heap   total 153600K, used 91197K [0x0000000080000000, 0x0000000100000000)
  region size 1024K, 7 young (7168K), 4 survivors (4096K)
 Metaspace       used 62442K, committed 64192K, reserved 1114112K
  class space    used 8357K, committed 9216K, reserved 1048576K
}
Event: 6.408 GC heap after
{Heap after GC invocations=22 (full 0):
 garbage-first heap   total 153600K, used 88309K [0x0000000080000000, 0x0000000100000000)
  region size 1024K, 1 young (1024K), 1 survivors (1024K)
 Metaspace       used 62442K, committed 64192K, reserved 1114112K
  class space    used 8357K, committed 9216K, reserved 1048576K
}
Event: 6.751 GC heap before
{Heap before GC invocations=22 (full 0):
 garbage-first heap   total 153600K, used 125173K [0x0000000080000000, 0x0000000100000000)
  region size 1024K, 37 young (37888K), 1 survivors (1024K)
 Metaspace       used 65284K, committed 67072K, reserved 1114112K
  class space    used 8763K, committed 9664K, reserved 1048576K
}

Deoptimization events (20 events):
Event: 6.358 Thread 0x000001f94e871e60 Uncommon trap: trap_request=0xffffff45 fr.pc=0x000001f939c84080 relative=0x0000000000000740
Event: 6.358 Thread 0x000001f94e871e60 Uncommon trap: reason=unstable_if action=reinterpret pc=0x000001f939c84080 method=groovy.lang.MetaClassImpl.filterPropertyMethod(Ljava/lang/Object;ZZ)Ljava/lang/Object; @ 60 c2
Event: 6.358 Thread 0x000001f94e871e60 DEOPT PACKING pc=0x000001f939c84080 sp=0x00000082df0f7f60
Event: 6.358 Thread 0x000001f94e871e60 DEOPT UNPACKING pc=0x000001f9320b23a3 sp=0x00000082df0f7ed0 mode 2
Event: 6.402 Thread 0x000001f94e871e60 DEOPT PACKING pc=0x000001f932f5b0f1 sp=0x00000082df0f6a40
Event: 6.402 Thread 0x000001f94e871e60 DEOPT UNPACKING pc=0x000001f9320b2b43 sp=0x00000082df0f5ea0 mode 0
Event: 6.409 Thread 0x000001f94e871e60 Uncommon trap: trap_request=0xfffffff4 fr.pc=0x000001f939c7558c relative=0x000000000000086c
Event: 6.409 Thread 0x000001f94e871e60 Uncommon trap: reason=null_check action=make_not_entrant pc=0x000001f939c7558c method=com.sun.beans.introspect.MethodInfo$MethodOrder.compare(Ljava/lang/reflect/Method;Ljava/lang/reflect/Method;)I @ 133 c2
Event: 6.409 Thread 0x000001f94e871e60 DEOPT PACKING pc=0x000001f939c7558c sp=0x00000082df0f5db0
Event: 6.409 Thread 0x000001f94e871e60 DEOPT UNPACKING pc=0x000001f9320b23a3 sp=0x00000082df0f5ce0 mode 2
Event: 6.409 Thread 0x000001f94e871e60 Uncommon trap: trap_request=0xfffffff4 fr.pc=0x000001f939c766dc relative=0x00000000000007dc
Event: 6.410 Thread 0x000001f94e871e60 Uncommon trap: reason=null_check action=make_not_entrant pc=0x000001f939c766dc method=com.sun.beans.introspect.MethodInfo$MethodOrder.compare(Ljava/lang/reflect/Method;Ljava/lang/reflect/Method;)I @ 133 c2
Event: 6.410 Thread 0x000001f94e871e60 DEOPT PACKING pc=0x000001f939c766dc sp=0x00000082df0f5d30
Event: 6.410 Thread 0x000001f94e871e60 DEOPT UNPACKING pc=0x000001f9320b23a3 sp=0x00000082df0f5ce8 mode 2
Event: 6.418 Thread 0x000001f94e871e60 Uncommon trap: trap_request=0xfffffff4 fr.pc=0x000001f939f05a38 relative=0x0000000000000998
Event: 6.418 Thread 0x000001f94e871e60 Uncommon trap: reason=null_check action=make_not_entrant pc=0x000001f939f05a38 method=com.sun.beans.introspect.MethodInfo$MethodOrder.compare(Ljava/lang/reflect/Method;Ljava/lang/reflect/Method;)I @ 145 c2
Event: 6.418 Thread 0x000001f94e871e60 DEOPT PACKING pc=0x000001f939f05a38 sp=0x00000082df0f6530
Event: 6.418 Thread 0x000001f94e871e60 DEOPT UNPACKING pc=0x000001f9320b23a3 sp=0x00000082df0f6460 mode 2
Event: 6.552 Thread 0x000001f94e871e60 DEOPT PACKING pc=0x000001f932b77e50 sp=0x00000082df0f8050
Event: 6.552 Thread 0x000001f94e871e60 DEOPT UNPACKING pc=0x000001f9320b2b43 sp=0x00000082df0f7530 mode 0

Classes loaded (20 events):
Event: 6.140 Loading class org/xml/sax/DTDHandler
Event: 6.140 Loading class org/xml/sax/DTDHandler done
Event: 6.144 Loading class java/util/Spliterators$IntArraySpliterator
Event: 6.144 Loading class java/util/Spliterators$IntArraySpliterator done
Event: 6.146 Loading class java/text/ParsePosition
Event: 6.146 Loading class java/text/ParsePosition done
Event: 6.150 Loading class java/text/CharacterIterator
Event: 6.150 Loading class java/text/CharacterIterator done
Event: 6.150 Loading class java/text/StringCharacterIterator
Event: 6.150 Loading class java/text/StringCharacterIterator done
Event: 6.175 Loading class jdk/internal/reflect/DirectMethodHandleAccessor$NativeAccessor
Event: 6.175 Loading class jdk/internal/reflect/DirectMethodHandleAccessor$NativeAccessor done
Event: 6.180 Loading class java/time/format/DateTimeFormatterBuilder$WeekBasedFieldPrinterParser
Event: 6.180 Loading class java/time/format/DateTimeFormatterBuilder$WeekBasedFieldPrinterParser done
Event: 6.186 Loading class com/sun/jmx/mbeanserver/StandardMBeanSupport
Event: 6.186 Loading class com/sun/jmx/mbeanserver/StandardMBeanSupport done
Event: 6.186 Loading class com/sun/jmx/mbeanserver/StandardMBeanIntrospector
Event: 6.186 Loading class com/sun/jmx/mbeanserver/StandardMBeanIntrospector done
Event: 6.414 Loading class java/beans/IntrospectionException
Event: 6.414 Loading class java/beans/IntrospectionException done

Classes unloaded (0 events):
No events

Classes redefined (0 events):
No events

Internal exceptions (20 events):
Event: 6.463 Thread 0x000001f94e871e60 Exception <a 'java/lang/ClassNotFoundException'{0x0000000088a44a98}: com/android/build/gradle/internal/dsl/BuildTypeCustomizer> (0x0000000088a44a98) 
thrown [s\open\src\hotspot\share\classfile\systemDictionary.cpp, line 255]
Event: 6.465 Thread 0x000001f94e871e60 Exception <a 'java/lang/ClassNotFoundException'{0x0000000088acfbf0}: com/android/build/gradle/internal/dsl/BuildType$AgpDecoratedCustomizer> (0x0000000088acfbf0) 
thrown [s\open\src\hotspot\share\classfile\systemDictionary.cpp, line 255]
Event: 6.466 Thread 0x000001f94e871e60 Exception <a 'java/lang/ClassNotFoundException'{0x0000000088912218}: com/android/build/gradle/internal/dsl/BuildType$AgpDecorated_DecoratedCustomizer> (0x0000000088912218) 
thrown [s\open\src\hotspot\share\classfile\systemDictionary.cpp, line 255]
Event: 6.468 Thread 0x000001f94e871e60 Exception <a 'java/lang/NoSuchMethodError'{0x00000000889cb038}: 'void java.lang.invoke.DirectMethodHandle$Holder.invokeVirtual(java.lang.Object, java.lang.Object, int)'> (0x00000000889cb038) 
thrown [s\open\src\hotspot\share\interpreter\linkResolver.cpp, line 766]
Event: 6.470 Thread 0x000001f94e871e60 Exception <a 'java/lang/ClassNotFoundException'{0x00000000889ec968}: build_e2m7skcapvxa7muc9hq1pjrdp$_run_closure1$_closure4BeanInfo> (0x00000000889ec968) 
thrown [s\open\src\hotspot\share\classfile\systemDictionary.cpp, line 255]
Event: 6.471 Thread 0x000001f94e871e60 Exception <a 'java/lang/ClassNotFoundException'{0x00000000889f61f0}: build_e2m7skcapvxa7muc9hq1pjrdp$_run_closure1$_closure4Customizer> (0x00000000889f61f0) 
thrown [s\open\src\hotspot\share\classfile\systemDictionary.cpp, line 255]
Event: 6.473 Thread 0x000001f94e871e60 Exception <a 'java/lang/ClassNotFoundException'{0x0000000088819b78}: build_e2m7skcapvxa7muc9hq1pjrdp$_run_closure1BeanInfo> (0x0000000088819b78) 
thrown [s\open\src\hotspot\share\classfile\systemDictionary.cpp, line 255]
Event: 6.473 Thread 0x000001f94e871e60 Exception <a 'java/lang/ClassNotFoundException'{0x0000000088824588}: build_e2m7skcapvxa7muc9hq1pjrdp$_run_closure1Customizer> (0x0000000088824588) 
thrown [s\open\src\hotspot\share\classfile\systemDictionary.cpp, line 255]
Event: 6.476 Thread 0x000001f94e871e60 Exception <a 'java/lang/ClassNotFoundException'{0x000000008885cc60}: org/gradle/api/JavaVersionBeanInfo> (0x000000008885cc60) 
thrown [s\open\src\hotspot\share\classfile\systemDictionary.cpp, line 255]
Event: 6.477 Thread 0x000001f94e871e60 Exception <a 'java/lang/ClassNotFoundException'{0x000000008886eb28}: org/gradle/api/JavaVersionCustomizer> (0x000000008886eb28) 
thrown [s\open\src\hotspot\share\classfile\systemDictionary.cpp, line 255]
Event: 6.479 Thread 0x000001f94e871e60 Exception <a 'java/lang/ClassNotFoundException'{0x00000000888bb050}: com/android/build/gradle/internal/CompileOptions$AgpDecorated_DecoratedBeanInfo> (0x00000000888bb050) 
thrown [s\open\src\hotspot\share\classfile\systemDictionary.cpp, line 255]
Event: 6.479 Thread 0x000001f94e871e60 Exception <a 'java/lang/ClassNotFoundException'{0x00000000888c6570}: com/android/build/gradle/internal/CompileOptions$AgpDecoratedBeanInfo> (0x00000000888c6570) 
thrown [s\open\src\hotspot\share\classfile\systemDictionary.cpp, line 255]
Event: 6.479 Thread 0x000001f94e871e60 Exception <a 'java/lang/ClassNotFoundException'{0x00000000888d1c30}: com/android/build/gradle/internal/CompileOptionsBeanInfo> (0x00000000888d1c30) 
thrown [s\open\src\hotspot\share\classfile\systemDictionary.cpp, line 255]
Event: 6.480 Thread 0x000001f94e871e60 Exception <a 'java/lang/ClassNotFoundException'{0x00000000888dd040}: com/android/build/gradle/internal/CompileOptionsCustomizer> (0x00000000888dd040) 
thrown [s\open\src\hotspot\share\classfile\systemDictionary.cpp, line 255]
Event: 6.480 Thread 0x000001f94e871e60 Exception <a 'java/lang/ClassNotFoundException'{0x00000000888f4d30}: com/android/build/gradle/internal/CompileOptions$AgpDecoratedCustomizer> (0x00000000888f4d30) 
thrown [s\open\src\hotspot\share\classfile\systemDictionary.cpp, line 255]
Event: 6.481 Thread 0x000001f94e871e60 Exception <a 'java/lang/ClassNotFoundException'{0x000000008870f920}: com/android/build/gradle/internal/CompileOptions$AgpDecorated_DecoratedCustomizer> (0x000000008870f920) 
thrown [s\open\src\hotspot\share\classfile\systemDictionary.cpp, line 255]
Event: 6.492 Thread 0x000001f94e871e60 Exception <a 'java/lang/ClassNotFoundException'{0x0000000088636218}: org/jetbrains/kotlin/gradle/dsl/KotlinJvmOptionsImplBeanInfo> (0x0000000088636218) 
thrown [s\open\src\hotspot\share\classfile\systemDictionary.cpp, line 255]
Event: 6.492 Thread 0x000001f94e871e60 Exception <a 'java/lang/ClassNotFoundException'{0x0000000088640e40}: org/jetbrains/kotlin/gradle/dsl/KotlinJvmOptionsBaseBeanInfo> (0x0000000088640e40) 
thrown [s\open\src\hotspot\share\classfile\systemDictionary.cpp, line 255]
Event: 6.492 Thread 0x000001f94e871e60 Exception <a 'java/lang/ClassNotFoundException'{0x000000008864b280}: org/jetbrains/kotlin/gradle/dsl/KotlinJvmOptionsBaseCustomizer> (0x000000008864b280) 
thrown [s\open\src\hotspot\share\classfile\systemDictionary.cpp, line 255]
Event: 6.493 Thread 0x000001f94e871e60 Exception <a 'java/lang/ClassNotFoundException'{0x00000000886682b0}: org/jetbrains/kotlin/gradle/dsl/KotlinJvmOptionsImplCustomizer> (0x00000000886682b0) 
thrown [s\open\src\hotspot\share\classfile\systemDictionary.cpp, line 255]

VM Operations (20 events):
Event: 5.905 Executing VM operation: G1CollectForAllocation done
Event: 5.920 Executing VM operation: G1CollectForAllocation
Event: 5.924 Executing VM operation: G1CollectForAllocation done
Event: 6.018 Executing VM operation: G1TryInitiateConcMark
Event: 6.020 Executing VM operation: G1TryInitiateConcMark done
Event: 6.074 Executing VM operation: G1Concurrent
Event: 6.076 Executing VM operation: G1Concurrent done
Event: 6.101 Executing VM operation: G1Concurrent
Event: 6.101 Executing VM operation: G1Concurrent done
Event: 6.128 Executing VM operation: HandshakeAllThreads
Event: 6.129 Executing VM operation: HandshakeAllThreads done
Event: 6.176 Executing VM operation: HandshakeAllThreads
Event: 6.176 Executing VM operation: HandshakeAllThreads done
Event: 6.386 Executing VM operation: G1CollectForAllocation
Event: 6.389 Executing VM operation: G1CollectForAllocation done
Event: 6.403 Executing VM operation: G1CollectForAllocation
Event: 6.408 Executing VM operation: G1CollectForAllocation done
Event: 6.520 Executing VM operation: HandshakeAllThreads
Event: 6.520 Executing VM operation: HandshakeAllThreads done
Event: 6.751 Executing VM operation: G1CollectForAllocation

Events (20 events):
Event: 4.611 Thread 0x000001f95064ad40 Thread added: 0x000001f95064ad40
Event: 4.612 Thread 0x000001f95064b210 Thread added: 0x000001f95064b210
Event: 4.612 Thread 0x000001f95064bbb0 Thread added: 0x000001f95064bbb0
Event: 4.613 Thread 0x000001f950649060 Thread added: 0x000001f950649060
Event: 4.613 Thread 0x000001f95064c080 Thread added: 0x000001f95064c080
Event: 4.614 Thread 0x000001f95064b6e0 Thread added: 0x000001f95064b6e0
Event: 4.614 Thread 0x000001f95064c550 Thread added: 0x000001f95064c550
Event: 4.614 Thread 0x000001f95064ca20 Thread added: 0x000001f95064ca20
Event: 4.614 Thread 0x000001f95064cef0 Thread added: 0x000001f95064cef0
Event: 4.615 Thread 0x000001f95064dd60 Thread added: 0x000001f95064dd60
Event: 4.615 Thread 0x000001f95064e230 Thread added: 0x000001f95064e230
Event: 4.615 Thread 0x000001f95064ebd0 Thread added: 0x000001f95064ebd0
Event: 4.615 Thread 0x000001f95064e700 Thread added: 0x000001f95064e700
Event: 4.615 Thread 0x000001f95064f0a0 Thread added: 0x000001f95064f0a0
Event: 4.615 Thread 0x000001f95064f570 Thread added: 0x000001f95064f570
Event: 4.615 Thread 0x000001f95064ff10 Thread added: 0x000001f95064ff10
Event: 4.616 Thread 0x000001f951957020 Thread added: 0x000001f951957020
Event: 4.616 Thread 0x000001f951956680 Thread added: 0x000001f951956680
Event: 5.518 Thread 0x000001f951959b70 Thread added: 0x000001f951959b70
Event: 5.859 Thread 0x000001f9489a9190 flushing nmethod 0x000001f9328dab90


Dynamic libraries:
0x00007ff6de1f0000 - 0x00007ff6de200000 	C:\Program Files\Java\jdk-18.0.1.1\bin\java.exe
0x00007ff9074c0000 - 0x00007ff9076c9000 	C:\WINDOWS\SYSTEM32\ntdll.dll
0x00007ff9058e0000 - 0x00007ff90599d000 	C:\WINDOWS\System32\KERNEL32.DLL
0x00007ff904c60000 - 0x00007ff904fd9000 	C:\WINDOWS\System32\KERNELBASE.dll
0x00007ff904b40000 - 0x00007ff904c51000 	C:\WINDOWS\System32\ucrtbase.dll
0x00007ff8e0110000 - 0x00007ff8e012a000 	C:\Program Files\Java\jdk-18.0.1.1\bin\VCRUNTIME140.dll
0x00007ff8e00f0000 - 0x00007ff8e0108000 	C:\Program Files\Java\jdk-18.0.1.1\bin\jli.dll
0x00007ff9059a0000 - 0x00007ff905a4e000 	C:\WINDOWS\System32\ADVAPI32.dll
0x00007ff905a50000 - 0x00007ff905af3000 	C:\WINDOWS\System32\msvcrt.dll
0x00007ff9069b0000 - 0x00007ff906a4e000 	C:\WINDOWS\System32\sechost.dll
0x00007ff905bf0000 - 0x00007ff905d10000 	C:\WINDOWS\System32\RPCRT4.dll
0x00007ff9070a0000 - 0x00007ff90724c000 	C:\WINDOWS\System32\USER32.dll
0x00007ff9049a0000 - 0x00007ff9049c6000 	C:\WINDOWS\System32\win32u.dll
0x00007ff8dc600000 - 0x00007ff8dc8a5000 	C:\WINDOWS\WinSxS\amd64_microsoft.windows.common-controls_6595b64144ccf1df_6.0.22000.120_none_9d947278b86cc467\COMCTL32.dll
0x00007ff907340000 - 0x00007ff907369000 	C:\WINDOWS\System32\GDI32.dll
0x00007ff9051b0000 - 0x00007ff9052c2000 	C:\WINDOWS\System32\gdi32full.dll
0x00007ff905050000 - 0x00007ff9050ed000 	C:\WINDOWS\System32\msvcp_win.dll
0x00007ff8ff2c0000 - 0x00007ff8ff2ca000 	C:\WINDOWS\SYSTEM32\VERSION.dll
0x00007ff907370000 - 0x00007ff9073a1000 	C:\WINDOWS\System32\IMM32.DLL
0x00007ff900ea0000 - 0x00007ff900eac000 	C:\Program Files\Java\jdk-18.0.1.1\bin\vcruntime140_1.dll
0x00007ff8ce880000 - 0x00007ff8ce90d000 	C:\Program Files\Java\jdk-18.0.1.1\bin\msvcp140.dll
0x00007ff887c10000 - 0x00007ff888820000 	C:\Program Files\Java\jdk-18.0.1.1\bin\server\jvm.dll
0x00007ff907330000 - 0x00007ff907338000 	C:\WINDOWS\System32\PSAPI.DLL
0x00007ff8ff360000 - 0x00007ff8ff393000 	C:\WINDOWS\SYSTEM32\WINMM.dll
0x00007ff8bec00000 - 0x00007ff8bec09000 	C:\WINDOWS\SYSTEM32\WSOCK32.dll
0x00007ff906a50000 - 0x00007ff906abf000 	C:\WINDOWS\System32\WS2_32.dll
0x00007ff903b90000 - 0x00007ff903ba8000 	C:\WINDOWS\SYSTEM32\kernel.appcore.dll
0x00007ff900e10000 - 0x00007ff900e1a000 	C:\Program Files\Java\jdk-18.0.1.1\bin\jimage.dll
0x00007ff9024f0000 - 0x00007ff902711000 	C:\WINDOWS\SYSTEM32\DBGHELP.DLL
0x00007ff8fa780000 - 0x00007ff8fa7b1000 	C:\WINDOWS\SYSTEM32\dbgcore.DLL
0x00007ff9052d0000 - 0x00007ff90534f000 	C:\WINDOWS\System32\bcryptPrimitives.dll
0x00007ff8e0050000 - 0x00007ff8e0075000 	C:\Program Files\Java\jdk-18.0.1.1\bin\java.dll
0x00007ff8b8bb0000 - 0x00007ff8b8c86000 	C:\Program Files\Java\jdk-18.0.1.1\bin\jsvml.dll
0x00007ff905ed0000 - 0x00007ff906688000 	C:\WINDOWS\System32\SHELL32.dll
0x00007ff902b20000 - 0x00007ff903388000 	C:\WINDOWS\SYSTEM32\windows.storage.dll
0x00007ff905560000 - 0x00007ff9058d9000 	C:\WINDOWS\System32\combase.dll
0x00007ff9029b0000 - 0x00007ff902b16000 	C:\WINDOWS\SYSTEM32\wintypes.dll
0x00007ff9068c0000 - 0x00007ff9069aa000 	C:\WINDOWS\System32\SHCORE.dll
0x00007ff905490000 - 0x00007ff9054ed000 	C:\WINDOWS\System32\shlwapi.dll
0x00007ff9048d0000 - 0x00007ff9048f1000 	C:\WINDOWS\SYSTEM32\profapi.dll
0x00007ff8e0090000 - 0x00007ff8e00a3000 	C:\Program Files\Java\jdk-18.0.1.1\bin\net.dll
0x00007ff8ff160000 - 0x00007ff8ff26c000 	C:\WINDOWS\SYSTEM32\WINHTTP.dll
0x00007ff903fc0000 - 0x00007ff904027000 	C:\WINDOWS\system32\mswsock.dll
0x00007ff8e0030000 - 0x00007ff8e0046000 	C:\Program Files\Java\jdk-18.0.1.1\bin\nio.dll
0x00007ff8dc030000 - 0x00007ff8dc048000 	C:\Program Files\Java\jdk-18.0.1.1\bin\zip.dll
0x00007ff900e20000 - 0x00007ff900e30000 	C:\Program Files\Java\jdk-18.0.1.1\bin\verify.dll
0x00007ff8ce790000 - 0x00007ff8ce7b7000 	C:\Program Files\Java\jre1.8.0_333\native\e1d6ef7f7dcc3fd88c89a11ec53ec762bb8ba0a96d01ffa2cd45eb1d1d8dd5c5\windows-amd64\native-platform.dll
0x00007ff8b7d10000 - 0x00007ff8b7e54000 	C:\Program Files\Java\jre1.8.0_333\native\5664cfc778a61ccfe75a443a1ab52a65af34e5dc3c78e0209fed803814484fcb\windows-amd64\native-platform-file-events.dll
0x00007ff900e40000 - 0x00007ff900e49000 	C:\Program Files\Java\jdk-18.0.1.1\bin\management.dll
0x00007ff900e30000 - 0x00007ff900e3b000 	C:\Program Files\Java\jdk-18.0.1.1\bin\management_ext.dll
0x00007ff904200000 - 0x00007ff904218000 	C:\WINDOWS\SYSTEM32\CRYPTSP.dll
0x00007ff903af0000 - 0x00007ff903b25000 	C:\WINDOWS\system32\rsaenh.dll
0x00007ff9040b0000 - 0x00007ff9040d9000 	C:\WINDOWS\SYSTEM32\USERENV.dll
0x00007ff904380000 - 0x00007ff9043a7000 	C:\WINDOWS\SYSTEM32\bcrypt.dll
0x00007ff904220000 - 0x00007ff90422c000 	C:\WINDOWS\SYSTEM32\CRYPTBASE.dll
0x00007ff9036c0000 - 0x00007ff9036ed000 	C:\WINDOWS\SYSTEM32\IPHLPAPI.DLL
0x00007ff906710000 - 0x00007ff906719000 	C:\WINDOWS\System32\NSI.dll
0x00007ff8ff2e0000 - 0x00007ff8ff2f9000 	C:\WINDOWS\SYSTEM32\dhcpcsvc6.DLL
0x00007ff8ff4a0000 - 0x00007ff8ff4be000 	C:\WINDOWS\SYSTEM32\dhcpcsvc.DLL
0x00007ff9036f0000 - 0x00007ff9037d8000 	C:\WINDOWS\SYSTEM32\DNSAPI.dll

dbghelp: loaded successfully - version: 4.0.5 - missing functions: none
symbol engine: initialized successfully - sym options: 0x614 - pdb path: .;C:\Program Files\Java\jdk-18.0.1.1\bin;C:\WINDOWS\SYSTEM32;C:\WINDOWS\WinSxS\amd64_microsoft.windows.common-controls_6595b64144ccf1df_6.0.22000.120_none_9d947278b86cc467;C:\Program Files\Java\jdk-18.0.1.1\bin\server;C:\Program Files\Java\jre1.8.0_333\native\e1d6ef7f7dcc3fd88c89a11ec53ec762bb8ba0a96d01ffa2cd45eb1d1d8dd5c5\windows-amd64;C:\Program Files\Java\jre1.8.0_333\native\5664cfc778a61ccfe75a443a1ab52a65af34e5dc3c78e0209fed803814484fcb\windows-amd64

VM Arguments:
jvm_args: --add-opens=java.base/java.util=ALL-UNNAMED --add-opens=java.base/java.lang=ALL-UNNAMED --add-opens=java.base/java.lang.invoke=ALL-UNNAMED --add-opens=java.base/java.util=ALL-UNNAMED --add-opens=java.prefs/java.util.prefs=ALL-UNNAMED --add-opens=java.prefs/java.util.prefs=ALL-UNNAMED --add-opens=java.base/java.nio.charset=ALL-UNNAMED --add-opens=java.base/java.net=ALL-UNNAMED --add-opens=java.base/java.util.concurrent.atomic=ALL-UNNAMED -Xmx2048m -Dfile.encoding=UTF-8 -Duser.country=US -Duser.language=en -Duser.variant 
java_command: org.gradle.launcher.daemon.bootstrap.GradleDaemon 7.3.3
java_class_path (initial): C:\Program Files\Java\jre1.8.0_333\wrapper\dists\gradle-7.3.3-bin\6a41zxkdtcxs8rphpq6y0069z\gradle-7.3.3\lib\gradle-launcher-7.3.3.jar
Launcher Type: SUN_STANDARD

[Global flags]
     intx CICompilerCount                          = 4                                         {product} {ergonomic}
     uint ConcGCThreads                            = 2                                         {product} {ergonomic}
     uint G1ConcRefinementThreads                  = 8                                         {product} {ergonomic}
   size_t G1HeapRegionSize                         = 1048576                                   {product} {ergonomic}
    uintx GCDrainStackTargetSize                   = 64                                        {product} {ergonomic}
   size_t InitialHeapSize                          = 132120576                                 {product} {ergonomic}
   size_t MarkStackSize                            = 4194304                                   {product} {ergonomic}
   size_t MaxHeapSize                              = 2147483648                                {product} {command line}
   size_t MaxNewSize                               = 1287651328                                {product} {ergonomic}
   size_t MinHeapDeltaBytes                        = 1048576                                   {product} {ergonomic}
   size_t MinHeapSize                              = 8388608                                   {product} {ergonomic}
    uintx NonNMethodCodeHeapSize                   = 5839372                                {pd product} {ergonomic}
    uintx NonProfiledCodeHeapSize                  = 122909434                              {pd product} {ergonomic}
    uintx ProfiledCodeHeapSize                     = 122909434                              {pd product} {ergonomic}
    uintx ReservedCodeCacheSize                    = 251658240                              {pd product} {ergonomic}
     bool SegmentedCodeCache                       = true                                      {product} {ergonomic}
   size_t SoftMaxHeapSize                          = 2147483648                             {manageable} {ergonomic}
     bool UseCompressedClassPointers               = true                           {product lp64_product} {ergonomic}
     bool UseCompressedOops                        = true                           {product lp64_product} {ergonomic}
     bool UseG1GC                                  = true                                      {product} {ergonomic}
     bool UseLargePagesIndividualAllocation        = false                                  {pd product} {ergonomic}

Logging:
Log output configuration:
 #0: stdout all=warning uptime,level,tags foldmultilines=false
 #1: stderr all=off uptime,level,tags foldmultilines=false

Environment Variables:
JAVA_HOME=C:\Program Files\Java\jdk-18.0.1.1
PATH=C:\Program Files\Common Files\Oracle\Java\javapath;C:\Windows\system32;C:\Windows;C:\Windows\System32\Wbem;C:\Windows\System32\WindowsPowerShell\v1.0\;C:\Windows\System32\OpenSSH\;C:\Program Files (x86)\NVIDIA Corporation\PhysX\Common;C:\Program Files\NVIDIA Corporation\NVIDIA NvDLISR;F:\Git\cmd;C:\WINDOWS\system32;C:\WINDOWS;C:\WINDOWS\System32\Wbem;C:\WINDOWS\System32\WindowsPowerShell\v1.0\;C:\WINDOWS\System32\OpenSSH\;C:\Program Files\Java\jdk-18.0.1.1\bin;C:\Program Files\Java\jdk-18.0.1.1\bin;D:\flutter\bin;C:\Program Files\JetBrains\IntelliJ IDEA Community Edition 2021.3.2\bin;;C:\Users\NoteBook TANDIS\AppData\Local\Microsoft\WindowsApps;dart-sdk;;C:\Users\NoteBook TANDIS\AppData\Local\Programs\Microsoft VS Code\bin
USERNAME=NoteBook TANDIS
OS=Windows_NT
PROCESSOR_IDENTIFIER=Intel64 Family 6 Model 165 Stepping 2, GenuineIntel



---------------  S Y S T E M  ---------------

OS:
 Windows 11 , 64 bit Build 22000 (10.0.22000.708)
OS uptime: 0 days 1:53 hours

CPU: total 8 (initial active 8) (4 cores per cpu, 2 threads per core) family 6 model 165 stepping 2 microcode 0xea, cx8, cmov, fxsr, ht, mmx, 3dnowpref, sse, sse2, sse3, ssse3, sse4.1, sse4.2, popcnt, lzcnt, tsc, tscinvbit, avx, avx2, aes, erms, clmul, bmi1, bmi2, adx, fma, vzeroupper, clflush, clflushopt

Memory: 4k page, system-wide physical 8023M (469M free)
TotalPageFile size 11023M (AvailPageFile size 60M)
current process WorkingSet (physical memory assigned to process): 361M, peak: 373M
current process commit charge ("private bytes"): 407M, peak: 581M

vm_info: Java HotSpot(TM) 64-Bit Server VM (18.0.1.1+2-6) for windows-amd64 JRE (18.0.1.1+2-6), built on Apr 25 2022 21:53:15 by "mach5one" with MS VC++ 16.8 / 16.9 (VS2019)

END.
