#
# There is insufficient memory for the Java Runtime Environment to continue.
# Native memory allocation (mmap) failed to map 113246208 bytes for G1 virtual space
# Possible reasons:
#   The system is out of physical RAM or swap space
#   The process is running with CompressedOops enabled, and the Java Heap may be blocking the growth of the native heap
# Possible solutions:
#   Reduce memory load on the system
#   Increase physical memory or swap space
#   Check if swap backing store is full
#   Decrease Java heap size (-Xmx/-Xms)
#   Decrease number of Java threads
#   Decrease Java thread stack sizes (-Xss)
#   Set larger code cache with -XX:ReservedCodeCacheSize=
#   JVM is running with Unscaled Compressed Oops mode in which the Java heap is
#     placed in the first 4GB address space. The Java Heap base address is the
#     maximum limit for the native heap growth. Please use -XX:HeapBaseMinAddress
#     to set the Java Heap base and to place the Java Heap above 4GB virtual address.
# This output file may be truncated or incomplete.
#
#  Out of Memory Error (os_windows.cpp:3530), pid=16412, tid=16144
#
# JRE version: Java(TM) SE Runtime Environment (18.0.1.1+2) (build 18.0.1.1+2-6)
# Java VM: Java HotSpot(TM) 64-Bit Server VM (18.0.1.1+2-6, mixed mode, sharing, tiered, compressed oops, compressed class ptrs, g1 gc, windows-amd64)
# No core dump will be written. Minidumps are not enabled by default on client versions of Windows
#

---------------  S U M M A R Y ------------

Command Line: --add-opens=java.base/java.util=ALL-UNNAMED --add-opens=java.base/java.lang=ALL-UNNAMED --add-opens=java.base/java.lang.invoke=ALL-UNNAMED --add-opens=java.base/java.util=ALL-UNNAMED --add-opens=java.prefs/java.util.prefs=ALL-UNNAMED --add-opens=java.prefs/java.util.prefs=ALL-UNNAMED --add-opens=java.base/java.nio.charset=ALL-UNNAMED --add-opens=java.base/java.net=ALL-UNNAMED --add-opens=java.base/java.util.concurrent.atomic=ALL-UNNAMED -Xmx2048m -Dfile.encoding=UTF-8 -Duser.country=US -Duser.language=en -Duser.variant org.gradle.launcher.daemon.bootstrap.GradleDaemon 7.3.3

Host: Intel(R) Core(TM) i5-10300H CPU @ 2.50GHz, 8 cores, 7G,  Windows 11 , 64 bit Build 22000 (10.0.22000.708)
Time: Mon Jul 11 12:21:54 2022 Iran Daylight Time elapsed time: 4.769586 seconds (0d 0h 0m 4s)

---------------  T H R E A D  ---------------

Current thread (0x000001b12c7178f0):  VMThread "VM Thread" [stack: 0x0000006559f00000,0x000000655a000000] [id=16144]

Stack: [0x0000006559f00000,0x000000655a000000]
Native frames: (J=compiled Java code, j=interpreted, Vv=VM code, C=native code)
V  [jvm.dll+0x69887a]
V  [jvm.dll+0x7f38bd]
V  [jvm.dll+0x7f51ce]
V  [jvm.dll+0x7f5883]
V  [jvm.dll+0x25ca3f]
V  [jvm.dll+0x6957c9]
V  [jvm.dll+0x68a2fa]
V  [jvm.dll+0x321efb]
V  [jvm.dll+0x3298d6]
V  [jvm.dll+0x37e47e]
V  [jvm.dll+0x37e6af]
V  [jvm.dll+0x2f9c7a]
V  [jvm.dll+0x2f9d27]
V  [jvm.dll+0x33e262]
V  [jvm.dll+0x33c804]
V  [jvm.dll+0x2f9450]
V  [jvm.dll+0x33c0fd]
V  [jvm.dll+0x7fa66b]
V  [jvm.dll+0x7fb404]
V  [jvm.dll+0x7fb93c]
V  [jvm.dll+0x7fbd94]
V  [jvm.dll+0x7fbe57]
V  [jvm.dll+0x7a03ea]
V  [jvm.dll+0x697725]
C  [ucrtbase.dll+0x26c0c]
C  [KERNEL32.DLL+0x154e0]
C  [ntdll.dll+0x485b]

VM_Operation (0x000000655b8f6470): G1TryInitiateConcMark, mode: safepoint, requested by thread 0x000001b1528881e0


---------------  P R O C E S S  ---------------

Threads class SMR info:
_java_thread_list=0x000001b156f6b990, length=125, elements={
0x000001b12c696aa0, 0x000001b14c8a31c0, 0x000001b14c8a5e30, 0x000001b14c8c0ee0,
0x000001b14c8c2890, 0x000001b14c8c3230, 0x000001b14c8c3bd0, 0x000001b14c8c6d30,
0x000001b14c8c8630, 0x000001b14c8f5310, 0x000001b150cd0e70, 0x000001b150cd7350,
0x000001b150ec0df0, 0x000001b152442090, 0x000001b151dc11e0, 0x000001b15288be40,
0x000001b152050900, 0x000001b151ccca70, 0x000001b151ccdb50, 0x000001b152759510,
0x000001b1528881e0, 0x000001b1524a6c80, 0x000001b15298abb0, 0x000001b15298ba20,
0x000001b152989d40, 0x000001b15298b550, 0x000001b152988ed0, 0x000001b15298c3c0,
0x000001b15298c890, 0x000001b1529893a0, 0x000001b152989870, 0x000001b15298a210,
0x000001b15298a6e0, 0x000001b152cf9dc0, 0x000001b152cf4250, 0x000001b152cf5590,
0x000001b152cf9420, 0x000001b152cf38b0, 0x000001b152cf6da0, 0x000001b152cf7740,
0x000001b152cf7c10, 0x000001b152cf8f50, 0x000001b152cf4bf0, 0x000001b152cf5a60,
0x000001b152cfa290, 0x000001b152cfa760, 0x000001b152cf5f30, 0x000001b152cf6400,
0x000001b152cf80e0, 0x000001b152cf8a80, 0x000001b152cfac30, 0x000001b15298b080,
0x000001b155884190, 0x000001b155884660, 0x000001b155883cc0, 0x000001b1558824b0,
0x000001b155887680, 0x000001b155886ce0, 0x000001b155880ca0, 0x000001b155882e50,
0x000001b1558837f0, 0x000001b155884b30, 0x000001b155882980, 0x000001b1558871b0,
0x000001b155885000, 0x000001b155881fe0, 0x000001b155883320, 0x000001b1558854d0,
0x000001b155881640, 0x000001b1558859a0, 0x000001b155885e70, 0x000001b155886340,
0x000001b155887b50, 0x000001b155886810, 0x000001b155888020, 0x000001b1558807d0,
0x000001b155881170, 0x000001b155881b10, 0x000001b157035a90, 0x000001b1570355c0,
0x000001b157038f80, 0x000001b157036430, 0x000001b1570385e0, 0x000001b157037770,
0x000001b157036900, 0x000001b15703a2c0, 0x000001b15703bfa0, 0x000001b15703ac60,
0x000001b157037c40, 0x000001b157036dd0, 0x000001b1570372a0, 0x000001b157039450,
0x000001b157039df0, 0x000001b15703b600, 0x000001b157038110, 0x000001b15703bad0,
0x000001b157038ab0, 0x000001b15703b130, 0x000001b15703a790, 0x000001b1570350f0,
0x000001b15703c470, 0x000001b157034c20, 0x000001b157035f60, 0x000001b157039920,
0x000001b156fe87c0, 0x000001b156feae40, 0x000001b156fe6140, 0x000001b156feb310,
0x000001b156fea970, 0x000001b156feb7e0, 0x000001b156fe9160, 0x000001b156fe7e20,
0x000001b156fec180, 0x000001b156fe9fd0, 0x000001b156fea4a0, 0x000001b156fe5c70,
0x000001b156fe57a0, 0x000001b156fe9b00, 0x000001b156fe6fb0, 0x000001b156fe8c90,
0x000001b156fe9630, 0x000001b156fe7480, 0x000001b156febcb0, 0x000001b156fe6610,
0x000001b156fec650
}

Java Threads: ( => current thread )
  0x000001b12c696aa0 JavaThread "main" [_thread_blocked, id=9524, stack(0x0000006559900000,0x0000006559a00000)]
  0x000001b14c8a31c0 JavaThread "Reference Handler" daemon [_thread_blocked, id=12108, stack(0x000000655a000000,0x000000655a100000)]
  0x000001b14c8a5e30 JavaThread "Finalizer" daemon [_thread_blocked, id=10272, stack(0x000000655a100000,0x000000655a200000)]
  0x000001b14c8c0ee0 JavaThread "Signal Dispatcher" daemon [_thread_blocked, id=4888, stack(0x000000655a200000,0x000000655a300000)]
  0x000001b14c8c2890 JavaThread "Attach Listener" daemon [_thread_blocked, id=17296, stack(0x000000655a300000,0x000000655a400000)]
  0x000001b14c8c3230 JavaThread "Service Thread" daemon [_thread_blocked, id=12812, stack(0x000000655a400000,0x000000655a500000)]
  0x000001b14c8c3bd0 JavaThread "Monitor Deflation Thread" daemon [_thread_blocked, id=2440, stack(0x000000655a500000,0x000000655a600000)]
  0x000001b14c8c6d30 JavaThread "C2 CompilerThread0" daemon [_thread_blocked, id=9788, stack(0x000000655a600000,0x000000655a700000)]
  0x000001b14c8c8630 JavaThread "C1 CompilerThread0" daemon [_thread_blocked, id=13728, stack(0x000000655a700000,0x000000655a800000)]
  0x000001b14c8f5310 JavaThread "Sweeper thread" daemon [_thread_blocked, id=16748, stack(0x000000655a800000,0x000000655a900000)]
  0x000001b150cd0e70 JavaThread "Common-Cleaner" daemon [_thread_blocked, id=8956, stack(0x000000655a900000,0x000000655aa00000)]
  0x000001b150cd7350 JavaThread "Notification Thread" daemon [_thread_blocked, id=11840, stack(0x000000655aa00000,0x000000655ab00000)]
  0x000001b150ec0df0 JavaThread "C2 CompilerThread1" daemon [_thread_blocked, id=12068, stack(0x000000655ac00000,0x000000655ad00000)]
  0x000001b152442090 JavaThread "C2 CompilerThread2" daemon [_thread_blocked, id=16000, stack(0x000000655b100000,0x000000655b200000)]
  0x000001b151dc11e0 JavaThread "Daemon health stats" [_thread_blocked, id=3692, stack(0x000000655b200000,0x000000655b300000)]
  0x000001b15288be40 JavaThread "Incoming local TCP Connector on port 59950" [_thread_in_native, id=5300, stack(0x000000655b300000,0x000000655b400000)]
  0x000001b152050900 JavaThread "Daemon periodic checks" [_thread_blocked, id=15888, stack(0x000000655b400000,0x000000655b500000)]
  0x000001b151ccca70 JavaThread "Daemon" [_thread_blocked, id=16988, stack(0x000000655b500000,0x000000655b600000)]
  0x000001b151ccdb50 JavaThread "Handler for socket connection from /127.0.0.1:59950 to /127.0.0.1:59951" [_thread_in_native, id=7420, stack(0x000000655b600000,0x000000655b700000)]
  0x000001b152759510 JavaThread "Cancel handler" [_thread_blocked, id=11092, stack(0x000000655b700000,0x000000655b800000)]
  0x000001b1528881e0 JavaThread "Daemon worker" [_thread_blocked, id=12576, stack(0x000000655b800000,0x000000655b900000)]
  0x000001b1524a6c80 JavaThread "Asynchronous log dispatcher for DefaultDaemonConnection: socket connection from /127.0.0.1:59950 to /127.0.0.1:59951" [_thread_blocked, id=9664, stack(0x000000655b900000,0x000000655ba00000)]
  0x000001b15298abb0 JavaThread "Stdin handler" [_thread_blocked, id=9196, stack(0x000000655ba00000,0x000000655bb00000)]
  0x000001b15298ba20 JavaThread "Daemon client event forwarder" [_thread_blocked, id=13932, stack(0x000000655bb00000,0x000000655bc00000)]
  0x000001b152989d40 JavaThread "Cache worker for journal cache (C:\Program Files\Java\jre1.8.0_333\caches\journal-1)" [_thread_blocked, id=10828, stack(0x000000655bc00000,0x000000655bd00000)]
  0x000001b15298b550 JavaThread "File lock request listener" [_thread_in_native, id=7716, stack(0x000000655bd00000,0x000000655be00000)]
  0x000001b152988ed0 JavaThread "Cache worker for file hash cache (C:\Program Files\Java\jre1.8.0_333\caches\7.3.3\fileHashes)" [_thread_blocked, id=1692, stack(0x000000655be00000,0x000000655bf00000)]
  0x000001b15298c3c0 JavaThread "Cache worker for file hash cache (D:\BatteryManager\.gradle\7.3.3\fileHashes)" [_thread_blocked, id=6796, stack(0x000000655bf00000,0x000000655c000000)]
  0x000001b15298c890 JavaThread "File watcher server" daemon [_thread_in_native, id=2260, stack(0x000000655c300000,0x000000655c400000)]
  0x000001b1529893a0 JavaThread "File watcher consumer" daemon [_thread_blocked, id=2568, stack(0x000000655c400000,0x000000655c500000)]
  0x000001b152989870 JavaThread "jar transforms" [_thread_blocked, id=8356, stack(0x000000655c500000,0x000000655c600000)]
  0x000001b15298a210 JavaThread "jar transforms Thread 2" [_thread_blocked, id=14988, stack(0x000000655c600000,0x000000655c700000)]
  0x000001b15298a6e0 JavaThread "jar transforms Thread 3" [_thread_blocked, id=3636, stack(0x000000655c700000,0x000000655c800000)]
  0x000001b152cf9dc0 JavaThread "jar transforms Thread 4" [_thread_blocked, id=12116, stack(0x000000655c800000,0x000000655c900000)]
  0x000001b152cf4250 JavaThread "jar transforms Thread 5" [_thread_blocked, id=6480, stack(0x000000655c900000,0x000000655ca00000)]
  0x000001b152cf5590 JavaThread "jar transforms Thread 6" [_thread_blocked, id=5088, stack(0x000000655ca00000,0x000000655cb00000)]
  0x000001b152cf9420 JavaThread "jar transforms Thread 7" [_thread_blocked, id=6736, stack(0x000000655cb00000,0x000000655cc00000)]
  0x000001b152cf38b0 JavaThread "jar transforms Thread 8" [_thread_blocked, id=9284, stack(0x000000655cc00000,0x000000655cd00000)]
  0x000001b152cf6da0 JavaThread "Cache worker for checksums cache (D:\BatteryManager\.gradle\7.3.3\checksums)" [_thread_blocked, id=2000, stack(0x000000655ce00000,0x000000655cf00000)]
  0x000001b152cf7740 JavaThread "Cache worker for cache directory md-supplier (C:\Program Files\Java\jre1.8.0_333\caches\7.3.3\md-supplier)" [_thread_blocked, id=16920, stack(0x000000655cf00000,0x000000655d000000)]
  0x000001b152cf7c10 JavaThread "Cache worker for cache directory md-rule (C:\Program Files\Java\jre1.8.0_333\caches\7.3.3\md-rule)" [_thread_blocked, id=4404, stack(0x000000655d000000,0x000000655d100000)]
  0x000001b152cf8f50 JavaThread "Cache worker for execution history cache (C:\Program Files\Java\jre1.8.0_333\caches\7.3.3\executionHistory)" [_thread_blocked, id=2120, stack(0x000000655d100000,0x000000655d200000)]
  0x000001b152cf4bf0 JavaThread "Cache worker for file content cache (C:\Program Files\Java\jre1.8.0_333\caches\7.3.3\fileContent)" [_thread_blocked, id=9944, stack(0x000000655d200000,0x000000655d300000)]
  0x000001b152cf5a60 JavaThread "Cache worker for dependencies-accessors (D:\BatteryManager\.gradle\7.3.3\dependencies-accessors)" [_thread_blocked, id=14740, stack(0x000000655d300000,0x000000655d400000)]
  0x000001b152cfa290 JavaThread "Cache worker for Build Output Cleanup Cache (D:\BatteryManager\.gradle\buildOutputCleanup)" [_thread_blocked, id=10252, stack(0x000000655d400000,0x000000655d500000)]
  0x000001b152cfa760 JavaThread "Unconstrained build operations" [_thread_blocked, id=8972, stack(0x000000655d500000,0x000000655d600000)]
  0x000001b152cf5f30 JavaThread "Unconstrained build operations Thread 2" [_thread_blocked, id=12984, stack(0x000000655d600000,0x000000655d700000)]
  0x000001b152cf6400 JavaThread "Unconstrained build operations Thread 3" [_thread_blocked, id=14436, stack(0x000000655d700000,0x000000655d800000)]
  0x000001b152cf80e0 JavaThread "Unconstrained build operations Thread 4" [_thread_blocked, id=10812, stack(0x000000655d800000,0x000000655d900000)]
  0x000001b152cf8a80 JavaThread "Unconstrained build operations Thread 5" [_thread_blocked, id=7068, stack(0x000000655d900000,0x000000655da00000)]
  0x000001b152cfac30 JavaThread "Unconstrained build operations Thread 6" [_thread_blocked, id=15852, stack(0x000000655da00000,0x000000655db00000)]
  0x000001b15298b080 JavaThread "Unconstrained build operations Thread 7" [_thread_blocked, id=16456, stack(0x000000655db00000,0x000000655dc00000)]
  0x000001b155884190 JavaThread "Unconstrained build operations Thread 8" [_thread_blocked, id=7656, stack(0x000000655dc00000,0x000000655dd00000)]
  0x000001b155884660 JavaThread "Unconstrained build operations Thread 9" [_thread_blocked, id=16580, stack(0x000000655dd00000,0x000000655de00000)]
  0x000001b155883cc0 JavaThread "Unconstrained build operations Thread 10" [_thread_blocked, id=1788, stack(0x000000655de00000,0x000000655df00000)]
  0x000001b1558824b0 JavaThread "Unconstrained build operations Thread 11" [_thread_blocked, id=2132, stack(0x000000655df00000,0x000000655e000000)]
  0x000001b155887680 JavaThread "Unconstrained build operations Thread 12" [_thread_blocked, id=1540, stack(0x000000655e000000,0x000000655e100000)]
  0x000001b155886ce0 JavaThread "Unconstrained build operations Thread 13" [_thread_blocked, id=12724, stack(0x000000655e100000,0x000000655e200000)]
  0x000001b155880ca0 JavaThread "Unconstrained build operations Thread 14" [_thread_blocked, id=13228, stack(0x000000655e200000,0x000000655e300000)]
  0x000001b155882e50 JavaThread "Unconstrained build operations Thread 15" [_thread_blocked, id=2020, stack(0x000000655e300000,0x000000655e400000)]
  0x000001b1558837f0 JavaThread "Unconstrained build operations Thread 16" [_thread_blocked, id=13220, stack(0x000000655e400000,0x000000655e500000)]
  0x000001b155884b30 JavaThread "Unconstrained build operations Thread 17" [_thread_blocked, id=7804, stack(0x000000655e500000,0x000000655e600000)]
  0x000001b155882980 JavaThread "Unconstrained build operations Thread 18" [_thread_blocked, id=12604, stack(0x000000655e600000,0x000000655e700000)]
  0x000001b1558871b0 JavaThread "Unconstrained build operations Thread 19" [_thread_blocked, id=4980, stack(0x000000655e700000,0x000000655e800000)]
  0x000001b155885000 JavaThread "Unconstrained build operations Thread 20" [_thread_blocked, id=3508, stack(0x000000655e800000,0x000000655e900000)]
  0x000001b155881fe0 JavaThread "Unconstrained build operations Thread 21" [_thread_blocked, id=7864, stack(0x000000655e900000,0x000000655ea00000)]
  0x000001b155883320 JavaThread "Unconstrained build operations Thread 22" [_thread_blocked, id=5220, stack(0x000000655ea00000,0x000000655eb00000)]
  0x000001b1558854d0 JavaThread "Unconstrained build operations Thread 23" [_thread_blocked, id=308, stack(0x000000655eb00000,0x000000655ec00000)]
  0x000001b155881640 JavaThread "Unconstrained build operations Thread 24" [_thread_blocked, id=5400, stack(0x000000655ec00000,0x000000655ed00000)]
  0x000001b1558859a0 JavaThread "Unconstrained build operations Thread 25" [_thread_blocked, id=8708, stack(0x000000655ed00000,0x000000655ee00000)]
  0x000001b155885e70 JavaThread "Unconstrained build operations Thread 26" [_thread_blocked, id=2180, stack(0x000000655ee00000,0x000000655ef00000)]
  0x000001b155886340 JavaThread "Unconstrained build operations Thread 27" [_thread_blocked, id=4632, stack(0x000000655ef00000,0x000000655f000000)]
  0x000001b155887b50 JavaThread "Unconstrained build operations Thread 28" [_thread_blocked, id=9008, stack(0x000000655f000000,0x000000655f100000)]
  0x000001b155886810 JavaThread "Unconstrained build operations Thread 29" [_thread_blocked, id=12652, stack(0x000000655f100000,0x000000655f200000)]
  0x000001b155888020 JavaThread "Unconstrained build operations Thread 30" [_thread_blocked, id=16388, stack(0x000000655f200000,0x000000655f300000)]
  0x000001b1558807d0 JavaThread "Unconstrained build operations Thread 31" [_thread_blocked, id=12588, stack(0x000000655f300000,0x000000655f400000)]
  0x000001b155881170 JavaThread "Unconstrained build operations Thread 32" [_thread_blocked, id=7832, stack(0x000000655f400000,0x000000655f500000)]
  0x000001b155881b10 JavaThread "Unconstrained build operations Thread 33" [_thread_blocked, id=15404, stack(0x000000655f500000,0x000000655f600000)]
  0x000001b157035a90 JavaThread "Unconstrained build operations Thread 34" [_thread_blocked, id=15120, stack(0x000000655f600000,0x000000655f700000)]
  0x000001b1570355c0 JavaThread "Unconstrained build operations Thread 35" [_thread_blocked, id=17144, stack(0x000000655f700000,0x000000655f800000)]
  0x000001b157038f80 JavaThread "Unconstrained build operations Thread 36" [_thread_blocked, id=4224, stack(0x000000655f800000,0x000000655f900000)]
  0x000001b157036430 JavaThread "Unconstrained build operations Thread 37" [_thread_blocked, id=10592, stack(0x000000655f900000,0x000000655fa00000)]
  0x000001b1570385e0 JavaThread "Unconstrained build operations Thread 38" [_thread_blocked, id=14960, stack(0x000000655fa00000,0x000000655fb00000)]
  0x000001b157037770 JavaThread "Unconstrained build operations Thread 39" [_thread_blocked, id=12248, stack(0x000000655fb00000,0x000000655fc00000)]
  0x000001b157036900 JavaThread "Unconstrained build operations Thread 40" [_thread_blocked, id=792, stack(0x000000655fc00000,0x000000655fd00000)]
  0x000001b15703a2c0 JavaThread "Unconstrained build operations Thread 41" [_thread_blocked, id=1624, stack(0x000000655fd00000,0x000000655fe00000)]
  0x000001b15703bfa0 JavaThread "Unconstrained build operations Thread 42" [_thread_blocked, id=13968, stack(0x000000655fe00000,0x000000655ff00000)]
  0x000001b15703ac60 JavaThread "Unconstrained build operations Thread 43" [_thread_blocked, id=16984, stack(0x000000655ff00000,0x0000006560000000)]
  0x000001b157037c40 JavaThread "Unconstrained build operations Thread 44" [_thread_blocked, id=5188, stack(0x0000006560000000,0x0000006560100000)]
  0x000001b157036dd0 JavaThread "Unconstrained build operations Thread 45" [_thread_blocked, id=13024, stack(0x0000006560100000,0x0000006560200000)]
  0x000001b1570372a0 JavaThread "Unconstrained build operations Thread 46" [_thread_blocked, id=16764, stack(0x0000006560200000,0x0000006560300000)]
  0x000001b157039450 JavaThread "Unconstrained build operations Thread 47" [_thread_blocked, id=13200, stack(0x0000006560300000,0x0000006560400000)]
  0x000001b157039df0 JavaThread "Unconstrained build operations Thread 48" [_thread_blocked, id=13124, stack(0x0000006560400000,0x0000006560500000)]
  0x000001b15703b600 JavaThread "Unconstrained build operations Thread 49" [_thread_blocked, id=16508, stack(0x0000006560500000,0x0000006560600000)]
  0x000001b157038110 JavaThread "Unconstrained build operations Thread 50" [_thread_blocked, id=14716, stack(0x0000006560600000,0x0000006560700000)]
  0x000001b15703bad0 JavaThread "Unconstrained build operations Thread 51" [_thread_blocked, id=592, stack(0x0000006560700000,0x0000006560800000)]
  0x000001b157038ab0 JavaThread "Unconstrained build operations Thread 52" [_thread_blocked, id=6380, stack(0x0000006560800000,0x0000006560900000)]
  0x000001b15703b130 JavaThread "Unconstrained build operations Thread 53" [_thread_blocked, id=12944, stack(0x0000006560900000,0x0000006560a00000)]
  0x000001b15703a790 JavaThread "Unconstrained build operations Thread 54" [_thread_blocked, id=15932, stack(0x0000006560a00000,0x0000006560b00000)]
  0x000001b1570350f0 JavaThread "Unconstrained build operations Thread 55" [_thread_blocked, id=4756, stack(0x0000006560b00000,0x0000006560c00000)]
  0x000001b15703c470 JavaThread "Unconstrained build operations Thread 56" [_thread_blocked, id=10108, stack(0x0000006560c00000,0x0000006560d00000)]
  0x000001b157034c20 JavaThread "Unconstrained build operations Thread 57" [_thread_blocked, id=13112, stack(0x0000006560d00000,0x0000006560e00000)]
  0x000001b157035f60 JavaThread "Unconstrained build operations Thread 58" [_thread_blocked, id=14784, stack(0x0000006560e00000,0x0000006560f00000)]
  0x000001b157039920 JavaThread "Unconstrained build operations Thread 59" [_thread_blocked, id=17004, stack(0x0000006560f00000,0x0000006561000000)]
  0x000001b156fe87c0 JavaThread "Unconstrained build operations Thread 60" [_thread_blocked, id=3084, stack(0x0000006561000000,0x0000006561100000)]
  0x000001b156feae40 JavaThread "Unconstrained build operations Thread 61" [_thread_blocked, id=10728, stack(0x0000006561100000,0x0000006561200000)]
  0x000001b156fe6140 JavaThread "Unconstrained build operations Thread 62" [_thread_blocked, id=12740, stack(0x0000006561200000,0x0000006561300000)]
  0x000001b156feb310 JavaThread "Unconstrained build operations Thread 63" [_thread_blocked, id=12012, stack(0x0000006561300000,0x0000006561400000)]
  0x000001b156fea970 JavaThread "Unconstrained build operations Thread 64" [_thread_blocked, id=16444, stack(0x0000006561400000,0x0000006561500000)]
  0x000001b156feb7e0 JavaThread "Unconstrained build operations Thread 65" [_thread_blocked, id=16516, stack(0x0000006561500000,0x0000006561600000)]
  0x000001b156fe9160 JavaThread "Unconstrained build operations Thread 66" [_thread_blocked, id=3060, stack(0x0000006561600000,0x0000006561700000)]
  0x000001b156fe7e20 JavaThread "Unconstrained build operations Thread 67" [_thread_blocked, id=15796, stack(0x0000006561700000,0x0000006561800000)]
  0x000001b156fec180 JavaThread "Unconstrained build operations Thread 68" [_thread_blocked, id=12976, stack(0x0000006561800000,0x0000006561900000)]
  0x000001b156fe9fd0 JavaThread "Unconstrained build operations Thread 69" [_thread_blocked, id=12600, stack(0x0000006561900000,0x0000006561a00000)]
  0x000001b156fea4a0 JavaThread "Unconstrained build operations Thread 70" [_thread_blocked, id=560, stack(0x0000006561a00000,0x0000006561b00000)]
  0x000001b156fe5c70 JavaThread "Unconstrained build operations Thread 71" [_thread_blocked, id=13948, stack(0x0000006561b00000,0x0000006561c00000)]
  0x000001b156fe57a0 JavaThread "Unconstrained build operations Thread 72" [_thread_blocked, id=12988, stack(0x0000006561c00000,0x0000006561d00000)]
  0x000001b156fe9b00 JavaThread "Unconstrained build operations Thread 73" [_thread_blocked, id=8836, stack(0x0000006561d00000,0x0000006561e00000)]
  0x000001b156fe6fb0 JavaThread "Unconstrained build operations Thread 74" [_thread_blocked, id=3124, stack(0x0000006561e00000,0x0000006561f00000)]
  0x000001b156fe8c90 JavaThread "Unconstrained build operations Thread 75" [_thread_blocked, id=16880, stack(0x0000006561f00000,0x0000006562000000)]
  0x000001b156fe9630 JavaThread "Unconstrained build operations Thread 76" [_thread_blocked, id=9260, stack(0x0000006562000000,0x0000006562100000)]
  0x000001b156fe7480 JavaThread "Unconstrained build operations Thread 77" [_thread_blocked, id=10296, stack(0x0000006562100000,0x0000006562200000)]
  0x000001b156febcb0 JavaThread "Unconstrained build operations Thread 78" [_thread_blocked, id=8208, stack(0x0000006562200000,0x0000006562300000)]
  0x000001b156fe6610 JavaThread "Unconstrained build operations Thread 79" [_thread_blocked, id=12096, stack(0x0000006562300000,0x0000006562400000)]
  0x000001b156fec650 JavaThread "Unconstrained build operations Thread 80" [_thread_blocked, id=12464, stack(0x0000006562400000,0x0000006562500000)]

Other Threads:
=>0x000001b12c7178f0 VMThread "VM Thread" [stack: 0x0000006559f00000,0x000000655a000000] [id=16144]
  0x000001b150cd7810 WatcherThread "VM Periodic Task Thread" [stack: 0x000000655ab00000,0x000000655ac00000] [id=2444]
  0x000001b12c6f4cf0 WorkerThread "GC Thread#0" [stack: 0x0000006559a00000,0x0000006559b00000] [id=2404]
  0x000001b151569230 WorkerThread "GC Thread#1" [stack: 0x000000655ad00000,0x000000655ae00000] [id=11064]
  0x000001b1515694d0 WorkerThread "GC Thread#2" [stack: 0x000000655ae00000,0x000000655af00000] [id=2204]
  0x000001b1511ec410 WorkerThread "GC Thread#3" [stack: 0x000000655af00000,0x000000655b000000] [id=14724]
  0x000001b1517f4fd0 WorkerThread "GC Thread#4" [stack: 0x000000655b000000,0x000000655b100000] [id=4960]
  0x000001b1536fd150 WorkerThread "GC Thread#5" [stack: 0x000000655c000000,0x000000655c100000] [id=13276]
  0x000001b151a58620 WorkerThread "GC Thread#6" [stack: 0x000000655c100000,0x000000655c200000] [id=13836]
  0x000001b15315f220 WorkerThread "GC Thread#7" [stack: 0x000000655c200000,0x000000655c300000] [id=7364]
  0x000001b12c706c30 ConcurrentGCThread "G1 Main Marker" [stack: 0x0000006559b00000,0x0000006559c00000] [id=13136]
  0x000001b12c707dc0 WorkerThread "G1 Conc#0" [stack: 0x0000006559c00000,0x0000006559d00000] [id=15356]
  0x000001b1531609c0 WorkerThread "G1 Conc#1" [stack: 0x000000655cd00000,0x000000655ce00000] [id=2280]
  0x000001b12c75a500 ConcurrentGCThread "G1 Refine#0" [stack: 0x0000006559d00000,0x0000006559e00000] [id=12636]
  0x000001b12c75ae10 ConcurrentGCThread "G1 Service" [stack: 0x0000006559e00000,0x0000006559f00000] [id=10352]

Threads with active compile tasks:
C2 CompilerThread2     4786 6344       4       org.gradle.internal.reflect.MethodSet::add (50 bytes)

VM state: at safepoint (normal execution)

VM Mutex/Monitor currently owned by a thread:  ([mutex/lock_event])
[0x000001b12c695710] Threads_lock - owner thread: 0x000001b12c7178f0
[0x000001b12c694900] Heap_lock - owner thread: 0x000001b1528881e0

Heap address: 0x0000000080000000, size: 2048 MB, Compressed Oops mode: 32-bit

CDS archive(s) mapped at: [0x0000000800000000-0x0000000800ba0000-0x0000000800ba0000), size 12189696, SharedBaseAddress: 0x0000000800000000, ArchiveRelocationMode: 0.
Compressed class space mapped at: 0x0000000800c00000-0x0000000840c00000, reserved size: 1073741824
Narrow klass base: 0x0000000800000000, Narrow klass shift: 0, Narrow klass range: 0x100000000

GC Precious Log:
 CardTable entry size: 512
 Card Set container configuration: InlinePtr #cards 5 size 8 Array Of Cards #cards 12 size 40 Howl #buckets 4 coarsen threshold 1843 Howl Bitmap #cards 512 size 80 coarsen threshold 460 Card regions per heap region 1 cards per card region 2048
 CPUs: 8 total, 8 available
 Memory: 8023M
 Large Page Support: Disabled
 NUMA Support: Disabled
 Compressed Oops: Enabled (32-bit)
 Heap Region Size: 1M
 Heap Min Capacity: 8M
 Heap Initial Capacity: 126M
 Heap Max Capacity: 2G
 Pre-touch: Disabled
 Parallel Workers: 8
 Concurrent Workers: 2
 Concurrent Refinement Workers: 8
 Periodic GC: Disabled

Heap:
 garbage-first heap   total 129024K, used 62951K [0x0000000080000000, 0x0000000100000000)
  region size 1024K, 3 young (3072K), 3 survivors (3072K)
 Metaspace       used 44039K, committed 45568K, reserved 1114112K
  class space    used 6117K, committed 6912K, reserved 1048576K

Heap Regions: E=young(eden), S=young(survivor), O=old, HS=humongous(starts), HC=humongous(continues), CS=collection set, F=free, OA=open archive, CA=closed archive, TAMS=top-at-mark-start (previous, next)
|   0|0x0000000080000000, 0x0000000080100000, 0x0000000080100000|100%| O|  |TAMS 0x0000000080100000, 0x0000000080100000| Untracked 
|   1|0x0000000080100000, 0x0000000080200000, 0x0000000080200000|100%| O|  |TAMS 0x0000000080200000, 0x0000000080200000| Untracked 
|   2|0x0000000080200000, 0x0000000080300000, 0x0000000080300000|100%| O|  |TAMS 0x0000000080300000, 0x0000000080300000| Untracked 
|   3|0x0000000080300000, 0x0000000080400000, 0x0000000080400000|100%|HS|  |TAMS 0x0000000080400000, 0x0000000080400000| Complete 
|   4|0x0000000080400000, 0x0000000080500000, 0x0000000080500000|100%|HC|  |TAMS 0x0000000080500000, 0x0000000080500000| Complete 
|   5|0x0000000080500000, 0x0000000080600000, 0x0000000080600000|100%|HC|  |TAMS 0x0000000080600000, 0x0000000080600000| Complete 
|   6|0x0000000080600000, 0x0000000080700000, 0x0000000080700000|100%| O|  |TAMS 0x0000000080700000, 0x0000000080700000| Untracked 
|   7|0x0000000080700000, 0x0000000080800000, 0x0000000080800000|100%| O|  |TAMS 0x0000000080800000, 0x0000000080800000| Untracked 
|   8|0x0000000080800000, 0x0000000080900000, 0x0000000080900000|100%| O|  |TAMS 0x0000000080900000, 0x0000000080900000| Untracked 
|   9|0x0000000080900000, 0x0000000080a00000, 0x0000000080a00000|100%| O|  |TAMS 0x0000000080a00000, 0x0000000080a00000| Untracked 
|  10|0x0000000080a00000, 0x0000000080b00000, 0x0000000080b00000|100%|HS|  |TAMS 0x0000000080b00000, 0x0000000080b00000| Complete 
|  11|0x0000000080b00000, 0x0000000080c00000, 0x0000000080c00000|100%|HC|  |TAMS 0x0000000080c00000, 0x0000000080c00000| Complete 
|  12|0x0000000080c00000, 0x0000000080d00000, 0x0000000080d00000|100%|HS|  |TAMS 0x0000000080d00000, 0x0000000080d00000| Complete 
|  13|0x0000000080d00000, 0x0000000080e00000, 0x0000000080e00000|100%|HC|  |TAMS 0x0000000080e00000, 0x0000000080e00000| Complete 
|  14|0x0000000080e00000, 0x0000000080f00000, 0x0000000080f00000|100%|HC|  |TAMS 0x0000000080f00000, 0x0000000080f00000| Complete 
|  15|0x0000000080f00000, 0x0000000081000000, 0x0000000081000000|100%|HS|  |TAMS 0x0000000081000000, 0x0000000081000000| Complete 
|  16|0x0000000081000000, 0x0000000081100000, 0x0000000081100000|100%|HS|  |TAMS 0x0000000081100000, 0x0000000081100000| Complete 
|  17|0x0000000081100000, 0x0000000081200000, 0x0000000081200000|100%|HC|  |TAMS 0x0000000081200000, 0x0000000081200000| Complete 
|  18|0x0000000081200000, 0x0000000081300000, 0x0000000081300000|100%|HC|  |TAMS 0x0000000081300000, 0x0000000081300000| Complete 
|  19|0x0000000081300000, 0x0000000081400000, 0x0000000081400000|100%|HC|  |TAMS 0x0000000081400000, 0x0000000081400000| Complete 
|  20|0x0000000081400000, 0x0000000081500000, 0x0000000081500000|100%| O|  |TAMS 0x0000000081500000, 0x0000000081500000| Untracked 
|  21|0x0000000081500000, 0x0000000081600000, 0x0000000081600000|100%| O|  |TAMS 0x0000000081600000, 0x0000000081600000| Untracked 
|  22|0x0000000081600000, 0x0000000081700000, 0x0000000081700000|100%| O|  |TAMS 0x0000000081700000, 0x0000000081700000| Untracked 
|  23|0x0000000081700000, 0x0000000081800000, 0x0000000081800000|100%| O|  |TAMS 0x0000000081800000, 0x0000000081800000| Untracked 
|  24|0x0000000081800000, 0x0000000081900000, 0x0000000081900000|100%| O|  |TAMS 0x0000000081900000, 0x0000000081900000| Untracked 
|  25|0x0000000081900000, 0x0000000081a00000, 0x0000000081a00000|100%| O|  |TAMS 0x0000000081a00000, 0x0000000081a00000| Untracked 
|  26|0x0000000081a00000, 0x0000000081b00000, 0x0000000081b00000|100%| O|  |TAMS 0x0000000081b00000, 0x0000000081b00000| Untracked 
|  27|0x0000000081b00000, 0x0000000081c00000, 0x0000000081c00000|100%| O|  |TAMS 0x0000000081c00000, 0x0000000081c00000| Untracked 
|  28|0x0000000081c00000, 0x0000000081d00000, 0x0000000081d00000|100%|HS|  |TAMS 0x0000000081c00000, 0x0000000081d00000| Complete 
|  29|0x0000000081d00000, 0x0000000081e00000, 0x0000000081e00000|100%| O|  |TAMS 0x0000000081e00000, 0x0000000081e00000| Untracked 
|  30|0x0000000081e00000, 0x0000000081f00000, 0x0000000081f00000|100%| O|  |TAMS 0x0000000081f00000, 0x0000000081f00000| Untracked 
|  31|0x0000000081f00000, 0x0000000082000000, 0x0000000082000000|100%| O|  |TAMS 0x0000000082000000, 0x0000000082000000| Untracked 
|  32|0x0000000082000000, 0x0000000082100000, 0x0000000082100000|100%| O|  |TAMS 0x0000000082100000, 0x0000000082100000| Untracked 
|  33|0x0000000082100000, 0x0000000082200000, 0x0000000082200000|100%| O|  |TAMS 0x0000000082200000, 0x0000000082200000| Untracked 
|  34|0x0000000082200000, 0x0000000082300000, 0x0000000082300000|100%| O|  |TAMS 0x0000000082300000, 0x0000000082300000| Untracked 
|  35|0x0000000082300000, 0x0000000082400000, 0x0000000082400000|100%| O|  |TAMS 0x0000000082400000, 0x0000000082400000| Untracked 
|  36|0x0000000082400000, 0x0000000082500000, 0x0000000082500000|100%| O|  |TAMS 0x0000000082500000, 0x0000000082500000| Untracked 
|  37|0x0000000082500000, 0x0000000082600000, 0x0000000082600000|100%| O|  |TAMS 0x0000000082600000, 0x0000000082600000| Untracked 
|  38|0x0000000082600000, 0x0000000082700000, 0x0000000082700000|100%| O|  |TAMS 0x00000000826db800, 0x0000000082700000| Untracked 
|  39|0x0000000082700000, 0x0000000082800000, 0x0000000082800000|100%|HS|  |TAMS 0x0000000082700000, 0x0000000082800000| Complete 
|  40|0x0000000082800000, 0x0000000082900000, 0x0000000082900000|100%|HC|  |TAMS 0x0000000082800000, 0x0000000082900000| Complete 
|  41|0x0000000082900000, 0x0000000082a00000, 0x0000000082a00000|100%|HC|  |TAMS 0x0000000082900000, 0x0000000082a00000| Complete 
|  42|0x0000000082a00000, 0x0000000082b00000, 0x0000000082b00000|100%| O|  |TAMS 0x0000000082a00000, 0x0000000082b00000| Untracked 
|  43|0x0000000082b00000, 0x0000000082c00000, 0x0000000082c00000|100%| O|  |TAMS 0x0000000082b00000, 0x0000000082c00000| Untracked 
|  44|0x0000000082c00000, 0x0000000082d00000, 0x0000000082d00000|100%| O|  |TAMS 0x0000000082c00000, 0x0000000082d00000| Untracked 
|  45|0x0000000082d00000, 0x0000000082e00000, 0x0000000082e00000|100%| O|  |TAMS 0x0000000082d00000, 0x0000000082e00000| Untracked 
|  46|0x0000000082e00000, 0x0000000082f00000, 0x0000000082f00000|100%| O|  |TAMS 0x0000000082e00000, 0x0000000082f00000| Untracked 
|  47|0x0000000082f00000, 0x0000000083000000, 0x0000000083000000|100%| O|  |TAMS 0x0000000082f00000, 0x0000000083000000| Untracked 
|  48|0x0000000083000000, 0x0000000083100000, 0x0000000083100000|100%|HS|  |TAMS 0x0000000083000000, 0x0000000083100000| Complete 
|  49|0x0000000083100000, 0x0000000083200000, 0x0000000083200000|100%|HC|  |TAMS 0x0000000083100000, 0x0000000083200000| Complete 
|  50|0x0000000083200000, 0x0000000083300000, 0x0000000083300000|100%|HC|  |TAMS 0x0000000083200000, 0x0000000083300000| Complete 
|  51|0x0000000083300000, 0x0000000083400000, 0x0000000083400000|100%|HC|  |TAMS 0x0000000083300000, 0x0000000083400000| Complete 
|  52|0x0000000083400000, 0x0000000083500000, 0x0000000083500000|100%| O|  |TAMS 0x0000000083400000, 0x0000000083500000| Untracked 
|  53|0x0000000083500000, 0x0000000083600000, 0x0000000083600000|100%| O|  |TAMS 0x0000000083500000, 0x0000000083600000| Untracked 
|  54|0x0000000083600000, 0x0000000083700000, 0x0000000083700000|100%| O|  |TAMS 0x0000000083600000, 0x0000000083700000| Untracked 
|  55|0x0000000083700000, 0x0000000083800000, 0x0000000083800000|100%| O|  |TAMS 0x0000000083700000, 0x000000008377a800| Untracked 
|  56|0x0000000083800000, 0x0000000083900000, 0x0000000083900000|100%| O|  |TAMS 0x0000000083800000, 0x0000000083800000| Untracked 
|  57|0x0000000083900000, 0x0000000083a00000, 0x0000000083a00000|100%| O|  |TAMS 0x0000000083900000, 0x0000000083900000| Untracked 
|  58|0x0000000083a00000, 0x0000000083b00000, 0x0000000083b00000|100%| O|  |TAMS 0x0000000083a00000, 0x0000000083a00000| Untracked 
|  59|0x0000000083b00000, 0x0000000083b65a00, 0x0000000083c00000| 39%| O|  |TAMS 0x0000000083b00000, 0x0000000083b00000| Untracked 
|  60|0x0000000083c00000, 0x0000000083c00000, 0x0000000083d00000|  0%| F|  |TAMS 0x0000000083c00000, 0x0000000083c00000| Untracked 
|  61|0x0000000083d00000, 0x0000000083d00000, 0x0000000083e00000|  0%| F|  |TAMS 0x0000000083d00000, 0x0000000083d00000| Untracked 
|  62|0x0000000083e00000, 0x0000000083e00000, 0x0000000083f00000|  0%| F|  |TAMS 0x0000000083e00000, 0x0000000083e00000| Untracked 
|  63|0x0000000083f00000, 0x0000000083f00000, 0x0000000084000000|  0%| F|  |TAMS 0x0000000083f00000, 0x0000000083f00000| Untracked 
|  64|0x0000000084000000, 0x0000000084000000, 0x0000000084100000|  0%| F|  |TAMS 0x0000000084000000, 0x0000000084000000| Untracked 
|  65|0x0000000084100000, 0x0000000084100000, 0x0000000084200000|  0%| F|  |TAMS 0x0000000084100000, 0x0000000084100000| Untracked 
|  66|0x0000000084200000, 0x0000000084200000, 0x0000000084300000|  0%| F|  |TAMS 0x0000000084200000, 0x0000000084200000| Untracked 
|  67|0x0000000084300000, 0x0000000084300000, 0x0000000084400000|  0%| F|  |TAMS 0x0000000084300000, 0x0000000084300000| Untracked 
|  68|0x0000000084400000, 0x0000000084400000, 0x0000000084500000|  0%| F|  |TAMS 0x0000000084400000, 0x0000000084400000| Untracked 
|  69|0x0000000084500000, 0x0000000084500000, 0x0000000084600000|  0%| F|  |TAMS 0x0000000084500000, 0x0000000084500000| Untracked 
|  70|0x0000000084600000, 0x0000000084600000, 0x0000000084700000|  0%| F|  |TAMS 0x0000000084600000, 0x0000000084600000| Untracked 
|  71|0x0000000084700000, 0x0000000084700000, 0x0000000084800000|  0%| F|  |TAMS 0x0000000084700000, 0x0000000084700000| Untracked 
|  72|0x0000000084800000, 0x0000000084800000, 0x0000000084900000|  0%| F|  |TAMS 0x0000000084800000, 0x0000000084800000| Untracked 
|  73|0x0000000084900000, 0x0000000084900000, 0x0000000084a00000|  0%| F|  |TAMS 0x0000000084900000, 0x0000000084900000| Untracked 
|  74|0x0000000084a00000, 0x0000000084a00000, 0x0000000084b00000|  0%| F|  |TAMS 0x0000000084a00000, 0x0000000084a00000| Untracked 
|  75|0x0000000084b00000, 0x0000000084b00000, 0x0000000084c00000|  0%| F|  |TAMS 0x0000000084b00000, 0x0000000084b00000| Untracked 
|  76|0x0000000084c00000, 0x0000000084c00000, 0x0000000084d00000|  0%| F|  |TAMS 0x0000000084c00000, 0x0000000084c00000| Untracked 
|  77|0x0000000084d00000, 0x0000000084d00000, 0x0000000084e00000|  0%| F|  |TAMS 0x0000000084d00000, 0x0000000084d00000| Untracked 
|  78|0x0000000084e00000, 0x0000000084e00000, 0x0000000084f00000|  0%| F|  |TAMS 0x0000000084e00000, 0x0000000084e00000| Untracked 
|  79|0x0000000084f00000, 0x0000000084f00000, 0x0000000085000000|  0%| F|  |TAMS 0x0000000084f00000, 0x0000000084f00000| Untracked 
|  80|0x0000000085000000, 0x0000000085000000, 0x0000000085100000|  0%| F|  |TAMS 0x0000000085000000, 0x0000000085000000| Untracked 
|  81|0x0000000085100000, 0x0000000085100000, 0x0000000085200000|  0%| F|  |TAMS 0x0000000085100000, 0x0000000085100000| Untracked 
|  82|0x0000000085200000, 0x0000000085200000, 0x0000000085300000|  0%| F|  |TAMS 0x0000000085200000, 0x0000000085200000| Untracked 
|  83|0x0000000085300000, 0x0000000085314388, 0x0000000085400000|  7%| S|CS|TAMS 0x0000000085300000, 0x0000000085300000| Complete 
|  84|0x0000000085400000, 0x0000000085500000, 0x0000000085500000|100%| S|CS|TAMS 0x0000000085400000, 0x0000000085400000| Complete 
|  85|0x0000000085500000, 0x0000000085600000, 0x0000000085600000|100%| S|CS|TAMS 0x0000000085500000, 0x0000000085500000| Complete 
|  86|0x0000000085600000, 0x0000000085600000, 0x0000000085700000|  0%| F|  |TAMS 0x0000000085600000, 0x0000000085600000| Untracked 
|  87|0x0000000085700000, 0x0000000085700000, 0x0000000085800000|  0%| F|  |TAMS 0x0000000085700000, 0x0000000085700000| Untracked 
|  88|0x0000000085800000, 0x0000000085800000, 0x0000000085900000|  0%| F|  |TAMS 0x0000000085800000, 0x0000000085800000| Untracked 
|  89|0x0000000085900000, 0x0000000085900000, 0x0000000085a00000|  0%| F|  |TAMS 0x0000000085900000, 0x0000000085900000| Untracked 
|  90|0x0000000085a00000, 0x0000000085a00000, 0x0000000085b00000|  0%| F|  |TAMS 0x0000000085a00000, 0x0000000085a00000| Untracked 
|  91|0x0000000085b00000, 0x0000000085b00000, 0x0000000085c00000|  0%| F|  |TAMS 0x0000000085b00000, 0x0000000085b00000| Untracked 
|  92|0x0000000085c00000, 0x0000000085c00000, 0x0000000085d00000|  0%| F|  |TAMS 0x0000000085c00000, 0x0000000085c00000| Untracked 
|  93|0x0000000085d00000, 0x0000000085d00000, 0x0000000085e00000|  0%| F|  |TAMS 0x0000000085d00000, 0x0000000085d00000| Untracked 
|  94|0x0000000085e00000, 0x0000000085e00000, 0x0000000085f00000|  0%| F|  |TAMS 0x0000000085e00000, 0x0000000085e00000| Untracked 
|  95|0x0000000085f00000, 0x0000000085f00000, 0x0000000086000000|  0%| F|  |TAMS 0x0000000085f00000, 0x0000000085f00000| Untracked 
|  96|0x0000000086000000, 0x0000000086000000, 0x0000000086100000|  0%| F|  |TAMS 0x0000000086000000, 0x0000000086000000| Untracked 
|  97|0x0000000086100000, 0x0000000086100000, 0x0000000086200000|  0%| F|  |TAMS 0x0000000086100000, 0x0000000086100000| Untracked 
|  98|0x0000000086200000, 0x0000000086200000, 0x0000000086300000|  0%| F|  |TAMS 0x0000000086200000, 0x0000000086200000| Untracked 
|  99|0x0000000086300000, 0x0000000086300000, 0x0000000086400000|  0%| F|  |TAMS 0x0000000086300000, 0x0000000086300000| Untracked 
| 100|0x0000000086400000, 0x0000000086400000, 0x0000000086500000|  0%| F|  |TAMS 0x0000000086400000, 0x0000000086400000| Untracked 
| 101|0x0000000086500000, 0x0000000086500000, 0x0000000086600000|  0%| F|  |TAMS 0x0000000086500000, 0x0000000086500000| Untracked 
| 102|0x0000000086600000, 0x0000000086600000, 0x0000000086700000|  0%| F|  |TAMS 0x0000000086600000, 0x0000000086600000| Untracked 
| 103|0x0000000086700000, 0x0000000086700000, 0x0000000086800000|  0%| F|  |TAMS 0x0000000086700000, 0x0000000086700000| Untracked 
| 104|0x0000000086800000, 0x0000000086800000, 0x0000000086900000|  0%| F|  |TAMS 0x0000000086800000, 0x0000000086800000| Untracked 
| 105|0x0000000086900000, 0x0000000086900000, 0x0000000086a00000|  0%| F|  |TAMS 0x0000000086900000, 0x0000000086900000| Untracked 
| 106|0x0000000086a00000, 0x0000000086a00000, 0x0000000086b00000|  0%| F|  |TAMS 0x0000000086a00000, 0x0000000086a00000| Untracked 
| 107|0x0000000086b00000, 0x0000000086b00000, 0x0000000086c00000|  0%| F|  |TAMS 0x0000000086b00000, 0x0000000086b00000| Untracked 
| 108|0x0000000086c00000, 0x0000000086c00000, 0x0000000086d00000|  0%| F|  |TAMS 0x0000000086c00000, 0x0000000086c00000| Untracked 
| 109|0x0000000086d00000, 0x0000000086d00000, 0x0000000086e00000|  0%| F|  |TAMS 0x0000000086d00000, 0x0000000086d00000| Untracked 
| 110|0x0000000086e00000, 0x0000000086e00000, 0x0000000086f00000|  0%| F|  |TAMS 0x0000000086e00000, 0x0000000086e00000| Untracked 
| 111|0x0000000086f00000, 0x0000000086f00000, 0x0000000087000000|  0%| F|  |TAMS 0x0000000086f00000, 0x0000000086f00000| Untracked 
| 112|0x0000000087000000, 0x0000000087000000, 0x0000000087100000|  0%| F|  |TAMS 0x0000000087000000, 0x0000000087000000| Untracked 
| 113|0x0000000087100000, 0x0000000087100000, 0x0000000087200000|  0%| F|  |TAMS 0x0000000087100000, 0x0000000087100000| Untracked 
| 114|0x0000000087200000, 0x0000000087200000, 0x0000000087300000|  0%| F|  |TAMS 0x0000000087200000, 0x0000000087200000| Untracked 
| 115|0x0000000087300000, 0x0000000087300000, 0x0000000087400000|  0%| F|  |TAMS 0x0000000087300000, 0x0000000087300000| Untracked 
| 116|0x0000000087400000, 0x0000000087400000, 0x0000000087500000|  0%| F|  |TAMS 0x0000000087400000, 0x0000000087400000| Untracked 
| 117|0x0000000087500000, 0x0000000087500000, 0x0000000087600000|  0%| F|  |TAMS 0x0000000087500000, 0x0000000087500000| Untracked 
| 118|0x0000000087600000, 0x0000000087600000, 0x0000000087700000|  0%| F|  |TAMS 0x0000000087600000, 0x0000000087600000| Untracked 
| 119|0x0000000087700000, 0x0000000087700000, 0x0000000087800000|  0%| F|  |TAMS 0x0000000087700000, 0x0000000087700000| Untracked 
| 120|0x0000000087800000, 0x0000000087800000, 0x0000000087900000|  0%| F|  |TAMS 0x0000000087800000, 0x0000000087800000| Untracked 
| 121|0x0000000087900000, 0x0000000087900000, 0x0000000087a00000|  0%| F|  |TAMS 0x0000000087900000, 0x0000000087900000| Untracked 
| 122|0x0000000087a00000, 0x0000000087a00000, 0x0000000087b00000|  0%| F|  |TAMS 0x0000000087a00000, 0x0000000087a00000| Untracked 
| 123|0x0000000087b00000, 0x0000000087b00000, 0x0000000087c00000|  0%| F|  |TAMS 0x0000000087b00000, 0x0000000087b00000| Untracked 
| 124|0x0000000087c00000, 0x0000000087c00000, 0x0000000087d00000|  0%| F|  |TAMS 0x0000000087c00000, 0x0000000087c00000| Untracked 
| 125|0x0000000087d00000, 0x0000000087d00000, 0x0000000087e00000|  0%| F|  |TAMS 0x0000000087d00000, 0x0000000087d00000| Untracked 

Card table byte_map: [0x000001b145650000,0x000001b145a50000] _byte_map_base: 0x000001b145250000

Marking Bits (Prev, Next): (CMBitMap*) 0x000001b12c6f6300, (CMBitMap*) 0x000001b12c6f6340
 Prev Bits: [0x000001b145e50000, 0x000001b147e50000)
 Next Bits: [0x000001b147e50000, 0x000001b149e50000)

Polling page: 0x000001b12c760000

Metaspace:

Usage:
  Non-class:     37.03 MB used.
      Class:      5.97 MB used.
       Both:     43.01 MB used.

Virtual space:
  Non-class space:       64.00 MB reserved,      37.75 MB ( 59%) committed,  1 nodes.
      Class space:        1.00 GB reserved,       6.75 MB ( <1%) committed,  1 nodes.
             Both:        1.06 GB reserved,      44.50 MB (  4%) committed. 

Chunk freelists:
   Non-Class:  1.88 MB
       Class:  1.28 MB
        Both:  3.16 MB

MaxMetaspaceSize: unlimited
CompressedClassSpaceSize: 1.00 GB
Initial GC threshold: 21.00 MB
Current GC threshold: 59.00 MB
CDS: on
MetaspaceReclaimPolicy: balanced
 - commit_granule_bytes: 65536.
 - commit_granule_words: 8192.
 - virtual_space_node_default_size: 8388608.
 - enlarge_chunks_in_place: 1.
 - new_chunks_are_fully_committed: 0.
 - uncommit_free_chunks: 1.
 - use_allocation_guard: 0.


Internal statistics:

num_allocs_failed_limit: 6.
num_arena_births: 2616.
num_arena_deaths: 0.
num_vsnodes_births: 2.
num_vsnodes_deaths: 0.
num_space_committed: 712.
num_space_uncommitted: 0.
num_chunks_returned_to_freelist: 6.
num_chunks_taken_from_freelist: 4706.
num_chunk_merges: 6.
num_chunk_splits: 3042.
num_chunks_enlarged: 1820.
num_inconsistent_stats: 0.

CodeHeap 'non-profiled nmethods': size=120000Kb used=2903Kb max_used=3032Kb free=117096Kb
 bounds [0x000001b13d2b0000, 0x000001b13d5b0000, 0x000001b1447e0000]
CodeHeap 'profiled nmethods': size=120000Kb used=10400Kb max_used=10400Kb free=109599Kb
 bounds [0x000001b135d80000, 0x000001b1367b0000, 0x000001b13d2b0000]
CodeHeap 'non-nmethods': size=5760Kb used=2323Kb max_used=2417Kb free=3436Kb
 bounds [0x000001b1357e0000, 0x000001b135a50000, 0x000001b135d80000]
 total_blobs=6382 nmethods=5557 adapters=737
 compilation: enabled
              stopped_count=0, restarted_count=0
 full_count=0

Compilation events (20 events):
Event: 4.746 Thread 0x000001b14c8c8630 6348       3       org.codehaus.groovy.util.FastArray::set (8 bytes)
Event: 4.746 Thread 0x000001b14c8c8630 nmethod 6348 0x000001b1367a3d90 code [0x000001b1367a3f40, 0x000001b1367a41f8]
Event: 4.746 Thread 0x000001b14c8c8630 6349       3       org.codehaus.groovy.reflection.stdclasses.CachedSAMClass::isAssignableFrom (30 bytes)
Event: 4.747 Thread 0x000001b14c8c8630 nmethod 6349 0x000001b1367a4310 code [0x000001b1367a44e0, 0x000001b1367a47f8]
Event: 4.747 Thread 0x000001b14c8c6d30 nmethod 6346 0x000001b13d3f7610 code [0x000001b13d3f77c0, 0x000001b13d3f79c8]
Event: 4.747 Thread 0x000001b150ec0df0 nmethod 6347 0x000001b13d3f6f10 code [0x000001b13d3f70c0, 0x000001b13d3f72e8]
Event: 4.747 Thread 0x000001b14c8c8630 6350       3       groovy.lang.MetaClassImpl::applyStrayPropertyMethods (288 bytes)
Event: 4.749 Thread 0x000001b14c8c6d30 6351   !   4       java.util.concurrent.ConcurrentHashMap::replaceNode (437 bytes)
Event: 4.750 Thread 0x000001b14c8c8630 nmethod 6350 0x000001b1367a4910 code [0x000001b1367a4dc0, 0x000001b1367a7838]
Event: 4.755 Thread 0x000001b14c8c8630 6353       3       org.objectweb.asm.ByteVector::enlarge (51 bytes)
Event: 4.755 Thread 0x000001b14c8c8630 nmethod 6353 0x000001b1367a8790 code [0x000001b1367a8940, 0x000001b1367a8c68]
Event: 4.755 Thread 0x000001b14c8c8630 6354       3       org.gradle.internal.instantiation.generator.AsmBackedClassGenerator$ClassBuilderImpl$$Lambda$145/0x0000000800e89080::transform (8 bytes)
Event: 4.755 Thread 0x000001b14c8c8630 nmethod 6354 0x000001b1367a8d90 code [0x000001b1367a8f40, 0x000001b1367a9168]
Event: 4.755 Thread 0x000001b14c8c8630 6355       1       org.gradle.internal.instantiation.generator.AbstractClassGenerator$PropertyMetadata::access$1300 (5 bytes)
Event: 4.755 Thread 0x000001b14c8c8630 nmethod 6355 0x000001b13d3f6910 code [0x000001b13d3f6aa0, 0x000001b13d3f6b58]
Event: 4.755 Thread 0x000001b14c8c6d30 nmethod 6351 0x000001b13d3f5990 code [0x000001b13d3f5b40, 0x000001b13d3f6468]
Event: 4.757 Thread 0x000001b14c8c8630 6356       3       java.lang.invoke.LambdaForm$MH/0x0000000800c84800::invoke (56 bytes)
Event: 4.757 Thread 0x000001b14c8c8630 nmethod 6356 0x000001b1367a9210 code [0x000001b1367a9400, 0x000001b1367a9d98]
Event: 4.761 Thread 0x000001b150ec0df0 6357       4       java.util.LinkedHashMap::get (29 bytes)
Event: 4.763 Thread 0x000001b150ec0df0 nmethod 6357 0x000001b13d3f5210 code [0x000001b13d3f53a0, 0x000001b13d3f56f8]

GC Heap History (19 events):
Event: 0.427 GC heap before
{Heap before GC invocations=0 (full 0):
 garbage-first heap   total 129024K, used 28672K [0x0000000080000000, 0x0000000100000000)
  region size 1024K, 23 young (23552K), 0 survivors (0K)
 Metaspace       used 3009K, committed 3200K, reserved 1114112K
  class space    used 373K, committed 448K, reserved 1048576K
}
Event: 0.432 GC heap after
{Heap after GC invocations=1 (full 0):
 garbage-first heap   total 129024K, used 8789K [0x0000000080000000, 0x0000000100000000)
  region size 1024K, 3 young (3072K), 3 survivors (3072K)
 Metaspace       used 3009K, committed 3200K, reserved 1114112K
  class space    used 373K, committed 448K, reserved 1048576K
}
Event: 0.671 GC heap before
{Heap before GC invocations=1 (full 0):
 garbage-first heap   total 129024K, used 38485K [0x0000000080000000, 0x0000000100000000)
  region size 1024K, 32 young (32768K), 3 survivors (3072K)
 Metaspace       used 3956K, committed 4160K, reserved 1114112K
  class space    used 474K, committed 576K, reserved 1048576K
}
Event: 0.675 GC heap after
{Heap after GC invocations=2 (full 0):
 garbage-first heap   total 129024K, used 13061K [0x0000000080000000, 0x0000000100000000)
  region size 1024K, 4 young (4096K), 4 survivors (4096K)
 Metaspace       used 3956K, committed 4160K, reserved 1114112K
  class space    used 474K, committed 576K, reserved 1048576K
}
Event: 1.904 GC heap before
{Heap before GC invocations=2 (full 0):
 garbage-first heap   total 129024K, used 81669K [0x0000000080000000, 0x0000000100000000)
  region size 1024K, 71 young (72704K), 4 survivors (4096K)
 Metaspace       used 17237K, committed 17792K, reserved 1114112K
  class space    used 2449K, committed 2688K, reserved 1048576K
}
Event: 1.910 GC heap after
{Heap after GC invocations=3 (full 0):
 garbage-first heap   total 129024K, used 19217K [0x0000000080000000, 0x0000000100000000)
  region size 1024K, 9 young (9216K), 9 survivors (9216K)
 Metaspace       used 17237K, committed 17792K, reserved 1114112K
  class space    used 2449K, committed 2688K, reserved 1048576K
}
Event: 2.309 GC heap before
{Heap before GC invocations=3 (full 0):
 garbage-first heap   total 129024K, used 55057K [0x0000000080000000, 0x0000000100000000)
  region size 1024K, 36 young (36864K), 9 survivors (9216K)
 Metaspace       used 20756K, committed 21504K, reserved 1114112K
  class space    used 3042K, committed 3456K, reserved 1048576K
}
Event: 2.315 GC heap after
{Heap after GC invocations=4 (full 0):
 garbage-first heap   total 129024K, used 33988K [0x0000000080000000, 0x0000000100000000)
  region size 1024K, 5 young (5120K), 5 survivors (5120K)
 Metaspace       used 20756K, committed 21504K, reserved 1114112K
  class space    used 3042K, committed 3456K, reserved 1048576K
}
Event: 3.017 GC heap before
{Heap before GC invocations=5 (full 0):
 garbage-first heap   total 119808K, used 92356K [0x0000000080000000, 0x0000000100000000)
  region size 1024K, 63 young (64512K), 5 survivors (5120K)
 Metaspace       used 31406K, committed 32512K, reserved 1114112K
  class space    used 4478K, committed 5056K, reserved 1048576K
}
Event: 3.022 GC heap after
{Heap after GC invocations=6 (full 0):
 garbage-first heap   total 119808K, used 38845K [0x0000000080000000, 0x0000000100000000)
  region size 1024K, 5 young (5120K), 5 survivors (5120K)
 Metaspace       used 31406K, committed 32512K, reserved 1114112K
  class space    used 4478K, committed 5056K, reserved 1048576K
}
Event: 3.026 GC heap before
{Heap before GC invocations=6 (full 0):
 garbage-first heap   total 119808K, used 39869K [0x0000000080000000, 0x0000000100000000)
  region size 1024K, 6 young (6144K), 5 survivors (5120K)
 Metaspace       used 31415K, committed 32512K, reserved 1114112K
  class space    used 4478K, committed 5056K, reserved 1048576K
}
Event: 3.030 GC heap after
{Heap after GC invocations=7 (full 0):
 garbage-first heap   total 119808K, used 39790K [0x0000000080000000, 0x0000000100000000)
  region size 1024K, 1 young (1024K), 1 survivors (1024K)
 Metaspace       used 31415K, committed 32512K, reserved 1114112K
  class space    used 4478K, committed 5056K, reserved 1048576K
}
Event: 3.415 GC heap before
{Heap before GC invocations=7 (full 0):
 garbage-first heap   total 119808K, used 80750K [0x0000000080000000, 0x0000000100000000)
  region size 1024K, 40 young (40960K), 1 survivors (1024K)
 Metaspace       used 34722K, committed 35968K, reserved 1114112K
  class space    used 4823K, committed 5440K, reserved 1048576K
}
Event: 3.418 GC heap after
{Heap after GC invocations=8 (full 0):
 garbage-first heap   total 119808K, used 43648K [0x0000000080000000, 0x0000000100000000)
  region size 1024K, 5 young (5120K), 5 survivors (5120K)
 Metaspace       used 34722K, committed 35968K, reserved 1114112K
  class space    used 4823K, committed 5440K, reserved 1048576K
}
Event: 3.885 GC heap before
{Heap before GC invocations=9 (full 0):
 garbage-first heap   total 119808K, used 94848K [0x0000000080000000, 0x0000000100000000)
  region size 1024K, 50 young (51200K), 5 survivors (5120K)
 Metaspace       used 38832K, committed 40192K, reserved 1114112K
  class space    used 5337K, committed 6016K, reserved 1048576K
}
Event: 3.890 GC heap after
{Heap after GC invocations=10 (full 0):
 garbage-first heap   total 119808K, used 52577K [0x0000000080000000, 0x0000000100000000)
  region size 1024K, 5 young (5120K), 5 survivors (5120K)
 Metaspace       used 38832K, committed 40192K, reserved 1114112K
  class space    used 5337K, committed 6016K, reserved 1048576K
}
Event: 4.387 GC heap before
{Heap before GC invocations=10 (full 0):
 garbage-first heap   total 119808K, used 96609K [0x0000000080000000, 0x0000000100000000)
  region size 1024K, 44 young (45056K), 5 survivors (5120K)
 Metaspace       used 43057K, committed 44544K, reserved 1114112K
  class space    used 6017K, committed 6784K, reserved 1048576K
}
Event: 4.393 GC heap after
{Heap after GC invocations=11 (full 0):
 garbage-first heap   total 119808K, used 61492K [0x0000000080000000, 0x0000000100000000)
  region size 1024K, 5 young (5120K), 5 survivors (5120K)
 Metaspace       used 43057K, committed 44544K, reserved 1114112K
  class space    used 6017K, committed 6784K, reserved 1048576K
}
Event: 4.764 GC heap before
{Heap before GC invocations=11 (full 0):
 garbage-first heap   total 119808K, used 92212K [0x0000000080000000, 0x0000000100000000)
  region size 1024K, 36 young (36864K), 5 survivors (5120K)
 Metaspace       used 44039K, committed 45568K, reserved 1114112K
  class space    used 6117K, committed 6912K, reserved 1048576K
}

Deoptimization events (20 events):
Event: 4.667 Thread 0x000001b1528881e0 DEOPT PACKING pc=0x000001b13d540464 sp=0x000000655b8f89b0
Event: 4.667 Thread 0x000001b1528881e0 DEOPT UNPACKING pc=0x000001b1358323a3 sp=0x000000655b8f8940 mode 2
Event: 4.668 Thread 0x000001b152988ed0 DEOPT PACKING pc=0x000001b1363ef2c3 sp=0x000000655befe3d0
Event: 4.668 Thread 0x000001b152988ed0 DEOPT UNPACKING pc=0x000001b135832b43 sp=0x000000655befd858 mode 0
Event: 4.677 Thread 0x000001b1528881e0 Uncommon trap: trap_request=0xffffffde fr.pc=0x000001b13d2ffbd4 relative=0x0000000000001ab4
Event: 4.677 Thread 0x000001b1528881e0 Uncommon trap: reason=class_check action=maybe_recompile pc=0x000001b13d2ffbd4 method=java.util.HashMap.putVal(ILjava/lang/Object;Ljava/lang/Object;ZZ)Ljava/lang/Object; @ 203 c2
Event: 4.677 Thread 0x000001b1528881e0 DEOPT PACKING pc=0x000001b13d2ffbd4 sp=0x000000655b8f9b00
Event: 4.677 Thread 0x000001b1528881e0 DEOPT UNPACKING pc=0x000001b1358323a3 sp=0x000000655b8f99c8 mode 2
Event: 4.694 Thread 0x000001b15298a210 DEOPT PACKING pc=0x000001b1364bbe7e sp=0x000000655c6fe7b0
Event: 4.694 Thread 0x000001b15298a210 DEOPT UNPACKING pc=0x000001b135832b43 sp=0x000000655c6fdd10 mode 0
Event: 4.698 Thread 0x000001b152cf4250 DEOPT PACKING pc=0x000001b1364bbe7e sp=0x000000655c9fea60
Event: 4.698 Thread 0x000001b152cf4250 DEOPT UNPACKING pc=0x000001b135832b43 sp=0x000000655c9fdfc0 mode 0
Event: 4.737 Thread 0x000001b1528881e0 DEOPT PACKING pc=0x000001b13662c2d9 sp=0x000000655b8f94c0
Event: 4.737 Thread 0x000001b1528881e0 DEOPT UNPACKING pc=0x000001b135832b43 sp=0x000000655b8f89f8 mode 0
Event: 4.737 Thread 0x000001b1528881e0 DEOPT PACKING pc=0x000001b135df9a56 sp=0x000000655b8f9470
Event: 4.737 Thread 0x000001b1528881e0 DEOPT UNPACKING pc=0x000001b135832b43 sp=0x000000655b8f8958 mode 0
Event: 4.739 Thread 0x000001b1528881e0 DEOPT PACKING pc=0x000001b13662c2d9 sp=0x000000655b8f94c0
Event: 4.739 Thread 0x000001b1528881e0 DEOPT UNPACKING pc=0x000001b135832b43 sp=0x000000655b8f89f8 mode 0
Event: 4.740 Thread 0x000001b1528881e0 DEOPT PACKING pc=0x000001b135df9a56 sp=0x000000655b8f9470
Event: 4.740 Thread 0x000001b1528881e0 DEOPT UNPACKING pc=0x000001b135832b43 sp=0x000000655b8f8958 mode 0

Classes loaded (20 events):
Event: 4.288 Loading class javax/net/ssl/TrustManager
Event: 4.288 Loading class javax/net/ssl/TrustManager done
Event: 4.288 Loading class javax/net/ssl/X509TrustManager
Event: 4.288 Loading class javax/net/ssl/X509TrustManager done
Event: 4.289 Loading class javax/net/ssl/SSLException
Event: 4.289 Loading class javax/net/ssl/SSLException done
Event: 4.289 Loading class javax/net/ssl/SSLPeerUnverifiedException
Event: 4.289 Loading class javax/net/ssl/SSLPeerUnverifiedException done
Event: 4.289 Loading class javax/naming/NamingException
Event: 4.289 Loading class javax/naming/NamingException done
Event: 4.289 Loading class javax/naming/InvalidNameException
Event: 4.289 Loading class javax/naming/InvalidNameException done
Event: 4.289 Loading class java/security/cert/CertificateParsingException
Event: 4.289 Loading class java/security/cert/CertificateException
Event: 4.289 Loading class java/security/cert/CertificateException done
Event: 4.289 Loading class java/security/cert/CertificateParsingException done
Event: 4.336 Loading class java/util/Collections$2
Event: 4.336 Loading class java/util/Collections$2 done
Event: 4.513 Loading class java/util/LinkedList$LLSpliterator
Event: 4.513 Loading class java/util/LinkedList$LLSpliterator done

Classes unloaded (0 events):
No events

Classes redefined (0 events):
No events

Internal exceptions (20 events):
Event: 4.143 Thread 0x000001b1528881e0 Exception <a 'java/lang/NoSuchMethodError'{0x0000000085f0b5a0}: 'java.lang.Object java.lang.invoke.DirectMethodHandle$Holder.invokeSpecial(java.lang.Object, java.lang.Object, java.lang.Object, java.lang.Object, java.lang.Object, java.lang.Object, java.lang.Object, java.lang.Object, java.lang.Object, java.lang.Object, java.lang.Object, java.lang.Object, java.lang.Object, java.lang.Object, java.lang.Object, java.lang.Object, java.lang.Object, java.lang.Object, java.lang.Object, java.lang.Object)'> (0x0000000
Event: 4.143 Thread 0x000001b1528881e0 Exception <a 'java/lang/NoSuchMethodError'{0x0000000085f11a78}: 'java.lang.Object java.lang.invoke.Invokers$Holder.invoker(java.lang.Object, java.lang.Object, java.lang.Object, java.lang.Object, java.lang.Object, java.lang.Object, java.lang.Object, java.lang.Object, java.lang.Object, java.lang.Object, java.lang.Object, java.lang.Object, java.lang.Object, java.lang.Object, java.lang.Object, java.lang.Object, java.lang.Object, java.lang.Object, java.lang.Object, java.lang.Object)'> (0x0000000085f11a78) 
thro
Event: 4.143 Thread 0x000001b1528881e0 Exception <a 'java/lang/NoSuchMethodError'{0x0000000085f18940}: 'java.lang.Object java.lang.invoke.DelegatingMethodHandle$Holder.delegate(java.lang.Object, java.lang.Object, java.lang.Object, java.lang.Object, java.lang.Object, java.lang.Object, java.lang.Object, java.lang.Object, java.lang.Object, java.lang.Object, java.lang.Object, java.lang.Object, java.lang.Object, java.lang.Object, java.lang.Object, java.lang.Object, java.lang.Object, java.lang.Object, java.lang.Object, java.lang.Object)'> (0x00000000
Event: 4.240 Thread 0x000001b1528881e0 Exception <a 'java/lang/ClassNotFoundException'{0x000000008590ec50}: build_aumft0aipb45clacliag1tp2gBeanInfo> (0x000000008590ec50) 
thrown [s\open\src\hotspot\share\classfile\systemDictionary.cpp, line 255]
Event: 4.241 Thread 0x000001b1528881e0 Exception <a 'java/lang/ClassNotFoundException'{0x00000000859179b0}: org/gradle/api/internal/project/ProjectScriptBeanInfo> (0x00000000859179b0) 
thrown [s\open\src\hotspot\share\classfile\systemDictionary.cpp, line 255]
Event: 4.241 Thread 0x000001b1528881e0 Exception <a 'java/lang/ClassNotFoundException'{0x0000000085920760}: org/gradle/api/internal/project/ProjectScriptCustomizer> (0x0000000085920760) 
thrown [s\open\src\hotspot\share\classfile\systemDictionary.cpp, line 255]
Event: 4.242 Thread 0x000001b1528881e0 Exception <a 'java/lang/ClassNotFoundException'{0x0000000085937760}: build_aumft0aipb45clacliag1tp2gCustomizer> (0x0000000085937760) 
thrown [s\open\src\hotspot\share\classfile\systemDictionary.cpp, line 255]
Event: 4.246 Thread 0x000001b1528881e0 Exception <a 'java/lang/NoSuchMethodError'{0x000000008595aa98}: 'java.lang.Object java.lang.invoke.DirectMethodHandle$Holder.invokeVirtual(java.lang.Object, java.lang.Object, java.lang.Object, java.lang.Object, java.lang.Object, java.lang.Object, java.lang.Object, java.lang.Object, java.lang.Object, java.lang.Object, java.lang.Object, java.lang.Object, java.lang.Object, java.lang.Object, java.lang.Object, java.lang.Object)'> (0x000000008595aa98) 
thrown [s\open\src\hotspot\share\interpreter\linkResolver.cp
Event: 4.247 Thread 0x000001b1528881e0 Exception <a 'java/lang/NoSuchMethodError'{0x0000000085960a10}: 'java.lang.Object java.lang.invoke.DirectMethodHandle$Holder.invokeSpecial(java.lang.Object, java.lang.Object, java.lang.Object, java.lang.Object, java.lang.Object, java.lang.Object, java.lang.Object, java.lang.Object, java.lang.Object, java.lang.Object, java.lang.Object, java.lang.Object, java.lang.Object, java.lang.Object, java.lang.Object, java.lang.Object, java.lang.Object)'> (0x0000000085960a10) 
thrown [s\open\src\hotspot\share\interpret
Event: 4.257 Thread 0x000001b1528881e0 Exception <a 'java/lang/ClassNotFoundException'{0x000000008581e098}: org/gradle/plugin/use/internal/PluginRequestCollector$PluginDependenciesSpecImplBeanInfo> (0x000000008581e098) 
thrown [s\open\src\hotspot\share\classfile\systemDictionary.cpp, line 255]
Event: 4.258 Thread 0x000001b1528881e0 Exception <a 'java/lang/ClassNotFoundException'{0x000000008582c688}: org/gradle/plugin/use/internal/PluginRequestCollector$PluginDependenciesSpecImplCustomizer> (0x000000008582c688) 
thrown [s\open\src\hotspot\share\classfile\systemDictionary.cpp, line 255]
Event: 4.259 Thread 0x000001b1528881e0 Exception <a 'java/lang/NoSuchMethodError'{0x000000008583afa0}: 'java.lang.Object java.lang.invoke.DirectMethodHandle$Holder.invokeVirtual(java.lang.Object, java.lang.Object, java.lang.Object, int)'> (0x000000008583afa0) 
thrown [s\open\src\hotspot\share\interpreter\linkResolver.cpp, line 766]
Event: 4.262 Thread 0x000001b1528881e0 Exception <a 'java/lang/ClassNotFoundException'{0x00000000858713e8}: org/gradle/plugin/use/internal/PluginRequestCollector$PluginDependencySpecImplBeanInfo> (0x00000000858713e8) 
thrown [s\open\src\hotspot\share\classfile\systemDictionary.cpp, line 255]
Event: 4.263 Thread 0x000001b1528881e0 Exception <a 'java/lang/ClassNotFoundException'{0x000000008587f988}: org/gradle/plugin/use/internal/PluginRequestCollector$PluginDependencySpecImplCustomizer> (0x000000008587f988) 
thrown [s\open\src\hotspot\share\classfile\systemDictionary.cpp, line 255]
Event: 4.350 Thread 0x000001b1528881e0 Exception <a 'java/lang/NoSuchMethodError'{0x00000000850bae70}: 'void java.lang.invoke.DirectMethodHandle$Holder.invokeStatic(java.lang.Object, java.lang.Object, java.lang.Object, int, java.lang.Object)'> (0x00000000850bae70) 
thrown [s\open\src\hotspot\share\interpreter\linkResolver.cpp, line 766]
Event: 4.482 Thread 0x000001b1528881e0 Exception <a 'java/lang/NoSuchMethodError'{0x0000000086fb0908}: 'void java.lang.invoke.DirectMethodHandle$Holder.invokeStatic(java.lang.Object, java.lang.Object, java.lang.Object, java.lang.Object, java.lang.Object, java.lang.Object)'> (0x0000000086fb0908) 
thrown [s\open\src\hotspot\share\interpreter\linkResolver.cpp, line 766]
Event: 4.561 Thread 0x000001b152cfac30 Implicit null exception at 0x000001b13d4d35ef to 0x000001b13d4d384c
Event: 4.747 Thread 0x000001b1528881e0 Exception <a 'java/lang/ClassNotFoundException'{0x0000000085859d00}: build_aumft0aipb45clacliag1tp2gBeanInfo> (0x0000000085859d00) 
thrown [s\open\src\hotspot\share\classfile\systemDictionary.cpp, line 255]
Event: 4.747 Thread 0x000001b1528881e0 Exception <a 'java/lang/ClassNotFoundException'{0x000000008585ff58}: build_aumft0aipb45clacliag1tp2gCustomizer> (0x000000008585ff58) 
thrown [s\open\src\hotspot\share\classfile\systemDictionary.cpp, line 255]
Event: 4.749 Thread 0x000001b1528881e0 Exception <a 'java/lang/NoSuchMethodError'{0x0000000085883200}: 'java.lang.Object java.lang.invoke.DirectMethodHandle$Holder.invokeInterface(java.lang.Object, java.lang.Object, java.lang.Object, java.lang.Object, java.lang.Object)'> (0x0000000085883200) 
thrown [s\open\src\hotspot\share\interpreter\linkResolver.cpp, line 766]

VM Operations (20 events):
Event: 3.890 Executing VM operation: G1CollectForAllocation done
Event: 4.009 Executing VM operation: HandshakeAllThreads
Event: 4.009 Executing VM operation: HandshakeAllThreads done
Event: 4.159 Executing VM operation: HandshakeAllThreads
Event: 4.159 Executing VM operation: HandshakeAllThreads done
Event: 4.172 Executing VM operation: HandshakeAllThreads
Event: 4.172 Executing VM operation: HandshakeAllThreads done
Event: 4.182 Executing VM operation: HandshakeAllThreads
Event: 4.182 Executing VM operation: HandshakeAllThreads done
Event: 4.266 Executing VM operation: ICBufferFull
Event: 4.266 Executing VM operation: ICBufferFull done
Event: 4.387 Executing VM operation: G1CollectForAllocation
Event: 4.393 Executing VM operation: G1CollectForAllocation done
Event: 4.479 Executing VM operation: HandshakeAllThreads
Event: 4.479 Executing VM operation: HandshakeAllThreads done
Event: 4.514 Executing VM operation: ICBufferFull
Event: 4.514 Executing VM operation: ICBufferFull done
Event: 4.694 Executing VM operation: ICBufferFull
Event: 4.694 Executing VM operation: ICBufferFull done
Event: 4.764 Executing VM operation: G1TryInitiateConcMark

Events (20 events):
Event: 4.560 Thread 0x000001b156feae40 Thread added: 0x000001b156feae40
Event: 4.561 Thread 0x000001b156fe6140 Thread added: 0x000001b156fe6140
Event: 4.561 Thread 0x000001b156feb310 Thread added: 0x000001b156feb310
Event: 4.561 Thread 0x000001b156fea970 Thread added: 0x000001b156fea970
Event: 4.561 Thread 0x000001b156feb7e0 Thread added: 0x000001b156feb7e0
Event: 4.561 Thread 0x000001b156fe9160 Thread added: 0x000001b156fe9160
Event: 4.561 Thread 0x000001b156fe7e20 Thread added: 0x000001b156fe7e20
Event: 4.561 Thread 0x000001b156fec180 Thread added: 0x000001b156fec180
Event: 4.562 Thread 0x000001b156fe9fd0 Thread added: 0x000001b156fe9fd0
Event: 4.562 Thread 0x000001b156fea4a0 Thread added: 0x000001b156fea4a0
Event: 4.562 Thread 0x000001b156fe5c70 Thread added: 0x000001b156fe5c70
Event: 4.562 Thread 0x000001b156fe57a0 Thread added: 0x000001b156fe57a0
Event: 4.562 Thread 0x000001b156fe9b00 Thread added: 0x000001b156fe9b00
Event: 4.562 Thread 0x000001b156fe6fb0 Thread added: 0x000001b156fe6fb0
Event: 4.562 Thread 0x000001b156fe8c90 Thread added: 0x000001b156fe8c90
Event: 4.563 Thread 0x000001b156fe9630 Thread added: 0x000001b156fe9630
Event: 4.563 Thread 0x000001b156fe7480 Thread added: 0x000001b156fe7480
Event: 4.563 Thread 0x000001b156febcb0 Thread added: 0x000001b156febcb0
Event: 4.563 Thread 0x000001b156fe6610 Thread added: 0x000001b156fe6610
Event: 4.563 Thread 0x000001b156fec650 Thread added: 0x000001b156fec650


Dynamic libraries:
0x00007ff6de1f0000 - 0x00007ff6de200000 	C:\Program Files\Java\jdk-18.0.1.1\bin\java.exe
0x00007ff9074c0000 - 0x00007ff9076c9000 	C:\WINDOWS\SYSTEM32\ntdll.dll
0x00007ff9058e0000 - 0x00007ff90599d000 	C:\WINDOWS\System32\KERNEL32.DLL
0x00007ff904c60000 - 0x00007ff904fd9000 	C:\WINDOWS\System32\KERNELBASE.dll
0x00007ff904b40000 - 0x00007ff904c51000 	C:\WINDOWS\System32\ucrtbase.dll
0x00007ff8e00f0000 - 0x00007ff8e0108000 	C:\Program Files\Java\jdk-18.0.1.1\bin\jli.dll
0x00007ff8e0110000 - 0x00007ff8e012a000 	C:\Program Files\Java\jdk-18.0.1.1\bin\VCRUNTIME140.dll
0x00007ff9059a0000 - 0x00007ff905a4e000 	C:\WINDOWS\System32\ADVAPI32.dll
0x00007ff905a50000 - 0x00007ff905af3000 	C:\WINDOWS\System32\msvcrt.dll
0x00007ff9069b0000 - 0x00007ff906a4e000 	C:\WINDOWS\System32\sechost.dll
0x00007ff905bf0000 - 0x00007ff905d10000 	C:\WINDOWS\System32\RPCRT4.dll
0x00007ff9070a0000 - 0x00007ff90724c000 	C:\WINDOWS\System32\USER32.dll
0x00007ff9049a0000 - 0x00007ff9049c6000 	C:\WINDOWS\System32\win32u.dll
0x00007ff8dc600000 - 0x00007ff8dc8a5000 	C:\WINDOWS\WinSxS\amd64_microsoft.windows.common-controls_6595b64144ccf1df_6.0.22000.120_none_9d947278b86cc467\COMCTL32.dll
0x00007ff907340000 - 0x00007ff907369000 	C:\WINDOWS\System32\GDI32.dll
0x00007ff9051b0000 - 0x00007ff9052c2000 	C:\WINDOWS\System32\gdi32full.dll
0x00007ff905050000 - 0x00007ff9050ed000 	C:\WINDOWS\System32\msvcp_win.dll
0x00007ff8ff2c0000 - 0x00007ff8ff2ca000 	C:\WINDOWS\SYSTEM32\VERSION.dll
0x00007ff907370000 - 0x00007ff9073a1000 	C:\WINDOWS\System32\IMM32.DLL
0x00007ff900ea0000 - 0x00007ff900eac000 	C:\Program Files\Java\jdk-18.0.1.1\bin\vcruntime140_1.dll
0x00007ff8ce880000 - 0x00007ff8ce90d000 	C:\Program Files\Java\jdk-18.0.1.1\bin\msvcp140.dll
0x00007ff887c10000 - 0x00007ff888820000 	C:\Program Files\Java\jdk-18.0.1.1\bin\server\jvm.dll
0x00007ff907330000 - 0x00007ff907338000 	C:\WINDOWS\System32\PSAPI.DLL
0x00007ff8ff360000 - 0x00007ff8ff393000 	C:\WINDOWS\SYSTEM32\WINMM.dll
0x00007ff8bec00000 - 0x00007ff8bec09000 	C:\WINDOWS\SYSTEM32\WSOCK32.dll
0x00007ff906a50000 - 0x00007ff906abf000 	C:\WINDOWS\System32\WS2_32.dll
0x00007ff903b90000 - 0x00007ff903ba8000 	C:\WINDOWS\SYSTEM32\kernel.appcore.dll
0x00007ff900e10000 - 0x00007ff900e1a000 	C:\Program Files\Java\jdk-18.0.1.1\bin\jimage.dll
0x00007ff9024f0000 - 0x00007ff902711000 	C:\WINDOWS\SYSTEM32\DBGHELP.DLL
0x00007ff8fa780000 - 0x00007ff8fa7b1000 	C:\WINDOWS\SYSTEM32\dbgcore.DLL
0x00007ff9052d0000 - 0x00007ff90534f000 	C:\WINDOWS\System32\bcryptPrimitives.dll
0x00007ff8e0050000 - 0x00007ff8e0075000 	C:\Program Files\Java\jdk-18.0.1.1\bin\java.dll
0x00007ff8b8bb0000 - 0x00007ff8b8c86000 	C:\Program Files\Java\jdk-18.0.1.1\bin\jsvml.dll
0x00007ff905ed0000 - 0x00007ff906688000 	C:\WINDOWS\System32\SHELL32.dll
0x00007ff902b20000 - 0x00007ff903388000 	C:\WINDOWS\SYSTEM32\windows.storage.dll
0x00007ff905560000 - 0x00007ff9058d9000 	C:\WINDOWS\System32\combase.dll
0x00007ff9029b0000 - 0x00007ff902b16000 	C:\WINDOWS\SYSTEM32\wintypes.dll
0x00007ff9068c0000 - 0x00007ff9069aa000 	C:\WINDOWS\System32\SHCORE.dll
0x00007ff905490000 - 0x00007ff9054ed000 	C:\WINDOWS\System32\shlwapi.dll
0x00007ff9048d0000 - 0x00007ff9048f1000 	C:\WINDOWS\SYSTEM32\profapi.dll
0x00007ff8e0090000 - 0x00007ff8e00a3000 	C:\Program Files\Java\jdk-18.0.1.1\bin\net.dll
0x00007ff8ff160000 - 0x00007ff8ff26c000 	C:\WINDOWS\SYSTEM32\WINHTTP.dll
0x00007ff903fc0000 - 0x00007ff904027000 	C:\WINDOWS\system32\mswsock.dll
0x00007ff8e0030000 - 0x00007ff8e0046000 	C:\Program Files\Java\jdk-18.0.1.1\bin\nio.dll
0x00007ff8dc030000 - 0x00007ff8dc048000 	C:\Program Files\Java\jdk-18.0.1.1\bin\zip.dll
0x00007ff900e20000 - 0x00007ff900e30000 	C:\Program Files\Java\jdk-18.0.1.1\bin\verify.dll
0x00007ff8ce790000 - 0x00007ff8ce7b7000 	C:\Program Files\Java\jre1.8.0_333\native\e1d6ef7f7dcc3fd88c89a11ec53ec762bb8ba0a96d01ffa2cd45eb1d1d8dd5c5\windows-amd64\native-platform.dll
0x00007ff8b7d10000 - 0x00007ff8b7e54000 	C:\Program Files\Java\jre1.8.0_333\native\5664cfc778a61ccfe75a443a1ab52a65af34e5dc3c78e0209fed803814484fcb\windows-amd64\native-platform-file-events.dll
0x00007ff900e40000 - 0x00007ff900e49000 	C:\Program Files\Java\jdk-18.0.1.1\bin\management.dll
0x00007ff900e30000 - 0x00007ff900e3b000 	C:\Program Files\Java\jdk-18.0.1.1\bin\management_ext.dll
0x00007ff904200000 - 0x00007ff904218000 	C:\WINDOWS\SYSTEM32\CRYPTSP.dll
0x00007ff903af0000 - 0x00007ff903b25000 	C:\WINDOWS\system32\rsaenh.dll
0x00007ff9040b0000 - 0x00007ff9040d9000 	C:\WINDOWS\SYSTEM32\USERENV.dll
0x00007ff904380000 - 0x00007ff9043a7000 	C:\WINDOWS\SYSTEM32\bcrypt.dll
0x00007ff904220000 - 0x00007ff90422c000 	C:\WINDOWS\SYSTEM32\CRYPTBASE.dll
0x00007ff9036c0000 - 0x00007ff9036ed000 	C:\WINDOWS\SYSTEM32\IPHLPAPI.DLL
0x00007ff906710000 - 0x00007ff906719000 	C:\WINDOWS\System32\NSI.dll
0x00007ff8ff2e0000 - 0x00007ff8ff2f9000 	C:\WINDOWS\SYSTEM32\dhcpcsvc6.DLL
0x00007ff8ff4a0000 - 0x00007ff8ff4be000 	C:\WINDOWS\SYSTEM32\dhcpcsvc.DLL
0x00007ff9036f0000 - 0x00007ff9037d8000 	C:\WINDOWS\SYSTEM32\DNSAPI.dll

dbghelp: loaded successfully - version: 4.0.5 - missing functions: none
symbol engine: initialized successfully - sym options: 0x614 - pdb path: .;C:\Program Files\Java\jdk-18.0.1.1\bin;C:\WINDOWS\SYSTEM32;C:\WINDOWS\WinSxS\amd64_microsoft.windows.common-controls_6595b64144ccf1df_6.0.22000.120_none_9d947278b86cc467;C:\Program Files\Java\jdk-18.0.1.1\bin\server;C:\Program Files\Java\jre1.8.0_333\native\e1d6ef7f7dcc3fd88c89a11ec53ec762bb8ba0a96d01ffa2cd45eb1d1d8dd5c5\windows-amd64;C:\Program Files\Java\jre1.8.0_333\native\5664cfc778a61ccfe75a443a1ab52a65af34e5dc3c78e0209fed803814484fcb\windows-amd64

VM Arguments:
jvm_args: --add-opens=java.base/java.util=ALL-UNNAMED --add-opens=java.base/java.lang=ALL-UNNAMED --add-opens=java.base/java.lang.invoke=ALL-UNNAMED --add-opens=java.base/java.util=ALL-UNNAMED --add-opens=java.prefs/java.util.prefs=ALL-UNNAMED --add-opens=java.prefs/java.util.prefs=ALL-UNNAMED --add-opens=java.base/java.nio.charset=ALL-UNNAMED --add-opens=java.base/java.net=ALL-UNNAMED --add-opens=java.base/java.util.concurrent.atomic=ALL-UNNAMED -Xmx2048m -Dfile.encoding=UTF-8 -Duser.country=US -Duser.language=en -Duser.variant 
java_command: org.gradle.launcher.daemon.bootstrap.GradleDaemon 7.3.3
java_class_path (initial): C:\Program Files\Java\jre1.8.0_333\wrapper\dists\gradle-7.3.3-bin\6a41zxkdtcxs8rphpq6y0069z\gradle-7.3.3\lib\gradle-launcher-7.3.3.jar
Launcher Type: SUN_STANDARD

[Global flags]
     intx CICompilerCount                          = 4                                         {product} {ergonomic}
     uint ConcGCThreads                            = 2                                         {product} {ergonomic}
     uint G1ConcRefinementThreads                  = 8                                         {product} {ergonomic}
   size_t G1HeapRegionSize                         = 1048576                                   {product} {ergonomic}
    uintx GCDrainStackTargetSize                   = 64                                        {product} {ergonomic}
   size_t InitialHeapSize                          = 132120576                                 {product} {ergonomic}
   size_t MarkStackSize                            = 4194304                                   {product} {ergonomic}
   size_t MaxHeapSize                              = 2147483648                                {product} {command line}
   size_t MaxNewSize                               = 1287651328                                {product} {ergonomic}
   size_t MinHeapDeltaBytes                        = 1048576                                   {product} {ergonomic}
   size_t MinHeapSize                              = 8388608                                   {product} {ergonomic}
    uintx NonNMethodCodeHeapSize                   = 5839372                                {pd product} {ergonomic}
    uintx NonProfiledCodeHeapSize                  = 122909434                              {pd product} {ergonomic}
    uintx ProfiledCodeHeapSize                     = 122909434                              {pd product} {ergonomic}
    uintx ReservedCodeCacheSize                    = 251658240                              {pd product} {ergonomic}
     bool SegmentedCodeCache                       = true                                      {product} {ergonomic}
   size_t SoftMaxHeapSize                          = 2147483648                             {manageable} {ergonomic}
     bool UseCompressedClassPointers               = true                           {product lp64_product} {ergonomic}
     bool UseCompressedOops                        = true                           {product lp64_product} {ergonomic}
     bool UseG1GC                                  = true                                      {product} {ergonomic}
     bool UseLargePagesIndividualAllocation        = false                                  {pd product} {ergonomic}

Logging:
Log output configuration:
 #0: stdout all=warning uptime,level,tags foldmultilines=false
 #1: stderr all=off uptime,level,tags foldmultilines=false

Environment Variables:
JAVA_HOME=C:\Program Files\Java\jdk-18.0.1.1
PATH=C:\Program Files\Common Files\Oracle\Java\javapath;C:\Windows\system32;C:\Windows;C:\Windows\System32\Wbem;C:\Windows\System32\WindowsPowerShell\v1.0\;C:\Windows\System32\OpenSSH\;C:\Program Files (x86)\NVIDIA Corporation\PhysX\Common;C:\Program Files\NVIDIA Corporation\NVIDIA NvDLISR;F:\Git\cmd;C:\WINDOWS\system32;C:\WINDOWS;C:\WINDOWS\System32\Wbem;C:\WINDOWS\System32\WindowsPowerShell\v1.0\;C:\WINDOWS\System32\OpenSSH\;C:\Program Files\Java\jdk-18.0.1.1\bin;C:\Program Files\Java\jdk-18.0.1.1\bin;D:\flutter\bin;C:\Program Files\JetBrains\IntelliJ IDEA Community Edition 2021.3.2\bin;;C:\Users\NoteBook TANDIS\AppData\Local\Microsoft\WindowsApps;dart-sdk;;C:\Users\NoteBook TANDIS\AppData\Local\Programs\Microsoft VS Code\bin
USERNAME=NoteBook TANDIS
OS=Windows_NT
PROCESSOR_IDENTIFIER=Intel64 Family 6 Model 165 Stepping 2, GenuineIntel



---------------  S Y S T E M  ---------------

OS:
 Windows 11 , 64 bit Build 22000 (10.0.22000.708)
OS uptime: 0 days 1:52 hours

CPU: total 8 (initial active 8) (4 cores per cpu, 2 threads per core) family 6 model 165 stepping 2 microcode 0xea, cx8, cmov, fxsr, ht, mmx, 3dnowpref, sse, sse2, sse3, ssse3, sse4.1, sse4.2, popcnt, lzcnt, tsc, tscinvbit, avx, avx2, aes, erms, clmul, bmi1, bmi2, adx, fma, vzeroupper, clflush, clflushopt

Memory: 4k page, system-wide physical 8023M (518M free)
TotalPageFile size 11023M (AvailPageFile size 98M)
current process WorkingSet (physical memory assigned to process): 310M, peak: 310M
current process commit charge ("private bytes"): 362M, peak: 470M

vm_info: Java HotSpot(TM) 64-Bit Server VM (18.0.1.1+2-6) for windows-amd64 JRE (18.0.1.1+2-6), built on Apr 25 2022 21:53:15 by "mach5one" with MS VC++ 16.8 / 16.9 (VS2019)

END.
