#
# There is insufficient memory for the Java Runtime Environment to continue.
# Native memory allocation (mmap) failed to map 176160768 bytes for G1 virtual space
# Possible reasons:
#   The system is out of physical RAM or swap space
#   The process is running with CompressedOops enabled, and the Java Heap may be blocking the growth of the native heap
# Possible solutions:
#   Reduce memory load on the system
#   Increase physical memory or swap space
#   Check if swap backing store is full
#   Decrease Java heap size (-Xmx/-Xms)
#   Decrease number of Java threads
#   Decrease Java thread stack sizes (-Xss)
#   Set larger code cache with -XX:ReservedCodeCacheSize=
#   JVM is running with Unscaled Compressed Oops mode in which the Java heap is
#     placed in the first 4GB address space. The Java Heap base address is the
#     maximum limit for the native heap growth. Please use -XX:HeapBaseMinAddress
#     to set the Java Heap base and to place the Java Heap above 4GB virtual address.
# This output file may be truncated or incomplete.
#
#  Out of Memory Error (os_windows.cpp:3530), pid=4368, tid=3712
#
# JRE version: Java(TM) SE Runtime Environment (18.0.1.1+2) (build 18.0.1.1+2-6)
# Java VM: Java HotSpot(TM) 64-Bit Server VM (18.0.1.1+2-6, mixed mode, sharing, tiered, compressed oops, compressed class ptrs, g1 gc, windows-amd64)
# No core dump will be written. Minidumps are not enabled by default on client versions of Windows
#

---------------  S U M M A R Y ------------

Command Line: --add-opens=java.base/java.util=ALL-UNNAMED --add-opens=java.base/java.lang=ALL-UNNAMED --add-opens=java.base/java.lang.invoke=ALL-UNNAMED --add-opens=java.base/java.util=ALL-UNNAMED --add-opens=java.prefs/java.util.prefs=ALL-UNNAMED --add-opens=java.prefs/java.util.prefs=ALL-UNNAMED --add-opens=java.base/java.nio.charset=ALL-UNNAMED --add-opens=java.base/java.net=ALL-UNNAMED --add-opens=java.base/java.util.concurrent.atomic=ALL-UNNAMED -Xmx2048m -Dfile.encoding=UTF-8 -Duser.country=US -Duser.language=en -Duser.variant org.gradle.launcher.daemon.bootstrap.GradleDaemon 7.3.3

Host: Intel(R) Core(TM) i5-10300H CPU @ 2.50GHz, 8 cores, 7G,  Windows 11 , 64 bit Build 22000 (10.0.22000.708)
Time: Mon Jul 11 12:19:56 2022 Iran Daylight Time elapsed time: 7.863919 seconds (0d 0h 0m 7s)

---------------  T H R E A D  ---------------

Current thread (0x000001a498563360):  VMThread "VM Thread" [stack: 0x0000005457200000,0x0000005457300000] [id=3712]

Stack: [0x0000005457200000,0x0000005457300000]
Native frames: (J=compiled Java code, j=interpreted, Vv=VM code, C=native code)
V  [jvm.dll+0x69887a]
V  [jvm.dll+0x7f38bd]
V  [jvm.dll+0x7f51ce]
V  [jvm.dll+0x7f5883]
V  [jvm.dll+0x25ca3f]
V  [jvm.dll+0x6957c9]
V  [jvm.dll+0x68a2fa]
V  [jvm.dll+0x321efb]
V  [jvm.dll+0x3298d6]
V  [jvm.dll+0x37e47e]
V  [jvm.dll+0x37e6af]
V  [jvm.dll+0x2f9c7a]
V  [jvm.dll+0x2f9d27]
V  [jvm.dll+0x33e262]
V  [jvm.dll+0x33c804]
V  [jvm.dll+0x2f9450]
V  [jvm.dll+0x33bddb]
V  [jvm.dll+0x7fa66b]
V  [jvm.dll+0x7fb404]
V  [jvm.dll+0x7fb93c]
V  [jvm.dll+0x7fbd94]
V  [jvm.dll+0x7fbe57]
V  [jvm.dll+0x7a03ea]
V  [jvm.dll+0x697725]
C  [ucrtbase.dll+0x26c0c]
C  [KERNEL32.DLL+0x154e0]
C  [ntdll.dll+0x485b]

VM_Operation (0x0000005458af97f0): G1CollectForAllocation, mode: safepoint, requested by thread 0x000001a4bd96eb00


---------------  P R O C E S S  ---------------

Threads class SMR info:
_java_thread_list=0x000001a4c2a722d0, length=127, elements={
0x000001a4984e1690, 0x000001a4b86c1ca0, 0x000001a4b86c4650, 0x000001a4b86dc6c0,
0x000001a4b86dcf70, 0x000001a4b86df920, 0x000001a4b86e08d0, 0x000001a4b86eed60,
0x000001a4b86f1280, 0x000001a4b86f2b80, 0x000001a4bc9ac5a0, 0x000001a4bc9ad6d0,
0x000001a4bcaee1a0, 0x000001a4bd67f7e0, 0x000001a4be19cfa0, 0x000001a4be2fe030,
0x000001a4be476650, 0x000001a4be147100, 0x000001a4be5b4370, 0x000001a4bd96eb00,
0x000001a4be603b90, 0x000001a4be604060, 0x000001a4be605870, 0x000001a4be6053a0,
0x000001a4be604ed0, 0x000001a4be604530, 0x000001a4be605d40, 0x000001a4be606210,
0x000001a4be6031f0, 0x000001a4be602850, 0x000001a4be6036c0, 0x000001a4c0340950,
0x000001a4c033fae0, 0x000001a4c0344310, 0x000001a4c0340480, 0x000001a4c0342630,
0x000001a4c0343970, 0x000001a4c033d460, 0x000001a4c0340e20, 0x000001a4c03412f0,
0x000001a4c0341c90, 0x000001a4c0342160, 0x000001a4c10d8760, 0x000001a4c10db780,
0x000001a4c10d95d0, 0x000001a4c10d60e0, 0x000001a4c10dbc50, 0x000001a4c10d4da0,
0x000001a4c10d9aa0, 0x000001a4c10d48d0, 0x000001a4c10d9f70, 0x000001a4c10d7dc0,
0x000001a4c10d5270, 0x000001a4c10da440, 0x000001a4c10db2b0, 0x000001a4c10d6f50,
0x000001a4c10da910, 0x000001a4c10dade0, 0x000001a4c10dc120, 0x000001a4c10d5740,
0x000001a4c10d5c10, 0x000001a4c10d65b0, 0x000001a4c10d6a80, 0x000001a4c10d7420,
0x000001a4c10d78f0, 0x000001a4c10d8290, 0x000001a4c1456d70, 0x000001a4c14563d0,
0x000001a4c145ac00, 0x000001a4c1457be0, 0x000001a4c1454220, 0x000001a4c1453d50,
0x000001a4c14546f0, 0x000001a4c1453880, 0x000001a4c14580b0, 0x000001a4c14568a0,
0x000001a4c1459d90, 0x000001a4c1457710, 0x000001a4c1457240, 0x000001a4c1458580,
0x000001a4c1455090, 0x000001a4c145a260, 0x000001a4c1455560, 0x000001a4c145a730,
0x000001a4c14533b0, 0x000001a4c1458a50, 0x000001a4c1458f20, 0x000001a4c1454bc0,
0x000001a4c14593f0, 0x000001a4c1455a30, 0x000001a4c14598c0, 0x000001a4c1455f00,
0x000001a4c16b6bc0, 0x000001a4c16b7090, 0x000001a4c16b83d0, 0x000001a4c16b6220,
0x000001a4c16bb8c0, 0x000001a4c16bbd90, 0x000001a4c16b7f00, 0x000001a4c16ba580,
0x000001a4c16b53b0, 0x000001a4c16b5d50, 0x000001a4c16b7560, 0x000001a4c16b5880,
0x000001a4c16b66f0, 0x000001a4c16b9be0, 0x000001a4c16baa50, 0x000001a4c16b88a0,
0x000001a4c16b8d70, 0x000001a4c16b9240, 0x000001a4c16b7a30, 0x000001a4c16b9710,
0x000001a4c16ba0b0, 0x000001a4c16baf20, 0x000001a4c16bb3f0, 0x000001a4c16bc260,
0x000001a4c16bc730, 0x000001a4c16b4ee0, 0x000001a4c18f70a0, 0x000001a4c18f6700,
0x000001a4c18f7570, 0x000001a4c18f8d80, 0x000001a4c18f83e0, 0x000001a4c18f9250,
0x000001a4c18f9720, 0x000001a4beb708a0, 0x000001a4beb6f090
}

Java Threads: ( => current thread )
  0x000001a4984e1690 JavaThread "main" [_thread_blocked, id=10360, stack(0x0000005456c00000,0x0000005456d00000)]
  0x000001a4b86c1ca0 JavaThread "Reference Handler" daemon [_thread_blocked, id=4484, stack(0x0000005457300000,0x0000005457400000)]
  0x000001a4b86c4650 JavaThread "Finalizer" daemon [_thread_blocked, id=2292, stack(0x0000005457400000,0x0000005457500000)]
  0x000001a4b86dc6c0 JavaThread "Signal Dispatcher" daemon [_thread_blocked, id=17136, stack(0x0000005457500000,0x0000005457600000)]
  0x000001a4b86dcf70 JavaThread "Attach Listener" daemon [_thread_blocked, id=10804, stack(0x0000005457600000,0x0000005457700000)]
  0x000001a4b86df920 JavaThread "Service Thread" daemon [_thread_blocked, id=16784, stack(0x0000005457700000,0x0000005457800000)]
  0x000001a4b86e08d0 JavaThread "Monitor Deflation Thread" daemon [_thread_blocked, id=12620, stack(0x0000005457800000,0x0000005457900000)]
  0x000001a4b86eed60 JavaThread "C2 CompilerThread0" daemon [_thread_in_native, id=11020, stack(0x0000005457900000,0x0000005457a00000)]
  0x000001a4b86f1280 JavaThread "C1 CompilerThread0" daemon [_thread_blocked, id=12536, stack(0x0000005457a00000,0x0000005457b00000)]
  0x000001a4b86f2b80 JavaThread "Sweeper thread" daemon [_thread_blocked, id=1960, stack(0x0000005457b00000,0x0000005457c00000)]
  0x000001a4bc9ac5a0 JavaThread "Common-Cleaner" daemon [_thread_blocked, id=16036, stack(0x0000005457c00000,0x0000005457d00000)]
  0x000001a4bc9ad6d0 JavaThread "Notification Thread" daemon [_thread_blocked, id=1796, stack(0x0000005457d00000,0x0000005457e00000)]
  0x000001a4bcaee1a0 JavaThread "C2 CompilerThread1" daemon [_thread_blocked, id=9924, stack(0x0000005457f00000,0x0000005458000000)]
  0x000001a4bd67f7e0 JavaThread "Daemon health stats" [_thread_blocked, id=456, stack(0x0000005458400000,0x0000005458500000)]
  0x000001a4be19cfa0 JavaThread "Incoming local TCP Connector on port 59926" [_thread_in_native, id=6968, stack(0x0000005458500000,0x0000005458600000)]
  0x000001a4be2fe030 JavaThread "Daemon periodic checks" [_thread_blocked, id=4752, stack(0x0000005458600000,0x0000005458700000)]
  0x000001a4be476650 JavaThread "Daemon" [_thread_blocked, id=12680, stack(0x0000005458700000,0x0000005458800000)]
  0x000001a4be147100 JavaThread "Handler for socket connection from /127.0.0.1:59926 to /127.0.0.1:59927" [_thread_in_native, id=8584, stack(0x0000005458800000,0x0000005458900000)]
  0x000001a4be5b4370 JavaThread "Cancel handler" [_thread_blocked, id=11624, stack(0x0000005458900000,0x0000005458a00000)]
  0x000001a4bd96eb00 JavaThread "Daemon worker" [_thread_blocked, id=4480, stack(0x0000005458a00000,0x0000005458b00000)]
  0x000001a4be603b90 JavaThread "Asynchronous log dispatcher for DefaultDaemonConnection: socket connection from /127.0.0.1:59926 to /127.0.0.1:59927" [_thread_blocked, id=9304, stack(0x0000005458b00000,0x0000005458c00000)]
  0x000001a4be604060 JavaThread "Stdin handler" [_thread_blocked, id=4592, stack(0x0000005458c00000,0x0000005458d00000)]
  0x000001a4be605870 JavaThread "Daemon client event forwarder" [_thread_blocked, id=15564, stack(0x0000005458d00000,0x0000005458e00000)]
  0x000001a4be6053a0 JavaThread "Cache worker for journal cache (C:\Program Files\Java\jre1.8.0_333\caches\journal-1)" [_thread_blocked, id=15264, stack(0x0000005458e00000,0x0000005458f00000)]
  0x000001a4be604ed0 JavaThread "File lock request listener" [_thread_in_native, id=14220, stack(0x0000005458f00000,0x0000005459000000)]
  0x000001a4be604530 JavaThread "Cache worker for file hash cache (C:\Program Files\Java\jre1.8.0_333\caches\7.3.3\fileHashes)" [_thread_blocked, id=13232, stack(0x0000005459000000,0x0000005459100000)]
  0x000001a4be605d40 JavaThread "Cache worker for file hash cache (D:\BatteryManager\.gradle\7.3.3\fileHashes)" [_thread_blocked, id=1756, stack(0x0000005459100000,0x0000005459200000)]
  0x000001a4be606210 JavaThread "File watcher server" daemon [_thread_in_native, id=16720, stack(0x0000005459500000,0x0000005459600000)]
  0x000001a4be6031f0 JavaThread "File watcher consumer" daemon [_thread_blocked, id=14440, stack(0x0000005459600000,0x0000005459700000)]
  0x000001a4be602850 JavaThread "jar transforms" [_thread_blocked, id=14312, stack(0x0000005459700000,0x0000005459800000)]
  0x000001a4be6036c0 JavaThread "jar transforms Thread 2" [_thread_blocked, id=5824, stack(0x0000005459800000,0x0000005459900000)]
  0x000001a4c0340950 JavaThread "jar transforms Thread 3" [_thread_blocked, id=17028, stack(0x0000005459900000,0x0000005459a00000)]
  0x000001a4c033fae0 JavaThread "jar transforms Thread 4" [_thread_blocked, id=16640, stack(0x0000005459a00000,0x0000005459b00000)]
  0x000001a4c0344310 JavaThread "jar transforms Thread 5" [_thread_blocked, id=10316, stack(0x0000005459b00000,0x0000005459c00000)]
  0x000001a4c0340480 JavaThread "jar transforms Thread 6" [_thread_blocked, id=14576, stack(0x0000005459c00000,0x0000005459d00000)]
  0x000001a4c0342630 JavaThread "jar transforms Thread 7" [_thread_blocked, id=8060, stack(0x0000005459d00000,0x0000005459e00000)]
  0x000001a4c0343970 JavaThread "jar transforms Thread 8" [_thread_blocked, id=14156, stack(0x0000005459e00000,0x0000005459f00000)]
  0x000001a4c033d460 JavaThread "Cache worker for checksums cache (D:\BatteryManager\.gradle\7.3.3\checksums)" [_thread_blocked, id=15380, stack(0x000000545a000000,0x000000545a100000)]
  0x000001a4c0340e20 JavaThread "Cache worker for cache directory md-supplier (C:\Program Files\Java\jre1.8.0_333\caches\7.3.3\md-supplier)" [_thread_blocked, id=9492, stack(0x000000545a100000,0x000000545a200000)]
  0x000001a4c03412f0 JavaThread "Cache worker for cache directory md-rule (C:\Program Files\Java\jre1.8.0_333\caches\7.3.3\md-rule)" [_thread_blocked, id=7828, stack(0x000000545a200000,0x000000545a300000)]
  0x000001a4c0341c90 JavaThread "Cache worker for execution history cache (C:\Program Files\Java\jre1.8.0_333\caches\7.3.3\executionHistory)" [_thread_blocked, id=14324, stack(0x000000545a300000,0x000000545a400000)]
  0x000001a4c0342160 JavaThread "Cache worker for file content cache (C:\Program Files\Java\jre1.8.0_333\caches\7.3.3\fileContent)" [_thread_blocked, id=13328, stack(0x000000545a400000,0x000000545a500000)]
  0x000001a4c10d8760 JavaThread "Cache worker for dependencies-accessors (D:\BatteryManager\.gradle\7.3.3\dependencies-accessors)" [_thread_blocked, id=13108, stack(0x000000545a500000,0x000000545a600000)]
  0x000001a4c10db780 JavaThread "Cache worker for Build Output Cleanup Cache (D:\BatteryManager\.gradle\buildOutputCleanup)" [_thread_blocked, id=4220, stack(0x000000545a600000,0x000000545a700000)]
  0x000001a4c10d95d0 JavaThread "Unconstrained build operations" [_thread_blocked, id=584, stack(0x000000545a700000,0x000000545a800000)]
  0x000001a4c10d60e0 JavaThread "Unconstrained build operations Thread 2" [_thread_blocked, id=6892, stack(0x000000545a800000,0x000000545a900000)]
  0x000001a4c10dbc50 JavaThread "Unconstrained build operations Thread 3" [_thread_blocked, id=17196, stack(0x000000545a900000,0x000000545aa00000)]
  0x000001a4c10d4da0 JavaThread "Unconstrained build operations Thread 4" [_thread_blocked, id=15156, stack(0x000000545aa00000,0x000000545ab00000)]
  0x000001a4c10d9aa0 JavaThread "Unconstrained build operations Thread 5" [_thread_blocked, id=15920, stack(0x000000545ab00000,0x000000545ac00000)]
  0x000001a4c10d48d0 JavaThread "Unconstrained build operations Thread 6" [_thread_blocked, id=4248, stack(0x000000545ac00000,0x000000545ad00000)]
  0x000001a4c10d9f70 JavaThread "Unconstrained build operations Thread 7" [_thread_blocked, id=8376, stack(0x000000545ad00000,0x000000545ae00000)]
  0x000001a4c10d7dc0 JavaThread "Unconstrained build operations Thread 8" [_thread_blocked, id=13268, stack(0x000000545ae00000,0x000000545af00000)]
  0x000001a4c10d5270 JavaThread "Unconstrained build operations Thread 9" [_thread_blocked, id=15756, stack(0x000000545af00000,0x000000545b000000)]
  0x000001a4c10da440 JavaThread "Unconstrained build operations Thread 10" [_thread_blocked, id=15976, stack(0x000000545b000000,0x000000545b100000)]
  0x000001a4c10db2b0 JavaThread "Unconstrained build operations Thread 11" [_thread_blocked, id=3464, stack(0x000000545b100000,0x000000545b200000)]
  0x000001a4c10d6f50 JavaThread "Unconstrained build operations Thread 12" [_thread_blocked, id=2652, stack(0x000000545b200000,0x000000545b300000)]
  0x000001a4c10da910 JavaThread "Unconstrained build operations Thread 13" [_thread_blocked, id=13216, stack(0x000000545b300000,0x000000545b400000)]
  0x000001a4c10dade0 JavaThread "Unconstrained build operations Thread 14" [_thread_blocked, id=2880, stack(0x000000545b400000,0x000000545b500000)]
  0x000001a4c10dc120 JavaThread "Unconstrained build operations Thread 15" [_thread_blocked, id=15592, stack(0x000000545b500000,0x000000545b600000)]
  0x000001a4c10d5740 JavaThread "Unconstrained build operations Thread 16" [_thread_blocked, id=328, stack(0x000000545b600000,0x000000545b700000)]
  0x000001a4c10d5c10 JavaThread "Unconstrained build operations Thread 17" [_thread_blocked, id=12836, stack(0x000000545b700000,0x000000545b800000)]
  0x000001a4c10d65b0 JavaThread "Unconstrained build operations Thread 18" [_thread_blocked, id=2772, stack(0x000000545b800000,0x000000545b900000)]
  0x000001a4c10d6a80 JavaThread "Unconstrained build operations Thread 19" [_thread_blocked, id=10028, stack(0x000000545b900000,0x000000545ba00000)]
  0x000001a4c10d7420 JavaThread "Unconstrained build operations Thread 20" [_thread_blocked, id=10936, stack(0x000000545ba00000,0x000000545bb00000)]
  0x000001a4c10d78f0 JavaThread "Unconstrained build operations Thread 21" [_thread_blocked, id=10456, stack(0x000000545bb00000,0x000000545bc00000)]
  0x000001a4c10d8290 JavaThread "Unconstrained build operations Thread 22" [_thread_blocked, id=10412, stack(0x000000545bc00000,0x000000545bd00000)]
  0x000001a4c1456d70 JavaThread "Unconstrained build operations Thread 23" [_thread_blocked, id=15940, stack(0x000000545bd00000,0x000000545be00000)]
  0x000001a4c14563d0 JavaThread "Unconstrained build operations Thread 24" [_thread_blocked, id=15800, stack(0x000000545be00000,0x000000545bf00000)]
  0x000001a4c145ac00 JavaThread "Unconstrained build operations Thread 25" [_thread_blocked, id=13300, stack(0x000000545bf00000,0x000000545c000000)]
  0x000001a4c1457be0 JavaThread "Unconstrained build operations Thread 26" [_thread_blocked, id=1420, stack(0x000000545c000000,0x000000545c100000)]
  0x000001a4c1454220 JavaThread "Unconstrained build operations Thread 27" [_thread_blocked, id=15952, stack(0x000000545c100000,0x000000545c200000)]
  0x000001a4c1453d50 JavaThread "Unconstrained build operations Thread 28" [_thread_blocked, id=17252, stack(0x000000545c200000,0x000000545c300000)]
  0x000001a4c14546f0 JavaThread "Unconstrained build operations Thread 29" [_thread_blocked, id=10780, stack(0x000000545c300000,0x000000545c400000)]
  0x000001a4c1453880 JavaThread "Unconstrained build operations Thread 30" [_thread_blocked, id=4532, stack(0x000000545c400000,0x000000545c500000)]
  0x000001a4c14580b0 JavaThread "Unconstrained build operations Thread 31" [_thread_blocked, id=3896, stack(0x000000545c500000,0x000000545c600000)]
  0x000001a4c14568a0 JavaThread "Unconstrained build operations Thread 32" [_thread_blocked, id=15820, stack(0x000000545c600000,0x000000545c700000)]
  0x000001a4c1459d90 JavaThread "Unconstrained build operations Thread 33" [_thread_blocked, id=4024, stack(0x000000545c700000,0x000000545c800000)]
  0x000001a4c1457710 JavaThread "Unconstrained build operations Thread 34" [_thread_blocked, id=6868, stack(0x000000545c800000,0x000000545c900000)]
  0x000001a4c1457240 JavaThread "Unconstrained build operations Thread 35" [_thread_blocked, id=3128, stack(0x000000545c900000,0x000000545ca00000)]
  0x000001a4c1458580 JavaThread "Unconstrained build operations Thread 36" [_thread_blocked, id=15240, stack(0x000000545ca00000,0x000000545cb00000)]
  0x000001a4c1455090 JavaThread "Unconstrained build operations Thread 37" [_thread_blocked, id=8660, stack(0x000000545cb00000,0x000000545cc00000)]
  0x000001a4c145a260 JavaThread "Unconstrained build operations Thread 38" [_thread_blocked, id=5404, stack(0x000000545cc00000,0x000000545cd00000)]
  0x000001a4c1455560 JavaThread "Unconstrained build operations Thread 39" [_thread_blocked, id=15788, stack(0x000000545cd00000,0x000000545ce00000)]
  0x000001a4c145a730 JavaThread "Unconstrained build operations Thread 40" [_thread_blocked, id=8200, stack(0x000000545ce00000,0x000000545cf00000)]
  0x000001a4c14533b0 JavaThread "Unconstrained build operations Thread 41" [_thread_blocked, id=12972, stack(0x000000545cf00000,0x000000545d000000)]
  0x000001a4c1458a50 JavaThread "Unconstrained build operations Thread 42" [_thread_blocked, id=13376, stack(0x000000545d000000,0x000000545d100000)]
  0x000001a4c1458f20 JavaThread "Unconstrained build operations Thread 43" [_thread_blocked, id=2096, stack(0x000000545d100000,0x000000545d200000)]
  0x000001a4c1454bc0 JavaThread "Unconstrained build operations Thread 44" [_thread_blocked, id=7988, stack(0x000000545d200000,0x000000545d300000)]
  0x000001a4c14593f0 JavaThread "Unconstrained build operations Thread 45" [_thread_blocked, id=2264, stack(0x000000545d300000,0x000000545d400000)]
  0x000001a4c1455a30 JavaThread "Unconstrained build operations Thread 46" [_thread_blocked, id=10480, stack(0x000000545d400000,0x000000545d500000)]
  0x000001a4c14598c0 JavaThread "Unconstrained build operations Thread 47" [_thread_blocked, id=3392, stack(0x000000545d500000,0x000000545d600000)]
  0x000001a4c1455f00 JavaThread "Unconstrained build operations Thread 48" [_thread_blocked, id=11852, stack(0x000000545d600000,0x000000545d700000)]
  0x000001a4c16b6bc0 JavaThread "Unconstrained build operations Thread 49" [_thread_blocked, id=13392, stack(0x000000545d700000,0x000000545d800000)]
  0x000001a4c16b7090 JavaThread "Unconstrained build operations Thread 50" [_thread_blocked, id=10484, stack(0x000000545d800000,0x000000545d900000)]
  0x000001a4c16b83d0 JavaThread "Unconstrained build operations Thread 51" [_thread_blocked, id=8752, stack(0x000000545d900000,0x000000545da00000)]
  0x000001a4c16b6220 JavaThread "Unconstrained build operations Thread 52" [_thread_blocked, id=11476, stack(0x000000545da00000,0x000000545db00000)]
  0x000001a4c16bb8c0 JavaThread "Unconstrained build operations Thread 53" [_thread_blocked, id=13140, stack(0x000000545db00000,0x000000545dc00000)]
  0x000001a4c16bbd90 JavaThread "Unconstrained build operations Thread 54" [_thread_blocked, id=14516, stack(0x000000545dc00000,0x000000545dd00000)]
  0x000001a4c16b7f00 JavaThread "Unconstrained build operations Thread 55" [_thread_blocked, id=15416, stack(0x000000545dd00000,0x000000545de00000)]
  0x000001a4c16ba580 JavaThread "Unconstrained build operations Thread 56" [_thread_blocked, id=7040, stack(0x000000545de00000,0x000000545df00000)]
  0x000001a4c16b53b0 JavaThread "Unconstrained build operations Thread 57" [_thread_blocked, id=12268, stack(0x000000545df00000,0x000000545e000000)]
  0x000001a4c16b5d50 JavaThread "Unconstrained build operations Thread 58" [_thread_blocked, id=9344, stack(0x000000545e000000,0x000000545e100000)]
  0x000001a4c16b7560 JavaThread "Unconstrained build operations Thread 59" [_thread_blocked, id=16724, stack(0x000000545e100000,0x000000545e200000)]
  0x000001a4c16b5880 JavaThread "Unconstrained build operations Thread 60" [_thread_blocked, id=3884, stack(0x000000545e200000,0x000000545e300000)]
  0x000001a4c16b66f0 JavaThread "Unconstrained build operations Thread 61" [_thread_blocked, id=8724, stack(0x000000545e300000,0x000000545e400000)]
  0x000001a4c16b9be0 JavaThread "Unconstrained build operations Thread 62" [_thread_blocked, id=5804, stack(0x000000545e400000,0x000000545e500000)]
  0x000001a4c16baa50 JavaThread "Unconstrained build operations Thread 63" [_thread_blocked, id=5680, stack(0x000000545e500000,0x000000545e600000)]
  0x000001a4c16b88a0 JavaThread "Unconstrained build operations Thread 64" [_thread_blocked, id=3208, stack(0x000000545e600000,0x000000545e700000)]
  0x000001a4c16b8d70 JavaThread "Unconstrained build operations Thread 65" [_thread_blocked, id=5608, stack(0x000000545e700000,0x000000545e800000)]
  0x000001a4c16b9240 JavaThread "Unconstrained build operations Thread 66" [_thread_blocked, id=12760, stack(0x000000545e800000,0x000000545e900000)]
  0x000001a4c16b7a30 JavaThread "Unconstrained build operations Thread 67" [_thread_blocked, id=16620, stack(0x000000545e900000,0x000000545ea00000)]
  0x000001a4c16b9710 JavaThread "Unconstrained build operations Thread 68" [_thread_blocked, id=14672, stack(0x000000545ea00000,0x000000545eb00000)]
  0x000001a4c16ba0b0 JavaThread "Unconstrained build operations Thread 69" [_thread_blocked, id=15780, stack(0x000000545eb00000,0x000000545ec00000)]
  0x000001a4c16baf20 JavaThread "Unconstrained build operations Thread 70" [_thread_blocked, id=1652, stack(0x000000545ec00000,0x000000545ed00000)]
  0x000001a4c16bb3f0 JavaThread "Unconstrained build operations Thread 71" [_thread_blocked, id=7304, stack(0x000000545ed00000,0x000000545ee00000)]
  0x000001a4c16bc260 JavaThread "Unconstrained build operations Thread 72" [_thread_blocked, id=6012, stack(0x000000545ee00000,0x000000545ef00000)]
  0x000001a4c16bc730 JavaThread "Unconstrained build operations Thread 73" [_thread_blocked, id=8444, stack(0x000000545ef00000,0x000000545f000000)]
  0x000001a4c16b4ee0 JavaThread "Unconstrained build operations Thread 74" [_thread_blocked, id=3688, stack(0x000000545f000000,0x000000545f100000)]
  0x000001a4c18f70a0 JavaThread "Unconstrained build operations Thread 75" [_thread_blocked, id=10832, stack(0x000000545f100000,0x000000545f200000)]
  0x000001a4c18f6700 JavaThread "Unconstrained build operations Thread 76" [_thread_blocked, id=4268, stack(0x000000545f200000,0x000000545f300000)]
  0x000001a4c18f7570 JavaThread "Unconstrained build operations Thread 77" [_thread_blocked, id=3000, stack(0x000000545f300000,0x000000545f400000)]
  0x000001a4c18f8d80 JavaThread "Unconstrained build operations Thread 78" [_thread_blocked, id=7388, stack(0x000000545f400000,0x000000545f500000)]
  0x000001a4c18f83e0 JavaThread "Unconstrained build operations Thread 79" [_thread_blocked, id=8148, stack(0x000000545f500000,0x000000545f600000)]
  0x000001a4c18f9250 JavaThread "Unconstrained build operations Thread 80" [_thread_blocked, id=16812, stack(0x000000545f600000,0x000000545f700000)]
  0x000001a4c18f9720 JavaThread "Memory manager" [_thread_blocked, id=2416, stack(0x000000545f700000,0x000000545f800000)]
  0x000001a4beb708a0 JavaThread "pool-3-thread-1" [_thread_blocked, id=17104, stack(0x000000545f800000,0x000000545f900000)]
  0x000001a4beb6f090 JavaThread "Cache worker for execution history cache (D:\BatteryManager\.gradle\7.3.3\executionHistory)" [_thread_blocked, id=16424, stack(0x0000005460000000,0x0000005460100000)]

Other Threads:
=>0x000001a498563360 VMThread "VM Thread" [stack: 0x0000005457200000,0x0000005457300000] [id=3712]
  0x000001a4bc9ae3b0 WatcherThread "VM Periodic Task Thread" [stack: 0x0000005457e00000,0x0000005457f00000] [id=2556]
  0x000001a498544890 WorkerThread "GC Thread#0" [stack: 0x0000005456d00000,0x0000005456e00000] [id=13668]
  0x000001a4bcf2e060 WorkerThread "GC Thread#1" [stack: 0x0000005458000000,0x0000005458100000] [id=4548]
  0x000001a4bd3fdc60 WorkerThread "GC Thread#2" [stack: 0x0000005458100000,0x0000005458200000] [id=10488]
  0x000001a4bd3f34e0 WorkerThread "GC Thread#3" [stack: 0x0000005458200000,0x0000005458300000] [id=1552]
  0x000001a4bdbdb980 WorkerThread "GC Thread#4" [stack: 0x0000005458300000,0x0000005458400000] [id=8768]
  0x000001a4be51cf40 WorkerThread "GC Thread#5" [stack: 0x0000005459200000,0x0000005459300000] [id=16216]
  0x000001a4be51c220 WorkerThread "GC Thread#6" [stack: 0x0000005459300000,0x0000005459400000] [id=1436]
  0x000001a4be51c4c0 WorkerThread "GC Thread#7" [stack: 0x0000005459400000,0x0000005459500000] [id=7152]
  0x000001a4985567d0 ConcurrentGCThread "G1 Main Marker" [stack: 0x0000005456e00000,0x0000005456f00000] [id=1964]
  0x000001a498557960 WorkerThread "G1 Conc#0" [stack: 0x0000005456f00000,0x0000005457000000] [id=9224]
  0x000001a4be51c760 WorkerThread "G1 Conc#1" [stack: 0x0000005459f00000,0x000000545a000000] [id=11276]
  0x000001a4985ad490 ConcurrentGCThread "G1 Refine#0" [stack: 0x0000005457000000,0x0000005457100000] [id=5232]
  0x000001a4985adc40 ConcurrentGCThread "G1 Service" [stack: 0x0000005457100000,0x0000005457200000] [id=11080]

Threads with active compile tasks:
C2 CompilerThread0     7883 8828       4       org.gradle.internal.instantiation.generator.AbstractClassGenerator::inspectType (560 bytes)
C2 CompilerThread1     7883 9220       4       jdk.internal.org.objectweb.asm.ClassWriter::toByteArray (1515 bytes)

VM state: at safepoint (normal execution)

VM Mutex/Monitor currently owned by a thread:  ([mutex/lock_event])
[0x000001a4984dd6d0] Threads_lock - owner thread: 0x000001a498563360
[0x000001a4984dce60] Heap_lock - owner thread: 0x000001a4bd96eb00

Heap address: 0x0000000080000000, size: 2048 MB, Compressed Oops mode: 32-bit

CDS archive(s) mapped at: [0x0000000800000000-0x0000000800ba0000-0x0000000800ba0000), size 12189696, SharedBaseAddress: 0x0000000800000000, ArchiveRelocationMode: 0.
Compressed class space mapped at: 0x0000000800c00000-0x0000000840c00000, reserved size: 1073741824
Narrow klass base: 0x0000000800000000, Narrow klass shift: 0, Narrow klass range: 0x100000000

GC Precious Log:
 CardTable entry size: 512
 Card Set container configuration: InlinePtr #cards 5 size 8 Array Of Cards #cards 12 size 40 Howl #buckets 4 coarsen threshold 1843 Howl Bitmap #cards 512 size 80 coarsen threshold 460 Card regions per heap region 1 cards per card region 2048
 CPUs: 8 total, 8 available
 Memory: 8023M
 Large Page Support: Disabled
 NUMA Support: Disabled
 Compressed Oops: Enabled (32-bit)
 Heap Region Size: 1M
 Heap Min Capacity: 8M
 Heap Initial Capacity: 126M
 Heap Max Capacity: 2G
 Pre-touch: Disabled
 Parallel Workers: 8
 Concurrent Workers: 2
 Concurrent Refinement Workers: 8
 Periodic GC: Disabled

Heap:
 garbage-first heap   total 167936K, used 114085K [0x0000000080000000, 0x0000000100000000)
  region size 1024K, 6 young (6144K), 6 survivors (6144K)
 Metaspace       used 77808K, committed 79680K, reserved 1179648K
  class space    used 10538K, committed 11520K, reserved 1048576K

Heap Regions: E=young(eden), S=young(survivor), O=old, HS=humongous(starts), HC=humongous(continues), CS=collection set, F=free, OA=open archive, CA=closed archive, TAMS=top-at-mark-start (previous, next)
|   0|0x0000000080000000, 0x0000000080100000, 0x0000000080100000|100%| O|  |TAMS 0x0000000080100000, 0x0000000080000000| Untracked 
|   1|0x0000000080100000, 0x0000000080200000, 0x0000000080200000|100%| O|  |TAMS 0x0000000080200000, 0x0000000080100000| Untracked 
|   2|0x0000000080200000, 0x0000000080300000, 0x0000000080300000|100%| O|  |TAMS 0x0000000080300000, 0x0000000080200000| Untracked 
|   3|0x0000000080300000, 0x0000000080400000, 0x0000000080400000|100%|HS|  |TAMS 0x0000000080400000, 0x0000000080300000| Complete 
|   4|0x0000000080400000, 0x0000000080500000, 0x0000000080500000|100%|HC|  |TAMS 0x0000000080500000, 0x0000000080400000| Complete 
|   5|0x0000000080500000, 0x0000000080600000, 0x0000000080600000|100%|HC|  |TAMS 0x0000000080600000, 0x0000000080500000| Complete 
|   6|0x0000000080600000, 0x0000000080700000, 0x0000000080700000|100%| O|  |TAMS 0x0000000080700000, 0x0000000080600000| Untracked 
|   7|0x0000000080700000, 0x0000000080800000, 0x0000000080800000|100%| O|  |TAMS 0x0000000080800000, 0x0000000080700000| Untracked 
|   8|0x0000000080800000, 0x0000000080900000, 0x0000000080900000|100%| O|  |TAMS 0x0000000080900000, 0x0000000080800000| Untracked 
|   9|0x0000000080900000, 0x0000000080a00000, 0x0000000080a00000|100%| O|  |TAMS 0x0000000080a00000, 0x0000000080900000| Untracked 
|  10|0x0000000080a00000, 0x0000000080b00000, 0x0000000080b00000|100%| O|  |TAMS 0x0000000080b00000, 0x0000000080a00000| Untracked 
|  11|0x0000000080b00000, 0x0000000080c00000, 0x0000000080c00000|100%|HS|  |TAMS 0x0000000080c00000, 0x0000000080b00000| Complete 
|  12|0x0000000080c00000, 0x0000000080d00000, 0x0000000080d00000|100%|HC|  |TAMS 0x0000000080d00000, 0x0000000080c00000| Complete 
|  13|0x0000000080d00000, 0x0000000080e00000, 0x0000000080e00000|100%|HS|  |TAMS 0x0000000080e00000, 0x0000000080d00000| Complete 
|  14|0x0000000080e00000, 0x0000000080f00000, 0x0000000080f00000|100%|HC|  |TAMS 0x0000000080f00000, 0x0000000080e00000| Complete 
|  15|0x0000000080f00000, 0x0000000081000000, 0x0000000081000000|100%|HC|  |TAMS 0x0000000081000000, 0x0000000080f00000| Complete 
|  16|0x0000000081000000, 0x0000000081100000, 0x0000000081100000|100%|HS|  |TAMS 0x0000000081100000, 0x0000000081000000| Complete 
|  17|0x0000000081100000, 0x0000000081200000, 0x0000000081200000|100%|HS|  |TAMS 0x0000000081200000, 0x0000000081100000| Complete 
|  18|0x0000000081200000, 0x0000000081300000, 0x0000000081300000|100%|HC|  |TAMS 0x0000000081300000, 0x0000000081200000| Complete 
|  19|0x0000000081300000, 0x0000000081400000, 0x0000000081400000|100%|HC|  |TAMS 0x0000000081400000, 0x0000000081300000| Complete 
|  20|0x0000000081400000, 0x0000000081500000, 0x0000000081500000|100%|HC|  |TAMS 0x0000000081500000, 0x0000000081400000| Complete 
|  21|0x0000000081500000, 0x0000000081600000, 0x0000000081600000|100%| O|  |TAMS 0x0000000081600000, 0x0000000081500000| Untracked 
|  22|0x0000000081600000, 0x0000000081700000, 0x0000000081700000|100%| O|  |TAMS 0x0000000081700000, 0x0000000081600000| Untracked 
|  23|0x0000000081700000, 0x0000000081800000, 0x0000000081800000|100%| O|  |TAMS 0x0000000081800000, 0x0000000081700000| Untracked 
|  24|0x0000000081800000, 0x0000000081900000, 0x0000000081900000|100%| O|  |TAMS 0x0000000081900000, 0x0000000081800000| Untracked 
|  25|0x0000000081900000, 0x0000000081a00000, 0x0000000081a00000|100%| O|  |TAMS 0x0000000081a00000, 0x0000000081900000| Untracked 
|  26|0x0000000081a00000, 0x0000000081b00000, 0x0000000081b00000|100%| O|  |TAMS 0x0000000081b00000, 0x0000000081a00000| Untracked 
|  27|0x0000000081b00000, 0x0000000081c00000, 0x0000000081c00000|100%| O|  |TAMS 0x0000000081c00000, 0x0000000081b00000| Untracked 
|  28|0x0000000081c00000, 0x0000000081d00000, 0x0000000081d00000|100%| O|  |TAMS 0x0000000081d00000, 0x0000000081c00000| Untracked 
|  29|0x0000000081d00000, 0x0000000081e00000, 0x0000000081e00000|100%| O|  |TAMS 0x0000000081e00000, 0x0000000081d00000| Untracked 
|  30|0x0000000081e00000, 0x0000000081f00000, 0x0000000081f00000|100%| O|  |TAMS 0x0000000081f00000, 0x0000000081e00000| Untracked 
|  31|0x0000000081f00000, 0x0000000082000000, 0x0000000082000000|100%|HS|  |TAMS 0x0000000082000000, 0x0000000081f00000| Complete 
|  32|0x0000000082000000, 0x0000000082100000, 0x0000000082100000|100%| O|  |TAMS 0x0000000082100000, 0x0000000082000000| Untracked 
|  33|0x0000000082100000, 0x0000000082200000, 0x0000000082200000|100%| O|  |TAMS 0x0000000082200000, 0x0000000082100000| Untracked 
|  34|0x0000000082200000, 0x0000000082300000, 0x0000000082300000|100%| O|  |TAMS 0x0000000082300000, 0x0000000082200000| Untracked 
|  35|0x0000000082300000, 0x0000000082400000, 0x0000000082400000|100%| O|  |TAMS 0x0000000082400000, 0x0000000082300000| Untracked 
|  36|0x0000000082400000, 0x0000000082500000, 0x0000000082500000|100%| O|  |TAMS 0x0000000082500000, 0x0000000082400000| Untracked 
|  37|0x0000000082500000, 0x0000000082600000, 0x0000000082600000|100%| O|  |TAMS 0x0000000082600000, 0x0000000082500000| Untracked 
|  38|0x0000000082600000, 0x0000000082700000, 0x0000000082700000|100%| O|  |TAMS 0x0000000082700000, 0x0000000082600000| Untracked 
|  39|0x0000000082700000, 0x0000000082800000, 0x0000000082800000|100%| O|  |TAMS 0x0000000082800000, 0x0000000082700000| Untracked 
|  40|0x0000000082800000, 0x0000000082900000, 0x0000000082900000|100%| O|  |TAMS 0x0000000082900000, 0x0000000082800000| Untracked 
|  41|0x0000000082900000, 0x0000000082a00000, 0x0000000082a00000|100%| O|  |TAMS 0x0000000082a00000, 0x0000000082900000| Untracked 
|  42|0x0000000082a00000, 0x0000000082b00000, 0x0000000082b00000|100%|HS|  |TAMS 0x0000000082b00000, 0x0000000082a00000| Complete 
|  43|0x0000000082b00000, 0x0000000082c00000, 0x0000000082c00000|100%|HC|  |TAMS 0x0000000082c00000, 0x0000000082b00000| Complete 
|  44|0x0000000082c00000, 0x0000000082d00000, 0x0000000082d00000|100%|HC|  |TAMS 0x0000000082d00000, 0x0000000082c00000| Complete 
|  45|0x0000000082d00000, 0x0000000082e00000, 0x0000000082e00000|100%| O|  |TAMS 0x0000000082e00000, 0x0000000082d00000| Untracked 
|  46|0x0000000082e00000, 0x0000000082f00000, 0x0000000082f00000|100%| O|  |TAMS 0x0000000082f00000, 0x0000000082e00000| Untracked 
|  47|0x0000000082f00000, 0x0000000083000000, 0x0000000083000000|100%| O|  |TAMS 0x0000000083000000, 0x0000000082f00000| Untracked 
|  48|0x0000000083000000, 0x0000000083100000, 0x0000000083100000|100%|HS|  |TAMS 0x0000000083100000, 0x0000000083000000| Complete 
|  49|0x0000000083100000, 0x0000000083200000, 0x0000000083200000|100%|HC|  |TAMS 0x0000000083200000, 0x0000000083100000| Complete 
|  50|0x0000000083200000, 0x0000000083300000, 0x0000000083300000|100%|HC|  |TAMS 0x0000000083300000, 0x0000000083200000| Complete 
|  51|0x0000000083300000, 0x0000000083400000, 0x0000000083400000|100%|HC|  |TAMS 0x0000000083400000, 0x0000000083300000| Complete 
|  52|0x0000000083400000, 0x0000000083500000, 0x0000000083500000|100%| O|  |TAMS 0x0000000083500000, 0x0000000083400000| Untracked 
|  53|0x0000000083500000, 0x0000000083600000, 0x0000000083600000|100%| O|  |TAMS 0x0000000083600000, 0x0000000083500000| Untracked 
|  54|0x0000000083600000, 0x0000000083700000, 0x0000000083700000|100%| O|  |TAMS 0x0000000083700000, 0x0000000083600000| Untracked 
|  55|0x0000000083700000, 0x0000000083800000, 0x0000000083800000|100%| O|  |TAMS 0x0000000083800000, 0x0000000083700000| Untracked 
|  56|0x0000000083800000, 0x0000000083900000, 0x0000000083900000|100%| O|  |TAMS 0x0000000083900000, 0x0000000083800000| Untracked 
|  57|0x0000000083900000, 0x0000000083a00000, 0x0000000083a00000|100%| O|  |TAMS 0x0000000083a00000, 0x0000000083900000| Untracked 
|  58|0x0000000083a00000, 0x0000000083b00000, 0x0000000083b00000|100%| O|  |TAMS 0x0000000083b00000, 0x0000000083a00000| Untracked 
|  59|0x0000000083b00000, 0x0000000083c00000, 0x0000000083c00000|100%| O|  |TAMS 0x0000000083c00000, 0x0000000083b00000| Untracked 
|  60|0x0000000083c00000, 0x0000000083d00000, 0x0000000083d00000|100%|HS|  |TAMS 0x0000000083c00000, 0x0000000083c00000| Complete 
|  61|0x0000000083d00000, 0x0000000083e00000, 0x0000000083e00000|100%|HS|  |TAMS 0x0000000083e00000, 0x0000000083d00000| Complete 
|  62|0x0000000083e00000, 0x0000000083f00000, 0x0000000083f00000|100%|HS|  |TAMS 0x0000000083f00000, 0x0000000083e00000| Complete 
|  63|0x0000000083f00000, 0x0000000084000000, 0x0000000084000000|100%|HS|  |TAMS 0x0000000084000000, 0x0000000083f00000| Complete 
|  64|0x0000000084000000, 0x0000000084100000, 0x0000000084100000|100%|HS|  |TAMS 0x0000000084100000, 0x0000000084000000| Complete 
|  65|0x0000000084100000, 0x0000000084200000, 0x0000000084200000|100%|HC|  |TAMS 0x0000000084200000, 0x0000000084100000| Complete 
|  66|0x0000000084200000, 0x0000000084300000, 0x0000000084300000|100%|HC|  |TAMS 0x0000000084300000, 0x0000000084200000| Complete 
|  67|0x0000000084300000, 0x0000000084400000, 0x0000000084400000|100%|HS|  |TAMS 0x0000000084400000, 0x0000000084300000| Complete 
|  68|0x0000000084400000, 0x0000000084500000, 0x0000000084500000|100%|HC|  |TAMS 0x0000000084500000, 0x0000000084400000| Complete 
|  69|0x0000000084500000, 0x0000000084600000, 0x0000000084600000|100%| O|  |TAMS 0x0000000084600000, 0x0000000084500000| Untracked 
|  70|0x0000000084600000, 0x0000000084700000, 0x0000000084700000|100%| O|  |TAMS 0x0000000084700000, 0x0000000084600000| Untracked 
|  71|0x0000000084700000, 0x0000000084800000, 0x0000000084800000|100%| O|  |TAMS 0x0000000084800000, 0x0000000084700000| Untracked 
|  72|0x0000000084800000, 0x0000000084900000, 0x0000000084900000|100%| O|  |TAMS 0x0000000084800000, 0x0000000084800000| Untracked 
|  73|0x0000000084900000, 0x0000000084a00000, 0x0000000084a00000|100%| O|  |TAMS 0x0000000084a00000, 0x0000000084900000| Untracked 
|  74|0x0000000084a00000, 0x0000000084b00000, 0x0000000084b00000|100%| O|  |TAMS 0x0000000084b00000, 0x0000000084a00000| Untracked 
|  75|0x0000000084b00000, 0x0000000084c00000, 0x0000000084c00000|100%| O|  |TAMS 0x0000000084c00000, 0x0000000084b00000| Untracked 
|  76|0x0000000084c00000, 0x0000000084d00000, 0x0000000084d00000|100%| O|  |TAMS 0x0000000084d00000, 0x0000000084c00000| Untracked 
|  77|0x0000000084d00000, 0x0000000084e00000, 0x0000000084e00000|100%| O|  |TAMS 0x0000000084e00000, 0x0000000084d00000| Untracked 
|  78|0x0000000084e00000, 0x0000000084f00000, 0x0000000084f00000|100%| O|  |TAMS 0x0000000084f00000, 0x0000000084e00000| Untracked 
|  79|0x0000000084f00000, 0x0000000085000000, 0x0000000085000000|100%| O|  |TAMS 0x0000000085000000, 0x0000000084f00000| Untracked 
|  80|0x0000000085000000, 0x0000000085100000, 0x0000000085100000|100%| O|  |TAMS 0x0000000085100000, 0x0000000085000000| Untracked 
|  81|0x0000000085100000, 0x0000000085200000, 0x0000000085200000|100%| O|  |TAMS 0x0000000085200000, 0x0000000085100000| Untracked 
|  82|0x0000000085200000, 0x0000000085300000, 0x0000000085300000|100%| O|  |TAMS 0x0000000085300000, 0x0000000085200000| Untracked 
|  83|0x0000000085300000, 0x0000000085400000, 0x0000000085400000|100%| O|  |TAMS 0x0000000085400000, 0x0000000085300000| Untracked 
|  84|0x0000000085400000, 0x0000000085500000, 0x0000000085500000|100%| O|  |TAMS 0x0000000085500000, 0x0000000085400000| Untracked 
|  85|0x0000000085500000, 0x0000000085600000, 0x0000000085600000|100%| O|  |TAMS 0x0000000085600000, 0x0000000085500000| Untracked 
|  86|0x0000000085600000, 0x0000000085700000, 0x0000000085700000|100%| O|  |TAMS 0x0000000085700000, 0x0000000085600000| Untracked 
|  87|0x0000000085700000, 0x0000000085800000, 0x0000000085800000|100%| O|  |TAMS 0x0000000085800000, 0x0000000085700000| Untracked 
|  88|0x0000000085800000, 0x0000000085900000, 0x0000000085900000|100%| O|  |TAMS 0x0000000085814200, 0x0000000085800000| Untracked 
|  89|0x0000000085900000, 0x0000000085a00000, 0x0000000085a00000|100%| O|  |TAMS 0x0000000085900000, 0x0000000085900000| Untracked 
|  90|0x0000000085a00000, 0x0000000085b00000, 0x0000000085b00000|100%| O|  |TAMS 0x0000000085a00000, 0x0000000085a00000| Untracked 
|  91|0x0000000085b00000, 0x0000000085c00000, 0x0000000085c00000|100%| O|  |TAMS 0x0000000085b00000, 0x0000000085b00000| Untracked 
|  92|0x0000000085c00000, 0x0000000085d00000, 0x0000000085d00000|100%| O|  |TAMS 0x0000000085c00000, 0x0000000085c00000| Untracked 
|  93|0x0000000085d00000, 0x0000000085e00000, 0x0000000085e00000|100%| O|  |TAMS 0x0000000085d00000, 0x0000000085d00000| Untracked 
|  94|0x0000000085e00000, 0x0000000085f00000, 0x0000000085f00000|100%|HS|  |TAMS 0x0000000085e00000, 0x0000000085e00000| Complete 
|  95|0x0000000085f00000, 0x0000000086000000, 0x0000000086000000|100%|HC|  |TAMS 0x0000000085f00000, 0x0000000085f00000| Complete 
|  96|0x0000000086000000, 0x0000000086100000, 0x0000000086100000|100%|HS|  |TAMS 0x0000000086000000, 0x0000000086000000| Complete 
|  97|0x0000000086100000, 0x0000000086200000, 0x0000000086200000|100%|HC|  |TAMS 0x0000000086100000, 0x0000000086100000| Complete 
|  98|0x0000000086200000, 0x0000000086300000, 0x0000000086300000|100%|HC|  |TAMS 0x0000000086200000, 0x0000000086200000| Complete 
|  99|0x0000000086300000, 0x0000000086400000, 0x0000000086400000|100%|HS|  |TAMS 0x0000000086300000, 0x0000000086300000| Complete 
| 100|0x0000000086400000, 0x0000000086500000, 0x0000000086500000|100%|HC|  |TAMS 0x0000000086400000, 0x0000000086400000| Complete 
| 101|0x0000000086500000, 0x0000000086600000, 0x0000000086600000|100%|HC|  |TAMS 0x0000000086500000, 0x0000000086500000| Complete 
| 102|0x0000000086600000, 0x0000000086700000, 0x0000000086700000|100%|HC|  |TAMS 0x0000000086600000, 0x0000000086600000| Complete 
| 103|0x0000000086700000, 0x0000000086800000, 0x0000000086800000|100%| O|  |TAMS 0x0000000086700000, 0x0000000086700000| Untracked 
| 104|0x0000000086800000, 0x0000000086900000, 0x0000000086900000|100%| O|  |TAMS 0x0000000086800000, 0x0000000086800000| Untracked 
| 105|0x0000000086900000, 0x0000000086969600, 0x0000000086a00000| 41%| O|  |TAMS 0x0000000086900000, 0x0000000086900000| Untracked 
| 106|0x0000000086a00000, 0x0000000086a00000, 0x0000000086b00000|  0%| F|  |TAMS 0x0000000086a00000, 0x0000000086a00000| Untracked 
| 107|0x0000000086b00000, 0x0000000086b00000, 0x0000000086c00000|  0%| F|  |TAMS 0x0000000086b00000, 0x0000000086b00000| Untracked 
| 108|0x0000000086c00000, 0x0000000086c00000, 0x0000000086d00000|  0%| F|  |TAMS 0x0000000086c00000, 0x0000000086c00000| Untracked 
| 109|0x0000000086d00000, 0x0000000086d00000, 0x0000000086e00000|  0%| F|  |TAMS 0x0000000086d00000, 0x0000000086d00000| Untracked 
| 110|0x0000000086e00000, 0x0000000086e00000, 0x0000000086f00000|  0%| F|  |TAMS 0x0000000086e00000, 0x0000000086e00000| Untracked 
| 111|0x0000000086f00000, 0x0000000086f00000, 0x0000000087000000|  0%| F|  |TAMS 0x0000000086f00000, 0x0000000086f00000| Untracked 
| 112|0x0000000087000000, 0x0000000087000000, 0x0000000087100000|  0%| F|  |TAMS 0x0000000087000000, 0x0000000087000000| Untracked 
| 113|0x0000000087100000, 0x0000000087100000, 0x0000000087200000|  0%| F|  |TAMS 0x0000000087100000, 0x0000000087100000| Untracked 
| 114|0x0000000087200000, 0x0000000087200000, 0x0000000087300000|  0%| F|  |TAMS 0x0000000087200000, 0x0000000087200000| Untracked 
| 115|0x0000000087300000, 0x0000000087300000, 0x0000000087400000|  0%| F|  |TAMS 0x0000000087300000, 0x0000000087300000| Untracked 
| 116|0x0000000087400000, 0x0000000087500000, 0x0000000087500000|100%| S|CS|TAMS 0x0000000087400000, 0x0000000087400000| Complete 
| 117|0x0000000087500000, 0x0000000087600000, 0x0000000087600000|100%| S|CS|TAMS 0x0000000087500000, 0x0000000087500000| Complete 
| 118|0x0000000087600000, 0x0000000087700000, 0x0000000087700000|100%| S|CS|TAMS 0x0000000087600000, 0x0000000087600000| Complete 
| 119|0x0000000087700000, 0x0000000087800000, 0x0000000087800000|100%| S|CS|TAMS 0x0000000087700000, 0x0000000087700000| Complete 
| 120|0x0000000087800000, 0x0000000087900000, 0x0000000087900000|100%| S|CS|TAMS 0x0000000087800000, 0x0000000087800000| Complete 
| 121|0x0000000087900000, 0x0000000087a00000, 0x0000000087a00000|100%| S|CS|TAMS 0x0000000087900000, 0x0000000087900000| Complete 
| 122|0x0000000087a00000, 0x0000000087a00000, 0x0000000087b00000|  0%| F|  |TAMS 0x0000000087a00000, 0x0000000087a00000| Untracked 
| 123|0x0000000087b00000, 0x0000000087b00000, 0x0000000087c00000|  0%| F|  |TAMS 0x0000000087b00000, 0x0000000087b00000| Untracked 
| 124|0x0000000087c00000, 0x0000000087c00000, 0x0000000087d00000|  0%| F|  |TAMS 0x0000000087c00000, 0x0000000087c00000| Untracked 
| 125|0x0000000087d00000, 0x0000000087d00000, 0x0000000087e00000|  0%| F|  |TAMS 0x0000000087d00000, 0x0000000087d00000| Untracked 
| 126|0x0000000087e00000, 0x0000000087e00000, 0x0000000087f00000|  0%| F|  |TAMS 0x0000000087e00000, 0x0000000087e00000| Untracked 
| 127|0x0000000087f00000, 0x0000000087f00000, 0x0000000088000000|  0%| F|  |TAMS 0x0000000087f00000, 0x0000000087f00000| Untracked 
| 128|0x0000000088000000, 0x0000000088000000, 0x0000000088100000|  0%| F|  |TAMS 0x0000000088000000, 0x0000000088000000| Untracked 
| 129|0x0000000088100000, 0x0000000088100000, 0x0000000088200000|  0%| F|  |TAMS 0x0000000088100000, 0x0000000088100000| Untracked 
| 130|0x0000000088200000, 0x0000000088200000, 0x0000000088300000|  0%| F|  |TAMS 0x0000000088200000, 0x0000000088200000| Untracked 
| 131|0x0000000088300000, 0x0000000088300000, 0x0000000088400000|  0%| F|  |TAMS 0x0000000088300000, 0x0000000088300000| Untracked 
| 132|0x0000000088400000, 0x0000000088400000, 0x0000000088500000|  0%| F|  |TAMS 0x0000000088400000, 0x0000000088400000| Untracked 
| 133|0x0000000088500000, 0x0000000088500000, 0x0000000088600000|  0%| F|  |TAMS 0x0000000088500000, 0x0000000088500000| Untracked 
| 134|0x0000000088600000, 0x0000000088600000, 0x0000000088700000|  0%| F|  |TAMS 0x0000000088600000, 0x0000000088600000| Untracked 
| 135|0x0000000088700000, 0x0000000088700000, 0x0000000088800000|  0%| F|  |TAMS 0x0000000088700000, 0x0000000088700000| Untracked 
| 136|0x0000000088800000, 0x0000000088800000, 0x0000000088900000|  0%| F|  |TAMS 0x0000000088800000, 0x0000000088800000| Untracked 
| 137|0x0000000088900000, 0x0000000088900000, 0x0000000088a00000|  0%| F|  |TAMS 0x0000000088900000, 0x0000000088900000| Untracked 
| 138|0x0000000088a00000, 0x0000000088a00000, 0x0000000088b00000|  0%| F|  |TAMS 0x0000000088a00000, 0x0000000088a00000| Untracked 
| 139|0x0000000088b00000, 0x0000000088b00000, 0x0000000088c00000|  0%| F|  |TAMS 0x0000000088b00000, 0x0000000088b00000| Untracked 
| 140|0x0000000088c00000, 0x0000000088c00000, 0x0000000088d00000|  0%| F|  |TAMS 0x0000000088c00000, 0x0000000088c00000| Untracked 
| 141|0x0000000088d00000, 0x0000000088d00000, 0x0000000088e00000|  0%| F|  |TAMS 0x0000000088d00000, 0x0000000088d00000| Untracked 
| 142|0x0000000088e00000, 0x0000000088e00000, 0x0000000088f00000|  0%| F|  |TAMS 0x0000000088e00000, 0x0000000088e00000| Untracked 
| 143|0x0000000088f00000, 0x0000000088f00000, 0x0000000089000000|  0%| F|  |TAMS 0x0000000088f00000, 0x0000000088f00000| Untracked 
| 144|0x0000000089000000, 0x0000000089000000, 0x0000000089100000|  0%| F|  |TAMS 0x0000000089000000, 0x0000000089000000| Untracked 
| 145|0x0000000089100000, 0x0000000089100000, 0x0000000089200000|  0%| F|  |TAMS 0x0000000089100000, 0x0000000089100000| Untracked 
| 146|0x0000000089200000, 0x0000000089200000, 0x0000000089300000|  0%| F|  |TAMS 0x0000000089200000, 0x0000000089200000| Untracked 
| 147|0x0000000089300000, 0x0000000089300000, 0x0000000089400000|  0%| F|  |TAMS 0x0000000089300000, 0x0000000089300000| Untracked 
| 148|0x0000000089400000, 0x0000000089400000, 0x0000000089500000|  0%| F|  |TAMS 0x0000000089400000, 0x0000000089400000| Untracked 
| 149|0x0000000089500000, 0x0000000089500000, 0x0000000089600000|  0%| F|  |TAMS 0x0000000089500000, 0x0000000089500000| Untracked 
| 150|0x0000000089600000, 0x0000000089600000, 0x0000000089700000|  0%| F|  |TAMS 0x0000000089600000, 0x0000000089600000| Untracked 
| 151|0x0000000089700000, 0x0000000089700000, 0x0000000089800000|  0%| F|  |TAMS 0x0000000089700000, 0x0000000089700000| Untracked 
| 152|0x0000000089800000, 0x0000000089800000, 0x0000000089900000|  0%| F|  |TAMS 0x0000000089800000, 0x0000000089800000| Untracked 
| 153|0x0000000089900000, 0x0000000089900000, 0x0000000089a00000|  0%| F|  |TAMS 0x0000000089900000, 0x0000000089900000| Untracked 
| 154|0x0000000089a00000, 0x0000000089a00000, 0x0000000089b00000|  0%| F|  |TAMS 0x0000000089a00000, 0x0000000089a00000| Untracked 
| 155|0x0000000089b00000, 0x0000000089b00000, 0x0000000089c00000|  0%| F|  |TAMS 0x0000000089b00000, 0x0000000089b00000| Untracked 
| 156|0x0000000089c00000, 0x0000000089c00000, 0x0000000089d00000|  0%| F|  |TAMS 0x0000000089c00000, 0x0000000089c00000| Untracked 
| 157|0x0000000089d00000, 0x0000000089d00000, 0x0000000089e00000|  0%| F|  |TAMS 0x0000000089d00000, 0x0000000089d00000| Untracked 
| 158|0x0000000089e00000, 0x0000000089e00000, 0x0000000089f00000|  0%| F|  |TAMS 0x0000000089e00000, 0x0000000089e00000| Untracked 
| 159|0x0000000089f00000, 0x0000000089f00000, 0x000000008a000000|  0%| F|  |TAMS 0x0000000089f00000, 0x0000000089f00000| Untracked 
| 160|0x000000008a000000, 0x000000008a000000, 0x000000008a100000|  0%| F|  |TAMS 0x000000008a000000, 0x000000008a000000| Untracked 
| 161|0x000000008a100000, 0x000000008a100000, 0x000000008a200000|  0%| F|  |TAMS 0x000000008a100000, 0x000000008a100000| Untracked 
| 162|0x000000008a200000, 0x000000008a200000, 0x000000008a300000|  0%| F|  |TAMS 0x000000008a200000, 0x000000008a200000| Untracked 
| 163|0x000000008a300000, 0x000000008a300000, 0x000000008a400000|  0%| F|  |TAMS 0x000000008a300000, 0x000000008a300000| Untracked 

Card table byte_map: [0x000001a4b1470000,0x000001a4b1870000] _byte_map_base: 0x000001a4b1070000

Marking Bits (Prev, Next): (CMBitMap*) 0x000001a498545ea0, (CMBitMap*) 0x000001a498545ee0
 Prev Bits: [0x000001a4b1c70000, 0x000001a4b3c70000)
 Next Bits: [0x000001a4b3c70000, 0x000001a4b5c70000)

Polling page: 0x000001a4985b0000

Metaspace:

Usage:
  Non-class:     65.69 MB used.
      Class:     10.29 MB used.
       Both:     75.98 MB used.

Virtual space:
  Non-class space:      128.00 MB reserved,      66.56 MB ( 52%) committed,  2 nodes.
      Class space:        1.00 GB reserved,      11.25 MB (  1%) committed,  1 nodes.
             Both:        1.12 GB reserved,      77.81 MB (  7%) committed. 

Chunk freelists:
   Non-Class:  928.00 KB
       Class:  800.00 KB
        Both:  1.69 MB

MaxMetaspaceSize: unlimited
CompressedClassSpaceSize: 1.00 GB
Initial GC threshold: 21.00 MB
Current GC threshold: 115.31 MB
CDS: on
MetaspaceReclaimPolicy: balanced
 - commit_granule_bytes: 65536.
 - commit_granule_words: 8192.
 - virtual_space_node_default_size: 8388608.
 - enlarge_chunks_in_place: 1.
 - new_chunks_are_fully_committed: 0.
 - uncommit_free_chunks: 1.
 - use_allocation_guard: 0.


Internal statistics:

num_allocs_failed_limit: 6.
num_arena_births: 3216.
num_arena_deaths: 2.
num_vsnodes_births: 3.
num_vsnodes_deaths: 0.
num_space_committed: 1245.
num_space_uncommitted: 0.
num_chunks_returned_to_freelist: 9.
num_chunks_taken_from_freelist: 6700.
num_chunk_merges: 6.
num_chunk_splits: 4433.
num_chunks_enlarged: 2800.
num_inconsistent_stats: 0.

CodeHeap 'non-profiled nmethods': size=120000Kb used=4666Kb max_used=4666Kb free=115333Kb
 bounds [0x000001a4a90e0000, 0x000001a4a9570000, 0x000001a4b0610000]
CodeHeap 'profiled nmethods': size=120000Kb used=16759Kb max_used=16759Kb free=103241Kb
 bounds [0x000001a4a1bb0000, 0x000001a4a2c10000, 0x000001a4a90e0000]
CodeHeap 'non-nmethods': size=5760Kb used=2392Kb max_used=2450Kb free=3367Kb
 bounds [0x000001a4a1610000, 0x000001a4a1890000, 0x000001a4a1bb0000]
 total_blobs=9321 nmethods=8409 adapters=824
 compilation: enabled
              stopped_count=0, restarted_count=0
 full_count=0

Compilation events (20 events):
Event: 7.836 Thread 0x000001a4b86f1280 9248       1       org.gradle.api.internal.plugins.DefaultPluginRegistry$PluginIdLookupCacheKey::getId (5 bytes)
Event: 7.836 Thread 0x000001a4b86f1280 nmethod 9248 0x000001a4a956d990 code [0x000001a4a956db20, 0x000001a4a956dbf8]
Event: 7.836 Thread 0x000001a4b86f1280 9249       1       org.gradle.api.internal.plugins.DefaultPluginRegistry$PluginIdLookupCacheKey::getClassLoader (5 bytes)
Event: 7.836 Thread 0x000001a4b86f1280 nmethod 9249 0x000001a4a956dc90 code [0x000001a4a956de20, 0x000001a4a956def8]
Event: 7.836 Thread 0x000001a4b86f1280 9247       3       org.gradle.internal.logging.console.StyledTextOutputBackedRenderer::onOutput (260 bytes)
Event: 7.838 Thread 0x000001a4b86f1280 nmethod 9247 0x000001a4a2c04890 code [0x000001a4a2c04d40, 0x000001a4a2c07bb8]
Event: 7.838 Thread 0x000001a4b86f1280 9246       1       org.gradle.internal.logging.events.ProgressStartEvent::getParentProgressOperationId (5 bytes)
Event: 7.838 Thread 0x000001a4b86f1280 nmethod 9246 0x000001a4a956df90 code [0x000001a4a956e120, 0x000001a4a956e1f8]
Event: 7.838 Thread 0x000001a4b86f1280 9250       1       org.gradle.tooling.internal.adapter.MethodInvocation::getResult (5 bytes)
Event: 7.838 Thread 0x000001a4b86f1280 nmethod 9250 0x000001a4a956e290 code [0x000001a4a956e420, 0x000001a4a956e4f8]
Event: 7.839 Thread 0x000001a4b86f1280 9251   !   3       jdk.internal.loader.BuiltinClassLoader::findMiscResource (122 bytes)
Event: 7.840 Thread 0x000001a4b86f1280 nmethod 9251 0x000001a4a2c08810 code [0x000001a4a2c08ac0, 0x000001a4a2c09e58]
Event: 7.840 Thread 0x000001a4b86f1280 9252       3       java.nio.MappedByteBuffer::position (6 bytes)
Event: 7.841 Thread 0x000001a4b86f1280 nmethod 9252 0x000001a4a2c0a310 code [0x000001a4a2c0a4c0, 0x000001a4a2c0a6c8]
Event: 7.841 Thread 0x000001a4b86f1280 9253       3       org.gradle.internal.serialize.kryo.KryoBackedEncoder::writeSmallInt (11 bytes)
Event: 7.841 Thread 0x000001a4b86f1280 nmethod 9253 0x000001a4a2c0a810 code [0x000001a4a2c0a9c0, 0x000001a4a2c0ab88]
Event: 7.841 Thread 0x000001a4b86f1280 9254       1       groovy.lang.MetaClassImpl::isInitialized (5 bytes)
Event: 7.841 Thread 0x000001a4b86f1280 nmethod 9254 0x000001a4a956e590 code [0x000001a4a956e720, 0x000001a4a956e7f8]
Event: 7.841 Thread 0x000001a4b86f1280 9255       3       org.gradle.internal.logging.sink.OutputEventTransformer::onOutput (399 bytes)
Event: 7.843 Thread 0x000001a4b86f1280 nmethod 9255 0x000001a4a2c0ac90 code [0x000001a4a2c0b0a0, 0x000001a4a2c0d5b8]

GC Heap History (20 events):
Event: 4.749 GC heap after
{Heap after GC invocations=14 (full 0):
 garbage-first heap   total 156672K, used 79868K [0x0000000080000000, 0x0000000100000000)
  region size 1024K, 1 young (1024K), 1 survivors (1024K)
 Metaspace       used 46814K, committed 48320K, reserved 1114112K
  class space    used 6580K, committed 7360K, reserved 1048576K
}
Event: 5.175 GC heap before
{Heap before GC invocations=14 (full 0):
 garbage-first heap   total 156672K, used 116732K [0x0000000080000000, 0x0000000100000000)
  region size 1024K, 38 young (38912K), 1 survivors (1024K)
 Metaspace       used 51264K, committed 52864K, reserved 1114112K
  class space    used 7105K, committed 7936K, reserved 1048576K
}
Event: 5.178 GC heap after
{Heap after GC invocations=15 (full 0):
 garbage-first heap   total 156672K, used 81889K [0x0000000080000000, 0x0000000100000000)
  region size 1024K, 3 young (3072K), 3 survivors (3072K)
 Metaspace       used 51264K, committed 52864K, reserved 1114112K
  class space    used 7105K, committed 7936K, reserved 1048576K
}
Event: 5.610 GC heap before
{Heap before GC invocations=16 (full 0):
 garbage-first heap   total 156672K, used 120801K [0x0000000080000000, 0x0000000100000000)
  region size 1024K, 41 young (41984K), 3 survivors (3072K)
 Metaspace       used 57640K, committed 59200K, reserved 1114112K
  class space    used 7860K, committed 8640K, reserved 1048576K
}
Event: 5.615 GC heap after
{Heap after GC invocations=17 (full 0):
 garbage-first heap   total 156672K, used 83667K [0x0000000080000000, 0x0000000100000000)
  region size 1024K, 5 young (5120K), 5 survivors (5120K)
 Metaspace       used 57640K, committed 59200K, reserved 1114112K
  class space    used 7860K, committed 8640K, reserved 1048576K
}
Event: 5.636 GC heap before
{Heap before GC invocations=17 (full 0):
 garbage-first heap   total 156672K, used 85715K [0x0000000080000000, 0x0000000100000000)
  region size 1024K, 7 young (7168K), 5 survivors (5120K)
 Metaspace       used 57789K, committed 59328K, reserved 1114112K
  class space    used 7891K, committed 8640K, reserved 1048576K
}
Event: 5.640 GC heap after
{Heap after GC invocations=18 (full 0):
 garbage-first heap   total 156672K, used 83455K [0x0000000080000000, 0x0000000100000000)
  region size 1024K, 1 young (1024K), 1 survivors (1024K)
 Metaspace       used 57789K, committed 59328K, reserved 1114112K
  class space    used 7891K, committed 8640K, reserved 1048576K
}
Event: 6.055 GC heap before
{Heap before GC invocations=18 (full 0):
 garbage-first heap   total 156672K, used 121343K [0x0000000080000000, 0x0000000100000000)
  region size 1024K, 39 young (39936K), 1 survivors (1024K)
 Metaspace       used 63034K, committed 64704K, reserved 1114112K
  class space    used 8525K, committed 9344K, reserved 1048576K
}
Event: 6.058 GC heap after
{Heap after GC invocations=19 (full 0):
 garbage-first heap   total 156672K, used 87311K [0x0000000080000000, 0x0000000100000000)
  region size 1024K, 5 young (5120K), 5 survivors (5120K)
 Metaspace       used 63034K, committed 64704K, reserved 1114112K
  class space    used 8525K, committed 9344K, reserved 1048576K
}
Event: 6.528 GC heap before
{Heap before GC invocations=20 (full 0):
 garbage-first heap   total 157696K, used 125199K [0x0000000080000000, 0x0000000100000000)
  region size 1024K, 41 young (41984K), 5 survivors (5120K)
 Metaspace       used 66979K, committed 68608K, reserved 1114112K
  class space    used 8988K, committed 9792K, reserved 1048576K
}
Event: 6.532 GC heap after
{Heap after GC invocations=21 (full 0):
 garbage-first heap   total 157696K, used 89640K [0x0000000080000000, 0x0000000100000000)
  region size 1024K, 3 young (3072K), 3 survivors (3072K)
 Metaspace       used 66979K, committed 68608K, reserved 1114112K
  class space    used 8988K, committed 9792K, reserved 1048576K
}
Event: 6.597 GC heap before
{Heap before GC invocations=21 (full 0):
 garbage-first heap   total 157696K, used 93736K [0x0000000080000000, 0x0000000100000000)
  region size 1024K, 7 young (7168K), 3 survivors (3072K)
 Metaspace       used 67255K, committed 68864K, reserved 1114112K
  class space    used 9022K, committed 9856K, reserved 1048576K
}
Event: 6.601 GC heap after
{Heap after GC invocations=22 (full 0):
 garbage-first heap   total 157696K, used 90032K [0x0000000080000000, 0x0000000100000000)
  region size 1024K, 1 young (1024K), 1 survivors (1024K)
 Metaspace       used 67255K, committed 68864K, reserved 1114112K
  class space    used 9022K, committed 9856K, reserved 1048576K
}
Event: 6.853 GC heap before
{Heap before GC invocations=22 (full 0):
 garbage-first heap   total 157696K, used 126896K [0x0000000080000000, 0x0000000100000000)
  region size 1024K, 37 young (37888K), 1 survivors (1024K)
 Metaspace       used 68656K, committed 70400K, reserved 1114112K
  class space    used 9174K, committed 10048K, reserved 1048576K
}
Event: 6.856 GC heap after
{Heap after GC invocations=23 (full 0):
 garbage-first heap   total 157696K, used 92870K [0x0000000080000000, 0x0000000100000000)
  region size 1024K, 4 young (4096K), 4 survivors (4096K)
 Metaspace       used 68656K, committed 70400K, reserved 1114112K
  class space    used 9174K, committed 10048K, reserved 1048576K
}
Event: 7.285 GC heap before
{Heap before GC invocations=24 (full 0):
 garbage-first heap   total 167936K, used 127686K [0x0000000080000000, 0x0000000100000000)
  region size 1024K, 38 young (38912K), 4 survivors (4096K)
 Metaspace       used 72729K, committed 74432K, reserved 1114112K
  class space    used 9906K, committed 10752K, reserved 1048576K
}
Event: 7.290 GC heap after
{Heap after GC invocations=25 (full 0):
 garbage-first heap   total 167936K, used 95164K [0x0000000080000000, 0x0000000100000000)
  region size 1024K, 3 young (3072K), 3 survivors (3072K)
 Metaspace       used 72729K, committed 74432K, reserved 1114112K
  class space    used 9906K, committed 10752K, reserved 1048576K
}
Event: 7.343 GC heap before
{Heap before GC invocations=25 (full 0):
 garbage-first heap   total 167936K, used 100284K [0x0000000080000000, 0x0000000100000000)
  region size 1024K, 8 young (8192K), 3 survivors (3072K)
 Metaspace       used 73207K, committed 74880K, reserved 1114112K
  class space    used 9972K, committed 10816K, reserved 1048576K
}
Event: 7.345 GC heap after
{Heap after GC invocations=26 (full 0):
 garbage-first heap   total 167936K, used 95554K [0x0000000080000000, 0x0000000100000000)
  region size 1024K, 1 young (1024K), 1 survivors (1024K)
 Metaspace       used 73207K, committed 74880K, reserved 1114112K
  class space    used 9972K, committed 10816K, reserved 1048576K
}
Event: 7.849 GC heap before
{Heap before GC invocations=26 (full 0):
 garbage-first heap   total 167936K, used 146754K [0x0000000080000000, 0x0000000100000000)
  region size 1024K, 42 young (43008K), 1 survivors (1024K)
 Metaspace       used 77808K, committed 79680K, reserved 1179648K
  class space    used 10538K, committed 11520K, reserved 1048576K
}

Deoptimization events (20 events):
Event: 7.823 Thread 0x000001a4be605870 DEOPT PACKING pc=0x000001a4a1ed6312 sp=0x0000005458dfe7e0
Event: 7.823 Thread 0x000001a4be605870 DEOPT UNPACKING pc=0x000001a4a1662b43 sp=0x0000005458dfdc58 mode 0
Event: 7.824 Thread 0x000001a4beb6f560 DEOPT PACKING pc=0x000001a4a25c5a2c sp=0x000000545fcfe640
Event: 7.824 Thread 0x000001a4beb6f560 DEOPT UNPACKING pc=0x000001a4a1662b43 sp=0x000000545fcfdb00 mode 0
Event: 7.826 Thread 0x000001a4beb6f560 Uncommon trap: trap_request=0xffffffde fr.pc=0x000001a4a920e394 relative=0x0000000000000454
Event: 7.826 Thread 0x000001a4beb6f560 Uncommon trap: reason=class_check action=maybe_recompile pc=0x000001a4a920e394 method=java.util.Collections$SetFromMap.remove(Ljava/lang/Object;)Z @ 5 c2
Event: 7.826 Thread 0x000001a4beb6f560 DEOPT PACKING pc=0x000001a4a920e394 sp=0x000000545fcfee60
Event: 7.826 Thread 0x000001a4beb6f560 DEOPT UNPACKING pc=0x000001a4a16623a3 sp=0x000000545fcfee48 mode 2
Event: 7.828 Thread 0x000001a4beb71240 Uncommon trap: trap_request=0xffffff45 fr.pc=0x000001a4a9151ecc relative=0x000000000000004c
Event: 7.828 Thread 0x000001a4beb71710 Uncommon trap: trap_request=0xffffff45 fr.pc=0x000001a4a9151ecc relative=0x000000000000004c
Event: 7.828 Thread 0x000001a4beb74c00 Uncommon trap: trap_request=0xffffff45 fr.pc=0x000001a4a9151ecc relative=0x000000000000004c
Event: 7.828 Thread 0x000001a4beb71240 Uncommon trap: reason=unstable_if action=reinterpret pc=0x000001a4a9151ecc method=java.lang.Thread.interrupted()Z @ 10 c2
Event: 7.828 Thread 0x000001a4beb74c00 Uncommon trap: reason=unstable_if action=reinterpret pc=0x000001a4a9151ecc method=java.lang.Thread.interrupted()Z @ 10 c2
Event: 7.828 Thread 0x000001a4beb71710 Uncommon trap: reason=unstable_if action=reinterpret pc=0x000001a4a9151ecc method=java.lang.Thread.interrupted()Z @ 10 c2
Event: 7.828 Thread 0x000001a4beb74c00 DEOPT PACKING pc=0x000001a4a9151ecc sp=0x000000545fdff460
Event: 7.828 Thread 0x000001a4beb71240 DEOPT PACKING pc=0x000001a4a9151ecc sp=0x000000545f9ff4e0
Event: 7.828 Thread 0x000001a4beb71240 DEOPT UNPACKING pc=0x000001a4a16623a3 sp=0x000000545f9ff470 mode 2
Event: 7.828 Thread 0x000001a4beb71710 DEOPT PACKING pc=0x000001a4a9151ecc sp=0x000000545fefef00
Event: 7.828 Thread 0x000001a4beb74c00 DEOPT UNPACKING pc=0x000001a4a16623a3 sp=0x000000545fdff3f0 mode 2
Event: 7.828 Thread 0x000001a4beb71710 DEOPT UNPACKING pc=0x000001a4a16623a3 sp=0x000000545fefee90 mode 2

Classes loaded (20 events):
Event: 7.754 Loading class java/util/function/ToIntBiFunction
Event: 7.754 Loading class java/util/function/ToIntBiFunction done
Event: 7.754 Loading class java/util/function/IntBinaryOperator
Event: 7.755 Loading class java/util/function/IntBinaryOperator done
Event: 7.755 Loading class java/io/ObjectOutputStream$PutFieldImpl
Event: 7.755 Loading class java/io/ObjectOutputStream$PutField
Event: 7.755 Loading class java/io/ObjectOutputStream$PutField done
Event: 7.755 Loading class java/io/ObjectOutputStream$PutFieldImpl done
Event: 7.773 Loading class java/util/TreeMap$DescendingSubMap
Event: 7.774 Loading class java/util/TreeMap$NavigableSubMap
Event: 7.774 Loading class java/util/TreeMap$NavigableSubMap done
Event: 7.774 Loading class java/util/TreeMap$DescendingSubMap done
Event: 7.775 Loading class java/util/TreeMap$NavigableSubMap$DescendingSubMapKeyIterator
Event: 7.775 Loading class java/util/TreeMap$NavigableSubMap$SubMapIterator
Event: 7.775 Loading class java/util/TreeMap$NavigableSubMap$SubMapIterator done
Event: 7.775 Loading class java/util/TreeMap$NavigableSubMap$DescendingSubMapKeyIterator done
Event: 7.815 Loading class java/util/TreeMap$KeySpliterator
Event: 7.815 Loading class java/util/TreeMap$TreeMapSpliterator
Event: 7.816 Loading class java/util/TreeMap$TreeMapSpliterator done
Event: 7.816 Loading class java/util/TreeMap$KeySpliterator done

Classes unloaded (2 events):
Event: 6.102 Thread 0x000001a498563360 Unloading class 0x000000080138c528 '_BuildScript_$_run_closure1'
Event: 6.102 Thread 0x000001a498563360 Unloading class 0x000000080138c000 '_BuildScript_'

Classes redefined (0 events):
No events

Internal exceptions (20 events):
Event: 7.582 Thread 0x000001a4bd96eb00 Exception <a 'sun/nio/fs/WindowsException'{0x0000000088ce89d0}> (0x0000000088ce89d0) 
thrown [s\open\src\hotspot\share\prims\jni.cpp, line 516]
Event: 7.604 Thread 0x000001a4bd96eb00 Implicit null exception at 0x000001a4a9209ab1 to 0x000001a4a920a0cc
Event: 7.604 Thread 0x000001a4bd96eb00 Implicit null exception at 0x000001a4a91a2c15 to 0x000001a4a91a31f4
Event: 7.759 Thread 0x000001a4be605870 Exception <a 'java/lang/NoSuchMethodError'{0x000000008804f468}: static Lorg/gradle/tooling/internal/provider/PhasedBuildActionResult;.<clinit>()V> (0x000000008804f468) 
thrown [s\open\src\hotspot\share\prims\jni.cpp, line 1104]
Event: 7.760 Thread 0x000001a4be605870 Exception <a 'java/lang/NoSuchMethodError'{0x000000008807c288}: static Lorg/gradle/tooling/internal/provider/serialization/SerializedPayload;.<clinit>()V> (0x000000008807c288) 
thrown [s\open\src\hotspot\share\prims\jni.cpp, line 1104]
Event: 7.761 Thread 0x000001a4be605870 Exception <a 'java/lang/NoSuchMethodError'{0x00000000880813d8}: static [B.<clinit>()V> (0x00000000880813d8) 
thrown [s\open\src\hotspot\share\prims\jni.cpp, line 1104]
Event: 7.821 Thread 0x000001a4be605870 Exception <a 'java/lang/NoSuchMethodError'{0x0000000087bad9e0}: static Lorg/gradle/internal/build/event/types/DefaultTaskStartedProgressEvent;.<clinit>()V> (0x0000000087bad9e0) 
thrown [s\open\src\hotspot\share\prims\jni.cpp, line 1104]
Event: 7.821 Thread 0x000001a4be605870 Exception <a 'java/lang/NoSuchMethodError'{0x0000000087baf408}: static Lorg/gradle/internal/build/event/types/AbstractProgressEvent;.<clinit>()V> (0x0000000087baf408) 
thrown [s\open\src\hotspot\share\prims\jni.cpp, line 1104]
Event: 7.822 Thread 0x000001a4be605870 Exception <a 'java/lang/NoSuchMethodError'{0x0000000087bbc310}: static Lorg/gradle/internal/build/event/types/DefaultTaskDescriptor;.<clinit>()V> (0x0000000087bbc310) 
thrown [s\open\src\hotspot\share\prims\jni.cpp, line 1104]
Event: 7.823 Thread 0x000001a4be605870 Exception <a 'java/lang/NoSuchMethodError'{0x0000000087bc7e98}: static Lorg/gradle/internal/operations/OperationIdentifier;.<clinit>()V> (0x0000000087bc7e98) 
thrown [s\open\src\hotspot\share\prims\jni.cpp, line 1104]
Event: 7.826 Thread 0x000001a4be605870 Exception <a 'java/lang/NoSuchMethodError'{0x0000000087bd2670}: static Lorg/gradle/internal/build/event/types/DefaultTaskFinishedProgressEvent;.<clinit>()V> (0x0000000087bd2670) 
thrown [s\open\src\hotspot\share\prims\jni.cpp, line 1104]
Event: 7.828 Thread 0x000001a4be605870 Exception <a 'java/lang/NoSuchMethodError'{0x0000000087a183c8}: static Lorg/gradle/internal/build/event/types/DefaultTaskSuccessResult;.<clinit>()V> (0x0000000087a183c8) 
thrown [s\open\src\hotspot\share\prims\jni.cpp, line 1104]
Event: 7.829 Thread 0x000001a4be605870 Exception <a 'java/lang/NoSuchMethodError'{0x0000000087a19ae0}: static Lorg/gradle/internal/build/event/types/AbstractTaskResult;.<clinit>()V> (0x0000000087a19ae0) 
thrown [s\open\src\hotspot\share\prims\jni.cpp, line 1104]
Event: 7.829 Thread 0x000001a4be605870 Exception <a 'java/lang/NoSuchMethodError'{0x0000000087a1b620}: static Lorg/gradle/internal/build/event/types/AbstractResult;.<clinit>()V> (0x0000000087a1b620) 
thrown [s\open\src\hotspot\share\prims\jni.cpp, line 1104]
Event: 7.844 Thread 0x000001a4bd96eb00 Exception <a 'java/lang/ClassNotFoundException'{0x0000000087a930e0}: org/jetbrains/plugins/gradle/tooling/util/SourceSetCachedFinder$1BeanInfo> (0x0000000087a930e0) 
thrown [s\open\src\hotspot\share\classfile\systemDictionary.cpp, line 255]
Event: 7.844 Thread 0x000001a4bd96eb00 Exception <a 'java/lang/ClassNotFoundException'{0x0000000087a9a878}: org/jetbrains/plugins/gradle/tooling/util/SourceSetCachedFinder$1Customizer> (0x0000000087a9a878) 
thrown [s\open\src\hotspot\share\classfile\systemDictionary.cpp, line 255]
Event: 7.846 Thread 0x000001a4bd96eb00 Exception <a 'java/lang/ClassNotFoundException'{0x0000000087ac0e10}: org/jetbrains/plugins/gradle/tooling/util/SourceSetCachedFinder$2BeanInfo> (0x0000000087ac0e10) 
thrown [s\open\src\hotspot\share\classfile\systemDictionary.cpp, line 255]
Event: 7.846 Thread 0x000001a4bd96eb00 Exception <a 'java/lang/ClassNotFoundException'{0x0000000087ac85a8}: org/jetbrains/plugins/gradle/tooling/util/SourceSetCachedFinder$2Customizer> (0x0000000087ac85a8) 
thrown [s\open\src\hotspot\share\classfile\systemDictionary.cpp, line 255]
Event: 7.847 Thread 0x000001a4bd96eb00 Exception <a 'java/lang/ClassNotFoundException'{0x0000000087ae9400}: org/jetbrains/plugins/gradle/tooling/util/SourceSetCachedFinderBeanInfo> (0x0000000087ae9400) 
thrown [s\open\src\hotspot\share\classfile\systemDictionary.cpp, line 255]
Event: 7.848 Thread 0x000001a4bd96eb00 Exception <a 'java/lang/ClassNotFoundException'{0x0000000087af0b80}: org/jetbrains/plugins/gradle/tooling/util/SourceSetCachedFinderCustomizer> (0x0000000087af0b80) 
thrown [s\open\src\hotspot\share\classfile\systemDictionary.cpp, line 255]

VM Operations (20 events):
Event: 6.601 Executing VM operation: G1CollectForAllocation done
Event: 6.799 Executing VM operation: HandshakeAllThreads
Event: 6.799 Executing VM operation: HandshakeAllThreads done
Event: 6.853 Executing VM operation: G1CollectForAllocation
Event: 6.856 Executing VM operation: G1CollectForAllocation done
Event: 6.904 Executing VM operation: G1Concurrent
Event: 6.908 Executing VM operation: G1Concurrent done
Event: 6.926 Executing VM operation: G1Concurrent
Event: 6.927 Executing VM operation: G1Concurrent done
Event: 7.285 Executing VM operation: G1CollectForAllocation
Event: 7.290 Executing VM operation: G1CollectForAllocation done
Event: 7.343 Executing VM operation: G1CollectForAllocation
Event: 7.345 Executing VM operation: G1CollectForAllocation done
Event: 7.800 Executing VM operation: ICBufferFull
Event: 7.800 Executing VM operation: ICBufferFull done
Event: 7.818 Executing VM operation: HandshakeAllThreads
Event: 7.819 Executing VM operation: HandshakeAllThreads done
Event: 7.824 Executing VM operation: HandshakeAllThreads
Event: 7.824 Executing VM operation: HandshakeAllThreads done
Event: 7.849 Executing VM operation: G1CollectForAllocation

Events (20 events):
Event: 6.002 Thread 0x000001a4b86f2b80 flushing nmethod 0x000001a4a92ea210
Event: 6.003 Thread 0x000001a4b86f2b80 flushing nmethod 0x000001a4a1d05790
Event: 6.004 Thread 0x000001a4b86f2b80 flushing nmethod 0x000001a4a1d64f90
Event: 6.004 Thread 0x000001a4b86f2b80 flushing nmethod 0x000001a4a1d85010
Event: 7.584 Thread 0x000001a4beb708a0 Thread added: 0x000001a4beb708a0
Event: 7.786 Thread 0x000001a4beb71240 Thread added: 0x000001a4beb71240
Event: 7.786 Thread 0x000001a4beb6e220 Thread added: 0x000001a4beb6e220
Event: 7.786 Thread 0x000001a4beb6dd50 Thread added: 0x000001a4beb6dd50
Event: 7.786 Thread 0x000001a4beb6f560 Thread added: 0x000001a4beb6f560
Event: 7.786 Thread 0x000001a4beb74c00 Thread added: 0x000001a4beb74c00
Event: 7.786 Thread 0x000001a4beb71710 Thread added: 0x000001a4beb71710
Event: 7.787 Thread 0x000001a4beb720b0 Thread added: 0x000001a4beb720b0
Event: 7.799 Thread 0x000001a4beb6f090 Thread added: 0x000001a4beb6f090
Event: 7.828 Thread 0x000001a4beb6dd50 Thread exited: 0x000001a4beb6dd50
Event: 7.828 Thread 0x000001a4beb6e220 Thread exited: 0x000001a4beb6e220
Event: 7.828 Thread 0x000001a4beb6f560 Thread exited: 0x000001a4beb6f560
Event: 7.828 Thread 0x000001a4beb720b0 Thread exited: 0x000001a4beb720b0
Event: 7.828 Thread 0x000001a4beb71710 Thread exited: 0x000001a4beb71710
Event: 7.828 Thread 0x000001a4beb74c00 Thread exited: 0x000001a4beb74c00
Event: 7.828 Thread 0x000001a4beb71240 Thread exited: 0x000001a4beb71240


Dynamic libraries:
0x00007ff6de1f0000 - 0x00007ff6de200000 	C:\Program Files\Java\jdk-18.0.1.1\bin\java.exe
0x00007ff9074c0000 - 0x00007ff9076c9000 	C:\WINDOWS\SYSTEM32\ntdll.dll
0x00007ff9058e0000 - 0x00007ff90599d000 	C:\WINDOWS\System32\KERNEL32.DLL
0x00007ff904c60000 - 0x00007ff904fd9000 	C:\WINDOWS\System32\KERNELBASE.dll
0x00007ff904b40000 - 0x00007ff904c51000 	C:\WINDOWS\System32\ucrtbase.dll
0x00007ff8e0110000 - 0x00007ff8e012a000 	C:\Program Files\Java\jdk-18.0.1.1\bin\VCRUNTIME140.dll
0x00007ff8e00f0000 - 0x00007ff8e0108000 	C:\Program Files\Java\jdk-18.0.1.1\bin\jli.dll
0x00007ff9059a0000 - 0x00007ff905a4e000 	C:\WINDOWS\System32\ADVAPI32.dll
0x00007ff905a50000 - 0x00007ff905af3000 	C:\WINDOWS\System32\msvcrt.dll
0x00007ff9069b0000 - 0x00007ff906a4e000 	C:\WINDOWS\System32\sechost.dll
0x00007ff905bf0000 - 0x00007ff905d10000 	C:\WINDOWS\System32\RPCRT4.dll
0x00007ff9070a0000 - 0x00007ff90724c000 	C:\WINDOWS\System32\USER32.dll
0x00007ff9049a0000 - 0x00007ff9049c6000 	C:\WINDOWS\System32\win32u.dll
0x00007ff8dc600000 - 0x00007ff8dc8a5000 	C:\WINDOWS\WinSxS\amd64_microsoft.windows.common-controls_6595b64144ccf1df_6.0.22000.120_none_9d947278b86cc467\COMCTL32.dll
0x00007ff907340000 - 0x00007ff907369000 	C:\WINDOWS\System32\GDI32.dll
0x00007ff9051b0000 - 0x00007ff9052c2000 	C:\WINDOWS\System32\gdi32full.dll
0x00007ff905050000 - 0x00007ff9050ed000 	C:\WINDOWS\System32\msvcp_win.dll
0x00007ff8ff2c0000 - 0x00007ff8ff2ca000 	C:\WINDOWS\SYSTEM32\VERSION.dll
0x00007ff907370000 - 0x00007ff9073a1000 	C:\WINDOWS\System32\IMM32.DLL
0x00007ff900ea0000 - 0x00007ff900eac000 	C:\Program Files\Java\jdk-18.0.1.1\bin\vcruntime140_1.dll
0x00007ff8ce880000 - 0x00007ff8ce90d000 	C:\Program Files\Java\jdk-18.0.1.1\bin\msvcp140.dll
0x00007ff887c10000 - 0x00007ff888820000 	C:\Program Files\Java\jdk-18.0.1.1\bin\server\jvm.dll
0x00007ff907330000 - 0x00007ff907338000 	C:\WINDOWS\System32\PSAPI.DLL
0x00007ff8ff360000 - 0x00007ff8ff393000 	C:\WINDOWS\SYSTEM32\WINMM.dll
0x00007ff8bec00000 - 0x00007ff8bec09000 	C:\WINDOWS\SYSTEM32\WSOCK32.dll
0x00007ff906a50000 - 0x00007ff906abf000 	C:\WINDOWS\System32\WS2_32.dll
0x00007ff903b90000 - 0x00007ff903ba8000 	C:\WINDOWS\SYSTEM32\kernel.appcore.dll
0x00007ff900e10000 - 0x00007ff900e1a000 	C:\Program Files\Java\jdk-18.0.1.1\bin\jimage.dll
0x00007ff9024f0000 - 0x00007ff902711000 	C:\WINDOWS\SYSTEM32\DBGHELP.DLL
0x00007ff8fa780000 - 0x00007ff8fa7b1000 	C:\WINDOWS\SYSTEM32\dbgcore.DLL
0x00007ff9052d0000 - 0x00007ff90534f000 	C:\WINDOWS\System32\bcryptPrimitives.dll
0x00007ff8e0050000 - 0x00007ff8e0075000 	C:\Program Files\Java\jdk-18.0.1.1\bin\java.dll
0x00007ff8b8bb0000 - 0x00007ff8b8c86000 	C:\Program Files\Java\jdk-18.0.1.1\bin\jsvml.dll
0x00007ff905ed0000 - 0x00007ff906688000 	C:\WINDOWS\System32\SHELL32.dll
0x00007ff902b20000 - 0x00007ff903388000 	C:\WINDOWS\SYSTEM32\windows.storage.dll
0x00007ff905560000 - 0x00007ff9058d9000 	C:\WINDOWS\System32\combase.dll
0x00007ff9029b0000 - 0x00007ff902b16000 	C:\WINDOWS\SYSTEM32\wintypes.dll
0x00007ff9068c0000 - 0x00007ff9069aa000 	C:\WINDOWS\System32\SHCORE.dll
0x00007ff905490000 - 0x00007ff9054ed000 	C:\WINDOWS\System32\shlwapi.dll
0x00007ff9048d0000 - 0x00007ff9048f1000 	C:\WINDOWS\SYSTEM32\profapi.dll
0x00007ff8e0090000 - 0x00007ff8e00a3000 	C:\Program Files\Java\jdk-18.0.1.1\bin\net.dll
0x00007ff8ff160000 - 0x00007ff8ff26c000 	C:\WINDOWS\SYSTEM32\WINHTTP.dll
0x00007ff903fc0000 - 0x00007ff904027000 	C:\WINDOWS\system32\mswsock.dll
0x00007ff8e0030000 - 0x00007ff8e0046000 	C:\Program Files\Java\jdk-18.0.1.1\bin\nio.dll
0x00007ff8dc030000 - 0x00007ff8dc048000 	C:\Program Files\Java\jdk-18.0.1.1\bin\zip.dll
0x00007ff900e20000 - 0x00007ff900e30000 	C:\Program Files\Java\jdk-18.0.1.1\bin\verify.dll
0x00007ff8ce790000 - 0x00007ff8ce7b7000 	C:\Program Files\Java\jre1.8.0_333\native\e1d6ef7f7dcc3fd88c89a11ec53ec762bb8ba0a96d01ffa2cd45eb1d1d8dd5c5\windows-amd64\native-platform.dll
0x00007ff8b7d10000 - 0x00007ff8b7e54000 	C:\Program Files\Java\jre1.8.0_333\native\5664cfc778a61ccfe75a443a1ab52a65af34e5dc3c78e0209fed803814484fcb\windows-amd64\native-platform-file-events.dll
0x00007ff900e40000 - 0x00007ff900e49000 	C:\Program Files\Java\jdk-18.0.1.1\bin\management.dll
0x00007ff900e30000 - 0x00007ff900e3b000 	C:\Program Files\Java\jdk-18.0.1.1\bin\management_ext.dll
0x00007ff904200000 - 0x00007ff904218000 	C:\WINDOWS\SYSTEM32\CRYPTSP.dll
0x00007ff903af0000 - 0x00007ff903b25000 	C:\WINDOWS\system32\rsaenh.dll
0x00007ff9040b0000 - 0x00007ff9040d9000 	C:\WINDOWS\SYSTEM32\USERENV.dll
0x00007ff904380000 - 0x00007ff9043a7000 	C:\WINDOWS\SYSTEM32\bcrypt.dll
0x00007ff904220000 - 0x00007ff90422c000 	C:\WINDOWS\SYSTEM32\CRYPTBASE.dll
0x00007ff9036c0000 - 0x00007ff9036ed000 	C:\WINDOWS\SYSTEM32\IPHLPAPI.DLL
0x00007ff906710000 - 0x00007ff906719000 	C:\WINDOWS\System32\NSI.dll
0x00007ff8ff2e0000 - 0x00007ff8ff2f9000 	C:\WINDOWS\SYSTEM32\dhcpcsvc6.DLL
0x00007ff8ff4a0000 - 0x00007ff8ff4be000 	C:\WINDOWS\SYSTEM32\dhcpcsvc.DLL
0x00007ff9036f0000 - 0x00007ff9037d8000 	C:\WINDOWS\SYSTEM32\DNSAPI.dll

dbghelp: loaded successfully - version: 4.0.5 - missing functions: none
symbol engine: initialized successfully - sym options: 0x614 - pdb path: .;C:\Program Files\Java\jdk-18.0.1.1\bin;C:\WINDOWS\SYSTEM32;C:\WINDOWS\WinSxS\amd64_microsoft.windows.common-controls_6595b64144ccf1df_6.0.22000.120_none_9d947278b86cc467;C:\Program Files\Java\jdk-18.0.1.1\bin\server;C:\Program Files\Java\jre1.8.0_333\native\e1d6ef7f7dcc3fd88c89a11ec53ec762bb8ba0a96d01ffa2cd45eb1d1d8dd5c5\windows-amd64;C:\Program Files\Java\jre1.8.0_333\native\5664cfc778a61ccfe75a443a1ab52a65af34e5dc3c78e0209fed803814484fcb\windows-amd64

VM Arguments:
jvm_args: --add-opens=java.base/java.util=ALL-UNNAMED --add-opens=java.base/java.lang=ALL-UNNAMED --add-opens=java.base/java.lang.invoke=ALL-UNNAMED --add-opens=java.base/java.util=ALL-UNNAMED --add-opens=java.prefs/java.util.prefs=ALL-UNNAMED --add-opens=java.prefs/java.util.prefs=ALL-UNNAMED --add-opens=java.base/java.nio.charset=ALL-UNNAMED --add-opens=java.base/java.net=ALL-UNNAMED --add-opens=java.base/java.util.concurrent.atomic=ALL-UNNAMED -Xmx2048m -Dfile.encoding=UTF-8 -Duser.country=US -Duser.language=en -Duser.variant 
java_command: org.gradle.launcher.daemon.bootstrap.GradleDaemon 7.3.3
java_class_path (initial): C:\Program Files\Java\jre1.8.0_333\wrapper\dists\gradle-7.3.3-bin\6a41zxkdtcxs8rphpq6y0069z\gradle-7.3.3\lib\gradle-launcher-7.3.3.jar
Launcher Type: SUN_STANDARD

[Global flags]
     intx CICompilerCount                          = 4                                         {product} {ergonomic}
     uint ConcGCThreads                            = 2                                         {product} {ergonomic}
     uint G1ConcRefinementThreads                  = 8                                         {product} {ergonomic}
   size_t G1HeapRegionSize                         = 1048576                                   {product} {ergonomic}
    uintx GCDrainStackTargetSize                   = 64                                        {product} {ergonomic}
   size_t InitialHeapSize                          = 132120576                                 {product} {ergonomic}
   size_t MarkStackSize                            = 4194304                                   {product} {ergonomic}
   size_t MaxHeapSize                              = 2147483648                                {product} {command line}
   size_t MaxNewSize                               = 1287651328                                {product} {ergonomic}
   size_t MinHeapDeltaBytes                        = 1048576                                   {product} {ergonomic}
   size_t MinHeapSize                              = 8388608                                   {product} {ergonomic}
    uintx NonNMethodCodeHeapSize                   = 5839372                                {pd product} {ergonomic}
    uintx NonProfiledCodeHeapSize                  = 122909434                              {pd product} {ergonomic}
    uintx ProfiledCodeHeapSize                     = 122909434                              {pd product} {ergonomic}
    uintx ReservedCodeCacheSize                    = 251658240                              {pd product} {ergonomic}
     bool SegmentedCodeCache                       = true                                      {product} {ergonomic}
   size_t SoftMaxHeapSize                          = 2147483648                             {manageable} {ergonomic}
     bool UseCompressedClassPointers               = true                           {product lp64_product} {ergonomic}
     bool UseCompressedOops                        = true                           {product lp64_product} {ergonomic}
     bool UseG1GC                                  = true                                      {product} {ergonomic}
     bool UseLargePagesIndividualAllocation        = false                                  {pd product} {ergonomic}

Logging:
Log output configuration:
 #0: stdout all=warning uptime,level,tags foldmultilines=false
 #1: stderr all=off uptime,level,tags foldmultilines=false

Environment Variables:
JAVA_HOME=C:\Program Files\Java\jdk-18.0.1.1
PATH=C:\Program Files\Common Files\Oracle\Java\javapath;C:\Windows\system32;C:\Windows;C:\Windows\System32\Wbem;C:\Windows\System32\WindowsPowerShell\v1.0\;C:\Windows\System32\OpenSSH\;C:\Program Files (x86)\NVIDIA Corporation\PhysX\Common;C:\Program Files\NVIDIA Corporation\NVIDIA NvDLISR;F:\Git\cmd;C:\WINDOWS\system32;C:\WINDOWS;C:\WINDOWS\System32\Wbem;C:\WINDOWS\System32\WindowsPowerShell\v1.0\;C:\WINDOWS\System32\OpenSSH\;C:\Program Files\Java\jdk-18.0.1.1\bin;C:\Program Files\Java\jdk-18.0.1.1\bin;D:\flutter\bin;C:\Program Files\JetBrains\IntelliJ IDEA Community Edition 2021.3.2\bin;;C:\Users\NoteBook TANDIS\AppData\Local\Microsoft\WindowsApps;dart-sdk;;C:\Users\NoteBook TANDIS\AppData\Local\Programs\Microsoft VS Code\bin
USERNAME=NoteBook TANDIS
OS=Windows_NT
PROCESSOR_IDENTIFIER=Intel64 Family 6 Model 165 Stepping 2, GenuineIntel



---------------  S Y S T E M  ---------------

OS:
 Windows 11 , 64 bit Build 22000 (10.0.22000.708)
OS uptime: 0 days 1:50 hours

CPU: total 8 (initial active 8) (4 cores per cpu, 2 threads per core) family 6 model 165 stepping 2 microcode 0xea, cx8, cmov, fxsr, ht, mmx, 3dnowpref, sse, sse2, sse3, ssse3, sse4.1, sse4.2, popcnt, lzcnt, tsc, tscinvbit, avx, avx2, aes, erms, clmul, bmi1, bmi2, adx, fma, vzeroupper, clflush, clflushopt

Memory: 4k page, system-wide physical 8023M (425M free)
TotalPageFile size 11023M (AvailPageFile size 10M)
current process WorkingSet (physical memory assigned to process): 402M, peak: 402M
current process commit charge ("private bytes"): 446M, peak: 613M

vm_info: Java HotSpot(TM) 64-Bit Server VM (18.0.1.1+2-6) for windows-amd64 JRE (18.0.1.1+2-6), built on Apr 25 2022 21:53:15 by "mach5one" with MS VC++ 16.8 / 16.9 (VS2019)

END.
