#
# There is insufficient memory for the Java Runtime Environment to continue.
# Native memory allocation (malloc) failed to allocate 339344 bytes for Chunk::new
# Possible reasons:
#   The system is out of physical RAM or swap space
#   The process is running with CompressedOops enabled, and the Java Heap may be blocking the growth of the native heap
# Possible solutions:
#   Reduce memory load on the system
#   Increase physical memory or swap space
#   Check if swap backing store is full
#   Decrease Java heap size (-Xmx/-Xms)
#   Decrease number of Java threads
#   Decrease Java thread stack sizes (-Xss)
#   Set larger code cache with -XX:ReservedCodeCacheSize=
#   JVM is running with Unscaled Compressed Oops mode in which the Java heap is
#     placed in the first 4GB address space. The Java Heap base address is the
#     maximum limit for the native heap growth. Please use -XX:HeapBaseMinAddress
#     to set the Java Heap base and to place the Java Heap above 4GB virtual address.
# This output file may be truncated or incomplete.
#
#  Out of Memory Error (arena.cpp:184), pid=3540, tid=14948
#
# JRE version: Java(TM) SE Runtime Environment (18.0.1.1+2) (build 18.0.1.1+2-6)
# Java VM: Java HotSpot(TM) 64-Bit Server VM (18.0.1.1+2-6, mixed mode, sharing, tiered, compressed oops, compressed class ptrs, g1 gc, windows-amd64)
# No core dump will be written. Minidumps are not enabled by default on client versions of Windows
#

---------------  S U M M A R Y ------------

Command Line: --add-opens=java.base/java.util=ALL-UNNAMED --add-opens=java.base/java.lang=ALL-UNNAMED --add-opens=java.base/java.lang.invoke=ALL-UNNAMED --add-opens=java.base/java.util=ALL-UNNAMED --add-opens=java.prefs/java.util.prefs=ALL-UNNAMED --add-opens=java.prefs/java.util.prefs=ALL-UNNAMED --add-opens=java.base/java.nio.charset=ALL-UNNAMED --add-opens=java.base/java.net=ALL-UNNAMED --add-opens=java.base/java.util.concurrent.atomic=ALL-UNNAMED -Xmx2048m -Dfile.encoding=UTF-8 -Duser.country=US -Duser.language=en -Duser.variant org.gradle.launcher.daemon.bootstrap.GradleDaemon 7.3.3

Host: Intel(R) Core(TM) i5-10300H CPU @ 2.50GHz, 8 cores, 7G,  Windows 11 , 64 bit Build 22000 (10.0.22000.708)
Time: Mon Jul 11 12:26:15 2022 Iran Daylight Time elapsed time: 5.288410 seconds (0d 0h 0m 5s)

---------------  T H R E A D  ---------------

Current thread (0x0000023144b1fc00):  JavaThread "C2 CompilerThread0" daemon [_thread_in_native, id=14948, stack(0x00000077e1600000,0x00000077e1700000)]


Current CompileTask:
C2:   5288 6641   !   4       com.google.common.reflect.TypeVisitor::visit (244 bytes)

Stack: [0x00000077e1600000,0x00000077e1700000]
Native frames: (J=compiled Java code, j=interpreted, Vv=VM code, C=native code)
V  [jvm.dll+0x69887a]
V  [jvm.dll+0x7f38bd]
V  [jvm.dll+0x7f51ce]
V  [jvm.dll+0x7f5883]
V  [jvm.dll+0x25ca3f]
V  [jvm.dll+0xb8c2f]
V  [jvm.dll+0xb8fa5]
V  [jvm.dll+0x1325ff]
V  [jvm.dll+0x626342]
V  [jvm.dll+0x62a9af]
V  [jvm.dll+0x22fa98]
V  [jvm.dll+0x22eff1]
V  [jvm.dll+0x1b9cfc]
V  [jvm.dll+0x23e8ca]
V  [jvm.dll+0x23cbb5]
V  [jvm.dll+0x7a5fb1]
V  [jvm.dll+0x7a03ea]
V  [jvm.dll+0x697725]
C  [ucrtbase.dll+0x26c0c]
C  [KERNEL32.DLL+0x154e0]
C  [ntdll.dll+0x485b]


---------------  P R O C E S S  ---------------

Threads class SMR info:
_java_thread_list=0x000002314d6efa70, length=124, elements={
0x00000231248e17a0, 0x0000023144b01390, 0x0000023144b01ff0, 0x0000023144b1d340,
0x0000023144b1dbf0, 0x0000023144b1e590, 0x0000023144b1ef30, 0x0000023144b1fc00,
0x0000023144b2c650, 0x0000023144b325f0, 0x0000023148da2200, 0x0000023148da48f0,
0x0000023149006600, 0x000002314a657f40, 0x000002314a795e70, 0x000002314a4ea190,
0x000002314a58b9f0, 0x000002314a253230, 0x000002314a3120d0, 0x000002314a546df0,
0x000002314a54ee10, 0x000002314a54f7b0, 0x000002314a54e470, 0x000002314a54fc80,
0x000002314a54e940, 0x000002314a551490, 0x000002314a550af0, 0x000002314a550fc0,
0x000002314a54dfa0, 0x000002314a550150, 0x000002314a54f2e0, 0x000002314a550620,
0x000002314b61d750, 0x000002314b61b0d0, 0x000002314b61a260, 0x000002314b61b5a0,
0x000002314b61a730, 0x000002314b6198c0, 0x000002314b61dc20, 0x000002314b6180b0,
0x000002314b61bf40, 0x000002314b61c410, 0x000002314b61e5c0, 0x000002314b61ea90,
0x000002314b617240, 0x000002314b617710, 0x000002314b618580, 0x000002314b618a50,
0x000002314b618f20, 0x000002314b619d90, 0x000002314dc64870, 0x000002314dc656e0,
0x000002314dc63530, 0x000002314dc69570, 0x000002314dc68230, 0x000002314dc63060,
0x000002314dc643a0, 0x000002314dc64d40, 0x000002314dc67890, 0x000002314dc68700,
0x000002314dc65210, 0x000002314dc66080, 0x000002314dc65bb0, 0x000002314dc69f10,
0x000002314dc66550, 0x000002314dc66a20, 0x000002314dc6a8b0, 0x000002314dc63a00,
0x000002314dc66ef0, 0x000002314dc63ed0, 0x000002314dc673c0, 0x000002314dc68bd0,
0x000002314dc67d60, 0x000002314dc690a0, 0x000002314dc69a40, 0x000002314dc6a3e0,
0x000002314dee5c00, 0x000002314dee2710, 0x000002314dee5260, 0x000002314dee60d0,
0x000002314dee2be0, 0x000002314dee3580, 0x000002314dee6a70, 0x000002314dee0090,
0x000002314dee7410, 0x000002314dee1d70, 0x000002314dee30b0, 0x000002314dee43f0,
0x000002314dee6f40, 0x000002314dee4d90, 0x000002314dee3a50, 0x000002314dee13d0,
0x000002314dee3f20, 0x000002314dee5730, 0x000002314dee78e0, 0x000002314dee0560,
0x000002314dee65a0, 0x000002314dee0a30, 0x000002314dee0f00, 0x000002314dee18a0,
0x000002314dee2240, 0x000002314dee48c0, 0x000002314d9c8050, 0x000002314d9c4690,
0x000002314d9c8ec0, 0x000002314d9c3cf0, 0x000002314d9c59d0, 0x000002314d9c4b60,
0x000002314d9c5ea0, 0x000002314d9c9d30, 0x000002314d9c5030, 0x000002314d9c2e80,
0x000002314d9c71e0, 0x000002314d9c9390, 0x000002314d9c5500, 0x000002314d9ca200,
0x000002314d9c9860, 0x000002314d9c41c0, 0x000002314d9c6370, 0x000002314d9c6840,
0x000002314d9c6d10, 0x000002314d9c76b0, 0x000002314d9c7b80, 0x000002314d9c8520
}

Java Threads: ( => current thread )
  0x00000231248e17a0 JavaThread "main" [_thread_blocked, id=14980, stack(0x00000077e0900000,0x00000077e0a00000)]
  0x0000023144b01390 JavaThread "Reference Handler" daemon [_thread_blocked, id=7936, stack(0x00000077e1000000,0x00000077e1100000)]
  0x0000023144b01ff0 JavaThread "Finalizer" daemon [_thread_blocked, id=15724, stack(0x00000077e1100000,0x00000077e1200000)]
  0x0000023144b1d340 JavaThread "Signal Dispatcher" daemon [_thread_blocked, id=8872, stack(0x00000077e1200000,0x00000077e1300000)]
  0x0000023144b1dbf0 JavaThread "Attach Listener" daemon [_thread_blocked, id=16616, stack(0x00000077e1300000,0x00000077e1400000)]
  0x0000023144b1e590 JavaThread "Service Thread" daemon [_thread_blocked, id=16232, stack(0x00000077e1400000,0x00000077e1500000)]
  0x0000023144b1ef30 JavaThread "Monitor Deflation Thread" daemon [_thread_blocked, id=16244, stack(0x00000077e1500000,0x00000077e1600000)]
=>0x0000023144b1fc00 JavaThread "C2 CompilerThread0" daemon [_thread_in_native, id=14948, stack(0x00000077e1600000,0x00000077e1700000)]
  0x0000023144b2c650 JavaThread "C1 CompilerThread0" daemon [_thread_blocked, id=17120, stack(0x00000077e1700000,0x00000077e1800000)]
  0x0000023144b325f0 JavaThread "Sweeper thread" daemon [_thread_blocked, id=13988, stack(0x00000077e1800000,0x00000077e1900000)]
  0x0000023148da2200 JavaThread "Common-Cleaner" daemon [_thread_blocked, id=12692, stack(0x00000077e1900000,0x00000077e1a00000)]
  0x0000023148da48f0 JavaThread "Notification Thread" daemon [_thread_blocked, id=12796, stack(0x00000077e1a00000,0x00000077e1b00000)]
  0x0000023149006600 JavaThread "C2 CompilerThread1" daemon [_thread_in_native, id=15752, stack(0x00000077e1c00000,0x00000077e1d00000)]
  0x000002314a657f40 JavaThread "Daemon health stats" [_thread_blocked, id=3748, stack(0x00000077e2200000,0x00000077e2300000)]
  0x000002314a795e70 JavaThread "Incoming local TCP Connector on port 60083" [_thread_in_native, id=9536, stack(0x00000077e2100000,0x00000077e2200000)]
  0x000002314a4ea190 JavaThread "Daemon periodic checks" [_thread_blocked, id=10884, stack(0x00000077e2300000,0x00000077e2400000)]
  0x000002314a58b9f0 JavaThread "Daemon" [_thread_blocked, id=2392, stack(0x00000077e2400000,0x00000077e2500000)]
  0x000002314a253230 JavaThread "Handler for socket connection from /127.0.0.1:60083 to /127.0.0.1:60084" [_thread_in_native, id=16636, stack(0x00000077e2500000,0x00000077e2600000)]
  0x000002314a3120d0 JavaThread "Cancel handler" [_thread_blocked, id=16208, stack(0x00000077e2600000,0x00000077e2700000)]
  0x000002314a546df0 JavaThread "Daemon worker" [_thread_in_Java, id=16624, stack(0x00000077e2700000,0x00000077e2800000)]
  0x000002314a54ee10 JavaThread "Asynchronous log dispatcher for DefaultDaemonConnection: socket connection from /127.0.0.1:60083 to /127.0.0.1:60084" [_thread_blocked, id=2628, stack(0x00000077e2800000,0x00000077e2900000)]
  0x000002314a54f7b0 JavaThread "Stdin handler" [_thread_blocked, id=764, stack(0x00000077e2900000,0x00000077e2a00000)]
  0x000002314a54e470 JavaThread "Daemon client event forwarder" [_thread_blocked, id=1424, stack(0x00000077e2a00000,0x00000077e2b00000)]
  0x000002314a54fc80 JavaThread "Cache worker for journal cache (C:\Program Files\Java\jre1.8.0_333\caches\journal-1)" [_thread_blocked, id=16832, stack(0x00000077e2b00000,0x00000077e2c00000)]
  0x000002314a54e940 JavaThread "File lock request listener" [_thread_in_native, id=10796, stack(0x00000077e2c00000,0x00000077e2d00000)]
  0x000002314a551490 JavaThread "Cache worker for file hash cache (C:\Program Files\Java\jre1.8.0_333\caches\7.3.3\fileHashes)" [_thread_blocked, id=4048, stack(0x00000077e2d00000,0x00000077e2e00000)]
  0x000002314a550af0 JavaThread "Cache worker for file hash cache (D:\BatteryManager\.gradle\7.3.3\fileHashes)" [_thread_blocked, id=7964, stack(0x00000077e2e00000,0x00000077e2f00000)]
  0x000002314a550fc0 JavaThread "File watcher server" daemon [_thread_in_native, id=12648, stack(0x00000077e3200000,0x00000077e3300000)]
  0x000002314a54dfa0 JavaThread "File watcher consumer" daemon [_thread_blocked, id=12020, stack(0x00000077e3300000,0x00000077e3400000)]
  0x000002314a550150 JavaThread "jar transforms" [_thread_blocked, id=2504, stack(0x00000077e3400000,0x00000077e3500000)]
  0x000002314a54f2e0 JavaThread "jar transforms Thread 2" [_thread_blocked, id=13088, stack(0x00000077e3500000,0x00000077e3600000)]
  0x000002314a550620 JavaThread "jar transforms Thread 3" [_thread_blocked, id=7796, stack(0x00000077e3600000,0x00000077e3700000)]
  0x000002314b61d750 JavaThread "jar transforms Thread 4" [_thread_blocked, id=15660, stack(0x00000077e3700000,0x00000077e3800000)]
  0x000002314b61b0d0 JavaThread "jar transforms Thread 5" [_thread_blocked, id=12408, stack(0x00000077e3800000,0x00000077e3900000)]
  0x000002314b61a260 JavaThread "jar transforms Thread 6" [_thread_blocked, id=16728, stack(0x00000077e3900000,0x00000077e3a00000)]
  0x000002314b61b5a0 JavaThread "jar transforms Thread 7" [_thread_blocked, id=2852, stack(0x00000077e3a00000,0x00000077e3b00000)]
  0x000002314b61a730 JavaThread "jar transforms Thread 8" [_thread_blocked, id=4112, stack(0x00000077e3b00000,0x00000077e3c00000)]
  0x000002314b6198c0 JavaThread "Cache worker for checksums cache (D:\BatteryManager\.gradle\7.3.3\checksums)" [_thread_blocked, id=16272, stack(0x00000077e3d00000,0x00000077e3e00000)]
  0x000002314b61dc20 JavaThread "Cache worker for cache directory md-supplier (C:\Program Files\Java\jre1.8.0_333\caches\7.3.3\md-supplier)" [_thread_blocked, id=11992, stack(0x00000077e3e00000,0x00000077e3f00000)]
  0x000002314b6180b0 JavaThread "Cache worker for cache directory md-rule (C:\Program Files\Java\jre1.8.0_333\caches\7.3.3\md-rule)" [_thread_blocked, id=13944, stack(0x00000077e3f00000,0x00000077e4000000)]
  0x000002314b61bf40 JavaThread "Cache worker for execution history cache (C:\Program Files\Java\jre1.8.0_333\caches\7.3.3\executionHistory)" [_thread_blocked, id=13508, stack(0x00000077e4000000,0x00000077e4100000)]
  0x000002314b61c410 JavaThread "Cache worker for file content cache (C:\Program Files\Java\jre1.8.0_333\caches\7.3.3\fileContent)" [_thread_blocked, id=14316, stack(0x00000077e4100000,0x00000077e4200000)]
  0x000002314b61e5c0 JavaThread "Cache worker for dependencies-accessors (D:\BatteryManager\.gradle\7.3.3\dependencies-accessors)" [_thread_blocked, id=15984, stack(0x00000077e4200000,0x00000077e4300000)]
  0x000002314b61ea90 JavaThread "Cache worker for Build Output Cleanup Cache (D:\BatteryManager\.gradle\buildOutputCleanup)" [_thread_blocked, id=10852, stack(0x00000077e4300000,0x00000077e4400000)]
  0x000002314b617240 JavaThread "Unconstrained build operations" [_thread_blocked, id=16840, stack(0x00000077e4400000,0x00000077e4500000)]
  0x000002314b617710 JavaThread "Unconstrained build operations Thread 2" [_thread_blocked, id=13964, stack(0x00000077e4500000,0x00000077e4600000)]
  0x000002314b618580 JavaThread "Unconstrained build operations Thread 3" [_thread_blocked, id=9800, stack(0x00000077e4600000,0x00000077e4700000)]
  0x000002314b618a50 JavaThread "Unconstrained build operations Thread 4" [_thread_blocked, id=17116, stack(0x00000077e4700000,0x00000077e4800000)]
  0x000002314b618f20 JavaThread "Unconstrained build operations Thread 5" [_thread_blocked, id=5028, stack(0x00000077e4800000,0x00000077e4900000)]
  0x000002314b619d90 JavaThread "Unconstrained build operations Thread 6" [_thread_blocked, id=13660, stack(0x00000077e4900000,0x00000077e4a00000)]
  0x000002314dc64870 JavaThread "Unconstrained build operations Thread 7" [_thread_blocked, id=9748, stack(0x00000077e4a00000,0x00000077e4b00000)]
  0x000002314dc656e0 JavaThread "Unconstrained build operations Thread 8" [_thread_blocked, id=13516, stack(0x00000077e4b00000,0x00000077e4c00000)]
  0x000002314dc63530 JavaThread "Unconstrained build operations Thread 9" [_thread_blocked, id=6784, stack(0x00000077e4c00000,0x00000077e4d00000)]
  0x000002314dc69570 JavaThread "Unconstrained build operations Thread 10" [_thread_blocked, id=2088, stack(0x00000077e4d00000,0x00000077e4e00000)]
  0x000002314dc68230 JavaThread "Unconstrained build operations Thread 11" [_thread_blocked, id=5396, stack(0x00000077e4e00000,0x00000077e4f00000)]
  0x000002314dc63060 JavaThread "Unconstrained build operations Thread 12" [_thread_blocked, id=4264, stack(0x00000077e4f00000,0x00000077e5000000)]
  0x000002314dc643a0 JavaThread "Unconstrained build operations Thread 13" [_thread_blocked, id=15344, stack(0x00000077e5000000,0x00000077e5100000)]
  0x000002314dc64d40 JavaThread "Unconstrained build operations Thread 14" [_thread_blocked, id=3368, stack(0x00000077e5100000,0x00000077e5200000)]
  0x000002314dc67890 JavaThread "Unconstrained build operations Thread 15" [_thread_blocked, id=11376, stack(0x00000077e5200000,0x00000077e5300000)]
  0x000002314dc68700 JavaThread "Unconstrained build operations Thread 16" [_thread_blocked, id=13604, stack(0x00000077e5300000,0x00000077e5400000)]
  0x000002314dc65210 JavaThread "Unconstrained build operations Thread 17" [_thread_blocked, id=4352, stack(0x00000077e5400000,0x00000077e5500000)]
  0x000002314dc66080 JavaThread "Unconstrained build operations Thread 18" [_thread_blocked, id=12980, stack(0x00000077e5500000,0x00000077e5600000)]
  0x000002314dc65bb0 JavaThread "Unconstrained build operations Thread 19" [_thread_blocked, id=13488, stack(0x00000077e5600000,0x00000077e5700000)]
  0x000002314dc69f10 JavaThread "Unconstrained build operations Thread 20" [_thread_blocked, id=13440, stack(0x00000077e5700000,0x00000077e5800000)]
  0x000002314dc66550 JavaThread "Unconstrained build operations Thread 21" [_thread_blocked, id=10772, stack(0x00000077e5800000,0x00000077e5900000)]
  0x000002314dc66a20 JavaThread "Unconstrained build operations Thread 22" [_thread_blocked, id=8976, stack(0x00000077e5900000,0x00000077e5a00000)]
  0x000002314dc6a8b0 JavaThread "Unconstrained build operations Thread 23" [_thread_blocked, id=8824, stack(0x00000077e5a00000,0x00000077e5b00000)]
  0x000002314dc63a00 JavaThread "Unconstrained build operations Thread 24" [_thread_blocked, id=16908, stack(0x00000077e5b00000,0x00000077e5c00000)]
  0x000002314dc66ef0 JavaThread "Unconstrained build operations Thread 25" [_thread_blocked, id=11848, stack(0x00000077e5c00000,0x00000077e5d00000)]
  0x000002314dc63ed0 JavaThread "Unconstrained build operations Thread 26" [_thread_blocked, id=14064, stack(0x00000077e5d00000,0x00000077e5e00000)]
  0x000002314dc673c0 JavaThread "Unconstrained build operations Thread 27" [_thread_blocked, id=16684, stack(0x00000077e5e00000,0x00000077e5f00000)]
  0x000002314dc68bd0 JavaThread "Unconstrained build operations Thread 28" [_thread_blocked, id=4640, stack(0x00000077e5f00000,0x00000077e6000000)]
  0x000002314dc67d60 JavaThread "Unconstrained build operations Thread 29" [_thread_blocked, id=14288, stack(0x00000077e6000000,0x00000077e6100000)]
  0x000002314dc690a0 JavaThread "Unconstrained build operations Thread 30" [_thread_blocked, id=14936, stack(0x00000077e6100000,0x00000077e6200000)]
  0x000002314dc69a40 JavaThread "Unconstrained build operations Thread 31" [_thread_blocked, id=9348, stack(0x00000077e6200000,0x00000077e6300000)]
  0x000002314dc6a3e0 JavaThread "Unconstrained build operations Thread 32" [_thread_blocked, id=8100, stack(0x00000077e6300000,0x00000077e6400000)]
  0x000002314dee5c00 JavaThread "Unconstrained build operations Thread 33" [_thread_blocked, id=17148, stack(0x00000077e6400000,0x00000077e6500000)]
  0x000002314dee2710 JavaThread "Unconstrained build operations Thread 34" [_thread_blocked, id=9712, stack(0x00000077e6500000,0x00000077e6600000)]
  0x000002314dee5260 JavaThread "Unconstrained build operations Thread 35" [_thread_blocked, id=5692, stack(0x00000077e6600000,0x00000077e6700000)]
  0x000002314dee60d0 JavaThread "Unconstrained build operations Thread 36" [_thread_blocked, id=3364, stack(0x00000077e6700000,0x00000077e6800000)]
  0x000002314dee2be0 JavaThread "Unconstrained build operations Thread 37" [_thread_blocked, id=12196, stack(0x00000077e6800000,0x00000077e6900000)]
  0x000002314dee3580 JavaThread "Unconstrained build operations Thread 38" [_thread_blocked, id=6884, stack(0x00000077e6900000,0x00000077e6a00000)]
  0x000002314dee6a70 JavaThread "Unconstrained build operations Thread 39" [_thread_blocked, id=4348, stack(0x00000077e6a00000,0x00000077e6b00000)]
  0x000002314dee0090 JavaThread "Unconstrained build operations Thread 40" [_thread_blocked, id=10452, stack(0x00000077e6b00000,0x00000077e6c00000)]
  0x000002314dee7410 JavaThread "Unconstrained build operations Thread 41" [_thread_blocked, id=12380, stack(0x00000077e6c00000,0x00000077e6d00000)]
  0x000002314dee1d70 JavaThread "Unconstrained build operations Thread 42" [_thread_blocked, id=16124, stack(0x00000077e6d00000,0x00000077e6e00000)]
  0x000002314dee30b0 JavaThread "Unconstrained build operations Thread 43" [_thread_blocked, id=6164, stack(0x00000077e6e00000,0x00000077e6f00000)]
  0x000002314dee43f0 JavaThread "Unconstrained build operations Thread 44" [_thread_blocked, id=6872, stack(0x00000077e6f00000,0x00000077e7000000)]
  0x000002314dee6f40 JavaThread "Unconstrained build operations Thread 45" [_thread_blocked, id=4920, stack(0x00000077e7000000,0x00000077e7100000)]
  0x000002314dee4d90 JavaThread "Unconstrained build operations Thread 46" [_thread_blocked, id=5992, stack(0x00000077e7100000,0x00000077e7200000)]
  0x000002314dee3a50 JavaThread "Unconstrained build operations Thread 47" [_thread_blocked, id=16576, stack(0x00000077e7200000,0x00000077e7300000)]
  0x000002314dee13d0 JavaThread "Unconstrained build operations Thread 48" [_thread_blocked, id=3796, stack(0x00000077e7300000,0x00000077e7400000)]
  0x000002314dee3f20 JavaThread "Unconstrained build operations Thread 49" [_thread_blocked, id=14744, stack(0x00000077e7400000,0x00000077e7500000)]
  0x000002314dee5730 JavaThread "Unconstrained build operations Thread 50" [_thread_blocked, id=9088, stack(0x00000077e7500000,0x00000077e7600000)]
  0x000002314dee78e0 JavaThread "Unconstrained build operations Thread 51" [_thread_blocked, id=16376, stack(0x00000077e7600000,0x00000077e7700000)]
  0x000002314dee0560 JavaThread "Unconstrained build operations Thread 52" [_thread_blocked, id=11456, stack(0x00000077e7700000,0x00000077e7800000)]
  0x000002314dee65a0 JavaThread "Unconstrained build operations Thread 53" [_thread_blocked, id=13560, stack(0x00000077e7800000,0x00000077e7900000)]
  0x000002314dee0a30 JavaThread "Unconstrained build operations Thread 54" [_thread_blocked, id=12232, stack(0x00000077e7900000,0x00000077e7a00000)]
  0x000002314dee0f00 JavaThread "Unconstrained build operations Thread 55" [_thread_blocked, id=8388, stack(0x00000077e7a00000,0x00000077e7b00000)]
  0x000002314dee18a0 JavaThread "Unconstrained build operations Thread 56" [_thread_blocked, id=2436, stack(0x00000077e7b00000,0x00000077e7c00000)]
  0x000002314dee2240 JavaThread "Unconstrained build operations Thread 57" [_thread_blocked, id=12812, stack(0x00000077e7c00000,0x00000077e7d00000)]
  0x000002314dee48c0 JavaThread "Unconstrained build operations Thread 58" [_thread_blocked, id=12108, stack(0x00000077e7d00000,0x00000077e7e00000)]
  0x000002314d9c8050 JavaThread "Unconstrained build operations Thread 59" [_thread_blocked, id=10352, stack(0x00000077e7e00000,0x00000077e7f00000)]
  0x000002314d9c4690 JavaThread "Unconstrained build operations Thread 60" [_thread_blocked, id=12636, stack(0x00000077e7f00000,0x00000077e8000000)]
  0x000002314d9c8ec0 JavaThread "Unconstrained build operations Thread 61" [_thread_blocked, id=15356, stack(0x00000077e8000000,0x00000077e8100000)]
  0x000002314d9c3cf0 JavaThread "Unconstrained build operations Thread 62" [_thread_blocked, id=6888, stack(0x00000077e8100000,0x00000077e8200000)]
  0x000002314d9c59d0 JavaThread "Unconstrained build operations Thread 63" [_thread_blocked, id=10272, stack(0x00000077e8200000,0x00000077e8300000)]
  0x000002314d9c4b60 JavaThread "Unconstrained build operations Thread 64" [_thread_blocked, id=17296, stack(0x00000077e8300000,0x00000077e8400000)]
  0x000002314d9c5ea0 JavaThread "Unconstrained build operations Thread 65" [_thread_blocked, id=4888, stack(0x00000077e8400000,0x00000077e8500000)]
  0x000002314d9c9d30 JavaThread "Unconstrained build operations Thread 66" [_thread_blocked, id=16420, stack(0x00000077e8500000,0x00000077e8600000)]
  0x000002314d9c5030 JavaThread "Unconstrained build operations Thread 67" [_thread_blocked, id=2404, stack(0x00000077e8600000,0x00000077e8700000)]
  0x000002314d9c2e80 JavaThread "Unconstrained build operations Thread 68" [_thread_blocked, id=6184, stack(0x00000077e8700000,0x00000077e8800000)]
  0x000002314d9c71e0 JavaThread "Unconstrained build operations Thread 69" [_thread_blocked, id=6020, stack(0x00000077e8800000,0x00000077e8900000)]
  0x000002314d9c9390 JavaThread "Unconstrained build operations Thread 70" [_thread_blocked, id=13136, stack(0x00000077e8900000,0x00000077e8a00000)]
  0x000002314d9c5500 JavaThread "Unconstrained build operations Thread 71" [_thread_blocked, id=14564, stack(0x00000077e8a00000,0x00000077e8b00000)]
  0x000002314d9ca200 JavaThread "Unconstrained build operations Thread 72" [_thread_blocked, id=7320, stack(0x00000077e8b00000,0x00000077e8c00000)]
  0x000002314d9c9860 JavaThread "Unconstrained build operations Thread 73" [_thread_blocked, id=15280, stack(0x00000077e8c00000,0x00000077e8d00000)]
  0x000002314d9c41c0 JavaThread "Unconstrained build operations Thread 74" [_thread_blocked, id=16644, stack(0x00000077e8d00000,0x00000077e8e00000)]
  0x000002314d9c6370 JavaThread "Unconstrained build operations Thread 75" [_thread_blocked, id=2128, stack(0x00000077e8e00000,0x00000077e8f00000)]
  0x000002314d9c6840 JavaThread "Unconstrained build operations Thread 76" [_thread_blocked, id=9788, stack(0x00000077e8f00000,0x00000077e9000000)]
  0x000002314d9c6d10 JavaThread "Unconstrained build operations Thread 77" [_thread_blocked, id=6828, stack(0x00000077e9000000,0x00000077e9100000)]
  0x000002314d9c76b0 JavaThread "Unconstrained build operations Thread 78" [_thread_blocked, id=8956, stack(0x00000077e9100000,0x00000077e9200000)]
  0x000002314d9c7b80 JavaThread "Unconstrained build operations Thread 79" [_thread_blocked, id=12068, stack(0x00000077e9200000,0x00000077e9300000)]
  0x000002314d9c8520 JavaThread "Unconstrained build operations Thread 80" [_thread_blocked, id=11840, stack(0x00000077e9300000,0x00000077e9400000)]

Other Threads:
  0x00000231249618f0 VMThread "VM Thread" [stack: 0x00000077e0f00000,0x00000077e1000000] [id=8644]
  0x0000023148da57d0 WatcherThread "VM Periodic Task Thread" [stack: 0x00000077e1b00000,0x00000077e1c00000] [id=5888]
  0x00000231249449a0 WorkerThread "GC Thread#0" [stack: 0x00000077e0a00000,0x00000077e0b00000] [id=13116]
  0x0000023149892800 WorkerThread "GC Thread#1" [stack: 0x00000077e1d00000,0x00000077e1e00000] [id=16932]
  0x00000231496703d0 WorkerThread "GC Thread#2" [stack: 0x00000077e1e00000,0x00000077e1f00000] [id=9792]
  0x00000231499e4390 WorkerThread "GC Thread#3" [stack: 0x00000077e1f00000,0x00000077e2000000] [id=16540]
  0x000002314a4f4240 WorkerThread "GC Thread#4" [stack: 0x00000077e2000000,0x00000077e2100000] [id=9960]
  0x000002314ab73f90 WorkerThread "GC Thread#5" [stack: 0x00000077e2f00000,0x00000077e3000000] [id=10960]
  0x000002314ab74a10 WorkerThread "GC Thread#6" [stack: 0x00000077e3000000,0x00000077e3100000] [id=5420]
  0x000002314ab74230 WorkerThread "GC Thread#7" [stack: 0x00000077e3100000,0x00000077e3200000] [id=10732]
  0x00000231249568e0 ConcurrentGCThread "G1 Main Marker" [stack: 0x00000077e0b00000,0x00000077e0c00000] [id=1532]
  0x00000231249572d0 WorkerThread "G1 Conc#0" [stack: 0x00000077e0c00000,0x00000077e0d00000] [id=5312]
  0x000002314ab74cb0 WorkerThread "G1 Conc#1" [stack: 0x00000077e3c00000,0x00000077e3d00000] [id=2968]
  0x00000231249ac6f0 ConcurrentGCThread "G1 Refine#0" [stack: 0x00000077e0d00000,0x00000077e0e00000] [id=16252]
  0x00000231249ad000 ConcurrentGCThread "G1 Service" [stack: 0x00000077e0e00000,0x00000077e0f00000] [id=13760]

Threads with active compile tasks:
C2 CompilerThread0     5306 6641   !   4       com.google.common.reflect.TypeVisitor::visit (244 bytes)
C2 CompilerThread1     5306 6724       4       org.objectweb.asm.SymbolTable::addConstantUtf8 (98 bytes)

VM state: not at safepoint (normal execution)

VM Mutex/Monitor currently owned by a thread: None

Heap address: 0x0000000080000000, size: 2048 MB, Compressed Oops mode: 32-bit

CDS archive(s) mapped at: [0x0000000800000000-0x0000000800ba0000-0x0000000800ba0000), size 12189696, SharedBaseAddress: 0x0000000800000000, ArchiveRelocationMode: 0.
Compressed class space mapped at: 0x0000000800c00000-0x0000000840c00000, reserved size: 1073741824
Narrow klass base: 0x0000000800000000, Narrow klass shift: 0, Narrow klass range: 0x100000000

GC Precious Log:
 CardTable entry size: 512
 Card Set container configuration: InlinePtr #cards 5 size 8 Array Of Cards #cards 12 size 40 Howl #buckets 4 coarsen threshold 1843 Howl Bitmap #cards 512 size 80 coarsen threshold 460 Card regions per heap region 1 cards per card region 2048
 CPUs: 8 total, 8 available
 Memory: 8023M
 Large Page Support: Disabled
 NUMA Support: Disabled
 Compressed Oops: Enabled (32-bit)
 Heap Region Size: 1M
 Heap Min Capacity: 8M
 Heap Initial Capacity: 126M
 Heap Max Capacity: 2G
 Pre-touch: Disabled
 Parallel Workers: 8
 Concurrent Workers: 2
 Concurrent Refinement Workers: 8
 Periodic GC: Disabled

Heap:
 garbage-first heap   total 191488K, used 84973K [0x0000000080000000, 0x0000000100000000)
  region size 1024K, 7 young (7168K), 1 survivors (1024K)
 Metaspace       used 52664K, committed 54272K, reserved 1114112K
  class space    used 7151K, committed 8000K, reserved 1048576K

Heap Regions: E=young(eden), S=young(survivor), O=old, HS=humongous(starts), HC=humongous(continues), CS=collection set, F=free, OA=open archive, CA=closed archive, TAMS=top-at-mark-start (previous, next)
|   0|0x0000000080000000, 0x0000000080100000, 0x0000000080100000|100%| O|  |TAMS 0x0000000080100000, 0x0000000080000000| Untracked 
|   1|0x0000000080100000, 0x0000000080200000, 0x0000000080200000|100%| O|  |TAMS 0x0000000080200000, 0x0000000080100000| Untracked 
|   2|0x0000000080200000, 0x0000000080300000, 0x0000000080300000|100%| O|  |TAMS 0x0000000080300000, 0x0000000080200000| Untracked 
|   3|0x0000000080300000, 0x0000000080400000, 0x0000000080400000|100%|HS|  |TAMS 0x0000000080400000, 0x0000000080300000| Complete 
|   4|0x0000000080400000, 0x0000000080500000, 0x0000000080500000|100%|HC|  |TAMS 0x0000000080500000, 0x0000000080400000| Complete 
|   5|0x0000000080500000, 0x0000000080600000, 0x0000000080600000|100%|HC|  |TAMS 0x0000000080600000, 0x0000000080500000| Complete 
|   6|0x0000000080600000, 0x0000000080700000, 0x0000000080700000|100%| O|  |TAMS 0x0000000080700000, 0x0000000080600000| Untracked 
|   7|0x0000000080700000, 0x0000000080800000, 0x0000000080800000|100%| O|  |TAMS 0x0000000080800000, 0x0000000080700000| Untracked 
|   8|0x0000000080800000, 0x0000000080900000, 0x0000000080900000|100%| O|  |TAMS 0x0000000080900000, 0x0000000080800000| Untracked 
|   9|0x0000000080900000, 0x0000000080a00000, 0x0000000080a00000|100%| O|  |TAMS 0x0000000080a00000, 0x0000000080900000| Untracked 
|  10|0x0000000080a00000, 0x0000000080b00000, 0x0000000080b00000|100%|HS|  |TAMS 0x0000000080b00000, 0x0000000080a00000| Complete 
|  11|0x0000000080b00000, 0x0000000080c00000, 0x0000000080c00000|100%|HC|  |TAMS 0x0000000080c00000, 0x0000000080b00000| Complete 
|  12|0x0000000080c00000, 0x0000000080d00000, 0x0000000080d00000|100%|HS|  |TAMS 0x0000000080d00000, 0x0000000080c00000| Complete 
|  13|0x0000000080d00000, 0x0000000080e00000, 0x0000000080e00000|100%|HC|  |TAMS 0x0000000080e00000, 0x0000000080d00000| Complete 
|  14|0x0000000080e00000, 0x0000000080f00000, 0x0000000080f00000|100%|HC|  |TAMS 0x0000000080f00000, 0x0000000080e00000| Complete 
|  15|0x0000000080f00000, 0x0000000081000000, 0x0000000081000000|100%|HS|  |TAMS 0x0000000081000000, 0x0000000080f00000| Complete 
|  16|0x0000000081000000, 0x0000000081100000, 0x0000000081100000|100%|HS|  |TAMS 0x0000000081100000, 0x0000000081000000| Complete 
|  17|0x0000000081100000, 0x0000000081200000, 0x0000000081200000|100%|HC|  |TAMS 0x0000000081200000, 0x0000000081100000| Complete 
|  18|0x0000000081200000, 0x0000000081300000, 0x0000000081300000|100%|HC|  |TAMS 0x0000000081300000, 0x0000000081200000| Complete 
|  19|0x0000000081300000, 0x0000000081400000, 0x0000000081400000|100%|HC|  |TAMS 0x0000000081400000, 0x0000000081300000| Complete 
|  20|0x0000000081400000, 0x0000000081500000, 0x0000000081500000|100%| O|  |TAMS 0x0000000081500000, 0x0000000081400000| Untracked 
|  21|0x0000000081500000, 0x0000000081600000, 0x0000000081600000|100%| O|  |TAMS 0x0000000081600000, 0x0000000081500000| Untracked 
|  22|0x0000000081600000, 0x0000000081700000, 0x0000000081700000|100%| O|  |TAMS 0x0000000081700000, 0x0000000081600000| Untracked 
|  23|0x0000000081700000, 0x0000000081800000, 0x0000000081800000|100%| O|  |TAMS 0x0000000081800000, 0x0000000081700000| Untracked 
|  24|0x0000000081800000, 0x0000000081900000, 0x0000000081900000|100%| O|  |TAMS 0x0000000081900000, 0x0000000081800000| Untracked 
|  25|0x0000000081900000, 0x0000000081a00000, 0x0000000081a00000|100%| O|  |TAMS 0x0000000081a00000, 0x0000000081900000| Untracked 
|  26|0x0000000081a00000, 0x0000000081b00000, 0x0000000081b00000|100%| O|  |TAMS 0x0000000081b00000, 0x0000000081a00000| Untracked 
|  27|0x0000000081b00000, 0x0000000081c00000, 0x0000000081c00000|100%| O|  |TAMS 0x0000000081c00000, 0x0000000081b00000| Untracked 
|  28|0x0000000081c00000, 0x0000000081cc8c00, 0x0000000081d00000| 78%| O|  |TAMS 0x0000000081cc8c00, 0x0000000081c00000| Untracked 
|  29|0x0000000081d00000, 0x0000000081e00000, 0x0000000081e00000|100%| O|  |TAMS 0x0000000081e00000, 0x0000000081d00000| Untracked 
|  30|0x0000000081e00000, 0x0000000081f00000, 0x0000000081f00000|100%| O|  |TAMS 0x0000000081f00000, 0x0000000081e00000| Untracked 
|  31|0x0000000081f00000, 0x0000000081f00000, 0x0000000082000000|  0%| F|  |TAMS 0x0000000081f00000, 0x0000000081f00000| Untracked 
|  32|0x0000000082000000, 0x0000000082100000, 0x0000000082100000|100%| O|  |TAMS 0x0000000082100000, 0x0000000082000000| Untracked 
|  33|0x0000000082100000, 0x0000000082200000, 0x0000000082200000|100%| O|  |TAMS 0x0000000082200000, 0x0000000082100000| Untracked 
|  34|0x0000000082200000, 0x0000000082300000, 0x0000000082300000|100%| O|  |TAMS 0x0000000082300000, 0x0000000082200000| Untracked 
|  35|0x0000000082300000, 0x0000000082400000, 0x0000000082400000|100%|HS|  |TAMS 0x0000000082400000, 0x0000000082300000| Complete 
|  36|0x0000000082400000, 0x0000000082500000, 0x0000000082500000|100%| O|  |TAMS 0x0000000082500000, 0x0000000082400000| Untracked 
|  37|0x0000000082500000, 0x0000000082600000, 0x0000000082600000|100%| O|  |TAMS 0x0000000082600000, 0x0000000082500000| Untracked 
|  38|0x0000000082600000, 0x0000000082700000, 0x0000000082700000|100%| O|  |TAMS 0x0000000082700000, 0x0000000082600000| Untracked 
|  39|0x0000000082700000, 0x0000000082800000, 0x0000000082800000|100%| O|  |TAMS 0x0000000082800000, 0x0000000082700000| Untracked 
|  40|0x0000000082800000, 0x0000000082900000, 0x0000000082900000|100%| O|  |TAMS 0x0000000082900000, 0x0000000082800000| Untracked 
|  41|0x0000000082900000, 0x0000000082a00000, 0x0000000082a00000|100%| O|  |TAMS 0x0000000082a00000, 0x0000000082900000| Untracked 
|  42|0x0000000082a00000, 0x0000000082b00000, 0x0000000082b00000|100%|HS|  |TAMS 0x0000000082b00000, 0x0000000082a00000| Complete 
|  43|0x0000000082b00000, 0x0000000082c00000, 0x0000000082c00000|100%|HC|  |TAMS 0x0000000082c00000, 0x0000000082b00000| Complete 
|  44|0x0000000082c00000, 0x0000000082d00000, 0x0000000082d00000|100%|HC|  |TAMS 0x0000000082d00000, 0x0000000082c00000| Complete 
|  45|0x0000000082d00000, 0x0000000082e00000, 0x0000000082e00000|100%| O|  |TAMS 0x0000000082e00000, 0x0000000082d00000| Untracked 
|  46|0x0000000082e00000, 0x0000000082f00000, 0x0000000082f00000|100%| O|  |TAMS 0x0000000082f00000, 0x0000000082e00000| Untracked 
|  47|0x0000000082f00000, 0x0000000083000000, 0x0000000083000000|100%| O|  |TAMS 0x0000000083000000, 0x0000000082f00000| Untracked 
|  48|0x0000000083000000, 0x0000000083100000, 0x0000000083100000|100%|HS|  |TAMS 0x0000000083100000, 0x0000000083000000| Complete 
|  49|0x0000000083100000, 0x0000000083200000, 0x0000000083200000|100%|HC|  |TAMS 0x0000000083200000, 0x0000000083100000| Complete 
|  50|0x0000000083200000, 0x0000000083300000, 0x0000000083300000|100%|HC|  |TAMS 0x0000000083300000, 0x0000000083200000| Complete 
|  51|0x0000000083300000, 0x0000000083400000, 0x0000000083400000|100%|HC|  |TAMS 0x0000000083400000, 0x0000000083300000| Complete 
|  52|0x0000000083400000, 0x0000000083500000, 0x0000000083500000|100%| O|  |TAMS 0x0000000083500000, 0x0000000083400000| Untracked 
|  53|0x0000000083500000, 0x0000000083600000, 0x0000000083600000|100%| O|  |TAMS 0x0000000083600000, 0x0000000083500000| Untracked 
|  54|0x0000000083600000, 0x0000000083700000, 0x0000000083700000|100%| O|  |TAMS 0x0000000083700000, 0x0000000083600000| Untracked 
|  55|0x0000000083700000, 0x0000000083800000, 0x0000000083800000|100%| O|  |TAMS 0x0000000083800000, 0x0000000083700000| Untracked 
|  56|0x0000000083800000, 0x0000000083900000, 0x0000000083900000|100%| O|  |TAMS 0x0000000083900000, 0x0000000083800000| Untracked 
|  57|0x0000000083900000, 0x0000000083a00000, 0x0000000083a00000|100%| O|  |TAMS 0x0000000083a00000, 0x0000000083900000| Untracked 
|  58|0x0000000083a00000, 0x0000000083b00000, 0x0000000083b00000|100%| O|  |TAMS 0x0000000083b00000, 0x0000000083a00000| Untracked 
|  59|0x0000000083b00000, 0x0000000083c00000, 0x0000000083c00000|100%| O|  |TAMS 0x0000000083c00000, 0x0000000083b00000| Complete 
|  60|0x0000000083c00000, 0x0000000083d00000, 0x0000000083d00000|100%|HS|  |TAMS 0x0000000083d00000, 0x0000000083c00000| Complete 
|  61|0x0000000083d00000, 0x0000000083e00000, 0x0000000083e00000|100%|HS|  |TAMS 0x0000000083e00000, 0x0000000083d00000| Complete 
|  62|0x0000000083e00000, 0x0000000083f00000, 0x0000000083f00000|100%|HS|  |TAMS 0x0000000083f00000, 0x0000000083e00000| Complete 
|  63|0x0000000083f00000, 0x0000000084000000, 0x0000000084000000|100%|HS|  |TAMS 0x0000000084000000, 0x0000000083f00000| Complete 
|  64|0x0000000084000000, 0x0000000084100000, 0x0000000084100000|100%|HC|  |TAMS 0x0000000084100000, 0x0000000084000000| Complete 
|  65|0x0000000084100000, 0x0000000084200000, 0x0000000084200000|100%|HC|  |TAMS 0x0000000084200000, 0x0000000084100000| Complete 
|  66|0x0000000084200000, 0x0000000084300000, 0x0000000084300000|100%|HS|  |TAMS 0x0000000084300000, 0x0000000084200000| Complete 
|  67|0x0000000084300000, 0x0000000084400000, 0x0000000084400000|100%|HC|  |TAMS 0x0000000084400000, 0x0000000084300000| Complete 
|  68|0x0000000084400000, 0x0000000084500000, 0x0000000084500000|100%| O|  |TAMS 0x0000000084500000, 0x0000000084400000| Untracked 
|  69|0x0000000084500000, 0x0000000084600000, 0x0000000084600000|100%| O|  |TAMS 0x0000000084600000, 0x0000000084500000| Untracked 
|  70|0x0000000084600000, 0x0000000084700000, 0x0000000084700000|100%| O|  |TAMS 0x0000000084700000, 0x0000000084600000| Untracked 
|  71|0x0000000084700000, 0x0000000084800000, 0x0000000084800000|100%| O|  |TAMS 0x0000000084800000, 0x0000000084700000| Untracked 
|  72|0x0000000084800000, 0x0000000084900000, 0x0000000084900000|100%| O|  |TAMS 0x0000000084900000, 0x0000000084800000| Untracked 
|  73|0x0000000084900000, 0x0000000084a00000, 0x0000000084a00000|100%| O|  |TAMS 0x0000000084a00000, 0x0000000084900000| Untracked 
|  74|0x0000000084a00000, 0x0000000084b00000, 0x0000000084b00000|100%| O|  |TAMS 0x0000000084b00000, 0x0000000084a00000| Untracked 
|  75|0x0000000084b00000, 0x0000000084c00000, 0x0000000084c00000|100%| O|  |TAMS 0x0000000084c00000, 0x0000000084b00000| Untracked 
|  76|0x0000000084c00000, 0x0000000084d00000, 0x0000000084d00000|100%| O|  |TAMS 0x0000000084d00000, 0x0000000084c00000| Untracked 
|  77|0x0000000084d00000, 0x0000000084e00000, 0x0000000084e00000|100%| O|  |TAMS 0x0000000084e00000, 0x0000000084d00000| Untracked 
|  78|0x0000000084e00000, 0x0000000084e00000, 0x0000000084f00000|  0%| F|  |TAMS 0x0000000084e00000, 0x0000000084e00000| Untracked 
|  79|0x0000000084f00000, 0x0000000084f00000, 0x0000000085000000|  0%| F|  |TAMS 0x0000000084f00000, 0x0000000084f00000| Untracked 
|  80|0x0000000085000000, 0x0000000085000000, 0x0000000085100000|  0%| F|  |TAMS 0x0000000085000000, 0x0000000085000000| Untracked 
|  81|0x0000000085100000, 0x0000000085100000, 0x0000000085200000|  0%| F|  |TAMS 0x0000000085100000, 0x0000000085100000| Untracked 
|  82|0x0000000085200000, 0x0000000085200000, 0x0000000085300000|  0%| F|  |TAMS 0x0000000085200000, 0x0000000085200000| Untracked 
|  83|0x0000000085300000, 0x0000000085339200, 0x0000000085400000| 22%| O|  |TAMS 0x0000000085339200, 0x0000000085300000| Untracked 
|  84|0x0000000085400000, 0x0000000085400000, 0x0000000085500000|  0%| F|  |TAMS 0x0000000085400000, 0x0000000085400000| Untracked 
|  85|0x0000000085500000, 0x0000000085500000, 0x0000000085600000|  0%| F|  |TAMS 0x0000000085500000, 0x0000000085500000| Untracked 
|  86|0x0000000085600000, 0x0000000085600000, 0x0000000085700000|  0%| F|  |TAMS 0x0000000085600000, 0x0000000085600000| Untracked 
|  87|0x0000000085700000, 0x0000000085700000, 0x0000000085800000|  0%| F|  |TAMS 0x0000000085700000, 0x0000000085700000| Untracked 
|  88|0x0000000085800000, 0x0000000085800000, 0x0000000085900000|  0%| F|  |TAMS 0x0000000085800000, 0x0000000085800000| Untracked 
|  89|0x0000000085900000, 0x0000000085900000, 0x0000000085a00000|  0%| F|  |TAMS 0x0000000085900000, 0x0000000085900000| Untracked 
|  90|0x0000000085a00000, 0x0000000085a00000, 0x0000000085b00000|  0%| F|  |TAMS 0x0000000085a00000, 0x0000000085a00000| Untracked 
|  91|0x0000000085b00000, 0x0000000085b00000, 0x0000000085c00000|  0%| F|  |TAMS 0x0000000085b00000, 0x0000000085b00000| Untracked 
|  92|0x0000000085c00000, 0x0000000085c00000, 0x0000000085d00000|  0%| F|  |TAMS 0x0000000085c00000, 0x0000000085c00000| Untracked 
|  93|0x0000000085d00000, 0x0000000085d00000, 0x0000000085e00000|  0%| F|  |TAMS 0x0000000085d00000, 0x0000000085d00000| Untracked 
|  94|0x0000000085e00000, 0x0000000085e00000, 0x0000000085f00000|  0%| F|  |TAMS 0x0000000085e00000, 0x0000000085e00000| Untracked 
|  95|0x0000000085f00000, 0x0000000085f00000, 0x0000000086000000|  0%| F|  |TAMS 0x0000000085f00000, 0x0000000085f00000| Untracked 
|  96|0x0000000086000000, 0x00000000860f9868, 0x0000000086100000| 97%| S|CS|TAMS 0x0000000086000000, 0x0000000086000000| Complete 
|  97|0x0000000086100000, 0x0000000086100000, 0x0000000086200000|  0%| F|  |TAMS 0x0000000086100000, 0x0000000086100000| Untracked 
|  98|0x0000000086200000, 0x0000000086200000, 0x0000000086300000|  0%| F|  |TAMS 0x0000000086200000, 0x0000000086200000| Untracked 
|  99|0x0000000086300000, 0x0000000086300000, 0x0000000086400000|  0%| F|  |TAMS 0x0000000086300000, 0x0000000086300000| Untracked 
| 100|0x0000000086400000, 0x0000000086400000, 0x0000000086500000|  0%| F|  |TAMS 0x0000000086400000, 0x0000000086400000| Untracked 
| 101|0x0000000086500000, 0x0000000086500000, 0x0000000086600000|  0%| F|  |TAMS 0x0000000086500000, 0x0000000086500000| Untracked 
| 102|0x0000000086600000, 0x0000000086600000, 0x0000000086700000|  0%| F|  |TAMS 0x0000000086600000, 0x0000000086600000| Untracked 
| 103|0x0000000086700000, 0x0000000086700000, 0x0000000086800000|  0%| F|  |TAMS 0x0000000086700000, 0x0000000086700000| Untracked 
| 104|0x0000000086800000, 0x0000000086800000, 0x0000000086900000|  0%| F|  |TAMS 0x0000000086800000, 0x0000000086800000| Untracked 
| 105|0x0000000086900000, 0x0000000086900000, 0x0000000086a00000|  0%| F|  |TAMS 0x0000000086900000, 0x0000000086900000| Untracked 
| 106|0x0000000086a00000, 0x0000000086a00000, 0x0000000086b00000|  0%| F|  |TAMS 0x0000000086a00000, 0x0000000086a00000| Untracked 
| 107|0x0000000086b00000, 0x0000000086b00000, 0x0000000086c00000|  0%| F|  |TAMS 0x0000000086b00000, 0x0000000086b00000| Untracked 
| 108|0x0000000086c00000, 0x0000000086c00000, 0x0000000086d00000|  0%| F|  |TAMS 0x0000000086c00000, 0x0000000086c00000| Untracked 
| 109|0x0000000086d00000, 0x0000000086d00000, 0x0000000086e00000|  0%| F|  |TAMS 0x0000000086d00000, 0x0000000086d00000| Untracked 
| 110|0x0000000086e00000, 0x0000000086e00000, 0x0000000086f00000|  0%| F|  |TAMS 0x0000000086e00000, 0x0000000086e00000| Untracked 
| 111|0x0000000086f00000, 0x0000000086f00000, 0x0000000087000000|  0%| F|  |TAMS 0x0000000086f00000, 0x0000000086f00000| Untracked 
| 112|0x0000000087000000, 0x0000000087000000, 0x0000000087100000|  0%| F|  |TAMS 0x0000000087000000, 0x0000000087000000| Untracked 
| 113|0x0000000087100000, 0x0000000087100000, 0x0000000087200000|  0%| F|  |TAMS 0x0000000087100000, 0x0000000087100000| Untracked 
| 114|0x0000000087200000, 0x0000000087200000, 0x0000000087300000|  0%| F|  |TAMS 0x0000000087200000, 0x0000000087200000| Untracked 
| 115|0x0000000087300000, 0x0000000087300000, 0x0000000087400000|  0%| F|  |TAMS 0x0000000087300000, 0x0000000087300000| Untracked 
| 116|0x0000000087400000, 0x0000000087400000, 0x0000000087500000|  0%| F|  |TAMS 0x0000000087400000, 0x0000000087400000| Untracked 
| 117|0x0000000087500000, 0x0000000087500000, 0x0000000087600000|  0%| F|  |TAMS 0x0000000087500000, 0x0000000087500000| Untracked 
| 118|0x0000000087600000, 0x0000000087600000, 0x0000000087700000|  0%| F|  |TAMS 0x0000000087600000, 0x0000000087600000| Untracked 
| 119|0x0000000087700000, 0x0000000087700000, 0x0000000087800000|  0%| F|  |TAMS 0x0000000087700000, 0x0000000087700000| Untracked 
| 120|0x0000000087800000, 0x0000000087800000, 0x0000000087900000|  0%| F|  |TAMS 0x0000000087800000, 0x0000000087800000| Untracked 
| 121|0x0000000087900000, 0x0000000087900000, 0x0000000087a00000|  0%| F|  |TAMS 0x0000000087900000, 0x0000000087900000| Untracked 
| 122|0x0000000087a00000, 0x0000000087a00000, 0x0000000087b00000|  0%| F|  |TAMS 0x0000000087a00000, 0x0000000087a00000| Untracked 
| 123|0x0000000087b00000, 0x0000000087b00000, 0x0000000087c00000|  0%| F|  |TAMS 0x0000000087b00000, 0x0000000087b00000| Untracked 
| 124|0x0000000087c00000, 0x0000000087c00000, 0x0000000087d00000|  0%| F|  |TAMS 0x0000000087c00000, 0x0000000087c00000| Untracked 
| 125|0x0000000087d00000, 0x0000000087d00000, 0x0000000087e00000|  0%| F|  |TAMS 0x0000000087d00000, 0x0000000087d00000| Untracked 
| 126|0x0000000087e00000, 0x0000000087e00000, 0x0000000087f00000|  0%| F|  |TAMS 0x0000000087e00000, 0x0000000087e00000| Untracked 
| 127|0x0000000087f00000, 0x0000000087f00000, 0x0000000088000000|  0%| F|  |TAMS 0x0000000087f00000, 0x0000000087f00000| Untracked 
| 128|0x0000000088000000, 0x0000000088000000, 0x0000000088100000|  0%| F|  |TAMS 0x0000000088000000, 0x0000000088000000| Untracked 
| 129|0x0000000088100000, 0x0000000088100000, 0x0000000088200000|  0%| F|  |TAMS 0x0000000088100000, 0x0000000088100000| Untracked 
| 130|0x0000000088200000, 0x0000000088200000, 0x0000000088300000|  0%| F|  |TAMS 0x0000000088200000, 0x0000000088200000| Untracked 
| 131|0x0000000088300000, 0x0000000088300000, 0x0000000088400000|  0%| F|  |TAMS 0x0000000088300000, 0x0000000088300000| Untracked 
| 132|0x0000000088400000, 0x0000000088400000, 0x0000000088500000|  0%| F|  |TAMS 0x0000000088400000, 0x0000000088400000| Untracked 
| 133|0x0000000088500000, 0x0000000088500000, 0x0000000088600000|  0%| F|  |TAMS 0x0000000088500000, 0x0000000088500000| Untracked 
| 134|0x0000000088600000, 0x0000000088600000, 0x0000000088700000|  0%| F|  |TAMS 0x0000000088600000, 0x0000000088600000| Untracked 
| 135|0x0000000088700000, 0x0000000088700000, 0x0000000088800000|  0%| F|  |TAMS 0x0000000088700000, 0x0000000088700000| Untracked 
| 136|0x0000000088800000, 0x0000000088800000, 0x0000000088900000|  0%| F|  |TAMS 0x0000000088800000, 0x0000000088800000| Untracked 
| 137|0x0000000088900000, 0x0000000088900000, 0x0000000088a00000|  0%| F|  |TAMS 0x0000000088900000, 0x0000000088900000| Untracked 
| 138|0x0000000088a00000, 0x0000000088a00000, 0x0000000088b00000|  0%| F|  |TAMS 0x0000000088a00000, 0x0000000088a00000| Untracked 
| 139|0x0000000088b00000, 0x0000000088b00000, 0x0000000088c00000|  0%| F|  |TAMS 0x0000000088b00000, 0x0000000088b00000| Untracked 
| 140|0x0000000088c00000, 0x0000000088c00000, 0x0000000088d00000|  0%| F|  |TAMS 0x0000000088c00000, 0x0000000088c00000| Untracked 
| 141|0x0000000088d00000, 0x0000000088d00000, 0x0000000088e00000|  0%| F|  |TAMS 0x0000000088d00000, 0x0000000088d00000| Untracked 
| 142|0x0000000088e00000, 0x0000000088e00000, 0x0000000088f00000|  0%| F|  |TAMS 0x0000000088e00000, 0x0000000088e00000| Untracked 
| 143|0x0000000088f00000, 0x0000000088f00000, 0x0000000089000000|  0%| F|  |TAMS 0x0000000088f00000, 0x0000000088f00000| Untracked 
| 144|0x0000000089000000, 0x0000000089000000, 0x0000000089100000|  0%| F|  |TAMS 0x0000000089000000, 0x0000000089000000| Untracked 
| 145|0x0000000089100000, 0x0000000089100000, 0x0000000089200000|  0%| F|  |TAMS 0x0000000089100000, 0x0000000089100000| Untracked 
| 146|0x0000000089200000, 0x0000000089200000, 0x0000000089300000|  0%| F|  |TAMS 0x0000000089200000, 0x0000000089200000| Untracked 
| 147|0x0000000089300000, 0x0000000089300000, 0x0000000089400000|  0%| F|  |TAMS 0x0000000089300000, 0x0000000089300000| Untracked 
| 148|0x0000000089400000, 0x0000000089400000, 0x0000000089500000|  0%| F|  |TAMS 0x0000000089400000, 0x0000000089400000| Untracked 
| 149|0x0000000089500000, 0x0000000089500000, 0x0000000089600000|  0%| F|  |TAMS 0x0000000089500000, 0x0000000089500000| Untracked 
| 150|0x0000000089600000, 0x0000000089600000, 0x0000000089700000|  0%| F|  |TAMS 0x0000000089600000, 0x0000000089600000| Untracked 
| 151|0x0000000089700000, 0x0000000089700000, 0x0000000089800000|  0%| F|  |TAMS 0x0000000089700000, 0x0000000089700000| Untracked 
| 152|0x0000000089800000, 0x0000000089800000, 0x0000000089900000|  0%| F|  |TAMS 0x0000000089800000, 0x0000000089800000| Untracked 
| 153|0x0000000089900000, 0x0000000089900000, 0x0000000089a00000|  0%| F|  |TAMS 0x0000000089900000, 0x0000000089900000| Untracked 
| 154|0x0000000089a00000, 0x0000000089a00000, 0x0000000089b00000|  0%| F|  |TAMS 0x0000000089a00000, 0x0000000089a00000| Untracked 
| 155|0x0000000089b00000, 0x0000000089b00000, 0x0000000089c00000|  0%| F|  |TAMS 0x0000000089b00000, 0x0000000089b00000| Untracked 
| 156|0x0000000089c00000, 0x0000000089c00000, 0x0000000089d00000|  0%| F|  |TAMS 0x0000000089c00000, 0x0000000089c00000| Untracked 
| 157|0x0000000089d00000, 0x0000000089d00000, 0x0000000089e00000|  0%| F|  |TAMS 0x0000000089d00000, 0x0000000089d00000| Untracked 
| 158|0x0000000089e00000, 0x0000000089e00000, 0x0000000089f00000|  0%| F|  |TAMS 0x0000000089e00000, 0x0000000089e00000| Untracked 
| 159|0x0000000089f00000, 0x0000000089f00000, 0x000000008a000000|  0%| F|  |TAMS 0x0000000089f00000, 0x0000000089f00000| Untracked 
| 160|0x000000008a000000, 0x000000008a000000, 0x000000008a100000|  0%| F|  |TAMS 0x000000008a000000, 0x000000008a000000| Untracked 
| 161|0x000000008a100000, 0x000000008a100000, 0x000000008a200000|  0%| F|  |TAMS 0x000000008a100000, 0x000000008a100000| Untracked 
| 162|0x000000008a200000, 0x000000008a200000, 0x000000008a300000|  0%| F|  |TAMS 0x000000008a200000, 0x000000008a200000| Untracked 
| 163|0x000000008a300000, 0x000000008a300000, 0x000000008a400000|  0%| F|  |TAMS 0x000000008a300000, 0x000000008a300000| Untracked 
| 164|0x000000008a400000, 0x000000008a400000, 0x000000008a500000|  0%| F|  |TAMS 0x000000008a400000, 0x000000008a400000| Untracked 
| 165|0x000000008a500000, 0x000000008a500000, 0x000000008a600000|  0%| F|  |TAMS 0x000000008a500000, 0x000000008a500000| Untracked 
| 166|0x000000008a600000, 0x000000008a600000, 0x000000008a700000|  0%| F|  |TAMS 0x000000008a600000, 0x000000008a600000| Untracked 
| 167|0x000000008a700000, 0x000000008a700000, 0x000000008a800000|  0%| F|  |TAMS 0x000000008a700000, 0x000000008a700000| Untracked 
| 168|0x000000008a800000, 0x000000008a800000, 0x000000008a900000|  0%| F|  |TAMS 0x000000008a800000, 0x000000008a800000| Untracked 
| 169|0x000000008a900000, 0x000000008a900000, 0x000000008aa00000|  0%| F|  |TAMS 0x000000008a900000, 0x000000008a900000| Untracked 
| 170|0x000000008aa00000, 0x000000008aa00000, 0x000000008ab00000|  0%| F|  |TAMS 0x000000008aa00000, 0x000000008aa00000| Untracked 
| 171|0x000000008ab00000, 0x000000008ab00000, 0x000000008ac00000|  0%| F|  |TAMS 0x000000008ab00000, 0x000000008ab00000| Untracked 
| 172|0x000000008ac00000, 0x000000008ac00000, 0x000000008ad00000|  0%| F|  |TAMS 0x000000008ac00000, 0x000000008ac00000| Untracked 
| 173|0x000000008ad00000, 0x000000008ad00000, 0x000000008ae00000|  0%| F|  |TAMS 0x000000008ad00000, 0x000000008ad00000| Untracked 
| 174|0x000000008ae00000, 0x000000008ae00000, 0x000000008af00000|  0%| F|  |TAMS 0x000000008ae00000, 0x000000008ae00000| Untracked 
| 175|0x000000008af00000, 0x000000008af00000, 0x000000008b000000|  0%| F|  |TAMS 0x000000008af00000, 0x000000008af00000| Untracked 
| 176|0x000000008b000000, 0x000000008b000000, 0x000000008b100000|  0%| F|  |TAMS 0x000000008b000000, 0x000000008b000000| Untracked 
| 177|0x000000008b100000, 0x000000008b100000, 0x000000008b200000|  0%| F|  |TAMS 0x000000008b100000, 0x000000008b100000| Untracked 
| 178|0x000000008b200000, 0x000000008b200000, 0x000000008b300000|  0%| F|  |TAMS 0x000000008b200000, 0x000000008b200000| Untracked 
| 179|0x000000008b300000, 0x000000008b300000, 0x000000008b400000|  0%| F|  |TAMS 0x000000008b300000, 0x000000008b300000| Untracked 
| 180|0x000000008b400000, 0x000000008b462548, 0x000000008b500000| 38%| E|  |TAMS 0x000000008b400000, 0x000000008b400000| Complete 
| 181|0x000000008b500000, 0x000000008b600000, 0x000000008b600000|100%| E|CS|TAMS 0x000000008b500000, 0x000000008b500000| Complete 
| 182|0x000000008b600000, 0x000000008b700000, 0x000000008b700000|100%| E|CS|TAMS 0x000000008b600000, 0x000000008b600000| Complete 
| 183|0x000000008b700000, 0x000000008b800000, 0x000000008b800000|100%| E|CS|TAMS 0x000000008b700000, 0x000000008b700000| Complete 
| 184|0x000000008b800000, 0x000000008b900000, 0x000000008b900000|100%| E|CS|TAMS 0x000000008b800000, 0x000000008b800000| Complete 
| 185|0x000000008b900000, 0x000000008ba00000, 0x000000008ba00000|100%| E|CS|TAMS 0x000000008b900000, 0x000000008b900000| Complete 
| 186|0x000000008ba00000, 0x000000008bb00000, 0x000000008bb00000|100%| E|CS|TAMS 0x000000008ba00000, 0x000000008ba00000| Complete 

Card table byte_map: [0x000002313d8b0000,0x000002313dcb0000] _byte_map_base: 0x000002313d4b0000

Marking Bits (Prev, Next): (CMBitMap*) 0x0000023124945fb0, (CMBitMap*) 0x0000023124945ff0
 Prev Bits: [0x000002313e0b0000, 0x00000231400b0000)
 Next Bits: [0x00000231400b0000, 0x00000231420b0000)

Polling page: 0x00000231249b0000

Metaspace:

Usage:
  Non-class:     44.47 MB used.
      Class:      6.99 MB used.
       Both:     51.46 MB used.

Virtual space:
  Non-class space:       64.00 MB reserved,      45.19 MB ( 71%) committed,  1 nodes.
      Class space:        1.00 GB reserved,       7.81 MB ( <1%) committed,  1 nodes.
             Both:        1.06 GB reserved,      53.00 MB (  5%) committed. 

Chunk freelists:
   Non-Class:  2.05 MB
       Class:  25.00 KB
        Both:  2.07 MB

MaxMetaspaceSize: unlimited
CompressedClassSpaceSize: 1.00 GB
Initial GC threshold: 21.00 MB
Current GC threshold: 87.75 MB
CDS: on
MetaspaceReclaimPolicy: balanced
 - commit_granule_bytes: 65536.
 - commit_granule_words: 8192.
 - virtual_space_node_default_size: 8388608.
 - enlarge_chunks_in_place: 1.
 - new_chunks_are_fully_committed: 0.
 - uncommit_free_chunks: 1.
 - use_allocation_guard: 0.


Internal statistics:

num_allocs_failed_limit: 9.
num_arena_births: 2764.
num_arena_deaths: 0.
num_vsnodes_births: 2.
num_vsnodes_deaths: 0.
num_space_committed: 848.
num_space_uncommitted: 0.
num_chunks_returned_to_freelist: 9.
num_chunks_taken_from_freelist: 5194.
num_chunk_merges: 9.
num_chunk_splits: 3415.
num_chunks_enlarged: 2105.
num_inconsistent_stats: 0.

CodeHeap 'non-profiled nmethods': size=120000Kb used=2928Kb max_used=2928Kb free=117072Kb
 bounds [0x0000023135500000, 0x00000231357e0000, 0x000002313ca30000]
CodeHeap 'profiled nmethods': size=120000Kb used=11320Kb max_used=11320Kb free=108679Kb
 bounds [0x000002312dfd0000, 0x000002312eae0000, 0x0000023135500000]
CodeHeap 'non-nmethods': size=5760Kb used=2338Kb max_used=2408Kb free=3421Kb
 bounds [0x000002312da30000, 0x000002312dca0000, 0x000002312dfd0000]
 total_blobs=6743 nmethods=5897 adapters=758
 compilation: enabled
              stopped_count=0, restarted_count=0
 full_count=0

Compilation events (20 events):
Event: 5.253 Thread 0x0000023149006600 6713       4       org.objectweb.asm.Frame::pop (42 bytes)
Event: 5.253 Thread 0x0000023144b2c650 6714       3       org.objectweb.asm.SymbolTable::addConstantIntegerOrFloat (100 bytes)
Event: 5.254 Thread 0x0000023149006600 nmethod 6713 0x000002313562e390 code [0x000002313562e500, 0x000002313562e5d8]
Event: 5.254 Thread 0x0000023144b2c650 nmethod 6714 0x000002312eac5c90 code [0x000002312eac5ea0, 0x000002312eac63d8]
Event: 5.269 Thread 0x0000023144b2c650 6715       3       org.objectweb.asm.AnnotationWriter::visit (935 bytes)
Event: 5.271 Thread 0x0000023144b2c650 nmethod 6715 0x000002312eac6690 code [0x000002312eac6dc0, 0x000002312eacaea8]
Event: 5.272 Thread 0x0000023149006600 6716       4       org.objectweb.asm.Frame::getAbstractTypeFromDescriptor (415 bytes)
Event: 5.275 Thread 0x0000023144b2c650 6718       3       org.gradle.internal.instantiation.generator.AsmBackedClassGenerator$ClassBuilderImpl::addLazyGetter (22 bytes)
Event: 5.275 Thread 0x0000023144b2c650 nmethod 6718 0x000002312eacc490 code [0x000002312eacc6a0, 0x000002312eaccdf8]
Event: 5.275 Thread 0x0000023144b2c650 6719       3       org.gradle.internal.instantiation.generator.AsmBackedClassGenerator$ClassBuilderImpl$$Lambda$137/0x0000000800e86e98::<init> (26 bytes)
Event: 5.275 Thread 0x0000023144b2c650 nmethod 6719 0x000002312eacd090 code [0x000002312eacd240, 0x000002312eacd518]
Event: 5.276 Thread 0x0000023144b2c650 6720       3       java.lang.invoke.MethodHandles$Lookup::checkField (58 bytes)
Event: 5.276 Thread 0x0000023144b2c650 nmethod 6720 0x000002312eacd610 code [0x000002312eacd800, 0x000002312eacdc78]
Event: 5.276 Thread 0x0000023144b2c650 6721       1       org.gradle.internal.typeconversion.NotationConverterToNotationParserAdapter$ResultImpl::access$100 (5 bytes)
Event: 5.276 Thread 0x0000023144b2c650 nmethod 6721 0x00000231357d2490 code [0x00000231357d2620, 0x00000231357d26d8]
Event: 5.276 Thread 0x0000023144b2c650 6722       1       org.gradle.internal.typeconversion.NotationConverterToNotationParserAdapter$ResultImpl::access$200 (5 bytes)
Event: 5.276 Thread 0x0000023144b2c650 nmethod 6722 0x00000231357d2790 code [0x00000231357d2920, 0x00000231357d29d8]
Event: 5.278 Thread 0x0000023144b2c650 6723       3       org.gradle.internal.instantiation.generator.AbstractClassGenerator$ClassGenerationHandler::hasFields (1 bytes)
Event: 5.278 Thread 0x0000023144b2c650 nmethod 6723 0x000002312eacde10 code [0x000002312eacdfa0, 0x000002312eace0b8]
Event: 5.286 Thread 0x0000023144b2c650 6725       3       org.gradle.api.internal.model.DefaultObjectFactory::property (172 bytes)

GC Heap History (20 events):
Event: 1.928 GC heap before
{Heap before GC invocations=2 (full 0):
 garbage-first heap   total 129024K, used 81920K [0x0000000080000000, 0x0000000100000000)
  region size 1024K, 71 young (72704K), 4 survivors (4096K)
 Metaspace       used 17233K, committed 17792K, reserved 1114112K
  class space    used 2446K, committed 2688K, reserved 1048576K
}
Event: 1.935 GC heap after
{Heap after GC invocations=3 (full 0):
 garbage-first heap   total 129024K, used 19232K [0x0000000080000000, 0x0000000100000000)
  region size 1024K, 9 young (9216K), 9 survivors (9216K)
 Metaspace       used 17233K, committed 17792K, reserved 1114112K
  class space    used 2446K, committed 2688K, reserved 1048576K
}
Event: 2.327 GC heap before
{Heap before GC invocations=3 (full 0):
 garbage-first heap   total 129024K, used 57120K [0x0000000080000000, 0x0000000100000000)
  region size 1024K, 37 young (37888K), 9 survivors (9216K)
 Metaspace       used 20727K, committed 21504K, reserved 1114112K
  class space    used 3038K, committed 3456K, reserved 1048576K
}
Event: 2.334 GC heap after
{Heap after GC invocations=4 (full 0):
 garbage-first heap   total 129024K, used 34852K [0x0000000080000000, 0x0000000100000000)
  region size 1024K, 6 young (6144K), 6 survivors (6144K)
 Metaspace       used 20727K, committed 21504K, reserved 1114112K
  class space    used 3038K, committed 3456K, reserved 1048576K
}
Event: 3.009 GC heap before
{Heap before GC invocations=5 (full 0):
 garbage-first heap   total 122880K, used 92196K [0x0000000080000000, 0x0000000100000000)
  region size 1024K, 63 young (64512K), 6 survivors (6144K)
 Metaspace       used 30744K, committed 31808K, reserved 1114112K
  class space    used 4424K, committed 4992K, reserved 1048576K
}
Event: 3.014 GC heap after
{Heap after GC invocations=6 (full 0):
 garbage-first heap   total 122880K, used 40017K [0x0000000080000000, 0x0000000100000000)
  region size 1024K, 5 young (5120K), 5 survivors (5120K)
 Metaspace       used 30744K, committed 31808K, reserved 1114112K
  class space    used 4424K, committed 4992K, reserved 1048576K
}
Event: 3.359 GC heap before
{Heap before GC invocations=6 (full 0):
 garbage-first heap   total 122880K, used 84049K [0x0000000080000000, 0x0000000100000000)
  region size 1024K, 46 young (47104K), 5 survivors (5120K)
 Metaspace       used 34738K, committed 35968K, reserved 1114112K
  class space    used 4827K, committed 5504K, reserved 1048576K
}
Event: 3.365 GC heap after
{Heap after GC invocations=7 (full 0):
 garbage-first heap   total 122880K, used 44282K [0x0000000080000000, 0x0000000100000000)
  region size 1024K, 5 young (5120K), 5 survivors (5120K)
 Metaspace       used 34738K, committed 35968K, reserved 1114112K
  class space    used 4827K, committed 5504K, reserved 1048576K
}
Event: 3.929 GC heap before
{Heap before GC invocations=8 (full 0):
 garbage-first heap   total 122880K, used 99578K [0x0000000080000000, 0x0000000100000000)
  region size 1024K, 54 young (55296K), 5 survivors (5120K)
 Metaspace       used 39085K, committed 40448K, reserved 1114112K
  class space    used 5366K, committed 6080K, reserved 1048576K
}
Event: 3.935 GC heap after
{Heap after GC invocations=9 (full 0):
 garbage-first heap   total 122880K, used 53119K [0x0000000080000000, 0x0000000100000000)
  region size 1024K, 6 young (6144K), 6 survivors (6144K)
 Metaspace       used 39085K, committed 40448K, reserved 1114112K
  class space    used 5366K, committed 6080K, reserved 1048576K
}
Event: 4.392 GC heap before
{Heap before GC invocations=9 (full 0):
 garbage-first heap   total 122880K, used 98175K [0x0000000080000000, 0x0000000100000000)
  region size 1024K, 46 young (47104K), 6 survivors (6144K)
 Metaspace       used 43284K, committed 44800K, reserved 1114112K
  class space    used 6023K, committed 6784K, reserved 1048576K
}
Event: 4.400 GC heap after
{Heap after GC invocations=10 (full 0):
 garbage-first heap   total 122880K, used 62126K [0x0000000080000000, 0x0000000100000000)
  region size 1024K, 5 young (5120K), 5 survivors (5120K)
 Metaspace       used 43284K, committed 44800K, reserved 1114112K
  class space    used 6023K, committed 6784K, reserved 1048576K
}
Event: 4.619 GC heap before
{Heap before GC invocations=10 (full 0):
 garbage-first heap   total 122880K, used 85678K [0x0000000080000000, 0x0000000100000000)
  region size 1024K, 30 young (30720K), 5 survivors (5120K)
 Metaspace       used 44032K, committed 45568K, reserved 1114112K
  class space    used 6110K, committed 6912K, reserved 1048576K
}
Event: 4.624 GC heap after
{Heap after GC invocations=11 (full 0):
 garbage-first heap   total 122880K, used 62952K [0x0000000080000000, 0x0000000100000000)
  region size 1024K, 2 young (2048K), 2 survivors (2048K)
 Metaspace       used 44032K, committed 45568K, reserved 1114112K
  class space    used 6110K, committed 6912K, reserved 1048576K
}
Event: 4.923 GC heap before
{Heap before GC invocations=12 (full 0):
 garbage-first heap   total 122880K, used 105960K [0x0000000080000000, 0x0000000100000000)
  region size 1024K, 37 young (37888K), 2 survivors (2048K)
 Metaspace       used 47706K, committed 49280K, reserved 1114112K
  class space    used 6575K, committed 7424K, reserved 1048576K
}
Event: 4.928 GC heap after
{Heap after GC invocations=13 (full 0):
 garbage-first heap   total 122880K, used 78627K [0x0000000080000000, 0x0000000100000000)
  region size 1024K, 5 young (5120K), 5 survivors (5120K)
 Metaspace       used 47706K, committed 49280K, reserved 1114112K
  class space    used 6575K, committed 7424K, reserved 1048576K
}
Event: 4.946 GC heap before
{Heap before GC invocations=13 (full 0):
 garbage-first heap   total 122880K, used 79651K [0x0000000080000000, 0x0000000100000000)
  region size 1024K, 6 young (6144K), 5 survivors (5120K)
 Metaspace       used 47876K, committed 49536K, reserved 1114112K
  class space    used 6599K, committed 7488K, reserved 1048576K
}
Event: 4.949 GC heap after
{Heap after GC invocations=14 (full 0):
 garbage-first heap   total 122880K, used 79116K [0x0000000080000000, 0x0000000100000000)
  region size 1024K, 1 young (1024K), 1 survivors (1024K)
 Metaspace       used 47876K, committed 49536K, reserved 1114112K
  class space    used 6599K, committed 7488K, reserved 1048576K
}
Event: 5.225 GC heap before
{Heap before GC invocations=14 (full 0):
 garbage-first heap   total 122880K, used 100620K [0x0000000080000000, 0x0000000100000000)
  region size 1024K, 23 young (23552K), 1 survivors (1024K)
 Metaspace       used 51957K, committed 53568K, reserved 1114112K
  class space    used 7052K, committed 7872K, reserved 1048576K
}
Event: 5.227 GC heap after
{Heap after GC invocations=15 (full 0):
 garbage-first heap   total 191488K, used 79853K [0x0000000080000000, 0x0000000100000000)
  region size 1024K, 1 young (1024K), 1 survivors (1024K)
 Metaspace       used 51957K, committed 53568K, reserved 1114112K
  class space    used 7052K, committed 7872K, reserved 1048576K
}

Deoptimization events (20 events):
Event: 4.777 Thread 0x000002314a546df0 Uncommon trap: trap_request=0xffffff3d fr.pc=0x000002313571d1fc relative=0x0000000000000d5c
Event: 4.777 Thread 0x000002314a546df0 Uncommon trap: reason=unstable_fused_if action=reinterpret pc=0x000002313571d1fc method=org.objectweb.asm.ByteVector.putUTF8(Ljava/lang/String;)Lorg/objectweb/asm/ByteVector; @ 93 c2
Event: 4.777 Thread 0x000002314a546df0 DEOPT PACKING pc=0x000002313571d1fc sp=0x00000077e27f75c0
Event: 4.777 Thread 0x000002314a546df0 DEOPT UNPACKING pc=0x000002312da823a3 sp=0x00000077e27f7518 mode 2
Event: 4.778 Thread 0x000002314a546df0 Uncommon trap: trap_request=0xffffff45 fr.pc=0x0000023135721444 relative=0x0000000000001044
Event: 4.778 Thread 0x000002314a546df0 Uncommon trap: reason=unstable_if action=reinterpret pc=0x0000023135721444 method=org.objectweb.asm.Frame.execute(IILorg/objectweb/asm/Symbol;Lorg/objectweb/asm/SymbolTable;)V @ 1 c2
Event: 4.778 Thread 0x000002314a546df0 DEOPT PACKING pc=0x0000023135721444 sp=0x00000077e27f77c0
Event: 4.778 Thread 0x000002314a546df0 DEOPT UNPACKING pc=0x000002312da823a3 sp=0x00000077e27f7748 mode 2
Event: 4.792 Thread 0x000002314a546df0 Uncommon trap: trap_request=0xffffff3d fr.pc=0x0000023135693304 relative=0x0000000000000244
Event: 4.792 Thread 0x000002314a546df0 Uncommon trap: reason=unstable_fused_if action=reinterpret pc=0x0000023135693304 method=org.objectweb.asm.ByteVector.putUTF8(Ljava/lang/String;)Lorg/objectweb/asm/ByteVector; @ 93 c2
Event: 4.792 Thread 0x000002314a546df0 DEOPT PACKING pc=0x0000023135693304 sp=0x00000077e27f78f0
Event: 4.792 Thread 0x000002314a546df0 DEOPT UNPACKING pc=0x000002312da823a3 sp=0x00000077e27f7870 mode 2
Event: 4.893 Thread 0x000002314a546df0 Uncommon trap: trap_request=0xffffff45 fr.pc=0x00000231356c9920 relative=0x00000000000007a0
Event: 4.893 Thread 0x000002314a546df0 Uncommon trap: reason=unstable_if action=reinterpret pc=0x00000231356c9920 method=java.io.BufferedInputStream.read([BII)I @ 56 c2
Event: 4.893 Thread 0x000002314a546df0 DEOPT PACKING pc=0x00000231356c9920 sp=0x00000077e27f7160
Event: 4.893 Thread 0x000002314a546df0 DEOPT UNPACKING pc=0x000002312da823a3 sp=0x00000077e27f7118 mode 2
Event: 4.928 Thread 0x0000023148da2200 Uncommon trap: trap_request=0xffffffde fr.pc=0x0000023135539fd4 relative=0x00000000000004b4
Event: 4.928 Thread 0x0000023148da2200 Uncommon trap: reason=class_check action=maybe_recompile pc=0x0000023135539fd4 method=jdk.internal.ref.PhantomCleanable.clean()V @ 12 c2
Event: 4.928 Thread 0x0000023148da2200 DEOPT PACKING pc=0x0000023135539fd4 sp=0x00000077e19ff1e0
Event: 4.928 Thread 0x0000023148da2200 DEOPT UNPACKING pc=0x000002312da823a3 sp=0x00000077e19ff1c0 mode 2

Classes loaded (20 events):
Event: 5.161 Loading class java/util/stream/ReduceOps$2ReducingSink
Event: 5.161 Loading class java/util/stream/ReduceOps$2ReducingSink done
Event: 5.161 Loading class java/lang/management/ClassLoadingMXBean
Event: 5.162 Loading class java/lang/management/ClassLoadingMXBean done
Event: 5.162 Loading class sun/management/ClassLoadingImpl
Event: 5.162 Loading class sun/management/ClassLoadingImpl done
Event: 5.167 Loading class java/lang/management/ThreadMXBean
Event: 5.167 Loading class java/lang/management/ThreadMXBean done
Event: 5.167 Loading class com/sun/management/internal/HotSpotThreadImpl
Event: 5.168 Loading class com/sun/management/ThreadMXBean
Event: 5.168 Loading class com/sun/management/ThreadMXBean done
Event: 5.168 Loading class sun/management/ThreadImpl
Event: 5.168 Loading class sun/management/ThreadImpl done
Event: 5.168 Loading class com/sun/management/internal/HotSpotThreadImpl done
Event: 5.168 Loading class java/util/Collections$SynchronizedRandomAccessList
Event: 5.168 Loading class java/util/Collections$SynchronizedList
Event: 5.168 Loading class java/util/Collections$SynchronizedList done
Event: 5.168 Loading class java/util/Collections$SynchronizedRandomAccessList done
Event: 5.171 Loading class java/util/concurrent/Executors$DefaultThreadFactory
Event: 5.171 Loading class java/util/concurrent/Executors$DefaultThreadFactory done

Classes unloaded (0 events):
No events

Classes redefined (0 events):
No events

Internal exceptions (20 events):
Event: 4.679 Thread 0x000002314a546df0 Exception <a 'java/lang/ClassNotFoundException'{0x0000000086f7d930}: org/gradle/api/tasks/DeleteBeanInfo> (0x0000000086f7d930) 
thrown [s\open\src\hotspot\share\classfile\systemDictionary.cpp, line 255]
Event: 4.680 Thread 0x000002314a546df0 Exception <a 'java/lang/ClassNotFoundException'{0x0000000086f8f150}: org/gradle/api/internal/ConventionTaskBeanInfo> (0x0000000086f8f150) 
thrown [s\open\src\hotspot\share\classfile\systemDictionary.cpp, line 255]
Event: 4.680 Thread 0x000002314a546df0 Exception <a 'java/lang/ClassNotFoundException'{0x0000000086fa0578}: org/gradle/api/DefaultTaskBeanInfo> (0x0000000086fa0578) 
thrown [s\open\src\hotspot\share\classfile\systemDictionary.cpp, line 255]
Event: 4.680 Thread 0x000002314a546df0 Exception <a 'java/lang/ClassNotFoundException'{0x0000000086fb1b38}: org/gradle/api/internal/AbstractTaskBeanInfo> (0x0000000086fb1b38) 
thrown [s\open\src\hotspot\share\classfile\systemDictionary.cpp, line 255]
Event: 4.681 Thread 0x000002314a546df0 Exception <a 'java/lang/ClassNotFoundException'{0x0000000086fc30d8}: org/gradle/api/internal/AbstractTaskCustomizer> (0x0000000086fc30d8) 
thrown [s\open\src\hotspot\share\classfile\systemDictionary.cpp, line 255]
Event: 4.683 Thread 0x000002314a546df0 Exception <a 'java/lang/ClassNotFoundException'{0x0000000086e210a0}: org/gradle/api/DefaultTaskCustomizer> (0x0000000086e210a0) 
thrown [s\open\src\hotspot\share\classfile\systemDictionary.cpp, line 255]
Event: 4.685 Thread 0x000002314a546df0 Exception <a 'java/lang/ClassNotFoundException'{0x0000000086e8b6f8}: org/gradle/api/internal/ConventionTaskCustomizer> (0x0000000086e8b6f8) 
thrown [s\open\src\hotspot\share\classfile\systemDictionary.cpp, line 255]
Event: 4.685 Thread 0x000002314a546df0 Exception <a 'java/lang/ClassNotFoundException'{0x0000000086eac100}: org/gradle/api/tasks/DeleteCustomizer> (0x0000000086eac100) 
thrown [s\open\src\hotspot\share\classfile\systemDictionary.cpp, line 255]
Event: 4.686 Thread 0x000002314a546df0 Exception <a 'java/lang/ClassNotFoundException'{0x0000000086ed1420}: org/gradle/api/tasks/Delete_DecoratedCustomizer> (0x0000000086ed1420) 
thrown [s\open\src\hotspot\share\classfile\systemDictionary.cpp, line 255]
Event: 4.700 Thread 0x000002314a546df0 Exception <a 'java/lang/ClassNotFoundException'{0x0000000086dee538}: build_e2m7skcapvxa7muc9hq1pjrdpBeanInfo> (0x0000000086dee538) 
thrown [s\open\src\hotspot\share\classfile\systemDictionary.cpp, line 255]
Event: 4.700 Thread 0x000002314a546df0 Exception <a 'java/lang/ClassNotFoundException'{0x0000000086df4838}: build_e2m7skcapvxa7muc9hq1pjrdpCustomizer> (0x0000000086df4838) 
thrown [s\open\src\hotspot\share\classfile\systemDictionary.cpp, line 255]
Event: 4.772 Thread 0x000002314a546df0 Exception <a 'java/lang/NoSuchMethodError'{0x0000000086287be0}: 'java.lang.Object java.lang.invoke.DirectMethodHandle$Holder.newInvokeSpecial(java.lang.Object, java.lang.Object, java.lang.Object, java.lang.Object, int)'> (0x0000000086287be0) 
thrown [s\open\src\hotspot\share\interpreter\linkResolver.cpp, line 766]
Event: 4.772 Thread 0x000002314a546df0 Exception <a 'java/lang/NoSuchMethodError'{0x000000008628cea0}: 'java.lang.Object java.lang.invoke.DirectMethodHandle$Holder.invokeSpecial(java.lang.Object, java.lang.Object, java.lang.Object, java.lang.Object, java.lang.Object, int)'> (0x000000008628cea0) 
thrown [s\open\src\hotspot\share\interpreter\linkResolver.cpp, line 766]
Event: 4.772 Thread 0x000002314a546df0 Exception <a 'java/lang/NoSuchMethodError'{0x0000000086291b10}: 'java.lang.Object java.lang.invoke.Invokers$Holder.linkToTargetMethod(java.lang.Object, java.lang.Object, java.lang.Object, int, java.lang.Object)'> (0x0000000086291b10) 
thrown [s\open\src\hotspot\share\interpreter\linkResolver.cpp, line 766]
Event: 4.780 Thread 0x000002314a546df0 Exception <a 'java/lang/NoSuchMethodError'{0x000000008613e3b0}: 'void java.lang.invoke.DirectMethodHandle$Holder.invokeSpecial(java.lang.Object, java.lang.Object, int)'> (0x000000008613e3b0) 
thrown [s\open\src\hotspot\share\interpreter\linkResolver.cpp, line 766]
Event: 4.781 Thread 0x000002314a546df0 Exception <a 'java/lang/NoSuchMethodError'{0x0000000086142dc8}: 'void java.lang.invoke.Invokers$Holder.invokeExact_MT(java.lang.Object, int, java.lang.Object)'> (0x0000000086142dc8) 
thrown [s\open\src\hotspot\share\interpreter\linkResolver.cpp, line 766]
Event: 4.871 Thread 0x000002314a546df0 Exception <a 'java/lang/NoSuchMethodError'{0x000000008568b678}: 'void java.lang.invoke.Invokers$Holder.invokeExact_MT(java.lang.Object, java.lang.Object, java.lang.Object, java.lang.Object)'> (0x000000008568b678) 
thrown [s\open\src\hotspot\share\interpreter\linkResolver.cpp, line 766]
Event: 4.872 Thread 0x000002314a546df0 Exception <a 'java/lang/NoSuchMethodError'{0x0000000085691588}: 'void java.lang.invoke.DelegatingMethodHandle$Holder.reinvoke_L(java.lang.Object, java.lang.Object, int)'> (0x0000000085691588) 
thrown [s\open\src\hotspot\share\interpreter\linkResolver.cpp, line 766]
Event: 4.873 Thread 0x000002314a546df0 Exception <a 'java/lang/NoSuchMethodError'{0x0000000085699480}: 'void java.lang.invoke.Invokers$Holder.invokeExact_MT(java.lang.Object, java.lang.Object, int, java.lang.Object)'> (0x0000000085699480) 
thrown [s\open\src\hotspot\share\interpreter\linkResolver.cpp, line 766]
Event: 5.081 Thread 0x000002314a546df0 Exception <a 'java/lang/NoSuchMethodError'{0x0000000086f6d1c0}: 'int java.lang.invoke.DirectMethodHandle$Holder.invokeInterface(java.lang.Object, java.lang.Object, java.lang.Object, java.lang.Object)'> (0x0000000086f6d1c0) 
thrown [s\open\src\hotspot\share\interpreter\linkResolver.cpp, line 766]

VM Operations (20 events):
Event: 4.654 Executing VM operation: G1Concurrent
Event: 4.656 Executing VM operation: G1Concurrent done
Event: 4.668 Executing VM operation: G1Concurrent
Event: 4.668 Executing VM operation: G1Concurrent done
Event: 4.923 Executing VM operation: G1CollectForAllocation
Event: 4.928 Executing VM operation: G1CollectForAllocation done
Event: 4.945 Executing VM operation: G1CollectForAllocation
Event: 4.949 Executing VM operation: G1CollectForAllocation done
Event: 4.963 Executing VM operation: HandshakeAllThreads
Event: 4.963 Executing VM operation: HandshakeAllThreads done
Event: 5.074 Executing VM operation: HandshakeAllThreads
Event: 5.074 Executing VM operation: HandshakeAllThreads done
Event: 5.080 Executing VM operation: HandshakeAllThreads
Event: 5.080 Executing VM operation: HandshakeAllThreads done
Event: 5.225 Executing VM operation: G1CollectForAllocation
Event: 5.227 Executing VM operation: G1CollectForAllocation done
Event: 5.263 Executing VM operation: G1Concurrent
Event: 5.264 Executing VM operation: G1Concurrent done
Event: 5.278 Executing VM operation: G1Concurrent
Event: 5.278 Executing VM operation: G1Concurrent done

Events (20 events):
Event: 4.468 Thread 0x000002314d9c8ec0 Thread added: 0x000002314d9c8ec0
Event: 4.468 Thread 0x000002314d9c3cf0 Thread added: 0x000002314d9c3cf0
Event: 4.468 Thread 0x000002314d9c59d0 Thread added: 0x000002314d9c59d0
Event: 4.468 Thread 0x000002314d9c4b60 Thread added: 0x000002314d9c4b60
Event: 4.469 Thread 0x000002314d9c5ea0 Thread added: 0x000002314d9c5ea0
Event: 4.469 Thread 0x000002314d9c9d30 Thread added: 0x000002314d9c9d30
Event: 4.469 Thread 0x000002314d9c5030 Thread added: 0x000002314d9c5030
Event: 4.469 Thread 0x000002314d9c2e80 Thread added: 0x000002314d9c2e80
Event: 4.470 Thread 0x000002314d9c71e0 Thread added: 0x000002314d9c71e0
Event: 4.470 Thread 0x000002314d9c9390 Thread added: 0x000002314d9c9390
Event: 4.471 Thread 0x000002314d9c5500 Thread added: 0x000002314d9c5500
Event: 4.471 Thread 0x000002314d9ca200 Thread added: 0x000002314d9ca200
Event: 4.471 Thread 0x000002314d9c9860 Thread added: 0x000002314d9c9860
Event: 4.471 Thread 0x000002314d9c41c0 Thread added: 0x000002314d9c41c0
Event: 4.471 Thread 0x000002314d9c6370 Thread added: 0x000002314d9c6370
Event: 4.471 Thread 0x000002314d9c6840 Thread added: 0x000002314d9c6840
Event: 4.471 Thread 0x000002314d9c6d10 Thread added: 0x000002314d9c6d10
Event: 4.472 Thread 0x000002314d9c76b0 Thread added: 0x000002314d9c76b0
Event: 4.472 Thread 0x000002314d9c7b80 Thread added: 0x000002314d9c7b80
Event: 4.472 Thread 0x000002314d9c8520 Thread added: 0x000002314d9c8520


Dynamic libraries:
0x00007ff6de1f0000 - 0x00007ff6de200000 	C:\Program Files\Java\jdk-18.0.1.1\bin\java.exe
0x00007ff9074c0000 - 0x00007ff9076c9000 	C:\WINDOWS\SYSTEM32\ntdll.dll
0x00007ff9058e0000 - 0x00007ff90599d000 	C:\WINDOWS\System32\KERNEL32.DLL
0x00007ff904c60000 - 0x00007ff904fd9000 	C:\WINDOWS\System32\KERNELBASE.dll
0x00007ff904b40000 - 0x00007ff904c51000 	C:\WINDOWS\System32\ucrtbase.dll
0x00007ff8e00f0000 - 0x00007ff8e0108000 	C:\Program Files\Java\jdk-18.0.1.1\bin\jli.dll
0x00007ff8e0110000 - 0x00007ff8e012a000 	C:\Program Files\Java\jdk-18.0.1.1\bin\VCRUNTIME140.dll
0x00007ff9059a0000 - 0x00007ff905a4e000 	C:\WINDOWS\System32\ADVAPI32.dll
0x00007ff905a50000 - 0x00007ff905af3000 	C:\WINDOWS\System32\msvcrt.dll
0x00007ff9069b0000 - 0x00007ff906a4e000 	C:\WINDOWS\System32\sechost.dll
0x00007ff905bf0000 - 0x00007ff905d10000 	C:\WINDOWS\System32\RPCRT4.dll
0x00007ff9070a0000 - 0x00007ff90724c000 	C:\WINDOWS\System32\USER32.dll
0x00007ff9049a0000 - 0x00007ff9049c6000 	C:\WINDOWS\System32\win32u.dll
0x00007ff8dc600000 - 0x00007ff8dc8a5000 	C:\WINDOWS\WinSxS\amd64_microsoft.windows.common-controls_6595b64144ccf1df_6.0.22000.120_none_9d947278b86cc467\COMCTL32.dll
0x00007ff907340000 - 0x00007ff907369000 	C:\WINDOWS\System32\GDI32.dll
0x00007ff9051b0000 - 0x00007ff9052c2000 	C:\WINDOWS\System32\gdi32full.dll
0x00007ff905050000 - 0x00007ff9050ed000 	C:\WINDOWS\System32\msvcp_win.dll
0x00007ff8ff2c0000 - 0x00007ff8ff2ca000 	C:\WINDOWS\SYSTEM32\VERSION.dll
0x00007ff907370000 - 0x00007ff9073a1000 	C:\WINDOWS\System32\IMM32.DLL
0x00007ff900ea0000 - 0x00007ff900eac000 	C:\Program Files\Java\jdk-18.0.1.1\bin\vcruntime140_1.dll
0x00007ff8ce880000 - 0x00007ff8ce90d000 	C:\Program Files\Java\jdk-18.0.1.1\bin\msvcp140.dll
0x00007ff887c10000 - 0x00007ff888820000 	C:\Program Files\Java\jdk-18.0.1.1\bin\server\jvm.dll
0x00007ff907330000 - 0x00007ff907338000 	C:\WINDOWS\System32\PSAPI.DLL
0x00007ff8bec00000 - 0x00007ff8bec09000 	C:\WINDOWS\SYSTEM32\WSOCK32.dll
0x00007ff8ff360000 - 0x00007ff8ff393000 	C:\WINDOWS\SYSTEM32\WINMM.dll
0x00007ff906a50000 - 0x00007ff906abf000 	C:\WINDOWS\System32\WS2_32.dll
0x00007ff903b90000 - 0x00007ff903ba8000 	C:\WINDOWS\SYSTEM32\kernel.appcore.dll
0x00007ff900e10000 - 0x00007ff900e1a000 	C:\Program Files\Java\jdk-18.0.1.1\bin\jimage.dll
0x00007ff9024f0000 - 0x00007ff902711000 	C:\WINDOWS\SYSTEM32\DBGHELP.DLL
0x00007ff8fa780000 - 0x00007ff8fa7b1000 	C:\WINDOWS\SYSTEM32\dbgcore.DLL
0x00007ff9052d0000 - 0x00007ff90534f000 	C:\WINDOWS\System32\bcryptPrimitives.dll
0x00007ff8e0050000 - 0x00007ff8e0075000 	C:\Program Files\Java\jdk-18.0.1.1\bin\java.dll
0x00007ff8b8bb0000 - 0x00007ff8b8c86000 	C:\Program Files\Java\jdk-18.0.1.1\bin\jsvml.dll
0x00007ff905ed0000 - 0x00007ff906688000 	C:\WINDOWS\System32\SHELL32.dll
0x00007ff902b20000 - 0x00007ff903388000 	C:\WINDOWS\SYSTEM32\windows.storage.dll
0x00007ff905560000 - 0x00007ff9058d9000 	C:\WINDOWS\System32\combase.dll
0x00007ff9029b0000 - 0x00007ff902b16000 	C:\WINDOWS\SYSTEM32\wintypes.dll
0x00007ff9068c0000 - 0x00007ff9069aa000 	C:\WINDOWS\System32\SHCORE.dll
0x00007ff905490000 - 0x00007ff9054ed000 	C:\WINDOWS\System32\shlwapi.dll
0x00007ff9048d0000 - 0x00007ff9048f1000 	C:\WINDOWS\SYSTEM32\profapi.dll
0x00007ff8e0090000 - 0x00007ff8e00a3000 	C:\Program Files\Java\jdk-18.0.1.1\bin\net.dll
0x00007ff8ff160000 - 0x00007ff8ff26c000 	C:\WINDOWS\SYSTEM32\WINHTTP.dll
0x00007ff903fc0000 - 0x00007ff904027000 	C:\WINDOWS\system32\mswsock.dll
0x00007ff8e0030000 - 0x00007ff8e0046000 	C:\Program Files\Java\jdk-18.0.1.1\bin\nio.dll
0x00007ff8dc030000 - 0x00007ff8dc048000 	C:\Program Files\Java\jdk-18.0.1.1\bin\zip.dll
0x00007ff900e20000 - 0x00007ff900e30000 	C:\Program Files\Java\jdk-18.0.1.1\bin\verify.dll
0x00007ff8ce790000 - 0x00007ff8ce7b7000 	C:\Program Files\Java\jre1.8.0_333\native\e1d6ef7f7dcc3fd88c89a11ec53ec762bb8ba0a96d01ffa2cd45eb1d1d8dd5c5\windows-amd64\native-platform.dll
0x00007ff8b8d20000 - 0x00007ff8b8e64000 	C:\Program Files\Java\jre1.8.0_333\native\5664cfc778a61ccfe75a443a1ab52a65af34e5dc3c78e0209fed803814484fcb\windows-amd64\native-platform-file-events.dll
0x00007ff900e40000 - 0x00007ff900e49000 	C:\Program Files\Java\jdk-18.0.1.1\bin\management.dll
0x00007ff900e30000 - 0x00007ff900e3b000 	C:\Program Files\Java\jdk-18.0.1.1\bin\management_ext.dll
0x00007ff904200000 - 0x00007ff904218000 	C:\WINDOWS\SYSTEM32\CRYPTSP.dll
0x00007ff903af0000 - 0x00007ff903b25000 	C:\WINDOWS\system32\rsaenh.dll
0x00007ff9040b0000 - 0x00007ff9040d9000 	C:\WINDOWS\SYSTEM32\USERENV.dll
0x00007ff904380000 - 0x00007ff9043a7000 	C:\WINDOWS\SYSTEM32\bcrypt.dll
0x00007ff904220000 - 0x00007ff90422c000 	C:\WINDOWS\SYSTEM32\CRYPTBASE.dll
0x00007ff9036c0000 - 0x00007ff9036ed000 	C:\WINDOWS\SYSTEM32\IPHLPAPI.DLL
0x00007ff906710000 - 0x00007ff906719000 	C:\WINDOWS\System32\NSI.dll
0x00007ff8ff2e0000 - 0x00007ff8ff2f9000 	C:\WINDOWS\SYSTEM32\dhcpcsvc6.DLL
0x00007ff8ff4a0000 - 0x00007ff8ff4be000 	C:\WINDOWS\SYSTEM32\dhcpcsvc.DLL
0x00007ff9036f0000 - 0x00007ff9037d8000 	C:\WINDOWS\SYSTEM32\DNSAPI.dll

dbghelp: loaded successfully - version: 4.0.5 - missing functions: none
symbol engine: initialized successfully - sym options: 0x614 - pdb path: .;C:\Program Files\Java\jdk-18.0.1.1\bin;C:\WINDOWS\SYSTEM32;C:\WINDOWS\WinSxS\amd64_microsoft.windows.common-controls_6595b64144ccf1df_6.0.22000.120_none_9d947278b86cc467;C:\Program Files\Java\jdk-18.0.1.1\bin\server;C:\Program Files\Java\jre1.8.0_333\native\e1d6ef7f7dcc3fd88c89a11ec53ec762bb8ba0a96d01ffa2cd45eb1d1d8dd5c5\windows-amd64;C:\Program Files\Java\jre1.8.0_333\native\5664cfc778a61ccfe75a443a1ab52a65af34e5dc3c78e0209fed803814484fcb\windows-amd64

VM Arguments:
jvm_args: --add-opens=java.base/java.util=ALL-UNNAMED --add-opens=java.base/java.lang=ALL-UNNAMED --add-opens=java.base/java.lang.invoke=ALL-UNNAMED --add-opens=java.base/java.util=ALL-UNNAMED --add-opens=java.prefs/java.util.prefs=ALL-UNNAMED --add-opens=java.prefs/java.util.prefs=ALL-UNNAMED --add-opens=java.base/java.nio.charset=ALL-UNNAMED --add-opens=java.base/java.net=ALL-UNNAMED --add-opens=java.base/java.util.concurrent.atomic=ALL-UNNAMED -Xmx2048m -Dfile.encoding=UTF-8 -Duser.country=US -Duser.language=en -Duser.variant 
java_command: org.gradle.launcher.daemon.bootstrap.GradleDaemon 7.3.3
java_class_path (initial): C:\Program Files\Java\jre1.8.0_333\wrapper\dists\gradle-7.3.3-bin\6a41zxkdtcxs8rphpq6y0069z\gradle-7.3.3\lib\gradle-launcher-7.3.3.jar
Launcher Type: SUN_STANDARD

[Global flags]
     intx CICompilerCount                          = 4                                         {product} {ergonomic}
     uint ConcGCThreads                            = 2                                         {product} {ergonomic}
     uint G1ConcRefinementThreads                  = 8                                         {product} {ergonomic}
   size_t G1HeapRegionSize                         = 1048576                                   {product} {ergonomic}
    uintx GCDrainStackTargetSize                   = 64                                        {product} {ergonomic}
   size_t InitialHeapSize                          = 132120576                                 {product} {ergonomic}
   size_t MarkStackSize                            = 4194304                                   {product} {ergonomic}
   size_t MaxHeapSize                              = 2147483648                                {product} {command line}
   size_t MaxNewSize                               = 1287651328                                {product} {ergonomic}
   size_t MinHeapDeltaBytes                        = 1048576                                   {product} {ergonomic}
   size_t MinHeapSize                              = 8388608                                   {product} {ergonomic}
    uintx NonNMethodCodeHeapSize                   = 5839372                                {pd product} {ergonomic}
    uintx NonProfiledCodeHeapSize                  = 122909434                              {pd product} {ergonomic}
    uintx ProfiledCodeHeapSize                     = 122909434                              {pd product} {ergonomic}
    uintx ReservedCodeCacheSize                    = 251658240                              {pd product} {ergonomic}
     bool SegmentedCodeCache                       = true                                      {product} {ergonomic}
   size_t SoftMaxHeapSize                          = 2147483648                             {manageable} {ergonomic}
     bool UseCompressedClassPointers               = true                           {product lp64_product} {ergonomic}
     bool UseCompressedOops                        = true                           {product lp64_product} {ergonomic}
     bool UseG1GC                                  = true                                      {product} {ergonomic}
     bool UseLargePagesIndividualAllocation        = false                                  {pd product} {ergonomic}

Logging:
Log output configuration:
 #0: stdout all=warning uptime,level,tags foldmultilines=false
 #1: stderr all=off uptime,level,tags foldmultilines=false

Environment Variables:
JAVA_HOME=C:\Program Files\Java\jdk-18.0.1.1
PATH=C:\Program Files\Common Files\Oracle\Java\javapath;C:\Windows\system32;C:\Windows;C:\Windows\System32\Wbem;C:\Windows\System32\WindowsPowerShell\v1.0\;C:\Windows\System32\OpenSSH\;C:\Program Files (x86)\NVIDIA Corporation\PhysX\Common;C:\Program Files\NVIDIA Corporation\NVIDIA NvDLISR;F:\Git\cmd;C:\WINDOWS\system32;C:\WINDOWS;C:\WINDOWS\System32\Wbem;C:\WINDOWS\System32\WindowsPowerShell\v1.0\;C:\WINDOWS\System32\OpenSSH\;C:\Program Files\Java\jdk-18.0.1.1\bin;C:\Program Files\Java\jdk-18.0.1.1\bin;D:\flutter\bin;C:\Program Files\JetBrains\IntelliJ IDEA Community Edition 2021.3.2\bin;;C:\Users\NoteBook TANDIS\AppData\Local\Microsoft\WindowsApps;dart-sdk;;C:\Users\NoteBook TANDIS\AppData\Local\Programs\Microsoft VS Code\bin
USERNAME=NoteBook TANDIS
OS=Windows_NT
PROCESSOR_IDENTIFIER=Intel64 Family 6 Model 165 Stepping 2, GenuineIntel



---------------  S Y S T E M  ---------------

OS:
 Windows 11 , 64 bit Build 22000 (10.0.22000.708)
OS uptime: 0 days 1:56 hours

CPU: total 8 (initial active 8) (4 cores per cpu, 2 threads per core) family 6 model 165 stepping 2 microcode 0xea, cx8, cmov, fxsr, ht, mmx, 3dnowpref, sse, sse2, sse3, ssse3, sse4.1, sse4.2, popcnt, lzcnt, tsc, tscinvbit, avx, avx2, aes, erms, clmul, bmi1, bmi2, adx, fma, vzeroupper, clflush, clflushopt

Memory: 4k page, system-wide physical 8023M (480M free)
TotalPageFile size 11023M (AvailPageFile size 5M)
current process WorkingSet (physical memory assigned to process): 309M, peak: 314M
current process commit charge ("private bytes"): 415M, peak: 415M

vm_info: Java HotSpot(TM) 64-Bit Server VM (18.0.1.1+2-6) for windows-amd64 JRE (18.0.1.1+2-6), built on Apr 25 2022 21:53:15 by "mach5one" with MS VC++ 16.8 / 16.9 (VS2019)

END.
