#
# There is insufficient memory for the Java Runtime Environment to continue.
# Native memory allocation (malloc) failed to allocate 1588016 bytes for Chunk::new
# Possible reasons:
#   The system is out of physical RAM or swap space
#   The process is running with CompressedOops enabled, and the Java Heap may be blocking the growth of the native heap
# Possible solutions:
#   Reduce memory load on the system
#   Increase physical memory or swap space
#   Check if swap backing store is full
#   Decrease Java heap size (-Xmx/-Xms)
#   Decrease number of Java threads
#   Decrease Java thread stack sizes (-Xss)
#   Set larger code cache with -XX:ReservedCodeCacheSize=
#   JVM is running with Unscaled Compressed Oops mode in which the Java heap is
#     placed in the first 4GB address space. The Java Heap base address is the
#     maximum limit for the native heap growth. Please use -XX:HeapBaseMinAddress
#     to set the Java Heap base and to place the Java Heap above 4GB virtual address.
# This output file may be truncated or incomplete.
#
#  Out of Memory Error (arena.cpp:184), pid=9976, tid=8992
#
# JRE version: Java(TM) SE Runtime Environment (18.0.1.1+2) (build 18.0.1.1+2-6)
# Java VM: Java HotSpot(TM) 64-Bit Server VM (18.0.1.1+2-6, mixed mode, sharing, tiered, compressed oops, compressed class ptrs, g1 gc, windows-amd64)
# No core dump will be written. Minidumps are not enabled by default on client versions of Windows
#

---------------  S U M M A R Y ------------

Command Line: --add-opens=java.base/java.util=ALL-UNNAMED --add-opens=java.base/java.lang=ALL-UNNAMED --add-opens=java.base/java.lang.invoke=ALL-UNNAMED --add-opens=java.base/java.util=ALL-UNNAMED --add-opens=java.prefs/java.util.prefs=ALL-UNNAMED --add-opens=java.prefs/java.util.prefs=ALL-UNNAMED --add-opens=java.base/java.nio.charset=ALL-UNNAMED --add-opens=java.base/java.net=ALL-UNNAMED --add-opens=java.base/java.util.concurrent.atomic=ALL-UNNAMED -Xmx2048m -Dfile.encoding=UTF-8 -Duser.country=US -Duser.language=en -Duser.variant org.gradle.launcher.daemon.bootstrap.GradleDaemon 7.3.3

Host: Intel(R) Core(TM) i5-10300H CPU @ 2.50GHz, 8 cores, 7G,  Windows 11 , 64 bit Build 22000 (10.0.22000.708)
Time: Mon Jul 11 12:23:15 2022 Iran Daylight Time elapsed time: 5.985370 seconds (0d 0h 0m 5s)

---------------  T H R E A D  ---------------

Current thread (0x0000022af43af6a0):  JavaThread "C2 CompilerThread0" daemon [_thread_in_native, id=8992, stack(0x000000d50dd00000,0x000000d50de00000)]


Current CompileTask:
C2:   5985 7268 %     4       org.gradle.internal.instantiation.generator.AbstractClassGenerator::inspectType @ 107 (560 bytes)

Stack: [0x000000d50dd00000,0x000000d50de00000]
Native frames: (J=compiled Java code, j=interpreted, Vv=VM code, C=native code)
V  [jvm.dll+0x69887a]
V  [jvm.dll+0x7f38bd]
V  [jvm.dll+0x7f51ce]
V  [jvm.dll+0x7f5883]
V  [jvm.dll+0x25ca3f]
V  [jvm.dll+0xb8c2f]
V  [jvm.dll+0xb8fa5]
V  [jvm.dll+0x385a31]
V  [jvm.dll+0x34f811]
V  [jvm.dll+0x34ecaa]
V  [jvm.dll+0x22fc21]
V  [jvm.dll+0x22eff1]
V  [jvm.dll+0x1b9cfc]
V  [jvm.dll+0x23e8ca]
V  [jvm.dll+0x23cbb5]
V  [jvm.dll+0x7a5fb1]
V  [jvm.dll+0x7a03ea]
V  [jvm.dll+0x697725]
C  [ucrtbase.dll+0x26c0c]
C  [KERNEL32.DLL+0x154e0]
C  [ntdll.dll+0x485b]


---------------  P R O C E S S  ---------------

Threads class SMR info:
_java_thread_list=0x0000022afda97e70, length=126, elements={
0x0000022ad6166a50, 0x0000022af4390e30, 0x0000022af4393aa0, 0x0000022af43abdd0,
0x0000022af43ad690, 0x0000022af43ae030, 0x0000022af43ae9d0, 0x0000022af43af6a0,
0x0000022af43b88c0, 0x0000022af43b51e0, 0x0000022af88cf2f0, 0x0000022af88d25f0,
0x0000022afa1a7060, 0x0000022af89c01f0, 0x0000022afa240040, 0x0000022af9f2e670,
0x0000022af9224e60, 0x0000022af973b860, 0x0000022afa50a020, 0x0000022af9736d60,
0x0000022af973a250, 0x0000022af9736890, 0x0000022afa2e1830, 0x0000022af9738f10,
0x0000022af9738a40, 0x0000022af9737230, 0x0000022afa2e0e10, 0x0000022af9737bd0,
0x0000022af97380a0, 0x0000022af9738570, 0x0000022af97393e0, 0x0000022af97398b0,
0x0000022af9739d80, 0x0000022afa883160, 0x0000022afa8874c0, 0x0000022afa886b20,
0x0000022afa888800, 0x0000022afa888cd0, 0x0000022afa883630, 0x0000022afa88a4e0,
0x0000022afa883b00, 0x0000022afa886650, 0x0000022afa884e40, 0x0000022afa88a010,
0x0000022afd676d70, 0x0000022afd6733b0, 0x0000022afd677240, 0x0000022afd673880,
0x0000022afd672ee0, 0x0000022afd674bc0, 0x0000022afd677710, 0x0000022afd6798c0,
0x0000022afd673d50, 0x0000022afd675560, 0x0000022afd672540, 0x0000022afd677be0,
0x0000022afd675f00, 0x0000022afd672a10, 0x0000022afd675a30, 0x0000022afd674220,
0x0000022afd6763d0, 0x0000022afd6768a0, 0x0000022afd6780b0, 0x0000022afd678580,
0x0000022afd6746f0, 0x0000022afd678f20, 0x0000022afd678a50, 0x0000022afd6793f0,
0x0000022afe64c800, 0x0000022afe64b4c0, 0x0000022afe649cb0, 0x0000022afe64ccd0,
0x0000022afe647630, 0x0000022afe647b00, 0x0000022afe6462f0, 0x0000022afe649310,
0x0000022afe6497e0, 0x0000022afe6467c0, 0x0000022afe64b990, 0x0000022afe64d1a0,
0x0000022afe64a180, 0x0000022afe64a650, 0x0000022afe6484a0, 0x0000022afe647fd0,
0x0000022afe648970, 0x0000022afe646c90, 0x0000022afe64aff0, 0x0000022afe64ab20,
0x0000022afe64be60, 0x0000022afe64d670, 0x0000022afe64c330, 0x0000022afe645e20,
0x0000022afe648e40, 0x0000022afe647160, 0x0000022afe8fcb80, 0x0000022afe8fa030,
0x0000022afe8f8820, 0x0000022afe8f7e80, 0x0000022afe8fd520, 0x0000022afe8fc6b0,
0x0000022afe8fd9f0, 0x0000022afe8fdec0, 0x0000022afe8f7010, 0x0000022afe8f6670,
0x0000022afe8f8350, 0x0000022afe8fa9d0, 0x0000022afe8fd050, 0x0000022afe8f8cf0,
0x0000022afe8f91c0, 0x0000022afe8f6b40, 0x0000022afe8f9b60, 0x0000022afe8f9690,
0x0000022afe8f74e0, 0x0000022afe8fa500, 0x0000022afe8f79b0, 0x0000022afe8faea0,
0x0000022afe8fc1e0, 0x0000022afe8fb370, 0x0000022afe8fb840, 0x0000022afe8fbd10,
0x0000022afaa35a20, 0x0000022afaa34bb0, 0x0000022afaa35080, 0x0000022afaa35550,
0x0000022afaa36d60, 0x0000022afaa346e0
}

Java Threads: ( => current thread )
  0x0000022ad6166a50 JavaThread "main" [_thread_blocked, id=10916, stack(0x000000d50d000000,0x000000d50d100000)]
  0x0000022af4390e30 JavaThread "Reference Handler" daemon [_thread_blocked, id=14900, stack(0x000000d50d700000,0x000000d50d800000)]
  0x0000022af4393aa0 JavaThread "Finalizer" daemon [_thread_blocked, id=7256, stack(0x000000d50d800000,0x000000d50d900000)]
  0x0000022af43abdd0 JavaThread "Signal Dispatcher" daemon [_thread_blocked, id=5416, stack(0x000000d50d900000,0x000000d50da00000)]
  0x0000022af43ad690 JavaThread "Attach Listener" daemon [_thread_blocked, id=2284, stack(0x000000d50da00000,0x000000d50db00000)]
  0x0000022af43ae030 JavaThread "Service Thread" daemon [_thread_blocked, id=13076, stack(0x000000d50db00000,0x000000d50dc00000)]
  0x0000022af43ae9d0 JavaThread "Monitor Deflation Thread" daemon [_thread_blocked, id=9428, stack(0x000000d50dc00000,0x000000d50dd00000)]
=>0x0000022af43af6a0 JavaThread "C2 CompilerThread0" daemon [_thread_in_native, id=8992, stack(0x000000d50dd00000,0x000000d50de00000)]
  0x0000022af43b88c0 JavaThread "C1 CompilerThread0" daemon [_thread_blocked, id=13552, stack(0x000000d50de00000,0x000000d50df00000)]
  0x0000022af43b51e0 JavaThread "Sweeper thread" daemon [_thread_blocked, id=5512, stack(0x000000d50df00000,0x000000d50e000000)]
  0x0000022af88cf2f0 JavaThread "Common-Cleaner" daemon [_thread_blocked, id=8716, stack(0x000000d50e000000,0x000000d50e100000)]
  0x0000022af88d25f0 JavaThread "Notification Thread" daemon [_thread_blocked, id=16280, stack(0x000000d50e100000,0x000000d50e200000)]
  0x0000022afa1a7060 JavaThread "Daemon health stats" [_thread_blocked, id=6860, stack(0x000000d50e800000,0x000000d50e900000)]
  0x0000022af89c01f0 JavaThread "Incoming local TCP Connector on port 59983" [_thread_in_native, id=10208, stack(0x000000d50e300000,0x000000d50e400000)]
  0x0000022afa240040 JavaThread "Daemon periodic checks" [_thread_blocked, id=14224, stack(0x000000d50e900000,0x000000d50ea00000)]
  0x0000022af9f2e670 JavaThread "Daemon" [_thread_blocked, id=15580, stack(0x000000d50ea00000,0x000000d50eb00000)]
  0x0000022af9224e60 JavaThread "Handler for socket connection from /127.0.0.1:59983 to /127.0.0.1:59984" [_thread_in_native, id=14592, stack(0x000000d50eb00000,0x000000d50ec00000)]
  0x0000022af973b860 JavaThread "Cancel handler" [_thread_blocked, id=10376, stack(0x000000d50ec00000,0x000000d50ed00000)]
  0x0000022afa50a020 JavaThread "Daemon worker" [_thread_in_vm, id=2428, stack(0x000000d50ed00000,0x000000d50ee00000)]
  0x0000022af9736d60 JavaThread "Asynchronous log dispatcher for DefaultDaemonConnection: socket connection from /127.0.0.1:59983 to /127.0.0.1:59984" [_thread_blocked, id=8124, stack(0x000000d50ee00000,0x000000d50ef00000)]
  0x0000022af973a250 JavaThread "Stdin handler" [_thread_blocked, id=2656, stack(0x000000d50ef00000,0x000000d50f000000)]
  0x0000022af9736890 JavaThread "Daemon client event forwarder" [_thread_blocked, id=8500, stack(0x000000d50f000000,0x000000d50f100000)]
  0x0000022afa2e1830 JavaThread "C2 CompilerThread1" daemon [_thread_in_native, id=14008, stack(0x000000d50f100000,0x000000d50f200000)]
  0x0000022af9738f10 JavaThread "Cache worker for journal cache (C:\Program Files\Java\jre1.8.0_333\caches\journal-1)" [_thread_blocked, id=12584, stack(0x000000d50f200000,0x000000d50f300000)]
  0x0000022af9738a40 JavaThread "File lock request listener" [_thread_in_native, id=17096, stack(0x000000d50f300000,0x000000d50f400000)]
  0x0000022af9737230 JavaThread "Cache worker for file hash cache (C:\Program Files\Java\jre1.8.0_333\caches\7.3.3\fileHashes)" [_thread_blocked, id=16284, stack(0x000000d50f400000,0x000000d50f500000)]
  0x0000022afa2e0e10 JavaThread "C2 CompilerThread2" daemon [_thread_blocked, id=12912, stack(0x000000d50f500000,0x000000d50f600000)]
  0x0000022af9737bd0 JavaThread "Cache worker for file hash cache (D:\BatteryManager\.gradle\7.3.3\fileHashes)" [_thread_blocked, id=4168, stack(0x000000d50f600000,0x000000d50f700000)]
  0x0000022af97380a0 JavaThread "File watcher server" daemon [_thread_in_native, id=15608, stack(0x000000d50fa00000,0x000000d50fb00000)]
  0x0000022af9738570 JavaThread "File watcher consumer" daemon [_thread_blocked, id=8232, stack(0x000000d50fb00000,0x000000d50fc00000)]
  0x0000022af97393e0 JavaThread "jar transforms" [_thread_blocked, id=12656, stack(0x000000d50fc00000,0x000000d50fd00000)]
  0x0000022af97398b0 JavaThread "jar transforms Thread 2" [_thread_blocked, id=3252, stack(0x000000d50fd00000,0x000000d50fe00000)]
  0x0000022af9739d80 JavaThread "jar transforms Thread 3" [_thread_blocked, id=7076, stack(0x000000d50fe00000,0x000000d50ff00000)]
  0x0000022afa883160 JavaThread "jar transforms Thread 4" [_thread_blocked, id=920, stack(0x000000d50ff00000,0x000000d510000000)]
  0x0000022afa8874c0 JavaThread "jar transforms Thread 5" [_thread_blocked, id=17064, stack(0x000000d510000000,0x000000d510100000)]
  0x0000022afa886b20 JavaThread "jar transforms Thread 6" [_thread_blocked, id=8996, stack(0x000000d510100000,0x000000d510200000)]
  0x0000022afa888800 JavaThread "jar transforms Thread 7" [_thread_blocked, id=3832, stack(0x000000d510200000,0x000000d510300000)]
  0x0000022afa888cd0 JavaThread "jar transforms Thread 8" [_thread_blocked, id=15704, stack(0x000000d510300000,0x000000d510400000)]
  0x0000022afa883630 JavaThread "Cache worker for checksums cache (D:\BatteryManager\.gradle\7.3.3\checksums)" [_thread_blocked, id=7268, stack(0x000000d510500000,0x000000d510600000)]
  0x0000022afa88a4e0 JavaThread "Cache worker for cache directory md-supplier (C:\Program Files\Java\jre1.8.0_333\caches\7.3.3\md-supplier)" [_thread_blocked, id=13940, stack(0x000000d510600000,0x000000d510700000)]
  0x0000022afa883b00 JavaThread "Cache worker for cache directory md-rule (C:\Program Files\Java\jre1.8.0_333\caches\7.3.3\md-rule)" [_thread_blocked, id=9744, stack(0x000000d510700000,0x000000d510800000)]
  0x0000022afa886650 JavaThread "Cache worker for execution history cache (C:\Program Files\Java\jre1.8.0_333\caches\7.3.3\executionHistory)" [_thread_blocked, id=11104, stack(0x000000d510800000,0x000000d510900000)]
  0x0000022afa884e40 JavaThread "Cache worker for file content cache (C:\Program Files\Java\jre1.8.0_333\caches\7.3.3\fileContent)" [_thread_blocked, id=13716, stack(0x000000d510900000,0x000000d510a00000)]
  0x0000022afa88a010 JavaThread "Cache worker for dependencies-accessors (D:\BatteryManager\.gradle\7.3.3\dependencies-accessors)" [_thread_blocked, id=1504, stack(0x000000d510a00000,0x000000d510b00000)]
  0x0000022afd676d70 JavaThread "Cache worker for Build Output Cleanup Cache (D:\BatteryManager\.gradle\buildOutputCleanup)" [_thread_blocked, id=12632, stack(0x000000d510b00000,0x000000d510c00000)]
  0x0000022afd6733b0 JavaThread "Unconstrained build operations" [_thread_blocked, id=15860, stack(0x000000d510c00000,0x000000d510d00000)]
  0x0000022afd677240 JavaThread "Unconstrained build operations Thread 2" [_thread_blocked, id=4720, stack(0x000000d510d00000,0x000000d510e00000)]
  0x0000022afd673880 JavaThread "Unconstrained build operations Thread 3" [_thread_blocked, id=5784, stack(0x000000d510e00000,0x000000d510f00000)]
  0x0000022afd672ee0 JavaThread "Unconstrained build operations Thread 4" [_thread_blocked, id=12404, stack(0x000000d510f00000,0x000000d511000000)]
  0x0000022afd674bc0 JavaThread "Unconstrained build operations Thread 5" [_thread_blocked, id=16228, stack(0x000000d511000000,0x000000d511100000)]
  0x0000022afd677710 JavaThread "Unconstrained build operations Thread 6" [_thread_blocked, id=12128, stack(0x000000d511100000,0x000000d511200000)]
  0x0000022afd6798c0 JavaThread "Unconstrained build operations Thread 7" [_thread_blocked, id=11912, stack(0x000000d511200000,0x000000d511300000)]
  0x0000022afd673d50 JavaThread "Unconstrained build operations Thread 8" [_thread_blocked, id=8308, stack(0x000000d511300000,0x000000d511400000)]
  0x0000022afd675560 JavaThread "Unconstrained build operations Thread 9" [_thread_blocked, id=5788, stack(0x000000d511400000,0x000000d511500000)]
  0x0000022afd672540 JavaThread "Unconstrained build operations Thread 10" [_thread_blocked, id=9460, stack(0x000000d511500000,0x000000d511600000)]
  0x0000022afd677be0 JavaThread "Unconstrained build operations Thread 11" [_thread_blocked, id=1956, stack(0x000000d511600000,0x000000d511700000)]
  0x0000022afd675f00 JavaThread "Unconstrained build operations Thread 12" [_thread_blocked, id=10096, stack(0x000000d511700000,0x000000d511800000)]
  0x0000022afd672a10 JavaThread "Unconstrained build operations Thread 13" [_thread_blocked, id=6424, stack(0x000000d511800000,0x000000d511900000)]
  0x0000022afd675a30 JavaThread "Unconstrained build operations Thread 14" [_thread_blocked, id=12720, stack(0x000000d511900000,0x000000d511a00000)]
  0x0000022afd674220 JavaThread "Unconstrained build operations Thread 15" [_thread_blocked, id=12948, stack(0x000000d511a00000,0x000000d511b00000)]
  0x0000022afd6763d0 JavaThread "Unconstrained build operations Thread 16" [_thread_blocked, id=17080, stack(0x000000d511b00000,0x000000d511c00000)]
  0x0000022afd6768a0 JavaThread "Unconstrained build operations Thread 17" [_thread_blocked, id=13280, stack(0x000000d511c00000,0x000000d511d00000)]
  0x0000022afd6780b0 JavaThread "Unconstrained build operations Thread 18" [_thread_blocked, id=6772, stack(0x000000d511d00000,0x000000d511e00000)]
  0x0000022afd678580 JavaThread "Unconstrained build operations Thread 19" [_thread_blocked, id=16532, stack(0x000000d511e00000,0x000000d511f00000)]
  0x0000022afd6746f0 JavaThread "Unconstrained build operations Thread 20" [_thread_blocked, id=16836, stack(0x000000d511f00000,0x000000d512000000)]
  0x0000022afd678f20 JavaThread "Unconstrained build operations Thread 21" [_thread_blocked, id=6920, stack(0x000000d512000000,0x000000d512100000)]
  0x0000022afd678a50 JavaThread "Unconstrained build operations Thread 22" [_thread_blocked, id=15396, stack(0x000000d512100000,0x000000d512200000)]
  0x0000022afd6793f0 JavaThread "Unconstrained build operations Thread 23" [_thread_blocked, id=7312, stack(0x000000d512200000,0x000000d512300000)]
  0x0000022afe64c800 JavaThread "Unconstrained build operations Thread 24" [_thread_blocked, id=1628, stack(0x000000d512300000,0x000000d512400000)]
  0x0000022afe64b4c0 JavaThread "Unconstrained build operations Thread 25" [_thread_blocked, id=16612, stack(0x000000d512400000,0x000000d512500000)]
  0x0000022afe649cb0 JavaThread "Unconstrained build operations Thread 26" [_thread_blocked, id=13908, stack(0x000000d512500000,0x000000d512600000)]
  0x0000022afe64ccd0 JavaThread "Unconstrained build operations Thread 27" [_thread_blocked, id=10880, stack(0x000000d512600000,0x000000d512700000)]
  0x0000022afe647630 JavaThread "Unconstrained build operations Thread 28" [_thread_blocked, id=2412, stack(0x000000d512700000,0x000000d512800000)]
  0x0000022afe647b00 JavaThread "Unconstrained build operations Thread 29" [_thread_blocked, id=4880, stack(0x000000d512800000,0x000000d512900000)]
  0x0000022afe6462f0 JavaThread "Unconstrained build operations Thread 30" [_thread_blocked, id=13744, stack(0x000000d512900000,0x000000d512a00000)]
  0x0000022afe649310 JavaThread "Unconstrained build operations Thread 31" [_thread_blocked, id=8728, stack(0x000000d512a00000,0x000000d512b00000)]
  0x0000022afe6497e0 JavaThread "Unconstrained build operations Thread 32" [_thread_blocked, id=14100, stack(0x000000d512b00000,0x000000d512c00000)]
  0x0000022afe6467c0 JavaThread "Unconstrained build operations Thread 33" [_thread_blocked, id=6188, stack(0x000000d512c00000,0x000000d512d00000)]
  0x0000022afe64b990 JavaThread "Unconstrained build operations Thread 34" [_thread_blocked, id=14104, stack(0x000000d512d00000,0x000000d512e00000)]
  0x0000022afe64d1a0 JavaThread "Unconstrained build operations Thread 35" [_thread_blocked, id=8616, stack(0x000000d512e00000,0x000000d512f00000)]
  0x0000022afe64a180 JavaThread "Unconstrained build operations Thread 36" [_thread_blocked, id=11616, stack(0x000000d512f00000,0x000000d513000000)]
  0x0000022afe64a650 JavaThread "Unconstrained build operations Thread 37" [_thread_blocked, id=4556, stack(0x000000d513000000,0x000000d513100000)]
  0x0000022afe6484a0 JavaThread "Unconstrained build operations Thread 38" [_thread_blocked, id=12668, stack(0x000000d513100000,0x000000d513200000)]
  0x0000022afe647fd0 JavaThread "Unconstrained build operations Thread 39" [_thread_blocked, id=2188, stack(0x000000d513200000,0x000000d513300000)]
  0x0000022afe648970 JavaThread "Unconstrained build operations Thread 40" [_thread_blocked, id=17324, stack(0x000000d513300000,0x000000d513400000)]
  0x0000022afe646c90 JavaThread "Unconstrained build operations Thread 41" [_thread_blocked, id=11720, stack(0x000000d513400000,0x000000d513500000)]
  0x0000022afe64aff0 JavaThread "Unconstrained build operations Thread 42" [_thread_blocked, id=7948, stack(0x000000d513500000,0x000000d513600000)]
  0x0000022afe64ab20 JavaThread "Unconstrained build operations Thread 43" [_thread_blocked, id=6396, stack(0x000000d513600000,0x000000d513700000)]
  0x0000022afe64be60 JavaThread "Unconstrained build operations Thread 44" [_thread_blocked, id=8, stack(0x000000d513700000,0x000000d513800000)]
  0x0000022afe64d670 JavaThread "Unconstrained build operations Thread 45" [_thread_blocked, id=8436, stack(0x000000d513800000,0x000000d513900000)]
  0x0000022afe64c330 JavaThread "Unconstrained build operations Thread 46" [_thread_blocked, id=9552, stack(0x000000d513900000,0x000000d513a00000)]
  0x0000022afe645e20 JavaThread "Unconstrained build operations Thread 47" [_thread_blocked, id=2024, stack(0x000000d513a00000,0x000000d513b00000)]
  0x0000022afe648e40 JavaThread "Unconstrained build operations Thread 48" [_thread_blocked, id=10768, stack(0x000000d513b00000,0x000000d513c00000)]
  0x0000022afe647160 JavaThread "Unconstrained build operations Thread 49" [_thread_blocked, id=9180, stack(0x000000d513c00000,0x000000d513d00000)]
  0x0000022afe8fcb80 JavaThread "Unconstrained build operations Thread 50" [_thread_blocked, id=15736, stack(0x000000d513d00000,0x000000d513e00000)]
  0x0000022afe8fa030 JavaThread "Unconstrained build operations Thread 51" [_thread_blocked, id=14556, stack(0x000000d513e00000,0x000000d513f00000)]
  0x0000022afe8f8820 JavaThread "Unconstrained build operations Thread 52" [_thread_blocked, id=12532, stack(0x000000d513f00000,0x000000d514000000)]
  0x0000022afe8f7e80 JavaThread "Unconstrained build operations Thread 53" [_thread_blocked, id=1048, stack(0x000000d514000000,0x000000d514100000)]
  0x0000022afe8fd520 JavaThread "Unconstrained build operations Thread 54" [_thread_blocked, id=12832, stack(0x000000d514100000,0x000000d514200000)]
  0x0000022afe8fc6b0 JavaThread "Unconstrained build operations Thread 55" [_thread_blocked, id=10808, stack(0x000000d514200000,0x000000d514300000)]
  0x0000022afe8fd9f0 JavaThread "Unconstrained build operations Thread 56" [_thread_blocked, id=13984, stack(0x000000d514300000,0x000000d514400000)]
  0x0000022afe8fdec0 JavaThread "Unconstrained build operations Thread 57" [_thread_blocked, id=5324, stack(0x000000d514400000,0x000000d514500000)]
  0x0000022afe8f7010 JavaThread "Unconstrained build operations Thread 58" [_thread_blocked, id=12844, stack(0x000000d514500000,0x000000d514600000)]
  0x0000022afe8f6670 JavaThread "Unconstrained build operations Thread 59" [_thread_blocked, id=17068, stack(0x000000d514600000,0x000000d514700000)]
  0x0000022afe8f8350 JavaThread "Unconstrained build operations Thread 60" [_thread_blocked, id=11736, stack(0x000000d514700000,0x000000d514800000)]
  0x0000022afe8fa9d0 JavaThread "Unconstrained build operations Thread 61" [_thread_blocked, id=8592, stack(0x000000d514800000,0x000000d514900000)]
  0x0000022afe8fd050 JavaThread "Unconstrained build operations Thread 62" [_thread_blocked, id=616, stack(0x000000d514900000,0x000000d514a00000)]
  0x0000022afe8f8cf0 JavaThread "Unconstrained build operations Thread 63" [_thread_blocked, id=6836, stack(0x000000d514a00000,0x000000d514b00000)]
  0x0000022afe8f91c0 JavaThread "Unconstrained build operations Thread 64" [_thread_blocked, id=15696, stack(0x000000d514b00000,0x000000d514c00000)]
  0x0000022afe8f6b40 JavaThread "Unconstrained build operations Thread 65" [_thread_blocked, id=6656, stack(0x000000d514c00000,0x000000d514d00000)]
  0x0000022afe8f9b60 JavaThread "Unconstrained build operations Thread 66" [_thread_blocked, id=7708, stack(0x000000d514d00000,0x000000d514e00000)]
  0x0000022afe8f9690 JavaThread "Unconstrained build operations Thread 67" [_thread_blocked, id=7188, stack(0x000000d514e00000,0x000000d514f00000)]
  0x0000022afe8f74e0 JavaThread "Unconstrained build operations Thread 68" [_thread_blocked, id=9096, stack(0x000000d514f00000,0x000000d515000000)]
  0x0000022afe8fa500 JavaThread "Unconstrained build operations Thread 69" [_thread_blocked, id=12156, stack(0x000000d515000000,0x000000d515100000)]
  0x0000022afe8f79b0 JavaThread "Unconstrained build operations Thread 70" [_thread_blocked, id=1732, stack(0x000000d515100000,0x000000d515200000)]
  0x0000022afe8faea0 JavaThread "Unconstrained build operations Thread 71" [_thread_blocked, id=8116, stack(0x000000d515200000,0x000000d515300000)]
  0x0000022afe8fc1e0 JavaThread "Unconstrained build operations Thread 72" [_thread_blocked, id=9964, stack(0x000000d515300000,0x000000d515400000)]
  0x0000022afe8fb370 JavaThread "Unconstrained build operations Thread 73" [_thread_blocked, id=3432, stack(0x000000d515400000,0x000000d515500000)]
  0x0000022afe8fb840 JavaThread "Unconstrained build operations Thread 74" [_thread_blocked, id=1272, stack(0x000000d515500000,0x000000d515600000)]
  0x0000022afe8fbd10 JavaThread "Unconstrained build operations Thread 75" [_thread_blocked, id=1136, stack(0x000000d515600000,0x000000d515700000)]
  0x0000022afaa35a20 JavaThread "Unconstrained build operations Thread 76" [_thread_blocked, id=10616, stack(0x000000d515700000,0x000000d515800000)]
  0x0000022afaa34bb0 JavaThread "Unconstrained build operations Thread 77" [_thread_blocked, id=1916, stack(0x000000d515800000,0x000000d515900000)]
  0x0000022afaa35080 JavaThread "Unconstrained build operations Thread 78" [_thread_blocked, id=11832, stack(0x000000d515900000,0x000000d515a00000)]
  0x0000022afaa35550 JavaThread "Unconstrained build operations Thread 79" [_thread_blocked, id=1200, stack(0x000000d515a00000,0x000000d515b00000)]
  0x0000022afaa36d60 JavaThread "Unconstrained build operations Thread 80" [_thread_blocked, id=3868, stack(0x000000d515b00000,0x000000d515c00000)]
  0x0000022afaa346e0 JavaThread "Memory manager" [_thread_blocked, id=7620, stack(0x000000d515c00000,0x000000d515d00000)]

Other Threads:
  0x0000022af438d460 VMThread "VM Thread" [stack: 0x000000d50d600000,0x000000d50d700000] [id=2704]
  0x0000022af88d4910 WatcherThread "VM Periodic Task Thread" [stack: 0x000000d50e200000,0x000000d50e300000] [id=12396]
  0x0000022ad61c5330 WorkerThread "GC Thread#0" [stack: 0x000000d50d100000,0x000000d50d200000] [id=10872]
  0x0000022af9317020 WorkerThread "GC Thread#1" [stack: 0x000000d50e400000,0x000000d50e500000] [id=9464]
  0x0000022af8b4e270 WorkerThread "GC Thread#2" [stack: 0x000000d50e500000,0x000000d50e600000] [id=10288]
  0x0000022af931b440 WorkerThread "GC Thread#3" [stack: 0x000000d50e600000,0x000000d50e700000] [id=6276]
  0x0000022af9b11bc0 WorkerThread "GC Thread#4" [stack: 0x000000d50e700000,0x000000d50e800000] [id=1384]
  0x0000022afb81ee00 WorkerThread "GC Thread#5" [stack: 0x000000d50f700000,0x000000d50f800000] [id=7140]
  0x0000022afc04abf0 WorkerThread "GC Thread#6" [stack: 0x000000d50f800000,0x000000d50f900000] [id=8212]
  0x0000022afb8f8070 WorkerThread "GC Thread#7" [stack: 0x000000d50f900000,0x000000d50fa00000] [id=9772]
  0x0000022ad61d7170 ConcurrentGCThread "G1 Main Marker" [stack: 0x000000d50d200000,0x000000d50d300000] [id=10224]
  0x0000022ad61d8200 WorkerThread "G1 Conc#0" [stack: 0x000000d50d300000,0x000000d50d400000] [id=2328]
  0x0000022afb344040 WorkerThread "G1 Conc#1" [stack: 0x000000d510400000,0x000000d510500000] [id=13600]
  0x0000022ad62269b0 ConcurrentGCThread "G1 Refine#0" [stack: 0x000000d50d400000,0x000000d50d500000] [id=10060]
  0x0000022ad62272c0 ConcurrentGCThread "G1 Service" [stack: 0x000000d50d500000,0x000000d50d600000] [id=8384]

Threads with active compile tasks:
C2 CompilerThread0     6001 7268 %     4       org.gradle.internal.instantiation.generator.AbstractClassGenerator::inspectType @ 107 (560 bytes)
C2 CompilerThread1     6001 7439   !   4       jdk.internal.loader.Resource::getBytes (244 bytes)

VM state: not at safepoint (normal execution)

VM Mutex/Monitor currently owned by a thread: None

Heap address: 0x0000000080000000, size: 2048 MB, Compressed Oops mode: 32-bit

CDS archive(s) mapped at: [0x0000000800000000-0x0000000800ba0000-0x0000000800ba0000), size 12189696, SharedBaseAddress: 0x0000000800000000, ArchiveRelocationMode: 0.
Compressed class space mapped at: 0x0000000800c00000-0x0000000840c00000, reserved size: 1073741824
Narrow klass base: 0x0000000800000000, Narrow klass shift: 0, Narrow klass range: 0x100000000

GC Precious Log:
 CardTable entry size: 512
 Card Set container configuration: InlinePtr #cards 5 size 8 Array Of Cards #cards 12 size 40 Howl #buckets 4 coarsen threshold 1843 Howl Bitmap #cards 512 size 80 coarsen threshold 460 Card regions per heap region 1 cards per card region 2048
 CPUs: 8 total, 8 available
 Memory: 8023M
 Large Page Support: Disabled
 NUMA Support: Disabled
 Compressed Oops: Enabled (32-bit)
 Heap Region Size: 1M
 Heap Min Capacity: 8M
 Heap Initial Capacity: 126M
 Heap Max Capacity: 2G
 Pre-touch: Disabled
 Parallel Workers: 8
 Concurrent Workers: 2
 Concurrent Refinement Workers: 8
 Periodic GC: Disabled

Heap:
 garbage-first heap   total 206848K, used 106753K [0x0000000080000000, 0x0000000100000000)
  region size 1024K, 23 young (23552K), 1 survivors (1024K)
 Metaspace       used 60341K, committed 62016K, reserved 1114112K
  class space    used 8095K, committed 8960K, reserved 1048576K

Heap Regions: E=young(eden), S=young(survivor), O=old, HS=humongous(starts), HC=humongous(continues), CS=collection set, F=free, OA=open archive, CA=closed archive, TAMS=top-at-mark-start (previous, next)
|   0|0x0000000080000000, 0x0000000080100000, 0x0000000080100000|100%| O|  |TAMS 0x0000000080100000, 0x0000000080000000| Untracked 
|   1|0x0000000080100000, 0x0000000080200000, 0x0000000080200000|100%| O|  |TAMS 0x0000000080200000, 0x0000000080100000| Untracked 
|   2|0x0000000080200000, 0x0000000080300000, 0x0000000080300000|100%| O|  |TAMS 0x0000000080300000, 0x0000000080200000| Untracked 
|   3|0x0000000080300000, 0x0000000080400000, 0x0000000080400000|100%|HS|  |TAMS 0x0000000080400000, 0x0000000080300000| Complete 
|   4|0x0000000080400000, 0x0000000080500000, 0x0000000080500000|100%|HC|  |TAMS 0x0000000080500000, 0x0000000080400000| Complete 
|   5|0x0000000080500000, 0x0000000080600000, 0x0000000080600000|100%|HC|  |TAMS 0x0000000080600000, 0x0000000080500000| Complete 
|   6|0x0000000080600000, 0x0000000080700000, 0x0000000080700000|100%| O|  |TAMS 0x0000000080700000, 0x0000000080600000| Untracked 
|   7|0x0000000080700000, 0x0000000080800000, 0x0000000080800000|100%| O|  |TAMS 0x0000000080800000, 0x0000000080700000| Untracked 
|   8|0x0000000080800000, 0x0000000080900000, 0x0000000080900000|100%| O|  |TAMS 0x0000000080900000, 0x0000000080800000| Untracked 
|   9|0x0000000080900000, 0x0000000080a00000, 0x0000000080a00000|100%| O|  |TAMS 0x0000000080a00000, 0x0000000080900000| Untracked 
|  10|0x0000000080a00000, 0x0000000080b00000, 0x0000000080b00000|100%|HS|  |TAMS 0x0000000080b00000, 0x0000000080a00000| Complete 
|  11|0x0000000080b00000, 0x0000000080c00000, 0x0000000080c00000|100%|HC|  |TAMS 0x0000000080c00000, 0x0000000080b00000| Complete 
|  12|0x0000000080c00000, 0x0000000080d00000, 0x0000000080d00000|100%|HS|  |TAMS 0x0000000080d00000, 0x0000000080c00000| Complete 
|  13|0x0000000080d00000, 0x0000000080e00000, 0x0000000080e00000|100%|HC|  |TAMS 0x0000000080e00000, 0x0000000080d00000| Complete 
|  14|0x0000000080e00000, 0x0000000080f00000, 0x0000000080f00000|100%|HC|  |TAMS 0x0000000080f00000, 0x0000000080e00000| Complete 
|  15|0x0000000080f00000, 0x0000000081000000, 0x0000000081000000|100%|HS|  |TAMS 0x0000000081000000, 0x0000000080f00000| Complete 
|  16|0x0000000081000000, 0x0000000081100000, 0x0000000081100000|100%|HS|  |TAMS 0x0000000081100000, 0x0000000081000000| Complete 
|  17|0x0000000081100000, 0x0000000081200000, 0x0000000081200000|100%|HC|  |TAMS 0x0000000081200000, 0x0000000081100000| Complete 
|  18|0x0000000081200000, 0x0000000081300000, 0x0000000081300000|100%|HC|  |TAMS 0x0000000081300000, 0x0000000081200000| Complete 
|  19|0x0000000081300000, 0x0000000081400000, 0x0000000081400000|100%|HC|  |TAMS 0x0000000081400000, 0x0000000081300000| Complete 
|  20|0x0000000081400000, 0x0000000081500000, 0x0000000081500000|100%| O|  |TAMS 0x0000000081500000, 0x0000000081400000| Untracked 
|  21|0x0000000081500000, 0x0000000081600000, 0x0000000081600000|100%| O|  |TAMS 0x0000000081600000, 0x0000000081500000| Untracked 
|  22|0x0000000081600000, 0x0000000081700000, 0x0000000081700000|100%| O|  |TAMS 0x0000000081700000, 0x0000000081600000| Untracked 
|  23|0x0000000081700000, 0x0000000081800000, 0x0000000081800000|100%| O|  |TAMS 0x0000000081800000, 0x0000000081700000| Untracked 
|  24|0x0000000081800000, 0x0000000081900000, 0x0000000081900000|100%| O|  |TAMS 0x0000000081900000, 0x0000000081800000| Untracked 
|  25|0x0000000081900000, 0x0000000081a00000, 0x0000000081a00000|100%| O|  |TAMS 0x0000000081a00000, 0x0000000081900000| Untracked 
|  26|0x0000000081a00000, 0x0000000081b00000, 0x0000000081b00000|100%| O|  |TAMS 0x0000000081b00000, 0x0000000081a00000| Untracked 
|  27|0x0000000081b00000, 0x0000000081c00000, 0x0000000081c00000|100%| O|  |TAMS 0x0000000081c00000, 0x0000000081b00000| Untracked 
|  28|0x0000000081c00000, 0x0000000081d00000, 0x0000000081d00000|100%| O|  |TAMS 0x0000000081c00000, 0x0000000081c00000| Untracked 
|  29|0x0000000081d00000, 0x0000000081e00000, 0x0000000081e00000|100%| O|  |TAMS 0x0000000081e00000, 0x0000000081d00000| Untracked 
|  30|0x0000000081e00000, 0x0000000081f00000, 0x0000000081f00000|100%| O|  |TAMS 0x0000000081f00000, 0x0000000081e00000| Untracked 
|  31|0x0000000081f00000, 0x0000000082000000, 0x0000000082000000|100%| O|  |TAMS 0x0000000082000000, 0x0000000081f00000| Untracked 
|  32|0x0000000082000000, 0x0000000082100000, 0x0000000082100000|100%| O|  |TAMS 0x0000000082100000, 0x0000000082000000| Untracked 
|  33|0x0000000082100000, 0x0000000082200000, 0x0000000082200000|100%| O|  |TAMS 0x0000000082200000, 0x0000000082100000| Untracked 
|  34|0x0000000082200000, 0x0000000082300000, 0x0000000082300000|100%| O|  |TAMS 0x0000000082300000, 0x0000000082200000| Untracked 
|  35|0x0000000082300000, 0x0000000082400000, 0x0000000082400000|100%|HS|  |TAMS 0x0000000082400000, 0x0000000082300000| Complete 
|  36|0x0000000082400000, 0x0000000082500000, 0x0000000082500000|100%| O|  |TAMS 0x0000000082500000, 0x0000000082400000| Untracked 
|  37|0x0000000082500000, 0x0000000082600000, 0x0000000082600000|100%| O|  |TAMS 0x0000000082600000, 0x0000000082500000| Untracked 
|  38|0x0000000082600000, 0x0000000082700000, 0x0000000082700000|100%| O|  |TAMS 0x0000000082700000, 0x0000000082600000| Untracked 
|  39|0x0000000082700000, 0x0000000082800000, 0x0000000082800000|100%| O|  |TAMS 0x0000000082800000, 0x0000000082700000| Untracked 
|  40|0x0000000082800000, 0x0000000082900000, 0x0000000082900000|100%| O|  |TAMS 0x0000000082900000, 0x0000000082800000| Untracked 
|  41|0x0000000082900000, 0x0000000082a00000, 0x0000000082a00000|100%| O|  |TAMS 0x0000000082a00000, 0x0000000082900000| Untracked 
|  42|0x0000000082a00000, 0x0000000082b00000, 0x0000000082b00000|100%|HS|  |TAMS 0x0000000082b00000, 0x0000000082a00000| Complete 
|  43|0x0000000082b00000, 0x0000000082c00000, 0x0000000082c00000|100%|HC|  |TAMS 0x0000000082c00000, 0x0000000082b00000| Complete 
|  44|0x0000000082c00000, 0x0000000082d00000, 0x0000000082d00000|100%|HC|  |TAMS 0x0000000082d00000, 0x0000000082c00000| Complete 
|  45|0x0000000082d00000, 0x0000000082e00000, 0x0000000082e00000|100%| O|  |TAMS 0x0000000082e00000, 0x0000000082d00000| Untracked 
|  46|0x0000000082e00000, 0x0000000082f00000, 0x0000000082f00000|100%| O|  |TAMS 0x0000000082f00000, 0x0000000082e00000| Untracked 
|  47|0x0000000082f00000, 0x0000000083000000, 0x0000000083000000|100%|HS|  |TAMS 0x0000000082f00000, 0x0000000082f00000| Complete 
|  48|0x0000000083000000, 0x0000000083100000, 0x0000000083100000|100%|HS|  |TAMS 0x0000000083100000, 0x0000000083000000| Complete 
|  49|0x0000000083100000, 0x0000000083200000, 0x0000000083200000|100%|HC|  |TAMS 0x0000000083200000, 0x0000000083100000| Complete 
|  50|0x0000000083200000, 0x0000000083300000, 0x0000000083300000|100%|HC|  |TAMS 0x0000000083300000, 0x0000000083200000| Complete 
|  51|0x0000000083300000, 0x0000000083400000, 0x0000000083400000|100%|HC|  |TAMS 0x0000000083400000, 0x0000000083300000| Complete 
|  52|0x0000000083400000, 0x0000000083500000, 0x0000000083500000|100%| O|  |TAMS 0x0000000083500000, 0x0000000083400000| Untracked 
|  53|0x0000000083500000, 0x0000000083600000, 0x0000000083600000|100%| O|  |TAMS 0x0000000083600000, 0x0000000083500000| Untracked 
|  54|0x0000000083600000, 0x0000000083700000, 0x0000000083700000|100%| O|  |TAMS 0x0000000083700000, 0x0000000083600000| Untracked 
|  55|0x0000000083700000, 0x0000000083800000, 0x0000000083800000|100%| O|  |TAMS 0x0000000083800000, 0x0000000083700000| Untracked 
|  56|0x0000000083800000, 0x0000000083900000, 0x0000000083900000|100%| O|  |TAMS 0x0000000083900000, 0x0000000083800000| Untracked 
|  57|0x0000000083900000, 0x0000000083a00000, 0x0000000083a00000|100%| O|  |TAMS 0x0000000083a00000, 0x0000000083900000| Untracked 
|  58|0x0000000083a00000, 0x0000000083b00000, 0x0000000083b00000|100%| O|  |TAMS 0x0000000083b00000, 0x0000000083a00000| Untracked 
|  59|0x0000000083b00000, 0x0000000083c00000, 0x0000000083c00000|100%| O|  |TAMS 0x0000000083c00000, 0x0000000083b00000| Untracked 
|  60|0x0000000083c00000, 0x0000000083d00000, 0x0000000083d00000|100%| O|  |TAMS 0x0000000083d00000, 0x0000000083c00000| Untracked 
|  61|0x0000000083d00000, 0x0000000083e00000, 0x0000000083e00000|100%|HS|  |TAMS 0x0000000083e00000, 0x0000000083d00000| Complete 
|  62|0x0000000083e00000, 0x0000000083f00000, 0x0000000083f00000|100%|HS|  |TAMS 0x0000000083f00000, 0x0000000083e00000| Complete 
|  63|0x0000000083f00000, 0x0000000084000000, 0x0000000084000000|100%|HS|  |TAMS 0x0000000084000000, 0x0000000083f00000| Complete 
|  64|0x0000000084000000, 0x0000000084100000, 0x0000000084100000|100%|HS|  |TAMS 0x0000000084100000, 0x0000000084000000| Complete 
|  65|0x0000000084100000, 0x0000000084200000, 0x0000000084200000|100%|HC|  |TAMS 0x0000000084200000, 0x0000000084100000| Complete 
|  66|0x0000000084200000, 0x0000000084300000, 0x0000000084300000|100%|HC|  |TAMS 0x0000000084300000, 0x0000000084200000| Complete 
|  67|0x0000000084300000, 0x0000000084400000, 0x0000000084400000|100%| O|  |TAMS 0x0000000084400000, 0x0000000084300000| Untracked 
|  68|0x0000000084400000, 0x0000000084500000, 0x0000000084500000|100%| O|  |TAMS 0x0000000084500000, 0x0000000084400000| Untracked 
|  69|0x0000000084500000, 0x0000000084600000, 0x0000000084600000|100%| O|  |TAMS 0x0000000084600000, 0x0000000084500000| Untracked 
|  70|0x0000000084600000, 0x0000000084700000, 0x0000000084700000|100%| O|  |TAMS 0x0000000084700000, 0x0000000084600000| Untracked 
|  71|0x0000000084700000, 0x0000000084800000, 0x0000000084800000|100%| O|  |TAMS 0x0000000084800000, 0x0000000084700000| Untracked 
|  72|0x0000000084800000, 0x0000000084900000, 0x0000000084900000|100%|HS|  |TAMS 0x0000000084900000, 0x0000000084800000| Complete 
|  73|0x0000000084900000, 0x0000000084a00000, 0x0000000084a00000|100%|HC|  |TAMS 0x0000000084a00000, 0x0000000084900000| Complete 
|  74|0x0000000084a00000, 0x0000000084b00000, 0x0000000084b00000|100%| O|  |TAMS 0x0000000084b00000, 0x0000000084a00000| Untracked 
|  75|0x0000000084b00000, 0x0000000084c00000, 0x0000000084c00000|100%| O|  |TAMS 0x0000000084c00000, 0x0000000084b00000| Untracked 
|  76|0x0000000084c00000, 0x0000000084d00000, 0x0000000084d00000|100%| O|  |TAMS 0x0000000084d00000, 0x0000000084c00000| Untracked 
|  77|0x0000000084d00000, 0x0000000084e00000, 0x0000000084e00000|100%| O|  |TAMS 0x0000000084e00000, 0x0000000084d00000| Untracked 
|  78|0x0000000084e00000, 0x0000000084f00000, 0x0000000084f00000|100%| O|  |TAMS 0x0000000084e87c00, 0x0000000084e00000| Untracked 
|  79|0x0000000084f00000, 0x0000000085000000, 0x0000000085000000|100%| O|  |TAMS 0x0000000084f00000, 0x0000000084f00000| Untracked 
|  80|0x0000000085000000, 0x0000000085100000, 0x0000000085100000|100%| O|  |TAMS 0x0000000085000000, 0x0000000085000000| Untracked 
|  81|0x0000000085100000, 0x0000000085200000, 0x0000000085200000|100%| O|  |TAMS 0x0000000085100000, 0x0000000085100000| Untracked 
|  82|0x0000000085200000, 0x0000000085300000, 0x0000000085300000|100%| O|  |TAMS 0x0000000085200000, 0x0000000085200000| Untracked 
|  83|0x0000000085300000, 0x000000008536fa00, 0x0000000085400000| 43%| O|  |TAMS 0x0000000085300000, 0x0000000085300000| Untracked 
|  84|0x0000000085400000, 0x0000000085400000, 0x0000000085500000|  0%| F|  |TAMS 0x0000000085400000, 0x0000000085400000| Untracked 
|  85|0x0000000085500000, 0x0000000085500000, 0x0000000085600000|  0%| F|  |TAMS 0x0000000085500000, 0x0000000085500000| Untracked 
|  86|0x0000000085600000, 0x0000000085600000, 0x0000000085700000|  0%| F|  |TAMS 0x0000000085600000, 0x0000000085600000| Untracked 
|  87|0x0000000085700000, 0x0000000085700000, 0x0000000085800000|  0%| F|  |TAMS 0x0000000085700000, 0x0000000085700000| Untracked 
|  88|0x0000000085800000, 0x0000000085800000, 0x0000000085900000|  0%| F|  |TAMS 0x0000000085800000, 0x0000000085800000| Untracked 
|  89|0x0000000085900000, 0x0000000085900000, 0x0000000085a00000|  0%| F|  |TAMS 0x0000000085900000, 0x0000000085900000| Untracked 
|  90|0x0000000085a00000, 0x0000000085a00000, 0x0000000085b00000|  0%| F|  |TAMS 0x0000000085a00000, 0x0000000085a00000| Untracked 
|  91|0x0000000085b00000, 0x0000000085b00000, 0x0000000085c00000|  0%| F|  |TAMS 0x0000000085b00000, 0x0000000085b00000| Untracked 
|  92|0x0000000085c00000, 0x0000000085c00000, 0x0000000085d00000|  0%| F|  |TAMS 0x0000000085c00000, 0x0000000085c00000| Untracked 
|  93|0x0000000085d00000, 0x0000000085d00000, 0x0000000085e00000|  0%| F|  |TAMS 0x0000000085d00000, 0x0000000085d00000| Untracked 
|  94|0x0000000085e00000, 0x0000000085e00000, 0x0000000085f00000|  0%| F|  |TAMS 0x0000000085e00000, 0x0000000085e00000| Untracked 
|  95|0x0000000085f00000, 0x0000000085f00000, 0x0000000086000000|  0%| F|  |TAMS 0x0000000085f00000, 0x0000000085f00000| Untracked 
|  96|0x0000000086000000, 0x0000000086000000, 0x0000000086100000|  0%| F|  |TAMS 0x0000000086000000, 0x0000000086000000| Untracked 
|  97|0x0000000086100000, 0x0000000086100000, 0x0000000086200000|  0%| F|  |TAMS 0x0000000086100000, 0x0000000086100000| Untracked 
|  98|0x0000000086200000, 0x0000000086200000, 0x0000000086300000|  0%| F|  |TAMS 0x0000000086200000, 0x0000000086200000| Untracked 
|  99|0x0000000086300000, 0x0000000086300000, 0x0000000086400000|  0%| F|  |TAMS 0x0000000086300000, 0x0000000086300000| Untracked 
| 100|0x0000000086400000, 0x0000000086400000, 0x0000000086500000|  0%| F|  |TAMS 0x0000000086400000, 0x0000000086400000| Untracked 
| 101|0x0000000086500000, 0x0000000086500000, 0x0000000086600000|  0%| F|  |TAMS 0x0000000086500000, 0x0000000086500000| Untracked 
| 102|0x0000000086600000, 0x0000000086600000, 0x0000000086700000|  0%| F|  |TAMS 0x0000000086600000, 0x0000000086600000| Untracked 
| 103|0x0000000086700000, 0x0000000086700000, 0x0000000086800000|  0%| F|  |TAMS 0x0000000086700000, 0x0000000086700000| Untracked 
| 104|0x0000000086800000, 0x0000000086800000, 0x0000000086900000|  0%| F|  |TAMS 0x0000000086800000, 0x0000000086800000| Untracked 
| 105|0x0000000086900000, 0x0000000086900000, 0x0000000086a00000|  0%| F|  |TAMS 0x0000000086900000, 0x0000000086900000| Untracked 
| 106|0x0000000086a00000, 0x0000000086a00000, 0x0000000086b00000|  0%| F|  |TAMS 0x0000000086a00000, 0x0000000086a00000| Untracked 
| 107|0x0000000086b00000, 0x0000000086b00000, 0x0000000086c00000|  0%| F|  |TAMS 0x0000000086b00000, 0x0000000086b00000| Untracked 
| 108|0x0000000086c00000, 0x0000000086c00000, 0x0000000086d00000|  0%| F|  |TAMS 0x0000000086c00000, 0x0000000086c00000| Untracked 
| 109|0x0000000086d00000, 0x0000000086d00000, 0x0000000086e00000|  0%| F|  |TAMS 0x0000000086d00000, 0x0000000086d00000| Untracked 
| 110|0x0000000086e00000, 0x0000000086e00000, 0x0000000086f00000|  0%| F|  |TAMS 0x0000000086e00000, 0x0000000086e00000| Untracked 
| 111|0x0000000086f00000, 0x0000000086f00000, 0x0000000087000000|  0%| F|  |TAMS 0x0000000086f00000, 0x0000000086f00000| Untracked 
| 112|0x0000000087000000, 0x0000000087000000, 0x0000000087100000|  0%| F|  |TAMS 0x0000000087000000, 0x0000000087000000| Untracked 
| 113|0x0000000087100000, 0x0000000087100000, 0x0000000087200000|  0%| F|  |TAMS 0x0000000087100000, 0x0000000087100000| Untracked 
| 114|0x0000000087200000, 0x0000000087200000, 0x0000000087300000|  0%| F|  |TAMS 0x0000000087200000, 0x0000000087200000| Untracked 
| 115|0x0000000087300000, 0x0000000087300000, 0x0000000087400000|  0%| F|  |TAMS 0x0000000087300000, 0x0000000087300000| Untracked 
| 116|0x0000000087400000, 0x0000000087400000, 0x0000000087500000|  0%| F|  |TAMS 0x0000000087400000, 0x0000000087400000| Untracked 
| 117|0x0000000087500000, 0x0000000087500000, 0x0000000087600000|  0%| F|  |TAMS 0x0000000087500000, 0x0000000087500000| Untracked 
| 118|0x0000000087600000, 0x0000000087600000, 0x0000000087700000|  0%| F|  |TAMS 0x0000000087600000, 0x0000000087600000| Untracked 
| 119|0x0000000087700000, 0x0000000087700000, 0x0000000087800000|  0%| F|  |TAMS 0x0000000087700000, 0x0000000087700000| Untracked 
| 120|0x0000000087800000, 0x0000000087800000, 0x0000000087900000|  0%| F|  |TAMS 0x0000000087800000, 0x0000000087800000| Untracked 
| 121|0x0000000087900000, 0x0000000087900000, 0x0000000087a00000|  0%| F|  |TAMS 0x0000000087900000, 0x0000000087900000| Untracked 
| 122|0x0000000087a00000, 0x0000000087a00000, 0x0000000087b00000|  0%| F|  |TAMS 0x0000000087a00000, 0x0000000087a00000| Untracked 
| 123|0x0000000087b00000, 0x0000000087b00000, 0x0000000087c00000|  0%| F|  |TAMS 0x0000000087b00000, 0x0000000087b00000| Untracked 
| 124|0x0000000087c00000, 0x0000000087c00000, 0x0000000087d00000|  0%| F|  |TAMS 0x0000000087c00000, 0x0000000087c00000| Untracked 
| 125|0x0000000087d00000, 0x0000000087d00000, 0x0000000087e00000|  0%| F|  |TAMS 0x0000000087d00000, 0x0000000087d00000| Untracked 
| 126|0x0000000087e00000, 0x0000000087e00000, 0x0000000087f00000|  0%| F|  |TAMS 0x0000000087e00000, 0x0000000087e00000| Untracked 
| 127|0x0000000087f00000, 0x0000000087f00000, 0x0000000088000000|  0%| F|  |TAMS 0x0000000087f00000, 0x0000000087f00000| Untracked 
| 128|0x0000000088000000, 0x0000000088000000, 0x0000000088100000|  0%| F|  |TAMS 0x0000000088000000, 0x0000000088000000| Untracked 
| 129|0x0000000088100000, 0x0000000088100000, 0x0000000088200000|  0%| F|  |TAMS 0x0000000088100000, 0x0000000088100000| Untracked 
| 130|0x0000000088200000, 0x0000000088200000, 0x0000000088300000|  0%| F|  |TAMS 0x0000000088200000, 0x0000000088200000| Untracked 
| 131|0x0000000088300000, 0x0000000088300000, 0x0000000088400000|  0%| F|  |TAMS 0x0000000088300000, 0x0000000088300000| Untracked 
| 132|0x0000000088400000, 0x0000000088400000, 0x0000000088500000|  0%| F|  |TAMS 0x0000000088400000, 0x0000000088400000| Untracked 
| 133|0x0000000088500000, 0x0000000088500000, 0x0000000088600000|  0%| F|  |TAMS 0x0000000088500000, 0x0000000088500000| Untracked 
| 134|0x0000000088600000, 0x0000000088600000, 0x0000000088700000|  0%| F|  |TAMS 0x0000000088600000, 0x0000000088600000| Untracked 
| 135|0x0000000088700000, 0x0000000088700000, 0x0000000088800000|  0%| F|  |TAMS 0x0000000088700000, 0x0000000088700000| Untracked 
| 136|0x0000000088800000, 0x0000000088800000, 0x0000000088900000|  0%| F|  |TAMS 0x0000000088800000, 0x0000000088800000| Untracked 
| 137|0x0000000088900000, 0x0000000088900000, 0x0000000088a00000|  0%| F|  |TAMS 0x0000000088900000, 0x0000000088900000| Untracked 
| 138|0x0000000088a00000, 0x0000000088a00000, 0x0000000088b00000|  0%| F|  |TAMS 0x0000000088a00000, 0x0000000088a00000| Untracked 
| 139|0x0000000088b00000, 0x0000000088b00000, 0x0000000088c00000|  0%| F|  |TAMS 0x0000000088b00000, 0x0000000088b00000| Untracked 
| 140|0x0000000088c00000, 0x0000000088c00000, 0x0000000088d00000|  0%| F|  |TAMS 0x0000000088c00000, 0x0000000088c00000| Untracked 
| 141|0x0000000088d00000, 0x0000000088d00000, 0x0000000088e00000|  0%| F|  |TAMS 0x0000000088d00000, 0x0000000088d00000| Untracked 
| 142|0x0000000088e00000, 0x0000000088e00000, 0x0000000088f00000|  0%| F|  |TAMS 0x0000000088e00000, 0x0000000088e00000| Untracked 
| 143|0x0000000088f00000, 0x0000000088f00000, 0x0000000089000000|  0%| F|  |TAMS 0x0000000088f00000, 0x0000000088f00000| Untracked 
| 144|0x0000000089000000, 0x0000000089000000, 0x0000000089100000|  0%| F|  |TAMS 0x0000000089000000, 0x0000000089000000| Untracked 
| 145|0x0000000089100000, 0x0000000089100000, 0x0000000089200000|  0%| F|  |TAMS 0x0000000089100000, 0x0000000089100000| Untracked 
| 146|0x0000000089200000, 0x0000000089200000, 0x0000000089300000|  0%| F|  |TAMS 0x0000000089200000, 0x0000000089200000| Untracked 
| 147|0x0000000089300000, 0x0000000089300000, 0x0000000089400000|  0%| F|  |TAMS 0x0000000089300000, 0x0000000089300000| Untracked 
| 148|0x0000000089400000, 0x0000000089400000, 0x0000000089500000|  0%| F|  |TAMS 0x0000000089400000, 0x0000000089400000| Untracked 
| 149|0x0000000089500000, 0x0000000089500000, 0x0000000089600000|  0%| F|  |TAMS 0x0000000089500000, 0x0000000089500000| Untracked 
| 150|0x0000000089600000, 0x0000000089600000, 0x0000000089700000|  0%| F|  |TAMS 0x0000000089600000, 0x0000000089600000| Untracked 
| 151|0x0000000089700000, 0x0000000089700000, 0x0000000089800000|  0%| F|  |TAMS 0x0000000089700000, 0x0000000089700000| Untracked 
| 152|0x0000000089800000, 0x0000000089800000, 0x0000000089900000|  0%| F|  |TAMS 0x0000000089800000, 0x0000000089800000| Untracked 
| 153|0x0000000089900000, 0x0000000089900000, 0x0000000089a00000|  0%| F|  |TAMS 0x0000000089900000, 0x0000000089900000| Untracked 
| 154|0x0000000089a00000, 0x0000000089a00000, 0x0000000089b00000|  0%| F|  |TAMS 0x0000000089a00000, 0x0000000089a00000| Untracked 
| 155|0x0000000089b00000, 0x0000000089b00000, 0x0000000089c00000|  0%| F|  |TAMS 0x0000000089b00000, 0x0000000089b00000| Untracked 
| 156|0x0000000089c00000, 0x0000000089c00000, 0x0000000089d00000|  0%| F|  |TAMS 0x0000000089c00000, 0x0000000089c00000| Untracked 
| 157|0x0000000089d00000, 0x0000000089d00000, 0x0000000089e00000|  0%| F|  |TAMS 0x0000000089d00000, 0x0000000089d00000| Untracked 
| 158|0x0000000089e00000, 0x0000000089e00000, 0x0000000089f00000|  0%| F|  |TAMS 0x0000000089e00000, 0x0000000089e00000| Untracked 
| 159|0x0000000089f00000, 0x0000000089f00000, 0x000000008a000000|  0%| F|  |TAMS 0x0000000089f00000, 0x0000000089f00000| Untracked 
| 160|0x000000008a000000, 0x000000008a000000, 0x000000008a100000|  0%| F|  |TAMS 0x000000008a000000, 0x000000008a000000| Untracked 
| 161|0x000000008a100000, 0x000000008a100000, 0x000000008a200000|  0%| F|  |TAMS 0x000000008a100000, 0x000000008a100000| Untracked 
| 162|0x000000008a200000, 0x000000008a200000, 0x000000008a300000|  0%| F|  |TAMS 0x000000008a200000, 0x000000008a200000| Untracked 
| 163|0x000000008a300000, 0x000000008a300000, 0x000000008a400000|  0%| F|  |TAMS 0x000000008a300000, 0x000000008a300000| Untracked 
| 164|0x000000008a400000, 0x000000008a400000, 0x000000008a500000|  0%| F|  |TAMS 0x000000008a400000, 0x000000008a400000| Untracked 
| 165|0x000000008a500000, 0x000000008a500000, 0x000000008a600000|  0%| F|  |TAMS 0x000000008a500000, 0x000000008a500000| Untracked 
| 166|0x000000008a600000, 0x000000008a600000, 0x000000008a700000|  0%| F|  |TAMS 0x000000008a600000, 0x000000008a600000| Untracked 
| 167|0x000000008a700000, 0x000000008a700000, 0x000000008a800000|  0%| F|  |TAMS 0x000000008a700000, 0x000000008a700000| Untracked 
| 168|0x000000008a800000, 0x000000008a800000, 0x000000008a900000|  0%| F|  |TAMS 0x000000008a800000, 0x000000008a800000| Untracked 
| 169|0x000000008a900000, 0x000000008a900000, 0x000000008aa00000|  0%| F|  |TAMS 0x000000008a900000, 0x000000008a900000| Untracked 
| 170|0x000000008aa00000, 0x000000008aa00000, 0x000000008ab00000|  0%| F|  |TAMS 0x000000008aa00000, 0x000000008aa00000| Untracked 
| 171|0x000000008ab00000, 0x000000008ab00000, 0x000000008ac00000|  0%| F|  |TAMS 0x000000008ab00000, 0x000000008ab00000| Untracked 
| 172|0x000000008ac00000, 0x000000008ac00000, 0x000000008ad00000|  0%| F|  |TAMS 0x000000008ac00000, 0x000000008ac00000| Untracked 
| 173|0x000000008ad00000, 0x000000008ad00000, 0x000000008ae00000|  0%| F|  |TAMS 0x000000008ad00000, 0x000000008ad00000| Untracked 
| 174|0x000000008ae00000, 0x000000008ae00000, 0x000000008af00000|  0%| F|  |TAMS 0x000000008ae00000, 0x000000008ae00000| Untracked 
| 175|0x000000008af00000, 0x000000008af00000, 0x000000008b000000|  0%| F|  |TAMS 0x000000008af00000, 0x000000008af00000| Untracked 
| 176|0x000000008b000000, 0x000000008b000000, 0x000000008b100000|  0%| F|  |TAMS 0x000000008b000000, 0x000000008b000000| Untracked 
| 177|0x000000008b100000, 0x000000008b100000, 0x000000008b200000|  0%| F|  |TAMS 0x000000008b100000, 0x000000008b100000| Untracked 
| 178|0x000000008b200000, 0x000000008b200000, 0x000000008b300000|  0%| F|  |TAMS 0x000000008b200000, 0x000000008b200000| Untracked 
| 179|0x000000008b300000, 0x000000008b3c5988, 0x000000008b400000| 77%| E|  |TAMS 0x000000008b300000, 0x000000008b300000| Complete 
| 180|0x000000008b400000, 0x000000008b500000, 0x000000008b500000|100%| E|CS|TAMS 0x000000008b400000, 0x000000008b400000| Complete 
| 181|0x000000008b500000, 0x000000008b600000, 0x000000008b600000|100%| E|CS|TAMS 0x000000008b500000, 0x000000008b500000| Complete 
| 182|0x000000008b600000, 0x000000008b700000, 0x000000008b700000|100%| E|CS|TAMS 0x000000008b600000, 0x000000008b600000| Complete 
| 183|0x000000008b700000, 0x000000008b800000, 0x000000008b800000|100%| E|CS|TAMS 0x000000008b700000, 0x000000008b700000| Complete 
| 184|0x000000008b800000, 0x000000008b900000, 0x000000008b900000|100%| E|CS|TAMS 0x000000008b800000, 0x000000008b800000| Complete 
| 185|0x000000008b900000, 0x000000008ba00000, 0x000000008ba00000|100%| E|CS|TAMS 0x000000008b900000, 0x000000008b900000| Complete 
| 186|0x000000008ba00000, 0x000000008bb00000, 0x000000008bb00000|100%| E|CS|TAMS 0x000000008ba00000, 0x000000008ba00000| Complete 
| 187|0x000000008bb00000, 0x000000008bc00000, 0x000000008bc00000|100%| E|CS|TAMS 0x000000008bb00000, 0x000000008bb00000| Complete 
| 188|0x000000008bc00000, 0x000000008bd00000, 0x000000008bd00000|100%| E|CS|TAMS 0x000000008bc00000, 0x000000008bc00000| Complete 
| 189|0x000000008bd00000, 0x000000008be00000, 0x000000008be00000|100%| E|CS|TAMS 0x000000008bd00000, 0x000000008bd00000| Complete 
| 190|0x000000008be00000, 0x000000008bf00000, 0x000000008bf00000|100%| E|  |TAMS 0x000000008be00000, 0x000000008be00000| Complete 
| 191|0x000000008bf00000, 0x000000008c000000, 0x000000008c000000|100%| E|CS|TAMS 0x000000008bf00000, 0x000000008bf00000| Complete 
| 192|0x000000008c000000, 0x000000008c100000, 0x000000008c100000|100%| E|CS|TAMS 0x000000008c000000, 0x000000008c000000| Complete 
| 193|0x000000008c100000, 0x000000008c200000, 0x000000008c200000|100%| E|CS|TAMS 0x000000008c100000, 0x000000008c100000| Complete 
| 194|0x000000008c200000, 0x000000008c300000, 0x000000008c300000|100%| E|CS|TAMS 0x000000008c200000, 0x000000008c200000| Complete 
| 195|0x000000008c300000, 0x000000008c400000, 0x000000008c400000|100%| E|CS|TAMS 0x000000008c300000, 0x000000008c300000| Complete 
| 196|0x000000008c400000, 0x000000008c500000, 0x000000008c500000|100%| E|CS|TAMS 0x000000008c400000, 0x000000008c400000| Complete 
| 197|0x000000008c500000, 0x000000008c5d0c00, 0x000000008c600000| 81%| S|CS|TAMS 0x000000008c500000, 0x000000008c500000| Complete 
| 198|0x000000008c600000, 0x000000008c700000, 0x000000008c700000|100%| E|CS|TAMS 0x000000008c600000, 0x000000008c600000| Complete 
| 199|0x000000008c700000, 0x000000008c800000, 0x000000008c800000|100%| E|CS|TAMS 0x000000008c700000, 0x000000008c700000| Complete 
| 200|0x000000008c800000, 0x000000008c900000, 0x000000008c900000|100%| E|CS|TAMS 0x000000008c800000, 0x000000008c800000| Complete 
| 201|0x000000008c900000, 0x000000008ca00000, 0x000000008ca00000|100%| E|CS|TAMS 0x000000008c900000, 0x000000008c900000| Complete 

Card table byte_map: [0x0000022aed1d0000,0x0000022aed5d0000] _byte_map_base: 0x0000022aecdd0000

Marking Bits (Prev, Next): (CMBitMap*) 0x0000022ad61c6840, (CMBitMap*) 0x0000022ad61c6880
 Prev Bits: [0x0000022aed9d0000, 0x0000022aef9d0000)
 Next Bits: [0x0000022aef9d0000, 0x0000022af19d0000)

Polling page: 0x0000022ad5930000

Metaspace:

Usage:
  Non-class:     51.08 MB used.
      Class:      7.91 MB used.
       Both:     58.99 MB used.

Virtual space:
  Non-class space:       64.00 MB reserved,      51.88 MB ( 81%) committed,  1 nodes.
      Class space:        1.00 GB reserved,       8.75 MB ( <1%) committed,  1 nodes.
             Both:        1.06 GB reserved,      60.62 MB (  6%) committed. 

Chunk freelists:
   Non-Class:  3.27 MB
       Class:  3.08 MB
        Both:  6.34 MB

MaxMetaspaceSize: unlimited
CompressedClassSpaceSize: 1.00 GB
Initial GC threshold: 21.00 MB
Current GC threshold: 87.00 MB
CDS: on
MetaspaceReclaimPolicy: balanced
 - commit_granule_bytes: 65536.
 - commit_granule_words: 8192.
 - virtual_space_node_default_size: 8388608.
 - enlarge_chunks_in_place: 1.
 - new_chunks_are_fully_committed: 0.
 - uncommit_free_chunks: 1.
 - use_allocation_guard: 0.


Internal statistics:

num_allocs_failed_limit: 6.
num_arena_births: 2928.
num_arena_deaths: 0.
num_vsnodes_births: 2.
num_vsnodes_deaths: 0.
num_space_committed: 970.
num_space_uncommitted: 0.
num_chunks_returned_to_freelist: 6.
num_chunks_taken_from_freelist: 5606.
num_chunk_merges: 6.
num_chunk_splits: 3706.
num_chunks_enlarged: 2321.
num_inconsistent_stats: 0.

CodeHeap 'non-profiled nmethods': size=120000Kb used=3651Kb max_used=3651Kb free=116348Kb
 bounds [0x0000022ae5570000, 0x0000022ae5910000, 0x0000022aecaa0000]
CodeHeap 'profiled nmethods': size=120000Kb used=12962Kb max_used=12962Kb free=107037Kb
 bounds [0x0000022ade040000, 0x0000022adecf0000, 0x0000022ae5570000]
CodeHeap 'non-nmethods': size=5760Kb used=2367Kb max_used=2430Kb free=3392Kb
 bounds [0x0000022addaa0000, 0x0000022addd10000, 0x0000022ade040000]
 total_blobs=7508 nmethods=6630 adapters=790
 compilation: enabled
              stopped_count=0, restarted_count=0
 full_count=0

Compilation events (20 events):
Event: 5.934 Thread 0x0000022af43b88c0 7397       1       kotlin.Pair::component1 (5 bytes)
Event: 5.934 Thread 0x0000022af43b88c0 nmethod 7397 0x0000022ae58eeb10 code [0x0000022ae58eeca0, 0x0000022ae58eed78]
Event: 5.934 Thread 0x0000022af43b88c0 7398       1       kotlin.Pair::component2 (5 bytes)
Event: 5.934 Thread 0x0000022af43b88c0 nmethod 7398 0x0000022ae58eee10 code [0x0000022ae58eefa0, 0x0000022ae58ef078]
Event: 5.935 Thread 0x0000022af43b88c0 7400       3       com.android.tools.build.jetifier.core.type.JavaType::hasInnerType (16 bytes)
Event: 5.935 Thread 0x0000022af43b88c0 nmethod 7400 0x0000022adecd6d10 code [0x0000022adecd6ec0, 0x0000022adecd7088]
Event: 5.944 Thread 0x0000022af43b88c0 7401       1       com.android.tools.build.jetifier.core.pom.PomRewriteRule::getFrom (5 bytes)
Event: 5.945 Thread 0x0000022af43b88c0 nmethod 7401 0x0000022ae58ef110 code [0x0000022ae58ef2a0, 0x0000022ae58ef378]
Event: 5.954 Thread 0x0000022af43b88c0 7402       3       java.lang.StringUTF16::checkIndex (9 bytes)
Event: 5.954 Thread 0x0000022af43b88c0 nmethod 7402 0x0000022adecd7190 code [0x0000022adecd7340, 0x0000022adecd7538]
Event: 5.954 Thread 0x0000022af43b88c0 7404       3       java.lang.StringUTF16::length (5 bytes)
Event: 5.954 Thread 0x0000022af43b88c0 nmethod 7404 0x0000022adecd7690 code [0x0000022adecd7820, 0x0000022adecd7918]
Event: 5.954 Thread 0x0000022af43b88c0 7403       3       java.lang.StringUTF16::charAt (11 bytes)
Event: 5.955 Thread 0x0000022af43b88c0 nmethod 7403 0x0000022adecd7a10 code [0x0000022adecd7bc0, 0x0000022adecd7e38]
Event: 5.956 Thread 0x0000022af43b88c0 7405       3       java.util.regex.Pattern$NotBehind::match (137 bytes)
Event: 5.957 Thread 0x0000022af43b88c0 nmethod 7405 0x0000022adecd7f90 code [0x0000022adecd8160, 0x0000022adecd8778]
Event: 5.957 Thread 0x0000022af43b88c0 7407       3       java.lang.StringBuilder::append (10 bytes)
Event: 5.957 Thread 0x0000022af43b88c0 nmethod 7407 0x0000022adecd8990 code [0x0000022adecd8b20, 0x0000022adecd8c68]
Event: 5.957 Thread 0x0000022af43b88c0 7406       3       kotlin.text.StringsKt__StringsKt::indexOf (65 bytes)
Event: 5.957 Thread 0x0000022af43b88c0 nmethod 7406 0x0000022adecd8d10 code [0x0000022adecd8fe0, 0x0000022adecd9e68]

GC Heap History (20 events):
Event: 3.819 GC heap before
{Heap before GC invocations=8 (full 0):
 garbage-first heap   total 122880K, used 97836K [0x0000000080000000, 0x0000000100000000)
  region size 1024K, 54 young (55296K), 5 survivors (5120K)
 Metaspace       used 39023K, committed 40384K, reserved 1114112K
  class space    used 5355K, committed 6016K, reserved 1048576K
}
Event: 3.824 GC heap after
{Heap after GC invocations=9 (full 0):
 garbage-first heap   total 122880K, used 53290K [0x0000000080000000, 0x0000000100000000)
  region size 1024K, 6 young (6144K), 6 survivors (6144K)
 Metaspace       used 39023K, committed 40384K, reserved 1114112K
  class space    used 5355K, committed 6016K, reserved 1048576K
}
Event: 4.298 GC heap before
{Heap before GC invocations=9 (full 0):
 garbage-first heap   total 122880K, used 98346K [0x0000000080000000, 0x0000000100000000)
  region size 1024K, 46 young (47104K), 6 survivors (6144K)
 Metaspace       used 43204K, committed 44608K, reserved 1114112K
  class space    used 6007K, committed 6720K, reserved 1048576K
}
Event: 4.304 GC heap after
{Heap after GC invocations=10 (full 0):
 garbage-first heap   total 122880K, used 62290K [0x0000000080000000, 0x0000000100000000)
  region size 1024K, 5 young (5120K), 5 survivors (5120K)
 Metaspace       used 43204K, committed 44608K, reserved 1114112K
  class space    used 6007K, committed 6720K, reserved 1048576K
}
Event: 4.523 GC heap before
{Heap before GC invocations=10 (full 0):
 garbage-first heap   total 122880K, used 85842K [0x0000000080000000, 0x0000000100000000)
  region size 1024K, 30 young (30720K), 5 survivors (5120K)
 Metaspace       used 43938K, committed 45376K, reserved 1114112K
  class space    used 6098K, committed 6848K, reserved 1048576K
}
Event: 4.527 GC heap after
{Heap after GC invocations=11 (full 0):
 garbage-first heap   total 147456K, used 63376K [0x0000000080000000, 0x0000000100000000)
  region size 1024K, 2 young (2048K), 2 survivors (2048K)
 Metaspace       used 43938K, committed 45376K, reserved 1114112K
  class space    used 6098K, committed 6848K, reserved 1048576K
}
Event: 4.554 GC heap before
{Heap before GC invocations=11 (full 0):
 garbage-first heap   total 147456K, used 70544K [0x0000000080000000, 0x0000000100000000)
  region size 1024K, 7 young (7168K), 2 survivors (2048K)
 Metaspace       used 43952K, committed 45440K, reserved 1114112K
  class space    used 6098K, committed 6848K, reserved 1048576K
}
Event: 4.556 GC heap after
{Heap after GC invocations=12 (full 0):
 garbage-first heap   total 147456K, used 69325K [0x0000000080000000, 0x0000000100000000)
  region size 1024K, 5 young (5120K), 5 survivors (5120K)
 Metaspace       used 43952K, committed 45440K, reserved 1114112K
  class space    used 6098K, committed 6848K, reserved 1048576K
}
Event: 4.569 GC heap before
{Heap before GC invocations=12 (full 0):
 garbage-first heap   total 147456K, used 75469K [0x0000000080000000, 0x0000000100000000)
  region size 1024K, 9 young (9216K), 5 survivors (5120K)
 Metaspace       used 43952K, committed 45440K, reserved 1114112K
  class space    used 6098K, committed 6848K, reserved 1048576K
}
Event: 4.572 GC heap after
{Heap after GC invocations=13 (full 0):
 garbage-first heap   total 147456K, used 75144K [0x0000000080000000, 0x0000000100000000)
  region size 1024K, 3 young (3072K), 3 survivors (3072K)
 Metaspace       used 43952K, committed 45440K, reserved 1114112K
  class space    used 6098K, committed 6848K, reserved 1048576K
}
Event: 4.749 GC heap before
{Heap before GC invocations=14 (full 0):
 garbage-first heap   total 147456K, used 98696K [0x0000000080000000, 0x0000000100000000)
  region size 1024K, 25 young (25600K), 3 survivors (3072K)
 Metaspace       used 46629K, committed 48128K, reserved 1114112K
  class space    used 6450K, committed 7168K, reserved 1048576K
}
Event: 4.752 GC heap after
{Heap after GC invocations=15 (full 0):
 garbage-first heap   total 147456K, used 78967K [0x0000000080000000, 0x0000000100000000)
  region size 1024K, 4 young (4096K), 4 survivors (4096K)
 Metaspace       used 46629K, committed 48128K, reserved 1114112K
  class space    used 6450K, committed 7168K, reserved 1048576K
}
Event: 4.781 GC heap before
{Heap before GC invocations=15 (full 0):
 garbage-first heap   total 147456K, used 82039K [0x0000000080000000, 0x0000000100000000)
  region size 1024K, 7 young (7168K), 4 survivors (4096K)
 Metaspace       used 47119K, committed 48640K, reserved 1114112K
  class space    used 6513K, committed 7296K, reserved 1048576K
}
Event: 4.783 GC heap after
{Heap after GC invocations=16 (full 0):
 garbage-first heap   total 147456K, used 79660K [0x0000000080000000, 0x0000000100000000)
  region size 1024K, 1 young (1024K), 1 survivors (1024K)
 Metaspace       used 47119K, committed 48640K, reserved 1114112K
  class space    used 6513K, committed 7296K, reserved 1048576K
}
Event: 5.062 GC heap before
{Heap before GC invocations=16 (full 0):
 garbage-first heap   total 147456K, used 102188K [0x0000000080000000, 0x0000000100000000)
  region size 1024K, 24 young (24576K), 1 survivors (1024K)
 Metaspace       used 51318K, committed 52928K, reserved 1114112K
  class space    used 6993K, committed 7808K, reserved 1048576K
}
Event: 5.065 GC heap after
{Heap after GC invocations=17 (full 0):
 garbage-first heap   total 206848K, used 80481K [0x0000000080000000, 0x0000000100000000)
  region size 1024K, 2 young (2048K), 2 survivors (2048K)
 Metaspace       used 51318K, committed 52928K, reserved 1114112K
  class space    used 6993K, committed 7808K, reserved 1048576K
}
Event: 5.701 GC heap before
{Heap before GC invocations=18 (full 0):
 garbage-first heap   total 206848K, used 127585K [0x0000000080000000, 0x0000000100000000)
  region size 1024K, 49 young (50176K), 2 survivors (2048K)
 Metaspace       used 57926K, committed 59584K, reserved 1114112K
  class space    used 7812K, committed 8640K, reserved 1048576K
}
Event: 5.707 GC heap after
{Heap after GC invocations=19 (full 0):
 garbage-first heap   total 206848K, used 85165K [0x0000000080000000, 0x0000000100000000)
  region size 1024K, 6 young (6144K), 6 survivors (6144K)
 Metaspace       used 57926K, committed 59584K, reserved 1114112K
  class space    used 7812K, committed 8640K, reserved 1048576K
}
Event: 5.764 GC heap before
{Heap before GC invocations=19 (full 0):
 garbage-first heap   total 206848K, used 89261K [0x0000000080000000, 0x0000000100000000)
  region size 1024K, 10 young (10240K), 6 survivors (6144K)
 Metaspace       used 58228K, committed 59904K, reserved 1114112K
  class space    used 7846K, committed 8704K, reserved 1048576K
}
Event: 5.769 GC heap after
{Heap after GC invocations=20 (full 0):
 garbage-first heap   total 206848K, used 85249K [0x0000000080000000, 0x0000000100000000)
  region size 1024K, 1 young (1024K), 1 survivors (1024K)
 Metaspace       used 58228K, committed 59904K, reserved 1114112K
  class space    used 7846K, committed 8704K, reserved 1048576K
}

Deoptimization events (20 events):
Event: 5.954 Thread 0x0000022afa50a020 Uncommon trap: trap_request=0xffffff45 fr.pc=0x0000022ae570af98 relative=0x0000000000000358
Event: 5.954 Thread 0x0000022afa50a020 Uncommon trap: reason=unstable_if action=reinterpret pc=0x0000022ae570af98 method=java.lang.AbstractStringBuilder.appendChars(Ljava/lang/String;II)V @ 11 c2
Event: 5.954 Thread 0x0000022afa50a020 DEOPT PACKING pc=0x0000022ae570af98 sp=0x000000d50edf63c0
Event: 5.954 Thread 0x0000022afa50a020 DEOPT UNPACKING pc=0x0000022addaf23a3 sp=0x000000d50edf6288 mode 2
Event: 5.954 Thread 0x0000022afa50a020 Uncommon trap: trap_request=0xffffff45 fr.pc=0x0000022ae55a2814 relative=0x0000000000000474
Event: 5.954 Thread 0x0000022afa50a020 Uncommon trap: reason=unstable_if action=reinterpret pc=0x0000022ae55a2814 method=java.lang.AbstractStringBuilder.inflateIfNeededFor(Ljava/lang/String;)V @ 14 c2
Event: 5.954 Thread 0x0000022afa50a020 DEOPT PACKING pc=0x0000022ae55a2814 sp=0x000000d50edf63c0
Event: 5.954 Thread 0x0000022afa50a020 DEOPT UNPACKING pc=0x0000022addaf23a3 sp=0x000000d50edf6260 mode 2
Event: 5.954 Thread 0x0000022afa50a020 Uncommon trap: trap_request=0xffffff45 fr.pc=0x0000022ae559fee8 relative=0x00000000000000e8
Event: 5.954 Thread 0x0000022afa50a020 Uncommon trap: reason=unstable_if action=reinterpret pc=0x0000022ae559fee8 method=java.lang.String.getBytes([BIB)V @ 5 c2
Event: 5.954 Thread 0x0000022afa50a020 DEOPT PACKING pc=0x0000022ae559fee8 sp=0x000000d50edf6280
Event: 5.954 Thread 0x0000022afa50a020 DEOPT UNPACKING pc=0x0000022addaf23a3 sp=0x000000d50edf6248 mode 2
Event: 5.954 Thread 0x0000022afa50a020 Uncommon trap: trap_request=0xffffff45 fr.pc=0x0000022ae55b3610 relative=0x0000000000000470
Event: 5.954 Thread 0x0000022afa50a020 Uncommon trap: reason=unstable_if action=reinterpret pc=0x0000022ae55b3610 method=java.lang.AbstractStringBuilder.inflateIfNeededFor(Ljava/lang/String;)V @ 14 c2
Event: 5.954 Thread 0x0000022afa50a020 DEOPT PACKING pc=0x0000022ae55b3610 sp=0x000000d50edf6350
Event: 5.954 Thread 0x0000022afa50a020 DEOPT UNPACKING pc=0x0000022addaf23a3 sp=0x000000d50edf6258 mode 2
Event: 5.954 Thread 0x0000022afa50a020 Uncommon trap: trap_request=0xffffff45 fr.pc=0x0000022ae55cc620 relative=0x0000000000000400
Event: 5.954 Thread 0x0000022afa50a020 Uncommon trap: reason=unstable_if action=reinterpret pc=0x0000022ae55cc620 method=java.lang.AbstractStringBuilder.isLatin1()Z @ 10 c2
Event: 5.955 Thread 0x0000022afa50a020 DEOPT PACKING pc=0x0000022ae55cc620 sp=0x000000d50edf63d0
Event: 5.955 Thread 0x0000022afa50a020 DEOPT UNPACKING pc=0x0000022addaf23a3 sp=0x000000d50edf6350 mode 2

Classes loaded (20 events):
Event: 5.470 Loading class javax/crypto/SecretKey
Event: 5.470 Loading class javax/crypto/SecretKey done
Event: 5.471 Loading class java/util/Base64
Event: 5.471 Loading class java/util/Base64 done
Event: 5.471 Loading class java/util/Base64$Decoder
Event: 5.471 Loading class java/util/Base64$Decoder done
Event: 5.471 Loading class java/util/Base64$Encoder
Event: 5.471 Loading class java/util/Base64$Encoder done
Event: 5.472 Loading class java/util/jar/JarVerifier$VerifierStream
Event: 5.472 Loading class java/util/jar/JarVerifier$VerifierStream done
Event: 5.472 Loading class sun/security/util/ManifestEntryVerifier$SunProviderHolder
Event: 5.472 Loading class sun/security/util/ManifestEntryVerifier$SunProviderHolder done
Event: 5.754 Loading class java/security/KeyStore
Event: 5.754 Loading class java/security/KeyStore done
Event: 5.754 Loading class java/security/KeyStore$1
Event: 5.754 Loading class java/security/KeyStore$1 done
Event: 5.852 Loading class sun/reflect/annotation/AnnotationInvocationHandler$1
Event: 5.852 Loading class sun/reflect/annotation/AnnotationInvocationHandler$1 done
Event: 5.955 Loading class java/util/regex/Pattern$Caret
Event: 5.955 Loading class java/util/regex/Pattern$Caret done

Classes unloaded (0 events):
No events

Classes redefined (0 events):
No events

Internal exceptions (20 events):
Event: 4.774 Thread 0x0000022afa50a020 Exception <a 'java/lang/NoSuchMethodError'{0x0000000088d591a8}: 'void java.lang.invoke.DelegatingMethodHandle$Holder.reinvoke_L(java.lang.Object, java.lang.Object, int)'> (0x0000000088d591a8) 
thrown [s\open\src\hotspot\share\interpreter\linkResolver.cpp, line 766]
Event: 4.775 Thread 0x0000022afa50a020 Exception <a 'java/lang/NoSuchMethodError'{0x0000000088d610a0}: 'void java.lang.invoke.Invokers$Holder.invokeExact_MT(java.lang.Object, java.lang.Object, int, java.lang.Object)'> (0x0000000088d610a0) 
thrown [s\open\src\hotspot\share\interpreter\linkResolver.cpp, line 766]
Event: 4.931 Thread 0x0000022afa50a020 Exception <a 'java/lang/NoSuchMethodError'{0x00000000883283f0}: 'int java.lang.invoke.DirectMethodHandle$Holder.invokeInterface(java.lang.Object, java.lang.Object, java.lang.Object, java.lang.Object)'> (0x00000000883283f0) 
thrown [s\open\src\hotspot\share\interpreter\linkResolver.cpp, line 766]
Event: 5.289 Thread 0x0000022afa50a020 Exception <a 'java/lang/NoSuchMethodError'{0x000000008bc4f298}: 'java.lang.Object java.lang.invoke.DirectMethodHandle$Holder.newInvokeSpecial(java.lang.Object, java.lang.Object, java.lang.Object, java.lang.Object, java.lang.Object, java.lang.Object, java.lang.Object, java.lang.Object, java.lang.Object, java.lang.Object, java.lang.Object, java.lang.Object, java.lang.Object, java.lang.Object, java.lang.Object)'> (0x000000008bc4f298) 
thrown [s\open\src\hotspot\share\interpreter\linkResolver.cpp, line 766]
Event: 5.305 Thread 0x0000022afa50a020 Exception <a 'java/lang/IncompatibleClassChangeError'{0x000000008bb5b350}: Found class java.lang.Object, but interface was expected> (0x000000008bb5b350) 
thrown [s\open\src\hotspot\share\interpreter\linkResolver.cpp, line 833]
Event: 5.346 Thread 0x0000022afa50a020 Implicit null exception at 0x0000022ae584d660 to 0x0000022ae584d818
Event: 5.348 Thread 0x0000022afa50a020 Exception <a 'java/lang/IncompatibleClassChangeError'{0x000000008bab9230}: Found class java.lang.Object, but interface was expected> (0x000000008bab9230) 
thrown [s\open\src\hotspot\share\interpreter\linkResolver.cpp, line 833]
Event: 5.348 Thread 0x0000022afa50a020 Exception <a 'java/lang/NoSuchMethodError'{0x000000008babb228}: 'long java.lang.invoke.DelegatingMethodHandle$Holder.reinvoke_L(java.lang.Object, java.lang.Object)'> (0x000000008babb228) 
thrown [s\open\src\hotspot\share\interpreter\linkResolver.cpp, line 766]
Event: 5.349 Thread 0x0000022afa50a020 Exception <a 'java/lang/IncompatibleClassChangeError'{0x000000008bac7140}: Found class java.lang.Object, but interface was expected> (0x000000008bac7140) 
thrown [s\open\src\hotspot\share\interpreter\linkResolver.cpp, line 833]
Event: 5.448 Thread 0x0000022afa50a020 Implicit null exception at 0x0000022ae577898c to 0x0000022ae5778ac6
Event: 5.529 Thread 0x0000022afa50a020 Exception <a 'sun/nio/fs/WindowsException'{0x000000008abeb398}> (0x000000008abeb398) 
thrown [s\open\src\hotspot\share\prims\jni.cpp, line 516]
Event: 5.780 Thread 0x0000022afa50a020 Exception <a 'java/lang/ClassNotFoundException'{0x000000008c86f0a0}: org/gradle/api/plugins/internal/DefaultBasePluginConventionBeanInfo> (0x000000008c86f0a0) 
thrown [s\open\src\hotspot\share\classfile\systemDictionary.cpp, line 255]
Event: 5.780 Thread 0x0000022afa50a020 Exception <a 'java/lang/ClassNotFoundException'{0x000000008c8846a8}: org/gradle/api/plugins/BasePluginConventionBeanInfo> (0x000000008c8846a8) 
thrown [s\open\src\hotspot\share\classfile\systemDictionary.cpp, line 255]
Event: 5.781 Thread 0x0000022afa50a020 Exception <a 'java/lang/ClassNotFoundException'{0x000000008c8991e8}: org/gradle/api/plugins/BasePluginConventionCustomizer> (0x000000008c8991e8) 
thrown [s\open\src\hotspot\share\classfile\systemDictionary.cpp, line 255]
Event: 5.782 Thread 0x0000022afa50a020 Exception <a 'java/lang/ClassNotFoundException'{0x000000008c8b8128}: org/gradle/api/plugins/internal/DefaultBasePluginConventionCustomizer> (0x000000008c8b8128) 
thrown [s\open\src\hotspot\share\classfile\systemDictionary.cpp, line 255]
Event: 5.784 Thread 0x0000022afa50a020 Exception <a 'java/lang/ClassNotFoundException'{0x000000008c701420}: org/gradle/api/plugins/internal/DefaultJavaPluginConventionBeanInfo> (0x000000008c701420) 
thrown [s\open\src\hotspot\share\classfile\systemDictionary.cpp, line 255]
Event: 5.785 Thread 0x0000022afa50a020 Exception <a 'java/lang/ClassNotFoundException'{0x000000008c716790}: org/gradle/api/plugins/JavaPluginConventionBeanInfo> (0x000000008c716790) 
thrown [s\open\src\hotspot\share\classfile\systemDictionary.cpp, line 255]
Event: 5.786 Thread 0x0000022afa50a020 Exception <a 'java/lang/ClassNotFoundException'{0x000000008c72b518}: org/gradle/api/plugins/JavaPluginConventionCustomizer> (0x000000008c72b518) 
thrown [s\open\src\hotspot\share\classfile\systemDictionary.cpp, line 255]
Event: 5.787 Thread 0x0000022afa50a020 Exception <a 'java/lang/ClassNotFoundException'{0x000000008c753e98}: org/gradle/api/plugins/internal/DefaultJavaPluginConventionCustomizer> (0x000000008c753e98) 
thrown [s\open\src\hotspot\share\classfile\systemDictionary.cpp, line 255]
Event: 5.869 Thread 0x0000022afa50a020 Implicit null exception at 0x0000022ae58ce5c9 to 0x0000022ae58ce69c

VM Operations (20 events):
Event: 5.062 Executing VM operation: G1CollectForAllocation
Event: 5.065 Executing VM operation: G1CollectForAllocation done
Event: 5.108 Executing VM operation: G1Concurrent
Event: 5.111 Executing VM operation: G1Concurrent done
Event: 5.137 Executing VM operation: G1Concurrent
Event: 5.137 Executing VM operation: G1Concurrent done
Event: 5.416 Executing VM operation: HandshakeAllThreads
Event: 5.417 Executing VM operation: HandshakeAllThreads done
Event: 5.420 Executing VM operation: HandshakeAllThreads
Event: 5.421 Executing VM operation: HandshakeAllThreads done
Event: 5.452 Executing VM operation: HandshakeAllThreads
Event: 5.452 Executing VM operation: HandshakeAllThreads done
Event: 5.453 Executing VM operation: HandshakeAllThreads
Event: 5.453 Executing VM operation: HandshakeAllThreads done
Event: 5.545 Executing VM operation: ICBufferFull
Event: 5.545 Executing VM operation: ICBufferFull done
Event: 5.701 Executing VM operation: G1CollectForAllocation
Event: 5.707 Executing VM operation: G1CollectForAllocation done
Event: 5.764 Executing VM operation: G1CollectForAllocation
Event: 5.769 Executing VM operation: G1CollectForAllocation done

Events (20 events):
Event: 4.372 Thread 0x0000022afe8fd050 Thread added: 0x0000022afe8fd050
Event: 4.372 Thread 0x0000022afe8f8cf0 Thread added: 0x0000022afe8f8cf0
Event: 4.372 Thread 0x0000022afe8f91c0 Thread added: 0x0000022afe8f91c0
Event: 4.372 Thread 0x0000022afe8f6b40 Thread added: 0x0000022afe8f6b40
Event: 4.372 Thread 0x0000022afe8f9b60 Thread added: 0x0000022afe8f9b60
Event: 4.373 Thread 0x0000022afe8f9690 Thread added: 0x0000022afe8f9690
Event: 4.373 Thread 0x0000022afe8f74e0 Thread added: 0x0000022afe8f74e0
Event: 4.374 Thread 0x0000022afe8fa500 Thread added: 0x0000022afe8fa500
Event: 4.374 Thread 0x0000022afe8f79b0 Thread added: 0x0000022afe8f79b0
Event: 4.374 Thread 0x0000022afe8faea0 Thread added: 0x0000022afe8faea0
Event: 4.374 Thread 0x0000022afe8fc1e0 Thread added: 0x0000022afe8fc1e0
Event: 4.374 Thread 0x0000022afe8fb370 Thread added: 0x0000022afe8fb370
Event: 4.374 Thread 0x0000022afe8fb840 Thread added: 0x0000022afe8fb840
Event: 4.375 Thread 0x0000022afe8fbd10 Thread added: 0x0000022afe8fbd10
Event: 4.375 Thread 0x0000022afaa35a20 Thread added: 0x0000022afaa35a20
Event: 4.375 Thread 0x0000022afaa34bb0 Thread added: 0x0000022afaa34bb0
Event: 4.375 Thread 0x0000022afaa35080 Thread added: 0x0000022afaa35080
Event: 4.375 Thread 0x0000022afaa35550 Thread added: 0x0000022afaa35550
Event: 4.376 Thread 0x0000022afaa36d60 Thread added: 0x0000022afaa36d60
Event: 5.351 Thread 0x0000022afaa346e0 Thread added: 0x0000022afaa346e0


Dynamic libraries:
0x00007ff6de1f0000 - 0x00007ff6de200000 	C:\Program Files\Java\jdk-18.0.1.1\bin\java.exe
0x00007ff9074c0000 - 0x00007ff9076c9000 	C:\WINDOWS\SYSTEM32\ntdll.dll
0x00007ff9058e0000 - 0x00007ff90599d000 	C:\WINDOWS\System32\KERNEL32.DLL
0x00007ff904c60000 - 0x00007ff904fd9000 	C:\WINDOWS\System32\KERNELBASE.dll
0x00007ff904b40000 - 0x00007ff904c51000 	C:\WINDOWS\System32\ucrtbase.dll
0x00007ff8e00f0000 - 0x00007ff8e0108000 	C:\Program Files\Java\jdk-18.0.1.1\bin\jli.dll
0x00007ff8e0110000 - 0x00007ff8e012a000 	C:\Program Files\Java\jdk-18.0.1.1\bin\VCRUNTIME140.dll
0x00007ff9059a0000 - 0x00007ff905a4e000 	C:\WINDOWS\System32\ADVAPI32.dll
0x00007ff905a50000 - 0x00007ff905af3000 	C:\WINDOWS\System32\msvcrt.dll
0x00007ff9069b0000 - 0x00007ff906a4e000 	C:\WINDOWS\System32\sechost.dll
0x00007ff905bf0000 - 0x00007ff905d10000 	C:\WINDOWS\System32\RPCRT4.dll
0x00007ff9070a0000 - 0x00007ff90724c000 	C:\WINDOWS\System32\USER32.dll
0x00007ff9049a0000 - 0x00007ff9049c6000 	C:\WINDOWS\System32\win32u.dll
0x00007ff8dc600000 - 0x00007ff8dc8a5000 	C:\WINDOWS\WinSxS\amd64_microsoft.windows.common-controls_6595b64144ccf1df_6.0.22000.120_none_9d947278b86cc467\COMCTL32.dll
0x00007ff907340000 - 0x00007ff907369000 	C:\WINDOWS\System32\GDI32.dll
0x00007ff9051b0000 - 0x00007ff9052c2000 	C:\WINDOWS\System32\gdi32full.dll
0x00007ff905050000 - 0x00007ff9050ed000 	C:\WINDOWS\System32\msvcp_win.dll
0x00007ff8ff2c0000 - 0x00007ff8ff2ca000 	C:\WINDOWS\SYSTEM32\VERSION.dll
0x00007ff907370000 - 0x00007ff9073a1000 	C:\WINDOWS\System32\IMM32.DLL
0x00007ff900ea0000 - 0x00007ff900eac000 	C:\Program Files\Java\jdk-18.0.1.1\bin\vcruntime140_1.dll
0x00007ff8ce880000 - 0x00007ff8ce90d000 	C:\Program Files\Java\jdk-18.0.1.1\bin\msvcp140.dll
0x00007ff887c10000 - 0x00007ff888820000 	C:\Program Files\Java\jdk-18.0.1.1\bin\server\jvm.dll
0x00007ff907330000 - 0x00007ff907338000 	C:\WINDOWS\System32\PSAPI.DLL
0x00007ff8ff360000 - 0x00007ff8ff393000 	C:\WINDOWS\SYSTEM32\WINMM.dll
0x00007ff8bec00000 - 0x00007ff8bec09000 	C:\WINDOWS\SYSTEM32\WSOCK32.dll
0x00007ff906a50000 - 0x00007ff906abf000 	C:\WINDOWS\System32\WS2_32.dll
0x00007ff903b90000 - 0x00007ff903ba8000 	C:\WINDOWS\SYSTEM32\kernel.appcore.dll
0x00007ff900e10000 - 0x00007ff900e1a000 	C:\Program Files\Java\jdk-18.0.1.1\bin\jimage.dll
0x00007ff9024f0000 - 0x00007ff902711000 	C:\WINDOWS\SYSTEM32\DBGHELP.DLL
0x00007ff8fa780000 - 0x00007ff8fa7b1000 	C:\WINDOWS\SYSTEM32\dbgcore.DLL
0x00007ff9052d0000 - 0x00007ff90534f000 	C:\WINDOWS\System32\bcryptPrimitives.dll
0x00007ff8e0050000 - 0x00007ff8e0075000 	C:\Program Files\Java\jdk-18.0.1.1\bin\java.dll
0x00007ff8b8bb0000 - 0x00007ff8b8c86000 	C:\Program Files\Java\jdk-18.0.1.1\bin\jsvml.dll
0x00007ff905ed0000 - 0x00007ff906688000 	C:\WINDOWS\System32\SHELL32.dll
0x00007ff902b20000 - 0x00007ff903388000 	C:\WINDOWS\SYSTEM32\windows.storage.dll
0x00007ff905560000 - 0x00007ff9058d9000 	C:\WINDOWS\System32\combase.dll
0x00007ff9029b0000 - 0x00007ff902b16000 	C:\WINDOWS\SYSTEM32\wintypes.dll
0x00007ff9068c0000 - 0x00007ff9069aa000 	C:\WINDOWS\System32\SHCORE.dll
0x00007ff905490000 - 0x00007ff9054ed000 	C:\WINDOWS\System32\shlwapi.dll
0x00007ff9048d0000 - 0x00007ff9048f1000 	C:\WINDOWS\SYSTEM32\profapi.dll
0x00007ff8e0090000 - 0x00007ff8e00a3000 	C:\Program Files\Java\jdk-18.0.1.1\bin\net.dll
0x00007ff8ff160000 - 0x00007ff8ff26c000 	C:\WINDOWS\SYSTEM32\WINHTTP.dll
0x00007ff903fc0000 - 0x00007ff904027000 	C:\WINDOWS\system32\mswsock.dll
0x00007ff8e0030000 - 0x00007ff8e0046000 	C:\Program Files\Java\jdk-18.0.1.1\bin\nio.dll
0x00007ff8dc030000 - 0x00007ff8dc048000 	C:\Program Files\Java\jdk-18.0.1.1\bin\zip.dll
0x00007ff900e20000 - 0x00007ff900e30000 	C:\Program Files\Java\jdk-18.0.1.1\bin\verify.dll
0x00007ff8ce790000 - 0x00007ff8ce7b7000 	C:\Program Files\Java\jre1.8.0_333\native\e1d6ef7f7dcc3fd88c89a11ec53ec762bb8ba0a96d01ffa2cd45eb1d1d8dd5c5\windows-amd64\native-platform.dll
0x00007ff8b7d10000 - 0x00007ff8b7e54000 	C:\Program Files\Java\jre1.8.0_333\native\5664cfc778a61ccfe75a443a1ab52a65af34e5dc3c78e0209fed803814484fcb\windows-amd64\native-platform-file-events.dll
0x00007ff900e40000 - 0x00007ff900e49000 	C:\Program Files\Java\jdk-18.0.1.1\bin\management.dll
0x00007ff900e30000 - 0x00007ff900e3b000 	C:\Program Files\Java\jdk-18.0.1.1\bin\management_ext.dll
0x00007ff904200000 - 0x00007ff904218000 	C:\WINDOWS\SYSTEM32\CRYPTSP.dll
0x00007ff903af0000 - 0x00007ff903b25000 	C:\WINDOWS\system32\rsaenh.dll
0x00007ff9040b0000 - 0x00007ff9040d9000 	C:\WINDOWS\SYSTEM32\USERENV.dll
0x00007ff904380000 - 0x00007ff9043a7000 	C:\WINDOWS\SYSTEM32\bcrypt.dll
0x00007ff904220000 - 0x00007ff90422c000 	C:\WINDOWS\SYSTEM32\CRYPTBASE.dll
0x00007ff9036c0000 - 0x00007ff9036ed000 	C:\WINDOWS\SYSTEM32\IPHLPAPI.DLL
0x00007ff906710000 - 0x00007ff906719000 	C:\WINDOWS\System32\NSI.dll
0x00007ff8ff2e0000 - 0x00007ff8ff2f9000 	C:\WINDOWS\SYSTEM32\dhcpcsvc6.DLL
0x00007ff8ff4a0000 - 0x00007ff8ff4be000 	C:\WINDOWS\SYSTEM32\dhcpcsvc.DLL
0x00007ff9036f0000 - 0x00007ff9037d8000 	C:\WINDOWS\SYSTEM32\DNSAPI.dll

dbghelp: loaded successfully - version: 4.0.5 - missing functions: none
symbol engine: initialized successfully - sym options: 0x614 - pdb path: .;C:\Program Files\Java\jdk-18.0.1.1\bin;C:\WINDOWS\SYSTEM32;C:\WINDOWS\WinSxS\amd64_microsoft.windows.common-controls_6595b64144ccf1df_6.0.22000.120_none_9d947278b86cc467;C:\Program Files\Java\jdk-18.0.1.1\bin\server;C:\Program Files\Java\jre1.8.0_333\native\e1d6ef7f7dcc3fd88c89a11ec53ec762bb8ba0a96d01ffa2cd45eb1d1d8dd5c5\windows-amd64;C:\Program Files\Java\jre1.8.0_333\native\5664cfc778a61ccfe75a443a1ab52a65af34e5dc3c78e0209fed803814484fcb\windows-amd64

VM Arguments:
jvm_args: --add-opens=java.base/java.util=ALL-UNNAMED --add-opens=java.base/java.lang=ALL-UNNAMED --add-opens=java.base/java.lang.invoke=ALL-UNNAMED --add-opens=java.base/java.util=ALL-UNNAMED --add-opens=java.prefs/java.util.prefs=ALL-UNNAMED --add-opens=java.prefs/java.util.prefs=ALL-UNNAMED --add-opens=java.base/java.nio.charset=ALL-UNNAMED --add-opens=java.base/java.net=ALL-UNNAMED --add-opens=java.base/java.util.concurrent.atomic=ALL-UNNAMED -Xmx2048m -Dfile.encoding=UTF-8 -Duser.country=US -Duser.language=en -Duser.variant 
java_command: org.gradle.launcher.daemon.bootstrap.GradleDaemon 7.3.3
java_class_path (initial): C:\Program Files\Java\jre1.8.0_333\wrapper\dists\gradle-7.3.3-bin\6a41zxkdtcxs8rphpq6y0069z\gradle-7.3.3\lib\gradle-launcher-7.3.3.jar
Launcher Type: SUN_STANDARD

[Global flags]
     intx CICompilerCount                          = 4                                         {product} {ergonomic}
     uint ConcGCThreads                            = 2                                         {product} {ergonomic}
     uint G1ConcRefinementThreads                  = 8                                         {product} {ergonomic}
   size_t G1HeapRegionSize                         = 1048576                                   {product} {ergonomic}
    uintx GCDrainStackTargetSize                   = 64                                        {product} {ergonomic}
   size_t InitialHeapSize                          = 132120576                                 {product} {ergonomic}
   size_t MarkStackSize                            = 4194304                                   {product} {ergonomic}
   size_t MaxHeapSize                              = 2147483648                                {product} {command line}
   size_t MaxNewSize                               = 1287651328                                {product} {ergonomic}
   size_t MinHeapDeltaBytes                        = 1048576                                   {product} {ergonomic}
   size_t MinHeapSize                              = 8388608                                   {product} {ergonomic}
    uintx NonNMethodCodeHeapSize                   = 5839372                                {pd product} {ergonomic}
    uintx NonProfiledCodeHeapSize                  = 122909434                              {pd product} {ergonomic}
    uintx ProfiledCodeHeapSize                     = 122909434                              {pd product} {ergonomic}
    uintx ReservedCodeCacheSize                    = 251658240                              {pd product} {ergonomic}
     bool SegmentedCodeCache                       = true                                      {product} {ergonomic}
   size_t SoftMaxHeapSize                          = 2147483648                             {manageable} {ergonomic}
     bool UseCompressedClassPointers               = true                           {product lp64_product} {ergonomic}
     bool UseCompressedOops                        = true                           {product lp64_product} {ergonomic}
     bool UseG1GC                                  = true                                      {product} {ergonomic}
     bool UseLargePagesIndividualAllocation        = false                                  {pd product} {ergonomic}

Logging:
Log output configuration:
 #0: stdout all=warning uptime,level,tags foldmultilines=false
 #1: stderr all=off uptime,level,tags foldmultilines=false

Environment Variables:
JAVA_HOME=C:\Program Files\Java\jdk-18.0.1.1
PATH=C:\Program Files\Common Files\Oracle\Java\javapath;C:\Windows\system32;C:\Windows;C:\Windows\System32\Wbem;C:\Windows\System32\WindowsPowerShell\v1.0\;C:\Windows\System32\OpenSSH\;C:\Program Files (x86)\NVIDIA Corporation\PhysX\Common;C:\Program Files\NVIDIA Corporation\NVIDIA NvDLISR;F:\Git\cmd;C:\WINDOWS\system32;C:\WINDOWS;C:\WINDOWS\System32\Wbem;C:\WINDOWS\System32\WindowsPowerShell\v1.0\;C:\WINDOWS\System32\OpenSSH\;C:\Program Files\Java\jdk-18.0.1.1\bin;C:\Program Files\Java\jdk-18.0.1.1\bin;D:\flutter\bin;C:\Program Files\JetBrains\IntelliJ IDEA Community Edition 2021.3.2\bin;;C:\Users\NoteBook TANDIS\AppData\Local\Microsoft\WindowsApps;dart-sdk;;C:\Users\NoteBook TANDIS\AppData\Local\Programs\Microsoft VS Code\bin
USERNAME=NoteBook TANDIS
OS=Windows_NT
PROCESSOR_IDENTIFIER=Intel64 Family 6 Model 165 Stepping 2, GenuineIntel



---------------  S Y S T E M  ---------------

OS:
 Windows 11 , 64 bit Build 22000 (10.0.22000.708)
OS uptime: 0 days 1:53 hours

CPU: total 8 (initial active 8) (4 cores per cpu, 2 threads per core) family 6 model 165 stepping 2 microcode 0xea, cx8, cmov, fxsr, ht, mmx, 3dnowpref, sse, sse2, sse3, ssse3, sse4.1, sse4.2, popcnt, lzcnt, tsc, tscinvbit, avx, avx2, aes, erms, clmul, bmi1, bmi2, adx, fma, vzeroupper, clflush, clflushopt

Memory: 4k page, system-wide physical 8023M (441M free)
TotalPageFile size 11023M (AvailPageFile size 7M)
current process WorkingSet (physical memory assigned to process): 409M, peak: 409M
current process commit charge ("private bytes"): 459M, peak: 462M

vm_info: Java HotSpot(TM) 64-Bit Server VM (18.0.1.1+2-6) for windows-amd64 JRE (18.0.1.1+2-6), built on Apr 25 2022 21:53:15 by "mach5one" with MS VC++ 16.8 / 16.9 (VS2019)

END.
