#
# There is insufficient memory for the Java Runtime Environment to continue.
# Native memory allocation (mmap) failed to map 119537664 bytes for G1 virtual space
# Possible reasons:
#   The system is out of physical RAM or swap space
#   The process is running with CompressedOops enabled, and the Java Heap may be blocking the growth of the native heap
# Possible solutions:
#   Reduce memory load on the system
#   Increase physical memory or swap space
#   Check if swap backing store is full
#   Decrease Java heap size (-Xmx/-Xms)
#   Decrease number of Java threads
#   Decrease Java thread stack sizes (-Xss)
#   Set larger code cache with -XX:ReservedCodeCacheSize=
#   JVM is running with Unscaled Compressed Oops mode in which the Java heap is
#     placed in the first 4GB address space. The Java Heap base address is the
#     maximum limit for the native heap growth. Please use -XX:HeapBaseMinAddress
#     to set the Java Heap base and to place the Java Heap above 4GB virtual address.
# This output file may be truncated or incomplete.
#
#  Out of Memory Error (os_windows.cpp:3530), pid=17344, tid=14324
#
# JRE version: Java(TM) SE Runtime Environment (18.0.1.1+2) (build 18.0.1.1+2-6)
# Java VM: Java HotSpot(TM) 64-Bit Server VM (18.0.1.1+2-6, mixed mode, sharing, tiered, compressed oops, compressed class ptrs, g1 gc, windows-amd64)
# No core dump will be written. Minidumps are not enabled by default on client versions of Windows
#

---------------  S U M M A R Y ------------

Command Line: --add-opens=java.base/java.util=ALL-UNNAMED --add-opens=java.base/java.lang=ALL-UNNAMED --add-opens=java.base/java.lang.invoke=ALL-UNNAMED --add-opens=java.base/java.util=ALL-UNNAMED --add-opens=java.prefs/java.util.prefs=ALL-UNNAMED --add-opens=java.prefs/java.util.prefs=ALL-UNNAMED --add-opens=java.base/java.nio.charset=ALL-UNNAMED --add-opens=java.base/java.net=ALL-UNNAMED --add-opens=java.base/java.util.concurrent.atomic=ALL-UNNAMED -Xmx2048m -Dfile.encoding=UTF-8 -Duser.country=US -Duser.language=en -Duser.variant org.gradle.launcher.daemon.bootstrap.GradleDaemon 7.3.3

Host: Intel(R) Core(TM) i5-10300H CPU @ 2.50GHz, 8 cores, 7G,  Windows 11 , 64 bit Build 22000 (10.0.22000.708)
Time: Mon Jul 11 12:27:10 2022 Iran Daylight Time elapsed time: 4.044049 seconds (0d 0h 0m 4s)

---------------  T H R E A D  ---------------

Current thread (0x0000017862b237e0):  VMThread "VM Thread" [stack: 0x0000007784200000,0x0000007784300000] [id=14324]

Stack: [0x0000007784200000,0x0000007784300000]
Native frames: (J=compiled Java code, j=interpreted, Vv=VM code, C=native code)
V  [jvm.dll+0x69887a]
V  [jvm.dll+0x7f38bd]
V  [jvm.dll+0x7f51ce]
V  [jvm.dll+0x7f5883]
V  [jvm.dll+0x25ca3f]
V  [jvm.dll+0x6957c9]
V  [jvm.dll+0x68a2fa]
V  [jvm.dll+0x321efb]
V  [jvm.dll+0x3298d6]
V  [jvm.dll+0x37e47e]
V  [jvm.dll+0x37e6af]
V  [jvm.dll+0x2f9c7a]
V  [jvm.dll+0x2f9d27]
V  [jvm.dll+0x33e262]
V  [jvm.dll+0x33c804]
V  [jvm.dll+0x2f9450]
V  [jvm.dll+0x33c0fd]
V  [jvm.dll+0x7fa66b]
V  [jvm.dll+0x7fb404]
V  [jvm.dll+0x7fb93c]
V  [jvm.dll+0x7fbd94]
V  [jvm.dll+0x7fbe57]
V  [jvm.dll+0x7a03ea]
V  [jvm.dll+0x697725]
C  [ucrtbase.dll+0x26c0c]
C  [KERNEL32.DLL+0x154e0]
C  [ntdll.dll+0x485b]

VM_Operation (0x00000077859f5ec0): G1TryInitiateConcMark, mode: safepoint, requested by thread 0x0000017808c72180


---------------  P R O C E S S  ---------------

Threads class SMR info:
_java_thread_list=0x0000017809d7e830, length=44, elements={
0x0000017862aa25b0, 0x000001787ec95230, 0x000001787ec95e90, 0x000001787ecaf1d0,
0x000001787ecafa80, 0x000001787ecb0420, 0x000001787ecb0dc0, 0x000001787ecb6fa0,
0x000001787ecc09a0, 0x000001787eccd780, 0x000001787ef05fc0, 0x000001787ef092c0,
0x000001787f87e6b0, 0x000001780882b3b0, 0x0000017808cba550, 0x0000017808c95850,
0x0000017808fd7b50, 0x0000017808fd54d0, 0x0000017808c72180, 0x00000178089003b0,
0x0000017808900880, 0x00000178088ff540, 0x0000017808900d50, 0x00000178088ff070,
0x0000017808f7ee10, 0x0000017808902090, 0x00000178089016f0, 0x0000017809341460,
0x0000017808902a30, 0x0000017808902560, 0x0000017808901220, 0x000001780b4ed730,
0x000001780b4ed260, 0x000001780b4ec8c0, 0x000001780b4e93d0, 0x000001780b4ebf20,
0x000001780b4ef8e0, 0x000001780b4ecd90, 0x000001780b4f0750, 0x000001780b4edc00,
0x000001780b4ef410, 0x000001780b4efdb0, 0x000001780b4f0280, 0x000001780b4e9d70
}

Java Threads: ( => current thread )
  0x0000017862aa25b0 JavaThread "main" [_thread_blocked, id=9912, stack(0x0000007783c00000,0x0000007783d00000)]
  0x000001787ec95230 JavaThread "Reference Handler" daemon [_thread_blocked, id=4480, stack(0x0000007784300000,0x0000007784400000)]
  0x000001787ec95e90 JavaThread "Finalizer" daemon [_thread_blocked, id=4532, stack(0x0000007784400000,0x0000007784500000)]
  0x000001787ecaf1d0 JavaThread "Signal Dispatcher" daemon [_thread_blocked, id=2156, stack(0x0000007784500000,0x0000007784600000)]
  0x000001787ecafa80 JavaThread "Attach Listener" daemon [_thread_blocked, id=13300, stack(0x0000007784600000,0x0000007784700000)]
  0x000001787ecb0420 JavaThread "Service Thread" daemon [_thread_blocked, id=3896, stack(0x0000007784700000,0x0000007784800000)]
  0x000001787ecb0dc0 JavaThread "Monitor Deflation Thread" daemon [_thread_blocked, id=17252, stack(0x0000007784800000,0x0000007784900000)]
  0x000001787ecb6fa0 JavaThread "C2 CompilerThread0" daemon [_thread_blocked, id=2880, stack(0x0000007784900000,0x0000007784a00000)]
  0x000001787ecc09a0 JavaThread "C1 CompilerThread0" daemon [_thread_blocked, id=10412, stack(0x0000007784a00000,0x0000007784b00000)]
  0x000001787eccd780 JavaThread "Sweeper thread" daemon [_thread_blocked, id=10028, stack(0x0000007784b00000,0x0000007784c00000)]
  0x000001787ef05fc0 JavaThread "Common-Cleaner" daemon [_thread_blocked, id=11708, stack(0x0000007784c00000,0x0000007784d00000)]
  0x000001787ef092c0 JavaThread "Notification Thread" daemon [_thread_blocked, id=15592, stack(0x0000007784d00000,0x0000007784e00000)]
  0x000001787f87e6b0 JavaThread "Daemon health stats" [_thread_blocked, id=11116, stack(0x0000007785500000,0x0000007785600000)]
  0x000001780882b3b0 JavaThread "Incoming local TCP Connector on port 60107" [_thread_in_native, id=12496, stack(0x0000007784f00000,0x0000007785000000)]
  0x0000017808cba550 JavaThread "Daemon periodic checks" [_thread_blocked, id=3152, stack(0x0000007785400000,0x0000007785500000)]
  0x0000017808c95850 JavaThread "Daemon" [_thread_blocked, id=16792, stack(0x0000007785600000,0x0000007785700000)]
  0x0000017808fd7b50 JavaThread "Handler for socket connection from /127.0.0.1:60107 to /127.0.0.1:60108" [_thread_in_native, id=10104, stack(0x0000007785700000,0x0000007785800000)]
  0x0000017808fd54d0 JavaThread "Cancel handler" [_thread_blocked, id=15000, stack(0x0000007785800000,0x0000007785900000)]
  0x0000017808c72180 JavaThread "Daemon worker" [_thread_blocked, id=6476, stack(0x0000007785900000,0x0000007785a00000)]
  0x00000178089003b0 JavaThread "Asynchronous log dispatcher for DefaultDaemonConnection: socket connection from /127.0.0.1:60107 to /127.0.0.1:60108" [_thread_blocked, id=15820, stack(0x0000007785a00000,0x0000007785b00000)]
  0x0000017808900880 JavaThread "Stdin handler" [_thread_blocked, id=4024, stack(0x0000007785b00000,0x0000007785c00000)]
  0x00000178088ff540 JavaThread "Daemon client event forwarder" [_thread_blocked, id=15240, stack(0x0000007785c00000,0x0000007785d00000)]
  0x0000017808900d50 JavaThread "Cache worker for journal cache (C:\Program Files\Java\jre1.8.0_333\caches\journal-1)" [_thread_blocked, id=8660, stack(0x0000007785d00000,0x0000007785e00000)]
  0x00000178088ff070 JavaThread "File lock request listener" [_thread_in_native, id=5404, stack(0x0000007785e00000,0x0000007785f00000)]
  0x0000017808f7ee10 JavaThread "C2 CompilerThread1" daemon [_thread_blocked, id=7988, stack(0x0000007785f00000,0x0000007786000000)]
  0x0000017808902090 JavaThread "Cache worker for file hash cache (C:\Program Files\Java\jre1.8.0_333\caches\7.3.3\fileHashes)" [_thread_blocked, id=2264, stack(0x0000007786000000,0x0000007786100000)]
  0x00000178089016f0 JavaThread "Cache worker for file hash cache (D:\BatteryManager\.gradle\7.3.3\fileHashes)" [_thread_blocked, id=2096, stack(0x0000007786100000,0x0000007786200000)]
  0x0000017809341460 JavaThread "C2 CompilerThread2" daemon [_thread_blocked, id=10484, stack(0x0000007786500000,0x0000007786600000)]
  0x0000017808902a30 JavaThread "File watcher server" daemon [_thread_in_native, id=11476, stack(0x0000007786600000,0x0000007786700000)]
  0x0000017808902560 JavaThread "File watcher consumer" daemon [_thread_blocked, id=13140, stack(0x0000007786700000,0x0000007786800000)]
  0x0000017808901220 JavaThread "jar transforms" [_thread_blocked, id=2104, stack(0x0000007786800000,0x0000007786900000)]
  0x000001780b4ed730 JavaThread "jar transforms Thread 2" [_thread_blocked, id=15416, stack(0x0000007786900000,0x0000007786a00000)]
  0x000001780b4ed260 JavaThread "jar transforms Thread 3" [_thread_blocked, id=7040, stack(0x0000007786a00000,0x0000007786b00000)]
  0x000001780b4ec8c0 JavaThread "jar transforms Thread 4" [_thread_blocked, id=12268, stack(0x0000007786b00000,0x0000007786c00000)]
  0x000001780b4e93d0 JavaThread "jar transforms Thread 5" [_thread_blocked, id=9344, stack(0x0000007786c00000,0x0000007786d00000)]
  0x000001780b4ebf20 JavaThread "jar transforms Thread 6" [_thread_blocked, id=13568, stack(0x0000007786d00000,0x0000007786e00000)]
  0x000001780b4ef8e0 JavaThread "jar transforms Thread 7" [_thread_blocked, id=3884, stack(0x0000007786e00000,0x0000007786f00000)]
  0x000001780b4ecd90 JavaThread "jar transforms Thread 8" [_thread_blocked, id=3128, stack(0x0000007786f00000,0x0000007787000000)]
  0x000001780b4f0750 JavaThread "Cache worker for checksums cache (D:\BatteryManager\.gradle\7.3.3\checksums)" [_thread_blocked, id=5680, stack(0x0000007787100000,0x0000007787200000)]
  0x000001780b4edc00 JavaThread "Cache worker for cache directory md-supplier (C:\Program Files\Java\jre1.8.0_333\caches\7.3.3\md-supplier)" [_thread_blocked, id=3208, stack(0x0000007787200000,0x0000007787300000)]
  0x000001780b4ef410 JavaThread "Cache worker for cache directory md-rule (C:\Program Files\Java\jre1.8.0_333\caches\7.3.3\md-rule)" [_thread_blocked, id=5608, stack(0x0000007787300000,0x0000007787400000)]
  0x000001780b4efdb0 JavaThread "Cache worker for execution history cache (C:\Program Files\Java\jre1.8.0_333\caches\7.3.3\executionHistory)" [_thread_blocked, id=1652, stack(0x0000007787400000,0x0000007787500000)]
  0x000001780b4f0280 JavaThread "Cache worker for file content cache (C:\Program Files\Java\jre1.8.0_333\caches\7.3.3\fileContent)" [_thread_blocked, id=7304, stack(0x0000007787500000,0x0000007787600000)]
  0x000001780b4e9d70 JavaThread "Cache worker for dependencies-accessors (D:\BatteryManager\.gradle\7.3.3\dependencies-accessors)" [_thread_blocked, id=3688, stack(0x0000007787600000,0x0000007787700000)]

Other Threads:
=>0x0000017862b237e0 VMThread "VM Thread" [stack: 0x0000007784200000,0x0000007784300000] [id=14324]
  0x000001787ef11600 WatcherThread "VM Periodic Task Thread" [stack: 0x0000007784e00000,0x0000007784f00000] [id=16596]
  0x0000017862b057b0 WorkerThread "GC Thread#0" [stack: 0x0000007783d00000,0x0000007783e00000] [id=16780]
  0x000001787f71c450 WorkerThread "GC Thread#1" [stack: 0x0000007785000000,0x0000007785100000] [id=12420]
  0x000001787f15a020 WorkerThread "GC Thread#2" [stack: 0x0000007785100000,0x0000007785200000] [id=11140]
  0x000001787fa138f0 WorkerThread "GC Thread#3" [stack: 0x0000007785200000,0x0000007785300000] [id=10832]
  0x0000017808711490 WorkerThread "GC Thread#4" [stack: 0x0000007785300000,0x0000007785400000] [id=5044]
  0x0000017809041aa0 WorkerThread "GC Thread#5" [stack: 0x0000007786200000,0x0000007786300000] [id=3392]
  0x000001780953aff0 WorkerThread "GC Thread#6" [stack: 0x0000007786300000,0x0000007786400000] [id=11852]
  0x000001780962e1c0 WorkerThread "GC Thread#7" [stack: 0x0000007786400000,0x0000007786500000] [id=13392]
  0x0000017862b176f0 ConcurrentGCThread "G1 Main Marker" [stack: 0x0000007783e00000,0x0000007783f00000] [id=10480]
  0x0000017862b18880 WorkerThread "G1 Conc#0" [stack: 0x0000007783f00000,0x0000007784000000] [id=6012]
  0x00000178094ea4d0 WorkerThread "G1 Conc#1" [stack: 0x0000007787000000,0x0000007787100000] [id=8724]
  0x0000017862b6a6c0 ConcurrentGCThread "G1 Refine#0" [stack: 0x0000007784000000,0x0000007784100000] [id=3676]
  0x0000017862b6afd0 ConcurrentGCThread "G1 Service" [stack: 0x0000007784100000,0x0000007784200000] [id=10248]

Threads with active compile tasks:

VM state: at safepoint (normal execution)

VM Mutex/Monitor currently owned by a thread:  ([mutex/lock_event])
[0x0000017862aa0210] Threads_lock - owner thread: 0x0000017862b237e0
[0x0000017862aa0b10] Heap_lock - owner thread: 0x0000017808c72180

Heap address: 0x0000000080000000, size: 2048 MB, Compressed Oops mode: 32-bit

CDS archive(s) mapped at: [0x0000000800000000-0x0000000800ba0000-0x0000000800ba0000), size 12189696, SharedBaseAddress: 0x0000000800000000, ArchiveRelocationMode: 0.
Compressed class space mapped at: 0x0000000800c00000-0x0000000840c00000, reserved size: 1073741824
Narrow klass base: 0x0000000800000000, Narrow klass shift: 0, Narrow klass range: 0x100000000

GC Precious Log:
 CardTable entry size: 512
 Card Set container configuration: InlinePtr #cards 5 size 8 Array Of Cards #cards 12 size 40 Howl #buckets 4 coarsen threshold 1843 Howl Bitmap #cards 512 size 80 coarsen threshold 460 Card regions per heap region 1 cards per card region 2048
 CPUs: 8 total, 8 available
 Memory: 8023M
 Large Page Support: Disabled
 NUMA Support: Disabled
 Compressed Oops: Enabled (32-bit)
 Heap Region Size: 1M
 Heap Min Capacity: 8M
 Heap Initial Capacity: 126M
 Heap Max Capacity: 2G
 Pre-touch: Disabled
 Parallel Workers: 8
 Concurrent Workers: 2
 Concurrent Refinement Workers: 8
 Periodic GC: Disabled

Heap:
 garbage-first heap   total 129024K, used 52738K [0x0000000080000000, 0x0000000100000000)
  region size 1024K, 2 young (2048K), 2 survivors (2048K)
 Metaspace       used 40181K, committed 41600K, reserved 1114112K
  class space    used 5560K, committed 6272K, reserved 1048576K

Heap Regions: E=young(eden), S=young(survivor), O=old, HS=humongous(starts), HC=humongous(continues), CS=collection set, F=free, OA=open archive, CA=closed archive, TAMS=top-at-mark-start (previous, next)
|   0|0x0000000080000000, 0x0000000080100000, 0x0000000080100000|100%| O|  |TAMS 0x0000000080100000, 0x0000000080100000| Untracked 
|   1|0x0000000080100000, 0x0000000080200000, 0x0000000080200000|100%| O|  |TAMS 0x0000000080200000, 0x0000000080200000| Untracked 
|   2|0x0000000080200000, 0x0000000080300000, 0x0000000080300000|100%| O|  |TAMS 0x0000000080300000, 0x0000000080300000| Untracked 
|   3|0x0000000080300000, 0x0000000080400000, 0x0000000080400000|100%|HS|  |TAMS 0x0000000080400000, 0x0000000080400000| Complete 
|   4|0x0000000080400000, 0x0000000080500000, 0x0000000080500000|100%|HC|  |TAMS 0x0000000080500000, 0x0000000080500000| Complete 
|   5|0x0000000080500000, 0x0000000080600000, 0x0000000080600000|100%|HC|  |TAMS 0x0000000080600000, 0x0000000080600000| Complete 
|   6|0x0000000080600000, 0x0000000080700000, 0x0000000080700000|100%| O|  |TAMS 0x0000000080700000, 0x0000000080700000| Untracked 
|   7|0x0000000080700000, 0x0000000080800000, 0x0000000080800000|100%| O|  |TAMS 0x0000000080800000, 0x0000000080800000| Untracked 
|   8|0x0000000080800000, 0x0000000080900000, 0x0000000080900000|100%| O|  |TAMS 0x0000000080900000, 0x0000000080900000| Untracked 
|   9|0x0000000080900000, 0x0000000080a00000, 0x0000000080a00000|100%| O|  |TAMS 0x0000000080a00000, 0x0000000080a00000| Untracked 
|  10|0x0000000080a00000, 0x0000000080b00000, 0x0000000080b00000|100%|HS|  |TAMS 0x0000000080b00000, 0x0000000080b00000| Complete 
|  11|0x0000000080b00000, 0x0000000080c00000, 0x0000000080c00000|100%|HC|  |TAMS 0x0000000080c00000, 0x0000000080c00000| Complete 
|  12|0x0000000080c00000, 0x0000000080d00000, 0x0000000080d00000|100%|HS|  |TAMS 0x0000000080d00000, 0x0000000080d00000| Complete 
|  13|0x0000000080d00000, 0x0000000080e00000, 0x0000000080e00000|100%|HC|  |TAMS 0x0000000080e00000, 0x0000000080e00000| Complete 
|  14|0x0000000080e00000, 0x0000000080f00000, 0x0000000080f00000|100%|HC|  |TAMS 0x0000000080f00000, 0x0000000080f00000| Complete 
|  15|0x0000000080f00000, 0x0000000081000000, 0x0000000081000000|100%|HS|  |TAMS 0x0000000081000000, 0x0000000081000000| Complete 
|  16|0x0000000081000000, 0x0000000081100000, 0x0000000081100000|100%|HS|  |TAMS 0x0000000081100000, 0x0000000081100000| Complete 
|  17|0x0000000081100000, 0x0000000081200000, 0x0000000081200000|100%|HC|  |TAMS 0x0000000081200000, 0x0000000081200000| Complete 
|  18|0x0000000081200000, 0x0000000081300000, 0x0000000081300000|100%|HC|  |TAMS 0x0000000081300000, 0x0000000081300000| Complete 
|  19|0x0000000081300000, 0x0000000081400000, 0x0000000081400000|100%|HC|  |TAMS 0x0000000081400000, 0x0000000081400000| Complete 
|  20|0x0000000081400000, 0x0000000081500000, 0x0000000081500000|100%| O|  |TAMS 0x0000000081500000, 0x0000000081500000| Untracked 
|  21|0x0000000081500000, 0x0000000081600000, 0x0000000081600000|100%| O|  |TAMS 0x0000000081600000, 0x0000000081600000| Untracked 
|  22|0x0000000081600000, 0x0000000081700000, 0x0000000081700000|100%| O|  |TAMS 0x0000000081700000, 0x0000000081700000| Untracked 
|  23|0x0000000081700000, 0x0000000081800000, 0x0000000081800000|100%| O|  |TAMS 0x0000000081800000, 0x0000000081800000| Untracked 
|  24|0x0000000081800000, 0x0000000081900000, 0x0000000081900000|100%| O|  |TAMS 0x0000000081900000, 0x0000000081900000| Untracked 
|  25|0x0000000081900000, 0x0000000081a00000, 0x0000000081a00000|100%| O|  |TAMS 0x0000000081a00000, 0x0000000081a00000| Untracked 
|  26|0x0000000081a00000, 0x0000000081b00000, 0x0000000081b00000|100%| O|  |TAMS 0x0000000081b00000, 0x0000000081b00000| Untracked 
|  27|0x0000000081b00000, 0x0000000081c00000, 0x0000000081c00000|100%| O|  |TAMS 0x0000000081c00000, 0x0000000081c00000| Untracked 
|  28|0x0000000081c00000, 0x0000000081d00000, 0x0000000081d00000|100%|HS|  |TAMS 0x0000000081c00000, 0x0000000081d00000| Complete 
|  29|0x0000000081d00000, 0x0000000081e00000, 0x0000000081e00000|100%| O|  |TAMS 0x0000000081e00000, 0x0000000081e00000| Untracked 
|  30|0x0000000081e00000, 0x0000000081f00000, 0x0000000081f00000|100%| O|  |TAMS 0x0000000081f00000, 0x0000000081f00000| Untracked 
|  31|0x0000000081f00000, 0x0000000082000000, 0x0000000082000000|100%| O|  |TAMS 0x0000000082000000, 0x0000000082000000| Untracked 
|  32|0x0000000082000000, 0x0000000082100000, 0x0000000082100000|100%| O|  |TAMS 0x0000000082100000, 0x0000000082100000| Untracked 
|  33|0x0000000082100000, 0x0000000082100000, 0x0000000082200000|  0%| F|  |TAMS 0x0000000082100000, 0x0000000082100000| Untracked 
|  34|0x0000000082200000, 0x0000000082300000, 0x0000000082300000|100%| O|  |TAMS 0x0000000082300000, 0x0000000082300000| Untracked 
|  35|0x0000000082300000, 0x0000000082400000, 0x0000000082400000|100%| O|  |TAMS 0x0000000082400000, 0x0000000082400000| Untracked 
|  36|0x0000000082400000, 0x0000000082500000, 0x0000000082500000|100%| O|  |TAMS 0x0000000082500000, 0x0000000082500000| Untracked 
|  37|0x0000000082500000, 0x0000000082600000, 0x0000000082600000|100%| O|  |TAMS 0x0000000082600000, 0x0000000082600000| Untracked 
|  38|0x0000000082600000, 0x0000000082700000, 0x0000000082700000|100%| O|  |TAMS 0x0000000082700000, 0x0000000082700000| Untracked 
|  39|0x0000000082700000, 0x0000000082800000, 0x0000000082800000|100%| O|  |TAMS 0x0000000082741200, 0x0000000082800000| Untracked 
|  40|0x0000000082800000, 0x0000000082900000, 0x0000000082900000|100%|HS|  |TAMS 0x0000000082800000, 0x0000000082900000| Complete 
|  41|0x0000000082900000, 0x0000000082a00000, 0x0000000082a00000|100%|HC|  |TAMS 0x0000000082900000, 0x0000000082a00000| Complete 
|  42|0x0000000082a00000, 0x0000000082b00000, 0x0000000082b00000|100%|HC|  |TAMS 0x0000000082a00000, 0x0000000082b00000| Complete 
|  43|0x0000000082b00000, 0x0000000082c00000, 0x0000000082c00000|100%| O|  |TAMS 0x0000000082b00000, 0x0000000082c00000| Untracked 
|  44|0x0000000082c00000, 0x0000000082d00000, 0x0000000082d00000|100%| O|  |TAMS 0x0000000082c00000, 0x0000000082d00000| Untracked 
|  45|0x0000000082d00000, 0x0000000082e00000, 0x0000000082e00000|100%| O|  |TAMS 0x0000000082d00000, 0x0000000082e00000| Untracked 
|  46|0x0000000082e00000, 0x0000000082f00000, 0x0000000082f00000|100%| O|  |TAMS 0x0000000082e00000, 0x0000000082f00000| Untracked 
|  47|0x0000000082f00000, 0x0000000083000000, 0x0000000083000000|100%| O|  |TAMS 0x0000000082f00000, 0x0000000083000000| Untracked 
|  48|0x0000000083000000, 0x0000000083100000, 0x0000000083100000|100%| O|  |TAMS 0x0000000083000000, 0x0000000083100000| Untracked 
|  49|0x0000000083100000, 0x0000000083200000, 0x0000000083200000|100%| O|  |TAMS 0x0000000083100000, 0x0000000083200000| Untracked 
|  50|0x0000000083200000, 0x0000000083300000, 0x0000000083300000|100%| O|  |TAMS 0x0000000083200000, 0x0000000083300000| Untracked 
|  51|0x0000000083300000, 0x0000000083322800, 0x0000000083400000| 13%| O|  |TAMS 0x0000000083300000, 0x0000000083322800| Untracked 
|  52|0x0000000083400000, 0x0000000083400000, 0x0000000083500000|  0%| F|  |TAMS 0x0000000083400000, 0x0000000083400000| Untracked 
|  53|0x0000000083500000, 0x0000000083500000, 0x0000000083600000|  0%| F|  |TAMS 0x0000000083500000, 0x0000000083500000| Untracked 
|  54|0x0000000083600000, 0x0000000083600000, 0x0000000083700000|  0%| F|  |TAMS 0x0000000083600000, 0x0000000083600000| Untracked 
|  55|0x0000000083700000, 0x0000000083700000, 0x0000000083800000|  0%| F|  |TAMS 0x0000000083700000, 0x0000000083700000| Untracked 
|  56|0x0000000083800000, 0x0000000083800000, 0x0000000083900000|  0%| F|  |TAMS 0x0000000083800000, 0x0000000083800000| Untracked 
|  57|0x0000000083900000, 0x0000000083900000, 0x0000000083a00000|  0%| F|  |TAMS 0x0000000083900000, 0x0000000083900000| Untracked 
|  58|0x0000000083a00000, 0x0000000083a00000, 0x0000000083b00000|  0%| F|  |TAMS 0x0000000083a00000, 0x0000000083a00000| Untracked 
|  59|0x0000000083b00000, 0x0000000083b00000, 0x0000000083c00000|  0%| F|  |TAMS 0x0000000083b00000, 0x0000000083b00000| Untracked 
|  60|0x0000000083c00000, 0x0000000083c00000, 0x0000000083d00000|  0%| F|  |TAMS 0x0000000083c00000, 0x0000000083c00000| Untracked 
|  61|0x0000000083d00000, 0x0000000083d00000, 0x0000000083e00000|  0%| F|  |TAMS 0x0000000083d00000, 0x0000000083d00000| Untracked 
|  62|0x0000000083e00000, 0x0000000083e00000, 0x0000000083f00000|  0%| F|  |TAMS 0x0000000083e00000, 0x0000000083e00000| Untracked 
|  63|0x0000000083f00000, 0x0000000083f00000, 0x0000000084000000|  0%| F|  |TAMS 0x0000000083f00000, 0x0000000083f00000| Untracked 
|  64|0x0000000084000000, 0x0000000084000000, 0x0000000084100000|  0%| F|  |TAMS 0x0000000084000000, 0x0000000084000000| Untracked 
|  65|0x0000000084100000, 0x0000000084100000, 0x0000000084200000|  0%| F|  |TAMS 0x0000000084100000, 0x0000000084100000| Untracked 
|  66|0x0000000084200000, 0x0000000084200000, 0x0000000084300000|  0%| F|  |TAMS 0x0000000084200000, 0x0000000084200000| Untracked 
|  67|0x0000000084300000, 0x0000000084300000, 0x0000000084400000|  0%| F|  |TAMS 0x0000000084300000, 0x0000000084300000| Untracked 
|  68|0x0000000084400000, 0x0000000084400000, 0x0000000084500000|  0%| F|  |TAMS 0x0000000084400000, 0x0000000084400000| Untracked 
|  69|0x0000000084500000, 0x0000000084500000, 0x0000000084600000|  0%| F|  |TAMS 0x0000000084500000, 0x0000000084500000| Untracked 
|  70|0x0000000084600000, 0x0000000084600000, 0x0000000084700000|  0%| F|  |TAMS 0x0000000084600000, 0x0000000084600000| Untracked 
|  71|0x0000000084700000, 0x0000000084700000, 0x0000000084800000|  0%| F|  |TAMS 0x0000000084700000, 0x0000000084700000| Untracked 
|  72|0x0000000084800000, 0x0000000084800000, 0x0000000084900000|  0%| F|  |TAMS 0x0000000084800000, 0x0000000084800000| Untracked 
|  73|0x0000000084900000, 0x0000000084900000, 0x0000000084a00000|  0%| F|  |TAMS 0x0000000084900000, 0x0000000084900000| Untracked 
|  74|0x0000000084a00000, 0x0000000084a00000, 0x0000000084b00000|  0%| F|  |TAMS 0x0000000084a00000, 0x0000000084a00000| Untracked 
|  75|0x0000000084b00000, 0x0000000084b00000, 0x0000000084c00000|  0%| F|  |TAMS 0x0000000084b00000, 0x0000000084b00000| Untracked 
|  76|0x0000000084c00000, 0x0000000084c00000, 0x0000000084d00000|  0%| F|  |TAMS 0x0000000084c00000, 0x0000000084c00000| Untracked 
|  77|0x0000000084d00000, 0x0000000084d00000, 0x0000000084e00000|  0%| F|  |TAMS 0x0000000084d00000, 0x0000000084d00000| Untracked 
|  78|0x0000000084e00000, 0x0000000084e00000, 0x0000000084f00000|  0%| F|  |TAMS 0x0000000084e00000, 0x0000000084e00000| Untracked 
|  79|0x0000000084f00000, 0x0000000084f00000, 0x0000000085000000|  0%| F|  |TAMS 0x0000000084f00000, 0x0000000084f00000| Untracked 
|  80|0x0000000085000000, 0x0000000085000000, 0x0000000085100000|  0%| F|  |TAMS 0x0000000085000000, 0x0000000085000000| Untracked 
|  81|0x0000000085100000, 0x0000000085100000, 0x0000000085200000|  0%| F|  |TAMS 0x0000000085100000, 0x0000000085100000| Untracked 
|  82|0x0000000085200000, 0x0000000085200000, 0x0000000085300000|  0%| F|  |TAMS 0x0000000085200000, 0x0000000085200000| Untracked 
|  83|0x0000000085300000, 0x0000000085300000, 0x0000000085400000|  0%| F|  |TAMS 0x0000000085300000, 0x0000000085300000| Untracked 
|  84|0x0000000085400000, 0x0000000085400000, 0x0000000085500000|  0%| F|  |TAMS 0x0000000085400000, 0x0000000085400000| Untracked 
|  85|0x0000000085500000, 0x0000000085500000, 0x0000000085600000|  0%| F|  |TAMS 0x0000000085500000, 0x0000000085500000| Untracked 
|  86|0x0000000085600000, 0x0000000085600000, 0x0000000085700000|  0%| F|  |TAMS 0x0000000085600000, 0x0000000085600000| Untracked 
|  87|0x0000000085700000, 0x0000000085700000, 0x0000000085800000|  0%| F|  |TAMS 0x0000000085700000, 0x0000000085700000| Untracked 
|  88|0x0000000085800000, 0x0000000085800000, 0x0000000085900000|  0%| F|  |TAMS 0x0000000085800000, 0x0000000085800000| Untracked 
|  89|0x0000000085900000, 0x0000000085900000, 0x0000000085a00000|  0%| F|  |TAMS 0x0000000085900000, 0x0000000085900000| Untracked 
|  90|0x0000000085a00000, 0x0000000085a00000, 0x0000000085b00000|  0%| F|  |TAMS 0x0000000085a00000, 0x0000000085a00000| Untracked 
|  91|0x0000000085b00000, 0x0000000085b00000, 0x0000000085c00000|  0%| F|  |TAMS 0x0000000085b00000, 0x0000000085b00000| Untracked 
|  92|0x0000000085c00000, 0x0000000085c00000, 0x0000000085d00000|  0%| F|  |TAMS 0x0000000085c00000, 0x0000000085c00000| Untracked 
|  93|0x0000000085d00000, 0x0000000085d00000, 0x0000000085e00000|  0%| F|  |TAMS 0x0000000085d00000, 0x0000000085d00000| Untracked 
|  94|0x0000000085e00000, 0x0000000085e00000, 0x0000000085f00000|  0%| F|  |TAMS 0x0000000085e00000, 0x0000000085e00000| Untracked 
|  95|0x0000000085f00000, 0x0000000085f00000, 0x0000000086000000|  0%| F|  |TAMS 0x0000000085f00000, 0x0000000085f00000| Untracked 
|  96|0x0000000086000000, 0x0000000086000000, 0x0000000086100000|  0%| F|  |TAMS 0x0000000086000000, 0x0000000086000000| Untracked 
|  97|0x0000000086100000, 0x0000000086100000, 0x0000000086200000|  0%| F|  |TAMS 0x0000000086100000, 0x0000000086100000| Untracked 
|  98|0x0000000086200000, 0x0000000086200000, 0x0000000086300000|  0%| F|  |TAMS 0x0000000086200000, 0x0000000086200000| Untracked 
|  99|0x0000000086300000, 0x0000000086300000, 0x0000000086400000|  0%| F|  |TAMS 0x0000000086300000, 0x0000000086300000| Untracked 
| 100|0x0000000086400000, 0x0000000086400000, 0x0000000086500000|  0%| F|  |TAMS 0x0000000086400000, 0x0000000086400000| Untracked 
| 101|0x0000000086500000, 0x0000000086500000, 0x0000000086600000|  0%| F|  |TAMS 0x0000000086500000, 0x0000000086500000| Untracked 
| 102|0x0000000086600000, 0x0000000086600000, 0x0000000086700000|  0%| F|  |TAMS 0x0000000086600000, 0x0000000086600000| Untracked 
| 103|0x0000000086700000, 0x0000000086700000, 0x0000000086800000|  0%| F|  |TAMS 0x0000000086700000, 0x0000000086700000| Untracked 
| 104|0x0000000086800000, 0x0000000086800000, 0x0000000086900000|  0%| F|  |TAMS 0x0000000086800000, 0x0000000086800000| Untracked 
| 105|0x0000000086900000, 0x000000008695e2c0, 0x0000000086a00000| 36%| S|CS|TAMS 0x0000000086900000, 0x0000000086900000| Complete 
| 106|0x0000000086a00000, 0x0000000086b00000, 0x0000000086b00000|100%| S|CS|TAMS 0x0000000086a00000, 0x0000000086a00000| Complete 
| 107|0x0000000086b00000, 0x0000000086b00000, 0x0000000086c00000|  0%| F|  |TAMS 0x0000000086b00000, 0x0000000086b00000| Untracked 
| 108|0x0000000086c00000, 0x0000000086c00000, 0x0000000086d00000|  0%| F|  |TAMS 0x0000000086c00000, 0x0000000086c00000| Untracked 
| 109|0x0000000086d00000, 0x0000000086d00000, 0x0000000086e00000|  0%| F|  |TAMS 0x0000000086d00000, 0x0000000086d00000| Untracked 
| 110|0x0000000086e00000, 0x0000000086e00000, 0x0000000086f00000|  0%| F|  |TAMS 0x0000000086e00000, 0x0000000086e00000| Untracked 
| 111|0x0000000086f00000, 0x0000000086f00000, 0x0000000087000000|  0%| F|  |TAMS 0x0000000086f00000, 0x0000000086f00000| Untracked 
| 112|0x0000000087000000, 0x0000000087000000, 0x0000000087100000|  0%| F|  |TAMS 0x0000000087000000, 0x0000000087000000| Untracked 
| 113|0x0000000087100000, 0x0000000087100000, 0x0000000087200000|  0%| F|  |TAMS 0x0000000087100000, 0x0000000087100000| Untracked 
| 114|0x0000000087200000, 0x0000000087200000, 0x0000000087300000|  0%| F|  |TAMS 0x0000000087200000, 0x0000000087200000| Untracked 
| 115|0x0000000087300000, 0x0000000087300000, 0x0000000087400000|  0%| F|  |TAMS 0x0000000087300000, 0x0000000087300000| Untracked 
| 116|0x0000000087400000, 0x0000000087400000, 0x0000000087500000|  0%| F|  |TAMS 0x0000000087400000, 0x0000000087400000| Untracked 
| 117|0x0000000087500000, 0x0000000087500000, 0x0000000087600000|  0%| F|  |TAMS 0x0000000087500000, 0x0000000087500000| Untracked 
| 118|0x0000000087600000, 0x0000000087600000, 0x0000000087700000|  0%| F|  |TAMS 0x0000000087600000, 0x0000000087600000| Untracked 
| 119|0x0000000087700000, 0x0000000087700000, 0x0000000087800000|  0%| F|  |TAMS 0x0000000087700000, 0x0000000087700000| Untracked 
| 120|0x0000000087800000, 0x0000000087800000, 0x0000000087900000|  0%| F|  |TAMS 0x0000000087800000, 0x0000000087800000| Untracked 
| 121|0x0000000087900000, 0x0000000087900000, 0x0000000087a00000|  0%| F|  |TAMS 0x0000000087900000, 0x0000000087900000| Untracked 
| 122|0x0000000087a00000, 0x0000000087a00000, 0x0000000087b00000|  0%| F|  |TAMS 0x0000000087a00000, 0x0000000087a00000| Untracked 
| 123|0x0000000087b00000, 0x0000000087b00000, 0x0000000087c00000|  0%| F|  |TAMS 0x0000000087b00000, 0x0000000087b00000| Untracked 
| 124|0x0000000087c00000, 0x0000000087c00000, 0x0000000087d00000|  0%| F|  |TAMS 0x0000000087c00000, 0x0000000087c00000| Untracked 
| 125|0x0000000087d00000, 0x0000000087d00000, 0x0000000087e00000|  0%| F|  |TAMS 0x0000000087d00000, 0x0000000087d00000| Untracked 

Card table byte_map: [0x000001787ba30000,0x000001787be30000] _byte_map_base: 0x000001787b630000

Marking Bits (Prev, Next): (CMBitMap*) 0x0000017862b06dc0, (CMBitMap*) 0x0000017862b06e00
 Prev Bits: [0x000001787c230000, 0x000001787e230000)
 Next Bits: [0x0000017800000000, 0x0000017802000000)

Polling page: 0x0000017862b70000

Metaspace:

Usage:
  Non-class:     33.81 MB used.
      Class:      5.43 MB used.
       Both:     39.24 MB used.

Virtual space:
  Non-class space:       64.00 MB reserved,      34.50 MB ( 54%) committed,  1 nodes.
      Class space:        1.00 GB reserved,       6.12 MB ( <1%) committed,  1 nodes.
             Both:        1.06 GB reserved,      40.62 MB (  4%) committed. 

Chunk freelists:
   Non-Class:  1.51 MB
       Class:  1.89 MB
        Both:  3.40 MB

MaxMetaspaceSize: unlimited
CompressedClassSpaceSize: 1.00 GB
Initial GC threshold: 21.00 MB
Current GC threshold: 59.19 MB
CDS: on
MetaspaceReclaimPolicy: balanced
 - commit_granule_bytes: 65536.
 - commit_granule_words: 8192.
 - virtual_space_node_default_size: 8388608.
 - enlarge_chunks_in_place: 1.
 - new_chunks_are_fully_committed: 0.
 - uncommit_free_chunks: 1.
 - use_allocation_guard: 0.


Internal statistics:

num_allocs_failed_limit: 6.
num_arena_births: 2458.
num_arena_deaths: 0.
num_vsnodes_births: 2.
num_vsnodes_deaths: 0.
num_space_committed: 650.
num_space_uncommitted: 0.
num_chunks_returned_to_freelist: 6.
num_chunks_taken_from_freelist: 4318.
num_chunk_merges: 6.
num_chunk_splits: 2801.
num_chunks_enlarged: 1681.
num_inconsistent_stats: 0.

CodeHeap 'non-profiled nmethods': size=120000Kb used=2876Kb max_used=2876Kb free=117123Kb
 bounds [0x0000017873690000, 0x0000017873960000, 0x000001787abc0000]
CodeHeap 'profiled nmethods': size=120000Kb used=10220Kb max_used=10220Kb free=109779Kb
 bounds [0x000001786c160000, 0x000001786cb60000, 0x0000017873690000]
CodeHeap 'non-nmethods': size=5760Kb used=2313Kb max_used=2367Kb free=3446Kb
 bounds [0x000001786bbc0000, 0x000001786be30000, 0x000001786c160000]
 total_blobs=5698 nmethods=4886 adapters=724
 compilation: enabled
              stopped_count=0, restarted_count=0
 full_count=0

Compilation events (20 events):
Event: 4.028 Thread 0x0000017809341460 nmethod 4866 0x000001787395cf10 code [0x000001787395d0c0, 0x000001787395d758]
Event: 4.030 Thread 0x000001787ecc09a0 4879       3       org.gradle.internal.service.DefaultServiceRegistry::find (28 bytes)
Event: 4.030 Thread 0x000001787ecc09a0 nmethod 4879 0x000001786cb54910 code [0x000001786cb54b00, 0x000001786cb54e68]
Event: 4.030 Thread 0x000001787ecc09a0 4880       3       org.gradle.internal.service.DefaultServiceRegistry::getService (13 bytes)
Event: 4.031 Thread 0x000001787ecc09a0 nmethod 4880 0x000001786cb55010 code [0x000001786cb551c0, 0x000001786cb55338]
Event: 4.031 Thread 0x000001787ecc09a0 4881       3       org.gradle.internal.service.DefaultServiceRegistry::get (44 bytes)
Event: 4.031 Thread 0x000001787ecc09a0 nmethod 4881 0x000001786cb55410 code [0x000001786cb55720, 0x000001786cb568e8]
Event: 4.031 Thread 0x000001787ecc09a0 4882       3       java.lang.Class::isLocalOrAnonymousClass (5 bytes)
Event: 4.031 Thread 0x000001787ecc09a0 nmethod 4882 0x000001786cb56f10 code [0x000001786cb570c0, 0x000001786cb572d8]
Event: 4.036 Thread 0x000001787ecc09a0 4883       3       org.gradle.internal.logging.slf4j.OutputEventListenerBackedLogger::debug (7 bytes)
Event: 4.036 Thread 0x000001787ecc09a0 nmethod 4883 0x000001786cb57390 code [0x000001786cb57520, 0x000001786cb57668]
Event: 4.036 Thread 0x000001787ecc09a0 4884       3       org.gradle.internal.logging.slf4j.BuildOperationAwareLogger::debug (18 bytes)
Event: 4.036 Thread 0x000001787ecc09a0 nmethod 4884 0x000001786cb57710 code [0x000001786cb578e0, 0x000001786cb57c38]
Event: 4.037 Thread 0x000001787ecc09a0 4885       3       jdk.internal.org.objectweb.asm.Type::getObjectType (31 bytes)
Event: 4.037 Thread 0x000001787ecc09a0 nmethod 4885 0x000001786cb57d90 code [0x000001786cb57fc0, 0x000001786cb58818]
Event: 4.037 Thread 0x000001787ecc09a0 4886       3       jdk.internal.org.objectweb.asm.Type::getClassName (172 bytes)
Event: 4.038 Thread 0x000001787ecc09a0 nmethod 4886 0x000001786cb58b90 code [0x000001786cb58f40, 0x000001786cb5a648]
Event: 4.039 Thread 0x0000017808f7ee10 nmethod 4878 0x000001787395db90 code [0x000001787395dda0, 0x000001787395ecc0]
Event: 4.040 Thread 0x000001787ecc09a0 4887       3       org.gradle.internal.logging.events.OutputEvent::<init> (5 bytes)
Event: 4.040 Thread 0x000001787ecc09a0 nmethod 4887 0x000001786cb5ae90 code [0x000001786cb5b020, 0x000001786cb5b178]

GC Heap History (19 events):
Event: 0.452 GC heap before
{Heap before GC invocations=0 (full 0):
 garbage-first heap   total 129024K, used 28672K [0x0000000080000000, 0x0000000100000000)
  region size 1024K, 23 young (23552K), 0 survivors (0K)
 Metaspace       used 3016K, committed 3200K, reserved 1114112K
  class space    used 373K, committed 448K, reserved 1048576K
}
Event: 0.456 GC heap after
{Heap after GC invocations=1 (full 0):
 garbage-first heap   total 129024K, used 8815K [0x0000000080000000, 0x0000000100000000)
  region size 1024K, 3 young (3072K), 3 survivors (3072K)
 Metaspace       used 3016K, committed 3200K, reserved 1114112K
  class space    used 373K, committed 448K, reserved 1048576K
}
Event: 0.715 GC heap before
{Heap before GC invocations=1 (full 0):
 garbage-first heap   total 129024K, used 38511K [0x0000000080000000, 0x0000000100000000)
  region size 1024K, 32 young (32768K), 3 survivors (3072K)
 Metaspace       used 3951K, committed 4160K, reserved 1114112K
  class space    used 473K, committed 576K, reserved 1048576K
}
Event: 0.718 GC heap after
{Heap after GC invocations=2 (full 0):
 garbage-first heap   total 129024K, used 13130K [0x0000000080000000, 0x0000000100000000)
  region size 1024K, 4 young (4096K), 4 survivors (4096K)
 Metaspace       used 3951K, committed 4160K, reserved 1114112K
  class space    used 473K, committed 576K, reserved 1048576K
}
Event: 1.920 GC heap before
{Heap before GC invocations=2 (full 0):
 garbage-first heap   total 129024K, used 81738K [0x0000000080000000, 0x0000000100000000)
  region size 1024K, 71 young (72704K), 4 survivors (4096K)
 Metaspace       used 17349K, committed 17920K, reserved 1114112K
  class space    used 2465K, committed 2752K, reserved 1048576K
}
Event: 1.927 GC heap after
{Heap after GC invocations=3 (full 0):
 garbage-first heap   total 129024K, used 19068K [0x0000000080000000, 0x0000000100000000)
  region size 1024K, 9 young (9216K), 9 survivors (9216K)
 Metaspace       used 17349K, committed 17920K, reserved 1114112K
  class space    used 2465K, committed 2752K, reserved 1048576K
}
Event: 2.333 GC heap before
{Heap before GC invocations=3 (full 0):
 garbage-first heap   total 129024K, used 54908K [0x0000000080000000, 0x0000000100000000)
  region size 1024K, 36 young (36864K), 9 survivors (9216K)
 Metaspace       used 20742K, committed 21504K, reserved 1114112K
  class space    used 3037K, committed 3456K, reserved 1048576K
}
Event: 2.339 GC heap after
{Heap after GC invocations=4 (full 0):
 garbage-first heap   total 129024K, used 34899K [0x0000000080000000, 0x0000000100000000)
  region size 1024K, 6 young (6144K), 6 survivors (6144K)
 Metaspace       used 20742K, committed 21504K, reserved 1114112K
  class space    used 3037K, committed 3456K, reserved 1048576K
}
Event: 3.024 GC heap before
{Heap before GC invocations=5 (full 0):
 garbage-first heap   total 122880K, used 92243K [0x0000000080000000, 0x0000000100000000)
  region size 1024K, 63 young (64512K), 6 survivors (6144K)
 Metaspace       used 30749K, committed 31808K, reserved 1114112K
  class space    used 4427K, committed 4992K, reserved 1048576K
}
Event: 3.029 GC heap after
{Heap after GC invocations=6 (full 0):
 garbage-first heap   total 122880K, used 39604K [0x0000000080000000, 0x0000000100000000)
  region size 1024K, 5 young (5120K), 5 survivors (5120K)
 Metaspace       used 30749K, committed 31808K, reserved 1114112K
  class space    used 4427K, committed 4992K, reserved 1048576K
}
Event: 3.041 GC heap before
{Heap before GC invocations=6 (full 0):
 garbage-first heap   total 122880K, used 40628K [0x0000000080000000, 0x0000000100000000)
  region size 1024K, 6 young (6144K), 5 survivors (5120K)
 Metaspace       used 31120K, committed 32256K, reserved 1114112K
  class space    used 4443K, committed 4992K, reserved 1048576K
}
Event: 3.044 GC heap after
{Heap after GC invocations=7 (full 0):
 garbage-first heap   total 122880K, used 39976K [0x0000000080000000, 0x0000000100000000)
  region size 1024K, 1 young (1024K), 1 survivors (1024K)
 Metaspace       used 31120K, committed 32256K, reserved 1114112K
  class space    used 4443K, committed 4992K, reserved 1048576K
}
Event: 3.463 GC heap before
{Heap before GC invocations=7 (full 0):
 garbage-first heap   total 122880K, used 81960K [0x0000000080000000, 0x0000000100000000)
  region size 1024K, 41 young (41984K), 1 survivors (1024K)
 Metaspace       used 34837K, committed 36096K, reserved 1114112K
  class space    used 4848K, committed 5504K, reserved 1048576K
}
Event: 3.466 GC heap after
{Heap after GC invocations=8 (full 0):
 garbage-first heap   total 122880K, used 43099K [0x0000000080000000, 0x0000000100000000)
  region size 1024K, 4 young (4096K), 4 survivors (4096K)
 Metaspace       used 34837K, committed 36096K, reserved 1114112K
  class space    used 4848K, committed 5504K, reserved 1048576K
}
Event: 3.906 GC heap before
{Heap before GC invocations=9 (full 0):
 garbage-first heap   total 122880K, used 94299K [0x0000000080000000, 0x0000000100000000)
  region size 1024K, 50 young (51200K), 4 survivors (4096K)
 Metaspace       used 38925K, committed 40256K, reserved 1114112K
  class space    used 5341K, committed 6016K, reserved 1048576K
}
Event: 3.911 GC heap after
{Heap after GC invocations=10 (full 0):
 garbage-first heap   total 122880K, used 52133K [0x0000000080000000, 0x0000000100000000)
  region size 1024K, 6 young (6144K), 6 survivors (6144K)
 Metaspace       used 38925K, committed 40256K, reserved 1114112K
  class space    used 5341K, committed 6016K, reserved 1048576K
}
Event: 3.920 GC heap before
{Heap before GC invocations=10 (full 0):
 garbage-first heap   total 122880K, used 53157K [0x0000000080000000, 0x0000000100000000)
  region size 1024K, 7 young (7168K), 6 survivors (6144K)
 Metaspace       used 39009K, committed 40448K, reserved 1114112K
  class space    used 5357K, committed 6080K, reserved 1048576K
}
Event: 3.923 GC heap after
{Heap after GC invocations=11 (full 0):
 garbage-first heap   total 122880K, used 52023K [0x0000000080000000, 0x0000000100000000)
  region size 1024K, 1 young (1024K), 1 survivors (1024K)
 Metaspace       used 39009K, committed 40448K, reserved 1114112K
  class space    used 5357K, committed 6080K, reserved 1048576K
}
Event: 4.041 GC heap before
{Heap before GC invocations=11 (full 0):
 garbage-first heap   total 122880K, used 63287K [0x0000000080000000, 0x0000000100000000)
  region size 1024K, 13 young (13312K), 1 survivors (1024K)
 Metaspace       used 40181K, committed 41600K, reserved 1114112K
  class space    used 5560K, committed 6272K, reserved 1048576K
}

Deoptimization events (20 events):
Event: 3.911 Thread 0x000001787f87e6b0 Uncommon trap: trap_request=0xffffffbe fr.pc=0x000001787393750c relative=0x00000000000007ec
Event: 3.911 Thread 0x000001787f87e6b0 Uncommon trap: reason=profile_predicate action=maybe_recompile pc=0x000001787393750c method=java.util.stream.ReferencePipeline.forEachWithCancel(Ljava/util/Spliterator;Ljava/util/stream/Sink;)Z @ 8 c2
Event: 3.911 Thread 0x000001787f87e6b0 DEOPT PACKING pc=0x000001787393750c sp=0x00000077855fec40
Event: 3.911 Thread 0x000001787f87e6b0 DEOPT UNPACKING pc=0x000001786bc123a3 sp=0x00000077855feaa8 mode 2
Event: 3.951 Thread 0x0000017808c72180 Uncommon trap: trap_request=0xffffff45 fr.pc=0x000001787386823c relative=0x000000000000011c
Event: 3.951 Thread 0x0000017808c72180 Uncommon trap: reason=unstable_if action=reinterpret pc=0x000001787386823c method=java.util.Arrays.hashCode([Ljava/lang/Object;)I @ 34 c2
Event: 3.951 Thread 0x0000017808c72180 DEOPT PACKING pc=0x000001787386823c sp=0x00000077859f8e30
Event: 3.951 Thread 0x0000017808c72180 DEOPT UNPACKING pc=0x000001786bc123a3 sp=0x00000077859f8da8 mode 2
Event: 3.966 Thread 0x0000017808c72180 Uncommon trap: trap_request=0xffffff76 fr.pc=0x000001787390e240 relative=0x0000000000000180
Event: 3.966 Thread 0x0000017808c72180 Uncommon trap: reason=predicate action=maybe_recompile pc=0x000001787390e240 method=java.util.AbstractCollection.addAll(Ljava/util/Collection;)Z @ 15 c2
Event: 3.966 Thread 0x0000017808c72180 DEOPT PACKING pc=0x000001787390e240 sp=0x00000077859fbbc0
Event: 3.966 Thread 0x0000017808c72180 DEOPT UNPACKING pc=0x000001786bc123a3 sp=0x00000077859fbb58 mode 2
Event: 3.988 Thread 0x0000017808c72180 Uncommon trap: trap_request=0xffffffc6 fr.pc=0x00000178738ac6d4 relative=0x0000000000000114
Event: 3.988 Thread 0x0000017808c72180 Uncommon trap: reason=bimorphic_or_optimized_type_check action=maybe_recompile pc=0x00000178738ac6d4 method=java.util.regex.Pattern$Node.study(Ljava/util/regex/Pattern$TreeInfo;)Z @ 12 c2
Event: 3.988 Thread 0x0000017808c72180 DEOPT PACKING pc=0x00000178738ac6d4 sp=0x00000077859fa2a0
Event: 3.988 Thread 0x0000017808c72180 DEOPT UNPACKING pc=0x000001786bc123a3 sp=0x00000077859fa238 mode 2
Event: 3.988 Thread 0x0000017808c72180 Uncommon trap: trap_request=0xffffffde fr.pc=0x00000178738b274c relative=0x000000000000294c
Event: 3.988 Thread 0x0000017808c72180 Uncommon trap: reason=class_check action=maybe_recompile pc=0x00000178738b274c method=java.util.regex.Pattern$CharProperty.study(Ljava/util/regex/Pattern$TreeInfo;)Z @ 25 c2
Event: 3.988 Thread 0x0000017808c72180 DEOPT PACKING pc=0x00000178738b274c sp=0x00000077859fa4b0
Event: 3.988 Thread 0x0000017808c72180 DEOPT UNPACKING pc=0x000001786bc123a3 sp=0x00000077859fa3a8 mode 2

Classes loaded (20 events):
Event: 3.879 Loading class java/util/AbstractCollectionBeanInfo
Event: 3.879 Loading class java/util/AbstractCollectionBeanInfo done
Event: 3.879 Loading class java/util/AbstractCollectionCustomizer
Event: 3.879 Loading class java/util/AbstractCollectionCustomizer done
Event: 3.880 Loading class java/util/AbstractCollectionCustomizer
Event: 3.880 Loading class java/util/AbstractCollectionCustomizer done
Event: 3.939 Loading class java/lang/EnumBeanInfo
Event: 3.939 Loading class java/lang/EnumBeanInfo done
Event: 3.939 Loading class java/lang/EnumBeanInfo
Event: 3.939 Loading class java/lang/EnumBeanInfo done
Event: 3.939 Loading class java/lang/EnumCustomizer
Event: 3.939 Loading class java/lang/EnumCustomizer done
Event: 3.939 Loading class java/lang/EnumCustomizer
Event: 3.939 Loading class java/lang/EnumCustomizer done
Event: 3.951 Loading class jdk/internal/math/FDBigInteger
Event: 3.952 Loading class jdk/internal/math/FDBigInteger done
Event: 4.010 Loading class java/nio/file/AtomicMoveNotSupportedException
Event: 4.010 Loading class java/nio/file/AtomicMoveNotSupportedException done
Event: 4.016 Loading class java/io/FileWriter
Event: 4.016 Loading class java/io/FileWriter done

Classes unloaded (0 events):
No events

Classes redefined (0 events):
No events

Internal exceptions (20 events):
Event: 3.933 Thread 0x0000017808c72180 Exception <a 'java/lang/ClassNotFoundException'{0x0000000087dd8c30}: org/gradle/internal/management/DefaultDependencyResolutionManagementBeanInfo> (0x0000000087dd8c30) 
thrown [s\open\src\hotspot\share\classfile\systemDictionary.cpp, line 255]
Event: 3.934 Thread 0x0000017808c72180 Exception <a 'java/lang/ClassNotFoundException'{0x0000000087deae28}: org/gradle/internal/management/DefaultDependencyResolutionManagementCustomizer> (0x0000000087deae28) 
thrown [s\open\src\hotspot\share\classfile\systemDictionary.cpp, line 255]
Event: 3.935 Thread 0x0000017808c72180 Exception <a 'java/lang/ClassNotFoundException'{0x00000000875108d0}: org/gradle/internal/management/DefaultDependencyResolutionManagement_DecoratedCustomizer> (0x00000000875108d0) 
thrown [s\open\src\hotspot\share\classfile\systemDictionary.cpp, line 255]
Event: 3.939 Thread 0x0000017808c72180 Exception <a 'java/lang/ClassNotFoundException'{0x0000000087567928}: org/gradle/api/initialization/resolve/RepositoriesModeBeanInfo> (0x0000000087567928) 
thrown [s\open\src\hotspot\share\classfile\systemDictionary.cpp, line 255]
Event: 3.939 Thread 0x0000017808c72180 Exception <a 'java/lang/ClassNotFoundException'{0x000000008756d420}: java/lang/EnumBeanInfo> (0x000000008756d420) 
thrown [s\open\src\hotspot\share\classfile\systemDictionary.cpp, line 255]
Event: 3.939 Thread 0x0000017808c72180 Exception <a 'java/lang/ClassNotFoundException'{0x0000000087572ce8}: java/lang/EnumCustomizer> (0x0000000087572ce8) 
thrown [s\open\src\hotspot\share\classfile\systemDictionary.cpp, line 255]
Event: 3.940 Thread 0x0000017808c72180 Exception <a 'java/lang/ClassNotFoundException'{0x000000008758b170}: org/gradle/api/initialization/resolve/RepositoriesModeCustomizer> (0x000000008758b170) 
thrown [s\open\src\hotspot\share\classfile\systemDictionary.cpp, line 255]
Event: 3.943 Thread 0x0000017808c72180 Exception <a 'java/lang/ClassNotFoundException'{0x00000000875ed0d8}: org/gradle/api/internal/provider/DefaultPropertyBeanInfo> (0x00000000875ed0d8) 
thrown [s\open\src\hotspot\share\classfile\systemDictionary.cpp, line 255]
Event: 3.943 Thread 0x0000017808c72180 Exception <a 'java/lang/ClassNotFoundException'{0x00000000875fd2a8}: org/gradle/api/internal/provider/AbstractPropertyBeanInfo> (0x00000000875fd2a8) 
thrown [s\open\src\hotspot\share\classfile\systemDictionary.cpp, line 255]
Event: 3.944 Thread 0x0000017808c72180 Exception <a 'java/lang/ClassNotFoundException'{0x000000008740d840}: org/gradle/api/internal/provider/AbstractMinimalProviderBeanInfo> (0x000000008740d840) 
thrown [s\open\src\hotspot\share\classfile\systemDictionary.cpp, line 255]
Event: 3.944 Thread 0x0000017808c72180 Exception <a 'java/lang/ClassNotFoundException'{0x000000008741dae8}: org/gradle/api/internal/provider/AbstractMinimalProviderCustomizer> (0x000000008741dae8) 
thrown [s\open\src\hotspot\share\classfile\systemDictionary.cpp, line 255]
Event: 3.945 Thread 0x0000017808c72180 Exception <a 'java/lang/ClassNotFoundException'{0x0000000087447010}: org/gradle/api/internal/provider/AbstractPropertyCustomizer> (0x0000000087447010) 
thrown [s\open\src\hotspot\share\classfile\systemDictionary.cpp, line 255]
Event: 3.946 Thread 0x0000017808c72180 Exception <a 'java/lang/ClassNotFoundException'{0x0000000087463090}: org/gradle/api/internal/provider/DefaultPropertyCustomizer> (0x0000000087463090) 
thrown [s\open\src\hotspot\share\classfile\systemDictionary.cpp, line 255]
Event: 3.949 Thread 0x0000017808c72180 Exception <a 'java/lang/ClassNotFoundException'{0x00000000874acca8}: org/gradle/initialization/DefaultProjectDescriptorBeanInfo> (0x00000000874acca8) 
thrown [s\open\src\hotspot\share\classfile\systemDictionary.cpp, line 255]
Event: 3.950 Thread 0x0000017808c72180 Exception <a 'java/lang/ClassNotFoundException'{0x00000000874bb118}: org/gradle/initialization/DefaultProjectDescriptorCustomizer> (0x00000000874bb118) 
thrown [s\open\src\hotspot\share\classfile\systemDictionary.cpp, line 255]
Event: 3.951 Thread 0x0000017808c72180 Implicit null exception at 0x000001787386816c to 0x0000017873868220
Event: 3.979 Thread 0x0000017808c72180 Exception <a 'java/lang/ClassNotFoundException'{0x0000000087175828}: org/jetbrains/plugins/gradle/model/web/WebConfigurationBeanInfo> (0x0000000087175828) 
thrown [s\open\src\hotspot\share\classfile\systemDictionary.cpp, line 255]
Event: 3.979 Thread 0x0000017808c72180 Exception <a 'java/lang/ClassNotFoundException'{0x000000008717c700}: org/jetbrains/plugins/gradle/model/web/WebConfigurationCustomizer> (0x000000008717c700) 
thrown [s\open\src\hotspot\share\classfile\systemDictionary.cpp, line 255]
Event: 3.981 Thread 0x0000017808c72180 Exception <a 'java/lang/ClassNotFoundException'{0x00000000871a23c0}: org/jetbrains/plugins/gradle/model/scala/ScalaModelBeanInfo> (0x00000000871a23c0) 
thrown [s\open\src\hotspot\share\classfile\systemDictionary.cpp, line 255]
Event: 3.981 Thread 0x0000017808c72180 Exception <a 'java/lang/ClassNotFoundException'{0x00000000871a9220}: org/jetbrains/plugins/gradle/model/scala/ScalaModelCustomizer> (0x00000000871a9220) 
thrown [s\open\src\hotspot\share\classfile\systemDictionary.cpp, line 255]

VM Operations (20 events):
Event: 3.440 Executing VM operation: HandshakeAllThreads done
Event: 3.463 Executing VM operation: CollectForMetadataAllocation
Event: 3.466 Executing VM operation: CollectForMetadataAllocation done
Event: 3.482 Executing VM operation: G1Concurrent
Event: 3.483 Executing VM operation: G1Concurrent done
Event: 3.491 Executing VM operation: G1Concurrent
Event: 3.491 Executing VM operation: G1Concurrent done
Event: 3.644 Executing VM operation: HandshakeAllThreads
Event: 3.644 Executing VM operation: HandshakeAllThreads done
Event: 3.703 Executing VM operation: HandshakeAllThreads
Event: 3.703 Executing VM operation: HandshakeAllThreads done
Event: 3.836 Executing VM operation: ICBufferFull
Event: 3.836 Executing VM operation: ICBufferFull done
Event: 3.906 Executing VM operation: G1CollectForAllocation
Event: 3.911 Executing VM operation: G1CollectForAllocation done
Event: 3.920 Executing VM operation: G1CollectForAllocation
Event: 3.924 Executing VM operation: G1CollectForAllocation done
Event: 4.016 Executing VM operation: HandshakeAllThreads
Event: 4.017 Executing VM operation: HandshakeAllThreads done
Event: 4.041 Executing VM operation: G1TryInitiateConcMark

Events (20 events):
Event: 1.614 Thread 0x0000017808f7ee10 Thread added: 0x0000017808f7ee10
Event: 1.617 Thread 0x0000017808902090 Thread added: 0x0000017808902090
Event: 1.898 Thread 0x00000178089016f0 Thread added: 0x00000178089016f0
Event: 1.971 Thread 0x0000017809341460 Thread added: 0x0000017809341460
Event: 2.093 Thread 0x0000017808902a30 Thread added: 0x0000017808902a30
Event: 2.098 Thread 0x0000017808902560 Thread added: 0x0000017808902560
Event: 2.186 Thread 0x0000017808901220 Thread added: 0x0000017808901220
Event: 2.186 Thread 0x000001780b4ed730 Thread added: 0x000001780b4ed730
Event: 2.186 Thread 0x000001780b4ed260 Thread added: 0x000001780b4ed260
Event: 2.186 Thread 0x000001780b4ec8c0 Thread added: 0x000001780b4ec8c0
Event: 2.186 Thread 0x000001780b4e93d0 Thread added: 0x000001780b4e93d0
Event: 2.186 Thread 0x000001780b4ebf20 Thread added: 0x000001780b4ebf20
Event: 2.186 Thread 0x000001780b4ef8e0 Thread added: 0x000001780b4ef8e0
Event: 2.187 Thread 0x000001780b4ecd90 Thread added: 0x000001780b4ecd90
Event: 2.432 Thread 0x000001780b4f0750 Thread added: 0x000001780b4f0750
Event: 2.486 Thread 0x000001780b4edc00 Thread added: 0x000001780b4edc00
Event: 2.587 Thread 0x000001780b4ef410 Thread added: 0x000001780b4ef410
Event: 2.662 Thread 0x000001780b4efdb0 Thread added: 0x000001780b4efdb0
Event: 3.195 Thread 0x000001780b4f0280 Thread added: 0x000001780b4f0280
Event: 3.985 Thread 0x000001780b4e9d70 Thread added: 0x000001780b4e9d70


Dynamic libraries:
0x00007ff6de1f0000 - 0x00007ff6de200000 	C:\Program Files\Java\jdk-18.0.1.1\bin\java.exe
0x00007ff9074c0000 - 0x00007ff9076c9000 	C:\WINDOWS\SYSTEM32\ntdll.dll
0x00007ff9058e0000 - 0x00007ff90599d000 	C:\WINDOWS\System32\KERNEL32.DLL
0x00007ff904c60000 - 0x00007ff904fd9000 	C:\WINDOWS\System32\KERNELBASE.dll
0x00007ff904b40000 - 0x00007ff904c51000 	C:\WINDOWS\System32\ucrtbase.dll
0x00007ff8e0110000 - 0x00007ff8e012a000 	C:\Program Files\Java\jdk-18.0.1.1\bin\VCRUNTIME140.dll
0x00007ff8e00f0000 - 0x00007ff8e0108000 	C:\Program Files\Java\jdk-18.0.1.1\bin\jli.dll
0x00007ff9059a0000 - 0x00007ff905a4e000 	C:\WINDOWS\System32\ADVAPI32.dll
0x00007ff905a50000 - 0x00007ff905af3000 	C:\WINDOWS\System32\msvcrt.dll
0x00007ff9069b0000 - 0x00007ff906a4e000 	C:\WINDOWS\System32\sechost.dll
0x00007ff905bf0000 - 0x00007ff905d10000 	C:\WINDOWS\System32\RPCRT4.dll
0x00007ff9070a0000 - 0x00007ff90724c000 	C:\WINDOWS\System32\USER32.dll
0x00007ff9049a0000 - 0x00007ff9049c6000 	C:\WINDOWS\System32\win32u.dll
0x00007ff8dc600000 - 0x00007ff8dc8a5000 	C:\WINDOWS\WinSxS\amd64_microsoft.windows.common-controls_6595b64144ccf1df_6.0.22000.120_none_9d947278b86cc467\COMCTL32.dll
0x00007ff907340000 - 0x00007ff907369000 	C:\WINDOWS\System32\GDI32.dll
0x00007ff9051b0000 - 0x00007ff9052c2000 	C:\WINDOWS\System32\gdi32full.dll
0x00007ff905050000 - 0x00007ff9050ed000 	C:\WINDOWS\System32\msvcp_win.dll
0x00007ff8ff2c0000 - 0x00007ff8ff2ca000 	C:\WINDOWS\SYSTEM32\VERSION.dll
0x00007ff907370000 - 0x00007ff9073a1000 	C:\WINDOWS\System32\IMM32.DLL
0x00007ff900ea0000 - 0x00007ff900eac000 	C:\Program Files\Java\jdk-18.0.1.1\bin\vcruntime140_1.dll
0x00007ff8ce880000 - 0x00007ff8ce90d000 	C:\Program Files\Java\jdk-18.0.1.1\bin\msvcp140.dll
0x00007ff887c10000 - 0x00007ff888820000 	C:\Program Files\Java\jdk-18.0.1.1\bin\server\jvm.dll
0x00007ff907330000 - 0x00007ff907338000 	C:\WINDOWS\System32\PSAPI.DLL
0x00007ff8bec00000 - 0x00007ff8bec09000 	C:\WINDOWS\SYSTEM32\WSOCK32.dll
0x00007ff906a50000 - 0x00007ff906abf000 	C:\WINDOWS\System32\WS2_32.dll
0x00007ff8ff360000 - 0x00007ff8ff393000 	C:\WINDOWS\SYSTEM32\WINMM.dll
0x00007ff903b90000 - 0x00007ff903ba8000 	C:\WINDOWS\SYSTEM32\kernel.appcore.dll
0x00007ff900e10000 - 0x00007ff900e1a000 	C:\Program Files\Java\jdk-18.0.1.1\bin\jimage.dll
0x00007ff9024f0000 - 0x00007ff902711000 	C:\WINDOWS\SYSTEM32\DBGHELP.DLL
0x00007ff8fa780000 - 0x00007ff8fa7b1000 	C:\WINDOWS\SYSTEM32\dbgcore.DLL
0x00007ff9052d0000 - 0x00007ff90534f000 	C:\WINDOWS\System32\bcryptPrimitives.dll
0x00007ff8e0050000 - 0x00007ff8e0075000 	C:\Program Files\Java\jdk-18.0.1.1\bin\java.dll
0x00007ff8b8bb0000 - 0x00007ff8b8c86000 	C:\Program Files\Java\jdk-18.0.1.1\bin\jsvml.dll
0x00007ff905ed0000 - 0x00007ff906688000 	C:\WINDOWS\System32\SHELL32.dll
0x00007ff902b20000 - 0x00007ff903388000 	C:\WINDOWS\SYSTEM32\windows.storage.dll
0x00007ff905560000 - 0x00007ff9058d9000 	C:\WINDOWS\System32\combase.dll
0x00007ff9029b0000 - 0x00007ff902b16000 	C:\WINDOWS\SYSTEM32\wintypes.dll
0x00007ff9068c0000 - 0x00007ff9069aa000 	C:\WINDOWS\System32\SHCORE.dll
0x00007ff905490000 - 0x00007ff9054ed000 	C:\WINDOWS\System32\shlwapi.dll
0x00007ff9048d0000 - 0x00007ff9048f1000 	C:\WINDOWS\SYSTEM32\profapi.dll
0x00007ff8e0090000 - 0x00007ff8e00a3000 	C:\Program Files\Java\jdk-18.0.1.1\bin\net.dll
0x00007ff8ff160000 - 0x00007ff8ff26c000 	C:\WINDOWS\SYSTEM32\WINHTTP.dll
0x00007ff903fc0000 - 0x00007ff904027000 	C:\WINDOWS\system32\mswsock.dll
0x00007ff8e0030000 - 0x00007ff8e0046000 	C:\Program Files\Java\jdk-18.0.1.1\bin\nio.dll
0x00007ff8dc030000 - 0x00007ff8dc048000 	C:\Program Files\Java\jdk-18.0.1.1\bin\zip.dll
0x00007ff900e20000 - 0x00007ff900e30000 	C:\Program Files\Java\jdk-18.0.1.1\bin\verify.dll
0x00007ff8ce790000 - 0x00007ff8ce7b7000 	C:\Program Files\Java\jre1.8.0_333\native\e1d6ef7f7dcc3fd88c89a11ec53ec762bb8ba0a96d01ffa2cd45eb1d1d8dd5c5\windows-amd64\native-platform.dll
0x00007ff8b8d20000 - 0x00007ff8b8e64000 	C:\Program Files\Java\jre1.8.0_333\native\5664cfc778a61ccfe75a443a1ab52a65af34e5dc3c78e0209fed803814484fcb\windows-amd64\native-platform-file-events.dll
0x00007ff900e40000 - 0x00007ff900e49000 	C:\Program Files\Java\jdk-18.0.1.1\bin\management.dll
0x00007ff900e30000 - 0x00007ff900e3b000 	C:\Program Files\Java\jdk-18.0.1.1\bin\management_ext.dll
0x00007ff904200000 - 0x00007ff904218000 	C:\WINDOWS\SYSTEM32\CRYPTSP.dll
0x00007ff903af0000 - 0x00007ff903b25000 	C:\WINDOWS\system32\rsaenh.dll
0x00007ff9040b0000 - 0x00007ff9040d9000 	C:\WINDOWS\SYSTEM32\USERENV.dll
0x00007ff904380000 - 0x00007ff9043a7000 	C:\WINDOWS\SYSTEM32\bcrypt.dll
0x00007ff904220000 - 0x00007ff90422c000 	C:\WINDOWS\SYSTEM32\CRYPTBASE.dll
0x00007ff9036c0000 - 0x00007ff9036ed000 	C:\WINDOWS\SYSTEM32\IPHLPAPI.DLL
0x00007ff906710000 - 0x00007ff906719000 	C:\WINDOWS\System32\NSI.dll
0x00007ff8ff2e0000 - 0x00007ff8ff2f9000 	C:\WINDOWS\SYSTEM32\dhcpcsvc6.DLL
0x00007ff8ff4a0000 - 0x00007ff8ff4be000 	C:\WINDOWS\SYSTEM32\dhcpcsvc.DLL
0x00007ff9036f0000 - 0x00007ff9037d8000 	C:\WINDOWS\SYSTEM32\DNSAPI.dll

dbghelp: loaded successfully - version: 4.0.5 - missing functions: none
symbol engine: initialized successfully - sym options: 0x614 - pdb path: .;C:\Program Files\Java\jdk-18.0.1.1\bin;C:\WINDOWS\SYSTEM32;C:\WINDOWS\WinSxS\amd64_microsoft.windows.common-controls_6595b64144ccf1df_6.0.22000.120_none_9d947278b86cc467;C:\Program Files\Java\jdk-18.0.1.1\bin\server;C:\Program Files\Java\jre1.8.0_333\native\e1d6ef7f7dcc3fd88c89a11ec53ec762bb8ba0a96d01ffa2cd45eb1d1d8dd5c5\windows-amd64;C:\Program Files\Java\jre1.8.0_333\native\5664cfc778a61ccfe75a443a1ab52a65af34e5dc3c78e0209fed803814484fcb\windows-amd64

VM Arguments:
jvm_args: --add-opens=java.base/java.util=ALL-UNNAMED --add-opens=java.base/java.lang=ALL-UNNAMED --add-opens=java.base/java.lang.invoke=ALL-UNNAMED --add-opens=java.base/java.util=ALL-UNNAMED --add-opens=java.prefs/java.util.prefs=ALL-UNNAMED --add-opens=java.prefs/java.util.prefs=ALL-UNNAMED --add-opens=java.base/java.nio.charset=ALL-UNNAMED --add-opens=java.base/java.net=ALL-UNNAMED --add-opens=java.base/java.util.concurrent.atomic=ALL-UNNAMED -Xmx2048m -Dfile.encoding=UTF-8 -Duser.country=US -Duser.language=en -Duser.variant 
java_command: org.gradle.launcher.daemon.bootstrap.GradleDaemon 7.3.3
java_class_path (initial): C:\Program Files\Java\jre1.8.0_333\wrapper\dists\gradle-7.3.3-bin\6a41zxkdtcxs8rphpq6y0069z\gradle-7.3.3\lib\gradle-launcher-7.3.3.jar
Launcher Type: SUN_STANDARD

[Global flags]
     intx CICompilerCount                          = 4                                         {product} {ergonomic}
     uint ConcGCThreads                            = 2                                         {product} {ergonomic}
     uint G1ConcRefinementThreads                  = 8                                         {product} {ergonomic}
   size_t G1HeapRegionSize                         = 1048576                                   {product} {ergonomic}
    uintx GCDrainStackTargetSize                   = 64                                        {product} {ergonomic}
   size_t InitialHeapSize                          = 132120576                                 {product} {ergonomic}
   size_t MarkStackSize                            = 4194304                                   {product} {ergonomic}
   size_t MaxHeapSize                              = 2147483648                                {product} {command line}
   size_t MaxNewSize                               = 1287651328                                {product} {ergonomic}
   size_t MinHeapDeltaBytes                        = 1048576                                   {product} {ergonomic}
   size_t MinHeapSize                              = 8388608                                   {product} {ergonomic}
    uintx NonNMethodCodeHeapSize                   = 5839372                                {pd product} {ergonomic}
    uintx NonProfiledCodeHeapSize                  = 122909434                              {pd product} {ergonomic}
    uintx ProfiledCodeHeapSize                     = 122909434                              {pd product} {ergonomic}
    uintx ReservedCodeCacheSize                    = 251658240                              {pd product} {ergonomic}
     bool SegmentedCodeCache                       = true                                      {product} {ergonomic}
   size_t SoftMaxHeapSize                          = 2147483648                             {manageable} {ergonomic}
     bool UseCompressedClassPointers               = true                           {product lp64_product} {ergonomic}
     bool UseCompressedOops                        = true                           {product lp64_product} {ergonomic}
     bool UseG1GC                                  = true                                      {product} {ergonomic}
     bool UseLargePagesIndividualAllocation        = false                                  {pd product} {ergonomic}

Logging:
Log output configuration:
 #0: stdout all=warning uptime,level,tags foldmultilines=false
 #1: stderr all=off uptime,level,tags foldmultilines=false

Environment Variables:
JAVA_HOME=C:\Program Files\Java\jdk-18.0.1.1
PATH=C:\Program Files\Common Files\Oracle\Java\javapath;C:\Windows\system32;C:\Windows;C:\Windows\System32\Wbem;C:\Windows\System32\WindowsPowerShell\v1.0\;C:\Windows\System32\OpenSSH\;C:\Program Files (x86)\NVIDIA Corporation\PhysX\Common;C:\Program Files\NVIDIA Corporation\NVIDIA NvDLISR;F:\Git\cmd;C:\WINDOWS\system32;C:\WINDOWS;C:\WINDOWS\System32\Wbem;C:\WINDOWS\System32\WindowsPowerShell\v1.0\;C:\WINDOWS\System32\OpenSSH\;C:\Program Files\Java\jdk-18.0.1.1\bin;C:\Program Files\Java\jdk-18.0.1.1\bin;D:\flutter\bin;C:\Program Files\JetBrains\IntelliJ IDEA Community Edition 2021.3.2\bin;;C:\Users\NoteBook TANDIS\AppData\Local\Microsoft\WindowsApps;dart-sdk;;C:\Users\NoteBook TANDIS\AppData\Local\Programs\Microsoft VS Code\bin
USERNAME=NoteBook TANDIS
OS=Windows_NT
PROCESSOR_IDENTIFIER=Intel64 Family 6 Model 165 Stepping 2, GenuineIntel



---------------  S Y S T E M  ---------------

OS:
 Windows 11 , 64 bit Build 22000 (10.0.22000.708)
OS uptime: 0 days 1:57 hours

CPU: total 8 (initial active 8) (4 cores per cpu, 2 threads per core) family 6 model 165 stepping 2 microcode 0xea, cx8, cmov, fxsr, ht, mmx, 3dnowpref, sse, sse2, sse3, ssse3, sse4.1, sse4.2, popcnt, lzcnt, tsc, tscinvbit, avx, avx2, aes, erms, clmul, bmi1, bmi2, adx, fma, vzeroupper, clflush, clflushopt

Memory: 4k page, system-wide physical 8023M (531M free)
TotalPageFile size 11023M (AvailPageFile size 83M)
current process WorkingSet (physical memory assigned to process): 290M, peak: 290M
current process commit charge ("private bytes"): 336M, peak: 450M

vm_info: Java HotSpot(TM) 64-Bit Server VM (18.0.1.1+2-6) for windows-amd64 JRE (18.0.1.1+2-6), built on Apr 25 2022 21:53:15 by "mach5one" with MS VC++ 16.8 / 16.9 (VS2019)

END.
