#
# There is insufficient memory for the Java Runtime Environment to continue.
# Native memory allocation (mmap) failed to map 362807296 bytes for G1 virtual space
# Possible reasons:
#   The system is out of physical RAM or swap space
#   The process is running with CompressedOops enabled, and the Java Heap may be blocking the growth of the native heap
# Possible solutions:
#   Reduce memory load on the system
#   Increase physical memory or swap space
#   Check if swap backing store is full
#   Decrease Java heap size (-Xmx/-Xms)
#   Decrease number of Java threads
#   Decrease Java thread stack sizes (-Xss)
#   Set larger code cache with -XX:ReservedCodeCacheSize=
#   JVM is running with Unscaled Compressed Oops mode in which the Java heap is
#     placed in the first 4GB address space. The Java Heap base address is the
#     maximum limit for the native heap growth. Please use -XX:HeapBaseMinAddress
#     to set the Java Heap base and to place the Java Heap above 4GB virtual address.
# This output file may be truncated or incomplete.
#
#  Out of Memory Error (os_windows.cpp:3530), pid=12036, tid=15204
#
# JRE version: Java(TM) SE Runtime Environment (18.0.1.1+2) (build 18.0.1.1+2-6)
# Java VM: Java HotSpot(TM) 64-Bit Server VM (18.0.1.1+2-6, mixed mode, sharing, tiered, compressed oops, compressed class ptrs, g1 gc, windows-amd64)
# No core dump will be written. Minidumps are not enabled by default on client versions of Windows
#

---------------  S U M M A R Y ------------

Command Line: --add-opens=java.base/java.util=ALL-UNNAMED --add-opens=java.base/java.lang=ALL-UNNAMED --add-opens=java.base/java.lang.invoke=ALL-UNNAMED --add-opens=java.base/java.util=ALL-UNNAMED --add-opens=java.prefs/java.util.prefs=ALL-UNNAMED --add-opens=java.prefs/java.util.prefs=ALL-UNNAMED --add-opens=java.base/java.nio.charset=ALL-UNNAMED --add-opens=java.base/java.net=ALL-UNNAMED --add-opens=java.base/java.util.concurrent.atomic=ALL-UNNAMED -Xmx2048m -Dfile.encoding=UTF-8 -Duser.country=US -Duser.language=en -Duser.variant org.gradle.launcher.daemon.bootstrap.GradleDaemon 7.3.3

Host: Intel(R) Core(TM) i5-10300H CPU @ 2.50GHz, 8 cores, 7G,  Windows 11 , 64 bit Build 22000 (10.0.22000.708)
Time: Sun Jul 24 10:33:17 2022 Iran Daylight Time elapsed time: 11.533295 seconds (0d 0h 0m 11s)

---------------  T H R E A D  ---------------

Current thread (0x000001f5c93d6c80):  VMThread "VM Thread" [stack: 0x000000832ff00000,0x0000008330000000] [id=15204]

Stack: [0x000000832ff00000,0x0000008330000000]
Native frames: (J=compiled Java code, j=interpreted, Vv=VM code, C=native code)
V  [jvm.dll+0x69887a]
V  [jvm.dll+0x7f38bd]
V  [jvm.dll+0x7f51ce]
V  [jvm.dll+0x7f5883]
V  [jvm.dll+0x25ca3f]
V  [jvm.dll+0x6957c9]
V  [jvm.dll+0x68a2fa]
V  [jvm.dll+0x321efb]
V  [jvm.dll+0x3298d6]
V  [jvm.dll+0x37e47e]
V  [jvm.dll+0x37e6af]
V  [jvm.dll+0x2f9c7a]
V  [jvm.dll+0x2f9d27]
V  [jvm.dll+0x33e262]
V  [jvm.dll+0x33c804]
V  [jvm.dll+0x2f9450]
V  [jvm.dll+0x33bddb]
V  [jvm.dll+0x7fa66b]
V  [jvm.dll+0x7fb404]
V  [jvm.dll+0x7fb93c]
V  [jvm.dll+0x7fbd94]
V  [jvm.dll+0x7fbe57]
V  [jvm.dll+0x7a03ea]
V  [jvm.dll+0x697725]
C  [ucrtbase.dll+0x26c0c]
C  [KERNEL32.DLL+0x154e0]
C  [ntdll.dll+0x485b]

VM_Operation (0x00000083395fbfe0): G1CollectForAllocation, mode: safepoint, requested by thread 0x000001f5d1071460


---------------  P R O C E S S  ---------------

Threads class SMR info:
_java_thread_list=0x000001f5d3919730, length=145, elements={
0x000001f5ab170dd0, 0x000001f5c93db670, 0x000001f5c93de2e0, 0x000001f5c93f9da0,
0x000001f5c93fa740, 0x000001f5c93fb0e0, 0x000001f5c93fba80, 0x000001f5c9406f20,
0x000001f5c9407f10, 0x000001f5c9413c40, 0x000001f5cd8db9f0, 0x000001f5cd8de0e0,
0x000001f5cef1d0b0, 0x000001f5cd957b30, 0x000001f5cecb0420, 0x000001f5ceff7760,
0x000001f5cf3569c0, 0x000001f5cf238e60, 0x000001f5cf2396f0, 0x000001f5cf24daa0,
0x000001f5cee0eb60, 0x000001f5cee0ce80, 0x000001f5cf2c6480, 0x000001f5cee0e1c0,
0x000001f5cee0d350, 0x000001f5cee0f9d0, 0x000001f5cee0f030, 0x000001f5cee0d820,
0x000001f5cee0fea0, 0x000001f5cee0c9b0, 0x000001f5cee0dcf0, 0x000001f5d12ee5d0,
0x000001f5d12ec8f0, 0x000001f5d12ed290, 0x000001f5d12f0c50, 0x000001f5d12ebf50,
0x000001f5d12ef440, 0x000001f5d12ed760, 0x000001f5d12f1f90, 0x000001f5d12f2460,
0x000001f5d12ee100, 0x000001f5d12eeaa0, 0x000001f5d12eef70, 0x000001f5d12f2930,
0x000001f5d12f1ac0, 0x000001f5d12ecdc0, 0x000001f5d12efde0, 0x000001f5d12f02b0,
0x000001f5d12f2e00, 0x000001f5d12f1120, 0x000001f5d12eba80, 0x000001f5d25043a0,
0x000001f5d2507d60, 0x000001f5d25073c0, 0x000001f5d25090a0, 0x000001f5d2509a40,
0x000001f5d2503530, 0x000001f5d2504d40, 0x000001f5d2508230, 0x000001f5d2508700,
0x000001f5d250a3e0, 0x000001f5d2506a20, 0x000001f5d2504870, 0x000001f5d250a8b0,
0x000001f5d2509570, 0x000001f5d2506550, 0x000001f5d2505210, 0x000001f5d25056e0,
0x000001f5d2509f10, 0x000001f5d2503a00, 0x000001f5d2503060, 0x000001f5d2503ed0,
0x000001f5d2505bb0, 0x000001f5d2506080, 0x000001f5d2507890, 0x000001f5d2506ef0,
0x000001f5d2508bd0, 0x000001f5d0079410, 0x000001f5d0077260, 0x000001f5d00798e0,
0x000001f5d0078f40, 0x000001f5d007ba90, 0x000001f5d0079db0, 0x000001f5d007a280,
0x000001f5d007bf60, 0x000001f5d0077730, 0x000001f5d00763f0, 0x000001f5d007c430,
0x000001f5d00768c0, 0x000001f5d0075580, 0x000001f5d007ac20, 0x000001f5d007a750,
0x000001f5d0075f20, 0x000001f5d0077c00, 0x000001f5d007b5c0, 0x000001f5d007b0f0,
0x000001f5d0074be0, 0x000001f5d0076d90, 0x000001f5d00780d0, 0x000001f5d00785a0,
0x000001f5d00750b0, 0x000001f5d0075a50, 0x000001f5d0078a70, 0x000001f5d25a24c0,
0x000001f5d25a1650, 0x000001f5d25a07e0, 0x000001f5d25a4670, 0x000001f5d259fe40,
0x000001f5d25a3800, 0x000001f5d25a41a0, 0x000001f5d25a59b0, 0x000001f5d259f970,
0x000001f5d25a3330, 0x000001f5d25a0cb0, 0x000001f5d25a3cd0, 0x000001f5d25a0310,
0x000001f5d25a1180, 0x000001f5d25a5010, 0x000001f5d25a1b20, 0x000001f5d25a5e80,
0x000001f5d259f4a0, 0x000001f5d25a1ff0, 0x000001f5d25a6350, 0x000001f5d25a2990,
0x000001f5d25a54e0, 0x000001f5cdcf36f0, 0x000001f5cdcf6710, 0x000001f5cdcf3bc0,
0x000001f5cdcf5d70, 0x000001f5cdcf7f20, 0x000001f5cdcf7580, 0x000001f5cdcf58a0,
0x000001f5cdcf7a50, 0x000001f5cdcf4090, 0x000001f5cdcf6240, 0x000001f5cdcf88c0,
0x000001f5d1070ac0, 0x000001f5d1071930, 0x000001f5d106e910, 0x000001f5d1071460,
0x000001f5d106d5d0, 0x000001f5d10727a0, 0x000001f5d106ede0, 0x000001f5d1071e00,
0x000001f5d106bdc0
}

Java Threads: ( => current thread )
  0x000001f5ab170dd0 JavaThread "main" [_thread_blocked, id=17196, stack(0x000000832f900000,0x000000832fa00000)]
  0x000001f5c93db670 JavaThread "Reference Handler" daemon [_thread_blocked, id=10456, stack(0x0000008330000000,0x0000008330100000)]
  0x000001f5c93de2e0 JavaThread "Finalizer" daemon [_thread_blocked, id=10904, stack(0x0000008330100000,0x0000008330200000)]
  0x000001f5c93f9da0 JavaThread "Signal Dispatcher" daemon [_thread_blocked, id=8304, stack(0x0000008330200000,0x0000008330300000)]
  0x000001f5c93fa740 JavaThread "Attach Listener" daemon [_thread_blocked, id=9712, stack(0x0000008330300000,0x0000008330400000)]
  0x000001f5c93fb0e0 JavaThread "Service Thread" daemon [_thread_blocked, id=3328, stack(0x0000008330400000,0x0000008330500000)]
  0x000001f5c93fba80 JavaThread "Monitor Deflation Thread" daemon [_thread_blocked, id=6920, stack(0x0000008330500000,0x0000008330600000)]
  0x000001f5c9406f20 JavaThread "C2 CompilerThread0" daemon [_thread_blocked, id=3668, stack(0x0000008330600000,0x0000008330700000)]
  0x000001f5c9407f10 JavaThread "C1 CompilerThread0" daemon [_thread_blocked, id=14712, stack(0x0000008330700000,0x0000008330800000)]
  0x000001f5c9413c40 JavaThread "Sweeper thread" daemon [_thread_blocked, id=2184, stack(0x0000008330800000,0x0000008330900000)]
  0x000001f5cd8db9f0 JavaThread "Common-Cleaner" daemon [_thread_blocked, id=12548, stack(0x0000008330900000,0x0000008330a00000)]
  0x000001f5cd8de0e0 JavaThread "Notification Thread" daemon [_thread_blocked, id=17400, stack(0x0000008330a00000,0x0000008330b00000)]
  0x000001f5cef1d0b0 JavaThread "Daemon health stats" [_thread_blocked, id=8516, stack(0x0000008331100000,0x0000008331200000)]
  0x000001f5cd957b30 JavaThread "Incoming local TCP Connector on port 51687" [_thread_in_native, id=7780, stack(0x0000008330c00000,0x0000008330d00000)]
  0x000001f5cecb0420 JavaThread "Daemon periodic checks" [_thread_blocked, id=15264, stack(0x0000008331200000,0x0000008331300000)]
  0x000001f5ceff7760 JavaThread "Daemon" [_thread_blocked, id=9244, stack(0x0000008331300000,0x0000008331400000)]
  0x000001f5cf3569c0 JavaThread "Handler for socket connection from /127.0.0.1:51687 to /127.0.0.1:51689" [_thread_in_native, id=8804, stack(0x0000008331400000,0x0000008331500000)]
  0x000001f5cf238e60 JavaThread "Cancel handler" [_thread_blocked, id=10040, stack(0x0000008331500000,0x0000008331600000)]
  0x000001f5cf2396f0 JavaThread "Daemon worker" [_thread_blocked, id=8552, stack(0x0000008331600000,0x0000008331700000)]
  0x000001f5cf24daa0 JavaThread "Asynchronous log dispatcher for DefaultDaemonConnection: socket connection from /127.0.0.1:51687 to /127.0.0.1:51689" [_thread_blocked, id=4324, stack(0x0000008331700000,0x0000008331800000)]
  0x000001f5cee0eb60 JavaThread "Stdin handler" [_thread_blocked, id=12816, stack(0x0000008331800000,0x0000008331900000)]
  0x000001f5cee0ce80 JavaThread "Daemon client event forwarder" [_thread_blocked, id=14372, stack(0x0000008331900000,0x0000008331a00000)]
  0x000001f5cf2c6480 JavaThread "C2 CompilerThread1" daemon [_thread_blocked, id=13796, stack(0x0000008331a00000,0x0000008331b00000)]
  0x000001f5cee0e1c0 JavaThread "Cache worker for journal cache (C:\Program Files\Java\jre1.8.0_333\caches\journal-1)" [_thread_blocked, id=15976, stack(0x0000008331b00000,0x0000008331c00000)]
  0x000001f5cee0d350 JavaThread "File lock request listener" [_thread_in_native, id=9464, stack(0x0000008331c00000,0x0000008331d00000)]
  0x000001f5cee0f9d0 JavaThread "Cache worker for file hash cache (C:\Program Files\Java\jre1.8.0_333\caches\7.3.3\fileHashes)" [_thread_blocked, id=10976, stack(0x0000008331d00000,0x0000008331e00000)]
  0x000001f5cee0f030 JavaThread "Cache worker for file hash cache (D:\BatteryManager\.gradle\7.3.3\fileHashes)" [_thread_blocked, id=3720, stack(0x0000008331e00000,0x0000008331f00000)]
  0x000001f5cee0d820 JavaThread "File watcher server" daemon [_thread_blocked, id=7856, stack(0x0000008332200000,0x0000008332300000)]
  0x000001f5cee0fea0 JavaThread "File watcher consumer" daemon [_thread_blocked, id=11048, stack(0x0000008332300000,0x0000008332400000)]
  0x000001f5cee0c9b0 JavaThread "Cache worker for checksums cache (D:\BatteryManager\.gradle\7.3.3\checksums)" [_thread_blocked, id=8188, stack(0x0000008332400000,0x0000008332500000)]
  0x000001f5cee0dcf0 JavaThread "Cache worker for cache directory md-supplier (C:\Program Files\Java\jre1.8.0_333\caches\7.3.3\md-supplier)" [_thread_blocked, id=15068, stack(0x0000008332500000,0x0000008332600000)]
  0x000001f5d12ee5d0 JavaThread "Cache worker for cache directory md-rule (C:\Program Files\Java\jre1.8.0_333\caches\7.3.3\md-rule)" [_thread_blocked, id=8848, stack(0x0000008332700000,0x0000008332800000)]
  0x000001f5d12ec8f0 JavaThread "Cache worker for execution history cache (C:\Program Files\Java\jre1.8.0_333\caches\7.3.3\executionHistory)" [_thread_blocked, id=2532, stack(0x0000008332800000,0x0000008332900000)]
  0x000001f5d12ed290 JavaThread "jar transforms" [_thread_blocked, id=13516, stack(0x0000008332900000,0x0000008332a00000)]
  0x000001f5d12f0c50 JavaThread "Cache worker for file content cache (C:\Program Files\Java\jre1.8.0_333\caches\7.3.3\fileContent)" [_thread_blocked, id=11272, stack(0x0000008332a00000,0x0000008332b00000)]
  0x000001f5d12ebf50 JavaThread "jar transforms Thread 2" [_thread_blocked, id=9292, stack(0x0000008332b00000,0x0000008332c00000)]
  0x000001f5d12ef440 JavaThread "Cache worker for dependencies-accessors (D:\BatteryManager\.gradle\7.3.3\dependencies-accessors)" [_thread_blocked, id=10768, stack(0x0000008332c00000,0x0000008332d00000)]
  0x000001f5d12ed760 JavaThread "jar transforms Thread 3" [_thread_blocked, id=9668, stack(0x0000008332d00000,0x0000008332e00000)]
  0x000001f5d12f1f90 JavaThread "Cache worker for Build Output Cleanup Cache (D:\BatteryManager\.gradle\buildOutputCleanup)" [_thread_blocked, id=16144, stack(0x0000008332e00000,0x0000008332f00000)]
  0x000001f5d12f2460 JavaThread "Unconstrained build operations" [_thread_blocked, id=9224, stack(0x0000008332f00000,0x0000008333000000)]
  0x000001f5d12ee100 JavaThread "Unconstrained build operations Thread 2" [_thread_blocked, id=17204, stack(0x0000008333000000,0x0000008333100000)]
  0x000001f5d12eeaa0 JavaThread "Unconstrained build operations Thread 3" [_thread_blocked, id=4520, stack(0x0000008333100000,0x0000008333200000)]
  0x000001f5d12eef70 JavaThread "Unconstrained build operations Thread 4" [_thread_blocked, id=14504, stack(0x0000008333200000,0x0000008333300000)]
  0x000001f5d12f2930 JavaThread "Unconstrained build operations Thread 5" [_thread_blocked, id=7024, stack(0x0000008333300000,0x0000008333400000)]
  0x000001f5d12f1ac0 JavaThread "Unconstrained build operations Thread 6" [_thread_blocked, id=10932, stack(0x0000008333400000,0x0000008333500000)]
  0x000001f5d12ecdc0 JavaThread "Unconstrained build operations Thread 7" [_thread_blocked, id=17132, stack(0x0000008333500000,0x0000008333600000)]
  0x000001f5d12efde0 JavaThread "Unconstrained build operations Thread 8" [_thread_blocked, id=12292, stack(0x0000008333600000,0x0000008333700000)]
  0x000001f5d12f02b0 JavaThread "Unconstrained build operations Thread 9" [_thread_blocked, id=7452, stack(0x0000008333700000,0x0000008333800000)]
  0x000001f5d12f2e00 JavaThread "Unconstrained build operations Thread 10" [_thread_blocked, id=12052, stack(0x0000008333800000,0x0000008333900000)]
  0x000001f5d12f1120 JavaThread "Unconstrained build operations Thread 11" [_thread_blocked, id=15872, stack(0x0000008333900000,0x0000008333a00000)]
  0x000001f5d12eba80 JavaThread "Unconstrained build operations Thread 12" [_thread_blocked, id=15796, stack(0x0000008333a00000,0x0000008333b00000)]
  0x000001f5d25043a0 JavaThread "Unconstrained build operations Thread 13" [_thread_blocked, id=15364, stack(0x0000008333b00000,0x0000008333c00000)]
  0x000001f5d2507d60 JavaThread "Unconstrained build operations Thread 14" [_thread_blocked, id=4472, stack(0x0000008333c00000,0x0000008333d00000)]
  0x000001f5d25073c0 JavaThread "Unconstrained build operations Thread 15" [_thread_blocked, id=5240, stack(0x0000008333d00000,0x0000008333e00000)]
  0x000001f5d25090a0 JavaThread "Unconstrained build operations Thread 16" [_thread_blocked, id=1264, stack(0x0000008333e00000,0x0000008333f00000)]
  0x000001f5d2509a40 JavaThread "Unconstrained build operations Thread 17" [_thread_blocked, id=7260, stack(0x0000008333f00000,0x0000008334000000)]
  0x000001f5d2503530 JavaThread "Unconstrained build operations Thread 18" [_thread_blocked, id=7584, stack(0x0000008334000000,0x0000008334100000)]
  0x000001f5d2504d40 JavaThread "Unconstrained build operations Thread 19" [_thread_blocked, id=1696, stack(0x0000008334100000,0x0000008334200000)]
  0x000001f5d2508230 JavaThread "Unconstrained build operations Thread 20" [_thread_blocked, id=16708, stack(0x0000008334200000,0x0000008334300000)]
  0x000001f5d2508700 JavaThread "Unconstrained build operations Thread 21" [_thread_blocked, id=2524, stack(0x0000008334300000,0x0000008334400000)]
  0x000001f5d250a3e0 JavaThread "Unconstrained build operations Thread 22" [_thread_blocked, id=816, stack(0x0000008334400000,0x0000008334500000)]
  0x000001f5d2506a20 JavaThread "Unconstrained build operations Thread 23" [_thread_blocked, id=12416, stack(0x0000008334500000,0x0000008334600000)]
  0x000001f5d2504870 JavaThread "Unconstrained build operations Thread 24" [_thread_blocked, id=3408, stack(0x0000008334600000,0x0000008334700000)]
  0x000001f5d250a8b0 JavaThread "Unconstrained build operations Thread 25" [_thread_blocked, id=17356, stack(0x0000008334700000,0x0000008334800000)]
  0x000001f5d2509570 JavaThread "Unconstrained build operations Thread 26" [_thread_blocked, id=10844, stack(0x0000008334800000,0x0000008334900000)]
  0x000001f5d2506550 JavaThread "Unconstrained build operations Thread 27" [_thread_blocked, id=9932, stack(0x0000008334900000,0x0000008334a00000)]
  0x000001f5d2505210 JavaThread "Unconstrained build operations Thread 28" [_thread_blocked, id=11008, stack(0x0000008334a00000,0x0000008334b00000)]
  0x000001f5d25056e0 JavaThread "Unconstrained build operations Thread 29" [_thread_blocked, id=9596, stack(0x0000008334b00000,0x0000008334c00000)]
  0x000001f5d2509f10 JavaThread "Unconstrained build operations Thread 30" [_thread_blocked, id=7020, stack(0x0000008334c00000,0x0000008334d00000)]
  0x000001f5d2503a00 JavaThread "Unconstrained build operations Thread 31" [_thread_blocked, id=10856, stack(0x0000008334d00000,0x0000008334e00000)]
  0x000001f5d2503060 JavaThread "Unconstrained build operations Thread 32" [_thread_blocked, id=13180, stack(0x0000008334e00000,0x0000008334f00000)]
  0x000001f5d2503ed0 JavaThread "Unconstrained build operations Thread 33" [_thread_blocked, id=6820, stack(0x0000008334f00000,0x0000008335000000)]
  0x000001f5d2505bb0 JavaThread "Unconstrained build operations Thread 34" [_thread_blocked, id=6952, stack(0x0000008335000000,0x0000008335100000)]
  0x000001f5d2506080 JavaThread "Unconstrained build operations Thread 35" [_thread_blocked, id=12364, stack(0x0000008335100000,0x0000008335200000)]
  0x000001f5d2507890 JavaThread "Unconstrained build operations Thread 36" [_thread_blocked, id=17184, stack(0x0000008335200000,0x0000008335300000)]
  0x000001f5d2506ef0 JavaThread "Unconstrained build operations Thread 37" [_thread_blocked, id=11068, stack(0x0000008335300000,0x0000008335400000)]
  0x000001f5d2508bd0 JavaThread "Unconstrained build operations Thread 38" [_thread_blocked, id=14408, stack(0x0000008335400000,0x0000008335500000)]
  0x000001f5d0079410 JavaThread "Unconstrained build operations Thread 39" [_thread_blocked, id=9928, stack(0x0000008335500000,0x0000008335600000)]
  0x000001f5d0077260 JavaThread "Unconstrained build operations Thread 40" [_thread_blocked, id=13476, stack(0x0000008335600000,0x0000008335700000)]
  0x000001f5d00798e0 JavaThread "Unconstrained build operations Thread 41" [_thread_blocked, id=12140, stack(0x0000008335700000,0x0000008335800000)]
  0x000001f5d0078f40 JavaThread "Unconstrained build operations Thread 42" [_thread_blocked, id=12544, stack(0x0000008335800000,0x0000008335900000)]
  0x000001f5d007ba90 JavaThread "Unconstrained build operations Thread 43" [_thread_blocked, id=11512, stack(0x0000008335900000,0x0000008335a00000)]
  0x000001f5d0079db0 JavaThread "Unconstrained build operations Thread 44" [_thread_blocked, id=11268, stack(0x0000008335a00000,0x0000008335b00000)]
  0x000001f5d007a280 JavaThread "Unconstrained build operations Thread 45" [_thread_blocked, id=13960, stack(0x0000008335b00000,0x0000008335c00000)]
  0x000001f5d007bf60 JavaThread "Unconstrained build operations Thread 46" [_thread_blocked, id=7460, stack(0x0000008335c00000,0x0000008335d00000)]
  0x000001f5d0077730 JavaThread "Unconstrained build operations Thread 47" [_thread_blocked, id=8836, stack(0x0000008335d00000,0x0000008335e00000)]
  0x000001f5d00763f0 JavaThread "Unconstrained build operations Thread 48" [_thread_blocked, id=4072, stack(0x0000008335e00000,0x0000008335f00000)]
  0x000001f5d007c430 JavaThread "Unconstrained build operations Thread 49" [_thread_blocked, id=2208, stack(0x0000008335f00000,0x0000008336000000)]
  0x000001f5d00768c0 JavaThread "Unconstrained build operations Thread 50" [_thread_blocked, id=3440, stack(0x0000008336000000,0x0000008336100000)]
  0x000001f5d0075580 JavaThread "Unconstrained build operations Thread 51" [_thread_blocked, id=13628, stack(0x0000008336100000,0x0000008336200000)]
  0x000001f5d007ac20 JavaThread "Unconstrained build operations Thread 52" [_thread_blocked, id=12200, stack(0x0000008336200000,0x0000008336300000)]
  0x000001f5d007a750 JavaThread "Unconstrained build operations Thread 53" [_thread_blocked, id=2560, stack(0x0000008336300000,0x0000008336400000)]
  0x000001f5d0075f20 JavaThread "Unconstrained build operations Thread 54" [_thread_blocked, id=17312, stack(0x0000008336400000,0x0000008336500000)]
  0x000001f5d0077c00 JavaThread "Unconstrained build operations Thread 55" [_thread_blocked, id=9192, stack(0x0000008336500000,0x0000008336600000)]
  0x000001f5d007b5c0 JavaThread "Unconstrained build operations Thread 56" [_thread_blocked, id=10108, stack(0x0000008336600000,0x0000008336700000)]
  0x000001f5d007b0f0 JavaThread "Unconstrained build operations Thread 57" [_thread_blocked, id=12924, stack(0x0000008336700000,0x0000008336800000)]
  0x000001f5d0074be0 JavaThread "Unconstrained build operations Thread 58" [_thread_blocked, id=14440, stack(0x0000008336800000,0x0000008336900000)]
  0x000001f5d0076d90 JavaThread "Unconstrained build operations Thread 59" [_thread_blocked, id=3808, stack(0x0000008336900000,0x0000008336a00000)]
  0x000001f5d00780d0 JavaThread "Unconstrained build operations Thread 60" [_thread_blocked, id=6336, stack(0x0000008336a00000,0x0000008336b00000)]
  0x000001f5d00785a0 JavaThread "Unconstrained build operations Thread 61" [_thread_blocked, id=8896, stack(0x0000008336b00000,0x0000008336c00000)]
  0x000001f5d00750b0 JavaThread "Unconstrained build operations Thread 62" [_thread_blocked, id=7148, stack(0x0000008336c00000,0x0000008336d00000)]
  0x000001f5d0075a50 JavaThread "Unconstrained build operations Thread 63" [_thread_blocked, id=13364, stack(0x0000008336d00000,0x0000008336e00000)]
  0x000001f5d0078a70 JavaThread "Unconstrained build operations Thread 64" [_thread_blocked, id=5860, stack(0x0000008336e00000,0x0000008336f00000)]
  0x000001f5d25a24c0 JavaThread "Unconstrained build operations Thread 65" [_thread_blocked, id=8968, stack(0x0000008336f00000,0x0000008337000000)]
  0x000001f5d25a1650 JavaThread "Unconstrained build operations Thread 66" [_thread_blocked, id=12956, stack(0x0000008337000000,0x0000008337100000)]
  0x000001f5d25a07e0 JavaThread "Unconstrained build operations Thread 67" [_thread_blocked, id=3748, stack(0x0000008337100000,0x0000008337200000)]
  0x000001f5d25a4670 JavaThread "Unconstrained build operations Thread 68" [_thread_blocked, id=11664, stack(0x0000008337200000,0x0000008337300000)]
  0x000001f5d259fe40 JavaThread "Unconstrained build operations Thread 69" [_thread_blocked, id=6480, stack(0x0000008337300000,0x0000008337400000)]
  0x000001f5d25a3800 JavaThread "Unconstrained build operations Thread 70" [_thread_blocked, id=14628, stack(0x0000008337400000,0x0000008337500000)]
  0x000001f5d25a41a0 JavaThread "Unconstrained build operations Thread 71" [_thread_blocked, id=4968, stack(0x0000008337500000,0x0000008337600000)]
  0x000001f5d25a59b0 JavaThread "Unconstrained build operations Thread 72" [_thread_blocked, id=10792, stack(0x0000008337600000,0x0000008337700000)]
  0x000001f5d259f970 JavaThread "Unconstrained build operations Thread 73" [_thread_blocked, id=11028, stack(0x0000008337700000,0x0000008337800000)]
  0x000001f5d25a3330 JavaThread "Unconstrained build operations Thread 74" [_thread_blocked, id=15020, stack(0x0000008337800000,0x0000008337900000)]
  0x000001f5d25a0cb0 JavaThread "Unconstrained build operations Thread 75" [_thread_blocked, id=11692, stack(0x0000008337900000,0x0000008337a00000)]
  0x000001f5d25a3cd0 JavaThread "Unconstrained build operations Thread 76" [_thread_blocked, id=13220, stack(0x0000008337a00000,0x0000008337b00000)]
  0x000001f5d25a0310 JavaThread "Unconstrained build operations Thread 77" [_thread_blocked, id=6864, stack(0x0000008337b00000,0x0000008337c00000)]
  0x000001f5d25a1180 JavaThread "Unconstrained build operations Thread 78" [_thread_blocked, id=1580, stack(0x0000008337c00000,0x0000008337d00000)]
  0x000001f5d25a5010 JavaThread "Unconstrained build operations Thread 79" [_thread_blocked, id=7508, stack(0x0000008337d00000,0x0000008337e00000)]
  0x000001f5d25a1b20 JavaThread "Unconstrained build operations Thread 80" [_thread_blocked, id=13148, stack(0x0000008337e00000,0x0000008337f00000)]
  0x000001f5d25a5e80 JavaThread "jar transforms Thread 4" [_thread_blocked, id=13168, stack(0x0000008337f00000,0x0000008338000000)]
  0x000001f5d259f4a0 JavaThread "jar transforms Thread 5" [_thread_blocked, id=13240, stack(0x0000008338000000,0x0000008338100000)]
  0x000001f5d25a1ff0 JavaThread "jar transforms Thread 6" [_thread_blocked, id=14088, stack(0x0000008338100000,0x0000008338200000)]
  0x000001f5d25a6350 JavaThread "jar transforms Thread 7" [_thread_blocked, id=11656, stack(0x0000008338200000,0x0000008338300000)]
  0x000001f5d25a2990 JavaThread "jar transforms Thread 8" [_thread_blocked, id=5580, stack(0x0000008338300000,0x0000008338400000)]
  0x000001f5d25a54e0 JavaThread "Memory manager" [_thread_blocked, id=13056, stack(0x0000008338500000,0x0000008338600000)]
  0x000001f5cdcf36f0 JavaThread "build event listener" [_thread_blocked, id=15100, stack(0x0000008338600000,0x0000008338700000)]
  0x000001f5cdcf6710 JavaThread "pool-3-thread-1" [_thread_blocked, id=15112, stack(0x0000008338700000,0x0000008338800000)]
  0x000001f5cdcf3bc0 JavaThread "build event listener" [_thread_blocked, id=13636, stack(0x0000008338800000,0x0000008338900000)]
  0x000001f5cdcf5d70 JavaThread "Execution worker for ':'" [_thread_blocked, id=10488, stack(0x0000008338900000,0x0000008338a00000)]
  0x000001f5cdcf7f20 JavaThread "Execution worker for ':' Thread 2" [_thread_blocked, id=13764, stack(0x0000008338a00000,0x0000008338b00000)]
  0x000001f5cdcf7580 JavaThread "Execution worker for ':' Thread 3" [_thread_blocked, id=10552, stack(0x0000008338b00000,0x0000008338c00000)]
  0x000001f5cdcf58a0 JavaThread "Execution worker for ':' Thread 4" [_thread_blocked, id=2404, stack(0x0000008338c00000,0x0000008338d00000)]
  0x000001f5cdcf7a50 JavaThread "Execution worker for ':' Thread 5" [_thread_blocked, id=14008, stack(0x0000008338d00000,0x0000008338e00000)]
  0x000001f5cdcf4090 JavaThread "Execution worker for ':' Thread 6" [_thread_blocked, id=9940, stack(0x0000008338e00000,0x0000008338f00000)]
  0x000001f5cdcf6240 JavaThread "Execution worker for ':' Thread 7" [_thread_blocked, id=15772, stack(0x0000008338f00000,0x0000008339000000)]
  0x000001f5cdcf88c0 JavaThread "Cache worker for execution history cache (D:\BatteryManager\.gradle\7.3.3\executionHistory)" [_thread_blocked, id=5520, stack(0x0000008339000000,0x0000008339100000)]
  0x000001f5d1070ac0 JavaThread "WorkerExecutor Queue" [_thread_blocked, id=4792, stack(0x0000008339200000,0x0000008339300000)]
  0x000001f5d1071930 JavaThread "WorkerExecutor Queue Thread 2" [_thread_blocked, id=11364, stack(0x0000008339300000,0x0000008339400000)]
  0x000001f5d106e910 JavaThread "WorkerExecutor Queue Thread 3" [_thread_blocked, id=12144, stack(0x0000008339400000,0x0000008339500000)]
  0x000001f5d1071460 JavaThread "WorkerExecutor Queue Thread 4" [_thread_blocked, id=7500, stack(0x0000008339500000,0x0000008339600000)]
  0x000001f5d106d5d0 JavaThread "WorkerExecutor Queue Thread 5" [_thread_blocked, id=3548, stack(0x0000008339600000,0x0000008339700000)]
  0x000001f5d10727a0 JavaThread "WorkerExecutor Queue Thread 6" [_thread_blocked, id=10212, stack(0x0000008339700000,0x0000008339800000)]
  0x000001f5d106ede0 JavaThread "WorkerExecutor Queue Thread 7" [_thread_blocked, id=13512, stack(0x0000008339800000,0x0000008339900000)]
  0x000001f5d1071e00 JavaThread "WorkerExecutor Queue Thread 8" [_thread_blocked, id=5428, stack(0x0000008339900000,0x0000008339a00000)]
  0x000001f5d106bdc0 JavaThread "WorkerExecutor Queue Thread 9" [_thread_blocked, id=16996, stack(0x0000008339a00000,0x0000008339b00000)]

Other Threads:
=>0x000001f5c93d6c80 VMThread "VM Thread" [stack: 0x000000832ff00000,0x0000008330000000] [id=15204]
  0x000001f5cd8dedc0 WatcherThread "VM Periodic Task Thread" [stack: 0x0000008330b00000,0x0000008330c00000] [id=15792]
  0x000001f5ab1d3fe0 WorkerThread "GC Thread#0" [stack: 0x000000832fa00000,0x000000832fb00000] [id=3752]
  0x000001f5ce43e860 WorkerThread "GC Thread#1" [stack: 0x0000008330d00000,0x0000008330e00000] [id=17028]
  0x000001f5ce2e2d30 WorkerThread "GC Thread#2" [stack: 0x0000008330e00000,0x0000008330f00000] [id=7336]
  0x000001f5ce48e460 WorkerThread "GC Thread#3" [stack: 0x0000008330f00000,0x0000008331000000] [id=13784]
  0x000001f5cedad390 WorkerThread "GC Thread#4" [stack: 0x0000008331000000,0x0000008331100000] [id=8108]
  0x000001f5cf21b840 WorkerThread "GC Thread#5" [stack: 0x0000008331f00000,0x0000008332000000] [id=11544]
  0x000001f5cf21b5a0 WorkerThread "GC Thread#6" [stack: 0x0000008332000000,0x0000008332100000] [id=13412]
  0x000001f5cf21bae0 WorkerThread "GC Thread#7" [stack: 0x0000008332100000,0x0000008332200000] [id=17104]
  0x000001f5ab1e5f20 ConcurrentGCThread "G1 Main Marker" [stack: 0x000000832fb00000,0x000000832fc00000] [id=2692]
  0x000001f5ab1e70b0 WorkerThread "G1 Conc#0" [stack: 0x000000832fc00000,0x000000832fd00000] [id=1964]
  0x000001f5cf21bd80 WorkerThread "G1 Conc#1" [stack: 0x0000008332600000,0x0000008332700000] [id=11520]
  0x000001f5c9292980 ConcurrentGCThread "G1 Refine#0" [stack: 0x000000832fd00000,0x000000832fe00000] [id=16508]
  0x000001f5d23cfb70 ConcurrentGCThread "G1 Refine#1" [stack: 0x0000008338400000,0x0000008338500000] [id=11248]
  0x000001f5cdb57960 ConcurrentGCThread "G1 Refine#2" [stack: 0x0000008339100000,0x0000008339200000] [id=15008]
  0x000001f5c92931a0 ConcurrentGCThread "G1 Service" [stack: 0x000000832fe00000,0x000000832ff00000] [id=15260]

Threads with active compile tasks:
C2 CompilerThread0    11552 12445       4       com.android.tools.r8.internal.xa::a (148 bytes)
C1 CompilerThread0    11552 12428       3       com.android.tools.r8.internal.xa::a (4216 bytes)
C2 CompilerThread1    11552 12458   !   4       com.android.tools.r8.graph.d1::j0 (91 bytes)

VM state: at safepoint (normal execution)

VM Mutex/Monitor currently owned by a thread:  ([mutex/lock_event])
[0x000001f5ab16b670] Threads_lock - owner thread: 0x000001f5c93d6c80
[0x000001f5ab16c480] Heap_lock - owner thread: 0x000001f5d1071460

Heap address: 0x0000000080000000, size: 2048 MB, Compressed Oops mode: 32-bit

CDS archive(s) mapped at: [0x0000000800000000-0x0000000800ba0000-0x0000000800ba0000), size 12189696, SharedBaseAddress: 0x0000000800000000, ArchiveRelocationMode: 0.
Compressed class space mapped at: 0x0000000800c00000-0x0000000840c00000, reserved size: 1073741824
Narrow klass base: 0x0000000800000000, Narrow klass shift: 0, Narrow klass range: 0x100000000

GC Precious Log:
 CardTable entry size: 512
 Card Set container configuration: InlinePtr #cards 5 size 8 Array Of Cards #cards 12 size 40 Howl #buckets 4 coarsen threshold 1843 Howl Bitmap #cards 512 size 80 coarsen threshold 460 Card regions per heap region 1 cards per card region 2048
 CPUs: 8 total, 8 available
 Memory: 8023M
 Large Page Support: Disabled
 NUMA Support: Disabled
 Compressed Oops: Enabled (32-bit)
 Heap Region Size: 1M
 Heap Min Capacity: 8M
 Heap Initial Capacity: 126M
 Heap Max Capacity: 2G
 Pre-touch: Disabled
 Parallel Workers: 8
 Concurrent Workers: 2
 Concurrent Refinement Workers: 8
 Periodic GC: Disabled

Heap:
 garbage-first heap   total 177152K, used 104327K [0x0000000080000000, 0x0000000100000000)
  region size 1024K, 7 young (7168K), 7 survivors (7168K)
 Metaspace       used 93586K, committed 95424K, reserved 1179648K
  class space    used 12865K, committed 13824K, reserved 1048576K

Heap Regions: E=young(eden), S=young(survivor), O=old, HS=humongous(starts), HC=humongous(continues), CS=collection set, F=free, OA=open archive, CA=closed archive, TAMS=top-at-mark-start (previous, next)
|   0|0x0000000080000000, 0x0000000080100000, 0x0000000080100000|100%| O|  |TAMS 0x0000000080100000, 0x0000000080000000| Untracked 
|   1|0x0000000080100000, 0x0000000080200000, 0x0000000080200000|100%| O|  |TAMS 0x0000000080200000, 0x0000000080100000| Untracked 
|   2|0x0000000080200000, 0x0000000080300000, 0x0000000080300000|100%| O|  |TAMS 0x0000000080300000, 0x0000000080200000| Untracked 
|   3|0x0000000080300000, 0x0000000080400000, 0x0000000080400000|100%|HS|  |TAMS 0x0000000080400000, 0x0000000080300000| Complete 
|   4|0x0000000080400000, 0x0000000080500000, 0x0000000080500000|100%|HC|  |TAMS 0x0000000080500000, 0x0000000080400000| Complete 
|   5|0x0000000080500000, 0x0000000080600000, 0x0000000080600000|100%|HC|  |TAMS 0x0000000080600000, 0x0000000080500000| Complete 
|   6|0x0000000080600000, 0x0000000080700000, 0x0000000080700000|100%| O|  |TAMS 0x0000000080700000, 0x0000000080600000| Untracked 
|   7|0x0000000080700000, 0x0000000080800000, 0x0000000080800000|100%| O|  |TAMS 0x0000000080800000, 0x0000000080700000| Untracked 
|   8|0x0000000080800000, 0x0000000080900000, 0x0000000080900000|100%| O|  |TAMS 0x0000000080900000, 0x0000000080800000| Untracked 
|   9|0x0000000080900000, 0x0000000080a00000, 0x0000000080a00000|100%| O|  |TAMS 0x0000000080a00000, 0x0000000080900000| Untracked 
|  10|0x0000000080a00000, 0x0000000080b00000, 0x0000000080b00000|100%| O|  |TAMS 0x0000000080b00000, 0x0000000080a00000| Untracked 
|  11|0x0000000080b00000, 0x0000000080c00000, 0x0000000080c00000|100%| O|  |TAMS 0x0000000080c00000, 0x0000000080b00000| Untracked 
|  12|0x0000000080c00000, 0x0000000080d00000, 0x0000000080d00000|100%| O|  |TAMS 0x0000000080d00000, 0x0000000080c00000| Untracked 
|  13|0x0000000080d00000, 0x0000000080e00000, 0x0000000080e00000|100%| O|  |TAMS 0x0000000080e00000, 0x0000000080d00000| Untracked 
|  14|0x0000000080e00000, 0x0000000080f00000, 0x0000000080f00000|100%| O|  |TAMS 0x0000000080f00000, 0x0000000080e00000| Untracked 
|  15|0x0000000080f00000, 0x0000000081000000, 0x0000000081000000|100%| O|  |TAMS 0x0000000081000000, 0x0000000080f00000| Untracked 
|  16|0x0000000081000000, 0x0000000081100000, 0x0000000081100000|100%| O|  |TAMS 0x0000000081100000, 0x0000000081000000| Untracked 
|  17|0x0000000081100000, 0x0000000081200000, 0x0000000081200000|100%| O|  |TAMS 0x0000000081200000, 0x0000000081100000| Untracked 
|  18|0x0000000081200000, 0x0000000081300000, 0x0000000081300000|100%| O|  |TAMS 0x0000000081300000, 0x0000000081200000| Untracked 
|  19|0x0000000081300000, 0x0000000081400000, 0x0000000081400000|100%| O|  |TAMS 0x0000000081400000, 0x0000000081300000| Untracked 
|  20|0x0000000081400000, 0x0000000081500000, 0x0000000081500000|100%| O|  |TAMS 0x0000000081500000, 0x0000000081400000| Untracked 
|  21|0x0000000081500000, 0x0000000081600000, 0x0000000081600000|100%| O|  |TAMS 0x0000000081600000, 0x0000000081500000| Untracked 
|  22|0x0000000081600000, 0x0000000081700000, 0x0000000081700000|100%| O|  |TAMS 0x0000000081700000, 0x0000000081600000| Untracked 
|  23|0x0000000081700000, 0x0000000081800000, 0x0000000081800000|100%| O|  |TAMS 0x0000000081800000, 0x0000000081700000| Untracked 
|  24|0x0000000081800000, 0x0000000081900000, 0x0000000081900000|100%| O|  |TAMS 0x0000000081900000, 0x0000000081800000| Untracked 
|  25|0x0000000081900000, 0x0000000081a00000, 0x0000000081a00000|100%| O|  |TAMS 0x0000000081a00000, 0x0000000081900000| Untracked 
|  26|0x0000000081a00000, 0x0000000081b00000, 0x0000000081b00000|100%| O|  |TAMS 0x0000000081b00000, 0x0000000081a00000| Untracked 
|  27|0x0000000081b00000, 0x0000000081c00000, 0x0000000081c00000|100%| O|  |TAMS 0x0000000081b00000, 0x0000000081b00000| Untracked 
|  28|0x0000000081c00000, 0x0000000081d00000, 0x0000000081d00000|100%| O|  |TAMS 0x0000000081d00000, 0x0000000081c00000| Untracked 
|  29|0x0000000081d00000, 0x0000000081e00000, 0x0000000081e00000|100%|HS|  |TAMS 0x0000000081e00000, 0x0000000081d00000| Complete 
|  30|0x0000000081e00000, 0x0000000081f00000, 0x0000000081f00000|100%|HS|  |TAMS 0x0000000081f00000, 0x0000000081e00000| Complete 
|  31|0x0000000081f00000, 0x0000000082000000, 0x0000000082000000|100%|HS|  |TAMS 0x0000000082000000, 0x0000000081f00000| Complete 
|  32|0x0000000082000000, 0x0000000082100000, 0x0000000082100000|100%|HS|  |TAMS 0x0000000082100000, 0x0000000082000000| Complete 
|  33|0x0000000082100000, 0x0000000082200000, 0x0000000082200000|100%|HC|  |TAMS 0x0000000082200000, 0x0000000082100000| Complete 
|  34|0x0000000082200000, 0x0000000082300000, 0x0000000082300000|100%|HC|  |TAMS 0x0000000082300000, 0x0000000082200000| Complete 
|  35|0x0000000082300000, 0x0000000082400000, 0x0000000082400000|100%|HS|  |TAMS 0x0000000082400000, 0x0000000082300000| Complete 
|  36|0x0000000082400000, 0x0000000082500000, 0x0000000082500000|100%|HC|  |TAMS 0x0000000082500000, 0x0000000082400000| Complete 
|  37|0x0000000082500000, 0x0000000082600000, 0x0000000082600000|100%| O|  |TAMS 0x0000000082600000, 0x0000000082500000| Untracked 
|  38|0x0000000082600000, 0x0000000082700000, 0x0000000082700000|100%| O|  |TAMS 0x0000000082700000, 0x0000000082600000| Untracked 
|  39|0x0000000082700000, 0x0000000082800000, 0x0000000082800000|100%| O|  |TAMS 0x0000000082800000, 0x0000000082700000| Untracked 
|  40|0x0000000082800000, 0x0000000082900000, 0x0000000082900000|100%| O|  |TAMS 0x0000000082900000, 0x0000000082800000| Untracked 
|  41|0x0000000082900000, 0x0000000082a00000, 0x0000000082a00000|100%| O|  |TAMS 0x0000000082a00000, 0x0000000082900000| Untracked 
|  42|0x0000000082a00000, 0x0000000082b00000, 0x0000000082b00000|100%| O|  |TAMS 0x0000000082b00000, 0x0000000082a00000| Untracked 
|  43|0x0000000082b00000, 0x0000000082c00000, 0x0000000082c00000|100%| O|  |TAMS 0x0000000082c00000, 0x0000000082b00000| Untracked 
|  44|0x0000000082c00000, 0x0000000082d00000, 0x0000000082d00000|100%| O|  |TAMS 0x0000000082d00000, 0x0000000082c00000| Untracked 
|  45|0x0000000082d00000, 0x0000000082e00000, 0x0000000082e00000|100%| O|  |TAMS 0x0000000082e00000, 0x0000000082d00000| Untracked 
|  46|0x0000000082e00000, 0x0000000082f00000, 0x0000000082f00000|100%| O|  |TAMS 0x0000000082f00000, 0x0000000082e00000| Untracked 
|  47|0x0000000082f00000, 0x0000000083000000, 0x0000000083000000|100%| O|  |TAMS 0x0000000083000000, 0x0000000082f00000| Untracked 
|  48|0x0000000083000000, 0x0000000083100000, 0x0000000083100000|100%| O|  |TAMS 0x0000000083100000, 0x0000000083000000| Untracked 
|  49|0x0000000083100000, 0x0000000083200000, 0x0000000083200000|100%| O|  |TAMS 0x0000000083200000, 0x0000000083100000| Untracked 
|  50|0x0000000083200000, 0x0000000083300000, 0x0000000083300000|100%| O|  |TAMS 0x0000000083300000, 0x0000000083200000| Untracked 
|  51|0x0000000083300000, 0x0000000083400000, 0x0000000083400000|100%| O|  |TAMS 0x0000000083400000, 0x0000000083300000| Untracked 
|  52|0x0000000083400000, 0x0000000083500000, 0x0000000083500000|100%| O|  |TAMS 0x0000000083500000, 0x0000000083400000| Untracked 
|  53|0x0000000083500000, 0x0000000083600000, 0x0000000083600000|100%| O|  |TAMS 0x0000000083600000, 0x0000000083500000| Untracked 
|  54|0x0000000083600000, 0x0000000083700000, 0x0000000083700000|100%| O|  |TAMS 0x0000000083700000, 0x0000000083600000| Untracked 
|  55|0x0000000083700000, 0x0000000083800000, 0x0000000083800000|100%| O|  |TAMS 0x0000000083800000, 0x0000000083700000| Untracked 
|  56|0x0000000083800000, 0x0000000083900000, 0x0000000083900000|100%| O|  |TAMS 0x0000000083900000, 0x0000000083800000| Untracked 
|  57|0x0000000083900000, 0x0000000083a00000, 0x0000000083a00000|100%| O|  |TAMS 0x0000000083a00000, 0x0000000083900000| Untracked 
|  58|0x0000000083a00000, 0x0000000083b00000, 0x0000000083b00000|100%| O|  |TAMS 0x0000000083b00000, 0x0000000083a00000| Untracked 
|  59|0x0000000083b00000, 0x0000000083c00000, 0x0000000083c00000|100%| O|  |TAMS 0x0000000083c00000, 0x0000000083b00000| Untracked 
|  60|0x0000000083c00000, 0x0000000083d00000, 0x0000000083d00000|100%| O|  |TAMS 0x0000000083d00000, 0x0000000083c00000| Untracked 
|  61|0x0000000083d00000, 0x0000000083e00000, 0x0000000083e00000|100%| O|  |TAMS 0x0000000083e00000, 0x0000000083d00000| Untracked 
|  62|0x0000000083e00000, 0x0000000083f00000, 0x0000000083f00000|100%| O|  |TAMS 0x0000000083f00000, 0x0000000083e00000| Untracked 
|  63|0x0000000083f00000, 0x0000000084000000, 0x0000000084000000|100%| O|  |TAMS 0x0000000084000000, 0x0000000083f00000| Untracked 
|  64|0x0000000084000000, 0x0000000084100000, 0x0000000084100000|100%| O|  |TAMS 0x0000000084100000, 0x0000000084000000| Untracked 
|  65|0x0000000084100000, 0x0000000084200000, 0x0000000084200000|100%| O|  |TAMS 0x0000000084200000, 0x0000000084100000| Untracked 
|  66|0x0000000084200000, 0x0000000084300000, 0x0000000084300000|100%| O|  |TAMS 0x0000000084300000, 0x0000000084200000| Untracked 
|  67|0x0000000084300000, 0x0000000084400000, 0x0000000084400000|100%| O|  |TAMS 0x0000000084400000, 0x0000000084300000| Untracked 
|  68|0x0000000084400000, 0x0000000084500000, 0x0000000084500000|100%| O|  |TAMS 0x0000000084500000, 0x0000000084400000| Untracked 
|  69|0x0000000084500000, 0x0000000084600000, 0x0000000084600000|100%| O|  |TAMS 0x0000000084600000, 0x0000000084500000| Untracked 
|  70|0x0000000084600000, 0x0000000084700000, 0x0000000084700000|100%| O|  |TAMS 0x0000000084700000, 0x0000000084600000| Untracked 
|  71|0x0000000084700000, 0x0000000084800000, 0x0000000084800000|100%| O|  |TAMS 0x0000000084800000, 0x0000000084700000| Untracked 
|  72|0x0000000084800000, 0x0000000084900000, 0x0000000084900000|100%| O|  |TAMS 0x0000000084900000, 0x0000000084800000| Untracked 
|  73|0x0000000084900000, 0x0000000084a00000, 0x0000000084a00000|100%| O|  |TAMS 0x0000000084a00000, 0x0000000084900000| Untracked 
|  74|0x0000000084a00000, 0x0000000084b00000, 0x0000000084b00000|100%| O|  |TAMS 0x0000000084b00000, 0x0000000084a00000| Untracked 
|  75|0x0000000084b00000, 0x0000000084c00000, 0x0000000084c00000|100%| O|  |TAMS 0x0000000084c00000, 0x0000000084b00000| Untracked 
|  76|0x0000000084c00000, 0x0000000084d00000, 0x0000000084d00000|100%| O|  |TAMS 0x0000000084d00000, 0x0000000084c00000| Untracked 
|  77|0x0000000084d00000, 0x0000000084e00000, 0x0000000084e00000|100%| O|  |TAMS 0x0000000084d00000, 0x0000000084d00000| Untracked 
|  78|0x0000000084e00000, 0x0000000084f00000, 0x0000000084f00000|100%| O|  |TAMS 0x0000000084e1a200, 0x0000000084e00000| Untracked 
|  79|0x0000000084f00000, 0x0000000085000000, 0x0000000085000000|100%| O|  |TAMS 0x0000000084f00000, 0x0000000084f00000| Untracked 
|  80|0x0000000085000000, 0x0000000085100000, 0x0000000085100000|100%| O|  |TAMS 0x0000000085000000, 0x0000000085000000| Untracked 
|  81|0x0000000085100000, 0x0000000085200000, 0x0000000085200000|100%| O|  |TAMS 0x0000000085100000, 0x0000000085100000| Untracked 
|  82|0x0000000085200000, 0x0000000085300000, 0x0000000085300000|100%| O|  |TAMS 0x0000000085200000, 0x0000000085200000| Untracked 
|  83|0x0000000085300000, 0x0000000085400000, 0x0000000085400000|100%| O|  |TAMS 0x0000000085300000, 0x0000000085300000| Untracked 
|  84|0x0000000085400000, 0x0000000085500000, 0x0000000085500000|100%| O|  |TAMS 0x0000000085400000, 0x0000000085400000| Untracked 
|  85|0x0000000085500000, 0x0000000085600000, 0x0000000085600000|100%| O|  |TAMS 0x0000000085500000, 0x0000000085500000| Untracked 
|  86|0x0000000085600000, 0x0000000085700000, 0x0000000085700000|100%| O|  |TAMS 0x0000000085600000, 0x0000000085600000| Untracked 
|  87|0x0000000085700000, 0x0000000085800000, 0x0000000085800000|100%| O|  |TAMS 0x0000000085700000, 0x0000000085700000| Untracked 
|  88|0x0000000085800000, 0x0000000085900000, 0x0000000085900000|100%| O|  |TAMS 0x0000000085800000, 0x0000000085800000| Untracked 
|  89|0x0000000085900000, 0x0000000085a00000, 0x0000000085a00000|100%| O|  |TAMS 0x0000000085900000, 0x0000000085900000| Untracked 
|  90|0x0000000085a00000, 0x0000000085b00000, 0x0000000085b00000|100%| O|  |TAMS 0x0000000085a00000, 0x0000000085a00000| Untracked 
|  91|0x0000000085b00000, 0x0000000085c00000, 0x0000000085c00000|100%| O|  |TAMS 0x0000000085b00000, 0x0000000085b00000| Untracked 
|  92|0x0000000085c00000, 0x0000000085d00000, 0x0000000085d00000|100%| O|  |TAMS 0x0000000085c00000, 0x0000000085c00000| Untracked 
|  93|0x0000000085d00000, 0x0000000085e00000, 0x0000000085e00000|100%| O|  |TAMS 0x0000000085d00000, 0x0000000085d00000| Untracked 
|  94|0x0000000085e00000, 0x0000000085ee1e00, 0x0000000085f00000| 88%| O|  |TAMS 0x0000000085e00000, 0x0000000085e00000| Untracked 
|  95|0x0000000085f00000, 0x0000000085f00000, 0x0000000086000000|  0%| F|  |TAMS 0x0000000085f00000, 0x0000000085f00000| Untracked 
|  96|0x0000000086000000, 0x0000000086000000, 0x0000000086100000|  0%| F|  |TAMS 0x0000000086000000, 0x0000000086000000| Untracked 
|  97|0x0000000086100000, 0x0000000086100000, 0x0000000086200000|  0%| F|  |TAMS 0x0000000086100000, 0x0000000086100000| Untracked 
|  98|0x0000000086200000, 0x0000000086200000, 0x0000000086300000|  0%| F|  |TAMS 0x0000000086200000, 0x0000000086200000| Untracked 
|  99|0x0000000086300000, 0x0000000086300000, 0x0000000086400000|  0%| F|  |TAMS 0x0000000086300000, 0x0000000086300000| Untracked 
| 100|0x0000000086400000, 0x0000000086400000, 0x0000000086500000|  0%| F|  |TAMS 0x0000000086400000, 0x0000000086400000| Untracked 
| 101|0x0000000086500000, 0x0000000086500000, 0x0000000086600000|  0%| F|  |TAMS 0x0000000086500000, 0x0000000086500000| Untracked 
| 102|0x0000000086600000, 0x0000000086600000, 0x0000000086700000|  0%| F|  |TAMS 0x0000000086600000, 0x0000000086600000| Untracked 
| 103|0x0000000086700000, 0x0000000086700000, 0x0000000086800000|  0%| F|  |TAMS 0x0000000086700000, 0x0000000086700000| Untracked 
| 104|0x0000000086800000, 0x0000000086800000, 0x0000000086900000|  0%| F|  |TAMS 0x0000000086800000, 0x0000000086800000| Untracked 
| 105|0x0000000086900000, 0x0000000086900000, 0x0000000086a00000|  0%| F|  |TAMS 0x0000000086900000, 0x0000000086900000| Untracked 
| 106|0x0000000086a00000, 0x0000000086a00000, 0x0000000086b00000|  0%| F|  |TAMS 0x0000000086a00000, 0x0000000086a00000| Untracked 
| 107|0x0000000086b00000, 0x0000000086b00000, 0x0000000086c00000|  0%| F|  |TAMS 0x0000000086b00000, 0x0000000086b00000| Untracked 
| 108|0x0000000086c00000, 0x0000000086c00000, 0x0000000086d00000|  0%| F|  |TAMS 0x0000000086c00000, 0x0000000086c00000| Untracked 
| 109|0x0000000086d00000, 0x0000000086d00000, 0x0000000086e00000|  0%| F|  |TAMS 0x0000000086d00000, 0x0000000086d00000| Untracked 
| 110|0x0000000086e00000, 0x0000000086e00000, 0x0000000086f00000|  0%| F|  |TAMS 0x0000000086e00000, 0x0000000086e00000| Untracked 
| 111|0x0000000086f00000, 0x0000000086f00000, 0x0000000087000000|  0%| F|  |TAMS 0x0000000086f00000, 0x0000000086f00000| Untracked 
| 112|0x0000000087000000, 0x0000000087000000, 0x0000000087100000|  0%| F|  |TAMS 0x0000000087000000, 0x0000000087000000| Untracked 
| 113|0x0000000087100000, 0x0000000087100000, 0x0000000087200000|  0%| F|  |TAMS 0x0000000087100000, 0x0000000087100000| Untracked 
| 114|0x0000000087200000, 0x0000000087300000, 0x0000000087300000|100%| S|CS|TAMS 0x0000000087200000, 0x0000000087200000| Complete 
| 115|0x0000000087300000, 0x0000000087400000, 0x0000000087400000|100%| S|CS|TAMS 0x0000000087300000, 0x0000000087300000| Complete 
| 116|0x0000000087400000, 0x0000000087500000, 0x0000000087500000|100%| S|CS|TAMS 0x0000000087400000, 0x0000000087400000| Complete 
| 117|0x0000000087500000, 0x0000000087600000, 0x0000000087600000|100%| S|CS|TAMS 0x0000000087500000, 0x0000000087500000| Complete 
| 118|0x0000000087600000, 0x0000000087700000, 0x0000000087700000|100%| S|CS|TAMS 0x0000000087600000, 0x0000000087600000| Complete 
| 119|0x0000000087700000, 0x0000000087700000, 0x0000000087800000|  0%| F|  |TAMS 0x0000000087700000, 0x0000000087700000| Untracked 
| 120|0x0000000087800000, 0x0000000087800000, 0x0000000087900000|  0%| F|  |TAMS 0x0000000087800000, 0x0000000087800000| Untracked 
| 121|0x0000000087900000, 0x0000000087900000, 0x0000000087a00000|  0%| F|  |TAMS 0x0000000087900000, 0x0000000087900000| Untracked 
| 122|0x0000000087a00000, 0x0000000087a00000, 0x0000000087b00000|  0%| F|  |TAMS 0x0000000087a00000, 0x0000000087a00000| Untracked 
| 123|0x0000000087b00000, 0x0000000087c00000, 0x0000000087c00000|100%| S|CS|TAMS 0x0000000087b00000, 0x0000000087b00000| Complete 
| 124|0x0000000087c00000, 0x0000000087d00000, 0x0000000087d00000|100%| S|CS|TAMS 0x0000000087c00000, 0x0000000087c00000| Complete 
| 125|0x0000000087d00000, 0x0000000087d00000, 0x0000000087e00000|  0%| F|  |TAMS 0x0000000087d00000, 0x0000000087d00000| Untracked 
| 126|0x0000000087e00000, 0x0000000087e00000, 0x0000000087f00000|  0%| F|  |TAMS 0x0000000087e00000, 0x0000000087e00000| Untracked 
| 127|0x0000000087f00000, 0x0000000087f00000, 0x0000000088000000|  0%| F|  |TAMS 0x0000000087f00000, 0x0000000087f00000| Untracked 
| 128|0x0000000088000000, 0x0000000088000000, 0x0000000088100000|  0%| F|  |TAMS 0x0000000088000000, 0x0000000088000000| Untracked 
| 129|0x0000000088100000, 0x0000000088100000, 0x0000000088200000|  0%| F|  |TAMS 0x0000000088100000, 0x0000000088100000| Untracked 
| 130|0x0000000088200000, 0x0000000088200000, 0x0000000088300000|  0%| F|  |TAMS 0x0000000088200000, 0x0000000088200000| Untracked 
| 131|0x0000000088300000, 0x0000000088300000, 0x0000000088400000|  0%| F|  |TAMS 0x0000000088300000, 0x0000000088300000| Untracked 
| 132|0x0000000088400000, 0x0000000088400000, 0x0000000088500000|  0%| F|  |TAMS 0x0000000088400000, 0x0000000088400000| Untracked 
| 133|0x0000000088500000, 0x0000000088500000, 0x0000000088600000|  0%| F|  |TAMS 0x0000000088500000, 0x0000000088500000| Untracked 
| 134|0x0000000088600000, 0x0000000088600000, 0x0000000088700000|  0%| F|  |TAMS 0x0000000088600000, 0x0000000088600000| Untracked 
| 135|0x0000000088700000, 0x0000000088700000, 0x0000000088800000|  0%| F|  |TAMS 0x0000000088700000, 0x0000000088700000| Untracked 
| 136|0x0000000088800000, 0x0000000088800000, 0x0000000088900000|  0%| F|  |TAMS 0x0000000088800000, 0x0000000088800000| Untracked 
| 137|0x0000000088900000, 0x0000000088900000, 0x0000000088a00000|  0%| F|  |TAMS 0x0000000088900000, 0x0000000088900000| Untracked 
| 138|0x0000000088a00000, 0x0000000088a00000, 0x0000000088b00000|  0%| F|  |TAMS 0x0000000088a00000, 0x0000000088a00000| Untracked 
| 139|0x0000000088b00000, 0x0000000088b00000, 0x0000000088c00000|  0%| F|  |TAMS 0x0000000088b00000, 0x0000000088b00000| Untracked 
| 140|0x0000000088c00000, 0x0000000088c00000, 0x0000000088d00000|  0%| F|  |TAMS 0x0000000088c00000, 0x0000000088c00000| Untracked 
| 141|0x0000000088d00000, 0x0000000088d00000, 0x0000000088e00000|  0%| F|  |TAMS 0x0000000088d00000, 0x0000000088d00000| Untracked 
| 142|0x0000000088e00000, 0x0000000088e00000, 0x0000000088f00000|  0%| F|  |TAMS 0x0000000088e00000, 0x0000000088e00000| Untracked 
| 143|0x0000000088f00000, 0x0000000088f00000, 0x0000000089000000|  0%| F|  |TAMS 0x0000000088f00000, 0x0000000088f00000| Untracked 
| 144|0x0000000089000000, 0x0000000089000000, 0x0000000089100000|  0%| F|  |TAMS 0x0000000089000000, 0x0000000089000000| Untracked 
| 145|0x0000000089100000, 0x0000000089100000, 0x0000000089200000|  0%| F|  |TAMS 0x0000000089100000, 0x0000000089100000| Untracked 
| 146|0x0000000089200000, 0x0000000089200000, 0x0000000089300000|  0%| F|  |TAMS 0x0000000089200000, 0x0000000089200000| Untracked 
| 147|0x0000000089300000, 0x0000000089300000, 0x0000000089400000|  0%| F|  |TAMS 0x0000000089300000, 0x0000000089300000| Untracked 
| 148|0x0000000089400000, 0x0000000089400000, 0x0000000089500000|  0%| F|  |TAMS 0x0000000089400000, 0x0000000089400000| Untracked 
| 149|0x0000000089500000, 0x0000000089500000, 0x0000000089600000|  0%| F|  |TAMS 0x0000000089500000, 0x0000000089500000| Untracked 
| 150|0x0000000089600000, 0x0000000089600000, 0x0000000089700000|  0%| F|  |TAMS 0x0000000089600000, 0x0000000089600000| Untracked 
| 151|0x0000000089700000, 0x0000000089700000, 0x0000000089800000|  0%| F|  |TAMS 0x0000000089700000, 0x0000000089700000| Untracked 
| 152|0x0000000089800000, 0x0000000089800000, 0x0000000089900000|  0%| F|  |TAMS 0x0000000089800000, 0x0000000089800000| Untracked 
| 153|0x0000000089900000, 0x0000000089900000, 0x0000000089a00000|  0%| F|  |TAMS 0x0000000089900000, 0x0000000089900000| Untracked 
| 154|0x0000000089a00000, 0x0000000089a00000, 0x0000000089b00000|  0%| F|  |TAMS 0x0000000089a00000, 0x0000000089a00000| Untracked 
| 155|0x0000000089b00000, 0x0000000089b00000, 0x0000000089c00000|  0%| F|  |TAMS 0x0000000089b00000, 0x0000000089b00000| Untracked 
| 156|0x0000000089c00000, 0x0000000089c00000, 0x0000000089d00000|  0%| F|  |TAMS 0x0000000089c00000, 0x0000000089c00000| Untracked 
| 157|0x0000000089d00000, 0x0000000089d00000, 0x0000000089e00000|  0%| F|  |TAMS 0x0000000089d00000, 0x0000000089d00000| Untracked 
| 158|0x0000000089e00000, 0x0000000089e00000, 0x0000000089f00000|  0%| F|  |TAMS 0x0000000089e00000, 0x0000000089e00000| Untracked 
| 159|0x0000000089f00000, 0x0000000089f00000, 0x000000008a000000|  0%| F|  |TAMS 0x0000000089f00000, 0x0000000089f00000| Untracked 
| 160|0x000000008a000000, 0x000000008a000000, 0x000000008a100000|  0%| F|  |TAMS 0x000000008a000000, 0x000000008a000000| Untracked 
| 161|0x000000008a100000, 0x000000008a100000, 0x000000008a200000|  0%| F|  |TAMS 0x000000008a100000, 0x000000008a100000| Untracked 
| 162|0x000000008a200000, 0x000000008a200000, 0x000000008a300000|  0%| F|  |TAMS 0x000000008a200000, 0x000000008a200000| Untracked 
| 163|0x000000008a300000, 0x000000008a300000, 0x000000008a400000|  0%| F|  |TAMS 0x000000008a300000, 0x000000008a300000| Untracked 
| 164|0x000000008a400000, 0x000000008a400000, 0x000000008a500000|  0%| F|  |TAMS 0x000000008a400000, 0x000000008a400000| Untracked 
| 165|0x000000008a500000, 0x000000008a500000, 0x000000008a600000|  0%| F|  |TAMS 0x000000008a500000, 0x000000008a500000| Untracked 
| 166|0x000000008a600000, 0x000000008a600000, 0x000000008a700000|  0%| F|  |TAMS 0x000000008a600000, 0x000000008a600000| Untracked 
| 167|0x000000008a700000, 0x000000008a700000, 0x000000008a800000|  0%| F|  |TAMS 0x000000008a700000, 0x000000008a700000| Untracked 
| 168|0x000000008a800000, 0x000000008a800000, 0x000000008a900000|  0%| F|  |TAMS 0x000000008a800000, 0x000000008a800000| Untracked 
| 169|0x000000008a900000, 0x000000008a900000, 0x000000008aa00000|  0%| F|  |TAMS 0x000000008a900000, 0x000000008a900000| Untracked 
| 170|0x000000008aa00000, 0x000000008aa00000, 0x000000008ab00000|  0%| F|  |TAMS 0x000000008aa00000, 0x000000008aa00000| Untracked 
| 171|0x000000008ab00000, 0x000000008ab00000, 0x000000008ac00000|  0%| F|  |TAMS 0x000000008ab00000, 0x000000008ab00000| Untracked 
| 172|0x000000008ac00000, 0x000000008ac00000, 0x000000008ad00000|  0%| F|  |TAMS 0x000000008ac00000, 0x000000008ac00000| Untracked 

Card table byte_map: [0x000001f5c21e0000,0x000001f5c25e0000] _byte_map_base: 0x000001f5c1de0000

Marking Bits (Prev, Next): (CMBitMap*) 0x000001f5ab1d5630, (CMBitMap*) 0x000001f5ab1d55f0
 Prev Bits: [0x000001f5c49e0000, 0x000001f5c69e0000)
 Next Bits: [0x000001f5c29e0000, 0x000001f5c49e0000)

Polling page: 0x000001f5a90f0000

Metaspace:

Usage:
  Non-class:     78.83 MB used.
      Class:     12.56 MB used.
       Both:     91.39 MB used.

Virtual space:
  Non-class space:      128.00 MB reserved,      79.69 MB ( 62%) committed,  2 nodes.
      Class space:        1.00 GB reserved,      13.50 MB (  1%) committed,  1 nodes.
             Both:        1.12 GB reserved,      93.19 MB (  8%) committed. 

Chunk freelists:
   Non-Class:  16.00 KB
       Class:  2.53 MB
        Both:  2.55 MB

MaxMetaspaceSize: unlimited
CompressedClassSpaceSize: 1.00 GB
Initial GC threshold: 21.00 MB
Current GC threshold: 132.62 MB
CDS: on
MetaspaceReclaimPolicy: balanced
 - commit_granule_bytes: 65536.
 - commit_granule_words: 8192.
 - virtual_space_node_default_size: 8388608.
 - enlarge_chunks_in_place: 1.
 - new_chunks_are_fully_committed: 0.
 - uncommit_free_chunks: 1.
 - use_allocation_guard: 0.


Internal statistics:

num_allocs_failed_limit: 6.
num_arena_births: 3316.
num_arena_deaths: 0.
num_vsnodes_births: 3.
num_vsnodes_deaths: 0.
num_space_committed: 1491.
num_space_uncommitted: 0.
num_chunks_returned_to_freelist: 6.
num_chunks_taken_from_freelist: 7325.
num_chunk_merges: 6.
num_chunk_splits: 4954.
num_chunks_enlarged: 3277.
num_inconsistent_stats: 0.

CodeHeap 'non-profiled nmethods': size=120000Kb used=6037Kb max_used=6037Kb free=113962Kb
 bounds [0x000001f5ba580000, 0x000001f5bab70000, 0x000001f5c1ab0000]
CodeHeap 'profiled nmethods': size=120000Kb used=20785Kb max_used=20785Kb free=99215Kb
 bounds [0x000001f5b3050000, 0x000001f5b44a0000, 0x000001f5ba580000]
CodeHeap 'non-nmethods': size=5760Kb used=2426Kb max_used=2472Kb free=3333Kb
 bounds [0x000001f5b2ab0000, 0x000001f5b2d40000, 0x000001f5b3050000]
 total_blobs=11805 nmethods=10852 adapters=865
 compilation: enabled
              stopped_count=0, restarted_count=0
 full_count=0

Compilation events (20 events):
Event: 11.479 Thread 0x000001f5c9407f10 nmethod 12422 0x000001f5b449b110 code [0x000001f5b449b2a0, 0x000001f5b449b458]
Event: 11.487 Thread 0x000001f5c9407f10 12424       3       com.google.common.util.concurrent.AbstractFuture::<init> (5 bytes)
Event: 11.487 Thread 0x000001f5c9407f10 nmethod 12424 0x000001f5b449b510 code [0x000001f5b449b6c0, 0x000001f5b449b878]
Event: 11.487 Thread 0x000001f5c9407f10 12425       3       com.google.common.util.concurrent.internal.InternalFutureFailureAccess::<init> (5 bytes)
Event: 11.487 Thread 0x000001f5c9407f10 nmethod 12425 0x000001f5b449b990 code [0x000001f5b449bb20, 0x000001f5b449bc78]
Event: 11.488 Thread 0x000001f5c9407f10 12426       3       java.lang.String::<init> (14 bytes)
Event: 11.489 Thread 0x000001f5c9407f10 nmethod 12426 0x000001f5b449bd10 code [0x000001f5b449bee0, 0x000001f5b449c238]
Event: 11.489 Thread 0x000001f5c9407f10 12428       3       com.android.tools.r8.internal.xa::a (4216 bytes)
Event: 11.490 Thread 0x000001f5cf2c6480 nmethod 12417 0x000001f5bab62510 code [0x000001f5bab626c0, 0x000001f5bab62ab8]
Event: 11.490 Thread 0x000001f5cf2c6480 12423       4       java.util.concurrent.ConcurrentHashMap$ValueIterator::next (34 bytes)
Event: 11.490 Thread 0x000001f5c9406f20 nmethod 12384 0x000001f5bab62e10 code [0x000001f5bab62fe0, 0x000001f5bab63598]
Event: 11.490 Thread 0x000001f5c9406f20 12445       4       com.android.tools.r8.internal.xa::a (148 bytes)
Event: 11.494 Thread 0x000001f5cf2c6480 nmethod 12423 0x000001f5bab63a10 code [0x000001f5bab63ba0, 0x000001f5bab63ff8]
Event: 11.494 Thread 0x000001f5cf2c6480 12399       4       com.android.tools.r8.internal.vt::a (12 bytes)
Event: 11.495 Thread 0x000001f5cf2c6480 nmethod 12399 0x000001f5bab64210 code [0x000001f5bab64380, 0x000001f5bab64438]
Event: 11.495 Thread 0x000001f5cf2c6480 12446       4       com.android.tools.r8.graph.l::q0 (8 bytes)
Event: 11.499 Thread 0x000001f5cf2c6480 nmethod 12446 0x000001f5bab64510 code [0x000001f5bab646a0, 0x000001f5bab649d8]
Event: 11.499 Thread 0x000001f5cf2c6480 12455       4       java.lang.String::<init> (14 bytes)
Event: 11.504 Thread 0x000001f5cf2c6480 nmethod 12455 0x000001f5bab64b90 code [0x000001f5bab64d20, 0x000001f5bab65418]
Event: 11.504 Thread 0x000001f5cf2c6480 12458   !   4       com.android.tools.r8.graph.d1::j0 (91 bytes)

GC Heap History (20 events):
Event: 7.346 GC heap after
{Heap after GC invocations=18 (full 0):
 garbage-first heap   total 147456K, used 66092K [0x0000000080000000, 0x0000000100000000)
  region size 1024K, 6 young (6144K), 6 survivors (6144K)
 Metaspace       used 63131K, committed 64768K, reserved 1114112K
  class space    used 8431K, committed 9280K, reserved 1048576K
}
Event: 7.869 GC heap before
{Heap before GC invocations=18 (full 0):
 garbage-first heap   total 147456K, used 116268K [0x0000000080000000, 0x0000000100000000)
  region size 1024K, 55 young (56320K), 6 survivors (6144K)
 Metaspace       used 68538K, committed 70272K, reserved 1114112K
  class space    used 9308K, committed 10240K, reserved 1048576K
}
Event: 7.878 GC heap after
{Heap after GC invocations=19 (full 0):
 garbage-first heap   total 147456K, used 69862K [0x0000000080000000, 0x0000000100000000)
  region size 1024K, 4 young (4096K), 4 survivors (4096K)
 Metaspace       used 68538K, committed 70272K, reserved 1114112K
  class space    used 9308K, committed 10240K, reserved 1048576K
}
Event: 8.348 GC heap before
{Heap before GC invocations=19 (full 0):
 garbage-first heap   total 147456K, used 117990K [0x0000000080000000, 0x0000000100000000)
  region size 1024K, 51 young (52224K), 4 survivors (4096K)
 Metaspace       used 74353K, committed 76032K, reserved 1179648K
  class space    used 10107K, committed 11008K, reserved 1048576K
}
Event: 8.354 GC heap after
{Heap after GC invocations=20 (full 0):
 garbage-first heap   total 147456K, used 72905K [0x0000000080000000, 0x0000000100000000)
  region size 1024K, 7 young (7168K), 7 survivors (7168K)
 Metaspace       used 74353K, committed 76032K, reserved 1179648K
  class space    used 10107K, committed 11008K, reserved 1048576K
}
Event: 9.010 GC heap before
{Heap before GC invocations=21 (full 0):
 garbage-first heap   total 147456K, used 117961K [0x0000000080000000, 0x0000000100000000)
  region size 1024K, 52 young (53248K), 7 survivors (7168K)
 Metaspace       used 78245K, committed 80000K, reserved 1179648K
  class space    used 10580K, committed 11520K, reserved 1048576K
}
Event: 9.018 GC heap after
{Heap after GC invocations=22 (full 0):
 garbage-first heap   total 147456K, used 78873K [0x0000000080000000, 0x0000000100000000)
  region size 1024K, 7 young (7168K), 7 survivors (7168K)
 Metaspace       used 78245K, committed 80000K, reserved 1179648K
  class space    used 10580K, committed 11520K, reserved 1048576K
}
Event: 9.020 GC heap before
{Heap before GC invocations=22 (full 0):
 garbage-first heap   total 147456K, used 79897K [0x0000000080000000, 0x0000000100000000)
  region size 1024K, 8 young (8192K), 7 survivors (7168K)
 Metaspace       used 78254K, committed 80000K, reserved 1179648K
  class space    used 10582K, committed 11520K, reserved 1048576K
}
Event: 9.026 GC heap after
{Heap after GC invocations=23 (full 0):
 garbage-first heap   total 177152K, used 79976K [0x0000000080000000, 0x0000000100000000)
  region size 1024K, 1 young (1024K), 1 survivors (1024K)
 Metaspace       used 78254K, committed 80000K, reserved 1179648K
  class space    used 10582K, committed 11520K, reserved 1048576K
}
Event: 9.478 GC heap before
{Heap before GC invocations=23 (full 0):
 garbage-first heap   total 177152K, used 137320K [0x0000000080000000, 0x0000000100000000)
  region size 1024K, 58 young (59392K), 1 survivors (1024K)
 Metaspace       used 79550K, committed 81344K, reserved 1179648K
  class space    used 10835K, committed 11776K, reserved 1048576K
}
Event: 9.482 GC heap after
{Heap after GC invocations=24 (full 0):
 garbage-first heap   total 177152K, used 83216K [0x0000000080000000, 0x0000000100000000)
  region size 1024K, 5 young (5120K), 5 survivors (5120K)
 Metaspace       used 79550K, committed 81344K, reserved 1179648K
  class space    used 10835K, committed 11776K, reserved 1048576K
}
Event: 9.908 GC heap before
{Heap before GC invocations=25 (full 0):
 garbage-first heap   total 177152K, used 139536K [0x0000000080000000, 0x0000000100000000)
  region size 1024K, 61 young (62464K), 5 survivors (5120K)
 Metaspace       used 80364K, committed 82176K, reserved 1179648K
  class space    used 10929K, committed 11840K, reserved 1048576K
}
Event: 9.915 GC heap after
{Heap after GC invocations=26 (full 0):
 garbage-first heap   total 177152K, used 87229K [0x0000000080000000, 0x0000000100000000)
  region size 1024K, 8 young (8192K), 8 survivors (8192K)
 Metaspace       used 80364K, committed 82176K, reserved 1179648K
  class space    used 10929K, committed 11840K, reserved 1048576K
}
Event: 9.916 GC heap before
{Heap before GC invocations=26 (full 0):
 garbage-first heap   total 177152K, used 88253K [0x0000000080000000, 0x0000000100000000)
  region size 1024K, 9 young (9216K), 8 survivors (8192K)
 Metaspace       used 80364K, committed 82176K, reserved 1179648K
  class space    used 10929K, committed 11840K, reserved 1048576K
}
Event: 9.921 GC heap after
{Heap after GC invocations=27 (full 0):
 garbage-first heap   total 177152K, used 88042K [0x0000000080000000, 0x0000000100000000)
  region size 1024K, 2 young (2048K), 2 survivors (2048K)
 Metaspace       used 80364K, committed 82176K, reserved 1179648K
  class space    used 10929K, committed 11840K, reserved 1048576K
}
Event: 10.580 GC heap before
{Heap before GC invocations=27 (full 0):
 garbage-first heap   total 177152K, used 141290K [0x0000000080000000, 0x0000000100000000)
  region size 1024K, 55 young (56320K), 2 survivors (2048K)
 Metaspace       used 86010K, committed 87744K, reserved 1179648K
  class space    used 11630K, committed 12544K, reserved 1048576K
}
Event: 10.585 GC heap after
{Heap after GC invocations=28 (full 0):
 garbage-first heap   total 177152K, used 91966K [0x0000000080000000, 0x0000000100000000)
  region size 1024K, 6 young (6144K), 6 survivors (6144K)
 Metaspace       used 86010K, committed 87744K, reserved 1179648K
  class space    used 11630K, committed 12544K, reserved 1048576K
}
Event: 11.157 GC heap before
{Heap before GC invocations=28 (full 0):
 garbage-first heap   total 177152K, used 144190K [0x0000000080000000, 0x0000000100000000)
  region size 1024K, 56 young (57344K), 6 survivors (6144K)
 Metaspace       used 87481K, committed 89280K, reserved 1179648K
  class space    used 11855K, committed 12800K, reserved 1048576K
}
Event: 11.165 GC heap after
{Heap after GC invocations=29 (full 0):
 garbage-first heap   total 177152K, used 95494K [0x0000000080000000, 0x0000000100000000)
  region size 1024K, 4 young (4096K), 4 survivors (4096K)
 Metaspace       used 87481K, committed 89280K, reserved 1179648K
  class space    used 11855K, committed 12800K, reserved 1048576K
}
Event: 11.506 GC heap before
{Heap before GC invocations=29 (full 0):
 garbage-first heap   total 177152K, used 143622K [0x0000000080000000, 0x0000000100000000)
  region size 1024K, 52 young (53248K), 4 survivors (4096K)
 Metaspace       used 93586K, committed 95424K, reserved 1179648K
  class space    used 12865K, committed 13824K, reserved 1048576K
}

Deoptimization events (20 events):
Event: 11.498 Thread 0x000001f5d106e910 Uncommon trap: trap_request=0xffffff45 fr.pc=0x000001f5bab5485c relative=0x000000000000021c
Event: 11.498 Thread 0x000001f5d106e910 Uncommon trap: reason=unstable_if action=reinterpret pc=0x000001f5bab5485c method=com.android.tools.r8.internal.xa.a(I[C)Ljava/lang/Object; @ 22 c2
Event: 11.498 Thread 0x000001f5d106e910 DEOPT PACKING pc=0x000001f5bab5485c sp=0x00000083394fc200
Event: 11.498 Thread 0x000001f5d106e910 DEOPT UNPACKING pc=0x000001f5b2b023a3 sp=0x00000083394fc178 mode 2
Event: 11.498 Thread 0x000001f5d10727a0 Uncommon trap: trap_request=0xffffff45 fr.pc=0x000001f5ba681d88 relative=0x00000000000031a8
Event: 11.498 Thread 0x000001f5d106ede0 Uncommon trap: trap_request=0xffffff45 fr.pc=0x000001f5ba681d88 relative=0x00000000000031a8
Event: 11.498 Thread 0x000001f5d10727a0 Uncommon trap: reason=unstable_if action=reinterpret pc=0x000001f5ba681d88 method=java.util.concurrent.ConcurrentHashMap.get(Ljava/lang/Object;)Ljava/lang/Object; @ 86 c2
Event: 11.498 Thread 0x000001f5d106ede0 Uncommon trap: reason=unstable_if action=reinterpret pc=0x000001f5ba681d88 method=java.util.concurrent.ConcurrentHashMap.get(Ljava/lang/Object;)Ljava/lang/Object; @ 86 c2
Event: 11.498 Thread 0x000001f5d10727a0 DEOPT PACKING pc=0x000001f5ba681d88 sp=0x00000083397fc9a0
Event: 11.498 Thread 0x000001f5d10727a0 DEOPT UNPACKING pc=0x000001f5b2b023a3 sp=0x00000083397fc8b0 mode 2
Event: 11.498 Thread 0x000001f5d106ede0 DEOPT PACKING pc=0x000001f5ba681d88 sp=0x00000083398fcfa0
Event: 11.498 Thread 0x000001f5d106ede0 DEOPT UNPACKING pc=0x000001f5b2b023a3 sp=0x00000083398fceb0 mode 2
Event: 11.499 Thread 0x000001f5d10727a0 Uncommon trap: trap_request=0xffffff45 fr.pc=0x000001f5bab38560 relative=0x0000000000000d40
Event: 11.500 Thread 0x000001f5d10727a0 Uncommon trap: reason=unstable_if action=reinterpret pc=0x000001f5bab38560 method=java.util.concurrent.ConcurrentHashMap.putVal(Ljava/lang/Object;Ljava/lang/Object;Z)Ljava/lang/Object; @ 112 c2
Event: 11.500 Thread 0x000001f5d10727a0 DEOPT PACKING pc=0x000001f5bab38560 sp=0x00000083397fc890
Event: 11.500 Thread 0x000001f5d10727a0 DEOPT UNPACKING pc=0x000001f5b2b023a3 sp=0x00000083397fc820 mode 2
Event: 11.501 Thread 0x000001f5d1070ac0 Uncommon trap: trap_request=0xffffff45 fr.pc=0x000001f5ba599d1c relative=0x00000000000003fc
Event: 11.501 Thread 0x000001f5d1070ac0 Uncommon trap: reason=unstable_if action=reinterpret pc=0x000001f5ba599d1c method=java.lang.StringUTF16.compress([CII)[B @ 13 c2
Event: 11.501 Thread 0x000001f5d1070ac0 DEOPT PACKING pc=0x000001f5ba599d1c sp=0x00000083392fbca0
Event: 11.501 Thread 0x000001f5d1070ac0 DEOPT UNPACKING pc=0x000001f5b2b023a3 sp=0x00000083392fbbe0 mode 2

Classes loaded (20 events):
Event: 11.045 Loading class java/nio/file/Files$2
Event: 11.045 Loading class java/nio/file/Files$2 done
Event: 11.092 Loading class sun/nio/fs/Globs
Event: 11.093 Loading class sun/nio/fs/Globs done
Event: 11.093 Loading class java/util/regex/Pattern$SliceU
Event: 11.093 Loading class java/util/regex/Pattern$SliceU done
Event: 11.093 Loading class sun/nio/fs/WindowsFileSystem$2
Event: 11.094 Loading class java/nio/file/PathMatcher
Event: 11.094 Loading class java/nio/file/PathMatcher done
Event: 11.094 Loading class sun/nio/fs/WindowsFileSystem$2 done
Event: 11.096 Loading class java/nio/file/FileTreeIterator
Event: 11.096 Loading class java/nio/file/FileTreeIterator done
Event: 11.143 Loading class java/util/zip/ZipInputStream
Event: 11.144 Loading class java/util/zip/ZipInputStream done
Event: 11.199 Loading class java/io/UTFDataFormatException
Event: 11.199 Loading class java/io/UTFDataFormatException done
Event: 11.249 Loading class java/util/concurrent/RejectedExecutionException
Event: 11.249 Loading class java/util/concurrent/RejectedExecutionException done
Event: 11.294 Loading class java/lang/reflect/GenericSignatureFormatError
Event: 11.294 Loading class java/lang/reflect/GenericSignatureFormatError done

Classes unloaded (0 events):
No events

Classes redefined (0 events):
No events

Internal exceptions (20 events):
Event: 11.294 Thread 0x000001f5d106e910 Exception <a 'sun/nio/fs/WindowsException'{0x000000008a342798}> (0x000000008a342798) 
thrown [s\open\src\hotspot\share\prims\jni.cpp, line 516]
Event: 11.296 Thread 0x000001f5d106d5d0 Exception <a 'java/lang/IncompatibleClassChangeError'{0x000000008a4f1b50}: Found class java.lang.Object, but interface was expected> (0x000000008a4f1b50) 
thrown [s\open\src\hotspot\share\interpreter\linkResolver.cpp, line 833]
Event: 11.296 Thread 0x000001f5d1071e00 Exception <a 'java/lang/IncompatibleClassChangeError'{0x000000008a4c6320}: Found class java.lang.Object, but interface was expected> (0x000000008a4c6320) 
thrown [s\open\src\hotspot\share\interpreter\linkResolver.cpp, line 833]
Event: 11.296 Thread 0x000001f5d106ede0 Exception <a 'java/lang/IncompatibleClassChangeError'{0x000000008a34f000}: Found class java.lang.Object, but interface was expected> (0x000000008a34f000) 
thrown [s\open\src\hotspot\share\interpreter\linkResolver.cpp, line 833]
Event: 11.296 Thread 0x000001f5d106e910 Exception <a 'java/lang/IncompatibleClassChangeError'{0x000000008a399208}: Found class java.lang.Object, but interface was expected> (0x000000008a399208) 
thrown [s\open\src\hotspot\share\interpreter\linkResolver.cpp, line 833]
Event: 11.296 Thread 0x000001f5d10727a0 Exception <a 'java/lang/IncompatibleClassChangeError'{0x000000008a392020}: Found class java.lang.Object, but interface was expected> (0x000000008a392020) 
thrown [s\open\src\hotspot\share\interpreter\linkResolver.cpp, line 833]
Event: 11.301 Thread 0x000001f5d106e910 Exception <a 'java/lang/NoSuchMethodError'{0x000000008a2ac8b0}: 'java.lang.Object java.lang.invoke.DirectMethodHandle$Holder.newInvokeSpecial(java.lang.Object, java.lang.Object, int, java.lang.Object, java.lang.Object)'> (0x000000008a2ac8b0) 
thrown [s\open\src\hotspot\share\interpreter\linkResolver.cpp, line 766]
Event: 11.301 Thread 0x000001f5d106e910 Exception <a 'java/lang/NoSuchMethodError'{0x000000008a2b1440}: 'java.lang.Object java.lang.invoke.DirectMethodHandle$Holder.invokeSpecial(java.lang.Object, java.lang.Object, java.lang.Object, int, java.lang.Object, java.lang.Object)'> (0x000000008a2b1440) 
thrown [s\open\src\hotspot\share\interpreter\linkResolver.cpp, line 766]
Event: 11.310 Thread 0x000001f5d106ede0 Exception <a 'java/lang/NoSuchMethodError'{0x000000008a2086d8}: 'java.lang.Object java.lang.invoke.DirectMethodHandle$Holder.newInvokeSpecial(java.lang.Object, long)'> (0x000000008a2086d8) 
thrown [s\open\src\hotspot\share\interpreter\linkResolver.cpp, line 766]
Event: 11.310 Thread 0x000001f5d10727a0 Exception <a 'java/lang/NoSuchMethodError'{0x000000008a1aada8}: 'java.lang.Object java.lang.invoke.DirectMethodHandle$Holder.newInvokeSpecial(java.lang.Object, long)'> (0x000000008a1aada8) 
thrown [s\open\src\hotspot\share\interpreter\linkResolver.cpp, line 766]
Event: 11.310 Thread 0x000001f5d106d5d0 Exception <a 'java/lang/NoSuchMethodError'{0x000000008a020788}: 'java.lang.Object java.lang.invoke.DirectMethodHandle$Holder.newInvokeSpecial(java.lang.Object, long)'> (0x000000008a020788) 
thrown [s\open\src\hotspot\share\interpreter\linkResolver.cpp, line 766]
Event: 11.310 Thread 0x000001f5d1071e00 Exception <a 'java/lang/NoSuchMethodError'{0x000000008a03be88}: 'java.lang.Object java.lang.invoke.DirectMethodHandle$Holder.newInvokeSpecial(java.lang.Object, long)'> (0x000000008a03be88) 
thrown [s\open\src\hotspot\share\interpreter\linkResolver.cpp, line 766]
Event: 11.310 Thread 0x000001f5d106e910 Exception <a 'java/lang/NoSuchMethodError'{0x000000008a057858}: 'java.lang.Object java.lang.invoke.DirectMethodHandle$Holder.newInvokeSpecial(java.lang.Object, long)'> (0x000000008a057858) 
thrown [s\open\src\hotspot\share\interpreter\linkResolver.cpp, line 766]
Event: 11.324 Thread 0x000001f5d1071930 Exception <a 'sun/nio/fs/WindowsException'{0x0000000089e8f318}> (0x0000000089e8f318) 
thrown [s\open\src\hotspot\share\prims\jni.cpp, line 516]
Event: 11.382 Thread 0x000001f5d106e910 Exception <a 'java/lang/IncompatibleClassChangeError'{0x000000008910bb18}: Found class java.lang.Object, but interface was expected> (0x000000008910bb18) 
thrown [s\open\src\hotspot\share\interpreter\linkResolver.cpp, line 833]
Event: 11.382 Thread 0x000001f5d1071930 Exception <a 'java/lang/IncompatibleClassChangeError'{0x00000000892f2468}: Found class java.lang.Object, but interface was expected> (0x00000000892f2468) 
thrown [s\open\src\hotspot\share\interpreter\linkResolver.cpp, line 833]
Event: 11.382 Thread 0x000001f5d10727a0 Exception <a 'java/lang/IncompatibleClassChangeError'{0x00000000892f7b90}: Found class java.lang.Object, but interface was expected> (0x00000000892f7b90) 
thrown [s\open\src\hotspot\share\interpreter\linkResolver.cpp, line 833]
Event: 11.434 Thread 0x000001f5d1070ac0 Exception <a 'sun/nio/fs/WindowsException'{0x000000008876eee8}> (0x000000008876eee8) 
thrown [s\open\src\hotspot\share\prims\jni.cpp, line 516]
Event: 11.440 Thread 0x000001f5d1071460 Exception <a 'sun/nio/fs/WindowsException'{0x0000000088689ba0}> (0x0000000088689ba0) 
thrown [s\open\src\hotspot\share\prims\jni.cpp, line 516]
Event: 11.446 Thread 0x000001f5d1071930 Exception <a 'java/lang/NoSuchMethodError'{0x00000000885706d0}: 'java.lang.Object java.lang.invoke.DirectMethodHandle$Holder.invokeStatic(java.lang.Object, int, java.lang.Object, java.lang.Object)'> (0x00000000885706d0) 
thrown [s\open\src\hotspot\share\interpreter\linkResolver.cpp, line 766]

VM Operations (20 events):
Event: 10.862 Executing VM operation: HandshakeAllThreads done
Event: 10.865 Executing VM operation: HandshakeAllThreads
Event: 10.865 Executing VM operation: HandshakeAllThreads done
Event: 11.071 Executing VM operation: HandshakeAllThreads
Event: 11.071 Executing VM operation: HandshakeAllThreads done
Event: 11.086 Executing VM operation: ICBufferFull
Event: 11.088 Executing VM operation: ICBufferFull done
Event: 11.157 Executing VM operation: G1CollectForAllocation
Event: 11.167 Executing VM operation: G1CollectForAllocation done
Event: 11.178 Executing VM operation: HandshakeAllThreads
Event: 11.178 Executing VM operation: HandshakeAllThreads done
Event: 11.207 Executing VM operation: HandshakeAllThreads
Event: 11.207 Executing VM operation: HandshakeAllThreads done
Event: 11.207 Executing VM operation: HandshakeAllThreads
Event: 11.207 Executing VM operation: HandshakeAllThreads done
Event: 11.286 Executing VM operation: HandshakeAllThreads
Event: 11.286 Executing VM operation: HandshakeAllThreads done
Event: 11.394 Executing VM operation: HandshakeAllThreads
Event: 11.394 Executing VM operation: HandshakeAllThreads done
Event: 11.505 Executing VM operation: G1CollectForAllocation

Events (20 events):
Event: 9.344 Thread 0x000001f5c9413c40 flushing nmethod 0x000001f5b4152310
Event: 11.072 Thread 0x000001f5d1070ac0 Thread added: 0x000001f5d1070ac0
Event: 11.073 Thread 0x000001f5d1071930 Thread added: 0x000001f5d1071930
Event: 11.074 Thread 0x000001f5d106e910 Thread added: 0x000001f5d106e910
Event: 11.075 Thread 0x000001f5d1071460 Thread added: 0x000001f5d1071460
Event: 11.081 Thread 0x000001f5d106d5d0 Thread added: 0x000001f5d106d5d0
Event: 11.081 Thread 0x000001f5d10727a0 Thread added: 0x000001f5d10727a0
Event: 11.082 Thread 0x000001f5d106ede0 Thread added: 0x000001f5d106ede0
Event: 11.083 Thread 0x000001f5d1071e00 Thread added: 0x000001f5d1071e00
Event: 11.085 Thread 0x000001f5d106bdc0 Thread added: 0x000001f5d106bdc0
Event: 11.208 Thread 0x000001f5c9413c40 flushing nmethod 0x000001f5ba74ba10
Event: 11.209 Thread 0x000001f5c9413c40 flushing nmethod 0x000001f5ba824090
Event: 11.210 Thread 0x000001f5c9413c40 flushing nmethod 0x000001f5baa58b10
Event: 11.214 Thread 0x000001f5c9413c40 flushing nmethod 0x000001f5b34e6f10
Event: 11.215 Thread 0x000001f5c9413c40 flushing nmethod 0x000001f5b355da90
Event: 11.218 Thread 0x000001f5c9413c40 flushing nmethod 0x000001f5b39e5b90
Event: 11.218 Thread 0x000001f5c9413c40 flushing nmethod 0x000001f5b39eb410
Event: 11.218 Thread 0x000001f5c9413c40 flushing nmethod 0x000001f5b39ee690
Event: 11.219 Thread 0x000001f5c9413c40 flushing nmethod 0x000001f5b3a87c10
Event: 11.223 Thread 0x000001f5c9413c40 flushing nmethod 0x000001f5b4124910


Dynamic libraries:
0x00007ff687d00000 - 0x00007ff687d10000 	C:\Program Files\Java\jdk-18.0.1.1\bin\java.exe
0x00007ffb552e0000 - 0x00007ffb554e9000 	C:\WINDOWS\SYSTEM32\ntdll.dll
0x00007ffb53830000 - 0x00007ffb538ed000 	C:\WINDOWS\System32\KERNEL32.DLL
0x00007ffb529f0000 - 0x00007ffb52d69000 	C:\WINDOWS\System32\KERNELBASE.dll
0x00007ffb52df0000 - 0x00007ffb52f01000 	C:\WINDOWS\System32\ucrtbase.dll
0x00007ffb15800000 - 0x00007ffb15818000 	C:\Program Files\Java\jdk-18.0.1.1\bin\jli.dll
0x00007ffb14ee0000 - 0x00007ffb14efa000 	C:\Program Files\Java\jdk-18.0.1.1\bin\VCRUNTIME140.dll
0x00007ffb543b0000 - 0x00007ffb5445e000 	C:\WINDOWS\System32\ADVAPI32.dll
0x00007ffb53c20000 - 0x00007ffb53cc3000 	C:\WINDOWS\System32\msvcrt.dll
0x00007ffb545f0000 - 0x00007ffb5468e000 	C:\WINDOWS\System32\sechost.dll
0x00007ffb53980000 - 0x00007ffb53aa0000 	C:\WINDOWS\System32\RPCRT4.dll
0x00007ffb53620000 - 0x00007ffb537cc000 	C:\WINDOWS\System32\USER32.dll
0x00007ffb290b0000 - 0x00007ffb29355000 	C:\WINDOWS\WinSxS\amd64_microsoft.windows.common-controls_6595b64144ccf1df_6.0.22000.120_none_9d947278b86cc467\COMCTL32.dll
0x00007ffb52f10000 - 0x00007ffb52f36000 	C:\WINDOWS\System32\win32u.dll
0x00007ffb54810000 - 0x00007ffb54839000 	C:\WINDOWS\System32\GDI32.dll
0x00007ffb52830000 - 0x00007ffb52942000 	C:\WINDOWS\System32\gdi32full.dll
0x00007ffb52950000 - 0x00007ffb529ed000 	C:\WINDOWS\System32\msvcp_win.dll
0x00007ffb4cfd0000 - 0x00007ffb4cfda000 	C:\WINDOWS\SYSTEM32\VERSION.dll
0x00007ffb53170000 - 0x00007ffb531a1000 	C:\WINDOWS\System32\IMM32.DLL
0x00007ffb1b600000 - 0x00007ffb1b60c000 	C:\Program Files\Java\jdk-18.0.1.1\bin\vcruntime140_1.dll
0x00007ffafeb60000 - 0x00007ffafebed000 	C:\Program Files\Java\jdk-18.0.1.1\bin\msvcp140.dll
0x00007ffab9f80000 - 0x00007ffabab90000 	C:\Program Files\Java\jdk-18.0.1.1\bin\server\jvm.dll
0x00007ffb54380000 - 0x00007ffb54388000 	C:\WINDOWS\System32\PSAPI.DLL
0x00007ffb1a790000 - 0x00007ffb1a799000 	C:\WINDOWS\SYSTEM32\WSOCK32.dll
0x00007ffb4d420000 - 0x00007ffb4d453000 	C:\WINDOWS\SYSTEM32\WINMM.dll
0x00007ffb54580000 - 0x00007ffb545ef000 	C:\WINDOWS\System32\WS2_32.dll
0x00007ffb519b0000 - 0x00007ffb519c8000 	C:\WINDOWS\SYSTEM32\kernel.appcore.dll
0x00007ffb1b510000 - 0x00007ffb1b51a000 	C:\Program Files\Java\jdk-18.0.1.1\bin\jimage.dll
0x00007ffb50310000 - 0x00007ffb50531000 	C:\WINDOWS\SYSTEM32\DBGHELP.DLL
0x00007ffb47d30000 - 0x00007ffb47d61000 	C:\WINDOWS\SYSTEM32\dbgcore.DLL
0x00007ffb52d70000 - 0x00007ffb52def000 	C:\WINDOWS\System32\bcryptPrimitives.dll
0x00007ffb14eb0000 - 0x00007ffb14ed5000 	C:\Program Files\Java\jdk-18.0.1.1\bin\java.dll
0x00007ffafea80000 - 0x00007ffafeb56000 	C:\Program Files\Java\jdk-18.0.1.1\bin\jsvml.dll
0x00007ffb54840000 - 0x00007ffb54ff8000 	C:\WINDOWS\System32\SHELL32.dll
0x00007ffb50940000 - 0x00007ffb511a7000 	C:\WINDOWS\SYSTEM32\windows.storage.dll
0x00007ffb53e10000 - 0x00007ffb54189000 	C:\WINDOWS\System32\combase.dll
0x00007ffb507d0000 - 0x00007ffb50936000 	C:\WINDOWS\SYSTEM32\wintypes.dll
0x00007ffb53ab0000 - 0x00007ffb53b9a000 	C:\WINDOWS\System32\SHCORE.dll
0x00007ffb54690000 - 0x00007ffb546ed000 	C:\WINDOWS\System32\shlwapi.dll
0x00007ffb526f0000 - 0x00007ffb52711000 	C:\WINDOWS\SYSTEM32\profapi.dll
0x00007ffb0d690000 - 0x00007ffb0d6a3000 	C:\Program Files\Java\jdk-18.0.1.1\bin\net.dll
0x00007ffb4cde0000 - 0x00007ffb4ceec000 	C:\WINDOWS\SYSTEM32\WINHTTP.dll
0x00007ffb51de0000 - 0x00007ffb51e47000 	C:\WINDOWS\system32\mswsock.dll
0x00007ffaff670000 - 0x00007ffaff686000 	C:\Program Files\Java\jdk-18.0.1.1\bin\nio.dll
0x00007ffaff100000 - 0x00007ffaff118000 	C:\Program Files\Java\jdk-18.0.1.1\bin\zip.dll
0x00007ffb17230000 - 0x00007ffb17240000 	C:\Program Files\Java\jdk-18.0.1.1\bin\verify.dll
0x00007ffb15820000 - 0x00007ffb15847000 	C:\Program Files\Java\jre1.8.0_333\native\e1d6ef7f7dcc3fd88c89a11ec53ec762bb8ba0a96d01ffa2cd45eb1d1d8dd5c5\windows-amd64\native-platform.dll
0x00007ffb32280000 - 0x00007ffb323c4000 	C:\Program Files\Java\jre1.8.0_333\native\5664cfc778a61ccfe75a443a1ab52a65af34e5dc3c78e0209fed803814484fcb\windows-amd64\native-platform-file-events.dll
0x00007ffb15b00000 - 0x00007ffb15b09000 	C:\Program Files\Java\jdk-18.0.1.1\bin\management.dll
0x00007ffb157f0000 - 0x00007ffb157fb000 	C:\Program Files\Java\jdk-18.0.1.1\bin\management_ext.dll
0x00007ffb52030000 - 0x00007ffb52048000 	C:\WINDOWS\SYSTEM32\CRYPTSP.dll
0x00007ffb51910000 - 0x00007ffb51945000 	C:\WINDOWS\system32\rsaenh.dll
0x00007ffb51ed0000 - 0x00007ffb51ef9000 	C:\WINDOWS\SYSTEM32\USERENV.dll
0x00007ffb521a0000 - 0x00007ffb521c7000 	C:\WINDOWS\SYSTEM32\bcrypt.dll
0x00007ffb52020000 - 0x00007ffb5202c000 	C:\WINDOWS\SYSTEM32\CRYPTBASE.dll
0x00007ffb514e0000 - 0x00007ffb5150d000 	C:\WINDOWS\SYSTEM32\IPHLPAPI.DLL
0x00007ffb54370000 - 0x00007ffb54379000 	C:\WINDOWS\System32\NSI.dll
0x00007ffb4cff0000 - 0x00007ffb4d009000 	C:\WINDOWS\SYSTEM32\dhcpcsvc6.DLL
0x00007ffb4d1f0000 - 0x00007ffb4d20e000 	C:\WINDOWS\SYSTEM32\dhcpcsvc.DLL
0x00007ffb51550000 - 0x00007ffb51638000 	C:\WINDOWS\SYSTEM32\DNSAPI.dll

dbghelp: loaded successfully - version: 4.0.5 - missing functions: none
symbol engine: initialized successfully - sym options: 0x614 - pdb path: .;C:\Program Files\Java\jdk-18.0.1.1\bin;C:\WINDOWS\SYSTEM32;C:\WINDOWS\WinSxS\amd64_microsoft.windows.common-controls_6595b64144ccf1df_6.0.22000.120_none_9d947278b86cc467;C:\Program Files\Java\jdk-18.0.1.1\bin\server;C:\Program Files\Java\jre1.8.0_333\native\e1d6ef7f7dcc3fd88c89a11ec53ec762bb8ba0a96d01ffa2cd45eb1d1d8dd5c5\windows-amd64;C:\Program Files\Java\jre1.8.0_333\native\5664cfc778a61ccfe75a443a1ab52a65af34e5dc3c78e0209fed803814484fcb\windows-amd64

VM Arguments:
jvm_args: --add-opens=java.base/java.util=ALL-UNNAMED --add-opens=java.base/java.lang=ALL-UNNAMED --add-opens=java.base/java.lang.invoke=ALL-UNNAMED --add-opens=java.base/java.util=ALL-UNNAMED --add-opens=java.prefs/java.util.prefs=ALL-UNNAMED --add-opens=java.prefs/java.util.prefs=ALL-UNNAMED --add-opens=java.base/java.nio.charset=ALL-UNNAMED --add-opens=java.base/java.net=ALL-UNNAMED --add-opens=java.base/java.util.concurrent.atomic=ALL-UNNAMED -Xmx2048m -Dfile.encoding=UTF-8 -Duser.country=US -Duser.language=en -Duser.variant 
java_command: org.gradle.launcher.daemon.bootstrap.GradleDaemon 7.3.3
java_class_path (initial): C:\Program Files\Java\jre1.8.0_333\wrapper\dists\gradle-7.3.3-bin\6a41zxkdtcxs8rphpq6y0069z\gradle-7.3.3\lib\gradle-launcher-7.3.3.jar
Launcher Type: SUN_STANDARD

[Global flags]
     intx CICompilerCount                          = 4                                         {product} {ergonomic}
     uint ConcGCThreads                            = 2                                         {product} {ergonomic}
     uint G1ConcRefinementThreads                  = 8                                         {product} {ergonomic}
   size_t G1HeapRegionSize                         = 1048576                                   {product} {ergonomic}
    uintx GCDrainStackTargetSize                   = 64                                        {product} {ergonomic}
   size_t InitialHeapSize                          = 132120576                                 {product} {ergonomic}
   size_t MarkStackSize                            = 4194304                                   {product} {ergonomic}
   size_t MaxHeapSize                              = 2147483648                                {product} {command line}
   size_t MaxNewSize                               = 1287651328                                {product} {ergonomic}
   size_t MinHeapDeltaBytes                        = 1048576                                   {product} {ergonomic}
   size_t MinHeapSize                              = 8388608                                   {product} {ergonomic}
    uintx NonNMethodCodeHeapSize                   = 5839372                                {pd product} {ergonomic}
    uintx NonProfiledCodeHeapSize                  = 122909434                              {pd product} {ergonomic}
    uintx ProfiledCodeHeapSize                     = 122909434                              {pd product} {ergonomic}
    uintx ReservedCodeCacheSize                    = 251658240                              {pd product} {ergonomic}
     bool SegmentedCodeCache                       = true                                      {product} {ergonomic}
   size_t SoftMaxHeapSize                          = 2147483648                             {manageable} {ergonomic}
     bool UseCompressedClassPointers               = true                           {product lp64_product} {ergonomic}
     bool UseCompressedOops                        = true                           {product lp64_product} {ergonomic}
     bool UseG1GC                                  = true                                      {product} {ergonomic}
     bool UseLargePagesIndividualAllocation        = false                                  {pd product} {ergonomic}

Logging:
Log output configuration:
 #0: stdout all=warning uptime,level,tags foldmultilines=false
 #1: stderr all=off uptime,level,tags foldmultilines=false

Environment Variables:
JAVA_HOME=C:\Program Files\Java\jdk-18.0.1.1
PATH=C:\Program Files\Common Files\Oracle\Java\javapath;C:\Windows\system32;C:\Windows;C:\Windows\System32\Wbem;C:\Windows\System32\WindowsPowerShell\v1.0\;C:\Windows\System32\OpenSSH\;C:\Program Files (x86)\NVIDIA Corporation\PhysX\Common;C:\Program Files\NVIDIA Corporation\NVIDIA NvDLISR;F:\Git\cmd;C:\WINDOWS\system32;C:\WINDOWS;C:\WINDOWS\System32\Wbem;C:\WINDOWS\System32\WindowsPowerShell\v1.0\;C:\WINDOWS\System32\OpenSSH\;C:\Program Files\Java\jdk-18.0.1.1\bin;C:\Program Files\Java\jdk-18.0.1.1\bin;D:\flutter\bin;C:\Program Files\JetBrains\IntelliJ IDEA Community Edition 2021.3.2\bin;;C:\Users\NoteBook TANDIS\AppData\Local\Microsoft\WindowsApps;dart-sdk;;C:\Users\NoteBook TANDIS\AppData\Local\Programs\Microsoft VS Code\bin
USERNAME=NoteBook TANDIS
OS=Windows_NT
PROCESSOR_IDENTIFIER=Intel64 Family 6 Model 165 Stepping 2, GenuineIntel



---------------  S Y S T E M  ---------------

OS:
 Windows 11 , 64 bit Build 22000 (10.0.22000.708)
OS uptime: 0 days 0:57 hours

CPU: total 8 (initial active 8) (4 cores per cpu, 2 threads per core) family 6 model 165 stepping 2 microcode 0xea, cx8, cmov, fxsr, ht, mmx, 3dnowpref, sse, sse2, sse3, ssse3, sse4.1, sse4.2, popcnt, lzcnt, tsc, tscinvbit, avx, avx2, aes, erms, clmul, bmi1, bmi2, adx, fma, vzeroupper, clflush, clflushopt

Memory: 4k page, system-wide physical 8023M (405M free)
TotalPageFile size 10965M (AvailPageFile size 228M)
current process WorkingSet (physical memory assigned to process): 432M, peak: 432M
current process commit charge ("private bytes"): 475M, peak: 821M

vm_info: Java HotSpot(TM) 64-Bit Server VM (18.0.1.1+2-6) for windows-amd64 JRE (18.0.1.1+2-6), built on Apr 25 2022 21:53:15 by "mach5one" with MS VC++ 16.8 / 16.9 (VS2019)

END.
