#
# There is insufficient memory for the Java Runtime Environment to continue.
# Native memory allocation (mmap) failed to map 91226112 bytes for G1 virtual space
# Possible reasons:
#   The system is out of physical RAM or swap space
#   The process is running with CompressedOops enabled, and the Java Heap may be blocking the growth of the native heap
# Possible solutions:
#   Reduce memory load on the system
#   Increase physical memory or swap space
#   Check if swap backing store is full
#   Decrease Java heap size (-Xmx/-Xms)
#   Decrease number of Java threads
#   Decrease Java thread stack sizes (-Xss)
#   Set larger code cache with -XX:ReservedCodeCacheSize=
#   JVM is running with Unscaled Compressed Oops mode in which the Java heap is
#     placed in the first 4GB address space. The Java Heap base address is the
#     maximum limit for the native heap growth. Please use -XX:HeapBaseMinAddress
#     to set the Java Heap base and to place the Java Heap above 4GB virtual address.
# This output file may be truncated or incomplete.
#
#  Out of Memory Error (os_windows.cpp:3530), pid=15624, tid=15628
#
# JRE version: Java(TM) SE Runtime Environment (18.0.1.1+2) (build 18.0.1.1+2-6)
# Java VM: Java HotSpot(TM) 64-Bit Server VM (18.0.1.1+2-6, mixed mode, sharing, tiered, compressed oops, compressed class ptrs, g1 gc, windows-amd64)
# No core dump will be written. Minidumps are not enabled by default on client versions of Windows
#

---------------  S U M M A R Y ------------

Command Line: --add-opens=java.base/java.util=ALL-UNNAMED --add-opens=java.base/java.lang=ALL-UNNAMED --add-opens=java.base/java.lang.invoke=ALL-UNNAMED --add-opens=java.base/java.util=ALL-UNNAMED --add-opens=java.prefs/java.util.prefs=ALL-UNNAMED --add-opens=java.prefs/java.util.prefs=ALL-UNNAMED --add-opens=java.base/java.nio.charset=ALL-UNNAMED --add-opens=java.base/java.net=ALL-UNNAMED --add-opens=java.base/java.util.concurrent.atomic=ALL-UNNAMED -Xmx2048m -Dfile.encoding=UTF-8 -Duser.country=US -Duser.language=en -Duser.variant org.gradle.launcher.daemon.bootstrap.GradleDaemon 7.3.3

Host: Intel(R) Core(TM) i5-10300H CPU @ 2.50GHz, 8 cores, 7G,  Windows 11 , 64 bit Build 22000 (10.0.22000.708)
Time: Mon Jul 11 12:11:28 2022 Iran Daylight Time elapsed time: 6.561753 seconds (0d 0h 0m 6s)

---------------  T H R E A D  ---------------

Current thread (0x000001bf959c01c0):  VMThread "VM Thread" [stack: 0x000000a59aa00000,0x000000a59ab00000] [id=15628]

Stack: [0x000000a59aa00000,0x000000a59ab00000]
Native frames: (J=compiled Java code, j=interpreted, Vv=VM code, C=native code)
V  [jvm.dll+0x69887a]
V  [jvm.dll+0x7f38bd]
V  [jvm.dll+0x7f51ce]
V  [jvm.dll+0x7f5883]
V  [jvm.dll+0x25ca3f]
V  [jvm.dll+0x6957c9]
V  [jvm.dll+0x68a2fa]
V  [jvm.dll+0x321efb]
V  [jvm.dll+0x3298d6]
V  [jvm.dll+0x37e47e]
V  [jvm.dll+0x37e6af]
V  [jvm.dll+0x2f9c7a]
V  [jvm.dll+0x2f9d27]
V  [jvm.dll+0x33e262]
V  [jvm.dll+0x33c804]
V  [jvm.dll+0x2f9450]
V  [jvm.dll+0x33bddb]
V  [jvm.dll+0x7fa66b]
V  [jvm.dll+0x7fb404]
V  [jvm.dll+0x7fb93c]
V  [jvm.dll+0x7fbd94]
V  [jvm.dll+0x7fbe57]
V  [jvm.dll+0x7a03ea]
V  [jvm.dll+0x697725]
C  [ucrtbase.dll+0x26c0c]
C  [KERNEL32.DLL+0x154e0]
C  [ntdll.dll+0x485b]

VM_Operation (0x000000a59c8fdba0): G1CollectForAllocation, mode: safepoint, requested by thread 0x000001bf9b945950


---------------  P R O C E S S  ---------------

Threads class SMR info:
_java_thread_list=0x000001bfa0282520, length=137, elements={
0x000001bff558cf70, 0x000001bf959c5b10, 0x000001bf959c63c0, 0x000001bf959e0860,
0x000001bf959e1110, 0x000001bf959e1fd0, 0x000001bf959e3890, 0x000001bf959e6c90,
0x000001bf959e7580, 0x000001bf95a07350, 0x000001bf99cd21b0, 0x000001bf99cd3650,
0x000001bf9a445a20, 0x000001bf9afe3920, 0x000001bf9b2245b0, 0x000001bf9b2b9010,
0x000001bf9b535ff0, 0x000001bf9b5364b0, 0x000001bf9b61c2b0, 0x000001bf9b938020,
0x000001bf9b93cd00, 0x000001bf9b944fb0, 0x000001bf9b9437a0, 0x000001bf9b942e00,
0x000001bf9b945480, 0x000001bf9b945950, 0x000001bf9b9462f0, 0x000001bf9b5bb1d0,
0x000001bf9b942930, 0x000001bf9b944140, 0x000001bf9b944610, 0x000001bf9b944ae0,
0x000001bf9bfd6ad0, 0x000001bf9bfda960, 0x000001bf9bfd4450, 0x000001bf9bfd35e0,
0x000001bf9bfd4920, 0x000001bf9bfd87b0, 0x000001bf9bfd5790, 0x000001bf9bfd6130,
0x000001bf9bfda490, 0x000001bf9bfd7e10, 0x000001bf9bfd52c0, 0x000001bf9bfd9620,
0x000001bf9bfd3ab0, 0x000001bf9bfd6fa0, 0x000001bf9bfd5c60, 0x000001bf9bfd9fc0,
0x000001bf9bfd3f80, 0x000001bf9bfd4df0, 0x000001bf9bf9f230, 0x000001bf9bf9c210,
0x000001bf9bf9f700, 0x000001bf9bf9c6e0, 0x000001bf9bfa00a0, 0x000001bf9bf9b870,
0x000001bf9bf9d550, 0x000001bf9bf9aed0, 0x000001bf9bf9a060, 0x000001bf9bf9bd40,
0x000001bf9bf9b3a0, 0x000001bf9bfa13e0, 0x000001bf9bf9a530, 0x000001bf9bf9da20,
0x000001bf9bf9cbb0, 0x000001bf9bf9e3c0, 0x000001bf9bf9d080, 0x000001bf9bfa18b0,
0x000001bf9bfa0570, 0x000001bf9bf9def0, 0x000001bf9bf9aa00, 0x000001bf9bf9ed60,
0x000001bf9bf9fbd0, 0x000001bf9bf9e890, 0x000001bf9bfa0a40, 0x000001bf9bfa0f10,
0x000001bf9eed45a0, 0x000001bf9eed3730, 0x000001bf9eed75c0, 0x000001bf9eed92a0,
0x000001bf9eed3c00, 0x000001bf9eed2d90, 0x000001bf9eed4a70, 0x000001bf9eed7a90,
0x000001bf9eed3260, 0x000001bf9eed7f60, 0x000001bf9eed70f0, 0x000001bf9eed6c20,
0x000001bf9eed8430, 0x000001bf9eed4f40, 0x000001bf9eed8900, 0x000001bf9eed8dd0,
0x000001bf9eed5db0, 0x000001bf9eed5410, 0x000001bf9eed9770, 0x000001bf9eed58e0,
0x000001bf9eed9c40, 0x000001bf9eed40d0, 0x000001bf9eeda110, 0x000001bf9eed28c0,
0x000001bf9eed6280, 0x000001bf9eed6750, 0x000001bf9ed9dc80, 0x000001bf9eda1170,
0x000001bf9ed9c470, 0x000001bf9ed9f960, 0x000001bf9ed9c940, 0x000001bf9ed9ce10,
0x000001bf9ed9bfa0, 0x000001bf9ed9e150, 0x000001bf9ed9e620, 0x000001bf9eda37f0,
0x000001bf9ed9d2e0, 0x000001bf9ed9eaf0, 0x000001bf9eda0ca0, 0x000001bf9eda07d0,
0x000001bf9ed9efc0, 0x000001bf9eda2980, 0x000001bf9eda1640, 0x000001bf9eda1b10,
0x000001bf9ed9f490, 0x000001bf9eda1fe0, 0x000001bf9ed9fe30, 0x000001bf9eda0300,
0x000001bf9ed9d7b0, 0x000001bf9eda3320, 0x000001bf9f8fbe90, 0x000001bf9f8fd6a0,
0x000001bf9f8fc360, 0x000001bf9f8fe510, 0x000001bf9f8feeb0, 0x000001bf9f8fa680,
0x000001bf9f8fc830, 0x000001bf9f8fd1d0, 0x000001bf9f901530, 0x000001bf9f8fdb70,
0x000001bf9f8fe040
}

Java Threads: ( => current thread )
  0x000001bff558cf70 JavaThread "main" [_thread_blocked, id=13944, stack(0x000000a59a400000,0x000000a59a500000)]
  0x000001bf959c5b10 JavaThread "Reference Handler" daemon [_thread_blocked, id=16456, stack(0x000000a59ab00000,0x000000a59ac00000)]
  0x000001bf959c63c0 JavaThread "Finalizer" daemon [_thread_blocked, id=532, stack(0x000000a59ac00000,0x000000a59ad00000)]
  0x000001bf959e0860 JavaThread "Signal Dispatcher" daemon [_thread_blocked, id=1528, stack(0x000000a59ad00000,0x000000a59ae00000)]
  0x000001bf959e1110 JavaThread "Attach Listener" daemon [_thread_blocked, id=7060, stack(0x000000a59ae00000,0x000000a59af00000)]
  0x000001bf959e1fd0 JavaThread "Service Thread" daemon [_thread_blocked, id=2252, stack(0x000000a59af00000,0x000000a59b000000)]
  0x000001bf959e3890 JavaThread "Monitor Deflation Thread" daemon [_thread_blocked, id=6020, stack(0x000000a59b000000,0x000000a59b100000)]
  0x000001bf959e6c90 JavaThread "C2 CompilerThread0" daemon [_thread_blocked, id=8632, stack(0x000000a59b100000,0x000000a59b200000)]
  0x000001bf959e7580 JavaThread "C1 CompilerThread0" daemon [_thread_blocked, id=15396, stack(0x000000a59b200000,0x000000a59b300000)]
  0x000001bf95a07350 JavaThread "Sweeper thread" daemon [_thread_blocked, id=17392, stack(0x000000a59b300000,0x000000a59b400000)]
  0x000001bf99cd21b0 JavaThread "Common-Cleaner" daemon [_thread_blocked, id=5332, stack(0x000000a59b400000,0x000000a59b500000)]
  0x000001bf99cd3650 JavaThread "Notification Thread" daemon [_thread_blocked, id=9224, stack(0x000000a59b500000,0x000000a59b600000)]
  0x000001bf9a445a20 JavaThread "C2 CompilerThread1" daemon [_thread_blocked, id=16920, stack(0x000000a59b700000,0x000000a59b800000)]
  0x000001bf9afe3920 JavaThread "Daemon health stats" [_thread_blocked, id=17064, stack(0x000000a59bc00000,0x000000a59bd00000)]
  0x000001bf9b2245b0 JavaThread "Incoming local TCP Connector on port 59855" [_thread_in_native, id=12944, stack(0x000000a59bd00000,0x000000a59be00000)]
  0x000001bf9b2b9010 JavaThread "Daemon periodic checks" [_thread_blocked, id=9924, stack(0x000000a59be00000,0x000000a59bf00000)]
  0x000001bf9b535ff0 JavaThread "Daemon" [_thread_blocked, id=17140, stack(0x000000a59bf00000,0x000000a59c000000)]
  0x000001bf9b5364b0 JavaThread "Handler for socket connection from /127.0.0.1:59855 to /127.0.0.1:59856" [_thread_in_native, id=784, stack(0x000000a59c000000,0x000000a59c100000)]
  0x000001bf9b61c2b0 JavaThread "Cancel handler" [_thread_blocked, id=16084, stack(0x000000a59c100000,0x000000a59c200000)]
  0x000001bf9b938020 JavaThread "Daemon worker" [_thread_blocked, id=592, stack(0x000000a59c200000,0x000000a59c300000)]
  0x000001bf9b93cd00 JavaThread "Asynchronous log dispatcher for DefaultDaemonConnection: socket connection from /127.0.0.1:59855 to /127.0.0.1:59856" [_thread_blocked, id=6892, stack(0x000000a59c300000,0x000000a59c400000)]
  0x000001bf9b944fb0 JavaThread "Stdin handler" [_thread_blocked, id=14736, stack(0x000000a59c400000,0x000000a59c500000)]
  0x000001bf9b9437a0 JavaThread "Daemon client event forwarder" [_thread_blocked, id=15496, stack(0x000000a59c500000,0x000000a59c600000)]
  0x000001bf9b942e00 JavaThread "Cache worker for journal cache (C:\Program Files\Java\jre1.8.0_333\caches\journal-1)" [_thread_blocked, id=3328, stack(0x000000a59c600000,0x000000a59c700000)]
  0x000001bf9b945480 JavaThread "File lock request listener" [_thread_in_native, id=12724, stack(0x000000a59c700000,0x000000a59c800000)]
  0x000001bf9b945950 JavaThread "Cache worker for file hash cache (C:\Program Files\Java\jre1.8.0_333\caches\7.3.3\fileHashes)" [_thread_blocked, id=8728, stack(0x000000a59c800000,0x000000a59c900000)]
  0x000001bf9b9462f0 JavaThread "Cache worker for file hash cache (D:\BatteryManager\.gradle\7.3.3\fileHashes)" [_thread_blocked, id=15564, stack(0x000000a59c900000,0x000000a59ca00000)]
  0x000001bf9b5bb1d0 JavaThread "C2 CompilerThread2" daemon [_thread_blocked, id=16720, stack(0x000000a59cd00000,0x000000a59ce00000)]
  0x000001bf9b942930 JavaThread "File watcher server" daemon [_thread_blocked, id=10804, stack(0x000000a59ce00000,0x000000a59cf00000)]
  0x000001bf9b944140 JavaThread "File watcher consumer" daemon [_thread_blocked, id=11700, stack(0x000000a59cf00000,0x000000a59d000000)]
  0x000001bf9b944610 JavaThread "Cache worker for checksums cache (D:\BatteryManager\.gradle\7.3.3\checksums)" [_thread_blocked, id=12524, stack(0x000000a59d000000,0x000000a59d100000)]
  0x000001bf9b944ae0 JavaThread "Cache worker for cache directory md-supplier (C:\Program Files\Java\jre1.8.0_333\caches\7.3.3\md-supplier)" [_thread_blocked, id=11576, stack(0x000000a59d100000,0x000000a59d200000)]
  0x000001bf9bfd6ad0 JavaThread "Cache worker for cache directory md-rule (C:\Program Files\Java\jre1.8.0_333\caches\7.3.3\md-rule)" [_thread_blocked, id=4140, stack(0x000000a59d300000,0x000000a59d400000)]
  0x000001bf9bfda960 JavaThread "Cache worker for execution history cache (C:\Program Files\Java\jre1.8.0_333\caches\7.3.3\executionHistory)" [_thread_blocked, id=5044, stack(0x000000a59d400000,0x000000a59d500000)]
  0x000001bf9bfd4450 JavaThread "jar transforms" [_thread_blocked, id=9096, stack(0x000000a59d500000,0x000000a59d600000)]
  0x000001bf9bfd35e0 JavaThread "Cache worker for file content cache (C:\Program Files\Java\jre1.8.0_333\caches\7.3.3\fileContent)" [_thread_blocked, id=15280, stack(0x000000a59d600000,0x000000a59d700000)]
  0x000001bf9bfd4920 JavaThread "jar transforms Thread 2" [_thread_blocked, id=17256, stack(0x000000a59d700000,0x000000a59d800000)]
  0x000001bf9bfd87b0 JavaThread "Cache worker for dependencies-accessors (D:\BatteryManager\.gradle\7.3.3\dependencies-accessors)" [_thread_blocked, id=7720, stack(0x000000a59d800000,0x000000a59d900000)]
  0x000001bf9bfd5790 JavaThread "jar transforms Thread 3" [_thread_blocked, id=15964, stack(0x000000a59d900000,0x000000a59da00000)]
  0x000001bf9bfd6130 JavaThread "Cache worker for Build Output Cleanup Cache (D:\BatteryManager\.gradle\buildOutputCleanup)" [_thread_blocked, id=9996, stack(0x000000a59da00000,0x000000a59db00000)]
  0x000001bf9bfda490 JavaThread "Unconstrained build operations" [_thread_blocked, id=2796, stack(0x000000a59db00000,0x000000a59dc00000)]
  0x000001bf9bfd7e10 JavaThread "Unconstrained build operations Thread 2" [_thread_blocked, id=3044, stack(0x000000a59dc00000,0x000000a59dd00000)]
  0x000001bf9bfd52c0 JavaThread "Unconstrained build operations Thread 3" [_thread_blocked, id=10308, stack(0x000000a59dd00000,0x000000a59de00000)]
  0x000001bf9bfd9620 JavaThread "Unconstrained build operations Thread 4" [_thread_blocked, id=7416, stack(0x000000a59de00000,0x000000a59df00000)]
  0x000001bf9bfd3ab0 JavaThread "Unconstrained build operations Thread 5" [_thread_blocked, id=12692, stack(0x000000a59df00000,0x000000a59e000000)]
  0x000001bf9bfd6fa0 JavaThread "Unconstrained build operations Thread 6" [_thread_blocked, id=14220, stack(0x000000a59e000000,0x000000a59e100000)]
  0x000001bf9bfd5c60 JavaThread "Unconstrained build operations Thread 7" [_thread_blocked, id=4404, stack(0x000000a59e100000,0x000000a59e200000)]
  0x000001bf9bfd9fc0 JavaThread "Unconstrained build operations Thread 8" [_thread_blocked, id=2564, stack(0x000000a59e200000,0x000000a59e300000)]
  0x000001bf9bfd3f80 JavaThread "Unconstrained build operations Thread 9" [_thread_blocked, id=12912, stack(0x000000a59e300000,0x000000a59e400000)]
  0x000001bf9bfd4df0 JavaThread "Unconstrained build operations Thread 10" [_thread_blocked, id=15948, stack(0x000000a59e400000,0x000000a59e500000)]
  0x000001bf9bf9f230 JavaThread "Unconstrained build operations Thread 11" [_thread_blocked, id=4756, stack(0x000000a59e500000,0x000000a59e600000)]
  0x000001bf9bf9c210 JavaThread "Unconstrained build operations Thread 12" [_thread_blocked, id=16784, stack(0x000000a59e600000,0x000000a59e700000)]
  0x000001bf9bf9f700 JavaThread "Unconstrained build operations Thread 13" [_thread_blocked, id=6868, stack(0x000000a59e700000,0x000000a59e800000)]
  0x000001bf9bf9c6e0 JavaThread "Unconstrained build operations Thread 14" [_thread_blocked, id=3224, stack(0x000000a59e800000,0x000000a59e900000)]
  0x000001bf9bfa00a0 JavaThread "Unconstrained build operations Thread 15" [_thread_blocked, id=3480, stack(0x000000a59e900000,0x000000a59ea00000)]
  0x000001bf9bf9b870 JavaThread "Unconstrained build operations Thread 16" [_thread_blocked, id=14808, stack(0x000000a59ea00000,0x000000a59eb00000)]
  0x000001bf9bf9d550 JavaThread "Unconstrained build operations Thread 17" [_thread_blocked, id=14224, stack(0x000000a59eb00000,0x000000a59ec00000)]
  0x000001bf9bf9aed0 JavaThread "Unconstrained build operations Thread 18" [_thread_blocked, id=6884, stack(0x000000a59ec00000,0x000000a59ed00000)]
  0x000001bf9bf9a060 JavaThread "Unconstrained build operations Thread 19" [_thread_blocked, id=4372, stack(0x000000a59ed00000,0x000000a59ee00000)]
  0x000001bf9bf9bd40 JavaThread "Unconstrained build operations Thread 20" [_thread_blocked, id=7776, stack(0x000000a59ee00000,0x000000a59ef00000)]
  0x000001bf9bf9b3a0 JavaThread "Unconstrained build operations Thread 21" [_thread_blocked, id=11604, stack(0x000000a59ef00000,0x000000a59f000000)]
  0x000001bf9bfa13e0 JavaThread "Unconstrained build operations Thread 22" [_thread_blocked, id=12012, stack(0x000000a59f000000,0x000000a59f100000)]
  0x000001bf9bf9a530 JavaThread "Unconstrained build operations Thread 23" [_thread_blocked, id=10248, stack(0x000000a59f100000,0x000000a59f200000)]
  0x000001bf9bf9da20 JavaThread "Unconstrained build operations Thread 24" [_thread_blocked, id=176, stack(0x000000a59f200000,0x000000a59f300000)]
  0x000001bf9bf9cbb0 JavaThread "Unconstrained build operations Thread 25" [_thread_blocked, id=4596, stack(0x000000a59f300000,0x000000a59f400000)]
  0x000001bf9bf9e3c0 JavaThread "Unconstrained build operations Thread 26" [_thread_blocked, id=14288, stack(0x000000a59f400000,0x000000a59f500000)]
  0x000001bf9bf9d080 JavaThread "Unconstrained build operations Thread 27" [_thread_blocked, id=10360, stack(0x000000a59f500000,0x000000a59f600000)]
  0x000001bf9bfa18b0 JavaThread "Unconstrained build operations Thread 28" [_thread_blocked, id=13800, stack(0x000000a59f600000,0x000000a59f700000)]
  0x000001bf9bfa0570 JavaThread "Unconstrained build operations Thread 29" [_thread_blocked, id=8212, stack(0x000000a59f700000,0x000000a59f800000)]
  0x000001bf9bf9def0 JavaThread "Unconstrained build operations Thread 30" [_thread_blocked, id=4220, stack(0x000000a59f800000,0x000000a59f900000)]
  0x000001bf9bf9aa00 JavaThread "Unconstrained build operations Thread 31" [_thread_blocked, id=3016, stack(0x000000a59f900000,0x000000a59fa00000)]
  0x000001bf9bf9ed60 JavaThread "Unconstrained build operations Thread 32" [_thread_blocked, id=14792, stack(0x000000a59fa00000,0x000000a59fb00000)]
  0x000001bf9bf9fbd0 JavaThread "Unconstrained build operations Thread 33" [_thread_blocked, id=16788, stack(0x000000a59fb00000,0x000000a59fc00000)]
  0x000001bf9bf9e890 JavaThread "Unconstrained build operations Thread 34" [_thread_blocked, id=16876, stack(0x000000a59fc00000,0x000000a59fd00000)]
  0x000001bf9bfa0a40 JavaThread "Unconstrained build operations Thread 35" [_thread_blocked, id=13668, stack(0x000000a59fd00000,0x000000a59fe00000)]
  0x000001bf9bfa0f10 JavaThread "Unconstrained build operations Thread 36" [_thread_blocked, id=5220, stack(0x000000a59fe00000,0x000000a59ff00000)]
  0x000001bf9eed45a0 JavaThread "Unconstrained build operations Thread 37" [_thread_blocked, id=6972, stack(0x000000a59ff00000,0x000000a5a0000000)]
  0x000001bf9eed3730 JavaThread "Unconstrained build operations Thread 38" [_thread_blocked, id=2196, stack(0x000000a5a0000000,0x000000a5a0100000)]
  0x000001bf9eed75c0 JavaThread "Unconstrained build operations Thread 39" [_thread_blocked, id=7656, stack(0x000000a5a0100000,0x000000a5a0200000)]
  0x000001bf9eed92a0 JavaThread "Unconstrained build operations Thread 40" [_thread_blocked, id=8200, stack(0x000000a5a0200000,0x000000a5a0300000)]
  0x000001bf9eed3c00 JavaThread "Unconstrained build operations Thread 41" [_thread_blocked, id=5784, stack(0x000000a5a0300000,0x000000a5a0400000)]
  0x000001bf9eed2d90 JavaThread "Unconstrained build operations Thread 42" [_thread_blocked, id=8968, stack(0x000000a5a0400000,0x000000a5a0500000)]
  0x000001bf9eed4a70 JavaThread "Unconstrained build operations Thread 43" [_thread_blocked, id=13412, stack(0x000000a5a0500000,0x000000a5a0600000)]
  0x000001bf9eed7a90 JavaThread "Unconstrained build operations Thread 44" [_thread_blocked, id=13548, stack(0x000000a5a0600000,0x000000a5a0700000)]
  0x000001bf9eed3260 JavaThread "Unconstrained build operations Thread 45" [_thread_blocked, id=1496, stack(0x000000a5a0700000,0x000000a5a0800000)]
  0x000001bf9eed7f60 JavaThread "Unconstrained build operations Thread 46" [_thread_blocked, id=17068, stack(0x000000a5a0800000,0x000000a5a0900000)]
  0x000001bf9eed70f0 JavaThread "Unconstrained build operations Thread 47" [_thread_blocked, id=16752, stack(0x000000a5a0900000,0x000000a5a0a00000)]
  0x000001bf9eed6c20 JavaThread "Unconstrained build operations Thread 48" [_thread_blocked, id=8148, stack(0x000000a5a0a00000,0x000000a5a0b00000)]
  0x000001bf9eed8430 JavaThread "Unconstrained build operations Thread 49" [_thread_blocked, id=15596, stack(0x000000a5a0b00000,0x000000a5a0c00000)]
  0x000001bf9eed4f40 JavaThread "Unconstrained build operations Thread 50" [_thread_blocked, id=10960, stack(0x000000a5a0c00000,0x000000a5a0d00000)]
  0x000001bf9eed8900 JavaThread "Unconstrained build operations Thread 51" [_thread_blocked, id=14948, stack(0x000000a5a0d00000,0x000000a5a0e00000)]
  0x000001bf9eed8dd0 JavaThread "Unconstrained build operations Thread 52" [_thread_blocked, id=10488, stack(0x000000a5a0e00000,0x000000a5a0f00000)]
  0x000001bf9eed5db0 JavaThread "Unconstrained build operations Thread 53" [_thread_blocked, id=11864, stack(0x000000a5a0f00000,0x000000a5a1000000)]
  0x000001bf9eed5410 JavaThread "Unconstrained build operations Thread 54" [_thread_blocked, id=16268, stack(0x000000a5a1000000,0x000000a5a1100000)]
  0x000001bf9eed9770 JavaThread "Unconstrained build operations Thread 55" [_thread_blocked, id=14988, stack(0x000000a5a1100000,0x000000a5a1200000)]
  0x000001bf9eed58e0 JavaThread "Unconstrained build operations Thread 56" [_thread_blocked, id=11544, stack(0x000000a5a1200000,0x000000a5a1300000)]
  0x000001bf9eed9c40 JavaThread "Unconstrained build operations Thread 57" [_thread_blocked, id=9740, stack(0x000000a5a1300000,0x000000a5a1400000)]
  0x000001bf9eed40d0 JavaThread "Unconstrained build operations Thread 58" [_thread_blocked, id=16452, stack(0x000000a5a1400000,0x000000a5a1500000)]
  0x000001bf9eeda110 JavaThread "Unconstrained build operations Thread 59" [_thread_blocked, id=1824, stack(0x000000a5a1500000,0x000000a5a1600000)]
  0x000001bf9eed28c0 JavaThread "Unconstrained build operations Thread 60" [_thread_blocked, id=15924, stack(0x000000a5a1600000,0x000000a5a1700000)]
  0x000001bf9eed6280 JavaThread "Unconstrained build operations Thread 61" [_thread_blocked, id=4548, stack(0x000000a5a1700000,0x000000a5a1800000)]
  0x000001bf9eed6750 JavaThread "Unconstrained build operations Thread 62" [_thread_blocked, id=14912, stack(0x000000a5a1800000,0x000000a5a1900000)]
  0x000001bf9ed9dc80 JavaThread "Unconstrained build operations Thread 63" [_thread_blocked, id=11736, stack(0x000000a5a1900000,0x000000a5a1a00000)]
  0x000001bf9eda1170 JavaThread "Unconstrained build operations Thread 64" [_thread_blocked, id=9400, stack(0x000000a5a1a00000,0x000000a5a1b00000)]
  0x000001bf9ed9c470 JavaThread "Unconstrained build operations Thread 65" [_thread_blocked, id=16292, stack(0x000000a5a1b00000,0x000000a5a1c00000)]
  0x000001bf9ed9f960 JavaThread "Unconstrained build operations Thread 66" [_thread_blocked, id=16244, stack(0x000000a5a1c00000,0x000000a5a1d00000)]
  0x000001bf9ed9c940 JavaThread "Unconstrained build operations Thread 67" [_thread_blocked, id=14852, stack(0x000000a5a1d00000,0x000000a5a1e00000)]
  0x000001bf9ed9ce10 JavaThread "Unconstrained build operations Thread 68" [_thread_blocked, id=12220, stack(0x000000a5a1e00000,0x000000a5a1f00000)]
  0x000001bf9ed9bfa0 JavaThread "Unconstrained build operations Thread 69" [_thread_blocked, id=2404, stack(0x000000a5a1f00000,0x000000a5a2000000)]
  0x000001bf9ed9e150 JavaThread "Unconstrained build operations Thread 70" [_thread_blocked, id=1760, stack(0x000000a5a2000000,0x000000a5a2100000)]
  0x000001bf9ed9e620 JavaThread "Unconstrained build operations Thread 71" [_thread_blocked, id=5868, stack(0x000000a5a2100000,0x000000a5a2200000)]
  0x000001bf9eda37f0 JavaThread "Unconstrained build operations Thread 72" [_thread_blocked, id=13968, stack(0x000000a5a2200000,0x000000a5a2300000)]
  0x000001bf9ed9d2e0 JavaThread "Unconstrained build operations Thread 73" [_thread_blocked, id=16868, stack(0x000000a5a2300000,0x000000a5a2400000)]
  0x000001bf9ed9eaf0 JavaThread "Unconstrained build operations Thread 74" [_thread_blocked, id=8836, stack(0x000000a5a2400000,0x000000a5a2500000)]
  0x000001bf9eda0ca0 JavaThread "Unconstrained build operations Thread 75" [_thread_blocked, id=15660, stack(0x000000a5a2500000,0x000000a5a2600000)]
  0x000001bf9eda07d0 JavaThread "Unconstrained build operations Thread 76" [_thread_blocked, id=17136, stack(0x000000a5a2600000,0x000000a5a2700000)]
  0x000001bf9ed9efc0 JavaThread "Unconstrained build operations Thread 77" [_thread_blocked, id=10376, stack(0x000000a5a2700000,0x000000a5a2800000)]
  0x000001bf9eda2980 JavaThread "Unconstrained build operations Thread 78" [_thread_blocked, id=2656, stack(0x000000a5a2800000,0x000000a5a2900000)]
  0x000001bf9eda1640 JavaThread "Unconstrained build operations Thread 79" [_thread_blocked, id=8320, stack(0x000000a5a2900000,0x000000a5a2a00000)]
  0x000001bf9eda1b10 JavaThread "Unconstrained build operations Thread 80" [_thread_blocked, id=2212, stack(0x000000a5a2a00000,0x000000a5a2b00000)]
  0x000001bf9ed9f490 JavaThread "jar transforms Thread 4" [_thread_blocked, id=11568, stack(0x000000a5a2b00000,0x000000a5a2c00000)]
  0x000001bf9eda1fe0 JavaThread "jar transforms Thread 5" [_thread_blocked, id=17276, stack(0x000000a5a2c00000,0x000000a5a2d00000)]
  0x000001bf9ed9fe30 JavaThread "jar transforms Thread 6" [_thread_blocked, id=3540, stack(0x000000a5a2d00000,0x000000a5a2e00000)]
  0x000001bf9eda0300 JavaThread "jar transforms Thread 7" [_thread_blocked, id=12068, stack(0x000000a5a2e00000,0x000000a5a2f00000)]
  0x000001bf9ed9d7b0 JavaThread "jar transforms Thread 8" [_thread_blocked, id=7476, stack(0x000000a5a2f00000,0x000000a5a3000000)]
  0x000001bf9eda3320 JavaThread "Memory manager" [_thread_blocked, id=13796, stack(0x000000a5a3100000,0x000000a5a3200000)]
  0x000001bf9f8fbe90 JavaThread "build event listener" [_thread_blocked, id=2424, stack(0x000000a5a3200000,0x000000a5a3300000)]
  0x000001bf9f8fd6a0 JavaThread "pool-3-thread-1" [_thread_blocked, id=16596, stack(0x000000a5a3300000,0x000000a5a3400000)]
  0x000001bf9f8fc360 JavaThread "build event listener" [_thread_blocked, id=6648, stack(0x000000a5a3400000,0x000000a5a3500000)]
  0x000001bf9f8fe510 JavaThread "Execution worker for ':'" [_thread_blocked, id=2100, stack(0x000000a5a3500000,0x000000a5a3600000)]
  0x000001bf9f8feeb0 JavaThread "Execution worker for ':' Thread 2" [_thread_blocked, id=14896, stack(0x000000a5a3600000,0x000000a5a3700000)]
  0x000001bf9f8fa680 JavaThread "Execution worker for ':' Thread 3" [_thread_blocked, id=16476, stack(0x000000a5a3700000,0x000000a5a3800000)]
  0x000001bf9f8fc830 JavaThread "Execution worker for ':' Thread 4" [_thread_blocked, id=8548, stack(0x000000a5a3800000,0x000000a5a3900000)]
  0x000001bf9f8fd1d0 JavaThread "Execution worker for ':' Thread 5" [_thread_blocked, id=10900, stack(0x000000a5a3900000,0x000000a5a3a00000)]
  0x000001bf9f901530 JavaThread "Execution worker for ':' Thread 6" [_thread_blocked, id=4592, stack(0x000000a5a3a00000,0x000000a5a3b00000)]
  0x000001bf9f8fdb70 JavaThread "Execution worker for ':' Thread 7" [_thread_blocked, id=5304, stack(0x000000a5a3b00000,0x000000a5a3c00000)]
  0x000001bf9f8fe040 JavaThread "Cache worker for execution history cache (D:\BatteryManager\.gradle\7.3.3\executionHistory)" [_thread_blocked, id=17052, stack(0x000000a5a3c00000,0x000000a5a3d00000)]

Other Threads:
=>0x000001bf959c01c0 VMThread "VM Thread" [stack: 0x000000a59aa00000,0x000000a59ab00000] [id=15628]
  0x000001bf99cd4730 WatcherThread "VM Periodic Task Thread" [stack: 0x000000a59b600000,0x000000a59b700000] [id=16976]
  0x000001bff5735950 WorkerThread "GC Thread#0" [stack: 0x000000a59a500000,0x000000a59a600000] [id=9788]
  0x000001bf9a4af040 WorkerThread "GC Thread#1" [stack: 0x000000a59b800000,0x000000a59b900000] [id=12840]
  0x000001bf9a72a100 WorkerThread "GC Thread#2" [stack: 0x000000a59b900000,0x000000a59ba00000] [id=7816]
  0x000001bf9a9043a0 WorkerThread "GC Thread#3" [stack: 0x000000a59ba00000,0x000000a59bb00000] [id=9492]
  0x000001bf9af5e900 WorkerThread "GC Thread#4" [stack: 0x000000a59bb00000,0x000000a59bc00000] [id=12588]
  0x000001bf9b812030 WorkerThread "GC Thread#5" [stack: 0x000000a59ca00000,0x000000a59cb00000] [id=14308]
  0x000001bf9d3430e0 WorkerThread "GC Thread#6" [stack: 0x000000a59cb00000,0x000000a59cc00000] [id=3208]
  0x000001bf9c780750 WorkerThread "GC Thread#7" [stack: 0x000000a59cc00000,0x000000a59cd00000] [id=8000]
  0x000001bff5747640 ConcurrentGCThread "G1 Main Marker" [stack: 0x000000a59a600000,0x000000a59a700000] [id=15356]
  0x000001bff5748580 WorkerThread "G1 Conc#0" [stack: 0x000000a59a700000,0x000000a59a800000] [id=8072]
  0x000001bf9c71bf30 WorkerThread "G1 Conc#1" [stack: 0x000000a59d200000,0x000000a59d300000] [id=12812]
  0x000001bff5799770 ConcurrentGCThread "G1 Refine#0" [stack: 0x000000a59a800000,0x000000a59a900000] [id=7420]
  0x000001bf9bf27aa0 ConcurrentGCThread "G1 Refine#1" [stack: 0x000000a5a3000000,0x000000a5a3100000] [id=10324]
  0x000001bff5799e30 ConcurrentGCThread "G1 Service" [stack: 0x000000a59a900000,0x000000a59aa00000] [id=16488]

Threads with active compile tasks:
C1 CompilerThread0     6578 9489       3       org.gradle.internal.serialize.InterningStringSerializer::write (8 bytes)
C2 CompilerThread1     6578 9432       4       com.google.common.collect.MapMakerInternalMap::putIfAbsent (29 bytes)
C2 CompilerThread2     6578 9431   !   4       com.google.common.collect.MapMakerInternalMap$Segment::put (298 bytes)

VM state: at safepoint (normal execution)

VM Mutex/Monitor currently owned by a thread:  ([mutex/lock_event])
[0x000001bff56d65d0] Threads_lock - owner thread: 0x000001bf959c01c0
[0x000001bff56d6660] Heap_lock - owner thread: 0x000001bf9b945950

Heap address: 0x0000000080000000, size: 2048 MB, Compressed Oops mode: 32-bit

CDS archive(s) mapped at: [0x0000000800000000-0x0000000800ba0000-0x0000000800ba0000), size 12189696, SharedBaseAddress: 0x0000000800000000, ArchiveRelocationMode: 0.
Compressed class space mapped at: 0x0000000800c00000-0x0000000840c00000, reserved size: 1073741824
Narrow klass base: 0x0000000800000000, Narrow klass shift: 0, Narrow klass range: 0x100000000

GC Precious Log:
 CardTable entry size: 512
 Card Set container configuration: InlinePtr #cards 5 size 8 Array Of Cards #cards 12 size 40 Howl #buckets 4 coarsen threshold 1843 Howl Bitmap #cards 512 size 80 coarsen threshold 460 Card regions per heap region 1 cards per card region 2048
 CPUs: 8 total, 8 available
 Memory: 8023M
 Large Page Support: Disabled
 NUMA Support: Disabled
 Compressed Oops: Enabled (32-bit)
 Heap Region Size: 1M
 Heap Min Capacity: 8M
 Heap Initial Capacity: 126M
 Heap Max Capacity: 2G
 Pre-touch: Disabled
 Parallel Workers: 8
 Concurrent Workers: 2
 Concurrent Refinement Workers: 8
 Periodic GC: Disabled

Heap:
 garbage-first heap   total 178176K, used 79043K [0x0000000080000000, 0x0000000100000000)
  region size 1024K, 5 young (5120K), 5 survivors (5120K)
 Metaspace       used 78585K, committed 80384K, reserved 1179648K
  class space    used 10721K, committed 11648K, reserved 1048576K

Heap Regions: E=young(eden), S=young(survivor), O=old, HS=humongous(starts), HC=humongous(continues), CS=collection set, F=free, OA=open archive, CA=closed archive, TAMS=top-at-mark-start (previous, next)
|   0|0x0000000080000000, 0x0000000080100000, 0x0000000080100000|100%| O|  |TAMS 0x0000000080100000, 0x0000000080000000| Untracked 
|   1|0x0000000080100000, 0x0000000080200000, 0x0000000080200000|100%| O|  |TAMS 0x0000000080200000, 0x0000000080100000| Untracked 
|   2|0x0000000080200000, 0x0000000080300000, 0x0000000080300000|100%| O|  |TAMS 0x0000000080300000, 0x0000000080200000| Untracked 
|   3|0x0000000080300000, 0x0000000080400000, 0x0000000080400000|100%|HS|  |TAMS 0x0000000080400000, 0x0000000080300000| Complete 
|   4|0x0000000080400000, 0x0000000080500000, 0x0000000080500000|100%|HC|  |TAMS 0x0000000080500000, 0x0000000080400000| Complete 
|   5|0x0000000080500000, 0x0000000080600000, 0x0000000080600000|100%|HC|  |TAMS 0x0000000080600000, 0x0000000080500000| Complete 
|   6|0x0000000080600000, 0x0000000080700000, 0x0000000080700000|100%| O|  |TAMS 0x0000000080700000, 0x0000000080600000| Untracked 
|   7|0x0000000080700000, 0x0000000080800000, 0x0000000080800000|100%| O|  |TAMS 0x0000000080800000, 0x0000000080700000| Untracked 
|   8|0x0000000080800000, 0x0000000080900000, 0x0000000080900000|100%| O|  |TAMS 0x0000000080900000, 0x0000000080800000| Untracked 
|   9|0x0000000080900000, 0x0000000080a00000, 0x0000000080a00000|100%| O|  |TAMS 0x0000000080a00000, 0x0000000080900000| Untracked 
|  10|0x0000000080a00000, 0x0000000080b00000, 0x0000000080b00000|100%| O|  |TAMS 0x0000000080b00000, 0x0000000080a00000| Untracked 
|  11|0x0000000080b00000, 0x0000000080c00000, 0x0000000080c00000|100%| O|  |TAMS 0x0000000080c00000, 0x0000000080b00000| Untracked 
|  12|0x0000000080c00000, 0x0000000080d00000, 0x0000000080d00000|100%| O|  |TAMS 0x0000000080d00000, 0x0000000080c00000| Untracked 
|  13|0x0000000080d00000, 0x0000000080e00000, 0x0000000080e00000|100%| O|  |TAMS 0x0000000080e00000, 0x0000000080d00000| Untracked 
|  14|0x0000000080e00000, 0x0000000080f00000, 0x0000000080f00000|100%| O|  |TAMS 0x0000000080f00000, 0x0000000080e00000| Untracked 
|  15|0x0000000080f00000, 0x0000000081000000, 0x0000000081000000|100%| O|  |TAMS 0x0000000081000000, 0x0000000080f00000| Untracked 
|  16|0x0000000081000000, 0x0000000081100000, 0x0000000081100000|100%| O|  |TAMS 0x0000000081100000, 0x0000000081000000| Untracked 
|  17|0x0000000081100000, 0x0000000081200000, 0x0000000081200000|100%| O|  |TAMS 0x0000000081200000, 0x0000000081100000| Untracked 
|  18|0x0000000081200000, 0x0000000081300000, 0x0000000081300000|100%|HS|  |TAMS 0x0000000081300000, 0x0000000081200000| Complete 
|  19|0x0000000081300000, 0x0000000081400000, 0x0000000081400000|100%| O|  |TAMS 0x0000000081400000, 0x0000000081300000| Untracked 
|  20|0x0000000081400000, 0x0000000081500000, 0x0000000081500000|100%| O|  |TAMS 0x0000000081500000, 0x0000000081400000| Untracked 
|  21|0x0000000081500000, 0x0000000081600000, 0x0000000081600000|100%| O|  |TAMS 0x0000000081600000, 0x0000000081500000| Untracked 
|  22|0x0000000081600000, 0x0000000081700000, 0x0000000081700000|100%| O|  |TAMS 0x0000000081700000, 0x0000000081600000| Untracked 
|  23|0x0000000081700000, 0x0000000081800000, 0x0000000081800000|100%| O|  |TAMS 0x0000000081800000, 0x0000000081700000| Untracked 
|  24|0x0000000081800000, 0x0000000081900000, 0x0000000081900000|100%| O|  |TAMS 0x0000000081900000, 0x0000000081800000| Untracked 
|  25|0x0000000081900000, 0x0000000081a00000, 0x0000000081a00000|100%| O|  |TAMS 0x0000000081a00000, 0x0000000081900000| Untracked 
|  26|0x0000000081a00000, 0x0000000081b00000, 0x0000000081b00000|100%| O|  |TAMS 0x0000000081b00000, 0x0000000081a00000| Untracked 
|  27|0x0000000081b00000, 0x0000000081c00000, 0x0000000081c00000|100%| O|  |TAMS 0x0000000081c00000, 0x0000000081b00000| Untracked 
|  28|0x0000000081c00000, 0x0000000081d00000, 0x0000000081d00000|100%| O|  |TAMS 0x0000000081d00000, 0x0000000081c00000| Untracked 
|  29|0x0000000081d00000, 0x0000000081e00000, 0x0000000081e00000|100%| O|  |TAMS 0x0000000081e00000, 0x0000000081d00000| Untracked 
|  30|0x0000000081e00000, 0x0000000081f00000, 0x0000000081f00000|100%|HS|  |TAMS 0x0000000081f00000, 0x0000000081e00000| Complete 
|  31|0x0000000081f00000, 0x0000000082000000, 0x0000000082000000|100%|HS|  |TAMS 0x0000000082000000, 0x0000000081f00000| Complete 
|  32|0x0000000082000000, 0x0000000082100000, 0x0000000082100000|100%|HS|  |TAMS 0x0000000082100000, 0x0000000082000000| Complete 
|  33|0x0000000082100000, 0x0000000082200000, 0x0000000082200000|100%|HC|  |TAMS 0x0000000082200000, 0x0000000082100000| Complete 
|  34|0x0000000082200000, 0x0000000082300000, 0x0000000082300000|100%|HC|  |TAMS 0x0000000082300000, 0x0000000082200000| Complete 
|  35|0x0000000082300000, 0x0000000082400000, 0x0000000082400000|100%|HS|  |TAMS 0x0000000082400000, 0x0000000082300000| Complete 
|  36|0x0000000082400000, 0x0000000082500000, 0x0000000082500000|100%|HC|  |TAMS 0x0000000082500000, 0x0000000082400000| Complete 
|  37|0x0000000082500000, 0x0000000082600000, 0x0000000082600000|100%| O|  |TAMS 0x0000000082600000, 0x0000000082500000| Untracked 
|  38|0x0000000082600000, 0x0000000082700000, 0x0000000082700000|100%| O|  |TAMS 0x0000000082700000, 0x0000000082600000| Untracked 
|  39|0x0000000082700000, 0x0000000082800000, 0x0000000082800000|100%| O|  |TAMS 0x0000000082800000, 0x0000000082700000| Untracked 
|  40|0x0000000082800000, 0x0000000082900000, 0x0000000082900000|100%| O|  |TAMS 0x0000000082900000, 0x0000000082800000| Untracked 
|  41|0x0000000082900000, 0x0000000082a00000, 0x0000000082a00000|100%| O|  |TAMS 0x0000000082a00000, 0x0000000082900000| Untracked 
|  42|0x0000000082a00000, 0x0000000082b00000, 0x0000000082b00000|100%| O|  |TAMS 0x0000000082b00000, 0x0000000082a00000| Untracked 
|  43|0x0000000082b00000, 0x0000000082c00000, 0x0000000082c00000|100%| O|  |TAMS 0x0000000082c00000, 0x0000000082b00000| Untracked 
|  44|0x0000000082c00000, 0x0000000082d00000, 0x0000000082d00000|100%| O|  |TAMS 0x0000000082d00000, 0x0000000082c00000| Untracked 
|  45|0x0000000082d00000, 0x0000000082e00000, 0x0000000082e00000|100%| O|  |TAMS 0x0000000082e00000, 0x0000000082d00000| Untracked 
|  46|0x0000000082e00000, 0x0000000082f00000, 0x0000000082f00000|100%| O|  |TAMS 0x0000000082f00000, 0x0000000082e00000| Untracked 
|  47|0x0000000082f00000, 0x0000000083000000, 0x0000000083000000|100%| O|  |TAMS 0x0000000083000000, 0x0000000082f00000| Untracked 
|  48|0x0000000083000000, 0x0000000083100000, 0x0000000083100000|100%| O|  |TAMS 0x0000000083100000, 0x0000000083000000| Untracked 
|  49|0x0000000083100000, 0x0000000083200000, 0x0000000083200000|100%| O|  |TAMS 0x0000000083200000, 0x0000000083100000| Untracked 
|  50|0x0000000083200000, 0x0000000083300000, 0x0000000083300000|100%| O|  |TAMS 0x0000000083300000, 0x0000000083200000| Untracked 
|  51|0x0000000083300000, 0x0000000083400000, 0x0000000083400000|100%| O|  |TAMS 0x0000000083400000, 0x0000000083300000| Untracked 
|  52|0x0000000083400000, 0x0000000083500000, 0x0000000083500000|100%| O|  |TAMS 0x0000000083500000, 0x0000000083400000| Untracked 
|  53|0x0000000083500000, 0x0000000083600000, 0x0000000083600000|100%| O|  |TAMS 0x0000000083600000, 0x0000000083500000| Untracked 
|  54|0x0000000083600000, 0x0000000083700000, 0x0000000083700000|100%| O|  |TAMS 0x0000000083700000, 0x0000000083600000| Untracked 
|  55|0x0000000083700000, 0x0000000083800000, 0x0000000083800000|100%| O|  |TAMS 0x0000000083800000, 0x0000000083700000| Untracked 
|  56|0x0000000083800000, 0x0000000083900000, 0x0000000083900000|100%| O|  |TAMS 0x0000000083900000, 0x0000000083800000| Untracked 
|  57|0x0000000083900000, 0x0000000083a00000, 0x0000000083a00000|100%| O|  |TAMS 0x0000000083a00000, 0x0000000083900000| Untracked 
|  58|0x0000000083a00000, 0x0000000083b00000, 0x0000000083b00000|100%| O|  |TAMS 0x0000000083b00000, 0x0000000083a00000| Untracked 
|  59|0x0000000083b00000, 0x0000000083c00000, 0x0000000083c00000|100%| O|  |TAMS 0x0000000083b00000, 0x0000000083b00000| Untracked 
|  60|0x0000000083c00000, 0x0000000083d00000, 0x0000000083d00000|100%| O|  |TAMS 0x0000000083d00000, 0x0000000083c00000| Untracked 
|  61|0x0000000083d00000, 0x0000000083e00000, 0x0000000083e00000|100%| O|  |TAMS 0x0000000083e00000, 0x0000000083d00000| Untracked 
|  62|0x0000000083e00000, 0x0000000083f00000, 0x0000000083f00000|100%| O|  |TAMS 0x0000000083f00000, 0x0000000083e00000| Untracked 
|  63|0x0000000083f00000, 0x0000000084000000, 0x0000000084000000|100%| O|  |TAMS 0x0000000084000000, 0x0000000083f00000| Untracked 
|  64|0x0000000084000000, 0x0000000084100000, 0x0000000084100000|100%| O|  |TAMS 0x0000000084100000, 0x0000000084000000| Untracked 
|  65|0x0000000084100000, 0x0000000084200000, 0x0000000084200000|100%| O|  |TAMS 0x0000000084200000, 0x0000000084100000| Untracked 
|  66|0x0000000084200000, 0x0000000084300000, 0x0000000084300000|100%| O|  |TAMS 0x0000000084298200, 0x0000000084200000| Untracked 
|  67|0x0000000084300000, 0x0000000084400000, 0x0000000084400000|100%| O|  |TAMS 0x0000000084300000, 0x0000000084300000| Untracked 
|  68|0x0000000084400000, 0x0000000084500000, 0x0000000084500000|100%| O|  |TAMS 0x0000000084400000, 0x0000000084400000| Untracked 
|  69|0x0000000084500000, 0x0000000084600000, 0x0000000084600000|100%| O|  |TAMS 0x0000000084500000, 0x0000000084500000| Untracked 
|  70|0x0000000084600000, 0x0000000084700000, 0x0000000084700000|100%| O|  |TAMS 0x0000000084600000, 0x0000000084600000| Untracked 
|  71|0x0000000084700000, 0x0000000084800000, 0x0000000084800000|100%| O|  |TAMS 0x0000000084700000, 0x0000000084700000| Untracked 
|  72|0x0000000084800000, 0x0000000084830e00, 0x0000000084900000| 19%| O|  |TAMS 0x0000000084800000, 0x0000000084800000| Untracked 
|  73|0x0000000084900000, 0x0000000084900000, 0x0000000084a00000|  0%| F|  |TAMS 0x0000000084900000, 0x0000000084900000| Untracked 
|  74|0x0000000084a00000, 0x0000000084a00000, 0x0000000084b00000|  0%| F|  |TAMS 0x0000000084a00000, 0x0000000084a00000| Untracked 
|  75|0x0000000084b00000, 0x0000000084b00000, 0x0000000084c00000|  0%| F|  |TAMS 0x0000000084b00000, 0x0000000084b00000| Untracked 
|  76|0x0000000084c00000, 0x0000000084c00000, 0x0000000084d00000|  0%| F|  |TAMS 0x0000000084c00000, 0x0000000084c00000| Untracked 
|  77|0x0000000084d00000, 0x0000000084d00000, 0x0000000084e00000|  0%| F|  |TAMS 0x0000000084d00000, 0x0000000084d00000| Untracked 
|  78|0x0000000084e00000, 0x0000000084e00000, 0x0000000084f00000|  0%| F|  |TAMS 0x0000000084e00000, 0x0000000084e00000| Untracked 
|  79|0x0000000084f00000, 0x0000000084f00000, 0x0000000085000000|  0%| F|  |TAMS 0x0000000084f00000, 0x0000000084f00000| Untracked 
|  80|0x0000000085000000, 0x0000000085000000, 0x0000000085100000|  0%| F|  |TAMS 0x0000000085000000, 0x0000000085000000| Untracked 
|  81|0x0000000085100000, 0x0000000085100000, 0x0000000085200000|  0%| F|  |TAMS 0x0000000085100000, 0x0000000085100000| Untracked 
|  82|0x0000000085200000, 0x0000000085200000, 0x0000000085300000|  0%| F|  |TAMS 0x0000000085200000, 0x0000000085200000| Untracked 
|  83|0x0000000085300000, 0x0000000085300000, 0x0000000085400000|  0%| F|  |TAMS 0x0000000085300000, 0x0000000085300000| Untracked 
|  84|0x0000000085400000, 0x0000000085400000, 0x0000000085500000|  0%| F|  |TAMS 0x0000000085400000, 0x0000000085400000| Untracked 
|  85|0x0000000085500000, 0x0000000085500000, 0x0000000085600000|  0%| F|  |TAMS 0x0000000085500000, 0x0000000085500000| Untracked 
|  86|0x0000000085600000, 0x0000000085600000, 0x0000000085700000|  0%| F|  |TAMS 0x0000000085600000, 0x0000000085600000| Untracked 
|  87|0x0000000085700000, 0x0000000085700000, 0x0000000085800000|  0%| F|  |TAMS 0x0000000085700000, 0x0000000085700000| Untracked 
|  88|0x0000000085800000, 0x0000000085800000, 0x0000000085900000|  0%| F|  |TAMS 0x0000000085800000, 0x0000000085800000| Untracked 
|  89|0x0000000085900000, 0x0000000085a00000, 0x0000000085a00000|100%| S|CS|TAMS 0x0000000085900000, 0x0000000085900000| Complete 
|  90|0x0000000085a00000, 0x0000000085b00000, 0x0000000085b00000|100%| S|CS|TAMS 0x0000000085a00000, 0x0000000085a00000| Complete 
|  91|0x0000000085b00000, 0x0000000085b00000, 0x0000000085c00000|  0%| F|  |TAMS 0x0000000085b00000, 0x0000000085b00000| Untracked 
|  92|0x0000000085c00000, 0x0000000085c00000, 0x0000000085d00000|  0%| F|  |TAMS 0x0000000085c00000, 0x0000000085c00000| Untracked 
|  93|0x0000000085d00000, 0x0000000085d00000, 0x0000000085e00000|  0%| F|  |TAMS 0x0000000085d00000, 0x0000000085d00000| Untracked 
|  94|0x0000000085e00000, 0x0000000085f00000, 0x0000000085f00000|100%| S|CS|TAMS 0x0000000085e00000, 0x0000000085e00000| Complete 
|  95|0x0000000085f00000, 0x0000000086000000, 0x0000000086000000|100%| S|CS|TAMS 0x0000000085f00000, 0x0000000085f00000| Complete 
|  96|0x0000000086000000, 0x0000000086100000, 0x0000000086100000|100%| S|CS|TAMS 0x0000000086000000, 0x0000000086000000| Complete 
|  97|0x0000000086100000, 0x0000000086100000, 0x0000000086200000|  0%| F|  |TAMS 0x0000000086100000, 0x0000000086100000| Untracked 
|  98|0x0000000086200000, 0x0000000086200000, 0x0000000086300000|  0%| F|  |TAMS 0x0000000086200000, 0x0000000086200000| Untracked 
|  99|0x0000000086300000, 0x0000000086300000, 0x0000000086400000|  0%| F|  |TAMS 0x0000000086300000, 0x0000000086300000| Untracked 
| 100|0x0000000086400000, 0x0000000086400000, 0x0000000086500000|  0%| F|  |TAMS 0x0000000086400000, 0x0000000086400000| Untracked 
| 101|0x0000000086500000, 0x0000000086500000, 0x0000000086600000|  0%| F|  |TAMS 0x0000000086500000, 0x0000000086500000| Untracked 
| 102|0x0000000086600000, 0x0000000086600000, 0x0000000086700000|  0%| F|  |TAMS 0x0000000086600000, 0x0000000086600000| Untracked 
| 103|0x0000000086700000, 0x0000000086700000, 0x0000000086800000|  0%| F|  |TAMS 0x0000000086700000, 0x0000000086700000| Untracked 
| 104|0x0000000086800000, 0x0000000086800000, 0x0000000086900000|  0%| F|  |TAMS 0x0000000086800000, 0x0000000086800000| Untracked 
| 105|0x0000000086900000, 0x0000000086900000, 0x0000000086a00000|  0%| F|  |TAMS 0x0000000086900000, 0x0000000086900000| Untracked 
| 106|0x0000000086a00000, 0x0000000086a00000, 0x0000000086b00000|  0%| F|  |TAMS 0x0000000086a00000, 0x0000000086a00000| Untracked 
| 107|0x0000000086b00000, 0x0000000086b00000, 0x0000000086c00000|  0%| F|  |TAMS 0x0000000086b00000, 0x0000000086b00000| Untracked 
| 108|0x0000000086c00000, 0x0000000086c00000, 0x0000000086d00000|  0%| F|  |TAMS 0x0000000086c00000, 0x0000000086c00000| Untracked 
| 109|0x0000000086d00000, 0x0000000086d00000, 0x0000000086e00000|  0%| F|  |TAMS 0x0000000086d00000, 0x0000000086d00000| Untracked 
| 110|0x0000000086e00000, 0x0000000086e00000, 0x0000000086f00000|  0%| F|  |TAMS 0x0000000086e00000, 0x0000000086e00000| Untracked 
| 111|0x0000000086f00000, 0x0000000086f00000, 0x0000000087000000|  0%| F|  |TAMS 0x0000000086f00000, 0x0000000086f00000| Untracked 
| 112|0x0000000087000000, 0x0000000087000000, 0x0000000087100000|  0%| F|  |TAMS 0x0000000087000000, 0x0000000087000000| Untracked 
| 113|0x0000000087100000, 0x0000000087100000, 0x0000000087200000|  0%| F|  |TAMS 0x0000000087100000, 0x0000000087100000| Untracked 
| 114|0x0000000087200000, 0x0000000087200000, 0x0000000087300000|  0%| F|  |TAMS 0x0000000087200000, 0x0000000087200000| Untracked 
| 115|0x0000000087300000, 0x0000000087300000, 0x0000000087400000|  0%| F|  |TAMS 0x0000000087300000, 0x0000000087300000| Untracked 
| 116|0x0000000087400000, 0x0000000087400000, 0x0000000087500000|  0%| F|  |TAMS 0x0000000087400000, 0x0000000087400000| Untracked 
| 117|0x0000000087500000, 0x0000000087500000, 0x0000000087600000|  0%| F|  |TAMS 0x0000000087500000, 0x0000000087500000| Untracked 
| 118|0x0000000087600000, 0x0000000087600000, 0x0000000087700000|  0%| F|  |TAMS 0x0000000087600000, 0x0000000087600000| Untracked 
| 119|0x0000000087700000, 0x0000000087700000, 0x0000000087800000|  0%| F|  |TAMS 0x0000000087700000, 0x0000000087700000| Untracked 
| 120|0x0000000087800000, 0x0000000087800000, 0x0000000087900000|  0%| F|  |TAMS 0x0000000087800000, 0x0000000087800000| Untracked 
| 121|0x0000000087900000, 0x0000000087900000, 0x0000000087a00000|  0%| F|  |TAMS 0x0000000087900000, 0x0000000087900000| Untracked 
| 122|0x0000000087a00000, 0x0000000087a00000, 0x0000000087b00000|  0%| F|  |TAMS 0x0000000087a00000, 0x0000000087a00000| Untracked 
| 123|0x0000000087b00000, 0x0000000087b00000, 0x0000000087c00000|  0%| F|  |TAMS 0x0000000087b00000, 0x0000000087b00000| Untracked 
| 124|0x0000000087c00000, 0x0000000087c00000, 0x0000000087d00000|  0%| F|  |TAMS 0x0000000087c00000, 0x0000000087c00000| Untracked 
| 125|0x0000000087d00000, 0x0000000087d00000, 0x0000000087e00000|  0%| F|  |TAMS 0x0000000087d00000, 0x0000000087d00000| Untracked 
| 126|0x0000000087e00000, 0x0000000087e00000, 0x0000000087f00000|  0%| F|  |TAMS 0x0000000087e00000, 0x0000000087e00000| Untracked 
| 127|0x0000000087f00000, 0x0000000087f00000, 0x0000000088000000|  0%| F|  |TAMS 0x0000000087f00000, 0x0000000087f00000| Untracked 
| 128|0x0000000088000000, 0x0000000088000000, 0x0000000088100000|  0%| F|  |TAMS 0x0000000088000000, 0x0000000088000000| Untracked 
| 129|0x0000000088100000, 0x0000000088100000, 0x0000000088200000|  0%| F|  |TAMS 0x0000000088100000, 0x0000000088100000| Untracked 
| 130|0x0000000088200000, 0x0000000088200000, 0x0000000088300000|  0%| F|  |TAMS 0x0000000088200000, 0x0000000088200000| Untracked 
| 131|0x0000000088300000, 0x0000000088300000, 0x0000000088400000|  0%| F|  |TAMS 0x0000000088300000, 0x0000000088300000| Untracked 
| 132|0x0000000088400000, 0x0000000088400000, 0x0000000088500000|  0%| F|  |TAMS 0x0000000088400000, 0x0000000088400000| Untracked 
| 133|0x0000000088500000, 0x0000000088500000, 0x0000000088600000|  0%| F|  |TAMS 0x0000000088500000, 0x0000000088500000| Untracked 
| 134|0x0000000088600000, 0x0000000088600000, 0x0000000088700000|  0%| F|  |TAMS 0x0000000088600000, 0x0000000088600000| Untracked 
| 135|0x0000000088700000, 0x0000000088700000, 0x0000000088800000|  0%| F|  |TAMS 0x0000000088700000, 0x0000000088700000| Untracked 
| 136|0x0000000088800000, 0x0000000088800000, 0x0000000088900000|  0%| F|  |TAMS 0x0000000088800000, 0x0000000088800000| Untracked 
| 137|0x0000000088900000, 0x0000000088900000, 0x0000000088a00000|  0%| F|  |TAMS 0x0000000088900000, 0x0000000088900000| Untracked 
| 138|0x0000000088a00000, 0x0000000088a00000, 0x0000000088b00000|  0%| F|  |TAMS 0x0000000088a00000, 0x0000000088a00000| Untracked 
| 139|0x0000000088b00000, 0x0000000088b00000, 0x0000000088c00000|  0%| F|  |TAMS 0x0000000088b00000, 0x0000000088b00000| Untracked 
| 140|0x0000000088c00000, 0x0000000088c00000, 0x0000000088d00000|  0%| F|  |TAMS 0x0000000088c00000, 0x0000000088c00000| Untracked 
| 141|0x0000000088d00000, 0x0000000088d00000, 0x0000000088e00000|  0%| F|  |TAMS 0x0000000088d00000, 0x0000000088d00000| Untracked 
| 142|0x0000000088e00000, 0x0000000088e00000, 0x0000000088f00000|  0%| F|  |TAMS 0x0000000088e00000, 0x0000000088e00000| Untracked 
| 143|0x0000000088f00000, 0x0000000088f00000, 0x0000000089000000|  0%| F|  |TAMS 0x0000000088f00000, 0x0000000088f00000| Untracked 
| 144|0x0000000089000000, 0x0000000089000000, 0x0000000089100000|  0%| F|  |TAMS 0x0000000089000000, 0x0000000089000000| Untracked 
| 145|0x0000000089100000, 0x0000000089100000, 0x0000000089200000|  0%| F|  |TAMS 0x0000000089100000, 0x0000000089100000| Untracked 
| 146|0x0000000089200000, 0x0000000089200000, 0x0000000089300000|  0%| F|  |TAMS 0x0000000089200000, 0x0000000089200000| Untracked 
| 147|0x0000000089300000, 0x0000000089300000, 0x0000000089400000|  0%| F|  |TAMS 0x0000000089300000, 0x0000000089300000| Untracked 
| 148|0x0000000089400000, 0x0000000089400000, 0x0000000089500000|  0%| F|  |TAMS 0x0000000089400000, 0x0000000089400000| Untracked 
| 149|0x0000000089500000, 0x0000000089500000, 0x0000000089600000|  0%| F|  |TAMS 0x0000000089500000, 0x0000000089500000| Untracked 
| 150|0x0000000089600000, 0x0000000089600000, 0x0000000089700000|  0%| F|  |TAMS 0x0000000089600000, 0x0000000089600000| Untracked 
| 151|0x0000000089700000, 0x0000000089700000, 0x0000000089800000|  0%| F|  |TAMS 0x0000000089700000, 0x0000000089700000| Untracked 
| 152|0x0000000089800000, 0x0000000089800000, 0x0000000089900000|  0%| F|  |TAMS 0x0000000089800000, 0x0000000089800000| Untracked 
| 153|0x0000000089900000, 0x0000000089900000, 0x0000000089a00000|  0%| F|  |TAMS 0x0000000089900000, 0x0000000089900000| Untracked 
| 154|0x0000000089a00000, 0x0000000089a00000, 0x0000000089b00000|  0%| F|  |TAMS 0x0000000089a00000, 0x0000000089a00000| Untracked 
| 155|0x0000000089b00000, 0x0000000089b00000, 0x0000000089c00000|  0%| F|  |TAMS 0x0000000089b00000, 0x0000000089b00000| Untracked 
| 156|0x0000000089c00000, 0x0000000089c00000, 0x0000000089d00000|  0%| F|  |TAMS 0x0000000089c00000, 0x0000000089c00000| Untracked 
| 157|0x0000000089d00000, 0x0000000089d00000, 0x0000000089e00000|  0%| F|  |TAMS 0x0000000089d00000, 0x0000000089d00000| Untracked 
| 158|0x0000000089e00000, 0x0000000089e00000, 0x0000000089f00000|  0%| F|  |TAMS 0x0000000089e00000, 0x0000000089e00000| Untracked 
| 159|0x0000000089f00000, 0x0000000089f00000, 0x000000008a000000|  0%| F|  |TAMS 0x0000000089f00000, 0x0000000089f00000| Untracked 
| 160|0x000000008a000000, 0x000000008a000000, 0x000000008a100000|  0%| F|  |TAMS 0x000000008a000000, 0x000000008a000000| Untracked 
| 161|0x000000008a100000, 0x000000008a100000, 0x000000008a200000|  0%| F|  |TAMS 0x000000008a100000, 0x000000008a100000| Untracked 
| 162|0x000000008a200000, 0x000000008a200000, 0x000000008a300000|  0%| F|  |TAMS 0x000000008a200000, 0x000000008a200000| Untracked 
| 163|0x000000008a300000, 0x000000008a300000, 0x000000008a400000|  0%| F|  |TAMS 0x000000008a300000, 0x000000008a300000| Untracked 
| 164|0x000000008a400000, 0x000000008a400000, 0x000000008a500000|  0%| F|  |TAMS 0x000000008a400000, 0x000000008a400000| Untracked 
| 165|0x000000008a500000, 0x000000008a500000, 0x000000008a600000|  0%| F|  |TAMS 0x000000008a500000, 0x000000008a500000| Untracked 
| 166|0x000000008a600000, 0x000000008a600000, 0x000000008a700000|  0%| F|  |TAMS 0x000000008a600000, 0x000000008a600000| Untracked 
| 167|0x000000008a700000, 0x000000008a700000, 0x000000008a800000|  0%| F|  |TAMS 0x000000008a700000, 0x000000008a700000| Untracked 
| 168|0x000000008a800000, 0x000000008a800000, 0x000000008a900000|  0%| F|  |TAMS 0x000000008a800000, 0x000000008a800000| Untracked 
| 169|0x000000008a900000, 0x000000008a900000, 0x000000008aa00000|  0%| F|  |TAMS 0x000000008a900000, 0x000000008a900000| Untracked 
| 170|0x000000008aa00000, 0x000000008aa00000, 0x000000008ab00000|  0%| F|  |TAMS 0x000000008aa00000, 0x000000008aa00000| Untracked 
| 171|0x000000008ab00000, 0x000000008ab00000, 0x000000008ac00000|  0%| F|  |TAMS 0x000000008ab00000, 0x000000008ab00000| Untracked 
| 172|0x000000008ac00000, 0x000000008ac00000, 0x000000008ad00000|  0%| F|  |TAMS 0x000000008ac00000, 0x000000008ac00000| Untracked 
| 173|0x000000008ad00000, 0x000000008ad00000, 0x000000008ae00000|  0%| F|  |TAMS 0x000000008ad00000, 0x000000008ad00000| Untracked 

Card table byte_map: [0x000001bfff6b0000,0x000001bfffab0000] _byte_map_base: 0x000001bfff2b0000

Marking Bits (Prev, Next): (CMBitMap*) 0x000001bff5736d50, (CMBitMap*) 0x000001bff5736d10
 Prev Bits: [0x000001bf91000000, 0x000001bf93000000)
 Next Bits: [0x000001bf8f000000, 0x000001bf91000000)

Polling page: 0x000001bff57a0000

Metaspace:

Usage:
  Non-class:     66.27 MB used.
      Class:     10.47 MB used.
       Both:     76.74 MB used.

Virtual space:
  Non-class space:      128.00 MB reserved,      67.12 MB ( 52%) committed,  2 nodes.
      Class space:        1.00 GB reserved,      11.38 MB (  1%) committed,  1 nodes.
             Both:        1.12 GB reserved,      78.50 MB (  7%) committed. 

Chunk freelists:
   Non-Class:  720.00 KB
       Class:  496.00 KB
        Both:  1.19 MB

MaxMetaspaceSize: unlimited
CompressedClassSpaceSize: 1.00 GB
Initial GC threshold: 21.00 MB
Current GC threshold: 118.75 MB
CDS: on
MetaspaceReclaimPolicy: balanced
 - commit_granule_bytes: 65536.
 - commit_granule_words: 8192.
 - virtual_space_node_default_size: 8388608.
 - enlarge_chunks_in_place: 1.
 - new_chunks_are_fully_committed: 0.
 - uncommit_free_chunks: 1.
 - use_allocation_guard: 0.


Internal statistics:

num_allocs_failed_limit: 6.
num_arena_births: 3186.
num_arena_deaths: 0.
num_vsnodes_births: 3.
num_vsnodes_deaths: 0.
num_space_committed: 1256.
num_space_uncommitted: 0.
num_chunks_returned_to_freelist: 6.
num_chunks_taken_from_freelist: 6693.
num_chunk_merges: 6.
num_chunk_splits: 4401.
num_chunks_enlarged: 2775.
num_inconsistent_stats: 0.

CodeHeap 'non-profiled nmethods': size=120000Kb used=4543Kb max_used=4987Kb free=115457Kb
 bounds [0x000001bf87ad0000, 0x000001bf87fb0000, 0x000001bf8f000000]
CodeHeap 'profiled nmethods': size=120000Kb used=14606Kb max_used=16257Kb free=105393Kb
 bounds [0x000001bf805a0000, 0x000001bf81590000, 0x000001bf87ad0000]
CodeHeap 'non-nmethods': size=5760Kb used=2384Kb max_used=2531Kb free=3375Kb
 bounds [0x000001bf80000000, 0x000001bf80290000, 0x000001bf805a0000]
 total_blobs=8882 nmethods=7981 adapters=813
 compilation: enabled
              stopped_count=0, restarted_count=0
 full_count=0

Compilation events (20 events):
Event: 6.552 Thread 0x000001bf959e7580 nmethod 9484 0x000001bf80ff3e90 code [0x000001bf80ff42a0, 0x000001bf80ff67f8]
Event: 6.552 Thread 0x000001bf959e7580 9485       3       org.gradle.api.internal.changedetection.state.CachingFileHasher::hash (12 bytes)
Event: 6.552 Thread 0x000001bf959e7580 nmethod 9485 0x000001bf8128d710 code [0x000001bf8128d8c0, 0x000001bf8128da28]
Event: 6.552 Thread 0x000001bf959e7580 9486       3       org.gradle.api.internal.changedetection.state.CachingFileHasher::snapshot (122 bytes)
Event: 6.552 Thread 0x000001bf959e6c90 9492       4       java.util.stream.ReduceOps$3ReducingSink::accept (15 bytes)
Event: 6.552 Thread 0x000001bf959e6c90 nmethod 9492 0x000001bf87d8b410 code [0x000001bf87d8b580, 0x000001bf87d8b638]
Event: 6.552 Thread 0x000001bf959e6c90 9494       4       com.google.common.cache.LocalCache::isExpired (57 bytes)
Event: 6.552 Thread 0x000001bf959e7580 nmethod 9486 0x000001bf80688310 code [0x000001bf806885a0, 0x000001bf80689278]
Event: 6.552 Thread 0x000001bf959e7580 9495       3       org.gradle.internal.snapshot.AbstractListChildMap::store (72 bytes)
Event: 6.553 Thread 0x000001bf959e6c90 nmethod 9494 0x000001bf87d8b010 code [0x000001bf87d8b1a0, 0x000001bf87d8b2b8]
Event: 6.553 Thread 0x000001bf959e7580 nmethod 9495 0x000001bf80e0d510 code [0x000001bf80e0d7e0, 0x000001bf80e0e9a8]
Event: 6.553 Thread 0x000001bf959e7580 9491       3       sun.nio.fs.WindowsFileAttributes::isSymbolicLink (15 bytes)
Event: 6.553 Thread 0x000001bf959e7580 nmethod 9491 0x000001bf80c42610 code [0x000001bf80c427a0, 0x000001bf80c42918]
Event: 6.553 Thread 0x000001bf959e7580 9493       3       java.util.function.Predicate$$Lambda$110/0x0000000800d1f0d0::test (15 bytes)
Event: 6.554 Thread 0x000001bf959e7580 nmethod 9493 0x000001bf8128cd90 code [0x000001bf8128cf60, 0x000001bf8128d3f8]
Event: 6.554 Thread 0x000001bf959e7580 9487       3       org.gradle.api.internal.changedetection.state.FileTimeStampInspector::timestampCanBeUsedToDetectFileChange (15 bytes)
Event: 6.554 Thread 0x000001bf959e7580 nmethod 9487 0x000001bf80d36390 code [0x000001bf80d36520, 0x000001bf80d36698]
Event: 6.554 Thread 0x000001bf959e7580 9488       3       org.gradle.internal.serialize.InterningStringSerializer::write (10 bytes)
Event: 6.554 Thread 0x000001bf959e7580 nmethod 9488 0x000001bf81322f90 code [0x000001bf81323140, 0x000001bf81323488]
Event: 6.554 Thread 0x000001bf959e7580 9489       3       org.gradle.internal.serialize.InterningStringSerializer::write (8 bytes)

GC Heap History (20 events):
Event: 3.599 GC heap after
{Heap after GC invocations=12 (full 0):
 garbage-first heap   total 112640K, used 51438K [0x0000000080000000, 0x0000000100000000)
  region size 1024K, 8 young (8192K), 8 survivors (8192K)
 Metaspace       used 44033K, committed 45504K, reserved 1114112K
  class space    used 6064K, committed 6784K, reserved 1048576K
}
Event: 3.910 GC heap before
{Heap before GC invocations=12 (full 0):
 garbage-first heap   total 112640K, used 85230K [0x0000000080000000, 0x0000000100000000)
  region size 1024K, 41 young (41984K), 8 survivors (8192K)
 Metaspace       used 49980K, committed 51520K, reserved 1114112K
  class space    used 6737K, committed 7488K, reserved 1048576K
}
Event: 3.913 GC heap after
{Heap after GC invocations=13 (full 0):
 garbage-first heap   total 112640K, used 54504K [0x0000000080000000, 0x0000000100000000)
  region size 1024K, 2 young (2048K), 2 survivors (2048K)
 Metaspace       used 49980K, committed 51520K, reserved 1114112K
  class space    used 6737K, committed 7488K, reserved 1048576K
}
Event: 4.205 GC heap before
{Heap before GC invocations=13 (full 0):
 garbage-first heap   total 112640K, used 86248K [0x0000000080000000, 0x0000000100000000)
  region size 1024K, 34 young (34816K), 2 survivors (2048K)
 Metaspace       used 54874K, committed 56448K, reserved 1114112K
  class space    used 7363K, committed 8192K, reserved 1048576K
}
Event: 4.209 GC heap after
{Heap after GC invocations=14 (full 0):
 garbage-first heap   total 135168K, used 57781K [0x0000000080000000, 0x0000000100000000)
  region size 1024K, 5 young (5120K), 5 survivors (5120K)
 Metaspace       used 54874K, committed 56448K, reserved 1114112K
  class space    used 7363K, committed 8192K, reserved 1048576K
}
Event: 4.662 GC heap before
{Heap before GC invocations=15 (full 0):
 garbage-first heap   total 135168K, used 104885K [0x0000000080000000, 0x0000000100000000)
  region size 1024K, 51 young (52224K), 5 survivors (5120K)
 Metaspace       used 59632K, committed 61312K, reserved 1114112K
  class space    used 7946K, committed 8832K, reserved 1048576K
}
Event: 4.666 GC heap after
{Heap after GC invocations=16 (full 0):
 garbage-first heap   total 135168K, used 60987K [0x0000000080000000, 0x0000000100000000)
  region size 1024K, 7 young (7168K), 7 survivors (7168K)
 Metaspace       used 59632K, committed 61312K, reserved 1114112K
  class space    used 7946K, committed 8832K, reserved 1048576K
}
Event: 4.677 GC heap before
{Heap before GC invocations=16 (full 0):
 garbage-first heap   total 135168K, used 62011K [0x0000000080000000, 0x0000000100000000)
  region size 1024K, 8 young (8192K), 7 survivors (7168K)
 Metaspace       used 59744K, committed 61376K, reserved 1114112K
  class space    used 7963K, committed 8832K, reserved 1048576K
}
Event: 4.681 GC heap after
{Heap after GC invocations=17 (full 0):
 garbage-first heap   total 135168K, used 61729K [0x0000000080000000, 0x0000000100000000)
  region size 1024K, 1 young (1024K), 1 survivors (1024K)
 Metaspace       used 59744K, committed 61376K, reserved 1114112K
  class space    used 7963K, committed 8832K, reserved 1048576K
}
Event: 4.978 GC heap before
{Heap before GC invocations=17 (full 0):
 garbage-first heap   total 135168K, used 105761K [0x0000000080000000, 0x0000000100000000)
  region size 1024K, 45 young (46080K), 1 survivors (1024K)
 Metaspace       used 61985K, committed 63616K, reserved 1114112K
  class space    used 8246K, committed 9088K, reserved 1048576K
}
Event: 4.981 GC heap after
{Heap after GC invocations=18 (full 0):
 garbage-first heap   total 135168K, used 65030K [0x0000000080000000, 0x0000000100000000)
  region size 1024K, 5 young (5120K), 5 survivors (5120K)
 Metaspace       used 61985K, committed 63616K, reserved 1114112K
  class space    used 8246K, committed 9088K, reserved 1048576K
}
Event: 5.405 GC heap before
{Heap before GC invocations=19 (full 0):
 garbage-first heap   total 135168K, used 105990K [0x0000000080000000, 0x0000000100000000)
  region size 1024K, 45 young (46080K), 5 survivors (5120K)
 Metaspace       used 66751K, committed 68416K, reserved 1114112K
  class space    used 9048K, committed 9920K, reserved 1048576K
}
Event: 5.410 GC heap after
{Heap after GC invocations=20 (full 0):
 garbage-first heap   total 135168K, used 67835K [0x0000000080000000, 0x0000000100000000)
  region size 1024K, 3 young (3072K), 3 survivors (3072K)
 Metaspace       used 66751K, committed 68416K, reserved 1114112K
  class space    used 9048K, committed 9920K, reserved 1048576K
}
Event: 5.459 GC heap before
{Heap before GC invocations=20 (full 0):
 garbage-first heap   total 135168K, used 70907K [0x0000000080000000, 0x0000000100000000)
  region size 1024K, 6 young (6144K), 3 survivors (3072K)
 Metaspace       used 66994K, committed 68608K, reserved 1114112K
  class space    used 9083K, committed 9920K, reserved 1048576K
}
Event: 5.462 GC heap after
{Heap after GC invocations=21 (full 0):
 garbage-first heap   total 135168K, used 67778K [0x0000000080000000, 0x0000000100000000)
  region size 1024K, 1 young (1024K), 1 survivors (1024K)
 Metaspace       used 66994K, committed 68608K, reserved 1114112K
  class space    used 9083K, committed 9920K, reserved 1048576K
}
Event: 5.900 GC heap before
{Heap before GC invocations=21 (full 0):
 garbage-first heap   total 135168K, used 108738K [0x0000000080000000, 0x0000000100000000)
  region size 1024K, 41 young (41984K), 1 survivors (1024K)
 Metaspace       used 70445K, committed 72128K, reserved 1114112K
  class space    used 9581K, committed 10432K, reserved 1048576K
}
Event: 5.904 GC heap after
{Heap after GC invocations=22 (full 0):
 garbage-first heap   total 135168K, used 70604K [0x0000000080000000, 0x0000000100000000)
  region size 1024K, 4 young (4096K), 4 survivors (4096K)
 Metaspace       used 70445K, committed 72128K, reserved 1114112K
  class space    used 9581K, committed 10432K, reserved 1048576K
}
Event: 6.272 GC heap before
{Heap before GC invocations=23 (full 0):
 garbage-first heap   total 135168K, used 109516K [0x0000000080000000, 0x0000000100000000)
  region size 1024K, 42 young (43008K), 4 survivors (4096K)
 Metaspace       used 75097K, committed 76800K, reserved 1179648K
  class space    used 10209K, committed 11072K, reserved 1048576K
}
Event: 6.276 GC heap after
{Heap after GC invocations=24 (full 0):
 garbage-first heap   total 135168K, used 74092K [0x0000000080000000, 0x0000000100000000)
  region size 1024K, 4 young (4096K), 4 survivors (4096K)
 Metaspace       used 75097K, committed 76800K, reserved 1179648K
  class space    used 10209K, committed 11072K, reserved 1048576K
}
Event: 6.554 GC heap before
{Heap before GC invocations=24 (full 0):
 garbage-first heap   total 135168K, used 108908K [0x0000000080000000, 0x0000000100000000)
  region size 1024K, 39 young (39936K), 4 survivors (4096K)
 Metaspace       used 78585K, committed 80384K, reserved 1179648K
  class space    used 10721K, committed 11648K, reserved 1048576K
}

Deoptimization events (20 events):
Event: 6.538 Thread 0x000001bf9bf9ed60 DEOPT PACKING pc=0x000001bf87e5f95c sp=0x000000a59fafdd00
Event: 6.538 Thread 0x000001bf9eed5410 DEOPT UNPACKING pc=0x000001bf800523a3 sp=0x000000a5a10fd8b8 mode 2
Event: 6.538 Thread 0x000001bf9bf9ed60 DEOPT UNPACKING pc=0x000001bf800523a3 sp=0x000000a59fafdcb8 mode 2
Event: 6.538 Thread 0x000001bf9bf9e890 DEOPT UNPACKING pc=0x000001bf800523a3 sp=0x000000a59fcfdcf8 mode 2
Event: 6.538 Thread 0x000001bf9ed9efc0 DEOPT PACKING pc=0x000001bf87e5f95c sp=0x000000a5a27fddc0
Event: 6.538 Thread 0x000001bf9bf9fbd0 DEOPT PACKING pc=0x000001bf87e5f95c sp=0x000000a59fbfdb20
Event: 6.538 Thread 0x000001bf9ed9efc0 DEOPT UNPACKING pc=0x000001bf800523a3 sp=0x000000a5a27fdd78 mode 2
Event: 6.538 Thread 0x000001bf9bf9c210 DEOPT PACKING pc=0x000001bf87e5f95c sp=0x000000a59e6fd9d0
Event: 6.538 Thread 0x000001bf9bf9fbd0 DEOPT UNPACKING pc=0x000001bf800523a3 sp=0x000000a59fbfdad8 mode 2
Event: 6.538 Thread 0x000001bf9bf9c210 DEOPT UNPACKING pc=0x000001bf800523a3 sp=0x000000a59e6fd988 mode 2
Event: 6.551 Thread 0x000001bf9bf9c210 DEOPT PACKING pc=0x000001bf81449306 sp=0x000000a59e6fbc50
Event: 6.551 Thread 0x000001bf9bf9c210 DEOPT UNPACKING pc=0x000001bf80052b43 sp=0x000000a59e6fb1b0 mode 0
Event: 6.552 Thread 0x000001bf9eed5410 Uncommon trap: trap_request=0xffffff45 fr.pc=0x000001bf87c53520 relative=0x0000000000000560
Event: 6.552 Thread 0x000001bf9eed5410 Uncommon trap: reason=unstable_if action=reinterpret pc=0x000001bf87c53520 method=java.lang.StringLatin1.compareToCI([B[B)I @ 68 c2
Event: 6.552 Thread 0x000001bf9eed5410 DEOPT PACKING pc=0x000001bf87c53520 sp=0x000000a5a10fb8b0
Event: 6.552 Thread 0x000001bf9eed5410 DEOPT UNPACKING pc=0x000001bf800523a3 sp=0x000000a5a10fb7a0 mode 2
Event: 6.552 Thread 0x000001bf9eed5410 Uncommon trap: trap_request=0xffffff45 fr.pc=0x000001bf87bd533c relative=0x00000000000004fc
Event: 6.552 Thread 0x000001bf9eed5410 Uncommon trap: reason=unstable_if action=reinterpret pc=0x000001bf87bd533c method=java.lang.StringLatin1.compareToCI([B[B)I @ 68 c2
Event: 6.552 Thread 0x000001bf9eed5410 DEOPT PACKING pc=0x000001bf87bd533c sp=0x000000a5a10fb810
Event: 6.552 Thread 0x000001bf9eed5410 DEOPT UNPACKING pc=0x000001bf800523a3 sp=0x000000a5a10fb798 mode 2

Classes loaded (20 events):
Event: 6.379 Loading class java/util/TreeMap$TreeMapSpliterator done
Event: 6.379 Loading class java/util/TreeMap$KeySpliterator done
Event: 6.400 Loading class java/io/ObjectStreamClass$ExceptionInfo
Event: 6.400 Loading class java/io/ObjectStreamClass$ExceptionInfo done
Event: 6.404 Loading class java/time/Instant$1
Event: 6.404 Loading class java/time/Instant$1 done
Event: 6.421 Loading class java/util/stream/ReduceOps$6
Event: 6.422 Loading class java/util/stream/ReduceOps$6 done
Event: 6.422 Loading class java/util/stream/ReduceOps$5ReducingSink
Event: 6.422 Loading class java/util/stream/ReduceOps$5ReducingSink done
Event: 6.431 Loading class com/sun/org/apache/xerces/internal/util/URI
Event: 6.431 Loading class com/sun/org/apache/xerces/internal/util/URI done
Event: 6.432 Loading class java/net/HttpURLConnection
Event: 6.432 Loading class java/net/HttpURLConnection done
Event: 6.432 Loading class sun/net/ProgressMonitor
Event: 6.432 Loading class sun/net/ProgressMonitor done
Event: 6.432 Loading class sun/net/DefaultProgressMeteringPolicy
Event: 6.432 Loading class sun/net/ProgressMeteringPolicy
Event: 6.432 Loading class sun/net/ProgressMeteringPolicy done
Event: 6.432 Loading class sun/net/DefaultProgressMeteringPolicy done

Classes unloaded (0 events):
No events

Classes redefined (0 events):
No events

Internal exceptions (20 events):
Event: 6.386 Thread 0x000001bf9b9437a0 Exception <a 'java/lang/NoSuchMethodError'{0x0000000087587f08}: static Lorg/gradle/internal/build/event/types/AbstractTaskResult;.<clinit>()V> (0x0000000087587f08) 
thrown [s\open\src\hotspot\share\prims\jni.cpp, line 1104]
Event: 6.396 Thread 0x000001bf9f8fbe90 Exception <a 'java/lang/NoSuchMethodError'{0x000000008754f1c8}: static Lcom/android/ide/common/attribution/AndroidGradlePluginAttributionData$BuildInfo;.<clinit>()V> (0x000000008754f1c8) 
thrown [s\open\src\hotspot\share\prims\jni.cpp, line 1104]
Event: 6.397 Thread 0x000001bf9f8fbe90 Exception <a 'java/lang/NoSuchMethodError'{0x00000000874ce588}: static Lcom/android/ide/common/attribution/AndroidGradlePluginAttributionData$JavaInfo;.<clinit>()V> (0x00000000874ce588) 
thrown [s\open\src\hotspot\share\prims\jni.cpp, line 1104]
Event: 6.399 Thread 0x000001bf9f8fa680 Exception <a 'java/lang/IncompatibleClassChangeError'{0x00000000874967c0}: Found class java.lang.Object, but interface was expected> (0x00000000874967c0) 
thrown [s\open\src\hotspot\share\interpreter\linkResolver.cpp, line 833]
Event: 6.400 Thread 0x000001bf9f8fbe90 Exception <a 'java/lang/NoSuchMethodError'{0x00000000874f0d48}: static [Ljava/lang/String;.<clinit>()V> (0x00000000874f0d48) 
thrown [s\open\src\hotspot\share\prims\jni.cpp, line 1104]
Event: 6.410 Thread 0x000001bf9b9437a0 Exception <a 'java/lang/NoSuchMethodError'{0x0000000087227fd0}: static Lorg/gradle/internal/build/event/types/DefaultTaskSkippedResult;.<clinit>()V> (0x0000000087227fd0) 
thrown [s\open\src\hotspot\share\prims\jni.cpp, line 1104]
Event: 6.410 Thread 0x000001bf9f8fa680 Exception <a 'java/lang/NoSuchMethodError'{0x0000000087207918}: 'java.lang.Object java.lang.invoke.DirectMethodHandle$Holder.invokeInterface(java.lang.Object, java.lang.Object, int)'> (0x0000000087207918) 
thrown [s\open\src\hotspot\share\interpreter\linkResolver.cpp, line 766]
Event: 6.411 Thread 0x000001bf9f8fa680 Exception <a 'java/lang/NoSuchMethodError'{0x0000000087218090}: 'void java.lang.invoke.DirectMethodHandle$Holder.invokeStatic(java.lang.Object, java.lang.Object, java.lang.Object, int)'> (0x0000000087218090) 
thrown [s\open\src\hotspot\share\interpreter\linkResolver.cpp, line 766]
Event: 6.426 Thread 0x000001bf9f8fa680 Implicit null exception at 0x000001bf87dc9957 to 0x000001bf87dc9b18
Event: 6.429 Thread 0x000001bf9f8fa680 Exception <a 'java/lang/IncompatibleClassChangeError'{0x000000008711e178}: Found class java.lang.Object, but interface was expected> (0x000000008711e178) 
thrown [s\open\src\hotspot\share\interpreter\linkResolver.cpp, line 833]
Event: 6.444 Thread 0x000001bf9f8fa680 Exception <a 'java/lang/NoSuchMethodError'{0x00000000870c1a60}: 'int java.lang.invoke.DirectMethodHandle$Holder.invokeStaticInit(java.lang.Object, java.lang.Object, java.lang.Object, java.lang.Object, java.lang.Object)'> (0x00000000870c1a60) 
thrown [s\open\src\hotspot\share\interpreter\linkResolver.cpp, line 766]
Event: 6.509 Thread 0x000001bf9f8fa680 Exception <a 'java/lang/NoSuchMethodError'{0x0000000086bfba88}: 'void java.lang.invoke.DirectMethodHandle$Holder.invokeStatic(java.lang.Object, java.lang.Object, java.lang.Object, java.lang.Object, int, java.lang.Object, java.lang.Object)'> (0x0000000086bfba88) 
thrown [s\open\src\hotspot\share\interpreter\linkResolver.cpp, line 766]
Event: 6.526 Thread 0x000001bf9bf9e890 Exception <a 'java/lang/NoSuchMethodError'{0x000000008667d048}: 'java.lang.Object java.lang.invoke.DirectMethodHandle$Holder.invokeSpecialIFC(java.lang.Object, java.lang.Object, java.lang.Object)'> (0x000000008667d048) 
thrown [s\open\src\hotspot\share\interpreter\linkResolver.cpp, line 766]
Event: 6.526 Thread 0x000001bf9bf9fbd0 Exception <a 'java/lang/NoSuchMethodError'{0x000000008668a9c0}: 'java.lang.Object java.lang.invoke.DirectMethodHandle$Holder.invokeSpecialIFC(java.lang.Object, java.lang.Object, java.lang.Object)'> (0x000000008668a9c0) 
thrown [s\open\src\hotspot\share\interpreter\linkResolver.cpp, line 766]
Event: 6.526 Thread 0x000001bf9bf9c210 Exception <a 'java/lang/NoSuchMethodError'{0x0000000086656ab0}: 'java.lang.Object java.lang.invoke.DirectMethodHandle$Holder.invokeSpecialIFC(java.lang.Object, java.lang.Object, java.lang.Object)'> (0x0000000086656ab0) 
thrown [s\open\src\hotspot\share\interpreter\linkResolver.cpp, line 766]
Event: 6.526 Thread 0x000001bf9ed9efc0 Exception <a 'java/lang/NoSuchMethodError'{0x000000008669b9e8}: 'java.lang.Object java.lang.invoke.DirectMethodHandle$Holder.invokeSpecialIFC(java.lang.Object, java.lang.Object, java.lang.Object)'> (0x000000008669b9e8) 
thrown [s\open\src\hotspot\share\interpreter\linkResolver.cpp, line 766]
Event: 6.526 Thread 0x000001bf9eed5410 Exception <a 'java/lang/NoSuchMethodError'{0x0000000086671828}: 'java.lang.Object java.lang.invoke.DirectMethodHandle$Holder.invokeSpecialIFC(java.lang.Object, java.lang.Object, java.lang.Object)'> (0x0000000086671828) 
thrown [s\open\src\hotspot\share\interpreter\linkResolver.cpp, line 766]
Event: 6.526 Thread 0x000001bf9bf9d080 Exception <a 'java/lang/NoSuchMethodError'{0x00000000866647d0}: 'java.lang.Object java.lang.invoke.DirectMethodHandle$Holder.invokeSpecialIFC(java.lang.Object, java.lang.Object, java.lang.Object)'> (0x00000000866647d0) 
thrown [s\open\src\hotspot\share\interpreter\linkResolver.cpp, line 766]
Event: 6.526 Thread 0x000001bf9bf9ed60 Exception <a 'java/lang/NoSuchMethodError'{0x0000000086693f10}: 'java.lang.Object java.lang.invoke.DirectMethodHandle$Holder.invokeSpecialIFC(java.lang.Object, java.lang.Object, java.lang.Object)'> (0x0000000086693f10) 
thrown [s\open\src\hotspot\share\interpreter\linkResolver.cpp, line 766]
Event: 6.526 Thread 0x000001bf9ed9c940 Exception <a 'java/lang/NoSuchMethodError'{0x00000000866aaed0}: 'java.lang.Object java.lang.invoke.DirectMethodHandle$Holder.invokeSpecialIFC(java.lang.Object, java.lang.Object, java.lang.Object)'> (0x00000000866aaed0) 
thrown [s\open\src\hotspot\share\interpreter\linkResolver.cpp, line 766]

VM Operations (20 events):
Event: 6.276 Executing VM operation: G1CollectForAllocation done
Event: 6.326 Executing VM operation: HandshakeAllThreads
Event: 6.326 Executing VM operation: HandshakeAllThreads done
Event: 6.383 Executing VM operation: HandshakeAllThreads
Event: 6.383 Executing VM operation: HandshakeAllThreads done
Event: 6.392 Executing VM operation: HandshakeAllThreads
Event: 6.392 Executing VM operation: HandshakeAllThreads done
Event: 6.398 Executing VM operation: HandshakeAllThreads
Event: 6.399 Executing VM operation: HandshakeAllThreads done
Event: 6.401 Executing VM operation: HandshakeAllThreads
Event: 6.401 Executing VM operation: HandshakeAllThreads done
Event: 6.403 Executing VM operation: HandshakeAllThreads
Event: 6.403 Executing VM operation: HandshakeAllThreads done
Event: 6.426 Executing VM operation: HandshakeAllThreads
Event: 6.426 Executing VM operation: HandshakeAllThreads done
Event: 6.446 Executing VM operation: HandshakeAllThreads
Event: 6.446 Executing VM operation: HandshakeAllThreads done
Event: 6.460 Executing VM operation: ICBufferFull
Event: 6.460 Executing VM operation: ICBufferFull done
Event: 6.554 Executing VM operation: G1CollectForAllocation

Events (20 events):
Event: 6.453 Thread 0x000001bf95a07350 flushing nmethod 0x000001bf8132fc90
Event: 6.453 Thread 0x000001bf95a07350 flushing nmethod 0x000001bf81331810
Event: 6.453 Thread 0x000001bf95a07350 flushing nmethod 0x000001bf81332b90
Event: 6.453 Thread 0x000001bf95a07350 flushing nmethod 0x000001bf81333090
Event: 6.453 Thread 0x000001bf95a07350 flushing nmethod 0x000001bf81371290
Event: 6.453 Thread 0x000001bf95a07350 flushing nmethod 0x000001bf81372b90
Event: 6.453 Thread 0x000001bf95a07350 flushing nmethod 0x000001bf813da510
Event: 6.453 Thread 0x000001bf95a07350 flushing nmethod 0x000001bf813da890
Event: 6.453 Thread 0x000001bf95a07350 flushing nmethod 0x000001bf813f0890
Event: 6.453 Thread 0x000001bf95a07350 flushing nmethod 0x000001bf8143e690
Event: 6.453 Thread 0x000001bf95a07350 flushing nmethod 0x000001bf8143eb10
Event: 6.453 Thread 0x000001bf95a07350 flushing nmethod 0x000001bf8143f290
Event: 6.453 Thread 0x000001bf95a07350 flushing nmethod 0x000001bf81497290
Event: 6.454 Thread 0x000001bf95a07350 flushing nmethod 0x000001bf814f0410
Event: 6.454 Thread 0x000001bf95a07350 flushing nmethod 0x000001bf814f3390
Event: 6.454 Thread 0x000001bf95a07350 flushing nmethod 0x000001bf814f4410
Event: 6.454 Thread 0x000001bf95a07350 flushing nmethod 0x000001bf814fa290
Event: 6.454 Thread 0x000001bf95a07350 flushing nmethod 0x000001bf814faa90
Event: 6.454 Thread 0x000001bf95a07350 flushing nmethod 0x000001bf814fbc10
Event: 6.454 Thread 0x000001bf95a07350 flushing nmethod 0x000001bf81508510


Dynamic libraries:
0x00007ff6de1f0000 - 0x00007ff6de200000 	C:\Program Files\Java\jdk-18.0.1.1\bin\java.exe
0x00007ff9074c0000 - 0x00007ff9076c9000 	C:\WINDOWS\SYSTEM32\ntdll.dll
0x00007ff9058e0000 - 0x00007ff90599d000 	C:\WINDOWS\System32\KERNEL32.DLL
0x00007ff904c60000 - 0x00007ff904fd9000 	C:\WINDOWS\System32\KERNELBASE.dll
0x00007ff904b40000 - 0x00007ff904c51000 	C:\WINDOWS\System32\ucrtbase.dll
0x00007ff8e00f0000 - 0x00007ff8e0108000 	C:\Program Files\Java\jdk-18.0.1.1\bin\jli.dll
0x00007ff8e0110000 - 0x00007ff8e012a000 	C:\Program Files\Java\jdk-18.0.1.1\bin\VCRUNTIME140.dll
0x00007ff9059a0000 - 0x00007ff905a4e000 	C:\WINDOWS\System32\ADVAPI32.dll
0x00007ff905a50000 - 0x00007ff905af3000 	C:\WINDOWS\System32\msvcrt.dll
0x00007ff9069b0000 - 0x00007ff906a4e000 	C:\WINDOWS\System32\sechost.dll
0x00007ff905bf0000 - 0x00007ff905d10000 	C:\WINDOWS\System32\RPCRT4.dll
0x00007ff9070a0000 - 0x00007ff90724c000 	C:\WINDOWS\System32\USER32.dll
0x00007ff9049a0000 - 0x00007ff9049c6000 	C:\WINDOWS\System32\win32u.dll
0x00007ff8dc600000 - 0x00007ff8dc8a5000 	C:\WINDOWS\WinSxS\amd64_microsoft.windows.common-controls_6595b64144ccf1df_6.0.22000.120_none_9d947278b86cc467\COMCTL32.dll
0x00007ff907340000 - 0x00007ff907369000 	C:\WINDOWS\System32\GDI32.dll
0x00007ff9051b0000 - 0x00007ff9052c2000 	C:\WINDOWS\System32\gdi32full.dll
0x00007ff905050000 - 0x00007ff9050ed000 	C:\WINDOWS\System32\msvcp_win.dll
0x00007ff8ff2c0000 - 0x00007ff8ff2ca000 	C:\WINDOWS\SYSTEM32\VERSION.dll
0x00007ff907370000 - 0x00007ff9073a1000 	C:\WINDOWS\System32\IMM32.DLL
0x00007ff900ea0000 - 0x00007ff900eac000 	C:\Program Files\Java\jdk-18.0.1.1\bin\vcruntime140_1.dll
0x00007ff8ce880000 - 0x00007ff8ce90d000 	C:\Program Files\Java\jdk-18.0.1.1\bin\msvcp140.dll
0x00007ff887c10000 - 0x00007ff888820000 	C:\Program Files\Java\jdk-18.0.1.1\bin\server\jvm.dll
0x00007ff907330000 - 0x00007ff907338000 	C:\WINDOWS\System32\PSAPI.DLL
0x00007ff8ff360000 - 0x00007ff8ff393000 	C:\WINDOWS\SYSTEM32\WINMM.dll
0x00007ff8bec00000 - 0x00007ff8bec09000 	C:\WINDOWS\SYSTEM32\WSOCK32.dll
0x00007ff906a50000 - 0x00007ff906abf000 	C:\WINDOWS\System32\WS2_32.dll
0x00007ff903b90000 - 0x00007ff903ba8000 	C:\WINDOWS\SYSTEM32\kernel.appcore.dll
0x00007ff900e10000 - 0x00007ff900e1a000 	C:\Program Files\Java\jdk-18.0.1.1\bin\jimage.dll
0x00007ff9024f0000 - 0x00007ff902711000 	C:\WINDOWS\SYSTEM32\DBGHELP.DLL
0x00007ff8fa780000 - 0x00007ff8fa7b1000 	C:\WINDOWS\SYSTEM32\dbgcore.DLL
0x00007ff9052d0000 - 0x00007ff90534f000 	C:\WINDOWS\System32\bcryptPrimitives.dll
0x00007ff8e0050000 - 0x00007ff8e0075000 	C:\Program Files\Java\jdk-18.0.1.1\bin\java.dll
0x00007ff8b8bb0000 - 0x00007ff8b8c86000 	C:\Program Files\Java\jdk-18.0.1.1\bin\jsvml.dll
0x00007ff905ed0000 - 0x00007ff906688000 	C:\WINDOWS\System32\SHELL32.dll
0x00007ff902b20000 - 0x00007ff903388000 	C:\WINDOWS\SYSTEM32\windows.storage.dll
0x00007ff905560000 - 0x00007ff9058d9000 	C:\WINDOWS\System32\combase.dll
0x00007ff9029b0000 - 0x00007ff902b16000 	C:\WINDOWS\SYSTEM32\wintypes.dll
0x00007ff9068c0000 - 0x00007ff9069aa000 	C:\WINDOWS\System32\SHCORE.dll
0x00007ff905490000 - 0x00007ff9054ed000 	C:\WINDOWS\System32\shlwapi.dll
0x00007ff9048d0000 - 0x00007ff9048f1000 	C:\WINDOWS\SYSTEM32\profapi.dll
0x00007ff8e0090000 - 0x00007ff8e00a3000 	C:\Program Files\Java\jdk-18.0.1.1\bin\net.dll
0x00007ff8ff160000 - 0x00007ff8ff26c000 	C:\WINDOWS\SYSTEM32\WINHTTP.dll
0x00007ff903fc0000 - 0x00007ff904027000 	C:\WINDOWS\system32\mswsock.dll
0x00007ff8e0030000 - 0x00007ff8e0046000 	C:\Program Files\Java\jdk-18.0.1.1\bin\nio.dll
0x00007ff8dc030000 - 0x00007ff8dc048000 	C:\Program Files\Java\jdk-18.0.1.1\bin\zip.dll
0x00007ff900e20000 - 0x00007ff900e30000 	C:\Program Files\Java\jdk-18.0.1.1\bin\verify.dll
0x00007ff8ce790000 - 0x00007ff8ce7b7000 	C:\Program Files\Java\jre1.8.0_333\native\e1d6ef7f7dcc3fd88c89a11ec53ec762bb8ba0a96d01ffa2cd45eb1d1d8dd5c5\windows-amd64\native-platform.dll
0x00007ff8b8c90000 - 0x00007ff8b8dd4000 	C:\Program Files\Java\jre1.8.0_333\native\5664cfc778a61ccfe75a443a1ab52a65af34e5dc3c78e0209fed803814484fcb\windows-amd64\native-platform-file-events.dll
0x00007ff900e40000 - 0x00007ff900e49000 	C:\Program Files\Java\jdk-18.0.1.1\bin\management.dll
0x00007ff900e30000 - 0x00007ff900e3b000 	C:\Program Files\Java\jdk-18.0.1.1\bin\management_ext.dll
0x00007ff904200000 - 0x00007ff904218000 	C:\WINDOWS\SYSTEM32\CRYPTSP.dll
0x00007ff903af0000 - 0x00007ff903b25000 	C:\WINDOWS\system32\rsaenh.dll
0x00007ff9040b0000 - 0x00007ff9040d9000 	C:\WINDOWS\SYSTEM32\USERENV.dll
0x00007ff904380000 - 0x00007ff9043a7000 	C:\WINDOWS\SYSTEM32\bcrypt.dll
0x00007ff904220000 - 0x00007ff90422c000 	C:\WINDOWS\SYSTEM32\CRYPTBASE.dll
0x00007ff9036c0000 - 0x00007ff9036ed000 	C:\WINDOWS\SYSTEM32\IPHLPAPI.DLL
0x00007ff906710000 - 0x00007ff906719000 	C:\WINDOWS\System32\NSI.dll
0x00007ff8ff2e0000 - 0x00007ff8ff2f9000 	C:\WINDOWS\SYSTEM32\dhcpcsvc6.DLL
0x00007ff8ff4a0000 - 0x00007ff8ff4be000 	C:\WINDOWS\SYSTEM32\dhcpcsvc.DLL
0x00007ff9036f0000 - 0x00007ff9037d8000 	C:\WINDOWS\SYSTEM32\DNSAPI.dll

dbghelp: loaded successfully - version: 4.0.5 - missing functions: none
symbol engine: initialized successfully - sym options: 0x614 - pdb path: .;C:\Program Files\Java\jdk-18.0.1.1\bin;C:\WINDOWS\SYSTEM32;C:\WINDOWS\WinSxS\amd64_microsoft.windows.common-controls_6595b64144ccf1df_6.0.22000.120_none_9d947278b86cc467;C:\Program Files\Java\jdk-18.0.1.1\bin\server;C:\Program Files\Java\jre1.8.0_333\native\e1d6ef7f7dcc3fd88c89a11ec53ec762bb8ba0a96d01ffa2cd45eb1d1d8dd5c5\windows-amd64;C:\Program Files\Java\jre1.8.0_333\native\5664cfc778a61ccfe75a443a1ab52a65af34e5dc3c78e0209fed803814484fcb\windows-amd64

VM Arguments:
jvm_args: --add-opens=java.base/java.util=ALL-UNNAMED --add-opens=java.base/java.lang=ALL-UNNAMED --add-opens=java.base/java.lang.invoke=ALL-UNNAMED --add-opens=java.base/java.util=ALL-UNNAMED --add-opens=java.prefs/java.util.prefs=ALL-UNNAMED --add-opens=java.prefs/java.util.prefs=ALL-UNNAMED --add-opens=java.base/java.nio.charset=ALL-UNNAMED --add-opens=java.base/java.net=ALL-UNNAMED --add-opens=java.base/java.util.concurrent.atomic=ALL-UNNAMED -Xmx2048m -Dfile.encoding=UTF-8 -Duser.country=US -Duser.language=en -Duser.variant 
java_command: org.gradle.launcher.daemon.bootstrap.GradleDaemon 7.3.3
java_class_path (initial): C:\Program Files\Java\jre1.8.0_333\wrapper\dists\gradle-7.3.3-bin\6a41zxkdtcxs8rphpq6y0069z\gradle-7.3.3\lib\gradle-launcher-7.3.3.jar
Launcher Type: SUN_STANDARD

[Global flags]
     intx CICompilerCount                          = 4                                         {product} {ergonomic}
     uint ConcGCThreads                            = 2                                         {product} {ergonomic}
     uint G1ConcRefinementThreads                  = 8                                         {product} {ergonomic}
   size_t G1HeapRegionSize                         = 1048576                                   {product} {ergonomic}
    uintx GCDrainStackTargetSize                   = 64                                        {product} {ergonomic}
   size_t InitialHeapSize                          = 132120576                                 {product} {ergonomic}
   size_t MarkStackSize                            = 4194304                                   {product} {ergonomic}
   size_t MaxHeapSize                              = 2147483648                                {product} {command line}
   size_t MaxNewSize                               = 1287651328                                {product} {ergonomic}
   size_t MinHeapDeltaBytes                        = 1048576                                   {product} {ergonomic}
   size_t MinHeapSize                              = 8388608                                   {product} {ergonomic}
    uintx NonNMethodCodeHeapSize                   = 5839372                                {pd product} {ergonomic}
    uintx NonProfiledCodeHeapSize                  = 122909434                              {pd product} {ergonomic}
    uintx ProfiledCodeHeapSize                     = 122909434                              {pd product} {ergonomic}
    uintx ReservedCodeCacheSize                    = 251658240                              {pd product} {ergonomic}
     bool SegmentedCodeCache                       = true                                      {product} {ergonomic}
   size_t SoftMaxHeapSize                          = 2147483648                             {manageable} {ergonomic}
     bool UseCompressedClassPointers               = true                           {product lp64_product} {ergonomic}
     bool UseCompressedOops                        = true                           {product lp64_product} {ergonomic}
     bool UseG1GC                                  = true                                      {product} {ergonomic}
     bool UseLargePagesIndividualAllocation        = false                                  {pd product} {ergonomic}

Logging:
Log output configuration:
 #0: stdout all=warning uptime,level,tags foldmultilines=false
 #1: stderr all=off uptime,level,tags foldmultilines=false

Environment Variables:
JAVA_HOME=C:\Program Files\Java\jdk-18.0.1.1
PATH=C:\Program Files\Common Files\Oracle\Java\javapath;C:\Windows\system32;C:\Windows;C:\Windows\System32\Wbem;C:\Windows\System32\WindowsPowerShell\v1.0\;C:\Windows\System32\OpenSSH\;C:\Program Files (x86)\NVIDIA Corporation\PhysX\Common;C:\Program Files\NVIDIA Corporation\NVIDIA NvDLISR;F:\Git\cmd;C:\WINDOWS\system32;C:\WINDOWS;C:\WINDOWS\System32\Wbem;C:\WINDOWS\System32\WindowsPowerShell\v1.0\;C:\WINDOWS\System32\OpenSSH\;C:\Program Files\Java\jdk-18.0.1.1\bin;C:\Program Files\Java\jdk-18.0.1.1\bin;D:\flutter\bin;C:\Program Files\JetBrains\IntelliJ IDEA Community Edition 2021.3.2\bin;;C:\Users\NoteBook TANDIS\AppData\Local\Microsoft\WindowsApps;dart-sdk;;C:\Users\NoteBook TANDIS\AppData\Local\Programs\Microsoft VS Code\bin
USERNAME=NoteBook TANDIS
OS=Windows_NT
PROCESSOR_IDENTIFIER=Intel64 Family 6 Model 165 Stepping 2, GenuineIntel



---------------  S Y S T E M  ---------------

OS:
 Windows 11 , 64 bit Build 22000 (10.0.22000.708)
OS uptime: 0 days 1:42 hours

CPU: total 8 (initial active 8) (4 cores per cpu, 2 threads per core) family 6 model 165 stepping 2 microcode 0xea, cx8, cmov, fxsr, ht, mmx, 3dnowpref, sse, sse2, sse3, ssse3, sse4.1, sse4.2, popcnt, lzcnt, tsc, tscinvbit, avx, avx2, aes, erms, clmul, bmi1, bmi2, adx, fma, vzeroupper, clflush, clflushopt

Memory: 4k page, system-wide physical 8023M (523M free)
TotalPageFile size 11023M (AvailPageFile size 65M)
current process WorkingSet (physical memory assigned to process): 384M, peak: 384M
current process commit charge ("private bytes"): 468M, peak: 555M

vm_info: Java HotSpot(TM) 64-Bit Server VM (18.0.1.1+2-6) for windows-amd64 JRE (18.0.1.1+2-6), built on Apr 25 2022 21:53:15 by "mach5one" with MS VC++ 16.8 / 16.9 (VS2019)

END.
